Training new model from scratch......
--------------------------
Training with SEPN
--------------------------

Current training epoch: 1, learning rate for pnn: 0.001, 
| epoch = 1 | step =    10 | loss_pnn = 2.293 | loss_cn = 0.00000000 | acc_sim = 0.355 | acc_phy = 0.111 
| epoch = 1 | step =    20 | loss_pnn = 2.266 | loss_cn = 0.00000000 | acc_sim = 0.441 | acc_phy = 0.167 
| epoch = 1 | step =    30 | loss_pnn = 2.244 | loss_cn = 0.00000000 | acc_sim = 0.492 | acc_phy = 0.204 
| epoch = 1 | step =    40 | loss_pnn = 2.225 | loss_cn = 0.00000000 | acc_sim = 0.534 | acc_phy = 0.238 
| epoch = 1 | step =    50 | loss_pnn = 2.209 | loss_cn = 0.00000000 | acc_sim = 0.563 | acc_phy = 0.263 
| epoch = 1 | step =    60 | loss_pnn = 2.195 | loss_cn = 0.00000000 | acc_sim = 0.588 | acc_phy = 0.285 
| epoch = 1 | step =    70 | loss_pnn = 2.183 | loss_cn = 0.00000000 | acc_sim = 0.609 | acc_phy = 0.305 
| epoch = 1 | step =    80 | loss_pnn = 2.172 | loss_cn = 0.00000000 | acc_sim = 0.626 | acc_phy = 0.324 
| epoch = 1 | step =    90 | loss_pnn = 2.162 | loss_cn = 0.00000000 | acc_sim = 0.641 | acc_phy = 0.339 
| epoch = 1 | step =   100 | loss_pnn = 2.153 | loss_cn = 0.00000000 | acc_sim = 0.654 | acc_phy = 0.354 
| epoch = 1 | step =   110 | loss_pnn = 2.144 | loss_cn = 0.00000000 | acc_sim = 0.665 | acc_phy = 0.367 
| epoch = 1 | step =   120 | loss_pnn = 2.135 | loss_cn = 0.00000000 | acc_sim = 0.675 | acc_phy = 0.380 
Phy accuracy of the network on 10000 test images: 0.528


Current training epoch: 2, learning rate for pnn: 0.001, 
| epoch = 2 | step =    10 | loss_pnn = 2.026 | loss_cn = 0.00000000 | acc_sim = 0.788 | acc_phy = 0.541 
| epoch = 2 | step =    20 | loss_pnn = 2.017 | loss_cn = 0.00000000 | acc_sim = 0.788 | acc_phy = 0.557 
| epoch = 2 | step =    30 | loss_pnn = 2.014 | loss_cn = 0.00000000 | acc_sim = 0.791 | acc_phy = 0.559 
| epoch = 2 | step =    40 | loss_pnn = 2.008 | loss_cn = 0.00000000 | acc_sim = 0.793 | acc_phy = 0.570 
| epoch = 2 | step =    50 | loss_pnn = 2.007 | loss_cn = 0.00000000 | acc_sim = 0.795 | acc_phy = 0.575 
| epoch = 2 | step =    60 | loss_pnn = 2.003 | loss_cn = 0.00000000 | acc_sim = 0.795 | acc_phy = 0.580 
| epoch = 2 | step =    70 | loss_pnn = 1.999 | loss_cn = 0.00000000 | acc_sim = 0.796 | acc_phy = 0.586 
| epoch = 2 | step =    80 | loss_pnn = 1.997 | loss_cn = 0.00000000 | acc_sim = 0.797 | acc_phy = 0.589 
| epoch = 2 | step =    90 | loss_pnn = 1.995 | loss_cn = 0.00000000 | acc_sim = 0.798 | acc_phy = 0.593 
| epoch = 2 | step =   100 | loss_pnn = 1.992 | loss_cn = 0.00000000 | acc_sim = 0.798 | acc_phy = 0.597 
| epoch = 2 | step =   110 | loss_pnn = 1.990 | loss_cn = 0.00000000 | acc_sim = 0.800 | acc_phy = 0.601 
| epoch = 2 | step =   120 | loss_pnn = 1.988 | loss_cn = 0.00000000 | acc_sim = 0.801 | acc_phy = 0.604 
Phy accuracy of the network on 10000 test images: 0.638


Current training epoch: 3, learning rate for pnn: 0.001, 
| epoch = 3 | step =    10 | loss_pnn = 1.956 | loss_cn = 0.00000000 | acc_sim = 0.821 | acc_phy = 0.656 
| epoch = 3 | step =    20 | loss_pnn = 1.959 | loss_cn = 0.00000000 | acc_sim = 0.823 | acc_phy = 0.645 
| epoch = 3 | step =    30 | loss_pnn = 1.957 | loss_cn = 0.00000000 | acc_sim = 0.820 | acc_phy = 0.647 
| epoch = 3 | step =    40 | loss_pnn = 1.954 | loss_cn = 0.00000000 | acc_sim = 0.821 | acc_phy = 0.648 
| epoch = 3 | step =    50 | loss_pnn = 1.953 | loss_cn = 0.00000000 | acc_sim = 0.821 | acc_phy = 0.650 
| epoch = 3 | step =    60 | loss_pnn = 1.952 | loss_cn = 0.00000000 | acc_sim = 0.822 | acc_phy = 0.650 
| epoch = 3 | step =    70 | loss_pnn = 1.952 | loss_cn = 0.00000000 | acc_sim = 0.821 | acc_phy = 0.650 
| epoch = 3 | step =    80 | loss_pnn = 1.951 | loss_cn = 0.00000000 | acc_sim = 0.821 | acc_phy = 0.650 
| epoch = 3 | step =    90 | loss_pnn = 1.949 | loss_cn = 0.00000000 | acc_sim = 0.820 | acc_phy = 0.649 
| epoch = 3 | step =   100 | loss_pnn = 1.949 | loss_cn = 0.00000000 | acc_sim = 0.821 | acc_phy = 0.649 
| epoch = 3 | step =   110 | loss_pnn = 1.947 | loss_cn = 0.00000000 | acc_sim = 0.821 | acc_phy = 0.649 
| epoch = 3 | step =   120 | loss_pnn = 1.946 | loss_cn = 0.00000000 | acc_sim = 0.821 | acc_phy = 0.649 
Phy accuracy of the network on 10000 test images: 0.654


Current training epoch: 4, learning rate for pnn: 0.001, 
| epoch = 4 | step =    10 | loss_pnn = 1.929 | loss_cn = 0.00000000 | acc_sim = 0.828 | acc_phy = 0.653 
| epoch = 4 | step =    20 | loss_pnn = 1.930 | loss_cn = 0.00000000 | acc_sim = 0.828 | acc_phy = 0.654 
| epoch = 4 | step =    30 | loss_pnn = 1.934 | loss_cn = 0.00000000 | acc_sim = 0.826 | acc_phy = 0.649 
| epoch = 4 | step =    40 | loss_pnn = 1.936 | loss_cn = 0.00000000 | acc_sim = 0.825 | acc_phy = 0.643 
| epoch = 4 | step =    50 | loss_pnn = 1.934 | loss_cn = 0.00000000 | acc_sim = 0.827 | acc_phy = 0.643 
| epoch = 4 | step =    60 | loss_pnn = 1.934 | loss_cn = 0.00000000 | acc_sim = 0.828 | acc_phy = 0.644 
| epoch = 4 | step =    70 | loss_pnn = 1.933 | loss_cn = 0.00000000 | acc_sim = 0.828 | acc_phy = 0.644 
| epoch = 4 | step =    80 | loss_pnn = 1.932 | loss_cn = 0.00000000 | acc_sim = 0.827 | acc_phy = 0.644 
| epoch = 4 | step =    90 | loss_pnn = 1.931 | loss_cn = 0.00000000 | acc_sim = 0.828 | acc_phy = 0.643 
| epoch = 4 | step =   100 | loss_pnn = 1.930 | loss_cn = 0.00000000 | acc_sim = 0.828 | acc_phy = 0.645 
| epoch = 4 | step =   110 | loss_pnn = 1.931 | loss_cn = 0.00000000 | acc_sim = 0.828 | acc_phy = 0.643 
| epoch = 4 | step =   120 | loss_pnn = 1.929 | loss_cn = 0.00000000 | acc_sim = 0.829 | acc_phy = 0.644 
Phy accuracy of the network on 10000 test images: 0.635


Current training epoch: 5, learning rate for pnn: 0.001, 
| epoch = 5 | step =    10 | loss_pnn = 1.926 | loss_cn = 0.00000000 | acc_sim = 0.837 | acc_phy = 0.636 
| epoch = 5 | step =    20 | loss_pnn = 1.926 | loss_cn = 0.00000000 | acc_sim = 0.838 | acc_phy = 0.633 
| epoch = 5 | step =    30 | loss_pnn = 1.924 | loss_cn = 0.00000000 | acc_sim = 0.837 | acc_phy = 0.632 
| epoch = 5 | step =    40 | loss_pnn = 1.924 | loss_cn = 0.00000000 | acc_sim = 0.837 | acc_phy = 0.634 
| epoch = 5 | step =    50 | loss_pnn = 1.926 | loss_cn = 0.00000000 | acc_sim = 0.835 | acc_phy = 0.631 
| epoch = 5 | step =    60 | loss_pnn = 1.926 | loss_cn = 0.00000000 | acc_sim = 0.834 | acc_phy = 0.632 
| epoch = 5 | step =    70 | loss_pnn = 1.925 | loss_cn = 0.00000000 | acc_sim = 0.835 | acc_phy = 0.631 
| epoch = 5 | step =    80 | loss_pnn = 1.925 | loss_cn = 0.00000000 | acc_sim = 0.836 | acc_phy = 0.629 
| epoch = 5 | step =    90 | loss_pnn = 1.926 | loss_cn = 0.00000000 | acc_sim = 0.836 | acc_phy = 0.629 
| epoch = 5 | step =   100 | loss_pnn = 1.925 | loss_cn = 0.00000000 | acc_sim = 0.836 | acc_phy = 0.630 
| epoch = 5 | step =   110 | loss_pnn = 1.926 | loss_cn = 0.00000000 | acc_sim = 0.836 | acc_phy = 0.626 
| epoch = 5 | step =   120 | loss_pnn = 1.927 | loss_cn = 0.00000000 | acc_sim = 0.836 | acc_phy = 0.626 
Phy accuracy of the network on 10000 test images: 0.610


Current training epoch: 6, learning rate for pnn: 0.001, 
| epoch = 6 | step =    10 | loss_pnn = 1.923 | loss_cn = 0.00000000 | acc_sim = 0.841 | acc_phy = 0.622 
| epoch = 6 | step =    20 | loss_pnn = 1.925 | loss_cn = 0.00000000 | acc_sim = 0.841 | acc_phy = 0.619 
| epoch = 6 | step =    30 | loss_pnn = 1.929 | loss_cn = 0.00000000 | acc_sim = 0.840 | acc_phy = 0.610 
| epoch = 6 | step =    40 | loss_pnn = 1.928 | loss_cn = 0.00000000 | acc_sim = 0.840 | acc_phy = 0.611 
| epoch = 6 | step =    50 | loss_pnn = 1.927 | loss_cn = 0.00000000 | acc_sim = 0.840 | acc_phy = 0.615 
| epoch = 6 | step =    60 | loss_pnn = 1.927 | loss_cn = 0.00000000 | acc_sim = 0.840 | acc_phy = 0.616 
| epoch = 6 | step =    70 | loss_pnn = 1.925 | loss_cn = 0.00000000 | acc_sim = 0.841 | acc_phy = 0.618 
| epoch = 6 | step =    80 | loss_pnn = 1.926 | loss_cn = 0.00000000 | acc_sim = 0.841 | acc_phy = 0.615 
| epoch = 6 | step =    90 | loss_pnn = 1.925 | loss_cn = 0.00000000 | acc_sim = 0.841 | acc_phy = 0.616 
| epoch = 6 | step =   100 | loss_pnn = 1.925 | loss_cn = 0.00000000 | acc_sim = 0.841 | acc_phy = 0.617 
| epoch = 6 | step =   110 | loss_pnn = 1.926 | loss_cn = 0.00000000 | acc_sim = 0.840 | acc_phy = 0.614 
| epoch = 6 | step =   120 | loss_pnn = 1.924 | loss_cn = 0.00000000 | acc_sim = 0.841 | acc_phy = 0.615 
Phy accuracy of the network on 10000 test images: 0.593


Current training epoch: 7, learning rate for pnn: 0.001, 
| epoch = 7 | step =    10 | loss_pnn = 1.926 | loss_cn = 0.00000000 | acc_sim = 0.838 | acc_phy = 0.608 
| epoch = 7 | step =    20 | loss_pnn = 1.927 | loss_cn = 0.00000000 | acc_sim = 0.842 | acc_phy = 0.605 
| epoch = 7 | step =    30 | loss_pnn = 1.928 | loss_cn = 0.00000000 | acc_sim = 0.841 | acc_phy = 0.604 
| epoch = 7 | step =    40 | loss_pnn = 1.929 | loss_cn = 0.00000000 | acc_sim = 0.841 | acc_phy = 0.601 
| epoch = 7 | step =    50 | loss_pnn = 1.929 | loss_cn = 0.00000000 | acc_sim = 0.841 | acc_phy = 0.601 
| epoch = 7 | step =    60 | loss_pnn = 1.928 | loss_cn = 0.00000000 | acc_sim = 0.841 | acc_phy = 0.603 
| epoch = 7 | step =    70 | loss_pnn = 1.928 | loss_cn = 0.00000000 | acc_sim = 0.842 | acc_phy = 0.602 
| epoch = 7 | step =    80 | loss_pnn = 1.927 | loss_cn = 0.00000000 | acc_sim = 0.842 | acc_phy = 0.602 
| epoch = 7 | step =    90 | loss_pnn = 1.927 | loss_cn = 0.00000000 | acc_sim = 0.843 | acc_phy = 0.602 
| epoch = 7 | step =   100 | loss_pnn = 1.927 | loss_cn = 0.00000000 | acc_sim = 0.843 | acc_phy = 0.601 
| epoch = 7 | step =   110 | loss_pnn = 1.926 | loss_cn = 0.00000000 | acc_sim = 0.844 | acc_phy = 0.602 
| epoch = 7 | step =   120 | loss_pnn = 1.925 | loss_cn = 0.00000000 | acc_sim = 0.843 | acc_phy = 0.602 
Phy accuracy of the network on 10000 test images: 0.597


Current training epoch: 8, learning rate for pnn: 0.001, 
| epoch = 8 | step =    10 | loss_pnn = 1.916 | loss_cn = 0.00000000 | acc_sim = 0.852 | acc_phy = 0.615 
| epoch = 8 | step =    20 | loss_pnn = 1.918 | loss_cn = 0.00000000 | acc_sim = 0.849 | acc_phy = 0.609 
| epoch = 8 | step =    30 | loss_pnn = 1.919 | loss_cn = 0.00000000 | acc_sim = 0.850 | acc_phy = 0.609 
| epoch = 8 | step =    40 | loss_pnn = 1.923 | loss_cn = 0.00000000 | acc_sim = 0.848 | acc_phy = 0.603 
| epoch = 8 | step =    50 | loss_pnn = 1.923 | loss_cn = 0.00000000 | acc_sim = 0.849 | acc_phy = 0.600 
| epoch = 8 | step =    60 | loss_pnn = 1.922 | loss_cn = 0.00000000 | acc_sim = 0.848 | acc_phy = 0.602 
| epoch = 8 | step =    70 | loss_pnn = 1.920 | loss_cn = 0.00000000 | acc_sim = 0.848 | acc_phy = 0.603 
| epoch = 8 | step =    80 | loss_pnn = 1.921 | loss_cn = 0.00000000 | acc_sim = 0.847 | acc_phy = 0.603 
| epoch = 8 | step =    90 | loss_pnn = 1.921 | loss_cn = 0.00000000 | acc_sim = 0.847 | acc_phy = 0.602 
| epoch = 8 | step =   100 | loss_pnn = 1.920 | loss_cn = 0.00000000 | acc_sim = 0.847 | acc_phy = 0.602 
| epoch = 8 | step =   110 | loss_pnn = 1.919 | loss_cn = 0.00000000 | acc_sim = 0.847 | acc_phy = 0.603 
| epoch = 8 | step =   120 | loss_pnn = 1.919 | loss_cn = 0.00000000 | acc_sim = 0.847 | acc_phy = 0.603 
Phy accuracy of the network on 10000 test images: 0.596


Current training epoch: 9, learning rate for pnn: 0.001, 
| epoch = 9 | step =    10 | loss_pnn = 1.922 | loss_cn = 0.00000000 | acc_sim = 0.843 | acc_phy = 0.598 
| epoch = 9 | step =    20 | loss_pnn = 1.916 | loss_cn = 0.00000000 | acc_sim = 0.845 | acc_phy = 0.603 
| epoch = 9 | step =    30 | loss_pnn = 1.917 | loss_cn = 0.00000000 | acc_sim = 0.848 | acc_phy = 0.605 
| epoch = 9 | step =    40 | loss_pnn = 1.916 | loss_cn = 0.00000000 | acc_sim = 0.848 | acc_phy = 0.606 
| epoch = 9 | step =    50 | loss_pnn = 1.915 | loss_cn = 0.00000000 | acc_sim = 0.850 | acc_phy = 0.606 
| epoch = 9 | step =    60 | loss_pnn = 1.915 | loss_cn = 0.00000000 | acc_sim = 0.852 | acc_phy = 0.606 
| epoch = 9 | step =    70 | loss_pnn = 1.916 | loss_cn = 0.00000000 | acc_sim = 0.852 | acc_phy = 0.603 
| epoch = 9 | step =    80 | loss_pnn = 1.916 | loss_cn = 0.00000000 | acc_sim = 0.852 | acc_phy = 0.603 
| epoch = 9 | step =    90 | loss_pnn = 1.917 | loss_cn = 0.00000000 | acc_sim = 0.851 | acc_phy = 0.602 
| epoch = 9 | step =   100 | loss_pnn = 1.918 | loss_cn = 0.00000000 | acc_sim = 0.851 | acc_phy = 0.601 
| epoch = 9 | step =   110 | loss_pnn = 1.918 | loss_cn = 0.00000000 | acc_sim = 0.851 | acc_phy = 0.600 
| epoch = 9 | step =   120 | loss_pnn = 1.918 | loss_cn = 0.00000000 | acc_sim = 0.851 | acc_phy = 0.600 
Phy accuracy of the network on 10000 test images: 0.589


Current training epoch: 10, learning rate for pnn: 0.001, 
| epoch = 10 | step =    10 | loss_pnn = 1.921 | loss_cn = 0.00000000 | acc_sim = 0.850 | acc_phy = 0.588 
| epoch = 10 | step =    20 | loss_pnn = 1.916 | loss_cn = 0.00000000 | acc_sim = 0.851 | acc_phy = 0.592 
| epoch = 10 | step =    30 | loss_pnn = 1.914 | loss_cn = 0.00000000 | acc_sim = 0.853 | acc_phy = 0.598 
| epoch = 10 | step =    40 | loss_pnn = 1.912 | loss_cn = 0.00000000 | acc_sim = 0.850 | acc_phy = 0.600 
| epoch = 10 | step =    50 | loss_pnn = 1.910 | loss_cn = 0.00000000 | acc_sim = 0.850 | acc_phy = 0.603 
| epoch = 10 | step =    60 | loss_pnn = 1.909 | loss_cn = 0.00000000 | acc_sim = 0.850 | acc_phy = 0.603 
| epoch = 10 | step =    70 | loss_pnn = 1.909 | loss_cn = 0.00000000 | acc_sim = 0.852 | acc_phy = 0.603 
| epoch = 10 | step =    80 | loss_pnn = 1.909 | loss_cn = 0.00000000 | acc_sim = 0.851 | acc_phy = 0.604 
| epoch = 10 | step =    90 | loss_pnn = 1.911 | loss_cn = 0.00000000 | acc_sim = 0.851 | acc_phy = 0.604 
| epoch = 10 | step =   100 | loss_pnn = 1.911 | loss_cn = 0.00000000 | acc_sim = 0.851 | acc_phy = 0.603 
| epoch = 10 | step =   110 | loss_pnn = 1.911 | loss_cn = 0.00000000 | acc_sim = 0.852 | acc_phy = 0.602 
| epoch = 10 | step =   120 | loss_pnn = 1.912 | loss_cn = 0.00000000 | acc_sim = 0.852 | acc_phy = 0.602 
Phy accuracy of the network on 10000 test images: 0.584


Current training epoch: 11, learning rate for pnn: 0.0005, 
| epoch = 11 | step =    10 | loss_pnn = 1.919 | loss_cn = 0.00000000 | acc_sim = 0.853 | acc_phy = 0.588 
| epoch = 11 | step =    20 | loss_pnn = 1.918 | loss_cn = 0.00000000 | acc_sim = 0.855 | acc_phy = 0.590 
| epoch = 11 | step =    30 | loss_pnn = 1.918 | loss_cn = 0.00000000 | acc_sim = 0.853 | acc_phy = 0.589 
| epoch = 11 | step =    40 | loss_pnn = 1.917 | loss_cn = 0.00000000 | acc_sim = 0.855 | acc_phy = 0.590 
| epoch = 11 | step =    50 | loss_pnn = 1.914 | loss_cn = 0.00000000 | acc_sim = 0.855 | acc_phy = 0.595 
| epoch = 11 | step =    60 | loss_pnn = 1.912 | loss_cn = 0.00000000 | acc_sim = 0.857 | acc_phy = 0.596 
| epoch = 11 | step =    70 | loss_pnn = 1.913 | loss_cn = 0.00000000 | acc_sim = 0.855 | acc_phy = 0.596 
| epoch = 11 | step =    80 | loss_pnn = 1.912 | loss_cn = 0.00000000 | acc_sim = 0.855 | acc_phy = 0.597 
| epoch = 11 | step =    90 | loss_pnn = 1.911 | loss_cn = 0.00000000 | acc_sim = 0.854 | acc_phy = 0.599 
| epoch = 11 | step =   100 | loss_pnn = 1.910 | loss_cn = 0.00000000 | acc_sim = 0.856 | acc_phy = 0.600 
| epoch = 11 | step =   110 | loss_pnn = 1.911 | loss_cn = 0.00000000 | acc_sim = 0.855 | acc_phy = 0.599 
| epoch = 11 | step =   120 | loss_pnn = 1.911 | loss_cn = 0.00000000 | acc_sim = 0.856 | acc_phy = 0.598 
Phy accuracy of the network on 10000 test images: 0.590


Current training epoch: 12, learning rate for pnn: 0.0005, 
| epoch = 12 | step =    10 | loss_pnn = 1.906 | loss_cn = 0.00000000 | acc_sim = 0.859 | acc_phy = 0.604 
| epoch = 12 | step =    20 | loss_pnn = 1.903 | loss_cn = 0.00000000 | acc_sim = 0.857 | acc_phy = 0.608 
| epoch = 12 | step =    30 | loss_pnn = 1.906 | loss_cn = 0.00000000 | acc_sim = 0.858 | acc_phy = 0.605 
| epoch = 12 | step =    40 | loss_pnn = 1.907 | loss_cn = 0.00000000 | acc_sim = 0.855 | acc_phy = 0.605 
| epoch = 12 | step =    50 | loss_pnn = 1.908 | loss_cn = 0.00000000 | acc_sim = 0.856 | acc_phy = 0.602 
| epoch = 12 | step =    60 | loss_pnn = 1.909 | loss_cn = 0.00000000 | acc_sim = 0.857 | acc_phy = 0.602 
| epoch = 12 | step =    70 | loss_pnn = 1.910 | loss_cn = 0.00000000 | acc_sim = 0.857 | acc_phy = 0.602 
| epoch = 12 | step =    80 | loss_pnn = 1.909 | loss_cn = 0.00000000 | acc_sim = 0.858 | acc_phy = 0.603 
| epoch = 12 | step =    90 | loss_pnn = 1.909 | loss_cn = 0.00000000 | acc_sim = 0.858 | acc_phy = 0.603 
| epoch = 12 | step =   100 | loss_pnn = 1.909 | loss_cn = 0.00000000 | acc_sim = 0.858 | acc_phy = 0.603 
| epoch = 12 | step =   110 | loss_pnn = 1.910 | loss_cn = 0.00000000 | acc_sim = 0.857 | acc_phy = 0.602 
| epoch = 12 | step =   120 | loss_pnn = 1.910 | loss_cn = 0.00000000 | acc_sim = 0.858 | acc_phy = 0.601 
Phy accuracy of the network on 10000 test images: 0.581


Current training epoch: 13, learning rate for pnn: 0.0005, 
| epoch = 13 | step =    10 | loss_pnn = 1.912 | loss_cn = 0.00000000 | acc_sim = 0.851 | acc_phy = 0.595 
| epoch = 13 | step =    20 | loss_pnn = 1.910 | loss_cn = 0.00000000 | acc_sim = 0.855 | acc_phy = 0.598 
| epoch = 13 | step =    30 | loss_pnn = 1.909 | loss_cn = 0.00000000 | acc_sim = 0.857 | acc_phy = 0.598 
| epoch = 13 | step =    40 | loss_pnn = 1.907 | loss_cn = 0.00000000 | acc_sim = 0.857 | acc_phy = 0.601 
| epoch = 13 | step =    50 | loss_pnn = 1.907 | loss_cn = 0.00000000 | acc_sim = 0.859 | acc_phy = 0.602 
| epoch = 13 | step =    60 | loss_pnn = 1.907 | loss_cn = 0.00000000 | acc_sim = 0.859 | acc_phy = 0.604 
| epoch = 13 | step =    70 | loss_pnn = 1.907 | loss_cn = 0.00000000 | acc_sim = 0.857 | acc_phy = 0.604 
| epoch = 13 | step =    80 | loss_pnn = 1.905 | loss_cn = 0.00000000 | acc_sim = 0.858 | acc_phy = 0.604 
| epoch = 13 | step =    90 | loss_pnn = 1.907 | loss_cn = 0.00000000 | acc_sim = 0.858 | acc_phy = 0.603 
| epoch = 13 | step =   100 | loss_pnn = 1.909 | loss_cn = 0.00000000 | acc_sim = 0.858 | acc_phy = 0.601 
| epoch = 13 | step =   110 | loss_pnn = 1.908 | loss_cn = 0.00000000 | acc_sim = 0.858 | acc_phy = 0.603 
| epoch = 13 | step =   120 | loss_pnn = 1.908 | loss_cn = 0.00000000 | acc_sim = 0.858 | acc_phy = 0.602 
Phy accuracy of the network on 10000 test images: 0.581


Current training epoch: 14, learning rate for pnn: 0.0005, 
| epoch = 14 | step =    10 | loss_pnn = 1.910 | loss_cn = 0.00000000 | acc_sim = 0.856 | acc_phy = 0.604 
| epoch = 14 | step =    20 | loss_pnn = 1.908 | loss_cn = 0.00000000 | acc_sim = 0.859 | acc_phy = 0.602 
| epoch = 14 | step =    30 | loss_pnn = 1.905 | loss_cn = 0.00000000 | acc_sim = 0.862 | acc_phy = 0.607 
| epoch = 14 | step =    40 | loss_pnn = 1.905 | loss_cn = 0.00000000 | acc_sim = 0.861 | acc_phy = 0.605 
| epoch = 14 | step =    50 | loss_pnn = 1.906 | loss_cn = 0.00000000 | acc_sim = 0.860 | acc_phy = 0.604 
| epoch = 14 | step =    60 | loss_pnn = 1.905 | loss_cn = 0.00000000 | acc_sim = 0.861 | acc_phy = 0.605 
| epoch = 14 | step =    70 | loss_pnn = 1.905 | loss_cn = 0.00000000 | acc_sim = 0.860 | acc_phy = 0.606 
| epoch = 14 | step =    80 | loss_pnn = 1.906 | loss_cn = 0.00000000 | acc_sim = 0.861 | acc_phy = 0.604 
| epoch = 14 | step =    90 | loss_pnn = 1.906 | loss_cn = 0.00000000 | acc_sim = 0.860 | acc_phy = 0.603 
| epoch = 14 | step =   100 | loss_pnn = 1.907 | loss_cn = 0.00000000 | acc_sim = 0.859 | acc_phy = 0.602 
| epoch = 14 | step =   110 | loss_pnn = 1.907 | loss_cn = 0.00000000 | acc_sim = 0.859 | acc_phy = 0.602 
| epoch = 14 | step =   120 | loss_pnn = 1.907 | loss_cn = 0.00000000 | acc_sim = 0.859 | acc_phy = 0.602 
Phy accuracy of the network on 10000 test images: 0.579


Current training epoch: 15, learning rate for pnn: 0.0005, 
| epoch = 15 | step =    10 | loss_pnn = 1.911 | loss_cn = 0.00000000 | acc_sim = 0.860 | acc_phy = 0.604 
| epoch = 15 | step =    20 | loss_pnn = 1.905 | loss_cn = 0.00000000 | acc_sim = 0.863 | acc_phy = 0.608 
| epoch = 15 | step =    30 | loss_pnn = 1.903 | loss_cn = 0.00000000 | acc_sim = 0.863 | acc_phy = 0.611 
| epoch = 15 | step =    40 | loss_pnn = 1.903 | loss_cn = 0.00000000 | acc_sim = 0.863 | acc_phy = 0.610 
| epoch = 15 | step =    50 | loss_pnn = 1.905 | loss_cn = 0.00000000 | acc_sim = 0.862 | acc_phy = 0.606 
| epoch = 15 | step =    60 | loss_pnn = 1.903 | loss_cn = 0.00000000 | acc_sim = 0.862 | acc_phy = 0.607 
| epoch = 15 | step =    70 | loss_pnn = 1.903 | loss_cn = 0.00000000 | acc_sim = 0.862 | acc_phy = 0.606 
| epoch = 15 | step =    80 | loss_pnn = 1.904 | loss_cn = 0.00000000 | acc_sim = 0.862 | acc_phy = 0.606 
| epoch = 15 | step =    90 | loss_pnn = 1.903 | loss_cn = 0.00000000 | acc_sim = 0.861 | acc_phy = 0.606 
| epoch = 15 | step =   100 | loss_pnn = 1.903 | loss_cn = 0.00000000 | acc_sim = 0.862 | acc_phy = 0.607 
| epoch = 15 | step =   110 | loss_pnn = 1.904 | loss_cn = 0.00000000 | acc_sim = 0.861 | acc_phy = 0.606 
| epoch = 15 | step =   120 | loss_pnn = 1.903 | loss_cn = 0.00000000 | acc_sim = 0.861 | acc_phy = 0.606 
Phy accuracy of the network on 10000 test images: 0.587


Current training epoch: 16, learning rate for pnn: 0.0005, 
| epoch = 16 | step =    10 | loss_pnn = 1.902 | loss_cn = 0.00000000 | acc_sim = 0.856 | acc_phy = 0.606 
| epoch = 16 | step =    20 | loss_pnn = 1.903 | loss_cn = 0.00000000 | acc_sim = 0.863 | acc_phy = 0.605 
| epoch = 16 | step =    30 | loss_pnn = 1.907 | loss_cn = 0.00000000 | acc_sim = 0.860 | acc_phy = 0.602 
| epoch = 16 | step =    40 | loss_pnn = 1.908 | loss_cn = 0.00000000 | acc_sim = 0.860 | acc_phy = 0.600 
| epoch = 16 | step =    50 | loss_pnn = 1.907 | loss_cn = 0.00000000 | acc_sim = 0.859 | acc_phy = 0.600 
| epoch = 16 | step =    60 | loss_pnn = 1.908 | loss_cn = 0.00000000 | acc_sim = 0.860 | acc_phy = 0.599 
| epoch = 16 | step =    70 | loss_pnn = 1.906 | loss_cn = 0.00000000 | acc_sim = 0.860 | acc_phy = 0.601 
| epoch = 16 | step =    80 | loss_pnn = 1.906 | loss_cn = 0.00000000 | acc_sim = 0.859 | acc_phy = 0.601 
| epoch = 16 | step =    90 | loss_pnn = 1.908 | loss_cn = 0.00000000 | acc_sim = 0.860 | acc_phy = 0.599 
| epoch = 16 | step =   100 | loss_pnn = 1.906 | loss_cn = 0.00000000 | acc_sim = 0.860 | acc_phy = 0.602 
| epoch = 16 | step =   110 | loss_pnn = 1.905 | loss_cn = 0.00000000 | acc_sim = 0.860 | acc_phy = 0.603 
| epoch = 16 | step =   120 | loss_pnn = 1.905 | loss_cn = 0.00000000 | acc_sim = 0.860 | acc_phy = 0.603 
Phy accuracy of the network on 10000 test images: 0.580


Current training epoch: 17, learning rate for pnn: 0.0005, 
| epoch = 17 | step =    10 | loss_pnn = 1.913 | loss_cn = 0.00000000 | acc_sim = 0.857 | acc_phy = 0.592 
| epoch = 17 | step =    20 | loss_pnn = 1.910 | loss_cn = 0.00000000 | acc_sim = 0.858 | acc_phy = 0.595 
| epoch = 17 | step =    30 | loss_pnn = 1.906 | loss_cn = 0.00000000 | acc_sim = 0.858 | acc_phy = 0.601 
| epoch = 17 | step =    40 | loss_pnn = 1.907 | loss_cn = 0.00000000 | acc_sim = 0.857 | acc_phy = 0.601 
| epoch = 17 | step =    50 | loss_pnn = 1.905 | loss_cn = 0.00000000 | acc_sim = 0.860 | acc_phy = 0.604 
| epoch = 17 | step =    60 | loss_pnn = 1.904 | loss_cn = 0.00000000 | acc_sim = 0.861 | acc_phy = 0.606 
| epoch = 17 | step =    70 | loss_pnn = 1.903 | loss_cn = 0.00000000 | acc_sim = 0.862 | acc_phy = 0.608 
| epoch = 17 | step =    80 | loss_pnn = 1.903 | loss_cn = 0.00000000 | acc_sim = 0.861 | acc_phy = 0.608 
| epoch = 17 | step =    90 | loss_pnn = 1.903 | loss_cn = 0.00000000 | acc_sim = 0.860 | acc_phy = 0.607 
| epoch = 17 | step =   100 | loss_pnn = 1.903 | loss_cn = 0.00000000 | acc_sim = 0.860 | acc_phy = 0.607 
| epoch = 17 | step =   110 | loss_pnn = 1.903 | loss_cn = 0.00000000 | acc_sim = 0.860 | acc_phy = 0.606 
| epoch = 17 | step =   120 | loss_pnn = 1.903 | loss_cn = 0.00000000 | acc_sim = 0.861 | acc_phy = 0.606 
Phy accuracy of the network on 10000 test images: 0.595


Current training epoch: 18, learning rate for pnn: 0.0005, 
| epoch = 18 | step =    10 | loss_pnn = 1.902 | loss_cn = 0.00000000 | acc_sim = 0.861 | acc_phy = 0.603 
| epoch = 18 | step =    20 | loss_pnn = 1.906 | loss_cn = 0.00000000 | acc_sim = 0.859 | acc_phy = 0.595 
| epoch = 18 | step =    30 | loss_pnn = 1.906 | loss_cn = 0.00000000 | acc_sim = 0.860 | acc_phy = 0.599 
| epoch = 18 | step =    40 | loss_pnn = 1.905 | loss_cn = 0.00000000 | acc_sim = 0.860 | acc_phy = 0.599 
| epoch = 18 | step =    50 | loss_pnn = 1.906 | loss_cn = 0.00000000 | acc_sim = 0.863 | acc_phy = 0.600 
| epoch = 18 | step =    60 | loss_pnn = 1.907 | loss_cn = 0.00000000 | acc_sim = 0.862 | acc_phy = 0.599 
| epoch = 18 | step =    70 | loss_pnn = 1.906 | loss_cn = 0.00000000 | acc_sim = 0.862 | acc_phy = 0.600 
| epoch = 18 | step =    80 | loss_pnn = 1.905 | loss_cn = 0.00000000 | acc_sim = 0.862 | acc_phy = 0.603 
| epoch = 18 | step =    90 | loss_pnn = 1.905 | loss_cn = 0.00000000 | acc_sim = 0.861 | acc_phy = 0.603 
| epoch = 18 | step =   100 | loss_pnn = 1.904 | loss_cn = 0.00000000 | acc_sim = 0.861 | acc_phy = 0.603 
| epoch = 18 | step =   110 | loss_pnn = 1.903 | loss_cn = 0.00000000 | acc_sim = 0.861 | acc_phy = 0.605 
| epoch = 18 | step =   120 | loss_pnn = 1.904 | loss_cn = 0.00000000 | acc_sim = 0.861 | acc_phy = 0.604 
Phy accuracy of the network on 10000 test images: 0.604


Current training epoch: 19, learning rate for pnn: 0.0005, 
| epoch = 19 | step =    10 | loss_pnn = 1.898 | loss_cn = 0.00000000 | acc_sim = 0.867 | acc_phy = 0.613 
| epoch = 19 | step =    20 | loss_pnn = 1.898 | loss_cn = 0.00000000 | acc_sim = 0.865 | acc_phy = 0.612 
| epoch = 19 | step =    30 | loss_pnn = 1.899 | loss_cn = 0.00000000 | acc_sim = 0.864 | acc_phy = 0.610 
| epoch = 19 | step =    40 | loss_pnn = 1.900 | loss_cn = 0.00000000 | acc_sim = 0.863 | acc_phy = 0.608 
| epoch = 19 | step =    50 | loss_pnn = 1.900 | loss_cn = 0.00000000 | acc_sim = 0.863 | acc_phy = 0.609 
| epoch = 19 | step =    60 | loss_pnn = 1.902 | loss_cn = 0.00000000 | acc_sim = 0.862 | acc_phy = 0.606 
| epoch = 19 | step =    70 | loss_pnn = 1.901 | loss_cn = 0.00000000 | acc_sim = 0.861 | acc_phy = 0.606 
| epoch = 19 | step =    80 | loss_pnn = 1.901 | loss_cn = 0.00000000 | acc_sim = 0.862 | acc_phy = 0.607 
| epoch = 19 | step =    90 | loss_pnn = 1.901 | loss_cn = 0.00000000 | acc_sim = 0.862 | acc_phy = 0.605 
| epoch = 19 | step =   100 | loss_pnn = 1.902 | loss_cn = 0.00000000 | acc_sim = 0.861 | acc_phy = 0.605 
| epoch = 19 | step =   110 | loss_pnn = 1.902 | loss_cn = 0.00000000 | acc_sim = 0.862 | acc_phy = 0.604 
| epoch = 19 | step =   120 | loss_pnn = 1.903 | loss_cn = 0.00000000 | acc_sim = 0.861 | acc_phy = 0.604 
Phy accuracy of the network on 10000 test images: 0.613


Current training epoch: 20, learning rate for pnn: 0.0005, 
| epoch = 20 | step =    10 | loss_pnn = 1.904 | loss_cn = 0.00000000 | acc_sim = 0.844 | acc_phy = 0.608 
| epoch = 20 | step =    20 | loss_pnn = 1.904 | loss_cn = 0.00000000 | acc_sim = 0.857 | acc_phy = 0.607 
| epoch = 20 | step =    30 | loss_pnn = 1.903 | loss_cn = 0.00000000 | acc_sim = 0.858 | acc_phy = 0.609 
| epoch = 20 | step =    40 | loss_pnn = 1.902 | loss_cn = 0.00000000 | acc_sim = 0.860 | acc_phy = 0.610 
| epoch = 20 | step =    50 | loss_pnn = 1.901 | loss_cn = 0.00000000 | acc_sim = 0.862 | acc_phy = 0.611 
| epoch = 20 | step =    60 | loss_pnn = 1.900 | loss_cn = 0.00000000 | acc_sim = 0.861 | acc_phy = 0.610 
| epoch = 20 | step =    70 | loss_pnn = 1.902 | loss_cn = 0.00000000 | acc_sim = 0.862 | acc_phy = 0.609 
| epoch = 20 | step =    80 | loss_pnn = 1.900 | loss_cn = 0.00000000 | acc_sim = 0.863 | acc_phy = 0.610 
| epoch = 20 | step =    90 | loss_pnn = 1.900 | loss_cn = 0.00000000 | acc_sim = 0.863 | acc_phy = 0.610 
| epoch = 20 | step =   100 | loss_pnn = 1.900 | loss_cn = 0.00000000 | acc_sim = 0.862 | acc_phy = 0.609 
| epoch = 20 | step =   110 | loss_pnn = 1.901 | loss_cn = 0.00000000 | acc_sim = 0.862 | acc_phy = 0.608 
| epoch = 20 | step =   120 | loss_pnn = 1.900 | loss_cn = 0.00000000 | acc_sim = 0.862 | acc_phy = 0.608 
Phy accuracy of the network on 10000 test images: 0.597


Current training epoch: 21, learning rate for pnn: 0.00025, 
| epoch = 21 | step =    10 | loss_pnn = 1.904 | loss_cn = 0.00000000 | acc_sim = 0.866 | acc_phy = 0.605 
| epoch = 21 | step =    20 | loss_pnn = 1.904 | loss_cn = 0.00000000 | acc_sim = 0.866 | acc_phy = 0.602 
| epoch = 21 | step =    30 | loss_pnn = 1.904 | loss_cn = 0.00000000 | acc_sim = 0.863 | acc_phy = 0.603 
| epoch = 21 | step =    40 | loss_pnn = 1.903 | loss_cn = 0.00000000 | acc_sim = 0.863 | acc_phy = 0.604 
| epoch = 21 | step =    50 | loss_pnn = 1.905 | loss_cn = 0.00000000 | acc_sim = 0.863 | acc_phy = 0.601 
| epoch = 21 | step =    60 | loss_pnn = 1.905 | loss_cn = 0.00000000 | acc_sim = 0.864 | acc_phy = 0.600 
| epoch = 21 | step =    70 | loss_pnn = 1.904 | loss_cn = 0.00000000 | acc_sim = 0.863 | acc_phy = 0.602 
| epoch = 21 | step =    80 | loss_pnn = 1.904 | loss_cn = 0.00000000 | acc_sim = 0.864 | acc_phy = 0.602 
| epoch = 21 | step =    90 | loss_pnn = 1.904 | loss_cn = 0.00000000 | acc_sim = 0.863 | acc_phy = 0.602 
| epoch = 21 | step =   100 | loss_pnn = 1.904 | loss_cn = 0.00000000 | acc_sim = 0.863 | acc_phy = 0.602 
| epoch = 21 | step =   110 | loss_pnn = 1.904 | loss_cn = 0.00000000 | acc_sim = 0.864 | acc_phy = 0.602 
| epoch = 21 | step =   120 | loss_pnn = 1.904 | loss_cn = 0.00000000 | acc_sim = 0.864 | acc_phy = 0.602 
Phy accuracy of the network on 10000 test images: 0.597


Current training epoch: 22, learning rate for pnn: 0.00025, 
| epoch = 22 | step =    10 | loss_pnn = 1.899 | loss_cn = 0.00000000 | acc_sim = 0.862 | acc_phy = 0.609 
| epoch = 22 | step =    20 | loss_pnn = 1.899 | loss_cn = 0.00000000 | acc_sim = 0.865 | acc_phy = 0.609 
| epoch = 22 | step =    30 | loss_pnn = 1.899 | loss_cn = 0.00000000 | acc_sim = 0.867 | acc_phy = 0.610 
| epoch = 22 | step =    40 | loss_pnn = 1.900 | loss_cn = 0.00000000 | acc_sim = 0.867 | acc_phy = 0.608 
| epoch = 22 | step =    50 | loss_pnn = 1.902 | loss_cn = 0.00000000 | acc_sim = 0.866 | acc_phy = 0.606 
| epoch = 22 | step =    60 | loss_pnn = 1.901 | loss_cn = 0.00000000 | acc_sim = 0.867 | acc_phy = 0.607 
| epoch = 22 | step =    70 | loss_pnn = 1.901 | loss_cn = 0.00000000 | acc_sim = 0.866 | acc_phy = 0.606 
| epoch = 22 | step =    80 | loss_pnn = 1.901 | loss_cn = 0.00000000 | acc_sim = 0.865 | acc_phy = 0.606 
| epoch = 22 | step =    90 | loss_pnn = 1.902 | loss_cn = 0.00000000 | acc_sim = 0.864 | acc_phy = 0.604 
| epoch = 22 | step =   100 | loss_pnn = 1.902 | loss_cn = 0.00000000 | acc_sim = 0.865 | acc_phy = 0.603 
| epoch = 22 | step =   110 | loss_pnn = 1.903 | loss_cn = 0.00000000 | acc_sim = 0.864 | acc_phy = 0.603 
| epoch = 22 | step =   120 | loss_pnn = 1.902 | loss_cn = 0.00000000 | acc_sim = 0.864 | acc_phy = 0.604 
Phy accuracy of the network on 10000 test images: 0.595


Current training epoch: 23, learning rate for pnn: 0.00025, 
| epoch = 23 | step =    10 | loss_pnn = 1.904 | loss_cn = 0.00000000 | acc_sim = 0.856 | acc_phy = 0.598 
| epoch = 23 | step =    20 | loss_pnn = 1.906 | loss_cn = 0.00000000 | acc_sim = 0.855 | acc_phy = 0.597 
| epoch = 23 | step =    30 | loss_pnn = 1.903 | loss_cn = 0.00000000 | acc_sim = 0.858 | acc_phy = 0.603 
| epoch = 23 | step =    40 | loss_pnn = 1.905 | loss_cn = 0.00000000 | acc_sim = 0.860 | acc_phy = 0.602 
| epoch = 23 | step =    50 | loss_pnn = 1.907 | loss_cn = 0.00000000 | acc_sim = 0.861 | acc_phy = 0.600 
| epoch = 23 | step =    60 | loss_pnn = 1.905 | loss_cn = 0.00000000 | acc_sim = 0.862 | acc_phy = 0.601 
| epoch = 23 | step =    70 | loss_pnn = 1.905 | loss_cn = 0.00000000 | acc_sim = 0.862 | acc_phy = 0.603 
| epoch = 23 | step =    80 | loss_pnn = 1.903 | loss_cn = 0.00000000 | acc_sim = 0.863 | acc_phy = 0.604 
| epoch = 23 | step =    90 | loss_pnn = 1.904 | loss_cn = 0.00000000 | acc_sim = 0.864 | acc_phy = 0.603 
| epoch = 23 | step =   100 | loss_pnn = 1.903 | loss_cn = 0.00000000 | acc_sim = 0.865 | acc_phy = 0.604 
| epoch = 23 | step =   110 | loss_pnn = 1.903 | loss_cn = 0.00000000 | acc_sim = 0.865 | acc_phy = 0.605 
| epoch = 23 | step =   120 | loss_pnn = 1.902 | loss_cn = 0.00000000 | acc_sim = 0.865 | acc_phy = 0.605 
Phy accuracy of the network on 10000 test images: 0.594


Current training epoch: 24, learning rate for pnn: 0.00025, 
| epoch = 24 | step =    10 | loss_pnn = 1.901 | loss_cn = 0.00000000 | acc_sim = 0.872 | acc_phy = 0.600 
| epoch = 24 | step =    20 | loss_pnn = 1.900 | loss_cn = 0.00000000 | acc_sim = 0.870 | acc_phy = 0.603 
| epoch = 24 | step =    30 | loss_pnn = 1.906 | loss_cn = 0.00000000 | acc_sim = 0.867 | acc_phy = 0.596 
| epoch = 24 | step =    40 | loss_pnn = 1.905 | loss_cn = 0.00000000 | acc_sim = 0.868 | acc_phy = 0.598 
| epoch = 24 | step =    50 | loss_pnn = 1.905 | loss_cn = 0.00000000 | acc_sim = 0.866 | acc_phy = 0.599 
| epoch = 24 | step =    60 | loss_pnn = 1.904 | loss_cn = 0.00000000 | acc_sim = 0.867 | acc_phy = 0.600 
| epoch = 24 | step =    70 | loss_pnn = 1.903 | loss_cn = 0.00000000 | acc_sim = 0.866 | acc_phy = 0.600 
| epoch = 24 | step =    80 | loss_pnn = 1.903 | loss_cn = 0.00000000 | acc_sim = 0.866 | acc_phy = 0.601 
| epoch = 24 | step =    90 | loss_pnn = 1.902 | loss_cn = 0.00000000 | acc_sim = 0.866 | acc_phy = 0.602 
| epoch = 24 | step =   100 | loss_pnn = 1.902 | loss_cn = 0.00000000 | acc_sim = 0.866 | acc_phy = 0.602 
| epoch = 24 | step =   110 | loss_pnn = 1.902 | loss_cn = 0.00000000 | acc_sim = 0.865 | acc_phy = 0.602 
| epoch = 24 | step =   120 | loss_pnn = 1.902 | loss_cn = 0.00000000 | acc_sim = 0.865 | acc_phy = 0.603 
Phy accuracy of the network on 10000 test images: 0.593


Current training epoch: 25, learning rate for pnn: 0.00025, 
| epoch = 25 | step =    10 | loss_pnn = 1.906 | loss_cn = 0.00000000 | acc_sim = 0.866 | acc_phy = 0.598 
| epoch = 25 | step =    20 | loss_pnn = 1.907 | loss_cn = 0.00000000 | acc_sim = 0.866 | acc_phy = 0.601 
| epoch = 25 | step =    30 | loss_pnn = 1.906 | loss_cn = 0.00000000 | acc_sim = 0.867 | acc_phy = 0.601 
| epoch = 25 | step =    40 | loss_pnn = 1.904 | loss_cn = 0.00000000 | acc_sim = 0.865 | acc_phy = 0.601 
| epoch = 25 | step =    50 | loss_pnn = 1.904 | loss_cn = 0.00000000 | acc_sim = 0.865 | acc_phy = 0.601 
| epoch = 25 | step =    60 | loss_pnn = 1.903 | loss_cn = 0.00000000 | acc_sim = 0.865 | acc_phy = 0.603 
| epoch = 25 | step =    70 | loss_pnn = 1.902 | loss_cn = 0.00000000 | acc_sim = 0.865 | acc_phy = 0.604 
| epoch = 25 | step =    80 | loss_pnn = 1.904 | loss_cn = 0.00000000 | acc_sim = 0.865 | acc_phy = 0.603 
| epoch = 25 | step =    90 | loss_pnn = 1.904 | loss_cn = 0.00000000 | acc_sim = 0.865 | acc_phy = 0.602 
| epoch = 25 | step =   100 | loss_pnn = 1.903 | loss_cn = 0.00000000 | acc_sim = 0.865 | acc_phy = 0.603 
| epoch = 25 | step =   110 | loss_pnn = 1.903 | loss_cn = 0.00000000 | acc_sim = 0.865 | acc_phy = 0.604 
| epoch = 25 | step =   120 | loss_pnn = 1.904 | loss_cn = 0.00000000 | acc_sim = 0.865 | acc_phy = 0.603 
Phy accuracy of the network on 10000 test images: 0.579


Current training epoch: 26, learning rate for pnn: 0.00025, 
| epoch = 26 | step =    10 | loss_pnn = 1.906 | loss_cn = 0.00000000 | acc_sim = 0.863 | acc_phy = 0.594 
| epoch = 26 | step =    20 | loss_pnn = 1.908 | loss_cn = 0.00000000 | acc_sim = 0.862 | acc_phy = 0.594 
| epoch = 26 | step =    30 | loss_pnn = 1.908 | loss_cn = 0.00000000 | acc_sim = 0.865 | acc_phy = 0.594 
| epoch = 26 | step =    40 | loss_pnn = 1.907 | loss_cn = 0.00000000 | acc_sim = 0.864 | acc_phy = 0.595 
| epoch = 26 | step =    50 | loss_pnn = 1.907 | loss_cn = 0.00000000 | acc_sim = 0.864 | acc_phy = 0.594 
| epoch = 26 | step =    60 | loss_pnn = 1.908 | loss_cn = 0.00000000 | acc_sim = 0.863 | acc_phy = 0.593 
| epoch = 26 | step =    70 | loss_pnn = 1.907 | loss_cn = 0.00000000 | acc_sim = 0.864 | acc_phy = 0.594 
| epoch = 26 | step =    80 | loss_pnn = 1.907 | loss_cn = 0.00000000 | acc_sim = 0.865 | acc_phy = 0.595 
| epoch = 26 | step =    90 | loss_pnn = 1.907 | loss_cn = 0.00000000 | acc_sim = 0.866 | acc_phy = 0.596 
| epoch = 26 | step =   100 | loss_pnn = 1.906 | loss_cn = 0.00000000 | acc_sim = 0.865 | acc_phy = 0.598 
| epoch = 26 | step =   110 | loss_pnn = 1.905 | loss_cn = 0.00000000 | acc_sim = 0.865 | acc_phy = 0.599 
| epoch = 26 | step =   120 | loss_pnn = 1.904 | loss_cn = 0.00000000 | acc_sim = 0.865 | acc_phy = 0.600 
Phy accuracy of the network on 10000 test images: 0.591


Current training epoch: 27, learning rate for pnn: 0.00025, 
| epoch = 27 | step =    10 | loss_pnn = 1.904 | loss_cn = 0.00000000 | acc_sim = 0.864 | acc_phy = 0.605 
| epoch = 27 | step =    20 | loss_pnn = 1.903 | loss_cn = 0.00000000 | acc_sim = 0.868 | acc_phy = 0.602 
| epoch = 27 | step =    30 | loss_pnn = 1.904 | loss_cn = 0.00000000 | acc_sim = 0.867 | acc_phy = 0.602 
| epoch = 27 | step =    40 | loss_pnn = 1.903 | loss_cn = 0.00000000 | acc_sim = 0.867 | acc_phy = 0.601 
| epoch = 27 | step =    50 | loss_pnn = 1.905 | loss_cn = 0.00000000 | acc_sim = 0.867 | acc_phy = 0.599 
| epoch = 27 | step =    60 | loss_pnn = 1.902 | loss_cn = 0.00000000 | acc_sim = 0.866 | acc_phy = 0.601 
| epoch = 27 | step =    70 | loss_pnn = 1.902 | loss_cn = 0.00000000 | acc_sim = 0.867 | acc_phy = 0.600 
| epoch = 27 | step =    80 | loss_pnn = 1.902 | loss_cn = 0.00000000 | acc_sim = 0.867 | acc_phy = 0.602 
| epoch = 27 | step =    90 | loss_pnn = 1.902 | loss_cn = 0.00000000 | acc_sim = 0.866 | acc_phy = 0.602 
| epoch = 27 | step =   100 | loss_pnn = 1.902 | loss_cn = 0.00000000 | acc_sim = 0.866 | acc_phy = 0.601 
| epoch = 27 | step =   110 | loss_pnn = 1.903 | loss_cn = 0.00000000 | acc_sim = 0.866 | acc_phy = 0.601 
| epoch = 27 | step =   120 | loss_pnn = 1.904 | loss_cn = 0.00000000 | acc_sim = 0.866 | acc_phy = 0.600 
Phy accuracy of the network on 10000 test images: 0.590


Current training epoch: 28, learning rate for pnn: 0.00025, 
| epoch = 28 | step =    10 | loss_pnn = 1.902 | loss_cn = 0.00000000 | acc_sim = 0.871 | acc_phy = 0.606 
| epoch = 28 | step =    20 | loss_pnn = 1.900 | loss_cn = 0.00000000 | acc_sim = 0.868 | acc_phy = 0.606 
| epoch = 28 | step =    30 | loss_pnn = 1.898 | loss_cn = 0.00000000 | acc_sim = 0.865 | acc_phy = 0.609 
| epoch = 28 | step =    40 | loss_pnn = 1.902 | loss_cn = 0.00000000 | acc_sim = 0.865 | acc_phy = 0.605 
| epoch = 28 | step =    50 | loss_pnn = 1.901 | loss_cn = 0.00000000 | acc_sim = 0.867 | acc_phy = 0.605 
| epoch = 28 | step =    60 | loss_pnn = 1.901 | loss_cn = 0.00000000 | acc_sim = 0.866 | acc_phy = 0.607 
| epoch = 28 | step =    70 | loss_pnn = 1.902 | loss_cn = 0.00000000 | acc_sim = 0.866 | acc_phy = 0.606 
| epoch = 28 | step =    80 | loss_pnn = 1.902 | loss_cn = 0.00000000 | acc_sim = 0.865 | acc_phy = 0.605 
| epoch = 28 | step =    90 | loss_pnn = 1.902 | loss_cn = 0.00000000 | acc_sim = 0.866 | acc_phy = 0.604 
| epoch = 28 | step =   100 | loss_pnn = 1.903 | loss_cn = 0.00000000 | acc_sim = 0.866 | acc_phy = 0.604 
| epoch = 28 | step =   110 | loss_pnn = 1.903 | loss_cn = 0.00000000 | acc_sim = 0.865 | acc_phy = 0.604 
| epoch = 28 | step =   120 | loss_pnn = 1.902 | loss_cn = 0.00000000 | acc_sim = 0.866 | acc_phy = 0.604 
Phy accuracy of the network on 10000 test images: 0.579


Current training epoch: 29, learning rate for pnn: 0.00025, 
| epoch = 29 | step =    10 | loss_pnn = 1.915 | loss_cn = 0.00000000 | acc_sim = 0.866 | acc_phy = 0.580 
| epoch = 29 | step =    20 | loss_pnn = 1.913 | loss_cn = 0.00000000 | acc_sim = 0.868 | acc_phy = 0.586 
| epoch = 29 | step =    30 | loss_pnn = 1.910 | loss_cn = 0.00000000 | acc_sim = 0.866 | acc_phy = 0.592 
| epoch = 29 | step =    40 | loss_pnn = 1.910 | loss_cn = 0.00000000 | acc_sim = 0.866 | acc_phy = 0.592 
| epoch = 29 | step =    50 | loss_pnn = 1.907 | loss_cn = 0.00000000 | acc_sim = 0.865 | acc_phy = 0.597 
| epoch = 29 | step =    60 | loss_pnn = 1.906 | loss_cn = 0.00000000 | acc_sim = 0.867 | acc_phy = 0.597 
| epoch = 29 | step =    70 | loss_pnn = 1.907 | loss_cn = 0.00000000 | acc_sim = 0.867 | acc_phy = 0.596 
| epoch = 29 | step =    80 | loss_pnn = 1.907 | loss_cn = 0.00000000 | acc_sim = 0.866 | acc_phy = 0.597 
| epoch = 29 | step =    90 | loss_pnn = 1.907 | loss_cn = 0.00000000 | acc_sim = 0.866 | acc_phy = 0.597 
| epoch = 29 | step =   100 | loss_pnn = 1.906 | loss_cn = 0.00000000 | acc_sim = 0.866 | acc_phy = 0.598 
| epoch = 29 | step =   110 | loss_pnn = 1.905 | loss_cn = 0.00000000 | acc_sim = 0.865 | acc_phy = 0.600 
| epoch = 29 | step =   120 | loss_pnn = 1.905 | loss_cn = 0.00000000 | acc_sim = 0.866 | acc_phy = 0.600 
Phy accuracy of the network on 10000 test images: 0.582


Current training epoch: 30, learning rate for pnn: 0.00025, 
| epoch = 30 | step =    10 | loss_pnn = 1.912 | loss_cn = 0.00000000 | acc_sim = 0.861 | acc_phy = 0.593 
| epoch = 30 | step =    20 | loss_pnn = 1.909 | loss_cn = 0.00000000 | acc_sim = 0.864 | acc_phy = 0.595 
| epoch = 30 | step =    30 | loss_pnn = 1.907 | loss_cn = 0.00000000 | acc_sim = 0.867 | acc_phy = 0.598 
| epoch = 30 | step =    40 | loss_pnn = 1.907 | loss_cn = 0.00000000 | acc_sim = 0.868 | acc_phy = 0.598 
| epoch = 30 | step =    50 | loss_pnn = 1.907 | loss_cn = 0.00000000 | acc_sim = 0.866 | acc_phy = 0.597 
| epoch = 30 | step =    60 | loss_pnn = 1.906 | loss_cn = 0.00000000 | acc_sim = 0.867 | acc_phy = 0.598 
| epoch = 30 | step =    70 | loss_pnn = 1.906 | loss_cn = 0.00000000 | acc_sim = 0.868 | acc_phy = 0.598 
| epoch = 30 | step =    80 | loss_pnn = 1.906 | loss_cn = 0.00000000 | acc_sim = 0.868 | acc_phy = 0.598 
| epoch = 30 | step =    90 | loss_pnn = 1.906 | loss_cn = 0.00000000 | acc_sim = 0.868 | acc_phy = 0.599 
| epoch = 30 | step =   100 | loss_pnn = 1.906 | loss_cn = 0.00000000 | acc_sim = 0.868 | acc_phy = 0.598 
| epoch = 30 | step =   110 | loss_pnn = 1.906 | loss_cn = 0.00000000 | acc_sim = 0.867 | acc_phy = 0.598 
| epoch = 30 | step =   120 | loss_pnn = 1.905 | loss_cn = 0.00000000 | acc_sim = 0.867 | acc_phy = 0.600 
Phy accuracy of the network on 10000 test images: 0.590


Current training epoch: 31, learning rate for pnn: 0.000125, 
| epoch = 31 | step =    10 | loss_pnn = 1.897 | loss_cn = 0.00000000 | acc_sim = 0.871 | acc_phy = 0.610 
| epoch = 31 | step =    20 | loss_pnn = 1.903 | loss_cn = 0.00000000 | acc_sim = 0.870 | acc_phy = 0.602 
| epoch = 31 | step =    30 | loss_pnn = 1.902 | loss_cn = 0.00000000 | acc_sim = 0.869 | acc_phy = 0.602 
| epoch = 31 | step =    40 | loss_pnn = 1.902 | loss_cn = 0.00000000 | acc_sim = 0.869 | acc_phy = 0.602 
| epoch = 31 | step =    50 | loss_pnn = 1.903 | loss_cn = 0.00000000 | acc_sim = 0.868 | acc_phy = 0.600 
| epoch = 31 | step =    60 | loss_pnn = 1.902 | loss_cn = 0.00000000 | acc_sim = 0.867 | acc_phy = 0.601 
| epoch = 31 | step =    70 | loss_pnn = 1.903 | loss_cn = 0.00000000 | acc_sim = 0.867 | acc_phy = 0.601 
| epoch = 31 | step =    80 | loss_pnn = 1.903 | loss_cn = 0.00000000 | acc_sim = 0.867 | acc_phy = 0.600 
| epoch = 31 | step =    90 | loss_pnn = 1.903 | loss_cn = 0.00000000 | acc_sim = 0.867 | acc_phy = 0.600 
| epoch = 31 | step =   100 | loss_pnn = 1.904 | loss_cn = 0.00000000 | acc_sim = 0.867 | acc_phy = 0.600 
| epoch = 31 | step =   110 | loss_pnn = 1.905 | loss_cn = 0.00000000 | acc_sim = 0.867 | acc_phy = 0.599 
| epoch = 31 | step =   120 | loss_pnn = 1.905 | loss_cn = 0.00000000 | acc_sim = 0.867 | acc_phy = 0.599 
Phy accuracy of the network on 10000 test images: 0.584


Current training epoch: 32, learning rate for pnn: 0.000125, 
| epoch = 32 | step =    10 | loss_pnn = 1.910 | loss_cn = 0.00000000 | acc_sim = 0.862 | acc_phy = 0.595 
| epoch = 32 | step =    20 | loss_pnn = 1.907 | loss_cn = 0.00000000 | acc_sim = 0.861 | acc_phy = 0.600 
| epoch = 32 | step =    30 | loss_pnn = 1.904 | loss_cn = 0.00000000 | acc_sim = 0.863 | acc_phy = 0.602 
| epoch = 32 | step =    40 | loss_pnn = 1.907 | loss_cn = 0.00000000 | acc_sim = 0.864 | acc_phy = 0.598 
| epoch = 32 | step =    50 | loss_pnn = 1.907 | loss_cn = 0.00000000 | acc_sim = 0.864 | acc_phy = 0.598 
| epoch = 32 | step =    60 | loss_pnn = 1.906 | loss_cn = 0.00000000 | acc_sim = 0.864 | acc_phy = 0.599 
| epoch = 32 | step =    70 | loss_pnn = 1.907 | loss_cn = 0.00000000 | acc_sim = 0.866 | acc_phy = 0.597 
| epoch = 32 | step =    80 | loss_pnn = 1.906 | loss_cn = 0.00000000 | acc_sim = 0.866 | acc_phy = 0.598 
| epoch = 32 | step =    90 | loss_pnn = 1.906 | loss_cn = 0.00000000 | acc_sim = 0.866 | acc_phy = 0.598 
| epoch = 32 | step =   100 | loss_pnn = 1.905 | loss_cn = 0.00000000 | acc_sim = 0.867 | acc_phy = 0.599 
| epoch = 32 | step =   110 | loss_pnn = 1.906 | loss_cn = 0.00000000 | acc_sim = 0.867 | acc_phy = 0.599 
| epoch = 32 | step =   120 | loss_pnn = 1.905 | loss_cn = 0.00000000 | acc_sim = 0.868 | acc_phy = 0.599 
Phy accuracy of the network on 10000 test images: 0.583


Current training epoch: 33, learning rate for pnn: 0.000125, 
| epoch = 33 | step =    10 | loss_pnn = 1.903 | loss_cn = 0.00000000 | acc_sim = 0.861 | acc_phy = 0.605 
| epoch = 33 | step =    20 | loss_pnn = 1.904 | loss_cn = 0.00000000 | acc_sim = 0.867 | acc_phy = 0.603 
| epoch = 33 | step =    30 | loss_pnn = 1.903 | loss_cn = 0.00000000 | acc_sim = 0.866 | acc_phy = 0.601 
| epoch = 33 | step =    40 | loss_pnn = 1.908 | loss_cn = 0.00000000 | acc_sim = 0.866 | acc_phy = 0.595 
| epoch = 33 | step =    50 | loss_pnn = 1.907 | loss_cn = 0.00000000 | acc_sim = 0.865 | acc_phy = 0.597 
| epoch = 33 | step =    60 | loss_pnn = 1.907 | loss_cn = 0.00000000 | acc_sim = 0.867 | acc_phy = 0.597 
| epoch = 33 | step =    70 | loss_pnn = 1.905 | loss_cn = 0.00000000 | acc_sim = 0.867 | acc_phy = 0.600 
| epoch = 33 | step =    80 | loss_pnn = 1.906 | loss_cn = 0.00000000 | acc_sim = 0.869 | acc_phy = 0.600 
| epoch = 33 | step =    90 | loss_pnn = 1.905 | loss_cn = 0.00000000 | acc_sim = 0.869 | acc_phy = 0.600 
| epoch = 33 | step =   100 | loss_pnn = 1.905 | loss_cn = 0.00000000 | acc_sim = 0.869 | acc_phy = 0.599 
| epoch = 33 | step =   110 | loss_pnn = 1.905 | loss_cn = 0.00000000 | acc_sim = 0.868 | acc_phy = 0.599 
| epoch = 33 | step =   120 | loss_pnn = 1.905 | loss_cn = 0.00000000 | acc_sim = 0.868 | acc_phy = 0.599 
Phy accuracy of the network on 10000 test images: 0.582


Current training epoch: 34, learning rate for pnn: 0.000125, 
| epoch = 34 | step =    10 | loss_pnn = 1.906 | loss_cn = 0.00000000 | acc_sim = 0.865 | acc_phy = 0.599 
| epoch = 34 | step =    20 | loss_pnn = 1.908 | loss_cn = 0.00000000 | acc_sim = 0.865 | acc_phy = 0.596 
| epoch = 34 | step =    30 | loss_pnn = 1.907 | loss_cn = 0.00000000 | acc_sim = 0.867 | acc_phy = 0.598 
| epoch = 34 | step =    40 | loss_pnn = 1.905 | loss_cn = 0.00000000 | acc_sim = 0.868 | acc_phy = 0.601 
| epoch = 34 | step =    50 | loss_pnn = 1.907 | loss_cn = 0.00000000 | acc_sim = 0.868 | acc_phy = 0.599 
| epoch = 34 | step =    60 | loss_pnn = 1.907 | loss_cn = 0.00000000 | acc_sim = 0.869 | acc_phy = 0.599 
| epoch = 34 | step =    70 | loss_pnn = 1.906 | loss_cn = 0.00000000 | acc_sim = 0.870 | acc_phy = 0.600 
| epoch = 34 | step =    80 | loss_pnn = 1.906 | loss_cn = 0.00000000 | acc_sim = 0.869 | acc_phy = 0.599 
| epoch = 34 | step =    90 | loss_pnn = 1.907 | loss_cn = 0.00000000 | acc_sim = 0.868 | acc_phy = 0.599 
| epoch = 34 | step =   100 | loss_pnn = 1.907 | loss_cn = 0.00000000 | acc_sim = 0.869 | acc_phy = 0.597 
| epoch = 34 | step =   110 | loss_pnn = 1.906 | loss_cn = 0.00000000 | acc_sim = 0.869 | acc_phy = 0.599 
| epoch = 34 | step =   120 | loss_pnn = 1.906 | loss_cn = 0.00000000 | acc_sim = 0.868 | acc_phy = 0.599 
Phy accuracy of the network on 10000 test images: 0.587


Current training epoch: 35, learning rate for pnn: 0.000125, 
| epoch = 35 | step =    10 | loss_pnn = 1.900 | loss_cn = 0.00000000 | acc_sim = 0.867 | acc_phy = 0.606 
| epoch = 35 | step =    20 | loss_pnn = 1.902 | loss_cn = 0.00000000 | acc_sim = 0.865 | acc_phy = 0.604 
| epoch = 35 | step =    30 | loss_pnn = 1.902 | loss_cn = 0.00000000 | acc_sim = 0.867 | acc_phy = 0.605 
| epoch = 35 | step =    40 | loss_pnn = 1.903 | loss_cn = 0.00000000 | acc_sim = 0.867 | acc_phy = 0.602 
| epoch = 35 | step =    50 | loss_pnn = 1.904 | loss_cn = 0.00000000 | acc_sim = 0.867 | acc_phy = 0.602 
| epoch = 35 | step =    60 | loss_pnn = 1.904 | loss_cn = 0.00000000 | acc_sim = 0.867 | acc_phy = 0.602 
| epoch = 35 | step =    70 | loss_pnn = 1.906 | loss_cn = 0.00000000 | acc_sim = 0.866 | acc_phy = 0.599 
| epoch = 35 | step =    80 | loss_pnn = 1.905 | loss_cn = 0.00000000 | acc_sim = 0.867 | acc_phy = 0.599 
| epoch = 35 | step =    90 | loss_pnn = 1.906 | loss_cn = 0.00000000 | acc_sim = 0.867 | acc_phy = 0.598 
| epoch = 35 | step =   100 | loss_pnn = 1.906 | loss_cn = 0.00000000 | acc_sim = 0.868 | acc_phy = 0.598 
| epoch = 35 | step =   110 | loss_pnn = 1.906 | loss_cn = 0.00000000 | acc_sim = 0.868 | acc_phy = 0.598 
| epoch = 35 | step =   120 | loss_pnn = 1.906 | loss_cn = 0.00000000 | acc_sim = 0.868 | acc_phy = 0.598 
Phy accuracy of the network on 10000 test images: 0.588


Current training epoch: 36, learning rate for pnn: 0.000125, 
| epoch = 36 | step =    10 | loss_pnn = 1.910 | loss_cn = 0.00000000 | acc_sim = 0.869 | acc_phy = 0.594 
| epoch = 36 | step =    20 | loss_pnn = 1.906 | loss_cn = 0.00000000 | acc_sim = 0.870 | acc_phy = 0.599 
| epoch = 36 | step =    30 | loss_pnn = 1.905 | loss_cn = 0.00000000 | acc_sim = 0.867 | acc_phy = 0.600 
| epoch = 36 | step =    40 | loss_pnn = 1.905 | loss_cn = 0.00000000 | acc_sim = 0.868 | acc_phy = 0.600 
| epoch = 36 | step =    50 | loss_pnn = 1.906 | loss_cn = 0.00000000 | acc_sim = 0.867 | acc_phy = 0.599 
| epoch = 36 | step =    60 | loss_pnn = 1.907 | loss_cn = 0.00000000 | acc_sim = 0.866 | acc_phy = 0.597 
| epoch = 36 | step =    70 | loss_pnn = 1.907 | loss_cn = 0.00000000 | acc_sim = 0.866 | acc_phy = 0.596 
| epoch = 36 | step =    80 | loss_pnn = 1.906 | loss_cn = 0.00000000 | acc_sim = 0.867 | acc_phy = 0.597 
| epoch = 36 | step =    90 | loss_pnn = 1.905 | loss_cn = 0.00000000 | acc_sim = 0.867 | acc_phy = 0.598 
| epoch = 36 | step =   100 | loss_pnn = 1.905 | loss_cn = 0.00000000 | acc_sim = 0.867 | acc_phy = 0.598 
| epoch = 36 | step =   110 | loss_pnn = 1.905 | loss_cn = 0.00000000 | acc_sim = 0.868 | acc_phy = 0.599 
| epoch = 36 | step =   120 | loss_pnn = 1.904 | loss_cn = 0.00000000 | acc_sim = 0.868 | acc_phy = 0.599 
Phy accuracy of the network on 10000 test images: 0.587


Current training epoch: 37, learning rate for pnn: 0.000125, 
| epoch = 37 | step =    10 | loss_pnn = 1.906 | loss_cn = 0.00000000 | acc_sim = 0.872 | acc_phy = 0.597 
| epoch = 37 | step =    20 | loss_pnn = 1.906 | loss_cn = 0.00000000 | acc_sim = 0.868 | acc_phy = 0.598 
| epoch = 37 | step =    30 | loss_pnn = 1.907 | loss_cn = 0.00000000 | acc_sim = 0.868 | acc_phy = 0.598 
| epoch = 37 | step =    40 | loss_pnn = 1.906 | loss_cn = 0.00000000 | acc_sim = 0.868 | acc_phy = 0.599 
| epoch = 37 | step =    50 | loss_pnn = 1.904 | loss_cn = 0.00000000 | acc_sim = 0.868 | acc_phy = 0.602 
| epoch = 37 | step =    60 | loss_pnn = 1.904 | loss_cn = 0.00000000 | acc_sim = 0.867 | acc_phy = 0.602 
| epoch = 37 | step =    70 | loss_pnn = 1.904 | loss_cn = 0.00000000 | acc_sim = 0.868 | acc_phy = 0.600 
| epoch = 37 | step =    80 | loss_pnn = 1.905 | loss_cn = 0.00000000 | acc_sim = 0.868 | acc_phy = 0.600 
| epoch = 37 | step =    90 | loss_pnn = 1.904 | loss_cn = 0.00000000 | acc_sim = 0.868 | acc_phy = 0.601 
| epoch = 37 | step =   100 | loss_pnn = 1.904 | loss_cn = 0.00000000 | acc_sim = 0.869 | acc_phy = 0.601 
| epoch = 37 | step =   110 | loss_pnn = 1.905 | loss_cn = 0.00000000 | acc_sim = 0.869 | acc_phy = 0.599 
| epoch = 37 | step =   120 | loss_pnn = 1.905 | loss_cn = 0.00000000 | acc_sim = 0.868 | acc_phy = 0.600 
Phy accuracy of the network on 10000 test images: 0.588


Current training epoch: 38, learning rate for pnn: 0.000125, 
| epoch = 38 | step =    10 | loss_pnn = 1.903 | loss_cn = 0.00000000 | acc_sim = 0.863 | acc_phy = 0.603 
| epoch = 38 | step =    20 | loss_pnn = 1.905 | loss_cn = 0.00000000 | acc_sim = 0.864 | acc_phy = 0.600 
| epoch = 38 | step =    30 | loss_pnn = 1.906 | loss_cn = 0.00000000 | acc_sim = 0.864 | acc_phy = 0.598 
| epoch = 38 | step =    40 | loss_pnn = 1.905 | loss_cn = 0.00000000 | acc_sim = 0.867 | acc_phy = 0.600 
| epoch = 38 | step =    50 | loss_pnn = 1.904 | loss_cn = 0.00000000 | acc_sim = 0.866 | acc_phy = 0.600 
| epoch = 38 | step =    60 | loss_pnn = 1.904 | loss_cn = 0.00000000 | acc_sim = 0.867 | acc_phy = 0.600 
| epoch = 38 | step =    70 | loss_pnn = 1.906 | loss_cn = 0.00000000 | acc_sim = 0.867 | acc_phy = 0.598 
| epoch = 38 | step =    80 | loss_pnn = 1.906 | loss_cn = 0.00000000 | acc_sim = 0.867 | acc_phy = 0.598 
| epoch = 38 | step =    90 | loss_pnn = 1.906 | loss_cn = 0.00000000 | acc_sim = 0.867 | acc_phy = 0.597 
| epoch = 38 | step =   100 | loss_pnn = 1.907 | loss_cn = 0.00000000 | acc_sim = 0.867 | acc_phy = 0.597 
| epoch = 38 | step =   110 | loss_pnn = 1.907 | loss_cn = 0.00000000 | acc_sim = 0.868 | acc_phy = 0.596 
| epoch = 38 | step =   120 | loss_pnn = 1.907 | loss_cn = 0.00000000 | acc_sim = 0.868 | acc_phy = 0.596 
Phy accuracy of the network on 10000 test images: 0.587


Current training epoch: 39, learning rate for pnn: 0.000125, 
| epoch = 39 | step =    10 | loss_pnn = 1.905 | loss_cn = 0.00000000 | acc_sim = 0.870 | acc_phy = 0.598 
| epoch = 39 | step =    20 | loss_pnn = 1.904 | loss_cn = 0.00000000 | acc_sim = 0.871 | acc_phy = 0.598 
| epoch = 39 | step =    30 | loss_pnn = 1.904 | loss_cn = 0.00000000 | acc_sim = 0.871 | acc_phy = 0.601 
| epoch = 39 | step =    40 | loss_pnn = 1.905 | loss_cn = 0.00000000 | acc_sim = 0.869 | acc_phy = 0.600 
| epoch = 39 | step =    50 | loss_pnn = 1.907 | loss_cn = 0.00000000 | acc_sim = 0.867 | acc_phy = 0.599 
| epoch = 39 | step =    60 | loss_pnn = 1.907 | loss_cn = 0.00000000 | acc_sim = 0.867 | acc_phy = 0.598 
| epoch = 39 | step =    70 | loss_pnn = 1.908 | loss_cn = 0.00000000 | acc_sim = 0.868 | acc_phy = 0.596 
| epoch = 39 | step =    80 | loss_pnn = 1.907 | loss_cn = 0.00000000 | acc_sim = 0.869 | acc_phy = 0.597 
| epoch = 39 | step =    90 | loss_pnn = 1.907 | loss_cn = 0.00000000 | acc_sim = 0.869 | acc_phy = 0.597 
| epoch = 39 | step =   100 | loss_pnn = 1.907 | loss_cn = 0.00000000 | acc_sim = 0.868 | acc_phy = 0.597 
| epoch = 39 | step =   110 | loss_pnn = 1.906 | loss_cn = 0.00000000 | acc_sim = 0.868 | acc_phy = 0.598 
| epoch = 39 | step =   120 | loss_pnn = 1.907 | loss_cn = 0.00000000 | acc_sim = 0.868 | acc_phy = 0.597 
Phy accuracy of the network on 10000 test images: 0.586


Current training epoch: 40, learning rate for pnn: 0.000125, 
| epoch = 40 | step =    10 | loss_pnn = 1.916 | loss_cn = 0.00000000 | acc_sim = 0.868 | acc_phy = 0.586 
| epoch = 40 | step =    20 | loss_pnn = 1.914 | loss_cn = 0.00000000 | acc_sim = 0.865 | acc_phy = 0.587 
| epoch = 40 | step =    30 | loss_pnn = 1.907 | loss_cn = 0.00000000 | acc_sim = 0.869 | acc_phy = 0.595 
| epoch = 40 | step =    40 | loss_pnn = 1.905 | loss_cn = 0.00000000 | acc_sim = 0.868 | acc_phy = 0.598 
| epoch = 40 | step =    50 | loss_pnn = 1.906 | loss_cn = 0.00000000 | acc_sim = 0.867 | acc_phy = 0.598 
| epoch = 40 | step =    60 | loss_pnn = 1.907 | loss_cn = 0.00000000 | acc_sim = 0.868 | acc_phy = 0.598 
| epoch = 40 | step =    70 | loss_pnn = 1.906 | loss_cn = 0.00000000 | acc_sim = 0.868 | acc_phy = 0.599 
| epoch = 40 | step =    80 | loss_pnn = 1.906 | loss_cn = 0.00000000 | acc_sim = 0.869 | acc_phy = 0.597 
| epoch = 40 | step =    90 | loss_pnn = 1.906 | loss_cn = 0.00000000 | acc_sim = 0.869 | acc_phy = 0.598 
| epoch = 40 | step =   100 | loss_pnn = 1.907 | loss_cn = 0.00000000 | acc_sim = 0.868 | acc_phy = 0.596 
| epoch = 40 | step =   110 | loss_pnn = 1.907 | loss_cn = 0.00000000 | acc_sim = 0.869 | acc_phy = 0.595 
| epoch = 40 | step =   120 | loss_pnn = 1.907 | loss_cn = 0.00000000 | acc_sim = 0.869 | acc_phy = 0.596 
Phy accuracy of the network on 10000 test images: 0.584


Current training epoch: 41, learning rate for pnn: 6.25e-05, 
| epoch = 41 | step =    10 | loss_pnn = 1.915 | loss_cn = 0.00000000 | acc_sim = 0.867 | acc_phy = 0.583 
| epoch = 41 | step =    20 | loss_pnn = 1.914 | loss_cn = 0.00000000 | acc_sim = 0.866 | acc_phy = 0.588 
| epoch = 41 | step =    30 | loss_pnn = 1.911 | loss_cn = 0.00000000 | acc_sim = 0.869 | acc_phy = 0.593 
| epoch = 41 | step =    40 | loss_pnn = 1.910 | loss_cn = 0.00000000 | acc_sim = 0.868 | acc_phy = 0.594 
| epoch = 41 | step =    50 | loss_pnn = 1.910 | loss_cn = 0.00000000 | acc_sim = 0.867 | acc_phy = 0.592 
| epoch = 41 | step =    60 | loss_pnn = 1.908 | loss_cn = 0.00000000 | acc_sim = 0.867 | acc_phy = 0.595 
| epoch = 41 | step =    70 | loss_pnn = 1.907 | loss_cn = 0.00000000 | acc_sim = 0.866 | acc_phy = 0.596 
| epoch = 41 | step =    80 | loss_pnn = 1.907 | loss_cn = 0.00000000 | acc_sim = 0.867 | acc_phy = 0.596 
| epoch = 41 | step =    90 | loss_pnn = 1.907 | loss_cn = 0.00000000 | acc_sim = 0.867 | acc_phy = 0.597 
| epoch = 41 | step =   100 | loss_pnn = 1.907 | loss_cn = 0.00000000 | acc_sim = 0.868 | acc_phy = 0.597 
| epoch = 41 | step =   110 | loss_pnn = 1.907 | loss_cn = 0.00000000 | acc_sim = 0.869 | acc_phy = 0.597 
| epoch = 41 | step =   120 | loss_pnn = 1.907 | loss_cn = 0.00000000 | acc_sim = 0.869 | acc_phy = 0.597 
Phy accuracy of the network on 10000 test images: 0.585


Current training epoch: 42, learning rate for pnn: 6.25e-05, 
| epoch = 42 | step =    10 | loss_pnn = 1.911 | loss_cn = 0.00000000 | acc_sim = 0.875 | acc_phy = 0.596 
| epoch = 42 | step =    20 | loss_pnn = 1.910 | loss_cn = 0.00000000 | acc_sim = 0.874 | acc_phy = 0.596 
| epoch = 42 | step =    30 | loss_pnn = 1.905 | loss_cn = 0.00000000 | acc_sim = 0.870 | acc_phy = 0.600 
| epoch = 42 | step =    40 | loss_pnn = 1.906 | loss_cn = 0.00000000 | acc_sim = 0.871 | acc_phy = 0.599 
| epoch = 42 | step =    50 | loss_pnn = 1.906 | loss_cn = 0.00000000 | acc_sim = 0.872 | acc_phy = 0.599 
| epoch = 42 | step =    60 | loss_pnn = 1.906 | loss_cn = 0.00000000 | acc_sim = 0.873 | acc_phy = 0.599 
| epoch = 42 | step =    70 | loss_pnn = 1.906 | loss_cn = 0.00000000 | acc_sim = 0.872 | acc_phy = 0.597 
| epoch = 42 | step =    80 | loss_pnn = 1.906 | loss_cn = 0.00000000 | acc_sim = 0.872 | acc_phy = 0.599 
| epoch = 42 | step =    90 | loss_pnn = 1.908 | loss_cn = 0.00000000 | acc_sim = 0.871 | acc_phy = 0.597 
| epoch = 42 | step =   100 | loss_pnn = 1.907 | loss_cn = 0.00000000 | acc_sim = 0.871 | acc_phy = 0.597 
| epoch = 42 | step =   110 | loss_pnn = 1.907 | loss_cn = 0.00000000 | acc_sim = 0.870 | acc_phy = 0.597 
| epoch = 42 | step =   120 | loss_pnn = 1.908 | loss_cn = 0.00000000 | acc_sim = 0.869 | acc_phy = 0.597 
Phy accuracy of the network on 10000 test images: 0.585


Current training epoch: 43, learning rate for pnn: 6.25e-05, 
| epoch = 43 | step =    10 | loss_pnn = 1.909 | loss_cn = 0.00000000 | acc_sim = 0.870 | acc_phy = 0.595 
| epoch = 43 | step =    20 | loss_pnn = 1.907 | loss_cn = 0.00000000 | acc_sim = 0.872 | acc_phy = 0.598 
| epoch = 43 | step =    30 | loss_pnn = 1.906 | loss_cn = 0.00000000 | acc_sim = 0.873 | acc_phy = 0.600 
| epoch = 43 | step =    40 | loss_pnn = 1.907 | loss_cn = 0.00000000 | acc_sim = 0.873 | acc_phy = 0.597 
| epoch = 43 | step =    50 | loss_pnn = 1.907 | loss_cn = 0.00000000 | acc_sim = 0.873 | acc_phy = 0.597 
| epoch = 43 | step =    60 | loss_pnn = 1.907 | loss_cn = 0.00000000 | acc_sim = 0.872 | acc_phy = 0.597 
| epoch = 43 | step =    70 | loss_pnn = 1.906 | loss_cn = 0.00000000 | acc_sim = 0.872 | acc_phy = 0.598 
| epoch = 43 | step =    80 | loss_pnn = 1.907 | loss_cn = 0.00000000 | acc_sim = 0.871 | acc_phy = 0.598 
| epoch = 43 | step =    90 | loss_pnn = 1.907 | loss_cn = 0.00000000 | acc_sim = 0.870 | acc_phy = 0.598 
| epoch = 43 | step =   100 | loss_pnn = 1.907 | loss_cn = 0.00000000 | acc_sim = 0.869 | acc_phy = 0.596 
| epoch = 43 | step =   110 | loss_pnn = 1.907 | loss_cn = 0.00000000 | acc_sim = 0.870 | acc_phy = 0.597 
| epoch = 43 | step =   120 | loss_pnn = 1.907 | loss_cn = 0.00000000 | acc_sim = 0.869 | acc_phy = 0.597 
Phy accuracy of the network on 10000 test images: 0.583


Current training epoch: 44, learning rate for pnn: 6.25e-05, 
| epoch = 44 | step =    10 | loss_pnn = 1.903 | loss_cn = 0.00000000 | acc_sim = 0.875 | acc_phy = 0.604 
| epoch = 44 | step =    20 | loss_pnn = 1.905 | loss_cn = 0.00000000 | acc_sim = 0.875 | acc_phy = 0.601 
| epoch = 44 | step =    30 | loss_pnn = 1.905 | loss_cn = 0.00000000 | acc_sim = 0.874 | acc_phy = 0.599 
| epoch = 44 | step =    40 | loss_pnn = 1.906 | loss_cn = 0.00000000 | acc_sim = 0.872 | acc_phy = 0.598 
| epoch = 44 | step =    50 | loss_pnn = 1.906 | loss_cn = 0.00000000 | acc_sim = 0.870 | acc_phy = 0.598 
| epoch = 44 | step =    60 | loss_pnn = 1.907 | loss_cn = 0.00000000 | acc_sim = 0.871 | acc_phy = 0.596 
| epoch = 44 | step =    70 | loss_pnn = 1.908 | loss_cn = 0.00000000 | acc_sim = 0.871 | acc_phy = 0.595 
| epoch = 44 | step =    80 | loss_pnn = 1.908 | loss_cn = 0.00000000 | acc_sim = 0.871 | acc_phy = 0.595 
| epoch = 44 | step =    90 | loss_pnn = 1.907 | loss_cn = 0.00000000 | acc_sim = 0.870 | acc_phy = 0.596 
| epoch = 44 | step =   100 | loss_pnn = 1.908 | loss_cn = 0.00000000 | acc_sim = 0.870 | acc_phy = 0.595 
| epoch = 44 | step =   110 | loss_pnn = 1.907 | loss_cn = 0.00000000 | acc_sim = 0.870 | acc_phy = 0.596 
| epoch = 44 | step =   120 | loss_pnn = 1.907 | loss_cn = 0.00000000 | acc_sim = 0.870 | acc_phy = 0.596 
Phy accuracy of the network on 10000 test images: 0.582


Current training epoch: 45, learning rate for pnn: 6.25e-05, 
| epoch = 45 | step =    10 | loss_pnn = 1.914 | loss_cn = 0.00000000 | acc_sim = 0.862 | acc_phy = 0.590 
| epoch = 45 | step =    20 | loss_pnn = 1.912 | loss_cn = 0.00000000 | acc_sim = 0.864 | acc_phy = 0.592 
| epoch = 45 | step =    30 | loss_pnn = 1.912 | loss_cn = 0.00000000 | acc_sim = 0.865 | acc_phy = 0.592 
| epoch = 45 | step =    40 | loss_pnn = 1.911 | loss_cn = 0.00000000 | acc_sim = 0.867 | acc_phy = 0.593 
| epoch = 45 | step =    50 | loss_pnn = 1.910 | loss_cn = 0.00000000 | acc_sim = 0.870 | acc_phy = 0.594 
| epoch = 45 | step =    60 | loss_pnn = 1.909 | loss_cn = 0.00000000 | acc_sim = 0.869 | acc_phy = 0.595 
| epoch = 45 | step =    70 | loss_pnn = 1.909 | loss_cn = 0.00000000 | acc_sim = 0.869 | acc_phy = 0.595 
| epoch = 45 | step =    80 | loss_pnn = 1.908 | loss_cn = 0.00000000 | acc_sim = 0.868 | acc_phy = 0.596 
| epoch = 45 | step =    90 | loss_pnn = 1.907 | loss_cn = 0.00000000 | acc_sim = 0.868 | acc_phy = 0.597 
| epoch = 45 | step =   100 | loss_pnn = 1.907 | loss_cn = 0.00000000 | acc_sim = 0.869 | acc_phy = 0.597 
| epoch = 45 | step =   110 | loss_pnn = 1.907 | loss_cn = 0.00000000 | acc_sim = 0.869 | acc_phy = 0.597 
| epoch = 45 | step =   120 | loss_pnn = 1.908 | loss_cn = 0.00000000 | acc_sim = 0.869 | acc_phy = 0.595 
Phy accuracy of the network on 10000 test images: 0.586


Current training epoch: 46, learning rate for pnn: 6.25e-05, 
| epoch = 46 | step =    10 | loss_pnn = 1.905 | loss_cn = 0.00000000 | acc_sim = 0.869 | acc_phy = 0.602 
| epoch = 46 | step =    20 | loss_pnn = 1.902 | loss_cn = 0.00000000 | acc_sim = 0.871 | acc_phy = 0.603 
| epoch = 46 | step =    30 | loss_pnn = 1.903 | loss_cn = 0.00000000 | acc_sim = 0.869 | acc_phy = 0.605 
| epoch = 46 | step =    40 | loss_pnn = 1.903 | loss_cn = 0.00000000 | acc_sim = 0.872 | acc_phy = 0.605 
| epoch = 46 | step =    50 | loss_pnn = 1.904 | loss_cn = 0.00000000 | acc_sim = 0.871 | acc_phy = 0.603 
| epoch = 46 | step =    60 | loss_pnn = 1.906 | loss_cn = 0.00000000 | acc_sim = 0.869 | acc_phy = 0.601 
| epoch = 46 | step =    70 | loss_pnn = 1.906 | loss_cn = 0.00000000 | acc_sim = 0.870 | acc_phy = 0.600 
| epoch = 46 | step =    80 | loss_pnn = 1.906 | loss_cn = 0.00000000 | acc_sim = 0.870 | acc_phy = 0.599 
| epoch = 46 | step =    90 | loss_pnn = 1.906 | loss_cn = 0.00000000 | acc_sim = 0.870 | acc_phy = 0.598 
| epoch = 46 | step =   100 | loss_pnn = 1.907 | loss_cn = 0.00000000 | acc_sim = 0.869 | acc_phy = 0.597 
| epoch = 46 | step =   110 | loss_pnn = 1.907 | loss_cn = 0.00000000 | acc_sim = 0.869 | acc_phy = 0.597 
| epoch = 46 | step =   120 | loss_pnn = 1.907 | loss_cn = 0.00000000 | acc_sim = 0.869 | acc_phy = 0.597 
Phy accuracy of the network on 10000 test images: 0.587


Current training epoch: 47, learning rate for pnn: 6.25e-05, 
| epoch = 47 | step =    10 | loss_pnn = 1.907 | loss_cn = 0.00000000 | acc_sim = 0.868 | acc_phy = 0.602 
| epoch = 47 | step =    20 | loss_pnn = 1.908 | loss_cn = 0.00000000 | acc_sim = 0.868 | acc_phy = 0.600 
| epoch = 47 | step =    30 | loss_pnn = 1.907 | loss_cn = 0.00000000 | acc_sim = 0.870 | acc_phy = 0.601 
| epoch = 47 | step =    40 | loss_pnn = 1.909 | loss_cn = 0.00000000 | acc_sim = 0.871 | acc_phy = 0.598 
| epoch = 47 | step =    50 | loss_pnn = 1.906 | loss_cn = 0.00000000 | acc_sim = 0.869 | acc_phy = 0.600 
| epoch = 47 | step =    60 | loss_pnn = 1.906 | loss_cn = 0.00000000 | acc_sim = 0.870 | acc_phy = 0.599 
| epoch = 47 | step =    70 | loss_pnn = 1.908 | loss_cn = 0.00000000 | acc_sim = 0.870 | acc_phy = 0.597 
| epoch = 47 | step =    80 | loss_pnn = 1.908 | loss_cn = 0.00000000 | acc_sim = 0.869 | acc_phy = 0.596 
| epoch = 47 | step =    90 | loss_pnn = 1.908 | loss_cn = 0.00000000 | acc_sim = 0.869 | acc_phy = 0.596 
| epoch = 47 | step =   100 | loss_pnn = 1.908 | loss_cn = 0.00000000 | acc_sim = 0.869 | acc_phy = 0.595 
| epoch = 47 | step =   110 | loss_pnn = 1.908 | loss_cn = 0.00000000 | acc_sim = 0.869 | acc_phy = 0.595 
| epoch = 47 | step =   120 | loss_pnn = 1.907 | loss_cn = 0.00000000 | acc_sim = 0.869 | acc_phy = 0.596 
Phy accuracy of the network on 10000 test images: 0.583


Current training epoch: 48, learning rate for pnn: 6.25e-05, 
| epoch = 48 | step =    10 | loss_pnn = 1.912 | loss_cn = 0.00000000 | acc_sim = 0.864 | acc_phy = 0.599 
| epoch = 48 | step =    20 | loss_pnn = 1.912 | loss_cn = 0.00000000 | acc_sim = 0.864 | acc_phy = 0.597 
| epoch = 48 | step =    30 | loss_pnn = 1.911 | loss_cn = 0.00000000 | acc_sim = 0.866 | acc_phy = 0.597 
| epoch = 48 | step =    40 | loss_pnn = 1.911 | loss_cn = 0.00000000 | acc_sim = 0.866 | acc_phy = 0.595 
| epoch = 48 | step =    50 | loss_pnn = 1.911 | loss_cn = 0.00000000 | acc_sim = 0.867 | acc_phy = 0.595 
| epoch = 48 | step =    60 | loss_pnn = 1.911 | loss_cn = 0.00000000 | acc_sim = 0.867 | acc_phy = 0.595 
| epoch = 48 | step =    70 | loss_pnn = 1.910 | loss_cn = 0.00000000 | acc_sim = 0.868 | acc_phy = 0.595 
| epoch = 48 | step =    80 | loss_pnn = 1.909 | loss_cn = 0.00000000 | acc_sim = 0.868 | acc_phy = 0.594 
| epoch = 48 | step =    90 | loss_pnn = 1.909 | loss_cn = 0.00000000 | acc_sim = 0.868 | acc_phy = 0.595 
| epoch = 48 | step =   100 | loss_pnn = 1.909 | loss_cn = 0.00000000 | acc_sim = 0.869 | acc_phy = 0.594 
| epoch = 48 | step =   110 | loss_pnn = 1.909 | loss_cn = 0.00000000 | acc_sim = 0.869 | acc_phy = 0.596 
| epoch = 48 | step =   120 | loss_pnn = 1.908 | loss_cn = 0.00000000 | acc_sim = 0.869 | acc_phy = 0.596 
Phy accuracy of the network on 10000 test images: 0.585


Current training epoch: 49, learning rate for pnn: 6.25e-05, 
| epoch = 49 | step =    10 | loss_pnn = 1.904 | loss_cn = 0.00000000 | acc_sim = 0.872 | acc_phy = 0.602 
| epoch = 49 | step =    20 | loss_pnn = 1.906 | loss_cn = 0.00000000 | acc_sim = 0.873 | acc_phy = 0.597 
| epoch = 49 | step =    30 | loss_pnn = 1.907 | loss_cn = 0.00000000 | acc_sim = 0.871 | acc_phy = 0.596 
| epoch = 49 | step =    40 | loss_pnn = 1.906 | loss_cn = 0.00000000 | acc_sim = 0.870 | acc_phy = 0.598 
| epoch = 49 | step =    50 | loss_pnn = 1.905 | loss_cn = 0.00000000 | acc_sim = 0.872 | acc_phy = 0.598 
| epoch = 49 | step =    60 | loss_pnn = 1.905 | loss_cn = 0.00000000 | acc_sim = 0.869 | acc_phy = 0.599 
| epoch = 49 | step =    70 | loss_pnn = 1.906 | loss_cn = 0.00000000 | acc_sim = 0.870 | acc_phy = 0.598 
| epoch = 49 | step =    80 | loss_pnn = 1.906 | loss_cn = 0.00000000 | acc_sim = 0.869 | acc_phy = 0.598 
| epoch = 49 | step =    90 | loss_pnn = 1.906 | loss_cn = 0.00000000 | acc_sim = 0.870 | acc_phy = 0.597 
| epoch = 49 | step =   100 | loss_pnn = 1.906 | loss_cn = 0.00000000 | acc_sim = 0.870 | acc_phy = 0.596 
| epoch = 49 | step =   110 | loss_pnn = 1.907 | loss_cn = 0.00000000 | acc_sim = 0.869 | acc_phy = 0.596 
| epoch = 49 | step =   120 | loss_pnn = 1.907 | loss_cn = 0.00000000 | acc_sim = 0.870 | acc_phy = 0.596 
Phy accuracy of the network on 10000 test images: 0.582


Current training epoch: 50, learning rate for pnn: 6.25e-05, 
| epoch = 50 | step =    10 | loss_pnn = 1.910 | loss_cn = 0.00000000 | acc_sim = 0.872 | acc_phy = 0.596 
| epoch = 50 | step =    20 | loss_pnn = 1.908 | loss_cn = 0.00000000 | acc_sim = 0.870 | acc_phy = 0.598 
| epoch = 50 | step =    30 | loss_pnn = 1.905 | loss_cn = 0.00000000 | acc_sim = 0.872 | acc_phy = 0.600 
| epoch = 50 | step =    40 | loss_pnn = 1.906 | loss_cn = 0.00000000 | acc_sim = 0.872 | acc_phy = 0.600 
| epoch = 50 | step =    50 | loss_pnn = 1.907 | loss_cn = 0.00000000 | acc_sim = 0.872 | acc_phy = 0.598 
| epoch = 50 | step =    60 | loss_pnn = 1.908 | loss_cn = 0.00000000 | acc_sim = 0.872 | acc_phy = 0.598 
| epoch = 50 | step =    70 | loss_pnn = 1.907 | loss_cn = 0.00000000 | acc_sim = 0.871 | acc_phy = 0.598 
| epoch = 50 | step =    80 | loss_pnn = 1.906 | loss_cn = 0.00000000 | acc_sim = 0.870 | acc_phy = 0.599 
| epoch = 50 | step =    90 | loss_pnn = 1.906 | loss_cn = 0.00000000 | acc_sim = 0.869 | acc_phy = 0.599 
| epoch = 50 | step =   100 | loss_pnn = 1.906 | loss_cn = 0.00000000 | acc_sim = 0.869 | acc_phy = 0.599 
| epoch = 50 | step =   110 | loss_pnn = 1.906 | loss_cn = 0.00000000 | acc_sim = 0.869 | acc_phy = 0.598 
| epoch = 50 | step =   120 | loss_pnn = 1.907 | loss_cn = 0.00000000 | acc_sim = 0.869 | acc_phy = 0.597 
Phy accuracy of the network on 10000 test images: 0.583

Finished training. Elapsed time of training = 1:23:57.174869
