Training new model from scratch......
--------------------------
Training with SEPN
--------------------------

Current training epoch: 1, learning rate for pnn: 0.001, learning rate for SEPN: 0.001
| epoch = 1 | step =    10 | loss_pnn = 2.300 | loss_cn = 0.02000270 | acc_sim = 0.246 | acc_phy = 0.113 
| epoch = 1 | step =    20 | loss_pnn = 2.286 | loss_cn = 0.01761541 | acc_sim = 0.345 | acc_phy = 0.161 
| epoch = 1 | step =    30 | loss_pnn = 2.269 | loss_cn = 0.01723551 | acc_sim = 0.408 | acc_phy = 0.202 
| epoch = 1 | step =    40 | loss_pnn = 2.249 | loss_cn = 0.01770754 | acc_sim = 0.457 | acc_phy = 0.237 
| epoch = 1 | step =    50 | loss_pnn = 2.231 | loss_cn = 0.01787451 | acc_sim = 0.499 | acc_phy = 0.268 
| epoch = 1 | step =    60 | loss_pnn = 2.216 | loss_cn = 0.01754832 | acc_sim = 0.533 | acc_phy = 0.289 
| epoch = 1 | step =    70 | loss_pnn = 2.203 | loss_cn = 0.01713897 | acc_sim = 0.564 | acc_phy = 0.306 
| epoch = 1 | step =    80 | loss_pnn = 2.193 | loss_cn = 0.01680575 | acc_sim = 0.589 | acc_phy = 0.319 
| epoch = 1 | step =    90 | loss_pnn = 2.183 | loss_cn = 0.01640554 | acc_sim = 0.609 | acc_phy = 0.333 
| epoch = 1 | step =   100 | loss_pnn = 2.175 | loss_cn = 0.01605641 | acc_sim = 0.628 | acc_phy = 0.344 
| epoch = 1 | step =   110 | loss_pnn = 2.167 | loss_cn = 0.01574853 | acc_sim = 0.644 | acc_phy = 0.355 
| epoch = 1 | step =   120 | loss_pnn = 2.161 | loss_cn = 0.01545141 | acc_sim = 0.659 | acc_phy = 0.363 
Phy accuracy of the network on 10000 test images: 0.490


Current training epoch: 2, learning rate for pnn: 0.001, learning rate for SEPN: 0.001
| epoch = 2 | step =    10 | loss_pnn = 2.074 | loss_cn = 0.01226734 | acc_sim = 0.830 | acc_phy = 0.477 
| epoch = 2 | step =    20 | loss_pnn = 2.070 | loss_cn = 0.01189941 | acc_sim = 0.833 | acc_phy = 0.484 
| epoch = 2 | step =    30 | loss_pnn = 2.067 | loss_cn = 0.01168621 | acc_sim = 0.838 | acc_phy = 0.487 
| epoch = 2 | step =    40 | loss_pnn = 2.066 | loss_cn = 0.01160639 | acc_sim = 0.840 | acc_phy = 0.492 
| epoch = 2 | step =    50 | loss_pnn = 2.064 | loss_cn = 0.01151042 | acc_sim = 0.842 | acc_phy = 0.494 
| epoch = 2 | step =    60 | loss_pnn = 2.064 | loss_cn = 0.01132536 | acc_sim = 0.844 | acc_phy = 0.495 
| epoch = 2 | step =    70 | loss_pnn = 2.062 | loss_cn = 0.01122307 | acc_sim = 0.847 | acc_phy = 0.499 
| epoch = 2 | step =    80 | loss_pnn = 2.060 | loss_cn = 0.01112040 | acc_sim = 0.850 | acc_phy = 0.501 
| epoch = 2 | step =    90 | loss_pnn = 2.059 | loss_cn = 0.01102544 | acc_sim = 0.853 | acc_phy = 0.503 
| epoch = 2 | step =   100 | loss_pnn = 2.058 | loss_cn = 0.01094103 | acc_sim = 0.854 | acc_phy = 0.504 
| epoch = 2 | step =   110 | loss_pnn = 2.056 | loss_cn = 0.01088147 | acc_sim = 0.857 | acc_phy = 0.507 
| epoch = 2 | step =   120 | loss_pnn = 2.054 | loss_cn = 0.01079346 | acc_sim = 0.858 | acc_phy = 0.510 
Phy accuracy of the network on 10000 test images: 0.552


Current training epoch: 3, learning rate for pnn: 0.001, learning rate for SEPN: 0.001
| epoch = 3 | step =    10 | loss_pnn = 2.028 | loss_cn = 0.00962907 | acc_sim = 0.884 | acc_phy = 0.546 
| epoch = 3 | step =    20 | loss_pnn = 2.028 | loss_cn = 0.00974575 | acc_sim = 0.884 | acc_phy = 0.541 
| epoch = 3 | step =    30 | loss_pnn = 2.028 | loss_cn = 0.00972058 | acc_sim = 0.884 | acc_phy = 0.538 
| epoch = 3 | step =    40 | loss_pnn = 2.026 | loss_cn = 0.00966598 | acc_sim = 0.885 | acc_phy = 0.538 
| epoch = 3 | step =    50 | loss_pnn = 2.024 | loss_cn = 0.00955912 | acc_sim = 0.887 | acc_phy = 0.542 
| epoch = 3 | step =    60 | loss_pnn = 2.023 | loss_cn = 0.00954206 | acc_sim = 0.888 | acc_phy = 0.545 
| epoch = 3 | step =    70 | loss_pnn = 2.021 | loss_cn = 0.00954992 | acc_sim = 0.888 | acc_phy = 0.548 
| epoch = 3 | step =    80 | loss_pnn = 2.020 | loss_cn = 0.00950493 | acc_sim = 0.888 | acc_phy = 0.549 
| epoch = 3 | step =    90 | loss_pnn = 2.017 | loss_cn = 0.00946774 | acc_sim = 0.889 | acc_phy = 0.553 
| epoch = 3 | step =   100 | loss_pnn = 2.015 | loss_cn = 0.00940805 | acc_sim = 0.889 | acc_phy = 0.555 
| epoch = 3 | step =   110 | loss_pnn = 2.014 | loss_cn = 0.00937806 | acc_sim = 0.891 | acc_phy = 0.557 
| epoch = 3 | step =   120 | loss_pnn = 2.013 | loss_cn = 0.00932119 | acc_sim = 0.891 | acc_phy = 0.559 
Phy accuracy of the network on 10000 test images: 0.588


Current training epoch: 4, learning rate for pnn: 0.001, learning rate for SEPN: 0.001
| epoch = 4 | step =    10 | loss_pnn = 1.996 | loss_cn = 0.00888616 | acc_sim = 0.897 | acc_phy = 0.580 
| epoch = 4 | step =    20 | loss_pnn = 1.995 | loss_cn = 0.00880872 | acc_sim = 0.898 | acc_phy = 0.581 
| epoch = 4 | step =    30 | loss_pnn = 1.994 | loss_cn = 0.00868419 | acc_sim = 0.900 | acc_phy = 0.578 
| epoch = 4 | step =    40 | loss_pnn = 1.991 | loss_cn = 0.00874298 | acc_sim = 0.900 | acc_phy = 0.580 
| epoch = 4 | step =    50 | loss_pnn = 1.989 | loss_cn = 0.00876506 | acc_sim = 0.900 | acc_phy = 0.582 
| epoch = 4 | step =    60 | loss_pnn = 1.986 | loss_cn = 0.00876740 | acc_sim = 0.901 | acc_phy = 0.586 
| epoch = 4 | step =    70 | loss_pnn = 1.984 | loss_cn = 0.00871506 | acc_sim = 0.900 | acc_phy = 0.587 
| epoch = 4 | step =    80 | loss_pnn = 1.983 | loss_cn = 0.00867429 | acc_sim = 0.900 | acc_phy = 0.588 
| epoch = 4 | step =    90 | loss_pnn = 1.981 | loss_cn = 0.00863941 | acc_sim = 0.900 | acc_phy = 0.590 
| epoch = 4 | step =   100 | loss_pnn = 1.980 | loss_cn = 0.00855791 | acc_sim = 0.900 | acc_phy = 0.590 
| epoch = 4 | step =   110 | loss_pnn = 1.980 | loss_cn = 0.00858293 | acc_sim = 0.901 | acc_phy = 0.591 
| epoch = 4 | step =   120 | loss_pnn = 1.979 | loss_cn = 0.00854540 | acc_sim = 0.902 | acc_phy = 0.591 
Phy accuracy of the network on 10000 test images: 0.576


Current training epoch: 5, learning rate for pnn: 0.001, learning rate for SEPN: 0.001
| epoch = 5 | step =    10 | loss_pnn = 1.978 | loss_cn = 0.00800821 | acc_sim = 0.904 | acc_phy = 0.580 
| epoch = 5 | step =    20 | loss_pnn = 1.965 | loss_cn = 0.00816153 | acc_sim = 0.905 | acc_phy = 0.595 
| epoch = 5 | step =    30 | loss_pnn = 1.962 | loss_cn = 0.00809637 | acc_sim = 0.906 | acc_phy = 0.597 
| epoch = 5 | step =    40 | loss_pnn = 1.957 | loss_cn = 0.00795300 | acc_sim = 0.907 | acc_phy = 0.601 
| epoch = 5 | step =    50 | loss_pnn = 1.956 | loss_cn = 0.00796786 | acc_sim = 0.906 | acc_phy = 0.603 
| epoch = 5 | step =    60 | loss_pnn = 1.955 | loss_cn = 0.00787745 | acc_sim = 0.906 | acc_phy = 0.602 
| epoch = 5 | step =    70 | loss_pnn = 1.953 | loss_cn = 0.00791596 | acc_sim = 0.907 | acc_phy = 0.603 
| epoch = 5 | step =    80 | loss_pnn = 1.953 | loss_cn = 0.00796477 | acc_sim = 0.907 | acc_phy = 0.601 
| epoch = 5 | step =    90 | loss_pnn = 1.954 | loss_cn = 0.00791203 | acc_sim = 0.908 | acc_phy = 0.600 
| epoch = 5 | step =   100 | loss_pnn = 1.954 | loss_cn = 0.00790884 | acc_sim = 0.908 | acc_phy = 0.599 
| epoch = 5 | step =   110 | loss_pnn = 1.954 | loss_cn = 0.00789730 | acc_sim = 0.908 | acc_phy = 0.599 
| epoch = 5 | step =   120 | loss_pnn = 1.953 | loss_cn = 0.00784386 | acc_sim = 0.908 | acc_phy = 0.599 
Phy accuracy of the network on 10000 test images: 0.627


Current training epoch: 6, learning rate for pnn: 0.001, learning rate for SEPN: 0.001
| epoch = 6 | step =    10 | loss_pnn = 1.933 | loss_cn = 0.00743489 | acc_sim = 0.916 | acc_phy = 0.615 
| epoch = 6 | step =    20 | loss_pnn = 1.937 | loss_cn = 0.00753643 | acc_sim = 0.912 | acc_phy = 0.609 
| epoch = 6 | step =    30 | loss_pnn = 1.935 | loss_cn = 0.00773487 | acc_sim = 0.915 | acc_phy = 0.610 
| epoch = 6 | step =    40 | loss_pnn = 1.934 | loss_cn = 0.00761653 | acc_sim = 0.916 | acc_phy = 0.613 
| epoch = 6 | step =    50 | loss_pnn = 1.935 | loss_cn = 0.00759681 | acc_sim = 0.916 | acc_phy = 0.611 
| epoch = 6 | step =    60 | loss_pnn = 1.933 | loss_cn = 0.00755964 | acc_sim = 0.916 | acc_phy = 0.612 
| epoch = 6 | step =    70 | loss_pnn = 1.932 | loss_cn = 0.00753212 | acc_sim = 0.915 | acc_phy = 0.612 
| epoch = 6 | step =    80 | loss_pnn = 1.932 | loss_cn = 0.00752968 | acc_sim = 0.916 | acc_phy = 0.610 
| epoch = 6 | step =    90 | loss_pnn = 1.933 | loss_cn = 0.00748343 | acc_sim = 0.914 | acc_phy = 0.610 
| epoch = 6 | step =   100 | loss_pnn = 1.932 | loss_cn = 0.00745364 | acc_sim = 0.915 | acc_phy = 0.609 
| epoch = 6 | step =   110 | loss_pnn = 1.931 | loss_cn = 0.00747725 | acc_sim = 0.914 | acc_phy = 0.609 
| epoch = 6 | step =   120 | loss_pnn = 1.931 | loss_cn = 0.00743999 | acc_sim = 0.915 | acc_phy = 0.609 
Phy accuracy of the network on 10000 test images: 0.616


Current training epoch: 7, learning rate for pnn: 0.001, learning rate for SEPN: 0.001
| epoch = 7 | step =    10 | loss_pnn = 1.919 | loss_cn = 0.00679160 | acc_sim = 0.918 | acc_phy = 0.620 
| epoch = 7 | step =    20 | loss_pnn = 1.917 | loss_cn = 0.00692921 | acc_sim = 0.919 | acc_phy = 0.620 
| epoch = 7 | step =    30 | loss_pnn = 1.919 | loss_cn = 0.00698883 | acc_sim = 0.918 | acc_phy = 0.614 
| epoch = 7 | step =    40 | loss_pnn = 1.920 | loss_cn = 0.00704053 | acc_sim = 0.920 | acc_phy = 0.610 
| epoch = 7 | step =    50 | loss_pnn = 1.920 | loss_cn = 0.00716172 | acc_sim = 0.919 | acc_phy = 0.611 
| epoch = 7 | step =    60 | loss_pnn = 1.920 | loss_cn = 0.00714842 | acc_sim = 0.919 | acc_phy = 0.610 
| epoch = 7 | step =    70 | loss_pnn = 1.919 | loss_cn = 0.00715521 | acc_sim = 0.918 | acc_phy = 0.611 
| epoch = 7 | step =    80 | loss_pnn = 1.920 | loss_cn = 0.00716337 | acc_sim = 0.919 | acc_phy = 0.611 
| epoch = 7 | step =    90 | loss_pnn = 1.919 | loss_cn = 0.00715628 | acc_sim = 0.918 | acc_phy = 0.611 
| epoch = 7 | step =   100 | loss_pnn = 1.918 | loss_cn = 0.00712563 | acc_sim = 0.917 | acc_phy = 0.612 
| epoch = 7 | step =   110 | loss_pnn = 1.917 | loss_cn = 0.00711061 | acc_sim = 0.918 | acc_phy = 0.612 
| epoch = 7 | step =   120 | loss_pnn = 1.916 | loss_cn = 0.00709081 | acc_sim = 0.918 | acc_phy = 0.613 
Phy accuracy of the network on 10000 test images: 0.604


Current training epoch: 8, learning rate for pnn: 0.001, learning rate for SEPN: 0.001
| epoch = 8 | step =    10 | loss_pnn = 1.929 | loss_cn = 0.00674560 | acc_sim = 0.928 | acc_phy = 0.581 
| epoch = 8 | step =    20 | loss_pnn = 1.920 | loss_cn = 0.00687892 | acc_sim = 0.923 | acc_phy = 0.597 
| epoch = 8 | step =    30 | loss_pnn = 1.916 | loss_cn = 0.00689269 | acc_sim = 0.924 | acc_phy = 0.602 
| epoch = 8 | step =    40 | loss_pnn = 1.915 | loss_cn = 0.00685933 | acc_sim = 0.922 | acc_phy = 0.605 
| epoch = 8 | step =    50 | loss_pnn = 1.915 | loss_cn = 0.00679189 | acc_sim = 0.922 | acc_phy = 0.606 
| epoch = 8 | step =    60 | loss_pnn = 1.913 | loss_cn = 0.00689795 | acc_sim = 0.921 | acc_phy = 0.608 
| epoch = 8 | step =    70 | loss_pnn = 1.913 | loss_cn = 0.00687647 | acc_sim = 0.921 | acc_phy = 0.607 
| epoch = 8 | step =    80 | loss_pnn = 1.911 | loss_cn = 0.00683171 | acc_sim = 0.921 | acc_phy = 0.610 
| epoch = 8 | step =    90 | loss_pnn = 1.909 | loss_cn = 0.00686797 | acc_sim = 0.921 | acc_phy = 0.613 
| epoch = 8 | step =   100 | loss_pnn = 1.906 | loss_cn = 0.00685262 | acc_sim = 0.922 | acc_phy = 0.615 
| epoch = 8 | step =   110 | loss_pnn = 1.904 | loss_cn = 0.00681752 | acc_sim = 0.922 | acc_phy = 0.617 
| epoch = 8 | step =   120 | loss_pnn = 1.903 | loss_cn = 0.00679178 | acc_sim = 0.922 | acc_phy = 0.618 
Phy accuracy of the network on 10000 test images: 0.640


Current training epoch: 9, learning rate for pnn: 0.001, learning rate for SEPN: 0.001
| epoch = 9 | step =    10 | loss_pnn = 1.884 | loss_cn = 0.00651736 | acc_sim = 0.923 | acc_phy = 0.633 
| epoch = 9 | step =    20 | loss_pnn = 1.888 | loss_cn = 0.00684584 | acc_sim = 0.924 | acc_phy = 0.633 
| epoch = 9 | step =    30 | loss_pnn = 1.889 | loss_cn = 0.00683379 | acc_sim = 0.924 | acc_phy = 0.630 
| epoch = 9 | step =    40 | loss_pnn = 1.886 | loss_cn = 0.00672022 | acc_sim = 0.925 | acc_phy = 0.633 
| epoch = 9 | step =    50 | loss_pnn = 1.888 | loss_cn = 0.00666959 | acc_sim = 0.924 | acc_phy = 0.630 
| epoch = 9 | step =    60 | loss_pnn = 1.888 | loss_cn = 0.00662288 | acc_sim = 0.924 | acc_phy = 0.630 
| epoch = 9 | step =    70 | loss_pnn = 1.888 | loss_cn = 0.00654330 | acc_sim = 0.924 | acc_phy = 0.629 
| epoch = 9 | step =    80 | loss_pnn = 1.889 | loss_cn = 0.00652341 | acc_sim = 0.925 | acc_phy = 0.629 
| epoch = 9 | step =    90 | loss_pnn = 1.889 | loss_cn = 0.00660250 | acc_sim = 0.925 | acc_phy = 0.627 
| epoch = 9 | step =   100 | loss_pnn = 1.888 | loss_cn = 0.00657979 | acc_sim = 0.925 | acc_phy = 0.628 
| epoch = 9 | step =   110 | loss_pnn = 1.887 | loss_cn = 0.00658410 | acc_sim = 0.925 | acc_phy = 0.628 
| epoch = 9 | step =   120 | loss_pnn = 1.887 | loss_cn = 0.00663457 | acc_sim = 0.924 | acc_phy = 0.629 
Phy accuracy of the network on 10000 test images: 0.644


Current training epoch: 10, learning rate for pnn: 0.001, learning rate for SEPN: 0.001
| epoch = 10 | step =    10 | loss_pnn = 1.866 | loss_cn = 0.00637042 | acc_sim = 0.931 | acc_phy = 0.657 
| epoch = 10 | step =    20 | loss_pnn = 1.864 | loss_cn = 0.00644831 | acc_sim = 0.929 | acc_phy = 0.663 
| epoch = 10 | step =    30 | loss_pnn = 1.869 | loss_cn = 0.00642491 | acc_sim = 0.924 | acc_phy = 0.658 
| epoch = 10 | step =    40 | loss_pnn = 1.872 | loss_cn = 0.00639839 | acc_sim = 0.924 | acc_phy = 0.652 
| epoch = 10 | step =    50 | loss_pnn = 1.873 | loss_cn = 0.00639590 | acc_sim = 0.925 | acc_phy = 0.650 
| epoch = 10 | step =    60 | loss_pnn = 1.877 | loss_cn = 0.00648680 | acc_sim = 0.926 | acc_phy = 0.644 
| epoch = 10 | step =    70 | loss_pnn = 1.880 | loss_cn = 0.00668027 | acc_sim = 0.925 | acc_phy = 0.637 
| epoch = 10 | step =    80 | loss_pnn = 1.879 | loss_cn = 0.00661766 | acc_sim = 0.925 | acc_phy = 0.636 
| epoch = 10 | step =    90 | loss_pnn = 1.879 | loss_cn = 0.00659167 | acc_sim = 0.926 | acc_phy = 0.636 
| epoch = 10 | step =   100 | loss_pnn = 1.879 | loss_cn = 0.00654347 | acc_sim = 0.926 | acc_phy = 0.635 
| epoch = 10 | step =   110 | loss_pnn = 1.878 | loss_cn = 0.00652061 | acc_sim = 0.926 | acc_phy = 0.637 
| epoch = 10 | step =   120 | loss_pnn = 1.878 | loss_cn = 0.00647279 | acc_sim = 0.927 | acc_phy = 0.637 
Phy accuracy of the network on 10000 test images: 0.617


Current training epoch: 11, learning rate for pnn: 0.0005, learning rate for SEPN: 0.0005
| epoch = 11 | step =    10 | loss_pnn = 1.895 | loss_cn = 0.00557329 | acc_sim = 0.921 | acc_phy = 0.602 
| epoch = 11 | step =    20 | loss_pnn = 1.884 | loss_cn = 0.00559618 | acc_sim = 0.929 | acc_phy = 0.622 
| epoch = 11 | step =    30 | loss_pnn = 1.885 | loss_cn = 0.00558174 | acc_sim = 0.930 | acc_phy = 0.622 
| epoch = 11 | step =    40 | loss_pnn = 1.887 | loss_cn = 0.00562571 | acc_sim = 0.930 | acc_phy = 0.619 
| epoch = 11 | step =    50 | loss_pnn = 1.883 | loss_cn = 0.00562321 | acc_sim = 0.930 | acc_phy = 0.625 
| epoch = 11 | step =    60 | loss_pnn = 1.882 | loss_cn = 0.00563247 | acc_sim = 0.930 | acc_phy = 0.625 
| epoch = 11 | step =    70 | loss_pnn = 1.882 | loss_cn = 0.00564111 | acc_sim = 0.929 | acc_phy = 0.625 
| epoch = 11 | step =    80 | loss_pnn = 1.880 | loss_cn = 0.00565120 | acc_sim = 0.929 | acc_phy = 0.629 
| epoch = 11 | step =    90 | loss_pnn = 1.878 | loss_cn = 0.00562954 | acc_sim = 0.930 | acc_phy = 0.631 
| epoch = 11 | step =   100 | loss_pnn = 1.877 | loss_cn = 0.00563268 | acc_sim = 0.930 | acc_phy = 0.632 
| epoch = 11 | step =   110 | loss_pnn = 1.877 | loss_cn = 0.00561418 | acc_sim = 0.930 | acc_phy = 0.632 
| epoch = 11 | step =   120 | loss_pnn = 1.876 | loss_cn = 0.00559656 | acc_sim = 0.930 | acc_phy = 0.635 
Phy accuracy of the network on 10000 test images: 0.635


Current training epoch: 12, learning rate for pnn: 0.0005, learning rate for SEPN: 0.0005
| epoch = 12 | step =    10 | loss_pnn = 1.887 | loss_cn = 0.00545365 | acc_sim = 0.934 | acc_phy = 0.615 
| epoch = 12 | step =    20 | loss_pnn = 1.878 | loss_cn = 0.00536493 | acc_sim = 0.934 | acc_phy = 0.628 
| epoch = 12 | step =    30 | loss_pnn = 1.872 | loss_cn = 0.00540112 | acc_sim = 0.933 | acc_phy = 0.636 
| epoch = 12 | step =    40 | loss_pnn = 1.873 | loss_cn = 0.00536375 | acc_sim = 0.933 | acc_phy = 0.637 
| epoch = 12 | step =    50 | loss_pnn = 1.873 | loss_cn = 0.00536154 | acc_sim = 0.932 | acc_phy = 0.636 
| epoch = 12 | step =    60 | loss_pnn = 1.873 | loss_cn = 0.00536339 | acc_sim = 0.932 | acc_phy = 0.636 
| epoch = 12 | step =    70 | loss_pnn = 1.873 | loss_cn = 0.00539541 | acc_sim = 0.933 | acc_phy = 0.636 
| epoch = 12 | step =    80 | loss_pnn = 1.874 | loss_cn = 0.00541630 | acc_sim = 0.932 | acc_phy = 0.636 
| epoch = 12 | step =    90 | loss_pnn = 1.874 | loss_cn = 0.00542348 | acc_sim = 0.933 | acc_phy = 0.634 
| epoch = 12 | step =   100 | loss_pnn = 1.875 | loss_cn = 0.00541618 | acc_sim = 0.932 | acc_phy = 0.633 
| epoch = 12 | step =   110 | loss_pnn = 1.875 | loss_cn = 0.00541920 | acc_sim = 0.932 | acc_phy = 0.633 
| epoch = 12 | step =   120 | loss_pnn = 1.874 | loss_cn = 0.00541969 | acc_sim = 0.932 | acc_phy = 0.634 
Phy accuracy of the network on 10000 test images: 0.658


Current training epoch: 13, learning rate for pnn: 0.0005, learning rate for SEPN: 0.0005
| epoch = 13 | step =    10 | loss_pnn = 1.872 | loss_cn = 0.00519526 | acc_sim = 0.931 | acc_phy = 0.636 
| epoch = 13 | step =    20 | loss_pnn = 1.878 | loss_cn = 0.00530146 | acc_sim = 0.930 | acc_phy = 0.628 
| epoch = 13 | step =    30 | loss_pnn = 1.873 | loss_cn = 0.00539647 | acc_sim = 0.931 | acc_phy = 0.635 
| epoch = 13 | step =    40 | loss_pnn = 1.873 | loss_cn = 0.00542366 | acc_sim = 0.932 | acc_phy = 0.635 
| epoch = 13 | step =    50 | loss_pnn = 1.873 | loss_cn = 0.00537350 | acc_sim = 0.932 | acc_phy = 0.636 
| epoch = 13 | step =    60 | loss_pnn = 1.872 | loss_cn = 0.00536356 | acc_sim = 0.932 | acc_phy = 0.636 
| epoch = 13 | step =    70 | loss_pnn = 1.872 | loss_cn = 0.00535590 | acc_sim = 0.932 | acc_phy = 0.636 
| epoch = 13 | step =    80 | loss_pnn = 1.873 | loss_cn = 0.00533792 | acc_sim = 0.932 | acc_phy = 0.635 
| epoch = 13 | step =    90 | loss_pnn = 1.874 | loss_cn = 0.00534726 | acc_sim = 0.932 | acc_phy = 0.634 
| epoch = 13 | step =   100 | loss_pnn = 1.874 | loss_cn = 0.00535433 | acc_sim = 0.932 | acc_phy = 0.634 
| epoch = 13 | step =   110 | loss_pnn = 1.874 | loss_cn = 0.00536078 | acc_sim = 0.932 | acc_phy = 0.633 
| epoch = 13 | step =   120 | loss_pnn = 1.875 | loss_cn = 0.00535129 | acc_sim = 0.933 | acc_phy = 0.634 
Phy accuracy of the network on 10000 test images: 0.649


Current training epoch: 14, learning rate for pnn: 0.0005, learning rate for SEPN: 0.0005
| epoch = 14 | step =    10 | loss_pnn = 1.873 | loss_cn = 0.00522932 | acc_sim = 0.933 | acc_phy = 0.640 
| epoch = 14 | step =    20 | loss_pnn = 1.878 | loss_cn = 0.00526326 | acc_sim = 0.933 | acc_phy = 0.632 
| epoch = 14 | step =    30 | loss_pnn = 1.875 | loss_cn = 0.00526252 | acc_sim = 0.933 | acc_phy = 0.636 
| epoch = 14 | step =    40 | loss_pnn = 1.872 | loss_cn = 0.00524710 | acc_sim = 0.933 | acc_phy = 0.642 
| epoch = 14 | step =    50 | loss_pnn = 1.870 | loss_cn = 0.00522499 | acc_sim = 0.935 | acc_phy = 0.644 
| epoch = 14 | step =    60 | loss_pnn = 1.871 | loss_cn = 0.00523313 | acc_sim = 0.934 | acc_phy = 0.643 
| epoch = 14 | step =    70 | loss_pnn = 1.871 | loss_cn = 0.00521524 | acc_sim = 0.934 | acc_phy = 0.642 
| epoch = 14 | step =    80 | loss_pnn = 1.871 | loss_cn = 0.00522046 | acc_sim = 0.935 | acc_phy = 0.642 
| epoch = 14 | step =    90 | loss_pnn = 1.871 | loss_cn = 0.00520336 | acc_sim = 0.934 | acc_phy = 0.641 
| epoch = 14 | step =   100 | loss_pnn = 1.872 | loss_cn = 0.00523048 | acc_sim = 0.934 | acc_phy = 0.640 
| epoch = 14 | step =   110 | loss_pnn = 1.872 | loss_cn = 0.00522083 | acc_sim = 0.934 | acc_phy = 0.639 
| epoch = 14 | step =   120 | loss_pnn = 1.873 | loss_cn = 0.00521499 | acc_sim = 0.934 | acc_phy = 0.638 
Phy accuracy of the network on 10000 test images: 0.627


Current training epoch: 15, learning rate for pnn: 0.0005, learning rate for SEPN: 0.0005
| epoch = 15 | step =    10 | loss_pnn = 1.876 | loss_cn = 0.00512299 | acc_sim = 0.931 | acc_phy = 0.629 
| epoch = 15 | step =    20 | loss_pnn = 1.878 | loss_cn = 0.00506985 | acc_sim = 0.929 | acc_phy = 0.627 
| epoch = 15 | step =    30 | loss_pnn = 1.883 | loss_cn = 0.00510047 | acc_sim = 0.931 | acc_phy = 0.620 
| epoch = 15 | step =    40 | loss_pnn = 1.883 | loss_cn = 0.00510995 | acc_sim = 0.933 | acc_phy = 0.621 
| epoch = 15 | step =    50 | loss_pnn = 1.884 | loss_cn = 0.00512910 | acc_sim = 0.933 | acc_phy = 0.620 
| epoch = 15 | step =    60 | loss_pnn = 1.884 | loss_cn = 0.00514887 | acc_sim = 0.933 | acc_phy = 0.621 
| epoch = 15 | step =    70 | loss_pnn = 1.882 | loss_cn = 0.00516993 | acc_sim = 0.933 | acc_phy = 0.623 
| epoch = 15 | step =    80 | loss_pnn = 1.881 | loss_cn = 0.00516786 | acc_sim = 0.933 | acc_phy = 0.626 
| epoch = 15 | step =    90 | loss_pnn = 1.879 | loss_cn = 0.00516978 | acc_sim = 0.933 | acc_phy = 0.628 
| epoch = 15 | step =   100 | loss_pnn = 1.878 | loss_cn = 0.00515007 | acc_sim = 0.933 | acc_phy = 0.629 
| epoch = 15 | step =   110 | loss_pnn = 1.878 | loss_cn = 0.00513118 | acc_sim = 0.934 | acc_phy = 0.629 
| epoch = 15 | step =   120 | loss_pnn = 1.877 | loss_cn = 0.00512380 | acc_sim = 0.934 | acc_phy = 0.630 
Phy accuracy of the network on 10000 test images: 0.649


Current training epoch: 16, learning rate for pnn: 0.0005, learning rate for SEPN: 0.0005
| epoch = 16 | step =    10 | loss_pnn = 1.861 | loss_cn = 0.00492468 | acc_sim = 0.660 | acc_phy = 0.654 
| epoch = 16 | step =    20 | loss_pnn = 1.855 | loss_cn = 0.00522501 | acc_sim = 0.667 | acc_phy = 0.662 
| epoch = 16 | step =    30 | loss_pnn = 1.840 | loss_cn = 0.00536340 | acc_sim = 0.688 | acc_phy = 0.679 
| epoch = 16 | step =    40 | loss_pnn = 1.824 | loss_cn = 0.00545515 | acc_sim = 0.708 | acc_phy = 0.697 
| epoch = 16 | step =    50 | loss_pnn = 1.810 | loss_cn = 0.00551872 | acc_sim = 0.726 | acc_phy = 0.714 
| epoch = 16 | step =    60 | loss_pnn = 1.795 | loss_cn = 0.00555712 | acc_sim = 0.743 | acc_phy = 0.731 
| epoch = 16 | step =    70 | loss_pnn = 1.784 | loss_cn = 0.00562583 | acc_sim = 0.756 | acc_phy = 0.744 
| epoch = 16 | step =    80 | loss_pnn = 1.774 | loss_cn = 0.00564984 | acc_sim = 0.769 | acc_phy = 0.756 
| epoch = 16 | step =    90 | loss_pnn = 1.765 | loss_cn = 0.00568080 | acc_sim = 0.778 | acc_phy = 0.766 
| epoch = 16 | step =   100 | loss_pnn = 1.758 | loss_cn = 0.00567976 | acc_sim = 0.787 | acc_phy = 0.775 
| epoch = 16 | step =   110 | loss_pnn = 1.751 | loss_cn = 0.00568244 | acc_sim = 0.794 | acc_phy = 0.782 
| epoch = 16 | step =   120 | loss_pnn = 1.745 | loss_cn = 0.00567918 | acc_sim = 0.800 | acc_phy = 0.788 
Phy accuracy of the network on 10000 test images: 0.865


Current training epoch: 17, learning rate for pnn: 0.0005, learning rate for SEPN: 0.0005
| epoch = 17 | step =    10 | loss_pnn = 1.671 | loss_cn = 0.00566774 | acc_sim = 0.882 | acc_phy = 0.868 
| epoch = 17 | step =    20 | loss_pnn = 1.670 | loss_cn = 0.00555873 | acc_sim = 0.877 | acc_phy = 0.864 
| epoch = 17 | step =    30 | loss_pnn = 1.669 | loss_cn = 0.00552678 | acc_sim = 0.878 | acc_phy = 0.865 
| epoch = 17 | step =    40 | loss_pnn = 1.666 | loss_cn = 0.00552904 | acc_sim = 0.879 | acc_phy = 0.867 
| epoch = 17 | step =    50 | loss_pnn = 1.666 | loss_cn = 0.00553070 | acc_sim = 0.879 | acc_phy = 0.866 
| epoch = 17 | step =    60 | loss_pnn = 1.665 | loss_cn = 0.00552310 | acc_sim = 0.880 | acc_phy = 0.867 
| epoch = 17 | step =    70 | loss_pnn = 1.664 | loss_cn = 0.00551154 | acc_sim = 0.880 | acc_phy = 0.868 
| epoch = 17 | step =    80 | loss_pnn = 1.663 | loss_cn = 0.00548745 | acc_sim = 0.880 | acc_phy = 0.868 
| epoch = 17 | step =    90 | loss_pnn = 1.662 | loss_cn = 0.00546156 | acc_sim = 0.881 | acc_phy = 0.869 
| epoch = 17 | step =   100 | loss_pnn = 1.660 | loss_cn = 0.00544558 | acc_sim = 0.881 | acc_phy = 0.869 
| epoch = 17 | step =   110 | loss_pnn = 1.659 | loss_cn = 0.00543112 | acc_sim = 0.882 | acc_phy = 0.871 
| epoch = 17 | step =   120 | loss_pnn = 1.659 | loss_cn = 0.00540858 | acc_sim = 0.882 | acc_phy = 0.870 
Phy accuracy of the network on 10000 test images: 0.884


Current training epoch: 18, learning rate for pnn: 0.0005, learning rate for SEPN: 0.0005
| epoch = 18 | step =    10 | loss_pnn = 1.648 | loss_cn = 0.00513371 | acc_sim = 0.892 | acc_phy = 0.876 
| epoch = 18 | step =    20 | loss_pnn = 1.649 | loss_cn = 0.00512333 | acc_sim = 0.887 | acc_phy = 0.874 
| epoch = 18 | step =    30 | loss_pnn = 1.647 | loss_cn = 0.00509272 | acc_sim = 0.889 | acc_phy = 0.876 
| epoch = 18 | step =    40 | loss_pnn = 1.645 | loss_cn = 0.00512391 | acc_sim = 0.890 | acc_phy = 0.877 
| epoch = 18 | step =    50 | loss_pnn = 1.645 | loss_cn = 0.00516192 | acc_sim = 0.891 | acc_phy = 0.879 
| epoch = 18 | step =    60 | loss_pnn = 1.644 | loss_cn = 0.00513823 | acc_sim = 0.891 | acc_phy = 0.879 
| epoch = 18 | step =    70 | loss_pnn = 1.644 | loss_cn = 0.00513418 | acc_sim = 0.890 | acc_phy = 0.879 
| epoch = 18 | step =    80 | loss_pnn = 1.644 | loss_cn = 0.00514513 | acc_sim = 0.890 | acc_phy = 0.880 
| epoch = 18 | step =    90 | loss_pnn = 1.643 | loss_cn = 0.00513206 | acc_sim = 0.890 | acc_phy = 0.880 
| epoch = 18 | step =   100 | loss_pnn = 1.643 | loss_cn = 0.00511345 | acc_sim = 0.891 | acc_phy = 0.880 
| epoch = 18 | step =   110 | loss_pnn = 1.642 | loss_cn = 0.00511245 | acc_sim = 0.891 | acc_phy = 0.881 
| epoch = 18 | step =   120 | loss_pnn = 1.642 | loss_cn = 0.00510378 | acc_sim = 0.891 | acc_phy = 0.881 
Phy accuracy of the network on 10000 test images: 0.890


Current training epoch: 19, learning rate for pnn: 0.0005, learning rate for SEPN: 0.0005
| epoch = 19 | step =    10 | loss_pnn = 1.641 | loss_cn = 0.00500499 | acc_sim = 0.887 | acc_phy = 0.875 
| epoch = 19 | step =    20 | loss_pnn = 1.638 | loss_cn = 0.00500900 | acc_sim = 0.890 | acc_phy = 0.881 
| epoch = 19 | step =    30 | loss_pnn = 1.635 | loss_cn = 0.00495102 | acc_sim = 0.894 | acc_phy = 0.884 
| epoch = 19 | step =    40 | loss_pnn = 1.635 | loss_cn = 0.00497775 | acc_sim = 0.894 | acc_phy = 0.884 
| epoch = 19 | step =    50 | loss_pnn = 1.634 | loss_cn = 0.00494895 | acc_sim = 0.894 | acc_phy = 0.884 
| epoch = 19 | step =    60 | loss_pnn = 1.634 | loss_cn = 0.00492559 | acc_sim = 0.894 | acc_phy = 0.884 
| epoch = 19 | step =    70 | loss_pnn = 1.633 | loss_cn = 0.00492067 | acc_sim = 0.894 | acc_phy = 0.885 
| epoch = 19 | step =    80 | loss_pnn = 1.634 | loss_cn = 0.00492606 | acc_sim = 0.894 | acc_phy = 0.884 
| epoch = 19 | step =    90 | loss_pnn = 1.633 | loss_cn = 0.00490437 | acc_sim = 0.895 | acc_phy = 0.885 
| epoch = 19 | step =   100 | loss_pnn = 1.633 | loss_cn = 0.00491271 | acc_sim = 0.895 | acc_phy = 0.885 
| epoch = 19 | step =   110 | loss_pnn = 1.632 | loss_cn = 0.00491743 | acc_sim = 0.895 | acc_phy = 0.885 
| epoch = 19 | step =   120 | loss_pnn = 1.631 | loss_cn = 0.00490571 | acc_sim = 0.896 | acc_phy = 0.886 
Phy accuracy of the network on 10000 test images: 0.895


Current training epoch: 20, learning rate for pnn: 0.0005, learning rate for SEPN: 0.0005
| epoch = 20 | step =    10 | loss_pnn = 1.623 | loss_cn = 0.00473941 | acc_sim = 0.902 | acc_phy = 0.894 
| epoch = 20 | step =    20 | loss_pnn = 1.625 | loss_cn = 0.00475560 | acc_sim = 0.900 | acc_phy = 0.892 
| epoch = 20 | step =    30 | loss_pnn = 1.627 | loss_cn = 0.00480090 | acc_sim = 0.898 | acc_phy = 0.888 
| epoch = 20 | step =    40 | loss_pnn = 1.628 | loss_cn = 0.00473501 | acc_sim = 0.897 | acc_phy = 0.887 
| epoch = 20 | step =    50 | loss_pnn = 1.628 | loss_cn = 0.00473586 | acc_sim = 0.897 | acc_phy = 0.887 
| epoch = 20 | step =    60 | loss_pnn = 1.627 | loss_cn = 0.00472087 | acc_sim = 0.897 | acc_phy = 0.888 
| epoch = 20 | step =    70 | loss_pnn = 1.627 | loss_cn = 0.00470939 | acc_sim = 0.897 | acc_phy = 0.887 
| epoch = 20 | step =    80 | loss_pnn = 1.627 | loss_cn = 0.00469669 | acc_sim = 0.897 | acc_phy = 0.888 
| epoch = 20 | step =    90 | loss_pnn = 1.626 | loss_cn = 0.00469976 | acc_sim = 0.898 | acc_phy = 0.889 
| epoch = 20 | step =   100 | loss_pnn = 1.626 | loss_cn = 0.00472944 | acc_sim = 0.897 | acc_phy = 0.888 
| epoch = 20 | step =   110 | loss_pnn = 1.626 | loss_cn = 0.00472451 | acc_sim = 0.898 | acc_phy = 0.889 
| epoch = 20 | step =   120 | loss_pnn = 1.626 | loss_cn = 0.00472704 | acc_sim = 0.898 | acc_phy = 0.889 
Phy accuracy of the network on 10000 test images: 0.898


Current training epoch: 21, learning rate for pnn: 0.00025, learning rate for SEPN: 0.00025
| epoch = 21 | step =    10 | loss_pnn = 1.627 | loss_cn = 0.00436166 | acc_sim = 0.891 | acc_phy = 0.882 
| epoch = 21 | step =    20 | loss_pnn = 1.622 | loss_cn = 0.00432072 | acc_sim = 0.899 | acc_phy = 0.891 
| epoch = 21 | step =    30 | loss_pnn = 1.623 | loss_cn = 0.00430121 | acc_sim = 0.898 | acc_phy = 0.890 
| epoch = 21 | step =    40 | loss_pnn = 1.623 | loss_cn = 0.00429716 | acc_sim = 0.899 | acc_phy = 0.890 
| epoch = 21 | step =    50 | loss_pnn = 1.622 | loss_cn = 0.00428998 | acc_sim = 0.900 | acc_phy = 0.891 
| epoch = 21 | step =    60 | loss_pnn = 1.624 | loss_cn = 0.00432588 | acc_sim = 0.899 | acc_phy = 0.889 
| epoch = 21 | step =    70 | loss_pnn = 1.623 | loss_cn = 0.00430454 | acc_sim = 0.899 | acc_phy = 0.890 
| epoch = 21 | step =    80 | loss_pnn = 1.623 | loss_cn = 0.00430578 | acc_sim = 0.899 | acc_phy = 0.890 
| epoch = 21 | step =    90 | loss_pnn = 1.623 | loss_cn = 0.00430567 | acc_sim = 0.899 | acc_phy = 0.890 
| epoch = 21 | step =   100 | loss_pnn = 1.622 | loss_cn = 0.00430732 | acc_sim = 0.900 | acc_phy = 0.891 
| epoch = 21 | step =   110 | loss_pnn = 1.622 | loss_cn = 0.00431427 | acc_sim = 0.900 | acc_phy = 0.891 
| epoch = 21 | step =   120 | loss_pnn = 1.622 | loss_cn = 0.00431468 | acc_sim = 0.900 | acc_phy = 0.891 
Phy accuracy of the network on 10000 test images: 0.899


Current training epoch: 22, learning rate for pnn: 0.00025, learning rate for SEPN: 0.00025
| epoch = 22 | step =    10 | loss_pnn = 1.625 | loss_cn = 0.00406890 | acc_sim = 0.890 | acc_phy = 0.887 
| epoch = 22 | step =    20 | loss_pnn = 1.622 | loss_cn = 0.00418268 | acc_sim = 0.896 | acc_phy = 0.891 
| epoch = 22 | step =    30 | loss_pnn = 1.622 | loss_cn = 0.00420711 | acc_sim = 0.897 | acc_phy = 0.891 
| epoch = 22 | step =    40 | loss_pnn = 1.620 | loss_cn = 0.00419182 | acc_sim = 0.900 | acc_phy = 0.894 
| epoch = 22 | step =    50 | loss_pnn = 1.620 | loss_cn = 0.00420200 | acc_sim = 0.901 | acc_phy = 0.893 
| epoch = 22 | step =    60 | loss_pnn = 1.621 | loss_cn = 0.00418916 | acc_sim = 0.900 | acc_phy = 0.893 
| epoch = 22 | step =    70 | loss_pnn = 1.621 | loss_cn = 0.00420306 | acc_sim = 0.900 | acc_phy = 0.893 
| epoch = 22 | step =    80 | loss_pnn = 1.620 | loss_cn = 0.00419189 | acc_sim = 0.902 | acc_phy = 0.894 
| epoch = 22 | step =    90 | loss_pnn = 1.620 | loss_cn = 0.00420965 | acc_sim = 0.901 | acc_phy = 0.893 
| epoch = 22 | step =   100 | loss_pnn = 1.620 | loss_cn = 0.00419523 | acc_sim = 0.901 | acc_phy = 0.893 
| epoch = 22 | step =   110 | loss_pnn = 1.620 | loss_cn = 0.00419222 | acc_sim = 0.901 | acc_phy = 0.893 
| epoch = 22 | step =   120 | loss_pnn = 1.620 | loss_cn = 0.00419894 | acc_sim = 0.901 | acc_phy = 0.893 
Phy accuracy of the network on 10000 test images: 0.898


Current training epoch: 23, learning rate for pnn: 0.00025, learning rate for SEPN: 0.00025
| epoch = 23 | step =    10 | loss_pnn = 1.620 | loss_cn = 0.00422675 | acc_sim = 0.903 | acc_phy = 0.895 
| epoch = 23 | step =    20 | loss_pnn = 1.624 | loss_cn = 0.00424507 | acc_sim = 0.897 | acc_phy = 0.887 
| epoch = 23 | step =    30 | loss_pnn = 1.624 | loss_cn = 0.00427008 | acc_sim = 0.897 | acc_phy = 0.888 
| epoch = 23 | step =    40 | loss_pnn = 1.622 | loss_cn = 0.00423257 | acc_sim = 0.900 | acc_phy = 0.890 
| epoch = 23 | step =    50 | loss_pnn = 1.619 | loss_cn = 0.00419040 | acc_sim = 0.901 | acc_phy = 0.893 
| epoch = 23 | step =    60 | loss_pnn = 1.619 | loss_cn = 0.00418045 | acc_sim = 0.902 | acc_phy = 0.893 
| epoch = 23 | step =    70 | loss_pnn = 1.619 | loss_cn = 0.00416991 | acc_sim = 0.902 | acc_phy = 0.893 
| epoch = 23 | step =    80 | loss_pnn = 1.617 | loss_cn = 0.00414411 | acc_sim = 0.903 | acc_phy = 0.894 
| epoch = 23 | step =    90 | loss_pnn = 1.617 | loss_cn = 0.00413594 | acc_sim = 0.904 | acc_phy = 0.895 
| epoch = 23 | step =   100 | loss_pnn = 1.617 | loss_cn = 0.00414430 | acc_sim = 0.903 | acc_phy = 0.895 
| epoch = 23 | step =   110 | loss_pnn = 1.616 | loss_cn = 0.00413461 | acc_sim = 0.904 | acc_phy = 0.896 
| epoch = 23 | step =   120 | loss_pnn = 1.616 | loss_cn = 0.00412595 | acc_sim = 0.904 | acc_phy = 0.895 
Phy accuracy of the network on 10000 test images: 0.900


Current training epoch: 24, learning rate for pnn: 0.00025, learning rate for SEPN: 0.00025
| epoch = 24 | step =    10 | loss_pnn = 1.614 | loss_cn = 0.00393555 | acc_sim = 0.904 | acc_phy = 0.894 
| epoch = 24 | step =    20 | loss_pnn = 1.614 | loss_cn = 0.00398889 | acc_sim = 0.905 | acc_phy = 0.895 
| epoch = 24 | step =    30 | loss_pnn = 1.614 | loss_cn = 0.00400862 | acc_sim = 0.905 | acc_phy = 0.895 
| epoch = 24 | step =    40 | loss_pnn = 1.613 | loss_cn = 0.00400726 | acc_sim = 0.905 | acc_phy = 0.896 
| epoch = 24 | step =    50 | loss_pnn = 1.614 | loss_cn = 0.00404501 | acc_sim = 0.904 | acc_phy = 0.895 
| epoch = 24 | step =    60 | loss_pnn = 1.613 | loss_cn = 0.00404304 | acc_sim = 0.904 | acc_phy = 0.896 
| epoch = 24 | step =    70 | loss_pnn = 1.613 | loss_cn = 0.00405536 | acc_sim = 0.905 | acc_phy = 0.897 
| epoch = 24 | step =    80 | loss_pnn = 1.612 | loss_cn = 0.00405571 | acc_sim = 0.906 | acc_phy = 0.897 
| epoch = 24 | step =    90 | loss_pnn = 1.613 | loss_cn = 0.00405725 | acc_sim = 0.906 | acc_phy = 0.897 
| epoch = 24 | step =   100 | loss_pnn = 1.613 | loss_cn = 0.00406261 | acc_sim = 0.906 | acc_phy = 0.897 
| epoch = 24 | step =   110 | loss_pnn = 1.613 | loss_cn = 0.00405902 | acc_sim = 0.905 | acc_phy = 0.897 
| epoch = 24 | step =   120 | loss_pnn = 1.613 | loss_cn = 0.00406683 | acc_sim = 0.905 | acc_phy = 0.897 
Phy accuracy of the network on 10000 test images: 0.902


Current training epoch: 25, learning rate for pnn: 0.00025, learning rate for SEPN: 0.00025
| epoch = 25 | step =    10 | loss_pnn = 1.617 | loss_cn = 0.00418793 | acc_sim = 0.904 | acc_phy = 0.897 
| epoch = 25 | step =    20 | loss_pnn = 1.614 | loss_cn = 0.00404462 | acc_sim = 0.905 | acc_phy = 0.898 
| epoch = 25 | step =    30 | loss_pnn = 1.612 | loss_cn = 0.00404109 | acc_sim = 0.908 | acc_phy = 0.900 
| epoch = 25 | step =    40 | loss_pnn = 1.612 | loss_cn = 0.00402667 | acc_sim = 0.907 | acc_phy = 0.900 
| epoch = 25 | step =    50 | loss_pnn = 1.613 | loss_cn = 0.00405841 | acc_sim = 0.907 | acc_phy = 0.900 
| epoch = 25 | step =    60 | loss_pnn = 1.612 | loss_cn = 0.00406605 | acc_sim = 0.907 | acc_phy = 0.900 
| epoch = 25 | step =    70 | loss_pnn = 1.611 | loss_cn = 0.00404860 | acc_sim = 0.908 | acc_phy = 0.901 
| epoch = 25 | step =    80 | loss_pnn = 1.611 | loss_cn = 0.00405964 | acc_sim = 0.907 | acc_phy = 0.900 
| epoch = 25 | step =    90 | loss_pnn = 1.611 | loss_cn = 0.00404503 | acc_sim = 0.907 | acc_phy = 0.900 
| epoch = 25 | step =   100 | loss_pnn = 1.611 | loss_cn = 0.00405986 | acc_sim = 0.907 | acc_phy = 0.900 
| epoch = 25 | step =   110 | loss_pnn = 1.611 | loss_cn = 0.00406652 | acc_sim = 0.907 | acc_phy = 0.900 
| epoch = 25 | step =   120 | loss_pnn = 1.611 | loss_cn = 0.00405874 | acc_sim = 0.907 | acc_phy = 0.900 
Phy accuracy of the network on 10000 test images: 0.904


Current training epoch: 26, learning rate for pnn: 0.00025, learning rate for SEPN: 0.00025
| epoch = 26 | step =    10 | loss_pnn = 1.609 | loss_cn = 0.00398612 | acc_sim = 0.909 | acc_phy = 0.901 
| epoch = 26 | step =    20 | loss_pnn = 1.607 | loss_cn = 0.00388544 | acc_sim = 0.910 | acc_phy = 0.904 
| epoch = 26 | step =    30 | loss_pnn = 1.607 | loss_cn = 0.00388375 | acc_sim = 0.909 | acc_phy = 0.904 
| epoch = 26 | step =    40 | loss_pnn = 1.606 | loss_cn = 0.00394137 | acc_sim = 0.908 | acc_phy = 0.904 
| epoch = 26 | step =    50 | loss_pnn = 1.606 | loss_cn = 0.00394920 | acc_sim = 0.908 | acc_phy = 0.903 
| epoch = 26 | step =    60 | loss_pnn = 1.605 | loss_cn = 0.00394537 | acc_sim = 0.909 | acc_phy = 0.904 
| epoch = 26 | step =    70 | loss_pnn = 1.605 | loss_cn = 0.00393195 | acc_sim = 0.909 | acc_phy = 0.903 
| epoch = 26 | step =    80 | loss_pnn = 1.605 | loss_cn = 0.00391133 | acc_sim = 0.909 | acc_phy = 0.903 
| epoch = 26 | step =    90 | loss_pnn = 1.605 | loss_cn = 0.00392192 | acc_sim = 0.909 | acc_phy = 0.903 
| epoch = 26 | step =   100 | loss_pnn = 1.605 | loss_cn = 0.00391742 | acc_sim = 0.909 | acc_phy = 0.903 
| epoch = 26 | step =   110 | loss_pnn = 1.605 | loss_cn = 0.00391539 | acc_sim = 0.909 | acc_phy = 0.902 
| epoch = 26 | step =   120 | loss_pnn = 1.605 | loss_cn = 0.00392418 | acc_sim = 0.908 | acc_phy = 0.902 
Phy accuracy of the network on 10000 test images: 0.907


Current training epoch: 27, learning rate for pnn: 0.00025, learning rate for SEPN: 0.00025
| epoch = 27 | step =    10 | loss_pnn = 1.605 | loss_cn = 0.00392525 | acc_sim = 0.906 | acc_phy = 0.900 
| epoch = 27 | step =    20 | loss_pnn = 1.603 | loss_cn = 0.00392225 | acc_sim = 0.907 | acc_phy = 0.903 
| epoch = 27 | step =    30 | loss_pnn = 1.603 | loss_cn = 0.00393471 | acc_sim = 0.907 | acc_phy = 0.901 
| epoch = 27 | step =    40 | loss_pnn = 1.604 | loss_cn = 0.00390907 | acc_sim = 0.906 | acc_phy = 0.901 
| epoch = 27 | step =    50 | loss_pnn = 1.603 | loss_cn = 0.00390133 | acc_sim = 0.907 | acc_phy = 0.901 
| epoch = 27 | step =    60 | loss_pnn = 1.603 | loss_cn = 0.00387520 | acc_sim = 0.908 | acc_phy = 0.902 
| epoch = 27 | step =    70 | loss_pnn = 1.602 | loss_cn = 0.00384615 | acc_sim = 0.909 | acc_phy = 0.902 
| epoch = 27 | step =    80 | loss_pnn = 1.602 | loss_cn = 0.00383291 | acc_sim = 0.909 | acc_phy = 0.903 
| epoch = 27 | step =    90 | loss_pnn = 1.601 | loss_cn = 0.00382707 | acc_sim = 0.910 | acc_phy = 0.904 
| epoch = 27 | step =   100 | loss_pnn = 1.600 | loss_cn = 0.00382537 | acc_sim = 0.911 | acc_phy = 0.905 
| epoch = 27 | step =   110 | loss_pnn = 1.600 | loss_cn = 0.00382371 | acc_sim = 0.911 | acc_phy = 0.905 
| epoch = 27 | step =   120 | loss_pnn = 1.600 | loss_cn = 0.00382719 | acc_sim = 0.911 | acc_phy = 0.904 
Phy accuracy of the network on 10000 test images: 0.909


Current training epoch: 28, learning rate for pnn: 0.00025, learning rate for SEPN: 0.00025
| epoch = 28 | step =    10 | loss_pnn = 1.597 | loss_cn = 0.00368504 | acc_sim = 0.918 | acc_phy = 0.911 
| epoch = 28 | step =    20 | loss_pnn = 1.597 | loss_cn = 0.00377576 | acc_sim = 0.916 | acc_phy = 0.911 
| epoch = 28 | step =    30 | loss_pnn = 1.597 | loss_cn = 0.00372823 | acc_sim = 0.914 | acc_phy = 0.908 
| epoch = 28 | step =    40 | loss_pnn = 1.597 | loss_cn = 0.00374422 | acc_sim = 0.914 | acc_phy = 0.907 
| epoch = 28 | step =    50 | loss_pnn = 1.598 | loss_cn = 0.00375858 | acc_sim = 0.913 | acc_phy = 0.906 
| epoch = 28 | step =    60 | loss_pnn = 1.597 | loss_cn = 0.00375839 | acc_sim = 0.913 | acc_phy = 0.906 
| epoch = 28 | step =    70 | loss_pnn = 1.597 | loss_cn = 0.00377423 | acc_sim = 0.913 | acc_phy = 0.907 
| epoch = 28 | step =    80 | loss_pnn = 1.597 | loss_cn = 0.00378301 | acc_sim = 0.913 | acc_phy = 0.906 
| epoch = 28 | step =    90 | loss_pnn = 1.597 | loss_cn = 0.00377784 | acc_sim = 0.913 | acc_phy = 0.906 
| epoch = 28 | step =   100 | loss_pnn = 1.597 | loss_cn = 0.00379109 | acc_sim = 0.912 | acc_phy = 0.906 
| epoch = 28 | step =   110 | loss_pnn = 1.597 | loss_cn = 0.00378754 | acc_sim = 0.912 | acc_phy = 0.906 
| epoch = 28 | step =   120 | loss_pnn = 1.597 | loss_cn = 0.00377962 | acc_sim = 0.912 | acc_phy = 0.906 
Phy accuracy of the network on 10000 test images: 0.910


Current training epoch: 29, learning rate for pnn: 0.00025, learning rate for SEPN: 0.00025
| epoch = 29 | step =    10 | loss_pnn = 1.599 | loss_cn = 0.00378802 | acc_sim = 0.909 | acc_phy = 0.906 
| epoch = 29 | step =    20 | loss_pnn = 1.595 | loss_cn = 0.00373759 | acc_sim = 0.914 | acc_phy = 0.908 
| epoch = 29 | step =    30 | loss_pnn = 1.594 | loss_cn = 0.00377517 | acc_sim = 0.916 | acc_phy = 0.909 
| epoch = 29 | step =    40 | loss_pnn = 1.596 | loss_cn = 0.00378215 | acc_sim = 0.914 | acc_phy = 0.907 
| epoch = 29 | step =    50 | loss_pnn = 1.596 | loss_cn = 0.00376897 | acc_sim = 0.914 | acc_phy = 0.907 
| epoch = 29 | step =    60 | loss_pnn = 1.596 | loss_cn = 0.00378412 | acc_sim = 0.914 | acc_phy = 0.907 
| epoch = 29 | step =    70 | loss_pnn = 1.596 | loss_cn = 0.00379418 | acc_sim = 0.914 | acc_phy = 0.907 
| epoch = 29 | step =    80 | loss_pnn = 1.596 | loss_cn = 0.00380874 | acc_sim = 0.914 | acc_phy = 0.907 
| epoch = 29 | step =    90 | loss_pnn = 1.596 | loss_cn = 0.00380171 | acc_sim = 0.914 | acc_phy = 0.907 
| epoch = 29 | step =   100 | loss_pnn = 1.595 | loss_cn = 0.00380069 | acc_sim = 0.914 | acc_phy = 0.907 
| epoch = 29 | step =   110 | loss_pnn = 1.595 | loss_cn = 0.00378952 | acc_sim = 0.915 | acc_phy = 0.908 
| epoch = 29 | step =   120 | loss_pnn = 1.594 | loss_cn = 0.00378970 | acc_sim = 0.915 | acc_phy = 0.908 
Phy accuracy of the network on 10000 test images: 0.911


Current training epoch: 30, learning rate for pnn: 0.00025, learning rate for SEPN: 0.00025
| epoch = 30 | step =    10 | loss_pnn = 1.594 | loss_cn = 0.00376124 | acc_sim = 0.911 | acc_phy = 0.906 
| epoch = 30 | step =    20 | loss_pnn = 1.589 | loss_cn = 0.00368636 | acc_sim = 0.916 | acc_phy = 0.911 
| epoch = 30 | step =    30 | loss_pnn = 1.591 | loss_cn = 0.00374374 | acc_sim = 0.915 | acc_phy = 0.910 
| epoch = 30 | step =    40 | loss_pnn = 1.591 | loss_cn = 0.00374976 | acc_sim = 0.915 | acc_phy = 0.909 
| epoch = 30 | step =    50 | loss_pnn = 1.591 | loss_cn = 0.00372712 | acc_sim = 0.916 | acc_phy = 0.910 
| epoch = 30 | step =    60 | loss_pnn = 1.592 | loss_cn = 0.00374783 | acc_sim = 0.914 | acc_phy = 0.908 
| epoch = 30 | step =    70 | loss_pnn = 1.592 | loss_cn = 0.00375555 | acc_sim = 0.914 | acc_phy = 0.908 
| epoch = 30 | step =    80 | loss_pnn = 1.592 | loss_cn = 0.00374217 | acc_sim = 0.915 | acc_phy = 0.909 
| epoch = 30 | step =    90 | loss_pnn = 1.591 | loss_cn = 0.00374804 | acc_sim = 0.916 | acc_phy = 0.910 
| epoch = 30 | step =   100 | loss_pnn = 1.591 | loss_cn = 0.00375141 | acc_sim = 0.915 | acc_phy = 0.909 
| epoch = 30 | step =   110 | loss_pnn = 1.591 | loss_cn = 0.00375928 | acc_sim = 0.916 | acc_phy = 0.910 
| epoch = 30 | step =   120 | loss_pnn = 1.591 | loss_cn = 0.00375414 | acc_sim = 0.916 | acc_phy = 0.910 
Phy accuracy of the network on 10000 test images: 0.914


Current training epoch: 31, learning rate for pnn: 0.000125, learning rate for SEPN: 0.000125
| epoch = 31 | step =    10 | loss_pnn = 1.585 | loss_cn = 0.00367410 | acc_sim = 0.922 | acc_phy = 0.916 
| epoch = 31 | step =    20 | loss_pnn = 1.588 | loss_cn = 0.00364404 | acc_sim = 0.918 | acc_phy = 0.914 
| epoch = 31 | step =    30 | loss_pnn = 1.588 | loss_cn = 0.00361657 | acc_sim = 0.919 | acc_phy = 0.914 
| epoch = 31 | step =    40 | loss_pnn = 1.587 | loss_cn = 0.00362094 | acc_sim = 0.918 | acc_phy = 0.913 
| epoch = 31 | step =    50 | loss_pnn = 1.588 | loss_cn = 0.00361376 | acc_sim = 0.918 | acc_phy = 0.913 
| epoch = 31 | step =    60 | loss_pnn = 1.587 | loss_cn = 0.00359041 | acc_sim = 0.918 | acc_phy = 0.913 
| epoch = 31 | step =    70 | loss_pnn = 1.588 | loss_cn = 0.00358671 | acc_sim = 0.918 | acc_phy = 0.913 
| epoch = 31 | step =    80 | loss_pnn = 1.588 | loss_cn = 0.00358929 | acc_sim = 0.919 | acc_phy = 0.913 
| epoch = 31 | step =    90 | loss_pnn = 1.588 | loss_cn = 0.00359466 | acc_sim = 0.919 | acc_phy = 0.913 
| epoch = 31 | step =   100 | loss_pnn = 1.588 | loss_cn = 0.00359560 | acc_sim = 0.919 | acc_phy = 0.913 
| epoch = 31 | step =   110 | loss_pnn = 1.589 | loss_cn = 0.00360729 | acc_sim = 0.919 | acc_phy = 0.912 
| epoch = 31 | step =   120 | loss_pnn = 1.589 | loss_cn = 0.00360979 | acc_sim = 0.919 | acc_phy = 0.912 
Phy accuracy of the network on 10000 test images: 0.915


Current training epoch: 32, learning rate for pnn: 0.000125, learning rate for SEPN: 0.000125
| epoch = 32 | step =    10 | loss_pnn = 1.590 | loss_cn = 0.00356628 | acc_sim = 0.913 | acc_phy = 0.908 
| epoch = 32 | step =    20 | loss_pnn = 1.588 | loss_cn = 0.00351947 | acc_sim = 0.918 | acc_phy = 0.913 
| epoch = 32 | step =    30 | loss_pnn = 1.587 | loss_cn = 0.00353113 | acc_sim = 0.920 | acc_phy = 0.915 
| epoch = 32 | step =    40 | loss_pnn = 1.587 | loss_cn = 0.00355403 | acc_sim = 0.919 | acc_phy = 0.914 
| epoch = 32 | step =    50 | loss_pnn = 1.587 | loss_cn = 0.00354381 | acc_sim = 0.920 | acc_phy = 0.914 
| epoch = 32 | step =    60 | loss_pnn = 1.586 | loss_cn = 0.00353566 | acc_sim = 0.920 | acc_phy = 0.915 
| epoch = 32 | step =    70 | loss_pnn = 1.587 | loss_cn = 0.00353495 | acc_sim = 0.919 | acc_phy = 0.914 
| epoch = 32 | step =    80 | loss_pnn = 1.588 | loss_cn = 0.00354309 | acc_sim = 0.919 | acc_phy = 0.913 
| epoch = 32 | step =    90 | loss_pnn = 1.587 | loss_cn = 0.00353909 | acc_sim = 0.919 | acc_phy = 0.914 
| epoch = 32 | step =   100 | loss_pnn = 1.587 | loss_cn = 0.00353654 | acc_sim = 0.919 | acc_phy = 0.914 
| epoch = 32 | step =   110 | loss_pnn = 1.587 | loss_cn = 0.00355118 | acc_sim = 0.919 | acc_phy = 0.914 
| epoch = 32 | step =   120 | loss_pnn = 1.587 | loss_cn = 0.00355726 | acc_sim = 0.919 | acc_phy = 0.914 
Phy accuracy of the network on 10000 test images: 0.917


Current training epoch: 33, learning rate for pnn: 0.000125, learning rate for SEPN: 0.000125
| epoch = 33 | step =    10 | loss_pnn = 1.584 | loss_cn = 0.00347325 | acc_sim = 0.925 | acc_phy = 0.916 
| epoch = 33 | step =    20 | loss_pnn = 1.584 | loss_cn = 0.00346335 | acc_sim = 0.926 | acc_phy = 0.917 
| epoch = 33 | step =    30 | loss_pnn = 1.585 | loss_cn = 0.00350902 | acc_sim = 0.924 | acc_phy = 0.916 
| epoch = 33 | step =    40 | loss_pnn = 1.586 | loss_cn = 0.00352431 | acc_sim = 0.921 | acc_phy = 0.914 
| epoch = 33 | step =    50 | loss_pnn = 1.587 | loss_cn = 0.00354033 | acc_sim = 0.921 | acc_phy = 0.914 
| epoch = 33 | step =    60 | loss_pnn = 1.587 | loss_cn = 0.00353096 | acc_sim = 0.920 | acc_phy = 0.914 
| epoch = 33 | step =    70 | loss_pnn = 1.587 | loss_cn = 0.00353603 | acc_sim = 0.920 | acc_phy = 0.914 
| epoch = 33 | step =    80 | loss_pnn = 1.586 | loss_cn = 0.00354833 | acc_sim = 0.921 | acc_phy = 0.915 
| epoch = 33 | step =    90 | loss_pnn = 1.586 | loss_cn = 0.00354193 | acc_sim = 0.921 | acc_phy = 0.915 
| epoch = 33 | step =   100 | loss_pnn = 1.586 | loss_cn = 0.00353248 | acc_sim = 0.921 | acc_phy = 0.915 
| epoch = 33 | step =   110 | loss_pnn = 1.586 | loss_cn = 0.00353292 | acc_sim = 0.921 | acc_phy = 0.915 
| epoch = 33 | step =   120 | loss_pnn = 1.586 | loss_cn = 0.00353786 | acc_sim = 0.921 | acc_phy = 0.915 
Phy accuracy of the network on 10000 test images: 0.919


Current training epoch: 34, learning rate for pnn: 0.000125, learning rate for SEPN: 0.000125
| epoch = 34 | step =    10 | loss_pnn = 1.592 | loss_cn = 0.00362141 | acc_sim = 0.916 | acc_phy = 0.909 
| epoch = 34 | step =    20 | loss_pnn = 1.588 | loss_cn = 0.00355694 | acc_sim = 0.919 | acc_phy = 0.913 
| epoch = 34 | step =    30 | loss_pnn = 1.588 | loss_cn = 0.00352301 | acc_sim = 0.919 | acc_phy = 0.912 
| epoch = 34 | step =    40 | loss_pnn = 1.588 | loss_cn = 0.00352338 | acc_sim = 0.917 | acc_phy = 0.911 
| epoch = 34 | step =    50 | loss_pnn = 1.588 | loss_cn = 0.00353835 | acc_sim = 0.918 | acc_phy = 0.911 
| epoch = 34 | step =    60 | loss_pnn = 1.587 | loss_cn = 0.00353708 | acc_sim = 0.919 | acc_phy = 0.913 
| epoch = 34 | step =    70 | loss_pnn = 1.587 | loss_cn = 0.00352270 | acc_sim = 0.920 | acc_phy = 0.913 
| epoch = 34 | step =    80 | loss_pnn = 1.586 | loss_cn = 0.00349606 | acc_sim = 0.921 | acc_phy = 0.914 
| epoch = 34 | step =    90 | loss_pnn = 1.585 | loss_cn = 0.00348249 | acc_sim = 0.921 | acc_phy = 0.915 
| epoch = 34 | step =   100 | loss_pnn = 1.585 | loss_cn = 0.00347777 | acc_sim = 0.922 | acc_phy = 0.916 
| epoch = 34 | step =   110 | loss_pnn = 1.585 | loss_cn = 0.00348022 | acc_sim = 0.922 | acc_phy = 0.916 
| epoch = 34 | step =   120 | loss_pnn = 1.585 | loss_cn = 0.00348475 | acc_sim = 0.921 | acc_phy = 0.915 
Phy accuracy of the network on 10000 test images: 0.919


Current training epoch: 35, learning rate for pnn: 0.000125, learning rate for SEPN: 0.000125
| epoch = 35 | step =    10 | loss_pnn = 1.584 | loss_cn = 0.00344197 | acc_sim = 0.925 | acc_phy = 0.915 
| epoch = 35 | step =    20 | loss_pnn = 1.583 | loss_cn = 0.00343673 | acc_sim = 0.925 | acc_phy = 0.918 
| epoch = 35 | step =    30 | loss_pnn = 1.585 | loss_cn = 0.00345778 | acc_sim = 0.922 | acc_phy = 0.916 
| epoch = 35 | step =    40 | loss_pnn = 1.586 | loss_cn = 0.00348312 | acc_sim = 0.920 | acc_phy = 0.915 
| epoch = 35 | step =    50 | loss_pnn = 1.586 | loss_cn = 0.00348255 | acc_sim = 0.921 | acc_phy = 0.915 
| epoch = 35 | step =    60 | loss_pnn = 1.586 | loss_cn = 0.00346807 | acc_sim = 0.921 | acc_phy = 0.915 
| epoch = 35 | step =    70 | loss_pnn = 1.586 | loss_cn = 0.00348509 | acc_sim = 0.921 | acc_phy = 0.914 
| epoch = 35 | step =    80 | loss_pnn = 1.585 | loss_cn = 0.00348055 | acc_sim = 0.921 | acc_phy = 0.915 
| epoch = 35 | step =    90 | loss_pnn = 1.584 | loss_cn = 0.00346162 | acc_sim = 0.922 | acc_phy = 0.917 
| epoch = 35 | step =   100 | loss_pnn = 1.584 | loss_cn = 0.00347323 | acc_sim = 0.922 | acc_phy = 0.916 
| epoch = 35 | step =   110 | loss_pnn = 1.584 | loss_cn = 0.00346736 | acc_sim = 0.922 | acc_phy = 0.916 
| epoch = 35 | step =   120 | loss_pnn = 1.584 | loss_cn = 0.00345665 | acc_sim = 0.922 | acc_phy = 0.917 
Phy accuracy of the network on 10000 test images: 0.921


Current training epoch: 36, learning rate for pnn: 0.000125, learning rate for SEPN: 0.000125
| epoch = 36 | step =    10 | loss_pnn = 1.585 | loss_cn = 0.00344289 | acc_sim = 0.922 | acc_phy = 0.915 
| epoch = 36 | step =    20 | loss_pnn = 1.580 | loss_cn = 0.00341175 | acc_sim = 0.928 | acc_phy = 0.920 
| epoch = 36 | step =    30 | loss_pnn = 1.580 | loss_cn = 0.00341646 | acc_sim = 0.928 | acc_phy = 0.921 
| epoch = 36 | step =    40 | loss_pnn = 1.582 | loss_cn = 0.00342209 | acc_sim = 0.926 | acc_phy = 0.919 
| epoch = 36 | step =    50 | loss_pnn = 1.583 | loss_cn = 0.00341669 | acc_sim = 0.924 | acc_phy = 0.918 
| epoch = 36 | step =    60 | loss_pnn = 1.583 | loss_cn = 0.00341107 | acc_sim = 0.923 | acc_phy = 0.917 
| epoch = 36 | step =    70 | loss_pnn = 1.583 | loss_cn = 0.00342974 | acc_sim = 0.923 | acc_phy = 0.917 
| epoch = 36 | step =    80 | loss_pnn = 1.582 | loss_cn = 0.00341567 | acc_sim = 0.923 | acc_phy = 0.917 
| epoch = 36 | step =    90 | loss_pnn = 1.582 | loss_cn = 0.00342355 | acc_sim = 0.924 | acc_phy = 0.918 
| epoch = 36 | step =   100 | loss_pnn = 1.582 | loss_cn = 0.00342983 | acc_sim = 0.923 | acc_phy = 0.918 
| epoch = 36 | step =   110 | loss_pnn = 1.582 | loss_cn = 0.00343145 | acc_sim = 0.923 | acc_phy = 0.918 
| epoch = 36 | step =   120 | loss_pnn = 1.582 | loss_cn = 0.00342885 | acc_sim = 0.923 | acc_phy = 0.918 
Phy accuracy of the network on 10000 test images: 0.922


Current training epoch: 37, learning rate for pnn: 0.000125, learning rate for SEPN: 0.000125
| epoch = 37 | step =    10 | loss_pnn = 1.581 | loss_cn = 0.00328912 | acc_sim = 0.927 | acc_phy = 0.920 
| epoch = 37 | step =    20 | loss_pnn = 1.579 | loss_cn = 0.00330336 | acc_sim = 0.927 | acc_phy = 0.921 
| epoch = 37 | step =    30 | loss_pnn = 1.580 | loss_cn = 0.00333168 | acc_sim = 0.925 | acc_phy = 0.919 
| epoch = 37 | step =    40 | loss_pnn = 1.581 | loss_cn = 0.00337599 | acc_sim = 0.923 | acc_phy = 0.918 
| epoch = 37 | step =    50 | loss_pnn = 1.581 | loss_cn = 0.00341312 | acc_sim = 0.924 | acc_phy = 0.919 
| epoch = 37 | step =    60 | loss_pnn = 1.580 | loss_cn = 0.00340276 | acc_sim = 0.925 | acc_phy = 0.919 
| epoch = 37 | step =    70 | loss_pnn = 1.581 | loss_cn = 0.00340301 | acc_sim = 0.924 | acc_phy = 0.919 
| epoch = 37 | step =    80 | loss_pnn = 1.580 | loss_cn = 0.00340581 | acc_sim = 0.925 | acc_phy = 0.920 
| epoch = 37 | step =    90 | loss_pnn = 1.580 | loss_cn = 0.00340583 | acc_sim = 0.925 | acc_phy = 0.920 
| epoch = 37 | step =   100 | loss_pnn = 1.580 | loss_cn = 0.00340165 | acc_sim = 0.925 | acc_phy = 0.920 
| epoch = 37 | step =   110 | loss_pnn = 1.580 | loss_cn = 0.00341542 | acc_sim = 0.924 | acc_phy = 0.919 
| epoch = 37 | step =   120 | loss_pnn = 1.580 | loss_cn = 0.00341342 | acc_sim = 0.924 | acc_phy = 0.919 
Phy accuracy of the network on 10000 test images: 0.924


Current training epoch: 38, learning rate for pnn: 0.000125, learning rate for SEPN: 0.000125
| epoch = 38 | step =    10 | loss_pnn = 1.575 | loss_cn = 0.00340466 | acc_sim = 0.932 | acc_phy = 0.926 
| epoch = 38 | step =    20 | loss_pnn = 1.576 | loss_cn = 0.00332654 | acc_sim = 0.929 | acc_phy = 0.923 
| epoch = 38 | step =    30 | loss_pnn = 1.578 | loss_cn = 0.00333774 | acc_sim = 0.927 | acc_phy = 0.920 
| epoch = 38 | step =    40 | loss_pnn = 1.578 | loss_cn = 0.00334547 | acc_sim = 0.926 | acc_phy = 0.920 
| epoch = 38 | step =    50 | loss_pnn = 1.578 | loss_cn = 0.00336057 | acc_sim = 0.926 | acc_phy = 0.921 
| epoch = 38 | step =    60 | loss_pnn = 1.577 | loss_cn = 0.00335602 | acc_sim = 0.926 | acc_phy = 0.922 
| epoch = 38 | step =    70 | loss_pnn = 1.578 | loss_cn = 0.00333778 | acc_sim = 0.926 | acc_phy = 0.921 
| epoch = 38 | step =    80 | loss_pnn = 1.578 | loss_cn = 0.00335027 | acc_sim = 0.926 | acc_phy = 0.921 
| epoch = 38 | step =    90 | loss_pnn = 1.578 | loss_cn = 0.00336523 | acc_sim = 0.925 | acc_phy = 0.921 
| epoch = 38 | step =   100 | loss_pnn = 1.578 | loss_cn = 0.00336879 | acc_sim = 0.925 | acc_phy = 0.920 
| epoch = 38 | step =   110 | loss_pnn = 1.578 | loss_cn = 0.00338001 | acc_sim = 0.925 | acc_phy = 0.921 
| epoch = 38 | step =   120 | loss_pnn = 1.578 | loss_cn = 0.00337522 | acc_sim = 0.925 | acc_phy = 0.920 
Phy accuracy of the network on 10000 test images: 0.925


Current training epoch: 39, learning rate for pnn: 0.000125, learning rate for SEPN: 0.000125
| epoch = 39 | step =    10 | loss_pnn = 1.577 | loss_cn = 0.00332064 | acc_sim = 0.927 | acc_phy = 0.920 
| epoch = 39 | step =    20 | loss_pnn = 1.577 | loss_cn = 0.00330730 | acc_sim = 0.928 | acc_phy = 0.922 
| epoch = 39 | step =    30 | loss_pnn = 1.576 | loss_cn = 0.00328977 | acc_sim = 0.928 | acc_phy = 0.922 
| epoch = 39 | step =    40 | loss_pnn = 1.576 | loss_cn = 0.00328419 | acc_sim = 0.928 | acc_phy = 0.922 
| epoch = 39 | step =    50 | loss_pnn = 1.576 | loss_cn = 0.00331372 | acc_sim = 0.928 | acc_phy = 0.922 
| epoch = 39 | step =    60 | loss_pnn = 1.576 | loss_cn = 0.00331666 | acc_sim = 0.928 | acc_phy = 0.922 
| epoch = 39 | step =    70 | loss_pnn = 1.576 | loss_cn = 0.00330793 | acc_sim = 0.927 | acc_phy = 0.922 
| epoch = 39 | step =    80 | loss_pnn = 1.576 | loss_cn = 0.00331936 | acc_sim = 0.928 | acc_phy = 0.922 
| epoch = 39 | step =    90 | loss_pnn = 1.576 | loss_cn = 0.00333682 | acc_sim = 0.927 | acc_phy = 0.922 
| epoch = 39 | step =   100 | loss_pnn = 1.576 | loss_cn = 0.00334253 | acc_sim = 0.928 | acc_phy = 0.922 
| epoch = 39 | step =   110 | loss_pnn = 1.576 | loss_cn = 0.00334619 | acc_sim = 0.928 | acc_phy = 0.922 
| epoch = 39 | step =   120 | loss_pnn = 1.576 | loss_cn = 0.00336442 | acc_sim = 0.927 | acc_phy = 0.921 
Phy accuracy of the network on 10000 test images: 0.925


Current training epoch: 40, learning rate for pnn: 0.000125, learning rate for SEPN: 0.000125
| epoch = 40 | step =    10 | loss_pnn = 1.574 | loss_cn = 0.00318606 | acc_sim = 0.925 | acc_phy = 0.921 
| epoch = 40 | step =    20 | loss_pnn = 1.575 | loss_cn = 0.00329931 | acc_sim = 0.927 | acc_phy = 0.921 
| epoch = 40 | step =    30 | loss_pnn = 1.577 | loss_cn = 0.00334522 | acc_sim = 0.925 | acc_phy = 0.919 
| epoch = 40 | step =    40 | loss_pnn = 1.576 | loss_cn = 0.00332040 | acc_sim = 0.926 | acc_phy = 0.921 
| epoch = 40 | step =    50 | loss_pnn = 1.575 | loss_cn = 0.00333396 | acc_sim = 0.926 | acc_phy = 0.921 
| epoch = 40 | step =    60 | loss_pnn = 1.574 | loss_cn = 0.00332338 | acc_sim = 0.927 | acc_phy = 0.921 
| epoch = 40 | step =    70 | loss_pnn = 1.574 | loss_cn = 0.00331786 | acc_sim = 0.927 | acc_phy = 0.922 
| epoch = 40 | step =    80 | loss_pnn = 1.573 | loss_cn = 0.00332692 | acc_sim = 0.928 | acc_phy = 0.922 
| epoch = 40 | step =    90 | loss_pnn = 1.573 | loss_cn = 0.00331793 | acc_sim = 0.928 | acc_phy = 0.923 
| epoch = 40 | step =   100 | loss_pnn = 1.573 | loss_cn = 0.00331898 | acc_sim = 0.928 | acc_phy = 0.923 
| epoch = 40 | step =   110 | loss_pnn = 1.573 | loss_cn = 0.00331962 | acc_sim = 0.928 | acc_phy = 0.923 
| epoch = 40 | step =   120 | loss_pnn = 1.573 | loss_cn = 0.00331588 | acc_sim = 0.927 | acc_phy = 0.923 
Phy accuracy of the network on 10000 test images: 0.926


Current training epoch: 41, learning rate for pnn: 6.25e-05, learning rate for SEPN: 6.25e-05
| epoch = 41 | step =    10 | loss_pnn = 1.572 | loss_cn = 0.00328062 | acc_sim = 0.931 | acc_phy = 0.922 
| epoch = 41 | step =    20 | loss_pnn = 1.571 | loss_cn = 0.00323327 | acc_sim = 0.931 | acc_phy = 0.924 
| epoch = 41 | step =    30 | loss_pnn = 1.573 | loss_cn = 0.00326232 | acc_sim = 0.930 | acc_phy = 0.922 
| epoch = 41 | step =    40 | loss_pnn = 1.572 | loss_cn = 0.00324757 | acc_sim = 0.930 | acc_phy = 0.923 
| epoch = 41 | step =    50 | loss_pnn = 1.572 | loss_cn = 0.00322462 | acc_sim = 0.929 | acc_phy = 0.923 
| epoch = 41 | step =    60 | loss_pnn = 1.572 | loss_cn = 0.00323131 | acc_sim = 0.930 | acc_phy = 0.923 
| epoch = 41 | step =    70 | loss_pnn = 1.572 | loss_cn = 0.00322806 | acc_sim = 0.929 | acc_phy = 0.923 
| epoch = 41 | step =    80 | loss_pnn = 1.572 | loss_cn = 0.00322913 | acc_sim = 0.929 | acc_phy = 0.923 
| epoch = 41 | step =    90 | loss_pnn = 1.572 | loss_cn = 0.00322135 | acc_sim = 0.929 | acc_phy = 0.923 
| epoch = 41 | step =   100 | loss_pnn = 1.572 | loss_cn = 0.00322133 | acc_sim = 0.928 | acc_phy = 0.923 
| epoch = 41 | step =   110 | loss_pnn = 1.572 | loss_cn = 0.00321977 | acc_sim = 0.929 | acc_phy = 0.923 
| epoch = 41 | step =   120 | loss_pnn = 1.572 | loss_cn = 0.00322355 | acc_sim = 0.929 | acc_phy = 0.923 
Phy accuracy of the network on 10000 test images: 0.926


Current training epoch: 42, learning rate for pnn: 6.25e-05, learning rate for SEPN: 6.25e-05
| epoch = 42 | step =    10 | loss_pnn = 1.567 | loss_cn = 0.00326625 | acc_sim = 0.935 | acc_phy = 0.930 
| epoch = 42 | step =    20 | loss_pnn = 1.570 | loss_cn = 0.00325550 | acc_sim = 0.932 | acc_phy = 0.926 
| epoch = 42 | step =    30 | loss_pnn = 1.570 | loss_cn = 0.00322952 | acc_sim = 0.930 | acc_phy = 0.925 
| epoch = 42 | step =    40 | loss_pnn = 1.571 | loss_cn = 0.00324929 | acc_sim = 0.929 | acc_phy = 0.923 
| epoch = 42 | step =    50 | loss_pnn = 1.572 | loss_cn = 0.00324482 | acc_sim = 0.928 | acc_phy = 0.922 
| epoch = 42 | step =    60 | loss_pnn = 1.572 | loss_cn = 0.00325414 | acc_sim = 0.928 | acc_phy = 0.922 
| epoch = 42 | step =    70 | loss_pnn = 1.572 | loss_cn = 0.00324903 | acc_sim = 0.928 | acc_phy = 0.923 
| epoch = 42 | step =    80 | loss_pnn = 1.570 | loss_cn = 0.00324083 | acc_sim = 0.929 | acc_phy = 0.924 
| epoch = 42 | step =    90 | loss_pnn = 1.571 | loss_cn = 0.00322437 | acc_sim = 0.929 | acc_phy = 0.924 
| epoch = 42 | step =   100 | loss_pnn = 1.571 | loss_cn = 0.00322725 | acc_sim = 0.929 | acc_phy = 0.924 
| epoch = 42 | step =   110 | loss_pnn = 1.570 | loss_cn = 0.00322638 | acc_sim = 0.929 | acc_phy = 0.924 
| epoch = 42 | step =   120 | loss_pnn = 1.570 | loss_cn = 0.00322145 | acc_sim = 0.929 | acc_phy = 0.924 
Phy accuracy of the network on 10000 test images: 0.928


Current training epoch: 43, learning rate for pnn: 6.25e-05, learning rate for SEPN: 6.25e-05
| epoch = 43 | step =    10 | loss_pnn = 1.572 | loss_cn = 0.00322439 | acc_sim = 0.928 | acc_phy = 0.921 
| epoch = 43 | step =    20 | loss_pnn = 1.569 | loss_cn = 0.00319792 | acc_sim = 0.932 | acc_phy = 0.926 
| epoch = 43 | step =    30 | loss_pnn = 1.568 | loss_cn = 0.00314938 | acc_sim = 0.933 | acc_phy = 0.926 
| epoch = 43 | step =    40 | loss_pnn = 1.569 | loss_cn = 0.00318639 | acc_sim = 0.932 | acc_phy = 0.925 
| epoch = 43 | step =    50 | loss_pnn = 1.570 | loss_cn = 0.00322151 | acc_sim = 0.930 | acc_phy = 0.923 
| epoch = 43 | step =    60 | loss_pnn = 1.570 | loss_cn = 0.00322187 | acc_sim = 0.931 | acc_phy = 0.924 
| epoch = 43 | step =    70 | loss_pnn = 1.569 | loss_cn = 0.00320564 | acc_sim = 0.931 | acc_phy = 0.924 
| epoch = 43 | step =    80 | loss_pnn = 1.569 | loss_cn = 0.00320803 | acc_sim = 0.930 | acc_phy = 0.924 
| epoch = 43 | step =    90 | loss_pnn = 1.570 | loss_cn = 0.00321013 | acc_sim = 0.930 | acc_phy = 0.924 
| epoch = 43 | step =   100 | loss_pnn = 1.569 | loss_cn = 0.00320983 | acc_sim = 0.930 | acc_phy = 0.924 
| epoch = 43 | step =   110 | loss_pnn = 1.569 | loss_cn = 0.00320792 | acc_sim = 0.930 | acc_phy = 0.924 
| epoch = 43 | step =   120 | loss_pnn = 1.569 | loss_cn = 0.00321123 | acc_sim = 0.930 | acc_phy = 0.924 
Phy accuracy of the network on 10000 test images: 0.928


Current training epoch: 44, learning rate for pnn: 6.25e-05, learning rate for SEPN: 6.25e-05
| epoch = 44 | step =    10 | loss_pnn = 1.572 | loss_cn = 0.00335895 | acc_sim = 0.929 | acc_phy = 0.924 
| epoch = 44 | step =    20 | loss_pnn = 1.570 | loss_cn = 0.00330109 | acc_sim = 0.931 | acc_phy = 0.926 
| epoch = 44 | step =    30 | loss_pnn = 1.570 | loss_cn = 0.00328164 | acc_sim = 0.931 | acc_phy = 0.925 
| epoch = 44 | step =    40 | loss_pnn = 1.570 | loss_cn = 0.00325017 | acc_sim = 0.930 | acc_phy = 0.925 
| epoch = 44 | step =    50 | loss_pnn = 1.570 | loss_cn = 0.00323456 | acc_sim = 0.930 | acc_phy = 0.925 
| epoch = 44 | step =    60 | loss_pnn = 1.569 | loss_cn = 0.00321284 | acc_sim = 0.930 | acc_phy = 0.925 
| epoch = 44 | step =    70 | loss_pnn = 1.569 | loss_cn = 0.00319710 | acc_sim = 0.931 | acc_phy = 0.925 
| epoch = 44 | step =    80 | loss_pnn = 1.568 | loss_cn = 0.00319023 | acc_sim = 0.931 | acc_phy = 0.925 
| epoch = 44 | step =    90 | loss_pnn = 1.569 | loss_cn = 0.00318909 | acc_sim = 0.930 | acc_phy = 0.925 
| epoch = 44 | step =   100 | loss_pnn = 1.569 | loss_cn = 0.00319647 | acc_sim = 0.930 | acc_phy = 0.924 
| epoch = 44 | step =   110 | loss_pnn = 1.569 | loss_cn = 0.00320353 | acc_sim = 0.930 | acc_phy = 0.924 
| epoch = 44 | step =   120 | loss_pnn = 1.568 | loss_cn = 0.00320176 | acc_sim = 0.930 | acc_phy = 0.925 
Phy accuracy of the network on 10000 test images: 0.929


Current training epoch: 45, learning rate for pnn: 6.25e-05, learning rate for SEPN: 6.25e-05
| epoch = 45 | step =    10 | loss_pnn = 1.565 | loss_cn = 0.00308966 | acc_sim = 0.936 | acc_phy = 0.930 
| epoch = 45 | step =    20 | loss_pnn = 1.567 | loss_cn = 0.00314589 | acc_sim = 0.932 | acc_phy = 0.926 
| epoch = 45 | step =    30 | loss_pnn = 1.567 | loss_cn = 0.00313917 | acc_sim = 0.932 | acc_phy = 0.926 
| epoch = 45 | step =    40 | loss_pnn = 1.567 | loss_cn = 0.00314172 | acc_sim = 0.931 | acc_phy = 0.926 
| epoch = 45 | step =    50 | loss_pnn = 1.568 | loss_cn = 0.00317386 | acc_sim = 0.930 | acc_phy = 0.926 
| epoch = 45 | step =    60 | loss_pnn = 1.567 | loss_cn = 0.00316083 | acc_sim = 0.930 | acc_phy = 0.926 
| epoch = 45 | step =    70 | loss_pnn = 1.567 | loss_cn = 0.00315864 | acc_sim = 0.931 | acc_phy = 0.926 
| epoch = 45 | step =    80 | loss_pnn = 1.567 | loss_cn = 0.00318214 | acc_sim = 0.931 | acc_phy = 0.926 
| epoch = 45 | step =    90 | loss_pnn = 1.567 | loss_cn = 0.00318983 | acc_sim = 0.930 | acc_phy = 0.926 
| epoch = 45 | step =   100 | loss_pnn = 1.567 | loss_cn = 0.00318885 | acc_sim = 0.931 | acc_phy = 0.926 
| epoch = 45 | step =   110 | loss_pnn = 1.567 | loss_cn = 0.00318330 | acc_sim = 0.931 | acc_phy = 0.926 
| epoch = 45 | step =   120 | loss_pnn = 1.567 | loss_cn = 0.00319163 | acc_sim = 0.930 | acc_phy = 0.925 
Phy accuracy of the network on 10000 test images: 0.929


Current training epoch: 46, learning rate for pnn: 6.25e-05, learning rate for SEPN: 6.25e-05
| epoch = 46 | step =    10 | loss_pnn = 1.570 | loss_cn = 0.00321099 | acc_sim = 0.927 | acc_phy = 0.924 
| epoch = 46 | step =    20 | loss_pnn = 1.569 | loss_cn = 0.00318432 | acc_sim = 0.929 | acc_phy = 0.925 
| epoch = 46 | step =    30 | loss_pnn = 1.566 | loss_cn = 0.00319696 | acc_sim = 0.932 | acc_phy = 0.927 
| epoch = 46 | step =    40 | loss_pnn = 1.565 | loss_cn = 0.00319574 | acc_sim = 0.933 | acc_phy = 0.928 
| epoch = 46 | step =    50 | loss_pnn = 1.565 | loss_cn = 0.00322326 | acc_sim = 0.933 | acc_phy = 0.928 
| epoch = 46 | step =    60 | loss_pnn = 1.566 | loss_cn = 0.00321211 | acc_sim = 0.932 | acc_phy = 0.927 
| epoch = 46 | step =    70 | loss_pnn = 1.566 | loss_cn = 0.00320451 | acc_sim = 0.932 | acc_phy = 0.927 
| epoch = 46 | step =    80 | loss_pnn = 1.566 | loss_cn = 0.00320057 | acc_sim = 0.932 | acc_phy = 0.927 
| epoch = 46 | step =    90 | loss_pnn = 1.566 | loss_cn = 0.00319871 | acc_sim = 0.932 | acc_phy = 0.927 
| epoch = 46 | step =   100 | loss_pnn = 1.566 | loss_cn = 0.00320140 | acc_sim = 0.932 | acc_phy = 0.926 
| epoch = 46 | step =   110 | loss_pnn = 1.566 | loss_cn = 0.00319453 | acc_sim = 0.931 | acc_phy = 0.926 
| epoch = 46 | step =   120 | loss_pnn = 1.566 | loss_cn = 0.00318132 | acc_sim = 0.931 | acc_phy = 0.926 
Phy accuracy of the network on 10000 test images: 0.929


Current training epoch: 47, learning rate for pnn: 6.25e-05, learning rate for SEPN: 6.25e-05
| epoch = 47 | step =    10 | loss_pnn = 1.563 | loss_cn = 0.00310362 | acc_sim = 0.935 | acc_phy = 0.933 
| epoch = 47 | step =    20 | loss_pnn = 1.563 | loss_cn = 0.00312554 | acc_sim = 0.936 | acc_phy = 0.931 
| epoch = 47 | step =    30 | loss_pnn = 1.566 | loss_cn = 0.00315988 | acc_sim = 0.932 | acc_phy = 0.927 
| epoch = 47 | step =    40 | loss_pnn = 1.566 | loss_cn = 0.00317386 | acc_sim = 0.931 | acc_phy = 0.927 
| epoch = 47 | step =    50 | loss_pnn = 1.567 | loss_cn = 0.00318834 | acc_sim = 0.930 | acc_phy = 0.926 
| epoch = 47 | step =    60 | loss_pnn = 1.566 | loss_cn = 0.00318026 | acc_sim = 0.931 | acc_phy = 0.927 
| epoch = 47 | step =    70 | loss_pnn = 1.566 | loss_cn = 0.00317168 | acc_sim = 0.932 | acc_phy = 0.927 
| epoch = 47 | step =    80 | loss_pnn = 1.566 | loss_cn = 0.00316582 | acc_sim = 0.931 | acc_phy = 0.926 
| epoch = 47 | step =    90 | loss_pnn = 1.566 | loss_cn = 0.00316944 | acc_sim = 0.932 | acc_phy = 0.927 
| epoch = 47 | step =   100 | loss_pnn = 1.565 | loss_cn = 0.00316560 | acc_sim = 0.932 | acc_phy = 0.927 
| epoch = 47 | step =   110 | loss_pnn = 1.566 | loss_cn = 0.00317927 | acc_sim = 0.932 | acc_phy = 0.926 
| epoch = 47 | step =   120 | loss_pnn = 1.565 | loss_cn = 0.00318054 | acc_sim = 0.932 | acc_phy = 0.926 
Phy accuracy of the network on 10000 test images: 0.930


Current training epoch: 48, learning rate for pnn: 6.25e-05, learning rate for SEPN: 6.25e-05
| epoch = 48 | step =    10 | loss_pnn = 1.570 | loss_cn = 0.00328030 | acc_sim = 0.923 | acc_phy = 0.921 
| epoch = 48 | step =    20 | loss_pnn = 1.566 | loss_cn = 0.00315045 | acc_sim = 0.929 | acc_phy = 0.925 
| epoch = 48 | step =    30 | loss_pnn = 1.566 | loss_cn = 0.00313955 | acc_sim = 0.931 | acc_phy = 0.925 
| epoch = 48 | step =    40 | loss_pnn = 1.566 | loss_cn = 0.00316072 | acc_sim = 0.931 | acc_phy = 0.925 
| epoch = 48 | step =    50 | loss_pnn = 1.565 | loss_cn = 0.00316310 | acc_sim = 0.931 | acc_phy = 0.926 
| epoch = 48 | step =    60 | loss_pnn = 1.565 | loss_cn = 0.00315683 | acc_sim = 0.932 | acc_phy = 0.926 
| epoch = 48 | step =    70 | loss_pnn = 1.565 | loss_cn = 0.00315617 | acc_sim = 0.933 | acc_phy = 0.927 
| epoch = 48 | step =    80 | loss_pnn = 1.564 | loss_cn = 0.00315341 | acc_sim = 0.933 | acc_phy = 0.928 
| epoch = 48 | step =    90 | loss_pnn = 1.565 | loss_cn = 0.00317128 | acc_sim = 0.933 | acc_phy = 0.927 
| epoch = 48 | step =   100 | loss_pnn = 1.565 | loss_cn = 0.00316275 | acc_sim = 0.932 | acc_phy = 0.927 
| epoch = 48 | step =   110 | loss_pnn = 1.564 | loss_cn = 0.00316362 | acc_sim = 0.933 | acc_phy = 0.927 
| epoch = 48 | step =   120 | loss_pnn = 1.565 | loss_cn = 0.00316985 | acc_sim = 0.932 | acc_phy = 0.927 
Phy accuracy of the network on 10000 test images: 0.931


Current training epoch: 49, learning rate for pnn: 6.25e-05, learning rate for SEPN: 6.25e-05
| epoch = 49 | step =    10 | loss_pnn = 1.559 | loss_cn = 0.00308871 | acc_sim = 0.938 | acc_phy = 0.933 
| epoch = 49 | step =    20 | loss_pnn = 1.562 | loss_cn = 0.00315992 | acc_sim = 0.935 | acc_phy = 0.931 
| epoch = 49 | step =    30 | loss_pnn = 1.562 | loss_cn = 0.00316927 | acc_sim = 0.935 | acc_phy = 0.930 
| epoch = 49 | step =    40 | loss_pnn = 1.564 | loss_cn = 0.00319200 | acc_sim = 0.933 | acc_phy = 0.928 
| epoch = 49 | step =    50 | loss_pnn = 1.565 | loss_cn = 0.00320230 | acc_sim = 0.931 | acc_phy = 0.926 
| epoch = 49 | step =    60 | loss_pnn = 1.565 | loss_cn = 0.00320301 | acc_sim = 0.931 | acc_phy = 0.925 
| epoch = 49 | step =    70 | loss_pnn = 1.565 | loss_cn = 0.00318642 | acc_sim = 0.932 | acc_phy = 0.926 
| epoch = 49 | step =    80 | loss_pnn = 1.565 | loss_cn = 0.00318147 | acc_sim = 0.932 | acc_phy = 0.926 
| epoch = 49 | step =    90 | loss_pnn = 1.564 | loss_cn = 0.00316666 | acc_sim = 0.932 | acc_phy = 0.927 
| epoch = 49 | step =   100 | loss_pnn = 1.564 | loss_cn = 0.00316746 | acc_sim = 0.932 | acc_phy = 0.927 
| epoch = 49 | step =   110 | loss_pnn = 1.564 | loss_cn = 0.00315888 | acc_sim = 0.933 | acc_phy = 0.927 
| epoch = 49 | step =   120 | loss_pnn = 1.564 | loss_cn = 0.00316100 | acc_sim = 0.932 | acc_phy = 0.927 
Phy accuracy of the network on 10000 test images: 0.931


Current training epoch: 50, learning rate for pnn: 6.25e-05, learning rate for SEPN: 6.25e-05
| epoch = 50 | step =    10 | loss_pnn = 1.563 | loss_cn = 0.00311448 | acc_sim = 0.933 | acc_phy = 0.926 
| epoch = 50 | step =    20 | loss_pnn = 1.564 | loss_cn = 0.00314984 | acc_sim = 0.932 | acc_phy = 0.927 
| epoch = 50 | step =    30 | loss_pnn = 1.565 | loss_cn = 0.00316809 | acc_sim = 0.931 | acc_phy = 0.926 
| epoch = 50 | step =    40 | loss_pnn = 1.564 | loss_cn = 0.00314346 | acc_sim = 0.931 | acc_phy = 0.927 
| epoch = 50 | step =    50 | loss_pnn = 1.565 | loss_cn = 0.00317728 | acc_sim = 0.930 | acc_phy = 0.926 
| epoch = 50 | step =    60 | loss_pnn = 1.565 | loss_cn = 0.00318772 | acc_sim = 0.930 | acc_phy = 0.925 
| epoch = 50 | step =    70 | loss_pnn = 1.565 | loss_cn = 0.00317428 | acc_sim = 0.931 | acc_phy = 0.926 
| epoch = 50 | step =    80 | loss_pnn = 1.565 | loss_cn = 0.00317097 | acc_sim = 0.931 | acc_phy = 0.926 
| epoch = 50 | step =    90 | loss_pnn = 1.564 | loss_cn = 0.00315492 | acc_sim = 0.932 | acc_phy = 0.927 
| epoch = 50 | step =   100 | loss_pnn = 1.564 | loss_cn = 0.00316231 | acc_sim = 0.931 | acc_phy = 0.927 
| epoch = 50 | step =   110 | loss_pnn = 1.564 | loss_cn = 0.00315866 | acc_sim = 0.932 | acc_phy = 0.927 
| epoch = 50 | step =   120 | loss_pnn = 1.563 | loss_cn = 0.00315300 | acc_sim = 0.932 | acc_phy = 0.928 
Phy accuracy of the network on 10000 test images: 0.931

Finished training. Elapsed time of training = 5:12:49.143594.
Best accuracy on test images: 0.9312999999999999.
