Training new model from scratch......
--------------------------
Training with SEPN
--------------------------

Current training epoch: 1, learning rate for pnn: 0.001, 
| epoch = 1 | step =    10 | loss_pnn = 2.272 | loss_cn = 0.00000000 | acc_sim = 0.259 | acc_phy = 0.200 
| epoch = 1 | step =    20 | loss_pnn = 2.233 | loss_cn = 0.00000000 | acc_sim = 0.362 | acc_phy = 0.288 
| epoch = 1 | step =    30 | loss_pnn = 2.194 | loss_cn = 0.00000000 | acc_sim = 0.449 | acc_phy = 0.364 
| epoch = 1 | step =    40 | loss_pnn = 2.156 | loss_cn = 0.00000000 | acc_sim = 0.515 | acc_phy = 0.425 
| epoch = 1 | step =    50 | loss_pnn = 2.125 | loss_cn = 0.00000000 | acc_sim = 0.560 | acc_phy = 0.469 
| epoch = 1 | step =    60 | loss_pnn = 2.096 | loss_cn = 0.00000000 | acc_sim = 0.599 | acc_phy = 0.508 
| epoch = 1 | step =    70 | loss_pnn = 2.069 | loss_cn = 0.00000000 | acc_sim = 0.630 | acc_phy = 0.539 
| epoch = 1 | step =    80 | loss_pnn = 2.046 | loss_cn = 0.00000000 | acc_sim = 0.655 | acc_phy = 0.565 
| epoch = 1 | step =    90 | loss_pnn = 2.024 | loss_cn = 0.00000000 | acc_sim = 0.676 | acc_phy = 0.588 
| epoch = 1 | step =   100 | loss_pnn = 2.005 | loss_cn = 0.00000000 | acc_sim = 0.695 | acc_phy = 0.607 
| epoch = 1 | step =   110 | loss_pnn = 1.988 | loss_cn = 0.00000000 | acc_sim = 0.710 | acc_phy = 0.623 
| epoch = 1 | step =   120 | loss_pnn = 1.972 | loss_cn = 0.00000000 | acc_sim = 0.725 | acc_phy = 0.637 

Current training epoch: 2, learning rate for pnn: 0.001, 
| epoch = 2 | step =    10 | loss_pnn = 1.780 | loss_cn = 0.00000000 | acc_sim = 0.884 | acc_phy = 0.801 
| epoch = 2 | step =    20 | loss_pnn = 1.772 | loss_cn = 0.00000000 | acc_sim = 0.884 | acc_phy = 0.804 
| epoch = 2 | step =    30 | loss_pnn = 1.768 | loss_cn = 0.00000000 | acc_sim = 0.886 | acc_phy = 0.808 
| epoch = 2 | step =    40 | loss_pnn = 1.761 | loss_cn = 0.00000000 | acc_sim = 0.888 | acc_phy = 0.813 
| epoch = 2 | step =    50 | loss_pnn = 1.757 | loss_cn = 0.00000000 | acc_sim = 0.891 | acc_phy = 0.815 
| epoch = 2 | step =    60 | loss_pnn = 1.751 | loss_cn = 0.00000000 | acc_sim = 0.894 | acc_phy = 0.819 
| epoch = 2 | step =    70 | loss_pnn = 1.747 | loss_cn = 0.00000000 | acc_sim = 0.896 | acc_phy = 0.821 
| epoch = 2 | step =    80 | loss_pnn = 1.743 | loss_cn = 0.00000000 | acc_sim = 0.897 | acc_phy = 0.822 
| epoch = 2 | step =    90 | loss_pnn = 1.739 | loss_cn = 0.00000000 | acc_sim = 0.898 | acc_phy = 0.824 
| epoch = 2 | step =   100 | loss_pnn = 1.737 | loss_cn = 0.00000000 | acc_sim = 0.899 | acc_phy = 0.824 
| epoch = 2 | step =   110 | loss_pnn = 1.733 | loss_cn = 0.00000000 | acc_sim = 0.900 | acc_phy = 0.826 
| epoch = 2 | step =   120 | loss_pnn = 1.730 | loss_cn = 0.00000000 | acc_sim = 0.901 | acc_phy = 0.828 

Current training epoch: 3, learning rate for pnn: 0.001, 
| epoch = 3 | step =    10 | loss_pnn = 1.699 | loss_cn = 0.00000000 | acc_sim = 0.909 | acc_phy = 0.834 
| epoch = 3 | step =    20 | loss_pnn = 1.698 | loss_cn = 0.00000000 | acc_sim = 0.912 | acc_phy = 0.839 
| epoch = 3 | step =    30 | loss_pnn = 1.693 | loss_cn = 0.00000000 | acc_sim = 0.913 | acc_phy = 0.844 
| epoch = 3 | step =    40 | loss_pnn = 1.689 | loss_cn = 0.00000000 | acc_sim = 0.915 | acc_phy = 0.847 
| epoch = 3 | step =    50 | loss_pnn = 1.687 | loss_cn = 0.00000000 | acc_sim = 0.916 | acc_phy = 0.848 
| epoch = 3 | step =    60 | loss_pnn = 1.684 | loss_cn = 0.00000000 | acc_sim = 0.917 | acc_phy = 0.850 
| epoch = 3 | step =    70 | loss_pnn = 1.683 | loss_cn = 0.00000000 | acc_sim = 0.918 | acc_phy = 0.851 
| epoch = 3 | step =    80 | loss_pnn = 1.680 | loss_cn = 0.00000000 | acc_sim = 0.919 | acc_phy = 0.852 
| epoch = 3 | step =    90 | loss_pnn = 1.679 | loss_cn = 0.00000000 | acc_sim = 0.920 | acc_phy = 0.853 
| epoch = 3 | step =   100 | loss_pnn = 1.677 | loss_cn = 0.00000000 | acc_sim = 0.920 | acc_phy = 0.853 
| epoch = 3 | step =   110 | loss_pnn = 1.675 | loss_cn = 0.00000000 | acc_sim = 0.921 | acc_phy = 0.854 
| epoch = 3 | step =   120 | loss_pnn = 1.673 | loss_cn = 0.00000000 | acc_sim = 0.921 | acc_phy = 0.855 

Current training epoch: 4, learning rate for pnn: 0.001, 
| epoch = 4 | step =    10 | loss_pnn = 1.659 | loss_cn = 0.00000000 | acc_sim = 0.929 | acc_phy = 0.858 
| epoch = 4 | step =    20 | loss_pnn = 1.656 | loss_cn = 0.00000000 | acc_sim = 0.929 | acc_phy = 0.861 
| epoch = 4 | step =    30 | loss_pnn = 1.659 | loss_cn = 0.00000000 | acc_sim = 0.929 | acc_phy = 0.858 
| epoch = 4 | step =    40 | loss_pnn = 1.656 | loss_cn = 0.00000000 | acc_sim = 0.928 | acc_phy = 0.861 
| epoch = 4 | step =    50 | loss_pnn = 1.652 | loss_cn = 0.00000000 | acc_sim = 0.930 | acc_phy = 0.864 
| epoch = 4 | step =    60 | loss_pnn = 1.652 | loss_cn = 0.00000000 | acc_sim = 0.930 | acc_phy = 0.864 
| epoch = 4 | step =    70 | loss_pnn = 1.650 | loss_cn = 0.00000000 | acc_sim = 0.931 | acc_phy = 0.865 
| epoch = 4 | step =    80 | loss_pnn = 1.650 | loss_cn = 0.00000000 | acc_sim = 0.932 | acc_phy = 0.865 
| epoch = 4 | step =    90 | loss_pnn = 1.649 | loss_cn = 0.00000000 | acc_sim = 0.932 | acc_phy = 0.865 
| epoch = 4 | step =   100 | loss_pnn = 1.648 | loss_cn = 0.00000000 | acc_sim = 0.932 | acc_phy = 0.866 
| epoch = 4 | step =   110 | loss_pnn = 1.648 | loss_cn = 0.00000000 | acc_sim = 0.932 | acc_phy = 0.866 
| epoch = 4 | step =   120 | loss_pnn = 1.647 | loss_cn = 0.00000000 | acc_sim = 0.932 | acc_phy = 0.866 

Current training epoch: 5, learning rate for pnn: 0.001, 
| epoch = 5 | step =    10 | loss_pnn = 1.639 | loss_cn = 0.00000000 | acc_sim = 0.940 | acc_phy = 0.870 
| epoch = 5 | step =    20 | loss_pnn = 1.642 | loss_cn = 0.00000000 | acc_sim = 0.937 | acc_phy = 0.864 
| epoch = 5 | step =    30 | loss_pnn = 1.639 | loss_cn = 0.00000000 | acc_sim = 0.938 | acc_phy = 0.869 
| epoch = 5 | step =    40 | loss_pnn = 1.637 | loss_cn = 0.00000000 | acc_sim = 0.938 | acc_phy = 0.871 
| epoch = 5 | step =    50 | loss_pnn = 1.637 | loss_cn = 0.00000000 | acc_sim = 0.937 | acc_phy = 0.871 
| epoch = 5 | step =    60 | loss_pnn = 1.636 | loss_cn = 0.00000000 | acc_sim = 0.938 | acc_phy = 0.872 
| epoch = 5 | step =    70 | loss_pnn = 1.637 | loss_cn = 0.00000000 | acc_sim = 0.939 | acc_phy = 0.872 
| epoch = 5 | step =    80 | loss_pnn = 1.636 | loss_cn = 0.00000000 | acc_sim = 0.939 | acc_phy = 0.872 
| epoch = 5 | step =    90 | loss_pnn = 1.635 | loss_cn = 0.00000000 | acc_sim = 0.939 | acc_phy = 0.872 
| epoch = 5 | step =   100 | loss_pnn = 1.635 | loss_cn = 0.00000000 | acc_sim = 0.939 | acc_phy = 0.872 
| epoch = 5 | step =   110 | loss_pnn = 1.634 | loss_cn = 0.00000000 | acc_sim = 0.939 | acc_phy = 0.872 
| epoch = 5 | step =   120 | loss_pnn = 1.633 | loss_cn = 0.00000000 | acc_sim = 0.939 | acc_phy = 0.873 

Current training epoch: 6, learning rate for pnn: 0.001, 
| epoch = 6 | step =    10 | loss_pnn = 1.628 | loss_cn = 0.00000000 | acc_sim = 0.944 | acc_phy = 0.873 
| epoch = 6 | step =    20 | loss_pnn = 1.630 | loss_cn = 0.00000000 | acc_sim = 0.944 | acc_phy = 0.872 
| epoch = 6 | step =    30 | loss_pnn = 1.629 | loss_cn = 0.00000000 | acc_sim = 0.943 | acc_phy = 0.872 
| epoch = 6 | step =    40 | loss_pnn = 1.629 | loss_cn = 0.00000000 | acc_sim = 0.945 | acc_phy = 0.873 
| epoch = 6 | step =    50 | loss_pnn = 1.630 | loss_cn = 0.00000000 | acc_sim = 0.944 | acc_phy = 0.872 
| epoch = 6 | step =    60 | loss_pnn = 1.629 | loss_cn = 0.00000000 | acc_sim = 0.944 | acc_phy = 0.872 
| epoch = 6 | step =    70 | loss_pnn = 1.628 | loss_cn = 0.00000000 | acc_sim = 0.944 | acc_phy = 0.873 
| epoch = 6 | step =    80 | loss_pnn = 1.626 | loss_cn = 0.00000000 | acc_sim = 0.945 | acc_phy = 0.875 
| epoch = 6 | step =    90 | loss_pnn = 1.626 | loss_cn = 0.00000000 | acc_sim = 0.945 | acc_phy = 0.875 
| epoch = 6 | step =   100 | loss_pnn = 1.626 | loss_cn = 0.00000000 | acc_sim = 0.945 | acc_phy = 0.875 
| epoch = 6 | step =   110 | loss_pnn = 1.625 | loss_cn = 0.00000000 | acc_sim = 0.945 | acc_phy = 0.876 
| epoch = 6 | step =   120 | loss_pnn = 1.625 | loss_cn = 0.00000000 | acc_sim = 0.945 | acc_phy = 0.875 

Current training epoch: 7, learning rate for pnn: 0.001, 
| epoch = 7 | step =    10 | loss_pnn = 1.624 | loss_cn = 0.00000000 | acc_sim = 0.947 | acc_phy = 0.868 
| epoch = 7 | step =    20 | loss_pnn = 1.626 | loss_cn = 0.00000000 | acc_sim = 0.947 | acc_phy = 0.869 
| epoch = 7 | step =    30 | loss_pnn = 1.625 | loss_cn = 0.00000000 | acc_sim = 0.945 | acc_phy = 0.871 
| epoch = 7 | step =    40 | loss_pnn = 1.624 | loss_cn = 0.00000000 | acc_sim = 0.946 | acc_phy = 0.873 
| epoch = 7 | step =    50 | loss_pnn = 1.623 | loss_cn = 0.00000000 | acc_sim = 0.947 | acc_phy = 0.873 
| epoch = 7 | step =    60 | loss_pnn = 1.623 | loss_cn = 0.00000000 | acc_sim = 0.948 | acc_phy = 0.874 
| epoch = 7 | step =    70 | loss_pnn = 1.623 | loss_cn = 0.00000000 | acc_sim = 0.947 | acc_phy = 0.873 
| epoch = 7 | step =    80 | loss_pnn = 1.621 | loss_cn = 0.00000000 | acc_sim = 0.947 | acc_phy = 0.874 
| epoch = 7 | step =    90 | loss_pnn = 1.620 | loss_cn = 0.00000000 | acc_sim = 0.948 | acc_phy = 0.875 
| epoch = 7 | step =   100 | loss_pnn = 1.621 | loss_cn = 0.00000000 | acc_sim = 0.948 | acc_phy = 0.875 
| epoch = 7 | step =   110 | loss_pnn = 1.620 | loss_cn = 0.00000000 | acc_sim = 0.948 | acc_phy = 0.876 
| epoch = 7 | step =   120 | loss_pnn = 1.620 | loss_cn = 0.00000000 | acc_sim = 0.948 | acc_phy = 0.876 

Current training epoch: 8, learning rate for pnn: 0.001, 
| epoch = 8 | step =    10 | loss_pnn = 1.621 | loss_cn = 0.00000000 | acc_sim = 0.952 | acc_phy = 0.874 
| epoch = 8 | step =    20 | loss_pnn = 1.625 | loss_cn = 0.00000000 | acc_sim = 0.951 | acc_phy = 0.868 
| epoch = 8 | step =    30 | loss_pnn = 1.623 | loss_cn = 0.00000000 | acc_sim = 0.951 | acc_phy = 0.869 
| epoch = 8 | step =    40 | loss_pnn = 1.620 | loss_cn = 0.00000000 | acc_sim = 0.951 | acc_phy = 0.872 
| epoch = 8 | step =    50 | loss_pnn = 1.619 | loss_cn = 0.00000000 | acc_sim = 0.950 | acc_phy = 0.874 
| epoch = 8 | step =    60 | loss_pnn = 1.619 | loss_cn = 0.00000000 | acc_sim = 0.950 | acc_phy = 0.875 
| epoch = 8 | step =    70 | loss_pnn = 1.617 | loss_cn = 0.00000000 | acc_sim = 0.951 | acc_phy = 0.877 
| epoch = 8 | step =    80 | loss_pnn = 1.618 | loss_cn = 0.00000000 | acc_sim = 0.951 | acc_phy = 0.877 
| epoch = 8 | step =    90 | loss_pnn = 1.619 | loss_cn = 0.00000000 | acc_sim = 0.951 | acc_phy = 0.875 
| epoch = 8 | step =   100 | loss_pnn = 1.618 | loss_cn = 0.00000000 | acc_sim = 0.951 | acc_phy = 0.876 
| epoch = 8 | step =   110 | loss_pnn = 1.618 | loss_cn = 0.00000000 | acc_sim = 0.951 | acc_phy = 0.877 
| epoch = 8 | step =   120 | loss_pnn = 1.617 | loss_cn = 0.00000000 | acc_sim = 0.951 | acc_phy = 0.878 

Current training epoch: 9, learning rate for pnn: 0.001, 
| epoch = 9 | step =    10 | loss_pnn = 1.601 | loss_cn = 0.00000000 | acc_sim = 0.960 | acc_phy = 0.893 
| epoch = 9 | step =    20 | loss_pnn = 1.604 | loss_cn = 0.00000000 | acc_sim = 0.957 | acc_phy = 0.890 
| epoch = 9 | step =    30 | loss_pnn = 1.607 | loss_cn = 0.00000000 | acc_sim = 0.956 | acc_phy = 0.888 
| epoch = 9 | step =    40 | loss_pnn = 1.608 | loss_cn = 0.00000000 | acc_sim = 0.955 | acc_phy = 0.886 
| epoch = 9 | step =    50 | loss_pnn = 1.609 | loss_cn = 0.00000000 | acc_sim = 0.954 | acc_phy = 0.884 
| epoch = 9 | step =    60 | loss_pnn = 1.610 | loss_cn = 0.00000000 | acc_sim = 0.954 | acc_phy = 0.883 
| epoch = 9 | step =    70 | loss_pnn = 1.610 | loss_cn = 0.00000000 | acc_sim = 0.954 | acc_phy = 0.883 
| epoch = 9 | step =    80 | loss_pnn = 1.610 | loss_cn = 0.00000000 | acc_sim = 0.954 | acc_phy = 0.884 
| epoch = 9 | step =    90 | loss_pnn = 1.610 | loss_cn = 0.00000000 | acc_sim = 0.954 | acc_phy = 0.884 
| epoch = 9 | step =   100 | loss_pnn = 1.611 | loss_cn = 0.00000000 | acc_sim = 0.954 | acc_phy = 0.883 
| epoch = 9 | step =   110 | loss_pnn = 1.611 | loss_cn = 0.00000000 | acc_sim = 0.955 | acc_phy = 0.882 
| epoch = 9 | step =   120 | loss_pnn = 1.611 | loss_cn = 0.00000000 | acc_sim = 0.954 | acc_phy = 0.881 

Current training epoch: 10, learning rate for pnn: 0.001, 
| epoch = 10 | step =    10 | loss_pnn = 1.616 | loss_cn = 0.00000000 | acc_sim = 0.957 | acc_phy = 0.878 
| epoch = 10 | step =    20 | loss_pnn = 1.615 | loss_cn = 0.00000000 | acc_sim = 0.959 | acc_phy = 0.879 
| epoch = 10 | step =    30 | loss_pnn = 1.610 | loss_cn = 0.00000000 | acc_sim = 0.958 | acc_phy = 0.884 
| epoch = 10 | step =    40 | loss_pnn = 1.611 | loss_cn = 0.00000000 | acc_sim = 0.957 | acc_phy = 0.882 
| epoch = 10 | step =    50 | loss_pnn = 1.611 | loss_cn = 0.00000000 | acc_sim = 0.957 | acc_phy = 0.883 
| epoch = 10 | step =    60 | loss_pnn = 1.613 | loss_cn = 0.00000000 | acc_sim = 0.957 | acc_phy = 0.881 
| epoch = 10 | step =    70 | loss_pnn = 1.612 | loss_cn = 0.00000000 | acc_sim = 0.956 | acc_phy = 0.881 
| epoch = 10 | step =    80 | loss_pnn = 1.611 | loss_cn = 0.00000000 | acc_sim = 0.957 | acc_phy = 0.882 
| epoch = 10 | step =    90 | loss_pnn = 1.609 | loss_cn = 0.00000000 | acc_sim = 0.957 | acc_phy = 0.884 
| epoch = 10 | step =   100 | loss_pnn = 1.608 | loss_cn = 0.00000000 | acc_sim = 0.957 | acc_phy = 0.885 
| epoch = 10 | step =   110 | loss_pnn = 1.608 | loss_cn = 0.00000000 | acc_sim = 0.956 | acc_phy = 0.885 
| epoch = 10 | step =   120 | loss_pnn = 1.609 | loss_cn = 0.00000000 | acc_sim = 0.956 | acc_phy = 0.884 

Current training epoch: 11, learning rate for pnn: 0.0005, 
| epoch = 11 | step =    10 | loss_pnn = 1.618 | loss_cn = 0.00000000 | acc_sim = 0.958 | acc_phy = 0.873 
| epoch = 11 | step =    20 | loss_pnn = 1.614 | loss_cn = 0.00000000 | acc_sim = 0.957 | acc_phy = 0.880 
| epoch = 11 | step =    30 | loss_pnn = 1.612 | loss_cn = 0.00000000 | acc_sim = 0.958 | acc_phy = 0.883 
| epoch = 11 | step =    40 | loss_pnn = 1.610 | loss_cn = 0.00000000 | acc_sim = 0.958 | acc_phy = 0.884 
| epoch = 11 | step =    50 | loss_pnn = 1.609 | loss_cn = 0.00000000 | acc_sim = 0.958 | acc_phy = 0.884 
| epoch = 11 | step =    60 | loss_pnn = 1.609 | loss_cn = 0.00000000 | acc_sim = 0.957 | acc_phy = 0.885 
| epoch = 11 | step =    70 | loss_pnn = 1.609 | loss_cn = 0.00000000 | acc_sim = 0.958 | acc_phy = 0.885 
| epoch = 11 | step =    80 | loss_pnn = 1.609 | loss_cn = 0.00000000 | acc_sim = 0.958 | acc_phy = 0.884 
| epoch = 11 | step =    90 | loss_pnn = 1.609 | loss_cn = 0.00000000 | acc_sim = 0.959 | acc_phy = 0.884 
| epoch = 11 | step =   100 | loss_pnn = 1.609 | loss_cn = 0.00000000 | acc_sim = 0.959 | acc_phy = 0.884 
| epoch = 11 | step =   110 | loss_pnn = 1.608 | loss_cn = 0.00000000 | acc_sim = 0.959 | acc_phy = 0.885 
| epoch = 11 | step =   120 | loss_pnn = 1.608 | loss_cn = 0.00000000 | acc_sim = 0.959 | acc_phy = 0.885 

Current training epoch: 12, learning rate for pnn: 0.0005, 
| epoch = 12 | step =    10 | loss_pnn = 1.604 | loss_cn = 0.00000000 | acc_sim = 0.960 | acc_phy = 0.887 
| epoch = 12 | step =    20 | loss_pnn = 1.606 | loss_cn = 0.00000000 | acc_sim = 0.958 | acc_phy = 0.886 
| epoch = 12 | step =    30 | loss_pnn = 1.604 | loss_cn = 0.00000000 | acc_sim = 0.959 | acc_phy = 0.889 
| epoch = 12 | step =    40 | loss_pnn = 1.605 | loss_cn = 0.00000000 | acc_sim = 0.959 | acc_phy = 0.888 
| epoch = 12 | step =    50 | loss_pnn = 1.606 | loss_cn = 0.00000000 | acc_sim = 0.959 | acc_phy = 0.886 
| epoch = 12 | step =    60 | loss_pnn = 1.606 | loss_cn = 0.00000000 | acc_sim = 0.959 | acc_phy = 0.886 
| epoch = 12 | step =    70 | loss_pnn = 1.605 | loss_cn = 0.00000000 | acc_sim = 0.960 | acc_phy = 0.886 
| epoch = 12 | step =    80 | loss_pnn = 1.606 | loss_cn = 0.00000000 | acc_sim = 0.959 | acc_phy = 0.886 
| epoch = 12 | step =    90 | loss_pnn = 1.606 | loss_cn = 0.00000000 | acc_sim = 0.960 | acc_phy = 0.885 
| epoch = 12 | step =   100 | loss_pnn = 1.606 | loss_cn = 0.00000000 | acc_sim = 0.960 | acc_phy = 0.885 
| epoch = 12 | step =   110 | loss_pnn = 1.606 | loss_cn = 0.00000000 | acc_sim = 0.960 | acc_phy = 0.886 
| epoch = 12 | step =   120 | loss_pnn = 1.605 | loss_cn = 0.00000000 | acc_sim = 0.960 | acc_phy = 0.887 

Current training epoch: 13, learning rate for pnn: 0.0005, 
| epoch = 13 | step =    10 | loss_pnn = 1.603 | loss_cn = 0.00000000 | acc_sim = 0.964 | acc_phy = 0.891 
| epoch = 13 | step =    20 | loss_pnn = 1.602 | loss_cn = 0.00000000 | acc_sim = 0.963 | acc_phy = 0.891 
| epoch = 13 | step =    30 | loss_pnn = 1.601 | loss_cn = 0.00000000 | acc_sim = 0.963 | acc_phy = 0.892 
| epoch = 13 | step =    40 | loss_pnn = 1.602 | loss_cn = 0.00000000 | acc_sim = 0.962 | acc_phy = 0.891 
| epoch = 13 | step =    50 | loss_pnn = 1.601 | loss_cn = 0.00000000 | acc_sim = 0.962 | acc_phy = 0.893 
| epoch = 13 | step =    60 | loss_pnn = 1.601 | loss_cn = 0.00000000 | acc_sim = 0.962 | acc_phy = 0.891 
| epoch = 13 | step =    70 | loss_pnn = 1.602 | loss_cn = 0.00000000 | acc_sim = 0.961 | acc_phy = 0.891 
| epoch = 13 | step =    80 | loss_pnn = 1.602 | loss_cn = 0.00000000 | acc_sim = 0.961 | acc_phy = 0.890 
| epoch = 13 | step =    90 | loss_pnn = 1.603 | loss_cn = 0.00000000 | acc_sim = 0.961 | acc_phy = 0.890 
| epoch = 13 | step =   100 | loss_pnn = 1.603 | loss_cn = 0.00000000 | acc_sim = 0.961 | acc_phy = 0.889 
| epoch = 13 | step =   110 | loss_pnn = 1.603 | loss_cn = 0.00000000 | acc_sim = 0.961 | acc_phy = 0.889 
| epoch = 13 | step =   120 | loss_pnn = 1.603 | loss_cn = 0.00000000 | acc_sim = 0.960 | acc_phy = 0.889 

Current training epoch: 14, learning rate for pnn: 0.0005, 
| epoch = 14 | step =    10 | loss_pnn = 1.608 | loss_cn = 0.00000000 | acc_sim = 0.958 | acc_phy = 0.884 
| epoch = 14 | step =    20 | loss_pnn = 1.608 | loss_cn = 0.00000000 | acc_sim = 0.961 | acc_phy = 0.883 
| epoch = 14 | step =    30 | loss_pnn = 1.605 | loss_cn = 0.00000000 | acc_sim = 0.961 | acc_phy = 0.886 
| epoch = 14 | step =    40 | loss_pnn = 1.604 | loss_cn = 0.00000000 | acc_sim = 0.961 | acc_phy = 0.887 
| epoch = 14 | step =    50 | loss_pnn = 1.604 | loss_cn = 0.00000000 | acc_sim = 0.961 | acc_phy = 0.887 
| epoch = 14 | step =    60 | loss_pnn = 1.605 | loss_cn = 0.00000000 | acc_sim = 0.961 | acc_phy = 0.886 
| epoch = 14 | step =    70 | loss_pnn = 1.605 | loss_cn = 0.00000000 | acc_sim = 0.960 | acc_phy = 0.887 
| epoch = 14 | step =    80 | loss_pnn = 1.603 | loss_cn = 0.00000000 | acc_sim = 0.961 | acc_phy = 0.888 
| epoch = 14 | step =    90 | loss_pnn = 1.604 | loss_cn = 0.00000000 | acc_sim = 0.961 | acc_phy = 0.888 
| epoch = 14 | step =   100 | loss_pnn = 1.604 | loss_cn = 0.00000000 | acc_sim = 0.961 | acc_phy = 0.888 
| epoch = 14 | step =   110 | loss_pnn = 1.604 | loss_cn = 0.00000000 | acc_sim = 0.961 | acc_phy = 0.888 
| epoch = 14 | step =   120 | loss_pnn = 1.604 | loss_cn = 0.00000000 | acc_sim = 0.961 | acc_phy = 0.888 

Current training epoch: 15, learning rate for pnn: 0.0005, 
| epoch = 15 | step =    10 | loss_pnn = 1.603 | loss_cn = 0.00000000 | acc_sim = 0.967 | acc_phy = 0.893 
| epoch = 15 | step =    20 | loss_pnn = 1.604 | loss_cn = 0.00000000 | acc_sim = 0.964 | acc_phy = 0.891 
| epoch = 15 | step =    30 | loss_pnn = 1.602 | loss_cn = 0.00000000 | acc_sim = 0.964 | acc_phy = 0.893 
| epoch = 15 | step =    40 | loss_pnn = 1.603 | loss_cn = 0.00000000 | acc_sim = 0.964 | acc_phy = 0.891 
| epoch = 15 | step =    50 | loss_pnn = 1.604 | loss_cn = 0.00000000 | acc_sim = 0.963 | acc_phy = 0.890 
| epoch = 15 | step =    60 | loss_pnn = 1.604 | loss_cn = 0.00000000 | acc_sim = 0.963 | acc_phy = 0.889 
| epoch = 15 | step =    70 | loss_pnn = 1.604 | loss_cn = 0.00000000 | acc_sim = 0.962 | acc_phy = 0.889 
| epoch = 15 | step =    80 | loss_pnn = 1.603 | loss_cn = 0.00000000 | acc_sim = 0.961 | acc_phy = 0.890 
| epoch = 15 | step =    90 | loss_pnn = 1.603 | loss_cn = 0.00000000 | acc_sim = 0.961 | acc_phy = 0.890 
| epoch = 15 | step =   100 | loss_pnn = 1.603 | loss_cn = 0.00000000 | acc_sim = 0.961 | acc_phy = 0.889 
| epoch = 15 | step =   110 | loss_pnn = 1.603 | loss_cn = 0.00000000 | acc_sim = 0.961 | acc_phy = 0.889 
| epoch = 15 | step =   120 | loss_pnn = 1.603 | loss_cn = 0.00000000 | acc_sim = 0.961 | acc_phy = 0.889 

Current training epoch: 16, learning rate for pnn: 0.0005, 
| epoch = 16 | step =    10 | loss_pnn = 1.601 | loss_cn = 0.00000000 | acc_sim = 0.965 | acc_phy = 0.894 
| epoch = 16 | step =    20 | loss_pnn = 1.601 | loss_cn = 0.00000000 | acc_sim = 0.965 | acc_phy = 0.893 
| epoch = 16 | step =    30 | loss_pnn = 1.601 | loss_cn = 0.00000000 | acc_sim = 0.964 | acc_phy = 0.891 
| epoch = 16 | step =    40 | loss_pnn = 1.601 | loss_cn = 0.00000000 | acc_sim = 0.964 | acc_phy = 0.892 
| epoch = 16 | step =    50 | loss_pnn = 1.601 | loss_cn = 0.00000000 | acc_sim = 0.963 | acc_phy = 0.892 
| epoch = 16 | step =    60 | loss_pnn = 1.601 | loss_cn = 0.00000000 | acc_sim = 0.963 | acc_phy = 0.891 
| epoch = 16 | step =    70 | loss_pnn = 1.600 | loss_cn = 0.00000000 | acc_sim = 0.963 | acc_phy = 0.892 
| epoch = 16 | step =    80 | loss_pnn = 1.600 | loss_cn = 0.00000000 | acc_sim = 0.962 | acc_phy = 0.892 
| epoch = 16 | step =    90 | loss_pnn = 1.600 | loss_cn = 0.00000000 | acc_sim = 0.963 | acc_phy = 0.892 
| epoch = 16 | step =   100 | loss_pnn = 1.601 | loss_cn = 0.00000000 | acc_sim = 0.963 | acc_phy = 0.892 
| epoch = 16 | step =   110 | loss_pnn = 1.601 | loss_cn = 0.00000000 | acc_sim = 0.963 | acc_phy = 0.892 
| epoch = 16 | step =   120 | loss_pnn = 1.601 | loss_cn = 0.00000000 | acc_sim = 0.963 | acc_phy = 0.892 

Current training epoch: 17, learning rate for pnn: 0.0005, 
| epoch = 17 | step =    10 | loss_pnn = 1.599 | loss_cn = 0.00000000 | acc_sim = 0.961 | acc_phy = 0.894 
| epoch = 17 | step =    20 | loss_pnn = 1.602 | loss_cn = 0.00000000 | acc_sim = 0.962 | acc_phy = 0.891 
| epoch = 17 | step =    30 | loss_pnn = 1.603 | loss_cn = 0.00000000 | acc_sim = 0.963 | acc_phy = 0.890 
| epoch = 17 | step =    40 | loss_pnn = 1.603 | loss_cn = 0.00000000 | acc_sim = 0.963 | acc_phy = 0.890 
| epoch = 17 | step =    50 | loss_pnn = 1.603 | loss_cn = 0.00000000 | acc_sim = 0.964 | acc_phy = 0.890 
| epoch = 17 | step =    60 | loss_pnn = 1.602 | loss_cn = 0.00000000 | acc_sim = 0.964 | acc_phy = 0.891 
| epoch = 17 | step =    70 | loss_pnn = 1.602 | loss_cn = 0.00000000 | acc_sim = 0.963 | acc_phy = 0.890 
| epoch = 17 | step =    80 | loss_pnn = 1.601 | loss_cn = 0.00000000 | acc_sim = 0.963 | acc_phy = 0.891 
| epoch = 17 | step =    90 | loss_pnn = 1.601 | loss_cn = 0.00000000 | acc_sim = 0.964 | acc_phy = 0.891 
| epoch = 17 | step =   100 | loss_pnn = 1.602 | loss_cn = 0.00000000 | acc_sim = 0.963 | acc_phy = 0.890 
| epoch = 17 | step =   110 | loss_pnn = 1.602 | loss_cn = 0.00000000 | acc_sim = 0.964 | acc_phy = 0.890 
| epoch = 17 | step =   120 | loss_pnn = 1.602 | loss_cn = 0.00000000 | acc_sim = 0.964 | acc_phy = 0.890 

Current training epoch: 18, learning rate for pnn: 0.0005, 
| epoch = 18 | step =    10 | loss_pnn = 1.608 | loss_cn = 0.00000000 | acc_sim = 0.966 | acc_phy = 0.879 
| epoch = 18 | step =    20 | loss_pnn = 1.605 | loss_cn = 0.00000000 | acc_sim = 0.965 | acc_phy = 0.884 
| epoch = 18 | step =    30 | loss_pnn = 1.604 | loss_cn = 0.00000000 | acc_sim = 0.966 | acc_phy = 0.884 
| epoch = 18 | step =    40 | loss_pnn = 1.602 | loss_cn = 0.00000000 | acc_sim = 0.966 | acc_phy = 0.888 
| epoch = 18 | step =    50 | loss_pnn = 1.602 | loss_cn = 0.00000000 | acc_sim = 0.966 | acc_phy = 0.888 
| epoch = 18 | step =    60 | loss_pnn = 1.601 | loss_cn = 0.00000000 | acc_sim = 0.965 | acc_phy = 0.889 
| epoch = 18 | step =    70 | loss_pnn = 1.602 | loss_cn = 0.00000000 | acc_sim = 0.965 | acc_phy = 0.889 
| epoch = 18 | step =    80 | loss_pnn = 1.601 | loss_cn = 0.00000000 | acc_sim = 0.964 | acc_phy = 0.890 
| epoch = 18 | step =    90 | loss_pnn = 1.601 | loss_cn = 0.00000000 | acc_sim = 0.965 | acc_phy = 0.891 
| epoch = 18 | step =   100 | loss_pnn = 1.601 | loss_cn = 0.00000000 | acc_sim = 0.964 | acc_phy = 0.891 
| epoch = 18 | step =   110 | loss_pnn = 1.600 | loss_cn = 0.00000000 | acc_sim = 0.964 | acc_phy = 0.891 
| epoch = 18 | step =   120 | loss_pnn = 1.600 | loss_cn = 0.00000000 | acc_sim = 0.964 | acc_phy = 0.891 

Current training epoch: 19, learning rate for pnn: 0.0005, 
| epoch = 19 | step =    10 | loss_pnn = 1.600 | loss_cn = 0.00000000 | acc_sim = 0.969 | acc_phy = 0.894 
| epoch = 19 | step =    20 | loss_pnn = 1.603 | loss_cn = 0.00000000 | acc_sim = 0.966 | acc_phy = 0.891 
| epoch = 19 | step =    30 | loss_pnn = 1.604 | loss_cn = 0.00000000 | acc_sim = 0.966 | acc_phy = 0.888 
| epoch = 19 | step =    40 | loss_pnn = 1.605 | loss_cn = 0.00000000 | acc_sim = 0.965 | acc_phy = 0.888 
| epoch = 19 | step =    50 | loss_pnn = 1.603 | loss_cn = 0.00000000 | acc_sim = 0.965 | acc_phy = 0.890 
| epoch = 19 | step =    60 | loss_pnn = 1.602 | loss_cn = 0.00000000 | acc_sim = 0.964 | acc_phy = 0.890 
| epoch = 19 | step =    70 | loss_pnn = 1.602 | loss_cn = 0.00000000 | acc_sim = 0.963 | acc_phy = 0.891 
| epoch = 19 | step =    80 | loss_pnn = 1.602 | loss_cn = 0.00000000 | acc_sim = 0.963 | acc_phy = 0.891 
| epoch = 19 | step =    90 | loss_pnn = 1.602 | loss_cn = 0.00000000 | acc_sim = 0.963 | acc_phy = 0.891 
| epoch = 19 | step =   100 | loss_pnn = 1.601 | loss_cn = 0.00000000 | acc_sim = 0.964 | acc_phy = 0.892 
| epoch = 19 | step =   110 | loss_pnn = 1.601 | loss_cn = 0.00000000 | acc_sim = 0.964 | acc_phy = 0.892 
| epoch = 19 | step =   120 | loss_pnn = 1.600 | loss_cn = 0.00000000 | acc_sim = 0.964 | acc_phy = 0.893 

Current training epoch: 20, learning rate for pnn: 0.0005, 
| epoch = 20 | step =    10 | loss_pnn = 1.597 | loss_cn = 0.00000000 | acc_sim = 0.965 | acc_phy = 0.896 
| epoch = 20 | step =    20 | loss_pnn = 1.596 | loss_cn = 0.00000000 | acc_sim = 0.966 | acc_phy = 0.895 
| epoch = 20 | step =    30 | loss_pnn = 1.597 | loss_cn = 0.00000000 | acc_sim = 0.967 | acc_phy = 0.894 
| epoch = 20 | step =    40 | loss_pnn = 1.599 | loss_cn = 0.00000000 | acc_sim = 0.966 | acc_phy = 0.892 
| epoch = 20 | step =    50 | loss_pnn = 1.599 | loss_cn = 0.00000000 | acc_sim = 0.966 | acc_phy = 0.891 
| epoch = 20 | step =    60 | loss_pnn = 1.598 | loss_cn = 0.00000000 | acc_sim = 0.965 | acc_phy = 0.892 
| epoch = 20 | step =    70 | loss_pnn = 1.598 | loss_cn = 0.00000000 | acc_sim = 0.966 | acc_phy = 0.893 
| epoch = 20 | step =    80 | loss_pnn = 1.598 | loss_cn = 0.00000000 | acc_sim = 0.965 | acc_phy = 0.893 
| epoch = 20 | step =    90 | loss_pnn = 1.598 | loss_cn = 0.00000000 | acc_sim = 0.965 | acc_phy = 0.893 
| epoch = 20 | step =   100 | loss_pnn = 1.597 | loss_cn = 0.00000000 | acc_sim = 0.966 | acc_phy = 0.894 
| epoch = 20 | step =   110 | loss_pnn = 1.597 | loss_cn = 0.00000000 | acc_sim = 0.965 | acc_phy = 0.894 
| epoch = 20 | step =   120 | loss_pnn = 1.598 | loss_cn = 0.00000000 | acc_sim = 0.965 | acc_phy = 0.893 

Current training epoch: 21, learning rate for pnn: 0.00025, 
| epoch = 21 | step =    10 | loss_pnn = 1.594 | loss_cn = 0.00000000 | acc_sim = 0.966 | acc_phy = 0.901 
| epoch = 21 | step =    20 | loss_pnn = 1.599 | loss_cn = 0.00000000 | acc_sim = 0.966 | acc_phy = 0.895 
| epoch = 21 | step =    30 | loss_pnn = 1.598 | loss_cn = 0.00000000 | acc_sim = 0.967 | acc_phy = 0.896 
| epoch = 21 | step =    40 | loss_pnn = 1.597 | loss_cn = 0.00000000 | acc_sim = 0.967 | acc_phy = 0.896 
| epoch = 21 | step =    50 | loss_pnn = 1.599 | loss_cn = 0.00000000 | acc_sim = 0.967 | acc_phy = 0.894 
| epoch = 21 | step =    60 | loss_pnn = 1.600 | loss_cn = 0.00000000 | acc_sim = 0.967 | acc_phy = 0.893 
| epoch = 21 | step =    70 | loss_pnn = 1.600 | loss_cn = 0.00000000 | acc_sim = 0.967 | acc_phy = 0.892 
| epoch = 21 | step =    80 | loss_pnn = 1.601 | loss_cn = 0.00000000 | acc_sim = 0.966 | acc_phy = 0.891 
| epoch = 21 | step =    90 | loss_pnn = 1.599 | loss_cn = 0.00000000 | acc_sim = 0.967 | acc_phy = 0.893 
| epoch = 21 | step =   100 | loss_pnn = 1.600 | loss_cn = 0.00000000 | acc_sim = 0.966 | acc_phy = 0.893 
| epoch = 21 | step =   110 | loss_pnn = 1.600 | loss_cn = 0.00000000 | acc_sim = 0.966 | acc_phy = 0.893 
| epoch = 21 | step =   120 | loss_pnn = 1.600 | loss_cn = 0.00000000 | acc_sim = 0.966 | acc_phy = 0.893 

Current training epoch: 22, learning rate for pnn: 0.00025, 
| epoch = 22 | step =    10 | loss_pnn = 1.600 | loss_cn = 0.00000000 | acc_sim = 0.971 | acc_phy = 0.889 
| epoch = 22 | step =    20 | loss_pnn = 1.598 | loss_cn = 0.00000000 | acc_sim = 0.971 | acc_phy = 0.894 
| epoch = 22 | step =    30 | loss_pnn = 1.598 | loss_cn = 0.00000000 | acc_sim = 0.968 | acc_phy = 0.894 
| epoch = 22 | step =    40 | loss_pnn = 1.598 | loss_cn = 0.00000000 | acc_sim = 0.968 | acc_phy = 0.895 
| epoch = 22 | step =    50 | loss_pnn = 1.597 | loss_cn = 0.00000000 | acc_sim = 0.968 | acc_phy = 0.896 
| epoch = 22 | step =    60 | loss_pnn = 1.598 | loss_cn = 0.00000000 | acc_sim = 0.967 | acc_phy = 0.894 
| epoch = 22 | step =    70 | loss_pnn = 1.598 | loss_cn = 0.00000000 | acc_sim = 0.967 | acc_phy = 0.894 
| epoch = 22 | step =    80 | loss_pnn = 1.599 | loss_cn = 0.00000000 | acc_sim = 0.967 | acc_phy = 0.894 
| epoch = 22 | step =    90 | loss_pnn = 1.598 | loss_cn = 0.00000000 | acc_sim = 0.967 | acc_phy = 0.894 
| epoch = 22 | step =   100 | loss_pnn = 1.597 | loss_cn = 0.00000000 | acc_sim = 0.967 | acc_phy = 0.895 
| epoch = 22 | step =   110 | loss_pnn = 1.598 | loss_cn = 0.00000000 | acc_sim = 0.966 | acc_phy = 0.895 
| epoch = 22 | step =   120 | loss_pnn = 1.598 | loss_cn = 0.00000000 | acc_sim = 0.966 | acc_phy = 0.895 

Current training epoch: 23, learning rate for pnn: 0.00025, 
| epoch = 23 | step =    10 | loss_pnn = 1.602 | loss_cn = 0.00000000 | acc_sim = 0.964 | acc_phy = 0.890 
| epoch = 23 | step =    20 | loss_pnn = 1.598 | loss_cn = 0.00000000 | acc_sim = 0.966 | acc_phy = 0.894 
| epoch = 23 | step =    30 | loss_pnn = 1.598 | loss_cn = 0.00000000 | acc_sim = 0.965 | acc_phy = 0.894 
| epoch = 23 | step =    40 | loss_pnn = 1.598 | loss_cn = 0.00000000 | acc_sim = 0.966 | acc_phy = 0.894 
| epoch = 23 | step =    50 | loss_pnn = 1.598 | loss_cn = 0.00000000 | acc_sim = 0.967 | acc_phy = 0.895 
| epoch = 23 | step =    60 | loss_pnn = 1.597 | loss_cn = 0.00000000 | acc_sim = 0.968 | acc_phy = 0.895 
| epoch = 23 | step =    70 | loss_pnn = 1.599 | loss_cn = 0.00000000 | acc_sim = 0.967 | acc_phy = 0.894 
| epoch = 23 | step =    80 | loss_pnn = 1.598 | loss_cn = 0.00000000 | acc_sim = 0.967 | acc_phy = 0.894 
| epoch = 23 | step =    90 | loss_pnn = 1.599 | loss_cn = 0.00000000 | acc_sim = 0.966 | acc_phy = 0.894 
| epoch = 23 | step =   100 | loss_pnn = 1.599 | loss_cn = 0.00000000 | acc_sim = 0.966 | acc_phy = 0.894 
| epoch = 23 | step =   110 | loss_pnn = 1.599 | loss_cn = 0.00000000 | acc_sim = 0.967 | acc_phy = 0.894 
| epoch = 23 | step =   120 | loss_pnn = 1.599 | loss_cn = 0.00000000 | acc_sim = 0.967 | acc_phy = 0.894 

Current training epoch: 24, learning rate for pnn: 0.00025, 
| epoch = 24 | step =    10 | loss_pnn = 1.597 | loss_cn = 0.00000000 | acc_sim = 0.966 | acc_phy = 0.892 
| epoch = 24 | step =    20 | loss_pnn = 1.598 | loss_cn = 0.00000000 | acc_sim = 0.966 | acc_phy = 0.893 
| epoch = 24 | step =    30 | loss_pnn = 1.598 | loss_cn = 0.00000000 | acc_sim = 0.967 | acc_phy = 0.894 
| epoch = 24 | step =    40 | loss_pnn = 1.598 | loss_cn = 0.00000000 | acc_sim = 0.967 | acc_phy = 0.893 
| epoch = 24 | step =    50 | loss_pnn = 1.598 | loss_cn = 0.00000000 | acc_sim = 0.967 | acc_phy = 0.893 
| epoch = 24 | step =    60 | loss_pnn = 1.598 | loss_cn = 0.00000000 | acc_sim = 0.968 | acc_phy = 0.893 
| epoch = 24 | step =    70 | loss_pnn = 1.598 | loss_cn = 0.00000000 | acc_sim = 0.967 | acc_phy = 0.894 
| epoch = 24 | step =    80 | loss_pnn = 1.598 | loss_cn = 0.00000000 | acc_sim = 0.967 | acc_phy = 0.894 
| epoch = 24 | step =    90 | loss_pnn = 1.598 | loss_cn = 0.00000000 | acc_sim = 0.967 | acc_phy = 0.895 
| epoch = 24 | step =   100 | loss_pnn = 1.597 | loss_cn = 0.00000000 | acc_sim = 0.967 | acc_phy = 0.895 
| epoch = 24 | step =   110 | loss_pnn = 1.597 | loss_cn = 0.00000000 | acc_sim = 0.967 | acc_phy = 0.896 
| epoch = 24 | step =   120 | loss_pnn = 1.598 | loss_cn = 0.00000000 | acc_sim = 0.967 | acc_phy = 0.895 

Current training epoch: 25, learning rate for pnn: 0.00025, 
| epoch = 25 | step =    10 | loss_pnn = 1.596 | loss_cn = 0.00000000 | acc_sim = 0.966 | acc_phy = 0.897 
| epoch = 25 | step =    20 | loss_pnn = 1.598 | loss_cn = 0.00000000 | acc_sim = 0.966 | acc_phy = 0.893 
| epoch = 25 | step =    30 | loss_pnn = 1.599 | loss_cn = 0.00000000 | acc_sim = 0.966 | acc_phy = 0.893 
| epoch = 25 | step =    40 | loss_pnn = 1.598 | loss_cn = 0.00000000 | acc_sim = 0.966 | acc_phy = 0.894 
| epoch = 25 | step =    50 | loss_pnn = 1.598 | loss_cn = 0.00000000 | acc_sim = 0.966 | acc_phy = 0.893 
| epoch = 25 | step =    60 | loss_pnn = 1.598 | loss_cn = 0.00000000 | acc_sim = 0.967 | acc_phy = 0.894 
| epoch = 25 | step =    70 | loss_pnn = 1.598 | loss_cn = 0.00000000 | acc_sim = 0.967 | acc_phy = 0.894 
| epoch = 25 | step =    80 | loss_pnn = 1.598 | loss_cn = 0.00000000 | acc_sim = 0.967 | acc_phy = 0.895 
| epoch = 25 | step =    90 | loss_pnn = 1.598 | loss_cn = 0.00000000 | acc_sim = 0.967 | acc_phy = 0.895 
| epoch = 25 | step =   100 | loss_pnn = 1.597 | loss_cn = 0.00000000 | acc_sim = 0.967 | acc_phy = 0.895 
| epoch = 25 | step =   110 | loss_pnn = 1.598 | loss_cn = 0.00000000 | acc_sim = 0.967 | acc_phy = 0.895 
| epoch = 25 | step =   120 | loss_pnn = 1.598 | loss_cn = 0.00000000 | acc_sim = 0.967 | acc_phy = 0.894 

Current training epoch: 26, learning rate for pnn: 0.00025, 
| epoch = 26 | step =    10 | loss_pnn = 1.595 | loss_cn = 0.00000000 | acc_sim = 0.969 | acc_phy = 0.896 
| epoch = 26 | step =    20 | loss_pnn = 1.596 | loss_cn = 0.00000000 | acc_sim = 0.966 | acc_phy = 0.896 
| epoch = 26 | step =    30 | loss_pnn = 1.596 | loss_cn = 0.00000000 | acc_sim = 0.966 | acc_phy = 0.897 
| epoch = 26 | step =    40 | loss_pnn = 1.593 | loss_cn = 0.00000000 | acc_sim = 0.968 | acc_phy = 0.899 
| epoch = 26 | step =    50 | loss_pnn = 1.594 | loss_cn = 0.00000000 | acc_sim = 0.968 | acc_phy = 0.898 
| epoch = 26 | step =    60 | loss_pnn = 1.595 | loss_cn = 0.00000000 | acc_sim = 0.968 | acc_phy = 0.898 
| epoch = 26 | step =    70 | loss_pnn = 1.595 | loss_cn = 0.00000000 | acc_sim = 0.968 | acc_phy = 0.898 
| epoch = 26 | step =    80 | loss_pnn = 1.595 | loss_cn = 0.00000000 | acc_sim = 0.968 | acc_phy = 0.897 
| epoch = 26 | step =    90 | loss_pnn = 1.596 | loss_cn = 0.00000000 | acc_sim = 0.967 | acc_phy = 0.896 
| epoch = 26 | step =   100 | loss_pnn = 1.596 | loss_cn = 0.00000000 | acc_sim = 0.967 | acc_phy = 0.896 
| epoch = 26 | step =   110 | loss_pnn = 1.597 | loss_cn = 0.00000000 | acc_sim = 0.967 | acc_phy = 0.894 
| epoch = 26 | step =   120 | loss_pnn = 1.598 | loss_cn = 0.00000000 | acc_sim = 0.967 | acc_phy = 0.894 

Current training epoch: 27, learning rate for pnn: 0.00025, 
| epoch = 27 | step =    10 | loss_pnn = 1.595 | loss_cn = 0.00000000 | acc_sim = 0.970 | acc_phy = 0.897 
| epoch = 27 | step =    20 | loss_pnn = 1.597 | loss_cn = 0.00000000 | acc_sim = 0.969 | acc_phy = 0.893 
| epoch = 27 | step =    30 | loss_pnn = 1.596 | loss_cn = 0.00000000 | acc_sim = 0.968 | acc_phy = 0.894 
| epoch = 27 | step =    40 | loss_pnn = 1.597 | loss_cn = 0.00000000 | acc_sim = 0.966 | acc_phy = 0.893 
| epoch = 27 | step =    50 | loss_pnn = 1.598 | loss_cn = 0.00000000 | acc_sim = 0.967 | acc_phy = 0.892 
| epoch = 27 | step =    60 | loss_pnn = 1.599 | loss_cn = 0.00000000 | acc_sim = 0.967 | acc_phy = 0.891 
| epoch = 27 | step =    70 | loss_pnn = 1.599 | loss_cn = 0.00000000 | acc_sim = 0.967 | acc_phy = 0.892 
| epoch = 27 | step =    80 | loss_pnn = 1.600 | loss_cn = 0.00000000 | acc_sim = 0.966 | acc_phy = 0.891 
| epoch = 27 | step =    90 | loss_pnn = 1.599 | loss_cn = 0.00000000 | acc_sim = 0.967 | acc_phy = 0.892 
| epoch = 27 | step =   100 | loss_pnn = 1.598 | loss_cn = 0.00000000 | acc_sim = 0.967 | acc_phy = 0.892 
| epoch = 27 | step =   110 | loss_pnn = 1.597 | loss_cn = 0.00000000 | acc_sim = 0.967 | acc_phy = 0.894 
| epoch = 27 | step =   120 | loss_pnn = 1.597 | loss_cn = 0.00000000 | acc_sim = 0.967 | acc_phy = 0.894 

Current training epoch: 28, learning rate for pnn: 0.00025, 
| epoch = 28 | step =    10 | loss_pnn = 1.588 | loss_cn = 0.00000000 | acc_sim = 0.968 | acc_phy = 0.905 
| epoch = 28 | step =    20 | loss_pnn = 1.591 | loss_cn = 0.00000000 | acc_sim = 0.969 | acc_phy = 0.901 
| epoch = 28 | step =    30 | loss_pnn = 1.594 | loss_cn = 0.00000000 | acc_sim = 0.968 | acc_phy = 0.898 
| epoch = 28 | step =    40 | loss_pnn = 1.594 | loss_cn = 0.00000000 | acc_sim = 0.967 | acc_phy = 0.898 
| epoch = 28 | step =    50 | loss_pnn = 1.595 | loss_cn = 0.00000000 | acc_sim = 0.968 | acc_phy = 0.897 
| epoch = 28 | step =    60 | loss_pnn = 1.596 | loss_cn = 0.00000000 | acc_sim = 0.968 | acc_phy = 0.897 
| epoch = 28 | step =    70 | loss_pnn = 1.596 | loss_cn = 0.00000000 | acc_sim = 0.968 | acc_phy = 0.897 
| epoch = 28 | step =    80 | loss_pnn = 1.596 | loss_cn = 0.00000000 | acc_sim = 0.968 | acc_phy = 0.897 
| epoch = 28 | step =    90 | loss_pnn = 1.596 | loss_cn = 0.00000000 | acc_sim = 0.968 | acc_phy = 0.897 
| epoch = 28 | step =   100 | loss_pnn = 1.596 | loss_cn = 0.00000000 | acc_sim = 0.968 | acc_phy = 0.897 
| epoch = 28 | step =   110 | loss_pnn = 1.596 | loss_cn = 0.00000000 | acc_sim = 0.968 | acc_phy = 0.896 
| epoch = 28 | step =   120 | loss_pnn = 1.597 | loss_cn = 0.00000000 | acc_sim = 0.968 | acc_phy = 0.896 

Current training epoch: 29, learning rate for pnn: 0.00025, 
| epoch = 29 | step =    10 | loss_pnn = 1.597 | loss_cn = 0.00000000 | acc_sim = 0.966 | acc_phy = 0.893 
| epoch = 29 | step =    20 | loss_pnn = 1.597 | loss_cn = 0.00000000 | acc_sim = 0.970 | acc_phy = 0.895 
| epoch = 29 | step =    30 | loss_pnn = 1.596 | loss_cn = 0.00000000 | acc_sim = 0.970 | acc_phy = 0.896 
| epoch = 29 | step =    40 | loss_pnn = 1.596 | loss_cn = 0.00000000 | acc_sim = 0.969 | acc_phy = 0.895 
| epoch = 29 | step =    50 | loss_pnn = 1.598 | loss_cn = 0.00000000 | acc_sim = 0.968 | acc_phy = 0.894 
| epoch = 29 | step =    60 | loss_pnn = 1.597 | loss_cn = 0.00000000 | acc_sim = 0.968 | acc_phy = 0.894 
| epoch = 29 | step =    70 | loss_pnn = 1.596 | loss_cn = 0.00000000 | acc_sim = 0.968 | acc_phy = 0.895 
| epoch = 29 | step =    80 | loss_pnn = 1.597 | loss_cn = 0.00000000 | acc_sim = 0.968 | acc_phy = 0.895 
| epoch = 29 | step =    90 | loss_pnn = 1.597 | loss_cn = 0.00000000 | acc_sim = 0.968 | acc_phy = 0.895 
| epoch = 29 | step =   100 | loss_pnn = 1.597 | loss_cn = 0.00000000 | acc_sim = 0.968 | acc_phy = 0.895 
| epoch = 29 | step =   110 | loss_pnn = 1.597 | loss_cn = 0.00000000 | acc_sim = 0.968 | acc_phy = 0.895 
| epoch = 29 | step =   120 | loss_pnn = 1.596 | loss_cn = 0.00000000 | acc_sim = 0.968 | acc_phy = 0.895 

Current training epoch: 30, learning rate for pnn: 0.00025, 
| epoch = 30 | step =    10 | loss_pnn = 1.597 | loss_cn = 0.00000000 | acc_sim = 0.967 | acc_phy = 0.896 
| epoch = 30 | step =    20 | loss_pnn = 1.600 | loss_cn = 0.00000000 | acc_sim = 0.965 | acc_phy = 0.892 
| epoch = 30 | step =    30 | loss_pnn = 1.598 | loss_cn = 0.00000000 | acc_sim = 0.966 | acc_phy = 0.893 
| epoch = 30 | step =    40 | loss_pnn = 1.597 | loss_cn = 0.00000000 | acc_sim = 0.968 | acc_phy = 0.896 
| epoch = 30 | step =    50 | loss_pnn = 1.597 | loss_cn = 0.00000000 | acc_sim = 0.968 | acc_phy = 0.896 
| epoch = 30 | step =    60 | loss_pnn = 1.598 | loss_cn = 0.00000000 | acc_sim = 0.968 | acc_phy = 0.896 
| epoch = 30 | step =    70 | loss_pnn = 1.597 | loss_cn = 0.00000000 | acc_sim = 0.968 | acc_phy = 0.896 
| epoch = 30 | step =    80 | loss_pnn = 1.598 | loss_cn = 0.00000000 | acc_sim = 0.968 | acc_phy = 0.895 
| epoch = 30 | step =    90 | loss_pnn = 1.597 | loss_cn = 0.00000000 | acc_sim = 0.968 | acc_phy = 0.896 
| epoch = 30 | step =   100 | loss_pnn = 1.597 | loss_cn = 0.00000000 | acc_sim = 0.968 | acc_phy = 0.895 
| epoch = 30 | step =   110 | loss_pnn = 1.598 | loss_cn = 0.00000000 | acc_sim = 0.968 | acc_phy = 0.894 
| epoch = 30 | step =   120 | loss_pnn = 1.598 | loss_cn = 0.00000000 | acc_sim = 0.968 | acc_phy = 0.894 

Current training epoch: 31, learning rate for pnn: 0.000125, 
| epoch = 31 | step =    10 | loss_pnn = 1.595 | loss_cn = 0.00000000 | acc_sim = 0.968 | acc_phy = 0.896 
| epoch = 31 | step =    20 | loss_pnn = 1.593 | loss_cn = 0.00000000 | acc_sim = 0.968 | acc_phy = 0.898 
| epoch = 31 | step =    30 | loss_pnn = 1.592 | loss_cn = 0.00000000 | acc_sim = 0.969 | acc_phy = 0.899 
| epoch = 31 | step =    40 | loss_pnn = 1.593 | loss_cn = 0.00000000 | acc_sim = 0.969 | acc_phy = 0.899 
| epoch = 31 | step =    50 | loss_pnn = 1.595 | loss_cn = 0.00000000 | acc_sim = 0.970 | acc_phy = 0.898 
| epoch = 31 | step =    60 | loss_pnn = 1.595 | loss_cn = 0.00000000 | acc_sim = 0.969 | acc_phy = 0.897 
| epoch = 31 | step =    70 | loss_pnn = 1.595 | loss_cn = 0.00000000 | acc_sim = 0.969 | acc_phy = 0.897 
| epoch = 31 | step =    80 | loss_pnn = 1.596 | loss_cn = 0.00000000 | acc_sim = 0.969 | acc_phy = 0.896 
| epoch = 31 | step =    90 | loss_pnn = 1.596 | loss_cn = 0.00000000 | acc_sim = 0.969 | acc_phy = 0.896 
| epoch = 31 | step =   100 | loss_pnn = 1.596 | loss_cn = 0.00000000 | acc_sim = 0.969 | acc_phy = 0.896 
| epoch = 31 | step =   110 | loss_pnn = 1.596 | loss_cn = 0.00000000 | acc_sim = 0.969 | acc_phy = 0.895 
| epoch = 31 | step =   120 | loss_pnn = 1.596 | loss_cn = 0.00000000 | acc_sim = 0.969 | acc_phy = 0.895 

Current training epoch: 32, learning rate for pnn: 0.000125, 
| epoch = 32 | step =    10 | loss_pnn = 1.597 | loss_cn = 0.00000000 | acc_sim = 0.971 | acc_phy = 0.896 
| epoch = 32 | step =    20 | loss_pnn = 1.597 | loss_cn = 0.00000000 | acc_sim = 0.970 | acc_phy = 0.896 
| epoch = 32 | step =    30 | loss_pnn = 1.597 | loss_cn = 0.00000000 | acc_sim = 0.969 | acc_phy = 0.895 
| epoch = 32 | step =    40 | loss_pnn = 1.597 | loss_cn = 0.00000000 | acc_sim = 0.968 | acc_phy = 0.894 
| epoch = 32 | step =    50 | loss_pnn = 1.597 | loss_cn = 0.00000000 | acc_sim = 0.969 | acc_phy = 0.895 
| epoch = 32 | step =    60 | loss_pnn = 1.597 | loss_cn = 0.00000000 | acc_sim = 0.969 | acc_phy = 0.894 
| epoch = 32 | step =    70 | loss_pnn = 1.597 | loss_cn = 0.00000000 | acc_sim = 0.968 | acc_phy = 0.895 
| epoch = 32 | step =    80 | loss_pnn = 1.597 | loss_cn = 0.00000000 | acc_sim = 0.969 | acc_phy = 0.894 
| epoch = 32 | step =    90 | loss_pnn = 1.597 | loss_cn = 0.00000000 | acc_sim = 0.969 | acc_phy = 0.894 
| epoch = 32 | step =   100 | loss_pnn = 1.597 | loss_cn = 0.00000000 | acc_sim = 0.969 | acc_phy = 0.894 
| epoch = 32 | step =   110 | loss_pnn = 1.597 | loss_cn = 0.00000000 | acc_sim = 0.969 | acc_phy = 0.894 
| epoch = 32 | step =   120 | loss_pnn = 1.597 | loss_cn = 0.00000000 | acc_sim = 0.969 | acc_phy = 0.895 

Current training epoch: 33, learning rate for pnn: 0.000125, 
| epoch = 33 | step =    10 | loss_pnn = 1.594 | loss_cn = 0.00000000 | acc_sim = 0.967 | acc_phy = 0.901 
| epoch = 33 | step =    20 | loss_pnn = 1.596 | loss_cn = 0.00000000 | acc_sim = 0.969 | acc_phy = 0.897 
| epoch = 33 | step =    30 | loss_pnn = 1.595 | loss_cn = 0.00000000 | acc_sim = 0.968 | acc_phy = 0.897 
| epoch = 33 | step =    40 | loss_pnn = 1.595 | loss_cn = 0.00000000 | acc_sim = 0.969 | acc_phy = 0.898 
| epoch = 33 | step =    50 | loss_pnn = 1.595 | loss_cn = 0.00000000 | acc_sim = 0.969 | acc_phy = 0.897 
| epoch = 33 | step =    60 | loss_pnn = 1.596 | loss_cn = 0.00000000 | acc_sim = 0.969 | acc_phy = 0.897 
| epoch = 33 | step =    70 | loss_pnn = 1.596 | loss_cn = 0.00000000 | acc_sim = 0.969 | acc_phy = 0.897 
| epoch = 33 | step =    80 | loss_pnn = 1.596 | loss_cn = 0.00000000 | acc_sim = 0.970 | acc_phy = 0.897 
| epoch = 33 | step =    90 | loss_pnn = 1.595 | loss_cn = 0.00000000 | acc_sim = 0.970 | acc_phy = 0.897 
| epoch = 33 | step =   100 | loss_pnn = 1.595 | loss_cn = 0.00000000 | acc_sim = 0.970 | acc_phy = 0.897 
| epoch = 33 | step =   110 | loss_pnn = 1.596 | loss_cn = 0.00000000 | acc_sim = 0.969 | acc_phy = 0.897 
| epoch = 33 | step =   120 | loss_pnn = 1.596 | loss_cn = 0.00000000 | acc_sim = 0.969 | acc_phy = 0.896 

Current training epoch: 34, learning rate for pnn: 0.000125, 
| epoch = 34 | step =    10 | loss_pnn = 1.596 | loss_cn = 0.00000000 | acc_sim = 0.970 | acc_phy = 0.896 
| epoch = 34 | step =    20 | loss_pnn = 1.597 | loss_cn = 0.00000000 | acc_sim = 0.967 | acc_phy = 0.895 
| epoch = 34 | step =    30 | loss_pnn = 1.596 | loss_cn = 0.00000000 | acc_sim = 0.968 | acc_phy = 0.896 
| epoch = 34 | step =    40 | loss_pnn = 1.596 | loss_cn = 0.00000000 | acc_sim = 0.968 | acc_phy = 0.896 
| epoch = 34 | step =    50 | loss_pnn = 1.597 | loss_cn = 0.00000000 | acc_sim = 0.968 | acc_phy = 0.895 
| epoch = 34 | step =    60 | loss_pnn = 1.596 | loss_cn = 0.00000000 | acc_sim = 0.968 | acc_phy = 0.895 
| epoch = 34 | step =    70 | loss_pnn = 1.597 | loss_cn = 0.00000000 | acc_sim = 0.968 | acc_phy = 0.895 
| epoch = 34 | step =    80 | loss_pnn = 1.597 | loss_cn = 0.00000000 | acc_sim = 0.969 | acc_phy = 0.894 
| epoch = 34 | step =    90 | loss_pnn = 1.598 | loss_cn = 0.00000000 | acc_sim = 0.968 | acc_phy = 0.894 
| epoch = 34 | step =   100 | loss_pnn = 1.597 | loss_cn = 0.00000000 | acc_sim = 0.969 | acc_phy = 0.894 
| epoch = 34 | step =   110 | loss_pnn = 1.597 | loss_cn = 0.00000000 | acc_sim = 0.969 | acc_phy = 0.894 
| epoch = 34 | step =   120 | loss_pnn = 1.597 | loss_cn = 0.00000000 | acc_sim = 0.969 | acc_phy = 0.894 

Current training epoch: 35, learning rate for pnn: 0.000125, 
| epoch = 35 | step =    10 | loss_pnn = 1.598 | loss_cn = 0.00000000 | acc_sim = 0.970 | acc_phy = 0.897 
| epoch = 35 | step =    20 | loss_pnn = 1.597 | loss_cn = 0.00000000 | acc_sim = 0.969 | acc_phy = 0.897 
| epoch = 35 | step =    30 | loss_pnn = 1.598 | loss_cn = 0.00000000 | acc_sim = 0.969 | acc_phy = 0.896 
| epoch = 35 | step =    40 | loss_pnn = 1.599 | loss_cn = 0.00000000 | acc_sim = 0.967 | acc_phy = 0.894 
| epoch = 35 | step =    50 | loss_pnn = 1.599 | loss_cn = 0.00000000 | acc_sim = 0.968 | acc_phy = 0.893 
| epoch = 35 | step =    60 | loss_pnn = 1.599 | loss_cn = 0.00000000 | acc_sim = 0.968 | acc_phy = 0.892 
| epoch = 35 | step =    70 | loss_pnn = 1.599 | loss_cn = 0.00000000 | acc_sim = 0.969 | acc_phy = 0.892 
| epoch = 35 | step =    80 | loss_pnn = 1.599 | loss_cn = 0.00000000 | acc_sim = 0.969 | acc_phy = 0.892 
| epoch = 35 | step =    90 | loss_pnn = 1.598 | loss_cn = 0.00000000 | acc_sim = 0.969 | acc_phy = 0.893 
| epoch = 35 | step =   100 | loss_pnn = 1.598 | loss_cn = 0.00000000 | acc_sim = 0.969 | acc_phy = 0.893 
| epoch = 35 | step =   110 | loss_pnn = 1.597 | loss_cn = 0.00000000 | acc_sim = 0.969 | acc_phy = 0.894 
| epoch = 35 | step =   120 | loss_pnn = 1.597 | loss_cn = 0.00000000 | acc_sim = 0.969 | acc_phy = 0.894 

Current training epoch: 36, learning rate for pnn: 0.000125, 
| epoch = 36 | step =    10 | loss_pnn = 1.593 | loss_cn = 0.00000000 | acc_sim = 0.974 | acc_phy = 0.894 
| epoch = 36 | step =    20 | loss_pnn = 1.594 | loss_cn = 0.00000000 | acc_sim = 0.971 | acc_phy = 0.896 
| epoch = 36 | step =    30 | loss_pnn = 1.592 | loss_cn = 0.00000000 | acc_sim = 0.971 | acc_phy = 0.898 
| epoch = 36 | step =    40 | loss_pnn = 1.593 | loss_cn = 0.00000000 | acc_sim = 0.971 | acc_phy = 0.899 
| epoch = 36 | step =    50 | loss_pnn = 1.593 | loss_cn = 0.00000000 | acc_sim = 0.970 | acc_phy = 0.899 
| epoch = 36 | step =    60 | loss_pnn = 1.594 | loss_cn = 0.00000000 | acc_sim = 0.970 | acc_phy = 0.898 
| epoch = 36 | step =    70 | loss_pnn = 1.594 | loss_cn = 0.00000000 | acc_sim = 0.969 | acc_phy = 0.897 
| epoch = 36 | step =    80 | loss_pnn = 1.595 | loss_cn = 0.00000000 | acc_sim = 0.969 | acc_phy = 0.897 
| epoch = 36 | step =    90 | loss_pnn = 1.594 | loss_cn = 0.00000000 | acc_sim = 0.969 | acc_phy = 0.897 
| epoch = 36 | step =   100 | loss_pnn = 1.595 | loss_cn = 0.00000000 | acc_sim = 0.969 | acc_phy = 0.897 
| epoch = 36 | step =   110 | loss_pnn = 1.595 | loss_cn = 0.00000000 | acc_sim = 0.969 | acc_phy = 0.896 
| epoch = 36 | step =   120 | loss_pnn = 1.595 | loss_cn = 0.00000000 | acc_sim = 0.969 | acc_phy = 0.896 

Current training epoch: 37, learning rate for pnn: 0.000125, 
| epoch = 37 | step =    10 | loss_pnn = 1.597 | loss_cn = 0.00000000 | acc_sim = 0.968 | acc_phy = 0.897 
| epoch = 37 | step =    20 | loss_pnn = 1.593 | loss_cn = 0.00000000 | acc_sim = 0.969 | acc_phy = 0.902 
| epoch = 37 | step =    30 | loss_pnn = 1.594 | loss_cn = 0.00000000 | acc_sim = 0.970 | acc_phy = 0.899 
| epoch = 37 | step =    40 | loss_pnn = 1.596 | loss_cn = 0.00000000 | acc_sim = 0.967 | acc_phy = 0.897 
| epoch = 37 | step =    50 | loss_pnn = 1.597 | loss_cn = 0.00000000 | acc_sim = 0.969 | acc_phy = 0.896 
| epoch = 37 | step =    60 | loss_pnn = 1.597 | loss_cn = 0.00000000 | acc_sim = 0.969 | acc_phy = 0.895 
| epoch = 37 | step =    70 | loss_pnn = 1.597 | loss_cn = 0.00000000 | acc_sim = 0.969 | acc_phy = 0.894 
| epoch = 37 | step =    80 | loss_pnn = 1.597 | loss_cn = 0.00000000 | acc_sim = 0.969 | acc_phy = 0.895 
| epoch = 37 | step =    90 | loss_pnn = 1.597 | loss_cn = 0.00000000 | acc_sim = 0.969 | acc_phy = 0.895 
| epoch = 37 | step =   100 | loss_pnn = 1.596 | loss_cn = 0.00000000 | acc_sim = 0.969 | acc_phy = 0.896 
| epoch = 37 | step =   110 | loss_pnn = 1.596 | loss_cn = 0.00000000 | acc_sim = 0.969 | acc_phy = 0.896 
| epoch = 37 | step =   120 | loss_pnn = 1.596 | loss_cn = 0.00000000 | acc_sim = 0.969 | acc_phy = 0.896 

Current training epoch: 38, learning rate for pnn: 0.000125, 
| epoch = 38 | step =    10 | loss_pnn = 1.597 | loss_cn = 0.00000000 | acc_sim = 0.973 | acc_phy = 0.896 
| epoch = 38 | step =    20 | loss_pnn = 1.600 | loss_cn = 0.00000000 | acc_sim = 0.970 | acc_phy = 0.889 
| epoch = 38 | step =    30 | loss_pnn = 1.599 | loss_cn = 0.00000000 | acc_sim = 0.970 | acc_phy = 0.890 
| epoch = 38 | step =    40 | loss_pnn = 1.600 | loss_cn = 0.00000000 | acc_sim = 0.968 | acc_phy = 0.889 
| epoch = 38 | step =    50 | loss_pnn = 1.598 | loss_cn = 0.00000000 | acc_sim = 0.968 | acc_phy = 0.891 
| epoch = 38 | step =    60 | loss_pnn = 1.597 | loss_cn = 0.00000000 | acc_sim = 0.969 | acc_phy = 0.894 
| epoch = 38 | step =    70 | loss_pnn = 1.597 | loss_cn = 0.00000000 | acc_sim = 0.969 | acc_phy = 0.894 
| epoch = 38 | step =    80 | loss_pnn = 1.597 | loss_cn = 0.00000000 | acc_sim = 0.969 | acc_phy = 0.893 
| epoch = 38 | step =    90 | loss_pnn = 1.597 | loss_cn = 0.00000000 | acc_sim = 0.969 | acc_phy = 0.893 
| epoch = 38 | step =   100 | loss_pnn = 1.597 | loss_cn = 0.00000000 | acc_sim = 0.969 | acc_phy = 0.894 
| epoch = 38 | step =   110 | loss_pnn = 1.596 | loss_cn = 0.00000000 | acc_sim = 0.970 | acc_phy = 0.895 
| epoch = 38 | step =   120 | loss_pnn = 1.596 | loss_cn = 0.00000000 | acc_sim = 0.970 | acc_phy = 0.895 

Current training epoch: 39, learning rate for pnn: 0.000125, 
| epoch = 39 | step =    10 | loss_pnn = 1.595 | loss_cn = 0.00000000 | acc_sim = 0.969 | acc_phy = 0.896 
| epoch = 39 | step =    20 | loss_pnn = 1.595 | loss_cn = 0.00000000 | acc_sim = 0.968 | acc_phy = 0.896 
| epoch = 39 | step =    30 | loss_pnn = 1.597 | loss_cn = 0.00000000 | acc_sim = 0.968 | acc_phy = 0.894 
| epoch = 39 | step =    40 | loss_pnn = 1.596 | loss_cn = 0.00000000 | acc_sim = 0.969 | acc_phy = 0.894 
| epoch = 39 | step =    50 | loss_pnn = 1.596 | loss_cn = 0.00000000 | acc_sim = 0.970 | acc_phy = 0.895 
| epoch = 39 | step =    60 | loss_pnn = 1.596 | loss_cn = 0.00000000 | acc_sim = 0.970 | acc_phy = 0.895 
| epoch = 39 | step =    70 | loss_pnn = 1.595 | loss_cn = 0.00000000 | acc_sim = 0.971 | acc_phy = 0.896 
| epoch = 39 | step =    80 | loss_pnn = 1.596 | loss_cn = 0.00000000 | acc_sim = 0.971 | acc_phy = 0.896 
| epoch = 39 | step =    90 | loss_pnn = 1.596 | loss_cn = 0.00000000 | acc_sim = 0.971 | acc_phy = 0.896 
| epoch = 39 | step =   100 | loss_pnn = 1.596 | loss_cn = 0.00000000 | acc_sim = 0.970 | acc_phy = 0.895 
| epoch = 39 | step =   110 | loss_pnn = 1.596 | loss_cn = 0.00000000 | acc_sim = 0.970 | acc_phy = 0.896 
| epoch = 39 | step =   120 | loss_pnn = 1.596 | loss_cn = 0.00000000 | acc_sim = 0.970 | acc_phy = 0.895 

Current training epoch: 40, learning rate for pnn: 0.000125, 
| epoch = 40 | step =    10 | loss_pnn = 1.596 | loss_cn = 0.00000000 | acc_sim = 0.972 | acc_phy = 0.893 
| epoch = 40 | step =    20 | loss_pnn = 1.597 | loss_cn = 0.00000000 | acc_sim = 0.970 | acc_phy = 0.894 
| epoch = 40 | step =    30 | loss_pnn = 1.597 | loss_cn = 0.00000000 | acc_sim = 0.971 | acc_phy = 0.894 
| epoch = 40 | step =    40 | loss_pnn = 1.597 | loss_cn = 0.00000000 | acc_sim = 0.970 | acc_phy = 0.895 
| epoch = 40 | step =    50 | loss_pnn = 1.597 | loss_cn = 0.00000000 | acc_sim = 0.970 | acc_phy = 0.895 
| epoch = 40 | step =    60 | loss_pnn = 1.596 | loss_cn = 0.00000000 | acc_sim = 0.970 | acc_phy = 0.896 
| epoch = 40 | step =    70 | loss_pnn = 1.596 | loss_cn = 0.00000000 | acc_sim = 0.970 | acc_phy = 0.896 
| epoch = 40 | step =    80 | loss_pnn = 1.597 | loss_cn = 0.00000000 | acc_sim = 0.970 | acc_phy = 0.895 
| epoch = 40 | step =    90 | loss_pnn = 1.597 | loss_cn = 0.00000000 | acc_sim = 0.970 | acc_phy = 0.894 
| epoch = 40 | step =   100 | loss_pnn = 1.597 | loss_cn = 0.00000000 | acc_sim = 0.970 | acc_phy = 0.895 
| epoch = 40 | step =   110 | loss_pnn = 1.597 | loss_cn = 0.00000000 | acc_sim = 0.970 | acc_phy = 0.895 
| epoch = 40 | step =   120 | loss_pnn = 1.597 | loss_cn = 0.00000000 | acc_sim = 0.970 | acc_phy = 0.894 

Current training epoch: 41, learning rate for pnn: 6.25e-05, 
| epoch = 41 | step =    10 | loss_pnn = 1.601 | loss_cn = 0.00000000 | acc_sim = 0.968 | acc_phy = 0.890 
| epoch = 41 | step =    20 | loss_pnn = 1.597 | loss_cn = 0.00000000 | acc_sim = 0.971 | acc_phy = 0.895 
| epoch = 41 | step =    30 | loss_pnn = 1.596 | loss_cn = 0.00000000 | acc_sim = 0.971 | acc_phy = 0.894 
| epoch = 41 | step =    40 | loss_pnn = 1.595 | loss_cn = 0.00000000 | acc_sim = 0.970 | acc_phy = 0.896 
| epoch = 41 | step =    50 | loss_pnn = 1.595 | loss_cn = 0.00000000 | acc_sim = 0.970 | acc_phy = 0.896 
| epoch = 41 | step =    60 | loss_pnn = 1.594 | loss_cn = 0.00000000 | acc_sim = 0.970 | acc_phy = 0.897 
| epoch = 41 | step =    70 | loss_pnn = 1.594 | loss_cn = 0.00000000 | acc_sim = 0.970 | acc_phy = 0.898 
| epoch = 41 | step =    80 | loss_pnn = 1.594 | loss_cn = 0.00000000 | acc_sim = 0.970 | acc_phy = 0.898 
| epoch = 41 | step =    90 | loss_pnn = 1.594 | loss_cn = 0.00000000 | acc_sim = 0.970 | acc_phy = 0.898 
| epoch = 41 | step =   100 | loss_pnn = 1.594 | loss_cn = 0.00000000 | acc_sim = 0.970 | acc_phy = 0.898 
| epoch = 41 | step =   110 | loss_pnn = 1.595 | loss_cn = 0.00000000 | acc_sim = 0.970 | acc_phy = 0.897 
| epoch = 41 | step =   120 | loss_pnn = 1.595 | loss_cn = 0.00000000 | acc_sim = 0.970 | acc_phy = 0.897 

Current training epoch: 42, learning rate for pnn: 6.25e-05, 
| epoch = 42 | step =    10 | loss_pnn = 1.603 | loss_cn = 0.00000000 | acc_sim = 0.967 | acc_phy = 0.892 
| epoch = 42 | step =    20 | loss_pnn = 1.601 | loss_cn = 0.00000000 | acc_sim = 0.970 | acc_phy = 0.892 
| epoch = 42 | step =    30 | loss_pnn = 1.599 | loss_cn = 0.00000000 | acc_sim = 0.971 | acc_phy = 0.893 
| epoch = 42 | step =    40 | loss_pnn = 1.599 | loss_cn = 0.00000000 | acc_sim = 0.970 | acc_phy = 0.894 
| epoch = 42 | step =    50 | loss_pnn = 1.599 | loss_cn = 0.00000000 | acc_sim = 0.970 | acc_phy = 0.893 
| epoch = 42 | step =    60 | loss_pnn = 1.599 | loss_cn = 0.00000000 | acc_sim = 0.970 | acc_phy = 0.893 
| epoch = 42 | step =    70 | loss_pnn = 1.599 | loss_cn = 0.00000000 | acc_sim = 0.969 | acc_phy = 0.894 
| epoch = 42 | step =    80 | loss_pnn = 1.598 | loss_cn = 0.00000000 | acc_sim = 0.970 | acc_phy = 0.894 
| epoch = 42 | step =    90 | loss_pnn = 1.597 | loss_cn = 0.00000000 | acc_sim = 0.970 | acc_phy = 0.895 
| epoch = 42 | step =   100 | loss_pnn = 1.596 | loss_cn = 0.00000000 | acc_sim = 0.970 | acc_phy = 0.896 
| epoch = 42 | step =   110 | loss_pnn = 1.596 | loss_cn = 0.00000000 | acc_sim = 0.970 | acc_phy = 0.896 
| epoch = 42 | step =   120 | loss_pnn = 1.596 | loss_cn = 0.00000000 | acc_sim = 0.970 | acc_phy = 0.896 

Current training epoch: 43, learning rate for pnn: 6.25e-05, 
| epoch = 43 | step =    10 | loss_pnn = 1.592 | loss_cn = 0.00000000 | acc_sim = 0.971 | acc_phy = 0.902 
| epoch = 43 | step =    20 | loss_pnn = 1.597 | loss_cn = 0.00000000 | acc_sim = 0.971 | acc_phy = 0.894 
| epoch = 43 | step =    30 | loss_pnn = 1.598 | loss_cn = 0.00000000 | acc_sim = 0.971 | acc_phy = 0.892 
| epoch = 43 | step =    40 | loss_pnn = 1.596 | loss_cn = 0.00000000 | acc_sim = 0.971 | acc_phy = 0.895 
| epoch = 43 | step =    50 | loss_pnn = 1.596 | loss_cn = 0.00000000 | acc_sim = 0.971 | acc_phy = 0.896 
| epoch = 43 | step =    60 | loss_pnn = 1.595 | loss_cn = 0.00000000 | acc_sim = 0.972 | acc_phy = 0.897 
| epoch = 43 | step =    70 | loss_pnn = 1.596 | loss_cn = 0.00000000 | acc_sim = 0.971 | acc_phy = 0.896 
| epoch = 43 | step =    80 | loss_pnn = 1.596 | loss_cn = 0.00000000 | acc_sim = 0.971 | acc_phy = 0.896 
| epoch = 43 | step =    90 | loss_pnn = 1.596 | loss_cn = 0.00000000 | acc_sim = 0.970 | acc_phy = 0.895 
| epoch = 43 | step =   100 | loss_pnn = 1.596 | loss_cn = 0.00000000 | acc_sim = 0.970 | acc_phy = 0.895 
| epoch = 43 | step =   110 | loss_pnn = 1.596 | loss_cn = 0.00000000 | acc_sim = 0.970 | acc_phy = 0.895 
| epoch = 43 | step =   120 | loss_pnn = 1.596 | loss_cn = 0.00000000 | acc_sim = 0.970 | acc_phy = 0.895 

Current training epoch: 44, learning rate for pnn: 6.25e-05, 
| epoch = 44 | step =    10 | loss_pnn = 1.597 | loss_cn = 0.00000000 | acc_sim = 0.970 | acc_phy = 0.892 
| epoch = 44 | step =    20 | loss_pnn = 1.595 | loss_cn = 0.00000000 | acc_sim = 0.969 | acc_phy = 0.895 
| epoch = 44 | step =    30 | loss_pnn = 1.595 | loss_cn = 0.00000000 | acc_sim = 0.970 | acc_phy = 0.896 
| epoch = 44 | step =    40 | loss_pnn = 1.595 | loss_cn = 0.00000000 | acc_sim = 0.970 | acc_phy = 0.895 
| epoch = 44 | step =    50 | loss_pnn = 1.596 | loss_cn = 0.00000000 | acc_sim = 0.970 | acc_phy = 0.895 
| epoch = 44 | step =    60 | loss_pnn = 1.597 | loss_cn = 0.00000000 | acc_sim = 0.970 | acc_phy = 0.894 
| epoch = 44 | step =    70 | loss_pnn = 1.598 | loss_cn = 0.00000000 | acc_sim = 0.971 | acc_phy = 0.894 
| epoch = 44 | step =    80 | loss_pnn = 1.597 | loss_cn = 0.00000000 | acc_sim = 0.971 | acc_phy = 0.895 
| epoch = 44 | step =    90 | loss_pnn = 1.597 | loss_cn = 0.00000000 | acc_sim = 0.970 | acc_phy = 0.895 
| epoch = 44 | step =   100 | loss_pnn = 1.597 | loss_cn = 0.00000000 | acc_sim = 0.970 | acc_phy = 0.895 
| epoch = 44 | step =   110 | loss_pnn = 1.597 | loss_cn = 0.00000000 | acc_sim = 0.970 | acc_phy = 0.895 
| epoch = 44 | step =   120 | loss_pnn = 1.597 | loss_cn = 0.00000000 | acc_sim = 0.970 | acc_phy = 0.895 

Current training epoch: 45, learning rate for pnn: 6.25e-05, 
| epoch = 45 | step =    10 | loss_pnn = 1.599 | loss_cn = 0.00000000 | acc_sim = 0.967 | acc_phy = 0.892 
| epoch = 45 | step =    20 | loss_pnn = 1.597 | loss_cn = 0.00000000 | acc_sim = 0.968 | acc_phy = 0.897 
| epoch = 45 | step =    30 | loss_pnn = 1.598 | loss_cn = 0.00000000 | acc_sim = 0.968 | acc_phy = 0.895 
| epoch = 45 | step =    40 | loss_pnn = 1.597 | loss_cn = 0.00000000 | acc_sim = 0.968 | acc_phy = 0.895 
| epoch = 45 | step =    50 | loss_pnn = 1.597 | loss_cn = 0.00000000 | acc_sim = 0.968 | acc_phy = 0.895 
| epoch = 45 | step =    60 | loss_pnn = 1.598 | loss_cn = 0.00000000 | acc_sim = 0.969 | acc_phy = 0.894 
| epoch = 45 | step =    70 | loss_pnn = 1.597 | loss_cn = 0.00000000 | acc_sim = 0.969 | acc_phy = 0.895 
| epoch = 45 | step =    80 | loss_pnn = 1.597 | loss_cn = 0.00000000 | acc_sim = 0.969 | acc_phy = 0.895 
| epoch = 45 | step =    90 | loss_pnn = 1.596 | loss_cn = 0.00000000 | acc_sim = 0.970 | acc_phy = 0.895 
| epoch = 45 | step =   100 | loss_pnn = 1.596 | loss_cn = 0.00000000 | acc_sim = 0.970 | acc_phy = 0.895 
| epoch = 45 | step =   110 | loss_pnn = 1.596 | loss_cn = 0.00000000 | acc_sim = 0.970 | acc_phy = 0.896 
| epoch = 45 | step =   120 | loss_pnn = 1.595 | loss_cn = 0.00000000 | acc_sim = 0.970 | acc_phy = 0.896 

Current training epoch: 46, learning rate for pnn: 6.25e-05, 
| epoch = 46 | step =    10 | loss_pnn = 1.597 | loss_cn = 0.00000000 | acc_sim = 0.968 | acc_phy = 0.898 
| epoch = 46 | step =    20 | loss_pnn = 1.597 | loss_cn = 0.00000000 | acc_sim = 0.969 | acc_phy = 0.897 
| epoch = 46 | step =    30 | loss_pnn = 1.596 | loss_cn = 0.00000000 | acc_sim = 0.971 | acc_phy = 0.898 
| epoch = 46 | step =    40 | loss_pnn = 1.596 | loss_cn = 0.00000000 | acc_sim = 0.970 | acc_phy = 0.897 
| epoch = 46 | step =    50 | loss_pnn = 1.597 | loss_cn = 0.00000000 | acc_sim = 0.970 | acc_phy = 0.895 
| epoch = 46 | step =    60 | loss_pnn = 1.597 | loss_cn = 0.00000000 | acc_sim = 0.970 | acc_phy = 0.895 
| epoch = 46 | step =    70 | loss_pnn = 1.597 | loss_cn = 0.00000000 | acc_sim = 0.970 | acc_phy = 0.895 
| epoch = 46 | step =    80 | loss_pnn = 1.597 | loss_cn = 0.00000000 | acc_sim = 0.970 | acc_phy = 0.895 
| epoch = 46 | step =    90 | loss_pnn = 1.597 | loss_cn = 0.00000000 | acc_sim = 0.971 | acc_phy = 0.895 
| epoch = 46 | step =   100 | loss_pnn = 1.597 | loss_cn = 0.00000000 | acc_sim = 0.971 | acc_phy = 0.895 
| epoch = 46 | step =   110 | loss_pnn = 1.597 | loss_cn = 0.00000000 | acc_sim = 0.970 | acc_phy = 0.895 
| epoch = 46 | step =   120 | loss_pnn = 1.597 | loss_cn = 0.00000000 | acc_sim = 0.970 | acc_phy = 0.895 

Current training epoch: 47, learning rate for pnn: 6.25e-05, 
| epoch = 47 | step =    10 | loss_pnn = 1.597 | loss_cn = 0.00000000 | acc_sim = 0.969 | acc_phy = 0.894 
| epoch = 47 | step =    20 | loss_pnn = 1.597 | loss_cn = 0.00000000 | acc_sim = 0.971 | acc_phy = 0.894 
| epoch = 47 | step =    30 | loss_pnn = 1.595 | loss_cn = 0.00000000 | acc_sim = 0.973 | acc_phy = 0.897 
| epoch = 47 | step =    40 | loss_pnn = 1.595 | loss_cn = 0.00000000 | acc_sim = 0.972 | acc_phy = 0.897 
| epoch = 47 | step =    50 | loss_pnn = 1.594 | loss_cn = 0.00000000 | acc_sim = 0.972 | acc_phy = 0.898 
| epoch = 47 | step =    60 | loss_pnn = 1.594 | loss_cn = 0.00000000 | acc_sim = 0.971 | acc_phy = 0.897 
| epoch = 47 | step =    70 | loss_pnn = 1.595 | loss_cn = 0.00000000 | acc_sim = 0.971 | acc_phy = 0.897 
| epoch = 47 | step =    80 | loss_pnn = 1.595 | loss_cn = 0.00000000 | acc_sim = 0.971 | acc_phy = 0.896 
| epoch = 47 | step =    90 | loss_pnn = 1.595 | loss_cn = 0.00000000 | acc_sim = 0.971 | acc_phy = 0.897 
| epoch = 47 | step =   100 | loss_pnn = 1.595 | loss_cn = 0.00000000 | acc_sim = 0.971 | acc_phy = 0.896 
| epoch = 47 | step =   110 | loss_pnn = 1.595 | loss_cn = 0.00000000 | acc_sim = 0.970 | acc_phy = 0.896 
| epoch = 47 | step =   120 | loss_pnn = 1.596 | loss_cn = 0.00000000 | acc_sim = 0.970 | acc_phy = 0.896 

Current training epoch: 48, learning rate for pnn: 6.25e-05, 
| epoch = 48 | step =    10 | loss_pnn = 1.593 | loss_cn = 0.00000000 | acc_sim = 0.971 | acc_phy = 0.901 
| epoch = 48 | step =    20 | loss_pnn = 1.594 | loss_cn = 0.00000000 | acc_sim = 0.970 | acc_phy = 0.898 
| epoch = 48 | step =    30 | loss_pnn = 1.595 | loss_cn = 0.00000000 | acc_sim = 0.972 | acc_phy = 0.897 
| epoch = 48 | step =    40 | loss_pnn = 1.594 | loss_cn = 0.00000000 | acc_sim = 0.971 | acc_phy = 0.897 
| epoch = 48 | step =    50 | loss_pnn = 1.595 | loss_cn = 0.00000000 | acc_sim = 0.971 | acc_phy = 0.896 
| epoch = 48 | step =    60 | loss_pnn = 1.595 | loss_cn = 0.00000000 | acc_sim = 0.972 | acc_phy = 0.896 
| epoch = 48 | step =    70 | loss_pnn = 1.595 | loss_cn = 0.00000000 | acc_sim = 0.971 | acc_phy = 0.896 
| epoch = 48 | step =    80 | loss_pnn = 1.595 | loss_cn = 0.00000000 | acc_sim = 0.971 | acc_phy = 0.897 
| epoch = 48 | step =    90 | loss_pnn = 1.595 | loss_cn = 0.00000000 | acc_sim = 0.971 | acc_phy = 0.896 
| epoch = 48 | step =   100 | loss_pnn = 1.595 | loss_cn = 0.00000000 | acc_sim = 0.971 | acc_phy = 0.896 
| epoch = 48 | step =   110 | loss_pnn = 1.595 | loss_cn = 0.00000000 | acc_sim = 0.971 | acc_phy = 0.896 
| epoch = 48 | step =   120 | loss_pnn = 1.595 | loss_cn = 0.00000000 | acc_sim = 0.970 | acc_phy = 0.896 

Current training epoch: 49, learning rate for pnn: 6.25e-05, 
| epoch = 49 | step =    10 | loss_pnn = 1.599 | loss_cn = 0.00000000 | acc_sim = 0.971 | acc_phy = 0.891 
| epoch = 49 | step =    20 | loss_pnn = 1.597 | loss_cn = 0.00000000 | acc_sim = 0.971 | acc_phy = 0.893 
| epoch = 49 | step =    30 | loss_pnn = 1.599 | loss_cn = 0.00000000 | acc_sim = 0.970 | acc_phy = 0.892 
| epoch = 49 | step =    40 | loss_pnn = 1.598 | loss_cn = 0.00000000 | acc_sim = 0.971 | acc_phy = 0.892 
| epoch = 49 | step =    50 | loss_pnn = 1.598 | loss_cn = 0.00000000 | acc_sim = 0.970 | acc_phy = 0.892 
| epoch = 49 | step =    60 | loss_pnn = 1.597 | loss_cn = 0.00000000 | acc_sim = 0.971 | acc_phy = 0.894 
| epoch = 49 | step =    70 | loss_pnn = 1.596 | loss_cn = 0.00000000 | acc_sim = 0.971 | acc_phy = 0.895 
| epoch = 49 | step =    80 | loss_pnn = 1.596 | loss_cn = 0.00000000 | acc_sim = 0.971 | acc_phy = 0.896 
| epoch = 49 | step =    90 | loss_pnn = 1.596 | loss_cn = 0.00000000 | acc_sim = 0.971 | acc_phy = 0.896 
| epoch = 49 | step =   100 | loss_pnn = 1.596 | loss_cn = 0.00000000 | acc_sim = 0.971 | acc_phy = 0.896 
| epoch = 49 | step =   110 | loss_pnn = 1.596 | loss_cn = 0.00000000 | acc_sim = 0.971 | acc_phy = 0.896 
| epoch = 49 | step =   120 | loss_pnn = 1.597 | loss_cn = 0.00000000 | acc_sim = 0.970 | acc_phy = 0.895 

Current training epoch: 50, learning rate for pnn: 6.25e-05, 
| epoch = 50 | step =    10 | loss_pnn = 1.597 | loss_cn = 0.00000000 | acc_sim = 0.971 | acc_phy = 0.895 
| epoch = 50 | step =    20 | loss_pnn = 1.597 | loss_cn = 0.00000000 | acc_sim = 0.972 | acc_phy = 0.895 
| epoch = 50 | step =    30 | loss_pnn = 1.596 | loss_cn = 0.00000000 | acc_sim = 0.972 | acc_phy = 0.896 
| epoch = 50 | step =    40 | loss_pnn = 1.595 | loss_cn = 0.00000000 | acc_sim = 0.972 | acc_phy = 0.896 
| epoch = 50 | step =    50 | loss_pnn = 1.594 | loss_cn = 0.00000000 | acc_sim = 0.972 | acc_phy = 0.897 
| epoch = 50 | step =    60 | loss_pnn = 1.594 | loss_cn = 0.00000000 | acc_sim = 0.972 | acc_phy = 0.898 
| epoch = 50 | step =    70 | loss_pnn = 1.595 | loss_cn = 0.00000000 | acc_sim = 0.971 | acc_phy = 0.897 
| epoch = 50 | step =    80 | loss_pnn = 1.595 | loss_cn = 0.00000000 | acc_sim = 0.971 | acc_phy = 0.897 
| epoch = 50 | step =    90 | loss_pnn = 1.595 | loss_cn = 0.00000000 | acc_sim = 0.971 | acc_phy = 0.897 
| epoch = 50 | step =   100 | loss_pnn = 1.595 | loss_cn = 0.00000000 | acc_sim = 0.971 | acc_phy = 0.896 
| epoch = 50 | step =   110 | loss_pnn = 1.595 | loss_cn = 0.00000000 | acc_sim = 0.971 | acc_phy = 0.896 
| epoch = 50 | step =   120 | loss_pnn = 1.595 | loss_cn = 0.00000000 | acc_sim = 0.971 | acc_phy = 0.896 
Finished training. Elapsed time of training = 1:11:55.908221
