Training new model from scratch......
--------------------------
Training with SEPN
--------------------------

Current training epoch: 1, learning rate for pnn: 0.001, 
| epoch = 1 | step =    10 | loss_pnn = 2.271 | loss_cn = 0.00000000 | acc_sim = 0.256 | acc_phy = 0.173 
| epoch = 1 | step =    20 | loss_pnn = 2.239 | loss_cn = 0.00000000 | acc_sim = 0.342 | acc_phy = 0.231 
| epoch = 1 | step =    30 | loss_pnn = 2.209 | loss_cn = 0.00000000 | acc_sim = 0.439 | acc_phy = 0.276 
| epoch = 1 | step =    40 | loss_pnn = 2.180 | loss_cn = 0.00000000 | acc_sim = 0.515 | acc_phy = 0.321 
| epoch = 1 | step =    50 | loss_pnn = 2.153 | loss_cn = 0.00000000 | acc_sim = 0.567 | acc_phy = 0.358 
| epoch = 1 | step =    60 | loss_pnn = 2.129 | loss_cn = 0.00000000 | acc_sim = 0.609 | acc_phy = 0.391 
| epoch = 1 | step =    70 | loss_pnn = 2.106 | loss_cn = 0.00000000 | acc_sim = 0.644 | acc_phy = 0.423 
| epoch = 1 | step =    80 | loss_pnn = 2.087 | loss_cn = 0.00000000 | acc_sim = 0.669 | acc_phy = 0.450 
| epoch = 1 | step =    90 | loss_pnn = 2.069 | loss_cn = 0.00000000 | acc_sim = 0.690 | acc_phy = 0.476 
| epoch = 1 | step =   100 | loss_pnn = 2.054 | loss_cn = 0.00000000 | acc_sim = 0.708 | acc_phy = 0.496 
| epoch = 1 | step =   110 | loss_pnn = 2.039 | loss_cn = 0.00000000 | acc_sim = 0.723 | acc_phy = 0.515 
| epoch = 1 | step =   120 | loss_pnn = 2.025 | loss_cn = 0.00000000 | acc_sim = 0.736 | acc_phy = 0.532 
Phy accuracy of the network on 10000 test images: 0.723


Current training epoch: 2, learning rate for pnn: 0.001, 
| epoch = 2 | step =    10 | loss_pnn = 1.865 | loss_cn = 0.00000000 | acc_sim = 0.879 | acc_phy = 0.730 
| epoch = 2 | step =    20 | loss_pnn = 1.860 | loss_cn = 0.00000000 | acc_sim = 0.881 | acc_phy = 0.733 
| epoch = 2 | step =    30 | loss_pnn = 1.856 | loss_cn = 0.00000000 | acc_sim = 0.887 | acc_phy = 0.734 
| epoch = 2 | step =    40 | loss_pnn = 1.850 | loss_cn = 0.00000000 | acc_sim = 0.887 | acc_phy = 0.735 
| epoch = 2 | step =    50 | loss_pnn = 1.847 | loss_cn = 0.00000000 | acc_sim = 0.889 | acc_phy = 0.734 
| epoch = 2 | step =    60 | loss_pnn = 1.842 | loss_cn = 0.00000000 | acc_sim = 0.892 | acc_phy = 0.738 
| epoch = 2 | step =    70 | loss_pnn = 1.837 | loss_cn = 0.00000000 | acc_sim = 0.894 | acc_phy = 0.742 
| epoch = 2 | step =    80 | loss_pnn = 1.832 | loss_cn = 0.00000000 | acc_sim = 0.895 | acc_phy = 0.744 
| epoch = 2 | step =    90 | loss_pnn = 1.829 | loss_cn = 0.00000000 | acc_sim = 0.896 | acc_phy = 0.745 
| epoch = 2 | step =   100 | loss_pnn = 1.825 | loss_cn = 0.00000000 | acc_sim = 0.897 | acc_phy = 0.747 
| epoch = 2 | step =   110 | loss_pnn = 1.822 | loss_cn = 0.00000000 | acc_sim = 0.898 | acc_phy = 0.748 
| epoch = 2 | step =   120 | loss_pnn = 1.818 | loss_cn = 0.00000000 | acc_sim = 0.899 | acc_phy = 0.750 
Phy accuracy of the network on 10000 test images: 0.758


Current training epoch: 3, learning rate for pnn: 0.001, 
| epoch = 3 | step =    10 | loss_pnn = 1.777 | loss_cn = 0.00000000 | acc_sim = 0.911 | acc_phy = 0.769 
| epoch = 3 | step =    20 | loss_pnn = 1.768 | loss_cn = 0.00000000 | acc_sim = 0.915 | acc_phy = 0.779 
| epoch = 3 | step =    30 | loss_pnn = 1.767 | loss_cn = 0.00000000 | acc_sim = 0.915 | acc_phy = 0.779 
| epoch = 3 | step =    40 | loss_pnn = 1.767 | loss_cn = 0.00000000 | acc_sim = 0.915 | acc_phy = 0.778 
| epoch = 3 | step =    50 | loss_pnn = 1.765 | loss_cn = 0.00000000 | acc_sim = 0.916 | acc_phy = 0.779 
| epoch = 3 | step =    60 | loss_pnn = 1.763 | loss_cn = 0.00000000 | acc_sim = 0.916 | acc_phy = 0.781 
| epoch = 3 | step =    70 | loss_pnn = 1.761 | loss_cn = 0.00000000 | acc_sim = 0.917 | acc_phy = 0.784 
| epoch = 3 | step =    80 | loss_pnn = 1.758 | loss_cn = 0.00000000 | acc_sim = 0.917 | acc_phy = 0.786 
| epoch = 3 | step =    90 | loss_pnn = 1.757 | loss_cn = 0.00000000 | acc_sim = 0.918 | acc_phy = 0.786 
| epoch = 3 | step =   100 | loss_pnn = 1.754 | loss_cn = 0.00000000 | acc_sim = 0.918 | acc_phy = 0.788 
| epoch = 3 | step =   110 | loss_pnn = 1.752 | loss_cn = 0.00000000 | acc_sim = 0.918 | acc_phy = 0.789 
| epoch = 3 | step =   120 | loss_pnn = 1.751 | loss_cn = 0.00000000 | acc_sim = 0.918 | acc_phy = 0.790 
Phy accuracy of the network on 10000 test images: 0.802


Current training epoch: 4, learning rate for pnn: 0.001, 
| epoch = 4 | step =    10 | loss_pnn = 1.730 | loss_cn = 0.00000000 | acc_sim = 0.933 | acc_phy = 0.802 
| epoch = 4 | step =    20 | loss_pnn = 1.734 | loss_cn = 0.00000000 | acc_sim = 0.929 | acc_phy = 0.798 
| epoch = 4 | step =    30 | loss_pnn = 1.732 | loss_cn = 0.00000000 | acc_sim = 0.929 | acc_phy = 0.799 
| epoch = 4 | step =    40 | loss_pnn = 1.730 | loss_cn = 0.00000000 | acc_sim = 0.929 | acc_phy = 0.801 
| epoch = 4 | step =    50 | loss_pnn = 1.731 | loss_cn = 0.00000000 | acc_sim = 0.928 | acc_phy = 0.800 
| epoch = 4 | step =    60 | loss_pnn = 1.728 | loss_cn = 0.00000000 | acc_sim = 0.927 | acc_phy = 0.801 
| epoch = 4 | step =    70 | loss_pnn = 1.727 | loss_cn = 0.00000000 | acc_sim = 0.927 | acc_phy = 0.802 
| epoch = 4 | step =    80 | loss_pnn = 1.726 | loss_cn = 0.00000000 | acc_sim = 0.928 | acc_phy = 0.804 
| epoch = 4 | step =    90 | loss_pnn = 1.725 | loss_cn = 0.00000000 | acc_sim = 0.928 | acc_phy = 0.803 
| epoch = 4 | step =   100 | loss_pnn = 1.724 | loss_cn = 0.00000000 | acc_sim = 0.928 | acc_phy = 0.805 
| epoch = 4 | step =   110 | loss_pnn = 1.723 | loss_cn = 0.00000000 | acc_sim = 0.929 | acc_phy = 0.806 
| epoch = 4 | step =   120 | loss_pnn = 1.721 | loss_cn = 0.00000000 | acc_sim = 0.929 | acc_phy = 0.808 
Phy accuracy of the network on 10000 test images: 0.827


Current training epoch: 5, learning rate for pnn: 0.001, 
| epoch = 5 | step =    10 | loss_pnn = 1.705 | loss_cn = 0.00000000 | acc_sim = 0.933 | acc_phy = 0.824 
| epoch = 5 | step =    20 | loss_pnn = 1.708 | loss_cn = 0.00000000 | acc_sim = 0.933 | acc_phy = 0.817 
| epoch = 5 | step =    30 | loss_pnn = 1.710 | loss_cn = 0.00000000 | acc_sim = 0.933 | acc_phy = 0.814 
| epoch = 5 | step =    40 | loss_pnn = 1.708 | loss_cn = 0.00000000 | acc_sim = 0.932 | acc_phy = 0.816 
| epoch = 5 | step =    50 | loss_pnn = 1.706 | loss_cn = 0.00000000 | acc_sim = 0.933 | acc_phy = 0.817 
| epoch = 5 | step =    60 | loss_pnn = 1.704 | loss_cn = 0.00000000 | acc_sim = 0.934 | acc_phy = 0.819 
| epoch = 5 | step =    70 | loss_pnn = 1.703 | loss_cn = 0.00000000 | acc_sim = 0.934 | acc_phy = 0.822 
| epoch = 5 | step =    80 | loss_pnn = 1.702 | loss_cn = 0.00000000 | acc_sim = 0.934 | acc_phy = 0.822 
| epoch = 5 | step =    90 | loss_pnn = 1.703 | loss_cn = 0.00000000 | acc_sim = 0.934 | acc_phy = 0.821 
| epoch = 5 | step =   100 | loss_pnn = 1.702 | loss_cn = 0.00000000 | acc_sim = 0.935 | acc_phy = 0.822 
| epoch = 5 | step =   110 | loss_pnn = 1.702 | loss_cn = 0.00000000 | acc_sim = 0.935 | acc_phy = 0.821 
| epoch = 5 | step =   120 | loss_pnn = 1.701 | loss_cn = 0.00000000 | acc_sim = 0.935 | acc_phy = 0.823 
Phy accuracy of the network on 10000 test images: 0.822


Current training epoch: 6, learning rate for pnn: 0.001, 
| epoch = 6 | step =    10 | loss_pnn = 1.689 | loss_cn = 0.00000000 | acc_sim = 0.945 | acc_phy = 0.828 
| epoch = 6 | step =    20 | loss_pnn = 1.689 | loss_cn = 0.00000000 | acc_sim = 0.941 | acc_phy = 0.829 
| epoch = 6 | step =    30 | loss_pnn = 1.692 | loss_cn = 0.00000000 | acc_sim = 0.939 | acc_phy = 0.826 
| epoch = 6 | step =    40 | loss_pnn = 1.694 | loss_cn = 0.00000000 | acc_sim = 0.938 | acc_phy = 0.823 
| epoch = 6 | step =    50 | loss_pnn = 1.693 | loss_cn = 0.00000000 | acc_sim = 0.940 | acc_phy = 0.824 
| epoch = 6 | step =    60 | loss_pnn = 1.692 | loss_cn = 0.00000000 | acc_sim = 0.940 | acc_phy = 0.824 
| epoch = 6 | step =    70 | loss_pnn = 1.690 | loss_cn = 0.00000000 | acc_sim = 0.940 | acc_phy = 0.827 
| epoch = 6 | step =    80 | loss_pnn = 1.689 | loss_cn = 0.00000000 | acc_sim = 0.941 | acc_phy = 0.828 
| epoch = 6 | step =    90 | loss_pnn = 1.690 | loss_cn = 0.00000000 | acc_sim = 0.941 | acc_phy = 0.827 
| epoch = 6 | step =   100 | loss_pnn = 1.690 | loss_cn = 0.00000000 | acc_sim = 0.941 | acc_phy = 0.827 
| epoch = 6 | step =   110 | loss_pnn = 1.689 | loss_cn = 0.00000000 | acc_sim = 0.941 | acc_phy = 0.827 
| epoch = 6 | step =   120 | loss_pnn = 1.689 | loss_cn = 0.00000000 | acc_sim = 0.941 | acc_phy = 0.827 
Phy accuracy of the network on 10000 test images: 0.821


Current training epoch: 7, learning rate for pnn: 0.001, 
| epoch = 7 | step =    10 | loss_pnn = 1.692 | loss_cn = 0.00000000 | acc_sim = 0.937 | acc_phy = 0.819 
| epoch = 7 | step =    20 | loss_pnn = 1.691 | loss_cn = 0.00000000 | acc_sim = 0.941 | acc_phy = 0.821 
| epoch = 7 | step =    30 | loss_pnn = 1.688 | loss_cn = 0.00000000 | acc_sim = 0.943 | acc_phy = 0.826 
| epoch = 7 | step =    40 | loss_pnn = 1.687 | loss_cn = 0.00000000 | acc_sim = 0.944 | acc_phy = 0.828 
| epoch = 7 | step =    50 | loss_pnn = 1.687 | loss_cn = 0.00000000 | acc_sim = 0.944 | acc_phy = 0.829 
| epoch = 7 | step =    60 | loss_pnn = 1.688 | loss_cn = 0.00000000 | acc_sim = 0.945 | acc_phy = 0.828 
| epoch = 7 | step =    70 | loss_pnn = 1.686 | loss_cn = 0.00000000 | acc_sim = 0.945 | acc_phy = 0.829 
| epoch = 7 | step =    80 | loss_pnn = 1.685 | loss_cn = 0.00000000 | acc_sim = 0.944 | acc_phy = 0.830 
| epoch = 7 | step =    90 | loss_pnn = 1.684 | loss_cn = 0.00000000 | acc_sim = 0.945 | acc_phy = 0.830 
| epoch = 7 | step =   100 | loss_pnn = 1.683 | loss_cn = 0.00000000 | acc_sim = 0.945 | acc_phy = 0.831 
| epoch = 7 | step =   110 | loss_pnn = 1.682 | loss_cn = 0.00000000 | acc_sim = 0.946 | acc_phy = 0.832 
| epoch = 7 | step =   120 | loss_pnn = 1.682 | loss_cn = 0.00000000 | acc_sim = 0.945 | acc_phy = 0.832 
Phy accuracy of the network on 10000 test images: 0.827


Current training epoch: 8, learning rate for pnn: 0.001, 
| epoch = 8 | step =    10 | loss_pnn = 1.681 | loss_cn = 0.00000000 | acc_sim = 0.947 | acc_phy = 0.831 
| epoch = 8 | step =    20 | loss_pnn = 1.679 | loss_cn = 0.00000000 | acc_sim = 0.946 | acc_phy = 0.832 
| epoch = 8 | step =    30 | loss_pnn = 1.681 | loss_cn = 0.00000000 | acc_sim = 0.948 | acc_phy = 0.829 
| epoch = 8 | step =    40 | loss_pnn = 1.683 | loss_cn = 0.00000000 | acc_sim = 0.948 | acc_phy = 0.828 
| epoch = 8 | step =    50 | loss_pnn = 1.683 | loss_cn = 0.00000000 | acc_sim = 0.948 | acc_phy = 0.828 
| epoch = 8 | step =    60 | loss_pnn = 1.683 | loss_cn = 0.00000000 | acc_sim = 0.948 | acc_phy = 0.830 
| epoch = 8 | step =    70 | loss_pnn = 1.682 | loss_cn = 0.00000000 | acc_sim = 0.948 | acc_phy = 0.830 
| epoch = 8 | step =    80 | loss_pnn = 1.681 | loss_cn = 0.00000000 | acc_sim = 0.949 | acc_phy = 0.832 
| epoch = 8 | step =    90 | loss_pnn = 1.681 | loss_cn = 0.00000000 | acc_sim = 0.948 | acc_phy = 0.832 
| epoch = 8 | step =   100 | loss_pnn = 1.681 | loss_cn = 0.00000000 | acc_sim = 0.947 | acc_phy = 0.832 
| epoch = 8 | step =   110 | loss_pnn = 1.681 | loss_cn = 0.00000000 | acc_sim = 0.947 | acc_phy = 0.832 
| epoch = 8 | step =   120 | loss_pnn = 1.680 | loss_cn = 0.00000000 | acc_sim = 0.948 | acc_phy = 0.833 
Phy accuracy of the network on 10000 test images: 0.830


Current training epoch: 9, learning rate for pnn: 0.001, 
| epoch = 9 | step =    10 | loss_pnn = 1.670 | loss_cn = 0.00000000 | acc_sim = 0.948 | acc_phy = 0.840 
| epoch = 9 | step =    20 | loss_pnn = 1.672 | loss_cn = 0.00000000 | acc_sim = 0.949 | acc_phy = 0.838 
| epoch = 9 | step =    30 | loss_pnn = 1.676 | loss_cn = 0.00000000 | acc_sim = 0.948 | acc_phy = 0.835 
| epoch = 9 | step =    40 | loss_pnn = 1.676 | loss_cn = 0.00000000 | acc_sim = 0.948 | acc_phy = 0.835 
| epoch = 9 | step =    50 | loss_pnn = 1.675 | loss_cn = 0.00000000 | acc_sim = 0.950 | acc_phy = 0.836 
| epoch = 9 | step =    60 | loss_pnn = 1.673 | loss_cn = 0.00000000 | acc_sim = 0.950 | acc_phy = 0.837 
| epoch = 9 | step =    70 | loss_pnn = 1.672 | loss_cn = 0.00000000 | acc_sim = 0.950 | acc_phy = 0.837 
| epoch = 9 | step =    80 | loss_pnn = 1.673 | loss_cn = 0.00000000 | acc_sim = 0.949 | acc_phy = 0.836 
| epoch = 9 | step =    90 | loss_pnn = 1.673 | loss_cn = 0.00000000 | acc_sim = 0.950 | acc_phy = 0.835 
| epoch = 9 | step =   100 | loss_pnn = 1.673 | loss_cn = 0.00000000 | acc_sim = 0.950 | acc_phy = 0.836 
| epoch = 9 | step =   110 | loss_pnn = 1.674 | loss_cn = 0.00000000 | acc_sim = 0.950 | acc_phy = 0.835 
| epoch = 9 | step =   120 | loss_pnn = 1.674 | loss_cn = 0.00000000 | acc_sim = 0.951 | acc_phy = 0.835 
Phy accuracy of the network on 10000 test images: 0.828


Current training epoch: 10, learning rate for pnn: 0.001, 
| epoch = 10 | step =    10 | loss_pnn = 1.680 | loss_cn = 0.00000000 | acc_sim = 0.953 | acc_phy = 0.830 
| epoch = 10 | step =    20 | loss_pnn = 1.678 | loss_cn = 0.00000000 | acc_sim = 0.952 | acc_phy = 0.832 
| epoch = 10 | step =    30 | loss_pnn = 1.676 | loss_cn = 0.00000000 | acc_sim = 0.953 | acc_phy = 0.833 
| epoch = 10 | step =    40 | loss_pnn = 1.678 | loss_cn = 0.00000000 | acc_sim = 0.953 | acc_phy = 0.830 
| epoch = 10 | step =    50 | loss_pnn = 1.678 | loss_cn = 0.00000000 | acc_sim = 0.952 | acc_phy = 0.830 
| epoch = 10 | step =    60 | loss_pnn = 1.675 | loss_cn = 0.00000000 | acc_sim = 0.953 | acc_phy = 0.832 
| epoch = 10 | step =    70 | loss_pnn = 1.675 | loss_cn = 0.00000000 | acc_sim = 0.952 | acc_phy = 0.831 
| epoch = 10 | step =    80 | loss_pnn = 1.675 | loss_cn = 0.00000000 | acc_sim = 0.952 | acc_phy = 0.831 
| epoch = 10 | step =    90 | loss_pnn = 1.675 | loss_cn = 0.00000000 | acc_sim = 0.953 | acc_phy = 0.831 
| epoch = 10 | step =   100 | loss_pnn = 1.674 | loss_cn = 0.00000000 | acc_sim = 0.953 | acc_phy = 0.832 
| epoch = 10 | step =   110 | loss_pnn = 1.674 | loss_cn = 0.00000000 | acc_sim = 0.953 | acc_phy = 0.832 
| epoch = 10 | step =   120 | loss_pnn = 1.673 | loss_cn = 0.00000000 | acc_sim = 0.953 | acc_phy = 0.833 
Phy accuracy of the network on 10000 test images: 0.830


Current training epoch: 11, learning rate for pnn: 0.0005, 
| epoch = 11 | step =    10 | loss_pnn = 1.670 | loss_cn = 0.00000000 | acc_sim = 0.959 | acc_phy = 0.836 
| epoch = 11 | step =    20 | loss_pnn = 1.668 | loss_cn = 0.00000000 | acc_sim = 0.958 | acc_phy = 0.837 
| epoch = 11 | step =    30 | loss_pnn = 1.672 | loss_cn = 0.00000000 | acc_sim = 0.956 | acc_phy = 0.832 
| epoch = 11 | step =    40 | loss_pnn = 1.670 | loss_cn = 0.00000000 | acc_sim = 0.956 | acc_phy = 0.835 
| epoch = 11 | step =    50 | loss_pnn = 1.670 | loss_cn = 0.00000000 | acc_sim = 0.956 | acc_phy = 0.835 
| epoch = 11 | step =    60 | loss_pnn = 1.670 | loss_cn = 0.00000000 | acc_sim = 0.955 | acc_phy = 0.834 
| epoch = 11 | step =    70 | loss_pnn = 1.671 | loss_cn = 0.00000000 | acc_sim = 0.956 | acc_phy = 0.833 
| epoch = 11 | step =    80 | loss_pnn = 1.672 | loss_cn = 0.00000000 | acc_sim = 0.956 | acc_phy = 0.832 
| epoch = 11 | step =    90 | loss_pnn = 1.673 | loss_cn = 0.00000000 | acc_sim = 0.956 | acc_phy = 0.831 
| epoch = 11 | step =   100 | loss_pnn = 1.672 | loss_cn = 0.00000000 | acc_sim = 0.956 | acc_phy = 0.832 
| epoch = 11 | step =   110 | loss_pnn = 1.672 | loss_cn = 0.00000000 | acc_sim = 0.956 | acc_phy = 0.832 
| epoch = 11 | step =   120 | loss_pnn = 1.672 | loss_cn = 0.00000000 | acc_sim = 0.956 | acc_phy = 0.832 
Phy accuracy of the network on 10000 test images: 0.829


Current training epoch: 12, learning rate for pnn: 0.0005, 
| epoch = 12 | step =    10 | loss_pnn = 1.670 | loss_cn = 0.00000000 | acc_sim = 0.957 | acc_phy = 0.834 
| epoch = 12 | step =    20 | loss_pnn = 1.675 | loss_cn = 0.00000000 | acc_sim = 0.955 | acc_phy = 0.828 
| epoch = 12 | step =    30 | loss_pnn = 1.672 | loss_cn = 0.00000000 | acc_sim = 0.958 | acc_phy = 0.832 
| epoch = 12 | step =    40 | loss_pnn = 1.671 | loss_cn = 0.00000000 | acc_sim = 0.957 | acc_phy = 0.834 
| epoch = 12 | step =    50 | loss_pnn = 1.671 | loss_cn = 0.00000000 | acc_sim = 0.957 | acc_phy = 0.834 
| epoch = 12 | step =    60 | loss_pnn = 1.671 | loss_cn = 0.00000000 | acc_sim = 0.958 | acc_phy = 0.834 
| epoch = 12 | step =    70 | loss_pnn = 1.672 | loss_cn = 0.00000000 | acc_sim = 0.958 | acc_phy = 0.833 
| epoch = 12 | step =    80 | loss_pnn = 1.672 | loss_cn = 0.00000000 | acc_sim = 0.958 | acc_phy = 0.833 
| epoch = 12 | step =    90 | loss_pnn = 1.672 | loss_cn = 0.00000000 | acc_sim = 0.958 | acc_phy = 0.832 
| epoch = 12 | step =   100 | loss_pnn = 1.672 | loss_cn = 0.00000000 | acc_sim = 0.958 | acc_phy = 0.832 
| epoch = 12 | step =   110 | loss_pnn = 1.672 | loss_cn = 0.00000000 | acc_sim = 0.958 | acc_phy = 0.831 
| epoch = 12 | step =   120 | loss_pnn = 1.672 | loss_cn = 0.00000000 | acc_sim = 0.958 | acc_phy = 0.832 
Phy accuracy of the network on 10000 test images: 0.825


Current training epoch: 13, learning rate for pnn: 0.0005, 
| epoch = 13 | step =    10 | loss_pnn = 1.673 | loss_cn = 0.00000000 | acc_sim = 0.960 | acc_phy = 0.826 
| epoch = 13 | step =    20 | loss_pnn = 1.676 | loss_cn = 0.00000000 | acc_sim = 0.959 | acc_phy = 0.827 
| epoch = 13 | step =    30 | loss_pnn = 1.675 | loss_cn = 0.00000000 | acc_sim = 0.958 | acc_phy = 0.828 
| epoch = 13 | step =    40 | loss_pnn = 1.672 | loss_cn = 0.00000000 | acc_sim = 0.959 | acc_phy = 0.831 
| epoch = 13 | step =    50 | loss_pnn = 1.672 | loss_cn = 0.00000000 | acc_sim = 0.959 | acc_phy = 0.831 
| epoch = 13 | step =    60 | loss_pnn = 1.672 | loss_cn = 0.00000000 | acc_sim = 0.959 | acc_phy = 0.832 
| epoch = 13 | step =    70 | loss_pnn = 1.671 | loss_cn = 0.00000000 | acc_sim = 0.958 | acc_phy = 0.832 
| epoch = 13 | step =    80 | loss_pnn = 1.672 | loss_cn = 0.00000000 | acc_sim = 0.958 | acc_phy = 0.831 
| epoch = 13 | step =    90 | loss_pnn = 1.672 | loss_cn = 0.00000000 | acc_sim = 0.958 | acc_phy = 0.831 
| epoch = 13 | step =   100 | loss_pnn = 1.673 | loss_cn = 0.00000000 | acc_sim = 0.958 | acc_phy = 0.831 
| epoch = 13 | step =   110 | loss_pnn = 1.673 | loss_cn = 0.00000000 | acc_sim = 0.958 | acc_phy = 0.831 
| epoch = 13 | step =   120 | loss_pnn = 1.672 | loss_cn = 0.00000000 | acc_sim = 0.958 | acc_phy = 0.831 
Phy accuracy of the network on 10000 test images: 0.824


Current training epoch: 14, learning rate for pnn: 0.0005, 
| epoch = 14 | step =    10 | loss_pnn = 1.677 | loss_cn = 0.00000000 | acc_sim = 0.961 | acc_phy = 0.822 
| epoch = 14 | step =    20 | loss_pnn = 1.674 | loss_cn = 0.00000000 | acc_sim = 0.960 | acc_phy = 0.829 
| epoch = 14 | step =    30 | loss_pnn = 1.673 | loss_cn = 0.00000000 | acc_sim = 0.959 | acc_phy = 0.829 
| epoch = 14 | step =    40 | loss_pnn = 1.674 | loss_cn = 0.00000000 | acc_sim = 0.959 | acc_phy = 0.828 
| epoch = 14 | step =    50 | loss_pnn = 1.672 | loss_cn = 0.00000000 | acc_sim = 0.960 | acc_phy = 0.830 
| epoch = 14 | step =    60 | loss_pnn = 1.672 | loss_cn = 0.00000000 | acc_sim = 0.959 | acc_phy = 0.830 
| epoch = 14 | step =    70 | loss_pnn = 1.672 | loss_cn = 0.00000000 | acc_sim = 0.959 | acc_phy = 0.830 
| epoch = 14 | step =    80 | loss_pnn = 1.673 | loss_cn = 0.00000000 | acc_sim = 0.959 | acc_phy = 0.829 
| epoch = 14 | step =    90 | loss_pnn = 1.673 | loss_cn = 0.00000000 | acc_sim = 0.959 | acc_phy = 0.828 
| epoch = 14 | step =   100 | loss_pnn = 1.673 | loss_cn = 0.00000000 | acc_sim = 0.959 | acc_phy = 0.829 
| epoch = 14 | step =   110 | loss_pnn = 1.673 | loss_cn = 0.00000000 | acc_sim = 0.959 | acc_phy = 0.828 
| epoch = 14 | step =   120 | loss_pnn = 1.673 | loss_cn = 0.00000000 | acc_sim = 0.959 | acc_phy = 0.828 
Phy accuracy of the network on 10000 test images: 0.814


Current training epoch: 15, learning rate for pnn: 0.0005, 
| epoch = 15 | step =    10 | loss_pnn = 1.679 | loss_cn = 0.00000000 | acc_sim = 0.962 | acc_phy = 0.821 
| epoch = 15 | step =    20 | loss_pnn = 1.676 | loss_cn = 0.00000000 | acc_sim = 0.963 | acc_phy = 0.824 
| epoch = 15 | step =    30 | loss_pnn = 1.674 | loss_cn = 0.00000000 | acc_sim = 0.959 | acc_phy = 0.825 
| epoch = 15 | step =    40 | loss_pnn = 1.674 | loss_cn = 0.00000000 | acc_sim = 0.959 | acc_phy = 0.824 
| epoch = 15 | step =    50 | loss_pnn = 1.671 | loss_cn = 0.00000000 | acc_sim = 0.959 | acc_phy = 0.828 
| epoch = 15 | step =    60 | loss_pnn = 1.669 | loss_cn = 0.00000000 | acc_sim = 0.959 | acc_phy = 0.830 
| epoch = 15 | step =    70 | loss_pnn = 1.670 | loss_cn = 0.00000000 | acc_sim = 0.959 | acc_phy = 0.829 
| epoch = 15 | step =    80 | loss_pnn = 1.671 | loss_cn = 0.00000000 | acc_sim = 0.959 | acc_phy = 0.829 
| epoch = 15 | step =    90 | loss_pnn = 1.671 | loss_cn = 0.00000000 | acc_sim = 0.960 | acc_phy = 0.828 
| epoch = 15 | step =   100 | loss_pnn = 1.671 | loss_cn = 0.00000000 | acc_sim = 0.959 | acc_phy = 0.829 
| epoch = 15 | step =   110 | loss_pnn = 1.671 | loss_cn = 0.00000000 | acc_sim = 0.960 | acc_phy = 0.828 
| epoch = 15 | step =   120 | loss_pnn = 1.671 | loss_cn = 0.00000000 | acc_sim = 0.960 | acc_phy = 0.829 
Phy accuracy of the network on 10000 test images: 0.821


Current training epoch: 16, learning rate for pnn: 0.0005, 
| epoch = 16 | step =    10 | loss_pnn = 1.678 | loss_cn = 0.00000000 | acc_sim = 0.954 | acc_phy = 0.825 
| epoch = 16 | step =    20 | loss_pnn = 1.674 | loss_cn = 0.00000000 | acc_sim = 0.958 | acc_phy = 0.825 
| epoch = 16 | step =    30 | loss_pnn = 1.672 | loss_cn = 0.00000000 | acc_sim = 0.960 | acc_phy = 0.829 
| epoch = 16 | step =    40 | loss_pnn = 1.671 | loss_cn = 0.00000000 | acc_sim = 0.962 | acc_phy = 0.832 
| epoch = 16 | step =    50 | loss_pnn = 1.674 | loss_cn = 0.00000000 | acc_sim = 0.961 | acc_phy = 0.829 
| epoch = 16 | step =    60 | loss_pnn = 1.673 | loss_cn = 0.00000000 | acc_sim = 0.960 | acc_phy = 0.829 
| epoch = 16 | step =    70 | loss_pnn = 1.674 | loss_cn = 0.00000000 | acc_sim = 0.960 | acc_phy = 0.826 
| epoch = 16 | step =    80 | loss_pnn = 1.675 | loss_cn = 0.00000000 | acc_sim = 0.960 | acc_phy = 0.825 
| epoch = 16 | step =    90 | loss_pnn = 1.675 | loss_cn = 0.00000000 | acc_sim = 0.959 | acc_phy = 0.825 
| epoch = 16 | step =   100 | loss_pnn = 1.675 | loss_cn = 0.00000000 | acc_sim = 0.960 | acc_phy = 0.825 
| epoch = 16 | step =   110 | loss_pnn = 1.675 | loss_cn = 0.00000000 | acc_sim = 0.960 | acc_phy = 0.825 
| epoch = 16 | step =   120 | loss_pnn = 1.674 | loss_cn = 0.00000000 | acc_sim = 0.961 | acc_phy = 0.826 
Phy accuracy of the network on 10000 test images: 0.821


Current training epoch: 17, learning rate for pnn: 0.0005, 
| epoch = 17 | step =    10 | loss_pnn = 1.672 | loss_cn = 0.00000000 | acc_sim = 0.960 | acc_phy = 0.827 
| epoch = 17 | step =    20 | loss_pnn = 1.670 | loss_cn = 0.00000000 | acc_sim = 0.960 | acc_phy = 0.830 
| epoch = 17 | step =    30 | loss_pnn = 1.669 | loss_cn = 0.00000000 | acc_sim = 0.960 | acc_phy = 0.831 
| epoch = 17 | step =    40 | loss_pnn = 1.670 | loss_cn = 0.00000000 | acc_sim = 0.959 | acc_phy = 0.831 
| epoch = 17 | step =    50 | loss_pnn = 1.670 | loss_cn = 0.00000000 | acc_sim = 0.961 | acc_phy = 0.832 
| epoch = 17 | step =    60 | loss_pnn = 1.669 | loss_cn = 0.00000000 | acc_sim = 0.960 | acc_phy = 0.832 
| epoch = 17 | step =    70 | loss_pnn = 1.670 | loss_cn = 0.00000000 | acc_sim = 0.960 | acc_phy = 0.831 
| epoch = 17 | step =    80 | loss_pnn = 1.670 | loss_cn = 0.00000000 | acc_sim = 0.960 | acc_phy = 0.830 
| epoch = 17 | step =    90 | loss_pnn = 1.670 | loss_cn = 0.00000000 | acc_sim = 0.961 | acc_phy = 0.830 
| epoch = 17 | step =   100 | loss_pnn = 1.671 | loss_cn = 0.00000000 | acc_sim = 0.961 | acc_phy = 0.829 
| epoch = 17 | step =   110 | loss_pnn = 1.672 | loss_cn = 0.00000000 | acc_sim = 0.961 | acc_phy = 0.828 
| epoch = 17 | step =   120 | loss_pnn = 1.672 | loss_cn = 0.00000000 | acc_sim = 0.962 | acc_phy = 0.827 
Phy accuracy of the network on 10000 test images: 0.818


Current training epoch: 18, learning rate for pnn: 0.0005, 
| epoch = 18 | step =    10 | loss_pnn = 1.664 | loss_cn = 0.00000000 | acc_sim = 0.962 | acc_phy = 0.834 
| epoch = 18 | step =    20 | loss_pnn = 1.665 | loss_cn = 0.00000000 | acc_sim = 0.965 | acc_phy = 0.833 
| epoch = 18 | step =    30 | loss_pnn = 1.670 | loss_cn = 0.00000000 | acc_sim = 0.963 | acc_phy = 0.826 
| epoch = 18 | step =    40 | loss_pnn = 1.671 | loss_cn = 0.00000000 | acc_sim = 0.963 | acc_phy = 0.826 
| epoch = 18 | step =    50 | loss_pnn = 1.670 | loss_cn = 0.00000000 | acc_sim = 0.963 | acc_phy = 0.827 
| epoch = 18 | step =    60 | loss_pnn = 1.671 | loss_cn = 0.00000000 | acc_sim = 0.963 | acc_phy = 0.826 
| epoch = 18 | step =    70 | loss_pnn = 1.671 | loss_cn = 0.00000000 | acc_sim = 0.963 | acc_phy = 0.826 
| epoch = 18 | step =    80 | loss_pnn = 1.670 | loss_cn = 0.00000000 | acc_sim = 0.963 | acc_phy = 0.827 
| epoch = 18 | step =    90 | loss_pnn = 1.670 | loss_cn = 0.00000000 | acc_sim = 0.962 | acc_phy = 0.826 
| epoch = 18 | step =   100 | loss_pnn = 1.671 | loss_cn = 0.00000000 | acc_sim = 0.963 | acc_phy = 0.826 
| epoch = 18 | step =   110 | loss_pnn = 1.671 | loss_cn = 0.00000000 | acc_sim = 0.962 | acc_phy = 0.825 
| epoch = 18 | step =   120 | loss_pnn = 1.671 | loss_cn = 0.00000000 | acc_sim = 0.962 | acc_phy = 0.826 
Phy accuracy of the network on 10000 test images: 0.823


Current training epoch: 19, learning rate for pnn: 0.0005, 
| epoch = 19 | step =    10 | loss_pnn = 1.673 | loss_cn = 0.00000000 | acc_sim = 0.967 | acc_phy = 0.822 
| epoch = 19 | step =    20 | loss_pnn = 1.673 | loss_cn = 0.00000000 | acc_sim = 0.967 | acc_phy = 0.823 
| epoch = 19 | step =    30 | loss_pnn = 1.672 | loss_cn = 0.00000000 | acc_sim = 0.966 | acc_phy = 0.823 
| epoch = 19 | step =    40 | loss_pnn = 1.671 | loss_cn = 0.00000000 | acc_sim = 0.966 | acc_phy = 0.824 
| epoch = 19 | step =    50 | loss_pnn = 1.670 | loss_cn = 0.00000000 | acc_sim = 0.965 | acc_phy = 0.825 
| epoch = 19 | step =    60 | loss_pnn = 1.670 | loss_cn = 0.00000000 | acc_sim = 0.965 | acc_phy = 0.825 
| epoch = 19 | step =    70 | loss_pnn = 1.670 | loss_cn = 0.00000000 | acc_sim = 0.964 | acc_phy = 0.826 
| epoch = 19 | step =    80 | loss_pnn = 1.671 | loss_cn = 0.00000000 | acc_sim = 0.964 | acc_phy = 0.825 
| epoch = 19 | step =    90 | loss_pnn = 1.671 | loss_cn = 0.00000000 | acc_sim = 0.963 | acc_phy = 0.825 
| epoch = 19 | step =   100 | loss_pnn = 1.672 | loss_cn = 0.00000000 | acc_sim = 0.963 | acc_phy = 0.824 
| epoch = 19 | step =   110 | loss_pnn = 1.671 | loss_cn = 0.00000000 | acc_sim = 0.963 | acc_phy = 0.825 
| epoch = 19 | step =   120 | loss_pnn = 1.672 | loss_cn = 0.00000000 | acc_sim = 0.963 | acc_phy = 0.824 
Phy accuracy of the network on 10000 test images: 0.811


Current training epoch: 20, learning rate for pnn: 0.0005, 
| epoch = 20 | step =    10 | loss_pnn = 1.667 | loss_cn = 0.00000000 | acc_sim = 0.963 | acc_phy = 0.831 
| epoch = 20 | step =    20 | loss_pnn = 1.664 | loss_cn = 0.00000000 | acc_sim = 0.965 | acc_phy = 0.833 
| epoch = 20 | step =    30 | loss_pnn = 1.668 | loss_cn = 0.00000000 | acc_sim = 0.966 | acc_phy = 0.825 
| epoch = 20 | step =    40 | loss_pnn = 1.670 | loss_cn = 0.00000000 | acc_sim = 0.965 | acc_phy = 0.823 
| epoch = 20 | step =    50 | loss_pnn = 1.671 | loss_cn = 0.00000000 | acc_sim = 0.965 | acc_phy = 0.823 
| epoch = 20 | step =    60 | loss_pnn = 1.670 | loss_cn = 0.00000000 | acc_sim = 0.965 | acc_phy = 0.824 
| epoch = 20 | step =    70 | loss_pnn = 1.670 | loss_cn = 0.00000000 | acc_sim = 0.964 | acc_phy = 0.825 
| epoch = 20 | step =    80 | loss_pnn = 1.669 | loss_cn = 0.00000000 | acc_sim = 0.964 | acc_phy = 0.825 
| epoch = 20 | step =    90 | loss_pnn = 1.670 | loss_cn = 0.00000000 | acc_sim = 0.964 | acc_phy = 0.825 
| epoch = 20 | step =   100 | loss_pnn = 1.671 | loss_cn = 0.00000000 | acc_sim = 0.964 | acc_phy = 0.824 
| epoch = 20 | step =   110 | loss_pnn = 1.672 | loss_cn = 0.00000000 | acc_sim = 0.963 | acc_phy = 0.822 
| epoch = 20 | step =   120 | loss_pnn = 1.673 | loss_cn = 0.00000000 | acc_sim = 0.963 | acc_phy = 0.821 
Phy accuracy of the network on 10000 test images: 0.815


Current training epoch: 21, learning rate for pnn: 0.00025, 
| epoch = 21 | step =    10 | loss_pnn = 1.675 | loss_cn = 0.00000000 | acc_sim = 0.966 | acc_phy = 0.819 
| epoch = 21 | step =    20 | loss_pnn = 1.674 | loss_cn = 0.00000000 | acc_sim = 0.964 | acc_phy = 0.822 
| epoch = 21 | step =    30 | loss_pnn = 1.673 | loss_cn = 0.00000000 | acc_sim = 0.964 | acc_phy = 0.822 
| epoch = 21 | step =    40 | loss_pnn = 1.673 | loss_cn = 0.00000000 | acc_sim = 0.964 | acc_phy = 0.821 
| epoch = 21 | step =    50 | loss_pnn = 1.675 | loss_cn = 0.00000000 | acc_sim = 0.964 | acc_phy = 0.819 
| epoch = 21 | step =    60 | loss_pnn = 1.674 | loss_cn = 0.00000000 | acc_sim = 0.964 | acc_phy = 0.819 
| epoch = 21 | step =    70 | loss_pnn = 1.673 | loss_cn = 0.00000000 | acc_sim = 0.963 | acc_phy = 0.821 
| epoch = 21 | step =    80 | loss_pnn = 1.673 | loss_cn = 0.00000000 | acc_sim = 0.964 | acc_phy = 0.821 
| epoch = 21 | step =    90 | loss_pnn = 1.672 | loss_cn = 0.00000000 | acc_sim = 0.964 | acc_phy = 0.821 
| epoch = 21 | step =   100 | loss_pnn = 1.672 | loss_cn = 0.00000000 | acc_sim = 0.964 | acc_phy = 0.821 
| epoch = 21 | step =   110 | loss_pnn = 1.672 | loss_cn = 0.00000000 | acc_sim = 0.965 | acc_phy = 0.821 
| epoch = 21 | step =   120 | loss_pnn = 1.673 | loss_cn = 0.00000000 | acc_sim = 0.965 | acc_phy = 0.821 
Phy accuracy of the network on 10000 test images: 0.814


Current training epoch: 22, learning rate for pnn: 0.00025, 
| epoch = 22 | step =    10 | loss_pnn = 1.672 | loss_cn = 0.00000000 | acc_sim = 0.966 | acc_phy = 0.824 
| epoch = 22 | step =    20 | loss_pnn = 1.673 | loss_cn = 0.00000000 | acc_sim = 0.964 | acc_phy = 0.824 
| epoch = 22 | step =    30 | loss_pnn = 1.672 | loss_cn = 0.00000000 | acc_sim = 0.965 | acc_phy = 0.824 
| epoch = 22 | step =    40 | loss_pnn = 1.670 | loss_cn = 0.00000000 | acc_sim = 0.967 | acc_phy = 0.826 
| epoch = 22 | step =    50 | loss_pnn = 1.673 | loss_cn = 0.00000000 | acc_sim = 0.966 | acc_phy = 0.823 
| epoch = 22 | step =    60 | loss_pnn = 1.673 | loss_cn = 0.00000000 | acc_sim = 0.966 | acc_phy = 0.823 
| epoch = 22 | step =    70 | loss_pnn = 1.671 | loss_cn = 0.00000000 | acc_sim = 0.965 | acc_phy = 0.824 
| epoch = 22 | step =    80 | loss_pnn = 1.672 | loss_cn = 0.00000000 | acc_sim = 0.965 | acc_phy = 0.823 
| epoch = 22 | step =    90 | loss_pnn = 1.672 | loss_cn = 0.00000000 | acc_sim = 0.965 | acc_phy = 0.822 
| epoch = 22 | step =   100 | loss_pnn = 1.672 | loss_cn = 0.00000000 | acc_sim = 0.965 | acc_phy = 0.823 
| epoch = 22 | step =   110 | loss_pnn = 1.673 | loss_cn = 0.00000000 | acc_sim = 0.965 | acc_phy = 0.822 
| epoch = 22 | step =   120 | loss_pnn = 1.673 | loss_cn = 0.00000000 | acc_sim = 0.965 | acc_phy = 0.823 
Phy accuracy of the network on 10000 test images: 0.811


Current training epoch: 23, learning rate for pnn: 0.00025, 
| epoch = 23 | step =    10 | loss_pnn = 1.674 | loss_cn = 0.00000000 | acc_sim = 0.969 | acc_phy = 0.814 
| epoch = 23 | step =    20 | loss_pnn = 1.674 | loss_cn = 0.00000000 | acc_sim = 0.969 | acc_phy = 0.816 
| epoch = 23 | step =    30 | loss_pnn = 1.673 | loss_cn = 0.00000000 | acc_sim = 0.968 | acc_phy = 0.821 
| epoch = 23 | step =    40 | loss_pnn = 1.673 | loss_cn = 0.00000000 | acc_sim = 0.967 | acc_phy = 0.820 
| epoch = 23 | step =    50 | loss_pnn = 1.673 | loss_cn = 0.00000000 | acc_sim = 0.966 | acc_phy = 0.820 
| epoch = 23 | step =    60 | loss_pnn = 1.673 | loss_cn = 0.00000000 | acc_sim = 0.966 | acc_phy = 0.820 
| epoch = 23 | step =    70 | loss_pnn = 1.673 | loss_cn = 0.00000000 | acc_sim = 0.966 | acc_phy = 0.820 
| epoch = 23 | step =    80 | loss_pnn = 1.673 | loss_cn = 0.00000000 | acc_sim = 0.965 | acc_phy = 0.820 
| epoch = 23 | step =    90 | loss_pnn = 1.674 | loss_cn = 0.00000000 | acc_sim = 0.965 | acc_phy = 0.820 
| epoch = 23 | step =   100 | loss_pnn = 1.675 | loss_cn = 0.00000000 | acc_sim = 0.965 | acc_phy = 0.818 
| epoch = 23 | step =   110 | loss_pnn = 1.675 | loss_cn = 0.00000000 | acc_sim = 0.965 | acc_phy = 0.819 
| epoch = 23 | step =   120 | loss_pnn = 1.675 | loss_cn = 0.00000000 | acc_sim = 0.965 | acc_phy = 0.819 
Phy accuracy of the network on 10000 test images: 0.815


Current training epoch: 24, learning rate for pnn: 0.00025, 
| epoch = 24 | step =    10 | loss_pnn = 1.678 | loss_cn = 0.00000000 | acc_sim = 0.963 | acc_phy = 0.813 
| epoch = 24 | step =    20 | loss_pnn = 1.678 | loss_cn = 0.00000000 | acc_sim = 0.965 | acc_phy = 0.812 
| epoch = 24 | step =    30 | loss_pnn = 1.677 | loss_cn = 0.00000000 | acc_sim = 0.965 | acc_phy = 0.815 
| epoch = 24 | step =    40 | loss_pnn = 1.676 | loss_cn = 0.00000000 | acc_sim = 0.966 | acc_phy = 0.818 
| epoch = 24 | step =    50 | loss_pnn = 1.677 | loss_cn = 0.00000000 | acc_sim = 0.967 | acc_phy = 0.817 
| epoch = 24 | step =    60 | loss_pnn = 1.677 | loss_cn = 0.00000000 | acc_sim = 0.966 | acc_phy = 0.817 
| epoch = 24 | step =    70 | loss_pnn = 1.676 | loss_cn = 0.00000000 | acc_sim = 0.966 | acc_phy = 0.818 
| epoch = 24 | step =    80 | loss_pnn = 1.676 | loss_cn = 0.00000000 | acc_sim = 0.966 | acc_phy = 0.818 
| epoch = 24 | step =    90 | loss_pnn = 1.675 | loss_cn = 0.00000000 | acc_sim = 0.966 | acc_phy = 0.819 
| epoch = 24 | step =   100 | loss_pnn = 1.674 | loss_cn = 0.00000000 | acc_sim = 0.966 | acc_phy = 0.820 
| epoch = 24 | step =   110 | loss_pnn = 1.674 | loss_cn = 0.00000000 | acc_sim = 0.966 | acc_phy = 0.819 
| epoch = 24 | step =   120 | loss_pnn = 1.674 | loss_cn = 0.00000000 | acc_sim = 0.966 | acc_phy = 0.819 
Phy accuracy of the network on 10000 test images: 0.819


Current training epoch: 25, learning rate for pnn: 0.00025, 
| epoch = 25 | step =    10 | loss_pnn = 1.676 | loss_cn = 0.00000000 | acc_sim = 0.968 | acc_phy = 0.816 
| epoch = 25 | step =    20 | loss_pnn = 1.677 | loss_cn = 0.00000000 | acc_sim = 0.966 | acc_phy = 0.816 
| epoch = 25 | step =    30 | loss_pnn = 1.676 | loss_cn = 0.00000000 | acc_sim = 0.967 | acc_phy = 0.818 
| epoch = 25 | step =    40 | loss_pnn = 1.676 | loss_cn = 0.00000000 | acc_sim = 0.967 | acc_phy = 0.818 
| epoch = 25 | step =    50 | loss_pnn = 1.674 | loss_cn = 0.00000000 | acc_sim = 0.967 | acc_phy = 0.819 
| epoch = 25 | step =    60 | loss_pnn = 1.673 | loss_cn = 0.00000000 | acc_sim = 0.967 | acc_phy = 0.821 
| epoch = 25 | step =    70 | loss_pnn = 1.674 | loss_cn = 0.00000000 | acc_sim = 0.966 | acc_phy = 0.820 
| epoch = 25 | step =    80 | loss_pnn = 1.673 | loss_cn = 0.00000000 | acc_sim = 0.966 | acc_phy = 0.819 
| epoch = 25 | step =    90 | loss_pnn = 1.674 | loss_cn = 0.00000000 | acc_sim = 0.966 | acc_phy = 0.819 
| epoch = 25 | step =   100 | loss_pnn = 1.673 | loss_cn = 0.00000000 | acc_sim = 0.966 | acc_phy = 0.819 
| epoch = 25 | step =   110 | loss_pnn = 1.673 | loss_cn = 0.00000000 | acc_sim = 0.966 | acc_phy = 0.820 
| epoch = 25 | step =   120 | loss_pnn = 1.673 | loss_cn = 0.00000000 | acc_sim = 0.966 | acc_phy = 0.820 
Phy accuracy of the network on 10000 test images: 0.814


Current training epoch: 26, learning rate for pnn: 0.00025, 
| epoch = 26 | step =    10 | loss_pnn = 1.680 | loss_cn = 0.00000000 | acc_sim = 0.968 | acc_phy = 0.817 
| epoch = 26 | step =    20 | loss_pnn = 1.675 | loss_cn = 0.00000000 | acc_sim = 0.969 | acc_phy = 0.821 
| epoch = 26 | step =    30 | loss_pnn = 1.672 | loss_cn = 0.00000000 | acc_sim = 0.968 | acc_phy = 0.823 
| epoch = 26 | step =    40 | loss_pnn = 1.674 | loss_cn = 0.00000000 | acc_sim = 0.968 | acc_phy = 0.820 
| epoch = 26 | step =    50 | loss_pnn = 1.674 | loss_cn = 0.00000000 | acc_sim = 0.968 | acc_phy = 0.821 
| epoch = 26 | step =    60 | loss_pnn = 1.675 | loss_cn = 0.00000000 | acc_sim = 0.968 | acc_phy = 0.819 
| epoch = 26 | step =    70 | loss_pnn = 1.676 | loss_cn = 0.00000000 | acc_sim = 0.967 | acc_phy = 0.817 
| epoch = 26 | step =    80 | loss_pnn = 1.675 | loss_cn = 0.00000000 | acc_sim = 0.967 | acc_phy = 0.819 
| epoch = 26 | step =    90 | loss_pnn = 1.676 | loss_cn = 0.00000000 | acc_sim = 0.967 | acc_phy = 0.818 
| epoch = 26 | step =   100 | loss_pnn = 1.676 | loss_cn = 0.00000000 | acc_sim = 0.966 | acc_phy = 0.817 
| epoch = 26 | step =   110 | loss_pnn = 1.676 | loss_cn = 0.00000000 | acc_sim = 0.966 | acc_phy = 0.817 
| epoch = 26 | step =   120 | loss_pnn = 1.676 | loss_cn = 0.00000000 | acc_sim = 0.966 | acc_phy = 0.818 
Phy accuracy of the network on 10000 test images: 0.815


Current training epoch: 27, learning rate for pnn: 0.00025, 
| epoch = 27 | step =    10 | loss_pnn = 1.677 | loss_cn = 0.00000000 | acc_sim = 0.970 | acc_phy = 0.818 
| epoch = 27 | step =    20 | loss_pnn = 1.673 | loss_cn = 0.00000000 | acc_sim = 0.967 | acc_phy = 0.822 
| epoch = 27 | step =    30 | loss_pnn = 1.673 | loss_cn = 0.00000000 | acc_sim = 0.967 | acc_phy = 0.822 
| epoch = 27 | step =    40 | loss_pnn = 1.674 | loss_cn = 0.00000000 | acc_sim = 0.966 | acc_phy = 0.820 
| epoch = 27 | step =    50 | loss_pnn = 1.673 | loss_cn = 0.00000000 | acc_sim = 0.966 | acc_phy = 0.820 
| epoch = 27 | step =    60 | loss_pnn = 1.674 | loss_cn = 0.00000000 | acc_sim = 0.966 | acc_phy = 0.820 
| epoch = 27 | step =    70 | loss_pnn = 1.674 | loss_cn = 0.00000000 | acc_sim = 0.967 | acc_phy = 0.819 
| epoch = 27 | step =    80 | loss_pnn = 1.674 | loss_cn = 0.00000000 | acc_sim = 0.966 | acc_phy = 0.820 
| epoch = 27 | step =    90 | loss_pnn = 1.675 | loss_cn = 0.00000000 | acc_sim = 0.967 | acc_phy = 0.819 
| epoch = 27 | step =   100 | loss_pnn = 1.674 | loss_cn = 0.00000000 | acc_sim = 0.967 | acc_phy = 0.819 
| epoch = 27 | step =   110 | loss_pnn = 1.675 | loss_cn = 0.00000000 | acc_sim = 0.967 | acc_phy = 0.818 
| epoch = 27 | step =   120 | loss_pnn = 1.675 | loss_cn = 0.00000000 | acc_sim = 0.966 | acc_phy = 0.818 
Phy accuracy of the network on 10000 test images: 0.818


Current training epoch: 28, learning rate for pnn: 0.00025, 
| epoch = 28 | step =    10 | loss_pnn = 1.666 | loss_cn = 0.00000000 | acc_sim = 0.964 | acc_phy = 0.828 
| epoch = 28 | step =    20 | loss_pnn = 1.668 | loss_cn = 0.00000000 | acc_sim = 0.965 | acc_phy = 0.827 
| epoch = 28 | step =    30 | loss_pnn = 1.670 | loss_cn = 0.00000000 | acc_sim = 0.967 | acc_phy = 0.824 
| epoch = 28 | step =    40 | loss_pnn = 1.672 | loss_cn = 0.00000000 | acc_sim = 0.967 | acc_phy = 0.821 
| epoch = 28 | step =    50 | loss_pnn = 1.672 | loss_cn = 0.00000000 | acc_sim = 0.967 | acc_phy = 0.821 
| epoch = 28 | step =    60 | loss_pnn = 1.673 | loss_cn = 0.00000000 | acc_sim = 0.967 | acc_phy = 0.820 
| epoch = 28 | step =    70 | loss_pnn = 1.673 | loss_cn = 0.00000000 | acc_sim = 0.967 | acc_phy = 0.819 
| epoch = 28 | step =    80 | loss_pnn = 1.675 | loss_cn = 0.00000000 | acc_sim = 0.966 | acc_phy = 0.817 
| epoch = 28 | step =    90 | loss_pnn = 1.674 | loss_cn = 0.00000000 | acc_sim = 0.967 | acc_phy = 0.818 
| epoch = 28 | step =   100 | loss_pnn = 1.675 | loss_cn = 0.00000000 | acc_sim = 0.966 | acc_phy = 0.818 
| epoch = 28 | step =   110 | loss_pnn = 1.676 | loss_cn = 0.00000000 | acc_sim = 0.966 | acc_phy = 0.816 
| epoch = 28 | step =   120 | loss_pnn = 1.675 | loss_cn = 0.00000000 | acc_sim = 0.967 | acc_phy = 0.817 
Phy accuracy of the network on 10000 test images: 0.812


Current training epoch: 29, learning rate for pnn: 0.00025, 
| epoch = 29 | step =    10 | loss_pnn = 1.682 | loss_cn = 0.00000000 | acc_sim = 0.963 | acc_phy = 0.808 
| epoch = 29 | step =    20 | loss_pnn = 1.677 | loss_cn = 0.00000000 | acc_sim = 0.964 | acc_phy = 0.815 
| epoch = 29 | step =    30 | loss_pnn = 1.676 | loss_cn = 0.00000000 | acc_sim = 0.966 | acc_phy = 0.816 
| epoch = 29 | step =    40 | loss_pnn = 1.676 | loss_cn = 0.00000000 | acc_sim = 0.965 | acc_phy = 0.816 
| epoch = 29 | step =    50 | loss_pnn = 1.675 | loss_cn = 0.00000000 | acc_sim = 0.966 | acc_phy = 0.817 
| epoch = 29 | step =    60 | loss_pnn = 1.675 | loss_cn = 0.00000000 | acc_sim = 0.967 | acc_phy = 0.817 
| epoch = 29 | step =    70 | loss_pnn = 1.676 | loss_cn = 0.00000000 | acc_sim = 0.967 | acc_phy = 0.816 
| epoch = 29 | step =    80 | loss_pnn = 1.675 | loss_cn = 0.00000000 | acc_sim = 0.967 | acc_phy = 0.817 
| epoch = 29 | step =    90 | loss_pnn = 1.675 | loss_cn = 0.00000000 | acc_sim = 0.967 | acc_phy = 0.817 
| epoch = 29 | step =   100 | loss_pnn = 1.675 | loss_cn = 0.00000000 | acc_sim = 0.967 | acc_phy = 0.818 
| epoch = 29 | step =   110 | loss_pnn = 1.675 | loss_cn = 0.00000000 | acc_sim = 0.967 | acc_phy = 0.818 
| epoch = 29 | step =   120 | loss_pnn = 1.675 | loss_cn = 0.00000000 | acc_sim = 0.967 | acc_phy = 0.818 
Phy accuracy of the network on 10000 test images: 0.819


Current training epoch: 30, learning rate for pnn: 0.00025, 
| epoch = 30 | step =    10 | loss_pnn = 1.674 | loss_cn = 0.00000000 | acc_sim = 0.963 | acc_phy = 0.821 
| epoch = 30 | step =    20 | loss_pnn = 1.676 | loss_cn = 0.00000000 | acc_sim = 0.965 | acc_phy = 0.815 
| epoch = 30 | step =    30 | loss_pnn = 1.679 | loss_cn = 0.00000000 | acc_sim = 0.968 | acc_phy = 0.811 
| epoch = 30 | step =    40 | loss_pnn = 1.678 | loss_cn = 0.00000000 | acc_sim = 0.967 | acc_phy = 0.815 
| epoch = 30 | step =    50 | loss_pnn = 1.677 | loss_cn = 0.00000000 | acc_sim = 0.967 | acc_phy = 0.816 
| epoch = 30 | step =    60 | loss_pnn = 1.676 | loss_cn = 0.00000000 | acc_sim = 0.967 | acc_phy = 0.817 
| epoch = 30 | step =    70 | loss_pnn = 1.676 | loss_cn = 0.00000000 | acc_sim = 0.967 | acc_phy = 0.816 
| epoch = 30 | step =    80 | loss_pnn = 1.675 | loss_cn = 0.00000000 | acc_sim = 0.966 | acc_phy = 0.816 
| epoch = 30 | step =    90 | loss_pnn = 1.675 | loss_cn = 0.00000000 | acc_sim = 0.967 | acc_phy = 0.816 
| epoch = 30 | step =   100 | loss_pnn = 1.676 | loss_cn = 0.00000000 | acc_sim = 0.967 | acc_phy = 0.816 
| epoch = 30 | step =   110 | loss_pnn = 1.675 | loss_cn = 0.00000000 | acc_sim = 0.967 | acc_phy = 0.817 
| epoch = 30 | step =   120 | loss_pnn = 1.675 | loss_cn = 0.00000000 | acc_sim = 0.966 | acc_phy = 0.817 
Phy accuracy of the network on 10000 test images: 0.812


Current training epoch: 31, learning rate for pnn: 0.000125, 
| epoch = 31 | step =    10 | loss_pnn = 1.679 | loss_cn = 0.00000000 | acc_sim = 0.964 | acc_phy = 0.810 
| epoch = 31 | step =    20 | loss_pnn = 1.679 | loss_cn = 0.00000000 | acc_sim = 0.966 | acc_phy = 0.811 
| epoch = 31 | step =    30 | loss_pnn = 1.678 | loss_cn = 0.00000000 | acc_sim = 0.966 | acc_phy = 0.813 
| epoch = 31 | step =    40 | loss_pnn = 1.677 | loss_cn = 0.00000000 | acc_sim = 0.967 | acc_phy = 0.815 
| epoch = 31 | step =    50 | loss_pnn = 1.676 | loss_cn = 0.00000000 | acc_sim = 0.967 | acc_phy = 0.815 
| epoch = 31 | step =    60 | loss_pnn = 1.676 | loss_cn = 0.00000000 | acc_sim = 0.967 | acc_phy = 0.816 
| epoch = 31 | step =    70 | loss_pnn = 1.675 | loss_cn = 0.00000000 | acc_sim = 0.968 | acc_phy = 0.816 
| epoch = 31 | step =    80 | loss_pnn = 1.675 | loss_cn = 0.00000000 | acc_sim = 0.968 | acc_phy = 0.816 
| epoch = 31 | step =    90 | loss_pnn = 1.674 | loss_cn = 0.00000000 | acc_sim = 0.968 | acc_phy = 0.818 
| epoch = 31 | step =   100 | loss_pnn = 1.674 | loss_cn = 0.00000000 | acc_sim = 0.968 | acc_phy = 0.817 
| epoch = 31 | step =   110 | loss_pnn = 1.675 | loss_cn = 0.00000000 | acc_sim = 0.968 | acc_phy = 0.816 
| epoch = 31 | step =   120 | loss_pnn = 1.675 | loss_cn = 0.00000000 | acc_sim = 0.968 | acc_phy = 0.816 
Phy accuracy of the network on 10000 test images: 0.807


Current training epoch: 32, learning rate for pnn: 0.000125, 
| epoch = 32 | step =    10 | loss_pnn = 1.683 | loss_cn = 0.00000000 | acc_sim = 0.969 | acc_phy = 0.805 
| epoch = 32 | step =    20 | loss_pnn = 1.677 | loss_cn = 0.00000000 | acc_sim = 0.969 | acc_phy = 0.810 
| epoch = 32 | step =    30 | loss_pnn = 1.678 | loss_cn = 0.00000000 | acc_sim = 0.968 | acc_phy = 0.809 
| epoch = 32 | step =    40 | loss_pnn = 1.677 | loss_cn = 0.00000000 | acc_sim = 0.969 | acc_phy = 0.812 
| epoch = 32 | step =    50 | loss_pnn = 1.675 | loss_cn = 0.00000000 | acc_sim = 0.969 | acc_phy = 0.815 
| epoch = 32 | step =    60 | loss_pnn = 1.676 | loss_cn = 0.00000000 | acc_sim = 0.968 | acc_phy = 0.814 
| epoch = 32 | step =    70 | loss_pnn = 1.676 | loss_cn = 0.00000000 | acc_sim = 0.968 | acc_phy = 0.814 
| epoch = 32 | step =    80 | loss_pnn = 1.676 | loss_cn = 0.00000000 | acc_sim = 0.968 | acc_phy = 0.815 
| epoch = 32 | step =    90 | loss_pnn = 1.676 | loss_cn = 0.00000000 | acc_sim = 0.968 | acc_phy = 0.814 
| epoch = 32 | step =   100 | loss_pnn = 1.676 | loss_cn = 0.00000000 | acc_sim = 0.968 | acc_phy = 0.815 
| epoch = 32 | step =   110 | loss_pnn = 1.676 | loss_cn = 0.00000000 | acc_sim = 0.968 | acc_phy = 0.816 
| epoch = 32 | step =   120 | loss_pnn = 1.675 | loss_cn = 0.00000000 | acc_sim = 0.968 | acc_phy = 0.815 
Phy accuracy of the network on 10000 test images: 0.811


Current training epoch: 33, learning rate for pnn: 0.000125, 
| epoch = 33 | step =    10 | loss_pnn = 1.678 | loss_cn = 0.00000000 | acc_sim = 0.973 | acc_phy = 0.813 
| epoch = 33 | step =    20 | loss_pnn = 1.678 | loss_cn = 0.00000000 | acc_sim = 0.970 | acc_phy = 0.812 
| epoch = 33 | step =    30 | loss_pnn = 1.676 | loss_cn = 0.00000000 | acc_sim = 0.969 | acc_phy = 0.815 
| epoch = 33 | step =    40 | loss_pnn = 1.676 | loss_cn = 0.00000000 | acc_sim = 0.969 | acc_phy = 0.815 
| epoch = 33 | step =    50 | loss_pnn = 1.677 | loss_cn = 0.00000000 | acc_sim = 0.969 | acc_phy = 0.814 
| epoch = 33 | step =    60 | loss_pnn = 1.677 | loss_cn = 0.00000000 | acc_sim = 0.969 | acc_phy = 0.814 
| epoch = 33 | step =    70 | loss_pnn = 1.677 | loss_cn = 0.00000000 | acc_sim = 0.968 | acc_phy = 0.815 
| epoch = 33 | step =    80 | loss_pnn = 1.676 | loss_cn = 0.00000000 | acc_sim = 0.968 | acc_phy = 0.815 
| epoch = 33 | step =    90 | loss_pnn = 1.677 | loss_cn = 0.00000000 | acc_sim = 0.968 | acc_phy = 0.814 
| epoch = 33 | step =   100 | loss_pnn = 1.677 | loss_cn = 0.00000000 | acc_sim = 0.968 | acc_phy = 0.814 
| epoch = 33 | step =   110 | loss_pnn = 1.676 | loss_cn = 0.00000000 | acc_sim = 0.968 | acc_phy = 0.815 
| epoch = 33 | step =   120 | loss_pnn = 1.676 | loss_cn = 0.00000000 | acc_sim = 0.968 | acc_phy = 0.815 
Phy accuracy of the network on 10000 test images: 0.812


Current training epoch: 34, learning rate for pnn: 0.000125, 
| epoch = 34 | step =    10 | loss_pnn = 1.671 | loss_cn = 0.00000000 | acc_sim = 0.970 | acc_phy = 0.825 
| epoch = 34 | step =    20 | loss_pnn = 1.675 | loss_cn = 0.00000000 | acc_sim = 0.968 | acc_phy = 0.818 
| epoch = 34 | step =    30 | loss_pnn = 1.676 | loss_cn = 0.00000000 | acc_sim = 0.967 | acc_phy = 0.816 
| epoch = 34 | step =    40 | loss_pnn = 1.675 | loss_cn = 0.00000000 | acc_sim = 0.968 | acc_phy = 0.816 
| epoch = 34 | step =    50 | loss_pnn = 1.674 | loss_cn = 0.00000000 | acc_sim = 0.968 | acc_phy = 0.817 
| epoch = 34 | step =    60 | loss_pnn = 1.675 | loss_cn = 0.00000000 | acc_sim = 0.968 | acc_phy = 0.816 
| epoch = 34 | step =    70 | loss_pnn = 1.675 | loss_cn = 0.00000000 | acc_sim = 0.968 | acc_phy = 0.815 
| epoch = 34 | step =    80 | loss_pnn = 1.675 | loss_cn = 0.00000000 | acc_sim = 0.968 | acc_phy = 0.816 
| epoch = 34 | step =    90 | loss_pnn = 1.676 | loss_cn = 0.00000000 | acc_sim = 0.968 | acc_phy = 0.815 
| epoch = 34 | step =   100 | loss_pnn = 1.676 | loss_cn = 0.00000000 | acc_sim = 0.968 | acc_phy = 0.814 
| epoch = 34 | step =   110 | loss_pnn = 1.676 | loss_cn = 0.00000000 | acc_sim = 0.968 | acc_phy = 0.815 
| epoch = 34 | step =   120 | loss_pnn = 1.676 | loss_cn = 0.00000000 | acc_sim = 0.968 | acc_phy = 0.814 
Phy accuracy of the network on 10000 test images: 0.806


Current training epoch: 35, learning rate for pnn: 0.000125, 
| epoch = 35 | step =    10 | loss_pnn = 1.681 | loss_cn = 0.00000000 | acc_sim = 0.966 | acc_phy = 0.804 
| epoch = 35 | step =    20 | loss_pnn = 1.678 | loss_cn = 0.00000000 | acc_sim = 0.966 | acc_phy = 0.809 
| epoch = 35 | step =    30 | loss_pnn = 1.676 | loss_cn = 0.00000000 | acc_sim = 0.966 | acc_phy = 0.814 
| epoch = 35 | step =    40 | loss_pnn = 1.676 | loss_cn = 0.00000000 | acc_sim = 0.966 | acc_phy = 0.815 
| epoch = 35 | step =    50 | loss_pnn = 1.675 | loss_cn = 0.00000000 | acc_sim = 0.967 | acc_phy = 0.816 
| epoch = 35 | step =    60 | loss_pnn = 1.677 | loss_cn = 0.00000000 | acc_sim = 0.967 | acc_phy = 0.814 
| epoch = 35 | step =    70 | loss_pnn = 1.677 | loss_cn = 0.00000000 | acc_sim = 0.967 | acc_phy = 0.815 
| epoch = 35 | step =    80 | loss_pnn = 1.677 | loss_cn = 0.00000000 | acc_sim = 0.967 | acc_phy = 0.816 
| epoch = 35 | step =    90 | loss_pnn = 1.677 | loss_cn = 0.00000000 | acc_sim = 0.967 | acc_phy = 0.815 
| epoch = 35 | step =   100 | loss_pnn = 1.677 | loss_cn = 0.00000000 | acc_sim = 0.968 | acc_phy = 0.815 
| epoch = 35 | step =   110 | loss_pnn = 1.677 | loss_cn = 0.00000000 | acc_sim = 0.968 | acc_phy = 0.815 
| epoch = 35 | step =   120 | loss_pnn = 1.676 | loss_cn = 0.00000000 | acc_sim = 0.968 | acc_phy = 0.815 
Phy accuracy of the network on 10000 test images: 0.813


Current training epoch: 36, learning rate for pnn: 0.000125, 
| epoch = 36 | step =    10 | loss_pnn = 1.668 | loss_cn = 0.00000000 | acc_sim = 0.970 | acc_phy = 0.830 
| epoch = 36 | step =    20 | loss_pnn = 1.669 | loss_cn = 0.00000000 | acc_sim = 0.970 | acc_phy = 0.828 
| epoch = 36 | step =    30 | loss_pnn = 1.672 | loss_cn = 0.00000000 | acc_sim = 0.969 | acc_phy = 0.823 
| epoch = 36 | step =    40 | loss_pnn = 1.674 | loss_cn = 0.00000000 | acc_sim = 0.968 | acc_phy = 0.818 
| epoch = 36 | step =    50 | loss_pnn = 1.674 | loss_cn = 0.00000000 | acc_sim = 0.968 | acc_phy = 0.818 
| epoch = 36 | step =    60 | loss_pnn = 1.674 | loss_cn = 0.00000000 | acc_sim = 0.968 | acc_phy = 0.818 
| epoch = 36 | step =    70 | loss_pnn = 1.674 | loss_cn = 0.00000000 | acc_sim = 0.969 | acc_phy = 0.817 
| epoch = 36 | step =    80 | loss_pnn = 1.675 | loss_cn = 0.00000000 | acc_sim = 0.969 | acc_phy = 0.816 
| epoch = 36 | step =    90 | loss_pnn = 1.675 | loss_cn = 0.00000000 | acc_sim = 0.969 | acc_phy = 0.815 
| epoch = 36 | step =   100 | loss_pnn = 1.675 | loss_cn = 0.00000000 | acc_sim = 0.968 | acc_phy = 0.816 
| epoch = 36 | step =   110 | loss_pnn = 1.675 | loss_cn = 0.00000000 | acc_sim = 0.968 | acc_phy = 0.815 
| epoch = 36 | step =   120 | loss_pnn = 1.675 | loss_cn = 0.00000000 | acc_sim = 0.968 | acc_phy = 0.815 
Phy accuracy of the network on 10000 test images: 0.806


Current training epoch: 37, learning rate for pnn: 0.000125, 
| epoch = 37 | step =    10 | loss_pnn = 1.676 | loss_cn = 0.00000000 | acc_sim = 0.969 | acc_phy = 0.816 
| epoch = 37 | step =    20 | loss_pnn = 1.675 | loss_cn = 0.00000000 | acc_sim = 0.967 | acc_phy = 0.816 
| epoch = 37 | step =    30 | loss_pnn = 1.676 | loss_cn = 0.00000000 | acc_sim = 0.967 | acc_phy = 0.815 
| epoch = 37 | step =    40 | loss_pnn = 1.677 | loss_cn = 0.00000000 | acc_sim = 0.967 | acc_phy = 0.812 
| epoch = 37 | step =    50 | loss_pnn = 1.677 | loss_cn = 0.00000000 | acc_sim = 0.967 | acc_phy = 0.813 
| epoch = 37 | step =    60 | loss_pnn = 1.676 | loss_cn = 0.00000000 | acc_sim = 0.968 | acc_phy = 0.814 
| epoch = 37 | step =    70 | loss_pnn = 1.676 | loss_cn = 0.00000000 | acc_sim = 0.968 | acc_phy = 0.814 
| epoch = 37 | step =    80 | loss_pnn = 1.675 | loss_cn = 0.00000000 | acc_sim = 0.968 | acc_phy = 0.815 
| epoch = 37 | step =    90 | loss_pnn = 1.676 | loss_cn = 0.00000000 | acc_sim = 0.969 | acc_phy = 0.815 
| epoch = 37 | step =   100 | loss_pnn = 1.676 | loss_cn = 0.00000000 | acc_sim = 0.969 | acc_phy = 0.814 
| epoch = 37 | step =   110 | loss_pnn = 1.676 | loss_cn = 0.00000000 | acc_sim = 0.968 | acc_phy = 0.814 
| epoch = 37 | step =   120 | loss_pnn = 1.676 | loss_cn = 0.00000000 | acc_sim = 0.968 | acc_phy = 0.815 
Phy accuracy of the network on 10000 test images: 0.806


Current training epoch: 38, learning rate for pnn: 0.000125, 
| epoch = 38 | step =    10 | loss_pnn = 1.678 | loss_cn = 0.00000000 | acc_sim = 0.967 | acc_phy = 0.813 
| epoch = 38 | step =    20 | loss_pnn = 1.673 | loss_cn = 0.00000000 | acc_sim = 0.969 | acc_phy = 0.819 
| epoch = 38 | step =    30 | loss_pnn = 1.675 | loss_cn = 0.00000000 | acc_sim = 0.969 | acc_phy = 0.817 
| epoch = 38 | step =    40 | loss_pnn = 1.676 | loss_cn = 0.00000000 | acc_sim = 0.969 | acc_phy = 0.815 
| epoch = 38 | step =    50 | loss_pnn = 1.676 | loss_cn = 0.00000000 | acc_sim = 0.969 | acc_phy = 0.815 
| epoch = 38 | step =    60 | loss_pnn = 1.676 | loss_cn = 0.00000000 | acc_sim = 0.968 | acc_phy = 0.815 
| epoch = 38 | step =    70 | loss_pnn = 1.676 | loss_cn = 0.00000000 | acc_sim = 0.969 | acc_phy = 0.814 
| epoch = 38 | step =    80 | loss_pnn = 1.676 | loss_cn = 0.00000000 | acc_sim = 0.969 | acc_phy = 0.814 
| epoch = 38 | step =    90 | loss_pnn = 1.678 | loss_cn = 0.00000000 | acc_sim = 0.969 | acc_phy = 0.813 
| epoch = 38 | step =   100 | loss_pnn = 1.677 | loss_cn = 0.00000000 | acc_sim = 0.969 | acc_phy = 0.814 
| epoch = 38 | step =   110 | loss_pnn = 1.676 | loss_cn = 0.00000000 | acc_sim = 0.969 | acc_phy = 0.814 
| epoch = 38 | step =   120 | loss_pnn = 1.676 | loss_cn = 0.00000000 | acc_sim = 0.969 | acc_phy = 0.814 
Phy accuracy of the network on 10000 test images: 0.810


Current training epoch: 39, learning rate for pnn: 0.000125, 
| epoch = 39 | step =    10 | loss_pnn = 1.673 | loss_cn = 0.00000000 | acc_sim = 0.967 | acc_phy = 0.821 
| epoch = 39 | step =    20 | loss_pnn = 1.674 | loss_cn = 0.00000000 | acc_sim = 0.968 | acc_phy = 0.817 
| epoch = 39 | step =    30 | loss_pnn = 1.676 | loss_cn = 0.00000000 | acc_sim = 0.967 | acc_phy = 0.814 
| epoch = 39 | step =    40 | loss_pnn = 1.678 | loss_cn = 0.00000000 | acc_sim = 0.967 | acc_phy = 0.812 
| epoch = 39 | step =    50 | loss_pnn = 1.678 | loss_cn = 0.00000000 | acc_sim = 0.967 | acc_phy = 0.811 
| epoch = 39 | step =    60 | loss_pnn = 1.678 | loss_cn = 0.00000000 | acc_sim = 0.967 | acc_phy = 0.812 
| epoch = 39 | step =    70 | loss_pnn = 1.678 | loss_cn = 0.00000000 | acc_sim = 0.968 | acc_phy = 0.812 
| epoch = 39 | step =    80 | loss_pnn = 1.677 | loss_cn = 0.00000000 | acc_sim = 0.968 | acc_phy = 0.814 
| epoch = 39 | step =    90 | loss_pnn = 1.677 | loss_cn = 0.00000000 | acc_sim = 0.968 | acc_phy = 0.813 
| epoch = 39 | step =   100 | loss_pnn = 1.678 | loss_cn = 0.00000000 | acc_sim = 0.968 | acc_phy = 0.813 
| epoch = 39 | step =   110 | loss_pnn = 1.678 | loss_cn = 0.00000000 | acc_sim = 0.968 | acc_phy = 0.812 
| epoch = 39 | step =   120 | loss_pnn = 1.677 | loss_cn = 0.00000000 | acc_sim = 0.968 | acc_phy = 0.813 
Phy accuracy of the network on 10000 test images: 0.814


Current training epoch: 40, learning rate for pnn: 0.000125, 
| epoch = 40 | step =    10 | loss_pnn = 1.680 | loss_cn = 0.00000000 | acc_sim = 0.965 | acc_phy = 0.810 
| epoch = 40 | step =    20 | loss_pnn = 1.676 | loss_cn = 0.00000000 | acc_sim = 0.967 | acc_phy = 0.812 
| epoch = 40 | step =    30 | loss_pnn = 1.677 | loss_cn = 0.00000000 | acc_sim = 0.968 | acc_phy = 0.812 
| epoch = 40 | step =    40 | loss_pnn = 1.677 | loss_cn = 0.00000000 | acc_sim = 0.968 | acc_phy = 0.813 
| epoch = 40 | step =    50 | loss_pnn = 1.676 | loss_cn = 0.00000000 | acc_sim = 0.968 | acc_phy = 0.815 
| epoch = 40 | step =    60 | loss_pnn = 1.674 | loss_cn = 0.00000000 | acc_sim = 0.968 | acc_phy = 0.817 
| epoch = 40 | step =    70 | loss_pnn = 1.675 | loss_cn = 0.00000000 | acc_sim = 0.968 | acc_phy = 0.816 
| epoch = 40 | step =    80 | loss_pnn = 1.675 | loss_cn = 0.00000000 | acc_sim = 0.969 | acc_phy = 0.816 
| epoch = 40 | step =    90 | loss_pnn = 1.676 | loss_cn = 0.00000000 | acc_sim = 0.968 | acc_phy = 0.815 
| epoch = 40 | step =   100 | loss_pnn = 1.676 | loss_cn = 0.00000000 | acc_sim = 0.969 | acc_phy = 0.815 
| epoch = 40 | step =   110 | loss_pnn = 1.676 | loss_cn = 0.00000000 | acc_sim = 0.969 | acc_phy = 0.815 
| epoch = 40 | step =   120 | loss_pnn = 1.676 | loss_cn = 0.00000000 | acc_sim = 0.968 | acc_phy = 0.814 
Phy accuracy of the network on 10000 test images: 0.807


Current training epoch: 41, learning rate for pnn: 6.25e-05, 
| epoch = 41 | step =    10 | loss_pnn = 1.674 | loss_cn = 0.00000000 | acc_sim = 0.971 | acc_phy = 0.814 
| epoch = 41 | step =    20 | loss_pnn = 1.678 | loss_cn = 0.00000000 | acc_sim = 0.969 | acc_phy = 0.813 
| epoch = 41 | step =    30 | loss_pnn = 1.679 | loss_cn = 0.00000000 | acc_sim = 0.969 | acc_phy = 0.809 
| epoch = 41 | step =    40 | loss_pnn = 1.678 | loss_cn = 0.00000000 | acc_sim = 0.970 | acc_phy = 0.812 
| epoch = 41 | step =    50 | loss_pnn = 1.678 | loss_cn = 0.00000000 | acc_sim = 0.970 | acc_phy = 0.812 
| epoch = 41 | step =    60 | loss_pnn = 1.677 | loss_cn = 0.00000000 | acc_sim = 0.970 | acc_phy = 0.813 
| epoch = 41 | step =    70 | loss_pnn = 1.677 | loss_cn = 0.00000000 | acc_sim = 0.969 | acc_phy = 0.812 
| epoch = 41 | step =    80 | loss_pnn = 1.677 | loss_cn = 0.00000000 | acc_sim = 0.969 | acc_phy = 0.812 
| epoch = 41 | step =    90 | loss_pnn = 1.677 | loss_cn = 0.00000000 | acc_sim = 0.969 | acc_phy = 0.812 
| epoch = 41 | step =   100 | loss_pnn = 1.678 | loss_cn = 0.00000000 | acc_sim = 0.969 | acc_phy = 0.812 
| epoch = 41 | step =   110 | loss_pnn = 1.677 | loss_cn = 0.00000000 | acc_sim = 0.969 | acc_phy = 0.813 
| epoch = 41 | step =   120 | loss_pnn = 1.677 | loss_cn = 0.00000000 | acc_sim = 0.969 | acc_phy = 0.813 
Phy accuracy of the network on 10000 test images: 0.809


Current training epoch: 42, learning rate for pnn: 6.25e-05, 
| epoch = 42 | step =    10 | loss_pnn = 1.684 | loss_cn = 0.00000000 | acc_sim = 0.969 | acc_phy = 0.802 
| epoch = 42 | step =    20 | loss_pnn = 1.678 | loss_cn = 0.00000000 | acc_sim = 0.970 | acc_phy = 0.810 
| epoch = 42 | step =    30 | loss_pnn = 1.679 | loss_cn = 0.00000000 | acc_sim = 0.969 | acc_phy = 0.809 
| epoch = 42 | step =    40 | loss_pnn = 1.679 | loss_cn = 0.00000000 | acc_sim = 0.969 | acc_phy = 0.809 
| epoch = 42 | step =    50 | loss_pnn = 1.677 | loss_cn = 0.00000000 | acc_sim = 0.970 | acc_phy = 0.812 
| epoch = 42 | step =    60 | loss_pnn = 1.676 | loss_cn = 0.00000000 | acc_sim = 0.969 | acc_phy = 0.813 
| epoch = 42 | step =    70 | loss_pnn = 1.677 | loss_cn = 0.00000000 | acc_sim = 0.969 | acc_phy = 0.814 
| epoch = 42 | step =    80 | loss_pnn = 1.677 | loss_cn = 0.00000000 | acc_sim = 0.969 | acc_phy = 0.813 
| epoch = 42 | step =    90 | loss_pnn = 1.676 | loss_cn = 0.00000000 | acc_sim = 0.969 | acc_phy = 0.813 
| epoch = 42 | step =   100 | loss_pnn = 1.677 | loss_cn = 0.00000000 | acc_sim = 0.969 | acc_phy = 0.813 
| epoch = 42 | step =   110 | loss_pnn = 1.677 | loss_cn = 0.00000000 | acc_sim = 0.969 | acc_phy = 0.813 
| epoch = 42 | step =   120 | loss_pnn = 1.677 | loss_cn = 0.00000000 | acc_sim = 0.969 | acc_phy = 0.813 
Phy accuracy of the network on 10000 test images: 0.809


Current training epoch: 43, learning rate for pnn: 6.25e-05, 
| epoch = 43 | step =    10 | loss_pnn = 1.676 | loss_cn = 0.00000000 | acc_sim = 0.970 | acc_phy = 0.816 
| epoch = 43 | step =    20 | loss_pnn = 1.677 | loss_cn = 0.00000000 | acc_sim = 0.969 | acc_phy = 0.814 
| epoch = 43 | step =    30 | loss_pnn = 1.677 | loss_cn = 0.00000000 | acc_sim = 0.969 | acc_phy = 0.814 
| epoch = 43 | step =    40 | loss_pnn = 1.675 | loss_cn = 0.00000000 | acc_sim = 0.970 | acc_phy = 0.816 
| epoch = 43 | step =    50 | loss_pnn = 1.676 | loss_cn = 0.00000000 | acc_sim = 0.969 | acc_phy = 0.814 
| epoch = 43 | step =    60 | loss_pnn = 1.676 | loss_cn = 0.00000000 | acc_sim = 0.969 | acc_phy = 0.814 
| epoch = 43 | step =    70 | loss_pnn = 1.676 | loss_cn = 0.00000000 | acc_sim = 0.969 | acc_phy = 0.814 
| epoch = 43 | step =    80 | loss_pnn = 1.676 | loss_cn = 0.00000000 | acc_sim = 0.969 | acc_phy = 0.813 
| epoch = 43 | step =    90 | loss_pnn = 1.677 | loss_cn = 0.00000000 | acc_sim = 0.968 | acc_phy = 0.812 
| epoch = 43 | step =   100 | loss_pnn = 1.677 | loss_cn = 0.00000000 | acc_sim = 0.968 | acc_phy = 0.812 
| epoch = 43 | step =   110 | loss_pnn = 1.677 | loss_cn = 0.00000000 | acc_sim = 0.969 | acc_phy = 0.813 
| epoch = 43 | step =   120 | loss_pnn = 1.677 | loss_cn = 0.00000000 | acc_sim = 0.969 | acc_phy = 0.813 
Phy accuracy of the network on 10000 test images: 0.809


Current training epoch: 44, learning rate for pnn: 6.25e-05, 
| epoch = 44 | step =    10 | loss_pnn = 1.676 | loss_cn = 0.00000000 | acc_sim = 0.974 | acc_phy = 0.814 
| epoch = 44 | step =    20 | loss_pnn = 1.678 | loss_cn = 0.00000000 | acc_sim = 0.972 | acc_phy = 0.812 
| epoch = 44 | step =    30 | loss_pnn = 1.678 | loss_cn = 0.00000000 | acc_sim = 0.971 | acc_phy = 0.813 
| epoch = 44 | step =    40 | loss_pnn = 1.677 | loss_cn = 0.00000000 | acc_sim = 0.971 | acc_phy = 0.815 
| epoch = 44 | step =    50 | loss_pnn = 1.676 | loss_cn = 0.00000000 | acc_sim = 0.971 | acc_phy = 0.815 
| epoch = 44 | step =    60 | loss_pnn = 1.675 | loss_cn = 0.00000000 | acc_sim = 0.971 | acc_phy = 0.816 
| epoch = 44 | step =    70 | loss_pnn = 1.675 | loss_cn = 0.00000000 | acc_sim = 0.971 | acc_phy = 0.816 
| epoch = 44 | step =    80 | loss_pnn = 1.676 | loss_cn = 0.00000000 | acc_sim = 0.970 | acc_phy = 0.814 
| epoch = 44 | step =    90 | loss_pnn = 1.676 | loss_cn = 0.00000000 | acc_sim = 0.969 | acc_phy = 0.814 
| epoch = 44 | step =   100 | loss_pnn = 1.677 | loss_cn = 0.00000000 | acc_sim = 0.969 | acc_phy = 0.813 
| epoch = 44 | step =   110 | loss_pnn = 1.677 | loss_cn = 0.00000000 | acc_sim = 0.969 | acc_phy = 0.812 
| epoch = 44 | step =   120 | loss_pnn = 1.678 | loss_cn = 0.00000000 | acc_sim = 0.969 | acc_phy = 0.812 
Phy accuracy of the network on 10000 test images: 0.808


Current training epoch: 45, learning rate for pnn: 6.25e-05, 
| epoch = 45 | step =    10 | loss_pnn = 1.678 | loss_cn = 0.00000000 | acc_sim = 0.968 | acc_phy = 0.813 
| epoch = 45 | step =    20 | loss_pnn = 1.678 | loss_cn = 0.00000000 | acc_sim = 0.968 | acc_phy = 0.815 
| epoch = 45 | step =    30 | loss_pnn = 1.676 | loss_cn = 0.00000000 | acc_sim = 0.968 | acc_phy = 0.815 
| epoch = 45 | step =    40 | loss_pnn = 1.678 | loss_cn = 0.00000000 | acc_sim = 0.968 | acc_phy = 0.813 
| epoch = 45 | step =    50 | loss_pnn = 1.676 | loss_cn = 0.00000000 | acc_sim = 0.968 | acc_phy = 0.815 
| epoch = 45 | step =    60 | loss_pnn = 1.676 | loss_cn = 0.00000000 | acc_sim = 0.969 | acc_phy = 0.815 
| epoch = 45 | step =    70 | loss_pnn = 1.676 | loss_cn = 0.00000000 | acc_sim = 0.969 | acc_phy = 0.815 
| epoch = 45 | step =    80 | loss_pnn = 1.677 | loss_cn = 0.00000000 | acc_sim = 0.969 | acc_phy = 0.813 
| epoch = 45 | step =    90 | loss_pnn = 1.677 | loss_cn = 0.00000000 | acc_sim = 0.969 | acc_phy = 0.813 
| epoch = 45 | step =   100 | loss_pnn = 1.677 | loss_cn = 0.00000000 | acc_sim = 0.969 | acc_phy = 0.812 
| epoch = 45 | step =   110 | loss_pnn = 1.677 | loss_cn = 0.00000000 | acc_sim = 0.969 | acc_phy = 0.813 
| epoch = 45 | step =   120 | loss_pnn = 1.677 | loss_cn = 0.00000000 | acc_sim = 0.969 | acc_phy = 0.813 
Phy accuracy of the network on 10000 test images: 0.807


Current training epoch: 46, learning rate for pnn: 6.25e-05, 
| epoch = 46 | step =    10 | loss_pnn = 1.677 | loss_cn = 0.00000000 | acc_sim = 0.971 | acc_phy = 0.814 
| epoch = 46 | step =    20 | loss_pnn = 1.677 | loss_cn = 0.00000000 | acc_sim = 0.971 | acc_phy = 0.812 
| epoch = 46 | step =    30 | loss_pnn = 1.678 | loss_cn = 0.00000000 | acc_sim = 0.971 | acc_phy = 0.811 
| epoch = 46 | step =    40 | loss_pnn = 1.678 | loss_cn = 0.00000000 | acc_sim = 0.971 | acc_phy = 0.812 
| epoch = 46 | step =    50 | loss_pnn = 1.678 | loss_cn = 0.00000000 | acc_sim = 0.971 | acc_phy = 0.812 
| epoch = 46 | step =    60 | loss_pnn = 1.678 | loss_cn = 0.00000000 | acc_sim = 0.971 | acc_phy = 0.812 
| epoch = 46 | step =    70 | loss_pnn = 1.677 | loss_cn = 0.00000000 | acc_sim = 0.971 | acc_phy = 0.813 
| epoch = 46 | step =    80 | loss_pnn = 1.677 | loss_cn = 0.00000000 | acc_sim = 0.970 | acc_phy = 0.813 
| epoch = 46 | step =    90 | loss_pnn = 1.677 | loss_cn = 0.00000000 | acc_sim = 0.970 | acc_phy = 0.813 
| epoch = 46 | step =   100 | loss_pnn = 1.677 | loss_cn = 0.00000000 | acc_sim = 0.970 | acc_phy = 0.812 
| epoch = 46 | step =   110 | loss_pnn = 1.677 | loss_cn = 0.00000000 | acc_sim = 0.970 | acc_phy = 0.812 
| epoch = 46 | step =   120 | loss_pnn = 1.678 | loss_cn = 0.00000000 | acc_sim = 0.969 | acc_phy = 0.812 
Phy accuracy of the network on 10000 test images: 0.808


Current training epoch: 47, learning rate for pnn: 6.25e-05, 
| epoch = 47 | step =    10 | loss_pnn = 1.673 | loss_cn = 0.00000000 | acc_sim = 0.973 | acc_phy = 0.818 
| epoch = 47 | step =    20 | loss_pnn = 1.674 | loss_cn = 0.00000000 | acc_sim = 0.971 | acc_phy = 0.816 
| epoch = 47 | step =    30 | loss_pnn = 1.677 | loss_cn = 0.00000000 | acc_sim = 0.971 | acc_phy = 0.814 
| epoch = 47 | step =    40 | loss_pnn = 1.676 | loss_cn = 0.00000000 | acc_sim = 0.971 | acc_phy = 0.814 
| epoch = 47 | step =    50 | loss_pnn = 1.676 | loss_cn = 0.00000000 | acc_sim = 0.971 | acc_phy = 0.813 
| epoch = 47 | step =    60 | loss_pnn = 1.677 | loss_cn = 0.00000000 | acc_sim = 0.970 | acc_phy = 0.812 
| epoch = 47 | step =    70 | loss_pnn = 1.677 | loss_cn = 0.00000000 | acc_sim = 0.970 | acc_phy = 0.812 
| epoch = 47 | step =    80 | loss_pnn = 1.677 | loss_cn = 0.00000000 | acc_sim = 0.970 | acc_phy = 0.812 
| epoch = 47 | step =    90 | loss_pnn = 1.676 | loss_cn = 0.00000000 | acc_sim = 0.970 | acc_phy = 0.813 
| epoch = 47 | step =   100 | loss_pnn = 1.677 | loss_cn = 0.00000000 | acc_sim = 0.970 | acc_phy = 0.813 
| epoch = 47 | step =   110 | loss_pnn = 1.677 | loss_cn = 0.00000000 | acc_sim = 0.970 | acc_phy = 0.813 
| epoch = 47 | step =   120 | loss_pnn = 1.677 | loss_cn = 0.00000000 | acc_sim = 0.969 | acc_phy = 0.812 
Phy accuracy of the network on 10000 test images: 0.804


Current training epoch: 48, learning rate for pnn: 6.25e-05, 
| epoch = 48 | step =    10 | loss_pnn = 1.675 | loss_cn = 0.00000000 | acc_sim = 0.971 | acc_phy = 0.812 
| epoch = 48 | step =    20 | loss_pnn = 1.675 | loss_cn = 0.00000000 | acc_sim = 0.971 | acc_phy = 0.816 
| epoch = 48 | step =    30 | loss_pnn = 1.675 | loss_cn = 0.00000000 | acc_sim = 0.970 | acc_phy = 0.816 
| epoch = 48 | step =    40 | loss_pnn = 1.676 | loss_cn = 0.00000000 | acc_sim = 0.969 | acc_phy = 0.815 
| epoch = 48 | step =    50 | loss_pnn = 1.675 | loss_cn = 0.00000000 | acc_sim = 0.970 | acc_phy = 0.815 
| epoch = 48 | step =    60 | loss_pnn = 1.676 | loss_cn = 0.00000000 | acc_sim = 0.969 | acc_phy = 0.814 
| epoch = 48 | step =    70 | loss_pnn = 1.677 | loss_cn = 0.00000000 | acc_sim = 0.970 | acc_phy = 0.813 
| epoch = 48 | step =    80 | loss_pnn = 1.677 | loss_cn = 0.00000000 | acc_sim = 0.970 | acc_phy = 0.813 
| epoch = 48 | step =    90 | loss_pnn = 1.677 | loss_cn = 0.00000000 | acc_sim = 0.970 | acc_phy = 0.813 
| epoch = 48 | step =   100 | loss_pnn = 1.677 | loss_cn = 0.00000000 | acc_sim = 0.970 | acc_phy = 0.814 
| epoch = 48 | step =   110 | loss_pnn = 1.677 | loss_cn = 0.00000000 | acc_sim = 0.970 | acc_phy = 0.813 
| epoch = 48 | step =   120 | loss_pnn = 1.678 | loss_cn = 0.00000000 | acc_sim = 0.969 | acc_phy = 0.812 
Phy accuracy of the network on 10000 test images: 0.809


Current training epoch: 49, learning rate for pnn: 6.25e-05, 
| epoch = 49 | step =    10 | loss_pnn = 1.677 | loss_cn = 0.00000000 | acc_sim = 0.965 | acc_phy = 0.811 
| epoch = 49 | step =    20 | loss_pnn = 1.678 | loss_cn = 0.00000000 | acc_sim = 0.968 | acc_phy = 0.810 
| epoch = 49 | step =    30 | loss_pnn = 1.679 | loss_cn = 0.00000000 | acc_sim = 0.969 | acc_phy = 0.810 
| epoch = 49 | step =    40 | loss_pnn = 1.678 | loss_cn = 0.00000000 | acc_sim = 0.969 | acc_phy = 0.810 
| epoch = 49 | step =    50 | loss_pnn = 1.676 | loss_cn = 0.00000000 | acc_sim = 0.969 | acc_phy = 0.813 
| epoch = 49 | step =    60 | loss_pnn = 1.676 | loss_cn = 0.00000000 | acc_sim = 0.969 | acc_phy = 0.813 
| epoch = 49 | step =    70 | loss_pnn = 1.676 | loss_cn = 0.00000000 | acc_sim = 0.969 | acc_phy = 0.812 
| epoch = 49 | step =    80 | loss_pnn = 1.677 | loss_cn = 0.00000000 | acc_sim = 0.969 | acc_phy = 0.812 
| epoch = 49 | step =    90 | loss_pnn = 1.677 | loss_cn = 0.00000000 | acc_sim = 0.969 | acc_phy = 0.811 
| epoch = 49 | step =   100 | loss_pnn = 1.677 | loss_cn = 0.00000000 | acc_sim = 0.969 | acc_phy = 0.812 
| epoch = 49 | step =   110 | loss_pnn = 1.677 | loss_cn = 0.00000000 | acc_sim = 0.969 | acc_phy = 0.812 
| epoch = 49 | step =   120 | loss_pnn = 1.677 | loss_cn = 0.00000000 | acc_sim = 0.969 | acc_phy = 0.812 
Phy accuracy of the network on 10000 test images: 0.805


Current training epoch: 50, learning rate for pnn: 6.25e-05, 
| epoch = 50 | step =    10 | loss_pnn = 1.679 | loss_cn = 0.00000000 | acc_sim = 0.968 | acc_phy = 0.807 
| epoch = 50 | step =    20 | loss_pnn = 1.678 | loss_cn = 0.00000000 | acc_sim = 0.968 | acc_phy = 0.810 
| epoch = 50 | step =    30 | loss_pnn = 1.679 | loss_cn = 0.00000000 | acc_sim = 0.969 | acc_phy = 0.808 
| epoch = 50 | step =    40 | loss_pnn = 1.679 | loss_cn = 0.00000000 | acc_sim = 0.968 | acc_phy = 0.808 
| epoch = 50 | step =    50 | loss_pnn = 1.680 | loss_cn = 0.00000000 | acc_sim = 0.968 | acc_phy = 0.808 
| epoch = 50 | step =    60 | loss_pnn = 1.679 | loss_cn = 0.00000000 | acc_sim = 0.968 | acc_phy = 0.808 
| epoch = 50 | step =    70 | loss_pnn = 1.679 | loss_cn = 0.00000000 | acc_sim = 0.969 | acc_phy = 0.809 
| epoch = 50 | step =    80 | loss_pnn = 1.679 | loss_cn = 0.00000000 | acc_sim = 0.969 | acc_phy = 0.810 
| epoch = 50 | step =    90 | loss_pnn = 1.679 | loss_cn = 0.00000000 | acc_sim = 0.969 | acc_phy = 0.810 
| epoch = 50 | step =   100 | loss_pnn = 1.678 | loss_cn = 0.00000000 | acc_sim = 0.969 | acc_phy = 0.811 
| epoch = 50 | step =   110 | loss_pnn = 1.678 | loss_cn = 0.00000000 | acc_sim = 0.970 | acc_phy = 0.812 
| epoch = 50 | step =   120 | loss_pnn = 1.678 | loss_cn = 0.00000000 | acc_sim = 0.969 | acc_phy = 0.811 
Phy accuracy of the network on 10000 test images: 0.808

Finished training. Elapsed time of training = 1:10:33.103303
