Training new model from scratch......
--------------------------
Training with SEPN
--------------------------

Current training epoch: 1, learning rate for pnn: 0.001, learning rate for SEPN: 0.001
| epoch = 1 | step =    10 | loss_pnn = 2.282 | loss_cn = 0.00898262 | acc_sim = 0.217 | acc_phy = 0.151 
| epoch = 1 | step =    20 | loss_pnn = 2.244 | loss_cn = 0.01122599 | acc_sim = 0.340 | acc_phy = 0.227 
| epoch = 1 | step =    30 | loss_pnn = 2.201 | loss_cn = 0.01290250 | acc_sim = 0.440 | acc_phy = 0.307 
| epoch = 1 | step =    40 | loss_pnn = 2.158 | loss_cn = 0.01420158 | acc_sim = 0.505 | acc_phy = 0.379 
| epoch = 1 | step =    50 | loss_pnn = 2.122 | loss_cn = 0.01415003 | acc_sim = 0.555 | acc_phy = 0.435 
| epoch = 1 | step =    60 | loss_pnn = 2.091 | loss_cn = 0.01342225 | acc_sim = 0.594 | acc_phy = 0.478 
| epoch = 1 | step =    70 | loss_pnn = 2.065 | loss_cn = 0.01263000 | acc_sim = 0.625 | acc_phy = 0.513 
| epoch = 1 | step =    80 | loss_pnn = 2.043 | loss_cn = 0.01188052 | acc_sim = 0.650 | acc_phy = 0.539 
| epoch = 1 | step =    90 | loss_pnn = 2.023 | loss_cn = 0.01119087 | acc_sim = 0.672 | acc_phy = 0.562 
| epoch = 1 | step =   100 | loss_pnn = 2.006 | loss_cn = 0.01060660 | acc_sim = 0.690 | acc_phy = 0.581 
| epoch = 1 | step =   110 | loss_pnn = 1.990 | loss_cn = 0.01008055 | acc_sim = 0.706 | acc_phy = 0.598 
| epoch = 1 | step =   120 | loss_pnn = 1.975 | loss_cn = 0.00961090 | acc_sim = 0.720 | acc_phy = 0.613 
Phy accuracy of the network on 10000 test images: 0.779


Current training epoch: 2, learning rate for pnn: 0.001, learning rate for SEPN: 0.001
| epoch = 2 | step =    10 | loss_pnn = 1.787 | loss_cn = 0.00406224 | acc_sim = 0.889 | acc_phy = 0.804 
| epoch = 2 | step =    20 | loss_pnn = 1.787 | loss_cn = 0.00398555 | acc_sim = 0.888 | acc_phy = 0.797 
| epoch = 2 | step =    30 | loss_pnn = 1.784 | loss_cn = 0.00392976 | acc_sim = 0.890 | acc_phy = 0.798 
| epoch = 2 | step =    40 | loss_pnn = 1.780 | loss_cn = 0.00386315 | acc_sim = 0.891 | acc_phy = 0.799 
| epoch = 2 | step =    50 | loss_pnn = 1.775 | loss_cn = 0.00377622 | acc_sim = 0.892 | acc_phy = 0.800 
| epoch = 2 | step =    60 | loss_pnn = 1.771 | loss_cn = 0.00368728 | acc_sim = 0.894 | acc_phy = 0.801 
| epoch = 2 | step =    70 | loss_pnn = 1.768 | loss_cn = 0.00361466 | acc_sim = 0.896 | acc_phy = 0.802 
| epoch = 2 | step =    80 | loss_pnn = 1.764 | loss_cn = 0.00354181 | acc_sim = 0.897 | acc_phy = 0.804 
| epoch = 2 | step =    90 | loss_pnn = 1.760 | loss_cn = 0.00347635 | acc_sim = 0.899 | acc_phy = 0.806 
| epoch = 2 | step =   100 | loss_pnn = 1.756 | loss_cn = 0.00339713 | acc_sim = 0.900 | acc_phy = 0.808 
| epoch = 2 | step =   110 | loss_pnn = 1.752 | loss_cn = 0.00333969 | acc_sim = 0.901 | acc_phy = 0.810 
| epoch = 2 | step =   120 | loss_pnn = 1.749 | loss_cn = 0.00329151 | acc_sim = 0.902 | acc_phy = 0.811 
Phy accuracy of the network on 10000 test images: 0.824


Current training epoch: 3, learning rate for pnn: 0.001, learning rate for SEPN: 0.001
| epoch = 3 | step =    10 | loss_pnn = 1.710 | loss_cn = 0.00263250 | acc_sim = 0.921 | acc_phy = 0.827 
| epoch = 3 | step =    20 | loss_pnn = 1.705 | loss_cn = 0.00257594 | acc_sim = 0.920 | acc_phy = 0.833 
| epoch = 3 | step =    30 | loss_pnn = 1.707 | loss_cn = 0.00260100 | acc_sim = 0.921 | acc_phy = 0.831 
| epoch = 3 | step =    40 | loss_pnn = 1.702 | loss_cn = 0.00258892 | acc_sim = 0.922 | acc_phy = 0.835 
| epoch = 3 | step =    50 | loss_pnn = 1.700 | loss_cn = 0.00257127 | acc_sim = 0.921 | acc_phy = 0.836 
| epoch = 3 | step =    60 | loss_pnn = 1.700 | loss_cn = 0.00254344 | acc_sim = 0.921 | acc_phy = 0.835 
| epoch = 3 | step =    70 | loss_pnn = 1.698 | loss_cn = 0.00253081 | acc_sim = 0.921 | acc_phy = 0.835 
| epoch = 3 | step =    80 | loss_pnn = 1.697 | loss_cn = 0.00250235 | acc_sim = 0.921 | acc_phy = 0.836 
| epoch = 3 | step =    90 | loss_pnn = 1.695 | loss_cn = 0.00247961 | acc_sim = 0.921 | acc_phy = 0.838 
| epoch = 3 | step =   100 | loss_pnn = 1.694 | loss_cn = 0.00246497 | acc_sim = 0.922 | acc_phy = 0.838 
| epoch = 3 | step =   110 | loss_pnn = 1.693 | loss_cn = 0.00243895 | acc_sim = 0.922 | acc_phy = 0.839 
| epoch = 3 | step =   120 | loss_pnn = 1.691 | loss_cn = 0.00241271 | acc_sim = 0.922 | acc_phy = 0.841 
Phy accuracy of the network on 10000 test images: 0.854


Current training epoch: 4, learning rate for pnn: 0.001, learning rate for SEPN: 0.001
| epoch = 4 | step =    10 | loss_pnn = 1.674 | loss_cn = 0.00218170 | acc_sim = 0.932 | acc_phy = 0.851 
| epoch = 4 | step =    20 | loss_pnn = 1.669 | loss_cn = 0.00218359 | acc_sim = 0.932 | acc_phy = 0.855 
| epoch = 4 | step =    30 | loss_pnn = 1.669 | loss_cn = 0.00217862 | acc_sim = 0.933 | acc_phy = 0.856 
| epoch = 4 | step =    40 | loss_pnn = 1.668 | loss_cn = 0.00216021 | acc_sim = 0.934 | acc_phy = 0.856 
| epoch = 4 | step =    50 | loss_pnn = 1.666 | loss_cn = 0.00213083 | acc_sim = 0.934 | acc_phy = 0.857 
| epoch = 4 | step =    60 | loss_pnn = 1.666 | loss_cn = 0.00215590 | acc_sim = 0.933 | acc_phy = 0.858 
| epoch = 4 | step =    70 | loss_pnn = 1.664 | loss_cn = 0.00213733 | acc_sim = 0.933 | acc_phy = 0.858 
| epoch = 4 | step =    80 | loss_pnn = 1.664 | loss_cn = 0.00212250 | acc_sim = 0.933 | acc_phy = 0.858 
| epoch = 4 | step =    90 | loss_pnn = 1.663 | loss_cn = 0.00211370 | acc_sim = 0.932 | acc_phy = 0.858 
| epoch = 4 | step =   100 | loss_pnn = 1.661 | loss_cn = 0.00210089 | acc_sim = 0.932 | acc_phy = 0.859 
| epoch = 4 | step =   110 | loss_pnn = 1.661 | loss_cn = 0.00209377 | acc_sim = 0.932 | acc_phy = 0.860 
| epoch = 4 | step =   120 | loss_pnn = 1.660 | loss_cn = 0.00208418 | acc_sim = 0.932 | acc_phy = 0.860 
Phy accuracy of the network on 10000 test images: 0.859


Current training epoch: 5, learning rate for pnn: 0.001, learning rate for SEPN: 0.001
| epoch = 5 | step =    10 | loss_pnn = 1.645 | loss_cn = 0.00190003 | acc_sim = 0.934 | acc_phy = 0.869 
| epoch = 5 | step =    20 | loss_pnn = 1.641 | loss_cn = 0.00186078 | acc_sim = 0.935 | acc_phy = 0.876 
| epoch = 5 | step =    30 | loss_pnn = 1.641 | loss_cn = 0.00184977 | acc_sim = 0.936 | acc_phy = 0.878 
| epoch = 5 | step =    40 | loss_pnn = 1.640 | loss_cn = 0.00186098 | acc_sim = 0.938 | acc_phy = 0.879 
| epoch = 5 | step =    50 | loss_pnn = 1.640 | loss_cn = 0.00187091 | acc_sim = 0.938 | acc_phy = 0.877 
| epoch = 5 | step =    60 | loss_pnn = 1.640 | loss_cn = 0.00188230 | acc_sim = 0.938 | acc_phy = 0.877 
| epoch = 5 | step =    70 | loss_pnn = 1.640 | loss_cn = 0.00189302 | acc_sim = 0.938 | acc_phy = 0.876 
| epoch = 5 | step =    80 | loss_pnn = 1.639 | loss_cn = 0.00189415 | acc_sim = 0.938 | acc_phy = 0.877 
| epoch = 5 | step =    90 | loss_pnn = 1.639 | loss_cn = 0.00190029 | acc_sim = 0.939 | acc_phy = 0.877 
| epoch = 5 | step =   100 | loss_pnn = 1.639 | loss_cn = 0.00189894 | acc_sim = 0.939 | acc_phy = 0.876 
| epoch = 5 | step =   110 | loss_pnn = 1.639 | loss_cn = 0.00188524 | acc_sim = 0.939 | acc_phy = 0.875 
| epoch = 5 | step =   120 | loss_pnn = 1.639 | loss_cn = 0.00188132 | acc_sim = 0.939 | acc_phy = 0.876 
Phy accuracy of the network on 10000 test images: 0.874


Current training epoch: 6, learning rate for pnn: 0.001, learning rate for SEPN: 0.001
| epoch = 6 | step =    10 | loss_pnn = 1.640 | loss_cn = 0.00184127 | acc_sim = 0.942 | acc_phy = 0.867 
| epoch = 6 | step =    20 | loss_pnn = 1.635 | loss_cn = 0.00178455 | acc_sim = 0.942 | acc_phy = 0.873 
| epoch = 6 | step =    30 | loss_pnn = 1.636 | loss_cn = 0.00177602 | acc_sim = 0.940 | acc_phy = 0.871 
| epoch = 6 | step =    40 | loss_pnn = 1.634 | loss_cn = 0.00175117 | acc_sim = 0.941 | acc_phy = 0.875 
| epoch = 6 | step =    50 | loss_pnn = 1.635 | loss_cn = 0.00173708 | acc_sim = 0.940 | acc_phy = 0.874 
| epoch = 6 | step =    60 | loss_pnn = 1.635 | loss_cn = 0.00175280 | acc_sim = 0.941 | acc_phy = 0.875 
| epoch = 6 | step =    70 | loss_pnn = 1.634 | loss_cn = 0.00174995 | acc_sim = 0.941 | acc_phy = 0.876 
| epoch = 6 | step =    80 | loss_pnn = 1.633 | loss_cn = 0.00174141 | acc_sim = 0.941 | acc_phy = 0.877 
| epoch = 6 | step =    90 | loss_pnn = 1.632 | loss_cn = 0.00173124 | acc_sim = 0.942 | acc_phy = 0.878 
| epoch = 6 | step =   100 | loss_pnn = 1.631 | loss_cn = 0.00171997 | acc_sim = 0.943 | acc_phy = 0.878 
| epoch = 6 | step =   110 | loss_pnn = 1.630 | loss_cn = 0.00171139 | acc_sim = 0.943 | acc_phy = 0.879 
| epoch = 6 | step =   120 | loss_pnn = 1.629 | loss_cn = 0.00169598 | acc_sim = 0.944 | acc_phy = 0.881 
Phy accuracy of the network on 10000 test images: 0.889


Current training epoch: 7, learning rate for pnn: 0.001, learning rate for SEPN: 0.001
| epoch = 7 | step =    10 | loss_pnn = 1.620 | loss_cn = 0.00172849 | acc_sim = 0.946 | acc_phy = 0.890 
| epoch = 7 | step =    20 | loss_pnn = 1.623 | loss_cn = 0.00168837 | acc_sim = 0.946 | acc_phy = 0.886 
| epoch = 7 | step =    30 | loss_pnn = 1.621 | loss_cn = 0.00161307 | acc_sim = 0.945 | acc_phy = 0.887 
| epoch = 7 | step =    40 | loss_pnn = 1.621 | loss_cn = 0.00158603 | acc_sim = 0.945 | acc_phy = 0.886 
| epoch = 7 | step =    50 | loss_pnn = 1.623 | loss_cn = 0.00159845 | acc_sim = 0.946 | acc_phy = 0.884 
| epoch = 7 | step =    60 | loss_pnn = 1.622 | loss_cn = 0.00160879 | acc_sim = 0.946 | acc_phy = 0.885 
| epoch = 7 | step =    70 | loss_pnn = 1.622 | loss_cn = 0.00160682 | acc_sim = 0.946 | acc_phy = 0.885 
| epoch = 7 | step =    80 | loss_pnn = 1.621 | loss_cn = 0.00159924 | acc_sim = 0.946 | acc_phy = 0.886 
| epoch = 7 | step =    90 | loss_pnn = 1.622 | loss_cn = 0.00160466 | acc_sim = 0.946 | acc_phy = 0.886 
| epoch = 7 | step =   100 | loss_pnn = 1.621 | loss_cn = 0.00160103 | acc_sim = 0.947 | acc_phy = 0.887 
| epoch = 7 | step =   110 | loss_pnn = 1.621 | loss_cn = 0.00158877 | acc_sim = 0.947 | acc_phy = 0.887 
| epoch = 7 | step =   120 | loss_pnn = 1.621 | loss_cn = 0.00158497 | acc_sim = 0.947 | acc_phy = 0.887 
Phy accuracy of the network on 10000 test images: 0.886


Current training epoch: 8, learning rate for pnn: 0.001, learning rate for SEPN: 0.001
| epoch = 8 | step =    10 | loss_pnn = 1.615 | loss_cn = 0.00149033 | acc_sim = 0.950 | acc_phy = 0.892 
| epoch = 8 | step =    20 | loss_pnn = 1.612 | loss_cn = 0.00147743 | acc_sim = 0.951 | acc_phy = 0.894 
| epoch = 8 | step =    30 | loss_pnn = 1.614 | loss_cn = 0.00146645 | acc_sim = 0.950 | acc_phy = 0.893 
| epoch = 8 | step =    40 | loss_pnn = 1.615 | loss_cn = 0.00148146 | acc_sim = 0.949 | acc_phy = 0.891 
| epoch = 8 | step =    50 | loss_pnn = 1.614 | loss_cn = 0.00149156 | acc_sim = 0.949 | acc_phy = 0.892 
| epoch = 8 | step =    60 | loss_pnn = 1.613 | loss_cn = 0.00148257 | acc_sim = 0.950 | acc_phy = 0.893 
| epoch = 8 | step =    70 | loss_pnn = 1.614 | loss_cn = 0.00147014 | acc_sim = 0.950 | acc_phy = 0.892 
| epoch = 8 | step =    80 | loss_pnn = 1.613 | loss_cn = 0.00145641 | acc_sim = 0.950 | acc_phy = 0.894 
| epoch = 8 | step =    90 | loss_pnn = 1.613 | loss_cn = 0.00145812 | acc_sim = 0.950 | acc_phy = 0.893 
| epoch = 8 | step =   100 | loss_pnn = 1.613 | loss_cn = 0.00145677 | acc_sim = 0.950 | acc_phy = 0.893 
| epoch = 8 | step =   110 | loss_pnn = 1.612 | loss_cn = 0.00145072 | acc_sim = 0.949 | acc_phy = 0.893 
| epoch = 8 | step =   120 | loss_pnn = 1.612 | loss_cn = 0.00144709 | acc_sim = 0.949 | acc_phy = 0.893 
Phy accuracy of the network on 10000 test images: 0.886


Current training epoch: 9, learning rate for pnn: 0.001, learning rate for SEPN: 0.001
| epoch = 9 | step =    10 | loss_pnn = 1.611 | loss_cn = 0.00153854 | acc_sim = 0.954 | acc_phy = 0.895 
| epoch = 9 | step =    20 | loss_pnn = 1.608 | loss_cn = 0.00150962 | acc_sim = 0.954 | acc_phy = 0.899 
| epoch = 9 | step =    30 | loss_pnn = 1.608 | loss_cn = 0.00147458 | acc_sim = 0.952 | acc_phy = 0.899 
| epoch = 9 | step =    40 | loss_pnn = 1.608 | loss_cn = 0.00145570 | acc_sim = 0.952 | acc_phy = 0.899 
| epoch = 9 | step =    50 | loss_pnn = 1.608 | loss_cn = 0.00143968 | acc_sim = 0.952 | acc_phy = 0.899 
| epoch = 9 | step =    60 | loss_pnn = 1.608 | loss_cn = 0.00144163 | acc_sim = 0.951 | acc_phy = 0.898 
| epoch = 9 | step =    70 | loss_pnn = 1.608 | loss_cn = 0.00142151 | acc_sim = 0.950 | acc_phy = 0.898 
| epoch = 9 | step =    80 | loss_pnn = 1.608 | loss_cn = 0.00142797 | acc_sim = 0.951 | acc_phy = 0.897 
| epoch = 9 | step =    90 | loss_pnn = 1.608 | loss_cn = 0.00143542 | acc_sim = 0.951 | acc_phy = 0.897 
| epoch = 9 | step =   100 | loss_pnn = 1.609 | loss_cn = 0.00143583 | acc_sim = 0.952 | acc_phy = 0.895 
| epoch = 9 | step =   110 | loss_pnn = 1.609 | loss_cn = 0.00142526 | acc_sim = 0.951 | acc_phy = 0.896 
| epoch = 9 | step =   120 | loss_pnn = 1.608 | loss_cn = 0.00141919 | acc_sim = 0.952 | acc_phy = 0.896 
Phy accuracy of the network on 10000 test images: 0.895


Current training epoch: 10, learning rate for pnn: 0.001, learning rate for SEPN: 0.001
| epoch = 10 | step =    10 | loss_pnn = 1.606 | loss_cn = 0.00141318 | acc_sim = 0.950 | acc_phy = 0.896 
| epoch = 10 | step =    20 | loss_pnn = 1.608 | loss_cn = 0.00137330 | acc_sim = 0.953 | acc_phy = 0.897 
| epoch = 10 | step =    30 | loss_pnn = 1.604 | loss_cn = 0.00134627 | acc_sim = 0.954 | acc_phy = 0.902 
| epoch = 10 | step =    40 | loss_pnn = 1.604 | loss_cn = 0.00134040 | acc_sim = 0.953 | acc_phy = 0.900 
| epoch = 10 | step =    50 | loss_pnn = 1.603 | loss_cn = 0.00135877 | acc_sim = 0.953 | acc_phy = 0.901 
| epoch = 10 | step =    60 | loss_pnn = 1.603 | loss_cn = 0.00135178 | acc_sim = 0.954 | acc_phy = 0.900 
| epoch = 10 | step =    70 | loss_pnn = 1.604 | loss_cn = 0.00134442 | acc_sim = 0.953 | acc_phy = 0.900 
| epoch = 10 | step =    80 | loss_pnn = 1.604 | loss_cn = 0.00134349 | acc_sim = 0.953 | acc_phy = 0.901 
| epoch = 10 | step =    90 | loss_pnn = 1.603 | loss_cn = 0.00134048 | acc_sim = 0.953 | acc_phy = 0.901 
| epoch = 10 | step =   100 | loss_pnn = 1.603 | loss_cn = 0.00133709 | acc_sim = 0.953 | acc_phy = 0.901 
| epoch = 10 | step =   110 | loss_pnn = 1.602 | loss_cn = 0.00133551 | acc_sim = 0.953 | acc_phy = 0.901 
| epoch = 10 | step =   120 | loss_pnn = 1.603 | loss_cn = 0.00134785 | acc_sim = 0.953 | acc_phy = 0.900 
Phy accuracy of the network on 10000 test images: 0.905


Current training epoch: 11, learning rate for pnn: 0.0005, learning rate for SEPN: 0.0005
| epoch = 11 | step =    10 | loss_pnn = 1.591 | loss_cn = 0.00114053 | acc_sim = 0.959 | acc_phy = 0.915 
| epoch = 11 | step =    20 | loss_pnn = 1.594 | loss_cn = 0.00115015 | acc_sim = 0.959 | acc_phy = 0.910 
| epoch = 11 | step =    30 | loss_pnn = 1.595 | loss_cn = 0.00115591 | acc_sim = 0.956 | acc_phy = 0.911 
| epoch = 11 | step =    40 | loss_pnn = 1.597 | loss_cn = 0.00116268 | acc_sim = 0.955 | acc_phy = 0.907 
| epoch = 11 | step =    50 | loss_pnn = 1.598 | loss_cn = 0.00117686 | acc_sim = 0.954 | acc_phy = 0.906 
| epoch = 11 | step =    60 | loss_pnn = 1.599 | loss_cn = 0.00118569 | acc_sim = 0.955 | acc_phy = 0.905 
| epoch = 11 | step =    70 | loss_pnn = 1.599 | loss_cn = 0.00119227 | acc_sim = 0.955 | acc_phy = 0.904 
| epoch = 11 | step =    80 | loss_pnn = 1.600 | loss_cn = 0.00119741 | acc_sim = 0.955 | acc_phy = 0.904 
| epoch = 11 | step =    90 | loss_pnn = 1.599 | loss_cn = 0.00119180 | acc_sim = 0.955 | acc_phy = 0.904 
| epoch = 11 | step =   100 | loss_pnn = 1.599 | loss_cn = 0.00118703 | acc_sim = 0.955 | acc_phy = 0.904 
| epoch = 11 | step =   110 | loss_pnn = 1.599 | loss_cn = 0.00118737 | acc_sim = 0.955 | acc_phy = 0.904 
| epoch = 11 | step =   120 | loss_pnn = 1.599 | loss_cn = 0.00118557 | acc_sim = 0.955 | acc_phy = 0.904 
Phy accuracy of the network on 10000 test images: 0.892


Current training epoch: 12, learning rate for pnn: 0.0005, learning rate for SEPN: 0.0005
| epoch = 12 | step =    10 | loss_pnn = 1.605 | loss_cn = 0.00118681 | acc_sim = 0.960 | acc_phy = 0.895 
| epoch = 12 | step =    20 | loss_pnn = 1.605 | loss_cn = 0.00119027 | acc_sim = 0.956 | acc_phy = 0.896 
| epoch = 12 | step =    30 | loss_pnn = 1.601 | loss_cn = 0.00116525 | acc_sim = 0.955 | acc_phy = 0.901 
| epoch = 12 | step =    40 | loss_pnn = 1.601 | loss_cn = 0.00117478 | acc_sim = 0.956 | acc_phy = 0.902 
| epoch = 12 | step =    50 | loss_pnn = 1.601 | loss_cn = 0.00116931 | acc_sim = 0.956 | acc_phy = 0.902 
| epoch = 12 | step =    60 | loss_pnn = 1.600 | loss_cn = 0.00117462 | acc_sim = 0.956 | acc_phy = 0.903 
| epoch = 12 | step =    70 | loss_pnn = 1.600 | loss_cn = 0.00118191 | acc_sim = 0.957 | acc_phy = 0.902 
| epoch = 12 | step =    80 | loss_pnn = 1.600 | loss_cn = 0.00117080 | acc_sim = 0.956 | acc_phy = 0.903 
| epoch = 12 | step =    90 | loss_pnn = 1.599 | loss_cn = 0.00116441 | acc_sim = 0.957 | acc_phy = 0.904 
| epoch = 12 | step =   100 | loss_pnn = 1.599 | loss_cn = 0.00116080 | acc_sim = 0.957 | acc_phy = 0.904 
| epoch = 12 | step =   110 | loss_pnn = 1.599 | loss_cn = 0.00116044 | acc_sim = 0.957 | acc_phy = 0.904 
| epoch = 12 | step =   120 | loss_pnn = 1.598 | loss_cn = 0.00115381 | acc_sim = 0.957 | acc_phy = 0.904 
Phy accuracy of the network on 10000 test images: 0.906


Current training epoch: 13, learning rate for pnn: 0.0005, learning rate for SEPN: 0.0005
| epoch = 13 | step =    10 | loss_pnn = 1.592 | loss_cn = 0.00116104 | acc_sim = 0.961 | acc_phy = 0.907 
| epoch = 13 | step =    20 | loss_pnn = 1.593 | loss_cn = 0.00114885 | acc_sim = 0.960 | acc_phy = 0.908 
| epoch = 13 | step =    30 | loss_pnn = 1.593 | loss_cn = 0.00116130 | acc_sim = 0.961 | acc_phy = 0.908 
| epoch = 13 | step =    40 | loss_pnn = 1.595 | loss_cn = 0.00115918 | acc_sim = 0.960 | acc_phy = 0.906 
| epoch = 13 | step =    50 | loss_pnn = 1.596 | loss_cn = 0.00116189 | acc_sim = 0.959 | acc_phy = 0.904 
| epoch = 13 | step =    60 | loss_pnn = 1.596 | loss_cn = 0.00114868 | acc_sim = 0.959 | acc_phy = 0.904 
| epoch = 13 | step =    70 | loss_pnn = 1.595 | loss_cn = 0.00114794 | acc_sim = 0.958 | acc_phy = 0.904 
| epoch = 13 | step =    80 | loss_pnn = 1.596 | loss_cn = 0.00114882 | acc_sim = 0.958 | acc_phy = 0.904 
| epoch = 13 | step =    90 | loss_pnn = 1.596 | loss_cn = 0.00114779 | acc_sim = 0.957 | acc_phy = 0.904 
| epoch = 13 | step =   100 | loss_pnn = 1.596 | loss_cn = 0.00114274 | acc_sim = 0.957 | acc_phy = 0.904 
| epoch = 13 | step =   110 | loss_pnn = 1.596 | loss_cn = 0.00114274 | acc_sim = 0.957 | acc_phy = 0.904 
| epoch = 13 | step =   120 | loss_pnn = 1.596 | loss_cn = 0.00114247 | acc_sim = 0.957 | acc_phy = 0.904 
Phy accuracy of the network on 10000 test images: 0.896


Current training epoch: 14, learning rate for pnn: 0.0005, learning rate for SEPN: 0.0005
| epoch = 14 | step =    10 | loss_pnn = 1.600 | loss_cn = 0.00109890 | acc_sim = 0.959 | acc_phy = 0.903 
| epoch = 14 | step =    20 | loss_pnn = 1.600 | loss_cn = 0.00109114 | acc_sim = 0.957 | acc_phy = 0.902 
| epoch = 14 | step =    30 | loss_pnn = 1.600 | loss_cn = 0.00111361 | acc_sim = 0.957 | acc_phy = 0.902 
| epoch = 14 | step =    40 | loss_pnn = 1.599 | loss_cn = 0.00111406 | acc_sim = 0.959 | acc_phy = 0.902 
| epoch = 14 | step =    50 | loss_pnn = 1.599 | loss_cn = 0.00111000 | acc_sim = 0.958 | acc_phy = 0.902 
| epoch = 14 | step =    60 | loss_pnn = 1.599 | loss_cn = 0.00111503 | acc_sim = 0.958 | acc_phy = 0.902 
| epoch = 14 | step =    70 | loss_pnn = 1.598 | loss_cn = 0.00110421 | acc_sim = 0.959 | acc_phy = 0.902 
| epoch = 14 | step =    80 | loss_pnn = 1.598 | loss_cn = 0.00110442 | acc_sim = 0.958 | acc_phy = 0.903 
| epoch = 14 | step =    90 | loss_pnn = 1.598 | loss_cn = 0.00109775 | acc_sim = 0.958 | acc_phy = 0.903 
| epoch = 14 | step =   100 | loss_pnn = 1.598 | loss_cn = 0.00109842 | acc_sim = 0.958 | acc_phy = 0.903 
| epoch = 14 | step =   110 | loss_pnn = 1.598 | loss_cn = 0.00110026 | acc_sim = 0.958 | acc_phy = 0.903 
| epoch = 14 | step =   120 | loss_pnn = 1.597 | loss_cn = 0.00110217 | acc_sim = 0.958 | acc_phy = 0.904 
Phy accuracy of the network on 10000 test images: 0.903


Current training epoch: 15, learning rate for pnn: 0.0005, learning rate for SEPN: 0.0005
| epoch = 15 | step =    10 | loss_pnn = 1.596 | loss_cn = 0.00105317 | acc_sim = 0.955 | acc_phy = 0.902 
| epoch = 15 | step =    20 | loss_pnn = 1.598 | loss_cn = 0.00109383 | acc_sim = 0.958 | acc_phy = 0.900 
| epoch = 15 | step =    30 | loss_pnn = 1.596 | loss_cn = 0.00110531 | acc_sim = 0.959 | acc_phy = 0.904 
| epoch = 15 | step =    40 | loss_pnn = 1.595 | loss_cn = 0.00110799 | acc_sim = 0.959 | acc_phy = 0.904 
| epoch = 15 | step =    50 | loss_pnn = 1.595 | loss_cn = 0.00111933 | acc_sim = 0.959 | acc_phy = 0.904 
| epoch = 15 | step =    60 | loss_pnn = 1.596 | loss_cn = 0.00112850 | acc_sim = 0.959 | acc_phy = 0.903 
| epoch = 15 | step =    70 | loss_pnn = 1.596 | loss_cn = 0.00111278 | acc_sim = 0.959 | acc_phy = 0.903 
| epoch = 15 | step =    80 | loss_pnn = 1.595 | loss_cn = 0.00110983 | acc_sim = 0.959 | acc_phy = 0.904 
| epoch = 15 | step =    90 | loss_pnn = 1.595 | loss_cn = 0.00110597 | acc_sim = 0.959 | acc_phy = 0.905 
| epoch = 15 | step =   100 | loss_pnn = 1.595 | loss_cn = 0.00111087 | acc_sim = 0.958 | acc_phy = 0.904 
| epoch = 15 | step =   110 | loss_pnn = 1.595 | loss_cn = 0.00110682 | acc_sim = 0.958 | acc_phy = 0.904 
| epoch = 15 | step =   120 | loss_pnn = 1.595 | loss_cn = 0.00110268 | acc_sim = 0.958 | acc_phy = 0.905 
Phy accuracy of the network on 10000 test images: 0.903


Current training epoch: 16, learning rate for pnn: 0.0005, learning rate for SEPN: 0.0005
| epoch = 16 | step =    10 | loss_pnn = 1.592 | loss_cn = 0.00112830 | acc_sim = 0.960 | acc_phy = 0.908 
| epoch = 16 | step =    20 | loss_pnn = 1.595 | loss_cn = 0.00113155 | acc_sim = 0.962 | acc_phy = 0.904 
| epoch = 16 | step =    30 | loss_pnn = 1.594 | loss_cn = 0.00111789 | acc_sim = 0.961 | acc_phy = 0.904 
| epoch = 16 | step =    40 | loss_pnn = 1.595 | loss_cn = 0.00110480 | acc_sim = 0.961 | acc_phy = 0.904 
| epoch = 16 | step =    50 | loss_pnn = 1.595 | loss_cn = 0.00108772 | acc_sim = 0.961 | acc_phy = 0.904 
| epoch = 16 | step =    60 | loss_pnn = 1.595 | loss_cn = 0.00108817 | acc_sim = 0.961 | acc_phy = 0.904 
| epoch = 16 | step =    70 | loss_pnn = 1.596 | loss_cn = 0.00108589 | acc_sim = 0.960 | acc_phy = 0.903 
| epoch = 16 | step =    80 | loss_pnn = 1.595 | loss_cn = 0.00108710 | acc_sim = 0.959 | acc_phy = 0.903 
| epoch = 16 | step =    90 | loss_pnn = 1.595 | loss_cn = 0.00108664 | acc_sim = 0.959 | acc_phy = 0.904 
| epoch = 16 | step =   100 | loss_pnn = 1.595 | loss_cn = 0.00107951 | acc_sim = 0.959 | acc_phy = 0.904 
| epoch = 16 | step =   110 | loss_pnn = 1.595 | loss_cn = 0.00107551 | acc_sim = 0.959 | acc_phy = 0.903 
| epoch = 16 | step =   120 | loss_pnn = 1.595 | loss_cn = 0.00107499 | acc_sim = 0.959 | acc_phy = 0.904 
Phy accuracy of the network on 10000 test images: 0.896


Current training epoch: 17, learning rate for pnn: 0.0005, learning rate for SEPN: 0.0005
| epoch = 17 | step =    10 | loss_pnn = 1.596 | loss_cn = 0.00104727 | acc_sim = 0.960 | acc_phy = 0.905 
| epoch = 17 | step =    20 | loss_pnn = 1.592 | loss_cn = 0.00104111 | acc_sim = 0.960 | acc_phy = 0.909 
| epoch = 17 | step =    30 | loss_pnn = 1.592 | loss_cn = 0.00104222 | acc_sim = 0.960 | acc_phy = 0.909 
| epoch = 17 | step =    40 | loss_pnn = 1.594 | loss_cn = 0.00105094 | acc_sim = 0.960 | acc_phy = 0.906 
| epoch = 17 | step =    50 | loss_pnn = 1.594 | loss_cn = 0.00105206 | acc_sim = 0.960 | acc_phy = 0.906 
| epoch = 17 | step =    60 | loss_pnn = 1.594 | loss_cn = 0.00105105 | acc_sim = 0.960 | acc_phy = 0.905 
| epoch = 17 | step =    70 | loss_pnn = 1.595 | loss_cn = 0.00105329 | acc_sim = 0.959 | acc_phy = 0.904 
| epoch = 17 | step =    80 | loss_pnn = 1.594 | loss_cn = 0.00105059 | acc_sim = 0.959 | acc_phy = 0.904 
| epoch = 17 | step =    90 | loss_pnn = 1.595 | loss_cn = 0.00105571 | acc_sim = 0.959 | acc_phy = 0.904 
| epoch = 17 | step =   100 | loss_pnn = 1.594 | loss_cn = 0.00105598 | acc_sim = 0.959 | acc_phy = 0.904 
| epoch = 17 | step =   110 | loss_pnn = 1.594 | loss_cn = 0.00104641 | acc_sim = 0.959 | acc_phy = 0.904 
| epoch = 17 | step =   120 | loss_pnn = 1.594 | loss_cn = 0.00104950 | acc_sim = 0.959 | acc_phy = 0.904 
Phy accuracy of the network on 10000 test images: 0.898


Current training epoch: 18, learning rate for pnn: 0.0005, learning rate for SEPN: 0.0005
| epoch = 18 | step =    10 | loss_pnn = 1.590 | loss_cn = 0.00101014 | acc_sim = 0.960 | acc_phy = 0.908 
| epoch = 18 | step =    20 | loss_pnn = 1.588 | loss_cn = 0.00097753 | acc_sim = 0.960 | acc_phy = 0.910 
| epoch = 18 | step =    30 | loss_pnn = 1.593 | loss_cn = 0.00101895 | acc_sim = 0.960 | acc_phy = 0.906 
| epoch = 18 | step =    40 | loss_pnn = 1.591 | loss_cn = 0.00101359 | acc_sim = 0.960 | acc_phy = 0.908 
| epoch = 18 | step =    50 | loss_pnn = 1.591 | loss_cn = 0.00100939 | acc_sim = 0.960 | acc_phy = 0.907 
| epoch = 18 | step =    60 | loss_pnn = 1.591 | loss_cn = 0.00101911 | acc_sim = 0.960 | acc_phy = 0.906 
| epoch = 18 | step =    70 | loss_pnn = 1.592 | loss_cn = 0.00102259 | acc_sim = 0.960 | acc_phy = 0.906 
| epoch = 18 | step =    80 | loss_pnn = 1.592 | loss_cn = 0.00101651 | acc_sim = 0.960 | acc_phy = 0.906 
| epoch = 18 | step =    90 | loss_pnn = 1.593 | loss_cn = 0.00102013 | acc_sim = 0.960 | acc_phy = 0.905 
| epoch = 18 | step =   100 | loss_pnn = 1.593 | loss_cn = 0.00102360 | acc_sim = 0.959 | acc_phy = 0.905 
| epoch = 18 | step =   110 | loss_pnn = 1.594 | loss_cn = 0.00102744 | acc_sim = 0.960 | acc_phy = 0.904 
| epoch = 18 | step =   120 | loss_pnn = 1.594 | loss_cn = 0.00103142 | acc_sim = 0.960 | acc_phy = 0.905 
Phy accuracy of the network on 10000 test images: 0.908


Current training epoch: 19, learning rate for pnn: 0.0005, learning rate for SEPN: 0.0005
| epoch = 19 | step =    10 | loss_pnn = 1.591 | loss_cn = 0.00101308 | acc_sim = 0.960 | acc_phy = 0.908 
| epoch = 19 | step =    20 | loss_pnn = 1.592 | loss_cn = 0.00100620 | acc_sim = 0.960 | acc_phy = 0.906 
| epoch = 19 | step =    30 | loss_pnn = 1.593 | loss_cn = 0.00101709 | acc_sim = 0.959 | acc_phy = 0.905 
| epoch = 19 | step =    40 | loss_pnn = 1.593 | loss_cn = 0.00102428 | acc_sim = 0.959 | acc_phy = 0.905 
| epoch = 19 | step =    50 | loss_pnn = 1.593 | loss_cn = 0.00103065 | acc_sim = 0.959 | acc_phy = 0.904 
| epoch = 19 | step =    60 | loss_pnn = 1.593 | loss_cn = 0.00102555 | acc_sim = 0.960 | acc_phy = 0.905 
| epoch = 19 | step =    70 | loss_pnn = 1.593 | loss_cn = 0.00103001 | acc_sim = 0.960 | acc_phy = 0.904 
| epoch = 19 | step =    80 | loss_pnn = 1.593 | loss_cn = 0.00102155 | acc_sim = 0.960 | acc_phy = 0.904 
| epoch = 19 | step =    90 | loss_pnn = 1.593 | loss_cn = 0.00101533 | acc_sim = 0.960 | acc_phy = 0.904 
| epoch = 19 | step =   100 | loss_pnn = 1.593 | loss_cn = 0.00102240 | acc_sim = 0.960 | acc_phy = 0.904 
| epoch = 19 | step =   110 | loss_pnn = 1.593 | loss_cn = 0.00102519 | acc_sim = 0.960 | acc_phy = 0.905 
| epoch = 19 | step =   120 | loss_pnn = 1.593 | loss_cn = 0.00102629 | acc_sim = 0.960 | acc_phy = 0.905 
Phy accuracy of the network on 10000 test images: 0.904


Current training epoch: 20, learning rate for pnn: 0.0005, learning rate for SEPN: 0.0005
| epoch = 20 | step =    10 | loss_pnn = 1.587 | loss_cn = 0.00101000 | acc_sim = 0.959 | acc_phy = 0.908 
| epoch = 20 | step =    20 | loss_pnn = 1.592 | loss_cn = 0.00098446 | acc_sim = 0.957 | acc_phy = 0.902 
| epoch = 20 | step =    30 | loss_pnn = 1.591 | loss_cn = 0.00097482 | acc_sim = 0.959 | acc_phy = 0.903 
| epoch = 20 | step =    40 | loss_pnn = 1.590 | loss_cn = 0.00098525 | acc_sim = 0.959 | acc_phy = 0.905 
| epoch = 20 | step =    50 | loss_pnn = 1.591 | loss_cn = 0.00099655 | acc_sim = 0.959 | acc_phy = 0.905 
| epoch = 20 | step =    60 | loss_pnn = 1.591 | loss_cn = 0.00099605 | acc_sim = 0.960 | acc_phy = 0.906 
| epoch = 20 | step =    70 | loss_pnn = 1.591 | loss_cn = 0.00100516 | acc_sim = 0.961 | acc_phy = 0.906 
| epoch = 20 | step =    80 | loss_pnn = 1.591 | loss_cn = 0.00100559 | acc_sim = 0.961 | acc_phy = 0.906 
| epoch = 20 | step =    90 | loss_pnn = 1.591 | loss_cn = 0.00101160 | acc_sim = 0.960 | acc_phy = 0.906 
| epoch = 20 | step =   100 | loss_pnn = 1.592 | loss_cn = 0.00101658 | acc_sim = 0.960 | acc_phy = 0.905 
| epoch = 20 | step =   110 | loss_pnn = 1.592 | loss_cn = 0.00102341 | acc_sim = 0.961 | acc_phy = 0.905 
| epoch = 20 | step =   120 | loss_pnn = 1.592 | loss_cn = 0.00102305 | acc_sim = 0.961 | acc_phy = 0.905 
Phy accuracy of the network on 10000 test images: 0.895


Current training epoch: 21, learning rate for pnn: 0.00025, learning rate for SEPN: 0.00025
| epoch = 21 | step =    10 | loss_pnn = 1.592 | loss_cn = 0.00098887 | acc_sim = 0.908 | acc_phy = 0.898 
| epoch = 21 | step =    20 | loss_pnn = 1.586 | loss_cn = 0.00098610 | acc_sim = 0.915 | acc_phy = 0.906 
| epoch = 21 | step =    30 | loss_pnn = 1.576 | loss_cn = 0.00094843 | acc_sim = 0.923 | acc_phy = 0.915 
| epoch = 21 | step =    40 | loss_pnn = 1.571 | loss_cn = 0.00091809 | acc_sim = 0.927 | acc_phy = 0.919 
| epoch = 21 | step =    50 | loss_pnn = 1.566 | loss_cn = 0.00090305 | acc_sim = 0.930 | acc_phy = 0.923 
| epoch = 21 | step =    60 | loss_pnn = 1.562 | loss_cn = 0.00089150 | acc_sim = 0.932 | acc_phy = 0.926 
| epoch = 21 | step =    70 | loss_pnn = 1.559 | loss_cn = 0.00087880 | acc_sim = 0.933 | acc_phy = 0.927 
| epoch = 21 | step =    80 | loss_pnn = 1.557 | loss_cn = 0.00086273 | acc_sim = 0.935 | acc_phy = 0.929 
| epoch = 21 | step =    90 | loss_pnn = 1.555 | loss_cn = 0.00086480 | acc_sim = 0.936 | acc_phy = 0.931 
| epoch = 21 | step =   100 | loss_pnn = 1.553 | loss_cn = 0.00085889 | acc_sim = 0.937 | acc_phy = 0.932 
| epoch = 21 | step =   110 | loss_pnn = 1.551 | loss_cn = 0.00084949 | acc_sim = 0.938 | acc_phy = 0.933 
| epoch = 21 | step =   120 | loss_pnn = 1.550 | loss_cn = 0.00084255 | acc_sim = 0.939 | acc_phy = 0.934 
Phy accuracy of the network on 10000 test images: 0.940


Current training epoch: 22, learning rate for pnn: 0.00025, learning rate for SEPN: 0.00025
| epoch = 22 | step =    10 | loss_pnn = 1.535 | loss_cn = 0.00073455 | acc_sim = 0.948 | acc_phy = 0.943 
| epoch = 22 | step =    20 | loss_pnn = 1.532 | loss_cn = 0.00070860 | acc_sim = 0.950 | acc_phy = 0.946 
| epoch = 22 | step =    30 | loss_pnn = 1.533 | loss_cn = 0.00071729 | acc_sim = 0.947 | acc_phy = 0.944 
| epoch = 22 | step =    40 | loss_pnn = 1.532 | loss_cn = 0.00071085 | acc_sim = 0.948 | acc_phy = 0.945 
| epoch = 22 | step =    50 | loss_pnn = 1.532 | loss_cn = 0.00070616 | acc_sim = 0.948 | acc_phy = 0.945 
| epoch = 22 | step =    60 | loss_pnn = 1.532 | loss_cn = 0.00070316 | acc_sim = 0.948 | acc_phy = 0.945 
| epoch = 22 | step =    70 | loss_pnn = 1.531 | loss_cn = 0.00070436 | acc_sim = 0.949 | acc_phy = 0.946 
| epoch = 22 | step =    80 | loss_pnn = 1.531 | loss_cn = 0.00071527 | acc_sim = 0.948 | acc_phy = 0.945 
| epoch = 22 | step =    90 | loss_pnn = 1.531 | loss_cn = 0.00071750 | acc_sim = 0.949 | acc_phy = 0.945 
| epoch = 22 | step =   100 | loss_pnn = 1.531 | loss_cn = 0.00072784 | acc_sim = 0.948 | acc_phy = 0.945 
| epoch = 22 | step =   110 | loss_pnn = 1.531 | loss_cn = 0.00072897 | acc_sim = 0.948 | acc_phy = 0.945 
| epoch = 22 | step =   120 | loss_pnn = 1.531 | loss_cn = 0.00072946 | acc_sim = 0.949 | acc_phy = 0.945 
Phy accuracy of the network on 10000 test images: 0.943


Current training epoch: 23, learning rate for pnn: 0.00025, learning rate for SEPN: 0.00025
| epoch = 23 | step =    10 | loss_pnn = 1.530 | loss_cn = 0.00067427 | acc_sim = 0.949 | acc_phy = 0.945 
| epoch = 23 | step =    20 | loss_pnn = 1.530 | loss_cn = 0.00069339 | acc_sim = 0.949 | acc_phy = 0.945 
| epoch = 23 | step =    30 | loss_pnn = 1.530 | loss_cn = 0.00069588 | acc_sim = 0.948 | acc_phy = 0.945 
| epoch = 23 | step =    40 | loss_pnn = 1.528 | loss_cn = 0.00069382 | acc_sim = 0.949 | acc_phy = 0.947 
| epoch = 23 | step =    50 | loss_pnn = 1.528 | loss_cn = 0.00069377 | acc_sim = 0.949 | acc_phy = 0.947 
| epoch = 23 | step =    60 | loss_pnn = 1.529 | loss_cn = 0.00068966 | acc_sim = 0.949 | acc_phy = 0.947 
| epoch = 23 | step =    70 | loss_pnn = 1.528 | loss_cn = 0.00069037 | acc_sim = 0.950 | acc_phy = 0.947 
| epoch = 23 | step =    80 | loss_pnn = 1.528 | loss_cn = 0.00068198 | acc_sim = 0.950 | acc_phy = 0.947 
| epoch = 23 | step =    90 | loss_pnn = 1.528 | loss_cn = 0.00068386 | acc_sim = 0.950 | acc_phy = 0.948 
| epoch = 23 | step =   100 | loss_pnn = 1.528 | loss_cn = 0.00068700 | acc_sim = 0.950 | acc_phy = 0.947 
| epoch = 23 | step =   110 | loss_pnn = 1.527 | loss_cn = 0.00068116 | acc_sim = 0.950 | acc_phy = 0.948 
| epoch = 23 | step =   120 | loss_pnn = 1.527 | loss_cn = 0.00067839 | acc_sim = 0.950 | acc_phy = 0.948 
Phy accuracy of the network on 10000 test images: 0.945


Current training epoch: 24, learning rate for pnn: 0.00025, learning rate for SEPN: 0.00025
| epoch = 24 | step =    10 | loss_pnn = 1.526 | loss_cn = 0.00062237 | acc_sim = 0.949 | acc_phy = 0.947 
| epoch = 24 | step =    20 | loss_pnn = 1.527 | loss_cn = 0.00065394 | acc_sim = 0.949 | acc_phy = 0.947 
| epoch = 24 | step =    30 | loss_pnn = 1.528 | loss_cn = 0.00067451 | acc_sim = 0.949 | acc_phy = 0.947 
| epoch = 24 | step =    40 | loss_pnn = 1.528 | loss_cn = 0.00066153 | acc_sim = 0.949 | acc_phy = 0.947 
| epoch = 24 | step =    50 | loss_pnn = 1.527 | loss_cn = 0.00065112 | acc_sim = 0.950 | acc_phy = 0.947 
| epoch = 24 | step =    60 | loss_pnn = 1.527 | loss_cn = 0.00065131 | acc_sim = 0.950 | acc_phy = 0.947 
| epoch = 24 | step =    70 | loss_pnn = 1.527 | loss_cn = 0.00064838 | acc_sim = 0.951 | acc_phy = 0.948 
| epoch = 24 | step =    80 | loss_pnn = 1.526 | loss_cn = 0.00063931 | acc_sim = 0.951 | acc_phy = 0.948 
| epoch = 24 | step =    90 | loss_pnn = 1.526 | loss_cn = 0.00063873 | acc_sim = 0.951 | acc_phy = 0.948 
| epoch = 24 | step =   100 | loss_pnn = 1.526 | loss_cn = 0.00063627 | acc_sim = 0.951 | acc_phy = 0.949 
| epoch = 24 | step =   110 | loss_pnn = 1.525 | loss_cn = 0.00063649 | acc_sim = 0.952 | acc_phy = 0.949 
| epoch = 24 | step =   120 | loss_pnn = 1.525 | loss_cn = 0.00063583 | acc_sim = 0.952 | acc_phy = 0.949 
Phy accuracy of the network on 10000 test images: 0.946


Current training epoch: 25, learning rate for pnn: 0.00025, learning rate for SEPN: 0.00025
| epoch = 25 | step =    10 | loss_pnn = 1.526 | loss_cn = 0.00062181 | acc_sim = 0.950 | acc_phy = 0.949 
| epoch = 25 | step =    20 | loss_pnn = 1.524 | loss_cn = 0.00059261 | acc_sim = 0.951 | acc_phy = 0.950 
| epoch = 25 | step =    30 | loss_pnn = 1.524 | loss_cn = 0.00059464 | acc_sim = 0.952 | acc_phy = 0.950 
| epoch = 25 | step =    40 | loss_pnn = 1.524 | loss_cn = 0.00059572 | acc_sim = 0.952 | acc_phy = 0.950 
| epoch = 25 | step =    50 | loss_pnn = 1.524 | loss_cn = 0.00059865 | acc_sim = 0.952 | acc_phy = 0.950 
| epoch = 25 | step =    60 | loss_pnn = 1.523 | loss_cn = 0.00059479 | acc_sim = 0.953 | acc_phy = 0.951 
| epoch = 25 | step =    70 | loss_pnn = 1.523 | loss_cn = 0.00059268 | acc_sim = 0.953 | acc_phy = 0.951 
| epoch = 25 | step =    80 | loss_pnn = 1.523 | loss_cn = 0.00060377 | acc_sim = 0.953 | acc_phy = 0.950 
| epoch = 25 | step =    90 | loss_pnn = 1.524 | loss_cn = 0.00061020 | acc_sim = 0.953 | acc_phy = 0.950 
| epoch = 25 | step =   100 | loss_pnn = 1.524 | loss_cn = 0.00061230 | acc_sim = 0.952 | acc_phy = 0.950 
| epoch = 25 | step =   110 | loss_pnn = 1.524 | loss_cn = 0.00061144 | acc_sim = 0.953 | acc_phy = 0.950 
| epoch = 25 | step =   120 | loss_pnn = 1.524 | loss_cn = 0.00060818 | acc_sim = 0.953 | acc_phy = 0.950 
Phy accuracy of the network on 10000 test images: 0.947


Current training epoch: 26, learning rate for pnn: 0.00025, learning rate for SEPN: 0.00025
| epoch = 26 | step =    10 | loss_pnn = 1.521 | loss_cn = 0.00057063 | acc_sim = 0.956 | acc_phy = 0.952 
| epoch = 26 | step =    20 | loss_pnn = 1.519 | loss_cn = 0.00058681 | acc_sim = 0.958 | acc_phy = 0.954 
| epoch = 26 | step =    30 | loss_pnn = 1.522 | loss_cn = 0.00059160 | acc_sim = 0.955 | acc_phy = 0.950 
| epoch = 26 | step =    40 | loss_pnn = 1.522 | loss_cn = 0.00059449 | acc_sim = 0.955 | acc_phy = 0.951 
| epoch = 26 | step =    50 | loss_pnn = 1.522 | loss_cn = 0.00059116 | acc_sim = 0.954 | acc_phy = 0.951 
| epoch = 26 | step =    60 | loss_pnn = 1.522 | loss_cn = 0.00058689 | acc_sim = 0.954 | acc_phy = 0.951 
| epoch = 26 | step =    70 | loss_pnn = 1.522 | loss_cn = 0.00059297 | acc_sim = 0.953 | acc_phy = 0.950 
| epoch = 26 | step =    80 | loss_pnn = 1.522 | loss_cn = 0.00058671 | acc_sim = 0.954 | acc_phy = 0.951 
| epoch = 26 | step =    90 | loss_pnn = 1.522 | loss_cn = 0.00059059 | acc_sim = 0.954 | acc_phy = 0.951 
| epoch = 26 | step =   100 | loss_pnn = 1.522 | loss_cn = 0.00058843 | acc_sim = 0.954 | acc_phy = 0.951 
| epoch = 26 | step =   110 | loss_pnn = 1.522 | loss_cn = 0.00058865 | acc_sim = 0.954 | acc_phy = 0.951 
| epoch = 26 | step =   120 | loss_pnn = 1.522 | loss_cn = 0.00058701 | acc_sim = 0.954 | acc_phy = 0.951 
Phy accuracy of the network on 10000 test images: 0.948


Current training epoch: 27, learning rate for pnn: 0.00025, learning rate for SEPN: 0.00025
| epoch = 27 | step =    10 | loss_pnn = 1.521 | loss_cn = 0.00054913 | acc_sim = 0.956 | acc_phy = 0.953 
| epoch = 27 | step =    20 | loss_pnn = 1.522 | loss_cn = 0.00058105 | acc_sim = 0.954 | acc_phy = 0.952 
| epoch = 27 | step =    30 | loss_pnn = 1.523 | loss_cn = 0.00058513 | acc_sim = 0.952 | acc_phy = 0.950 
| epoch = 27 | step =    40 | loss_pnn = 1.522 | loss_cn = 0.00058046 | acc_sim = 0.954 | acc_phy = 0.951 
| epoch = 27 | step =    50 | loss_pnn = 1.522 | loss_cn = 0.00057790 | acc_sim = 0.954 | acc_phy = 0.951 
| epoch = 27 | step =    60 | loss_pnn = 1.522 | loss_cn = 0.00058097 | acc_sim = 0.954 | acc_phy = 0.951 
| epoch = 27 | step =    70 | loss_pnn = 1.522 | loss_cn = 0.00057255 | acc_sim = 0.953 | acc_phy = 0.951 
| epoch = 27 | step =    80 | loss_pnn = 1.522 | loss_cn = 0.00057170 | acc_sim = 0.954 | acc_phy = 0.951 
| epoch = 27 | step =    90 | loss_pnn = 1.522 | loss_cn = 0.00057181 | acc_sim = 0.954 | acc_phy = 0.951 
| epoch = 27 | step =   100 | loss_pnn = 1.522 | loss_cn = 0.00057372 | acc_sim = 0.954 | acc_phy = 0.951 
| epoch = 27 | step =   110 | loss_pnn = 1.522 | loss_cn = 0.00057199 | acc_sim = 0.954 | acc_phy = 0.951 
| epoch = 27 | step =   120 | loss_pnn = 1.522 | loss_cn = 0.00057045 | acc_sim = 0.954 | acc_phy = 0.951 
Phy accuracy of the network on 10000 test images: 0.948


Current training epoch: 28, learning rate for pnn: 0.00025, learning rate for SEPN: 0.00025
| epoch = 28 | step =    10 | loss_pnn = 1.519 | loss_cn = 0.00053306 | acc_sim = 0.955 | acc_phy = 0.954 
| epoch = 28 | step =    20 | loss_pnn = 1.521 | loss_cn = 0.00055045 | acc_sim = 0.956 | acc_phy = 0.953 
| epoch = 28 | step =    30 | loss_pnn = 1.521 | loss_cn = 0.00056066 | acc_sim = 0.955 | acc_phy = 0.953 
| epoch = 28 | step =    40 | loss_pnn = 1.521 | loss_cn = 0.00055517 | acc_sim = 0.956 | acc_phy = 0.953 
| epoch = 28 | step =    50 | loss_pnn = 1.521 | loss_cn = 0.00055299 | acc_sim = 0.955 | acc_phy = 0.953 
| epoch = 28 | step =    60 | loss_pnn = 1.521 | loss_cn = 0.00054604 | acc_sim = 0.956 | acc_phy = 0.953 
| epoch = 28 | step =    70 | loss_pnn = 1.521 | loss_cn = 0.00054513 | acc_sim = 0.955 | acc_phy = 0.953 
| epoch = 28 | step =    80 | loss_pnn = 1.521 | loss_cn = 0.00054372 | acc_sim = 0.956 | acc_phy = 0.953 
| epoch = 28 | step =    90 | loss_pnn = 1.521 | loss_cn = 0.00054489 | acc_sim = 0.956 | acc_phy = 0.953 
| epoch = 28 | step =   100 | loss_pnn = 1.521 | loss_cn = 0.00054897 | acc_sim = 0.955 | acc_phy = 0.952 
| epoch = 28 | step =   110 | loss_pnn = 1.521 | loss_cn = 0.00054505 | acc_sim = 0.955 | acc_phy = 0.952 
| epoch = 28 | step =   120 | loss_pnn = 1.521 | loss_cn = 0.00054502 | acc_sim = 0.955 | acc_phy = 0.952 
Phy accuracy of the network on 10000 test images: 0.949


Current training epoch: 29, learning rate for pnn: 0.00025, learning rate for SEPN: 0.00025
| epoch = 29 | step =    10 | loss_pnn = 1.526 | loss_cn = 0.00056046 | acc_sim = 0.950 | acc_phy = 0.946 
| epoch = 29 | step =    20 | loss_pnn = 1.523 | loss_cn = 0.00053955 | acc_sim = 0.953 | acc_phy = 0.950 
| epoch = 29 | step =    30 | loss_pnn = 1.523 | loss_cn = 0.00055005 | acc_sim = 0.954 | acc_phy = 0.950 
| epoch = 29 | step =    40 | loss_pnn = 1.523 | loss_cn = 0.00053657 | acc_sim = 0.954 | acc_phy = 0.951 
| epoch = 29 | step =    50 | loss_pnn = 1.521 | loss_cn = 0.00052535 | acc_sim = 0.955 | acc_phy = 0.952 
| epoch = 29 | step =    60 | loss_pnn = 1.521 | loss_cn = 0.00052838 | acc_sim = 0.955 | acc_phy = 0.952 
| epoch = 29 | step =    70 | loss_pnn = 1.521 | loss_cn = 0.00053081 | acc_sim = 0.955 | acc_phy = 0.952 
| epoch = 29 | step =    80 | loss_pnn = 1.521 | loss_cn = 0.00053386 | acc_sim = 0.955 | acc_phy = 0.952 
| epoch = 29 | step =    90 | loss_pnn = 1.520 | loss_cn = 0.00053064 | acc_sim = 0.955 | acc_phy = 0.953 
| epoch = 29 | step =   100 | loss_pnn = 1.520 | loss_cn = 0.00053034 | acc_sim = 0.955 | acc_phy = 0.952 
| epoch = 29 | step =   110 | loss_pnn = 1.520 | loss_cn = 0.00053130 | acc_sim = 0.955 | acc_phy = 0.953 
| epoch = 29 | step =   120 | loss_pnn = 1.520 | loss_cn = 0.00053147 | acc_sim = 0.956 | acc_phy = 0.953 
Phy accuracy of the network on 10000 test images: 0.950


Current training epoch: 30, learning rate for pnn: 0.00025, learning rate for SEPN: 0.00025
| epoch = 30 | step =    10 | loss_pnn = 1.517 | loss_cn = 0.00047912 | acc_sim = 0.959 | acc_phy = 0.959 
| epoch = 30 | step =    20 | loss_pnn = 1.519 | loss_cn = 0.00049703 | acc_sim = 0.957 | acc_phy = 0.956 
| epoch = 30 | step =    30 | loss_pnn = 1.519 | loss_cn = 0.00051073 | acc_sim = 0.957 | acc_phy = 0.955 
| epoch = 30 | step =    40 | loss_pnn = 1.519 | loss_cn = 0.00051263 | acc_sim = 0.956 | acc_phy = 0.955 
| epoch = 30 | step =    50 | loss_pnn = 1.519 | loss_cn = 0.00051568 | acc_sim = 0.956 | acc_phy = 0.954 
| epoch = 30 | step =    60 | loss_pnn = 1.519 | loss_cn = 0.00051974 | acc_sim = 0.956 | acc_phy = 0.954 
| epoch = 30 | step =    70 | loss_pnn = 1.519 | loss_cn = 0.00052341 | acc_sim = 0.956 | acc_phy = 0.954 
| epoch = 30 | step =    80 | loss_pnn = 1.519 | loss_cn = 0.00052260 | acc_sim = 0.956 | acc_phy = 0.954 
| epoch = 30 | step =    90 | loss_pnn = 1.519 | loss_cn = 0.00052006 | acc_sim = 0.956 | acc_phy = 0.954 
| epoch = 30 | step =   100 | loss_pnn = 1.519 | loss_cn = 0.00052111 | acc_sim = 0.956 | acc_phy = 0.954 
| epoch = 30 | step =   110 | loss_pnn = 1.520 | loss_cn = 0.00052039 | acc_sim = 0.956 | acc_phy = 0.954 
| epoch = 30 | step =   120 | loss_pnn = 1.520 | loss_cn = 0.00052091 | acc_sim = 0.956 | acc_phy = 0.953 
Phy accuracy of the network on 10000 test images: 0.950


Current training epoch: 31, learning rate for pnn: 0.000125, learning rate for SEPN: 0.000125
| epoch = 31 | step =    10 | loss_pnn = 1.521 | loss_cn = 0.00049755 | acc_sim = 0.953 | acc_phy = 0.951 
| epoch = 31 | step =    20 | loss_pnn = 1.519 | loss_cn = 0.00048620 | acc_sim = 0.957 | acc_phy = 0.954 
| epoch = 31 | step =    30 | loss_pnn = 1.519 | loss_cn = 0.00047925 | acc_sim = 0.957 | acc_phy = 0.954 
| epoch = 31 | step =    40 | loss_pnn = 1.519 | loss_cn = 0.00048886 | acc_sim = 0.956 | acc_phy = 0.953 
| epoch = 31 | step =    50 | loss_pnn = 1.520 | loss_cn = 0.00048467 | acc_sim = 0.956 | acc_phy = 0.953 
| epoch = 31 | step =    60 | loss_pnn = 1.520 | loss_cn = 0.00048962 | acc_sim = 0.955 | acc_phy = 0.952 
| epoch = 31 | step =    70 | loss_pnn = 1.520 | loss_cn = 0.00049133 | acc_sim = 0.955 | acc_phy = 0.953 
| epoch = 31 | step =    80 | loss_pnn = 1.519 | loss_cn = 0.00048461 | acc_sim = 0.956 | acc_phy = 0.954 
| epoch = 31 | step =    90 | loss_pnn = 1.519 | loss_cn = 0.00048357 | acc_sim = 0.956 | acc_phy = 0.954 
| epoch = 31 | step =   100 | loss_pnn = 1.519 | loss_cn = 0.00048261 | acc_sim = 0.956 | acc_phy = 0.954 
| epoch = 31 | step =   110 | loss_pnn = 1.519 | loss_cn = 0.00048748 | acc_sim = 0.956 | acc_phy = 0.954 
| epoch = 31 | step =   120 | loss_pnn = 1.519 | loss_cn = 0.00048924 | acc_sim = 0.956 | acc_phy = 0.954 
Phy accuracy of the network on 10000 test images: 0.951


Current training epoch: 32, learning rate for pnn: 0.000125, learning rate for SEPN: 0.000125
| epoch = 32 | step =    10 | loss_pnn = 1.519 | loss_cn = 0.00046638 | acc_sim = 0.957 | acc_phy = 0.955 
| epoch = 32 | step =    20 | loss_pnn = 1.518 | loss_cn = 0.00048032 | acc_sim = 0.958 | acc_phy = 0.956 
| epoch = 32 | step =    30 | loss_pnn = 1.518 | loss_cn = 0.00047766 | acc_sim = 0.957 | acc_phy = 0.954 
| epoch = 32 | step =    40 | loss_pnn = 1.519 | loss_cn = 0.00047832 | acc_sim = 0.957 | acc_phy = 0.954 
| epoch = 32 | step =    50 | loss_pnn = 1.519 | loss_cn = 0.00048120 | acc_sim = 0.957 | acc_phy = 0.954 
| epoch = 32 | step =    60 | loss_pnn = 1.519 | loss_cn = 0.00048653 | acc_sim = 0.957 | acc_phy = 0.954 
| epoch = 32 | step =    70 | loss_pnn = 1.519 | loss_cn = 0.00048384 | acc_sim = 0.957 | acc_phy = 0.955 
| epoch = 32 | step =    80 | loss_pnn = 1.519 | loss_cn = 0.00048503 | acc_sim = 0.956 | acc_phy = 0.954 
| epoch = 32 | step =    90 | loss_pnn = 1.519 | loss_cn = 0.00048362 | acc_sim = 0.957 | acc_phy = 0.954 
| epoch = 32 | step =   100 | loss_pnn = 1.519 | loss_cn = 0.00048729 | acc_sim = 0.957 | acc_phy = 0.954 
| epoch = 32 | step =   110 | loss_pnn = 1.519 | loss_cn = 0.00048712 | acc_sim = 0.957 | acc_phy = 0.954 
| epoch = 32 | step =   120 | loss_pnn = 1.519 | loss_cn = 0.00048319 | acc_sim = 0.957 | acc_phy = 0.955 
Phy accuracy of the network on 10000 test images: 0.951


Current training epoch: 33, learning rate for pnn: 0.000125, learning rate for SEPN: 0.000125
| epoch = 33 | step =    10 | loss_pnn = 1.516 | loss_cn = 0.00048318 | acc_sim = 0.962 | acc_phy = 0.957 
| epoch = 33 | step =    20 | loss_pnn = 1.518 | loss_cn = 0.00048666 | acc_sim = 0.958 | acc_phy = 0.954 
| epoch = 33 | step =    30 | loss_pnn = 1.517 | loss_cn = 0.00048017 | acc_sim = 0.959 | acc_phy = 0.955 
| epoch = 33 | step =    40 | loss_pnn = 1.519 | loss_cn = 0.00048961 | acc_sim = 0.958 | acc_phy = 0.954 
| epoch = 33 | step =    50 | loss_pnn = 1.518 | loss_cn = 0.00048870 | acc_sim = 0.958 | acc_phy = 0.955 
| epoch = 33 | step =    60 | loss_pnn = 1.518 | loss_cn = 0.00049026 | acc_sim = 0.957 | acc_phy = 0.955 
| epoch = 33 | step =    70 | loss_pnn = 1.518 | loss_cn = 0.00048352 | acc_sim = 0.958 | acc_phy = 0.955 
| epoch = 33 | step =    80 | loss_pnn = 1.519 | loss_cn = 0.00047963 | acc_sim = 0.957 | acc_phy = 0.955 
| epoch = 33 | step =    90 | loss_pnn = 1.518 | loss_cn = 0.00047614 | acc_sim = 0.958 | acc_phy = 0.955 
| epoch = 33 | step =   100 | loss_pnn = 1.518 | loss_cn = 0.00047602 | acc_sim = 0.958 | acc_phy = 0.955 
| epoch = 33 | step =   110 | loss_pnn = 1.518 | loss_cn = 0.00047824 | acc_sim = 0.957 | acc_phy = 0.955 
| epoch = 33 | step =   120 | loss_pnn = 1.519 | loss_cn = 0.00047802 | acc_sim = 0.957 | acc_phy = 0.955 
Phy accuracy of the network on 10000 test images: 0.951


Current training epoch: 34, learning rate for pnn: 0.000125, learning rate for SEPN: 0.000125
| epoch = 34 | step =    10 | loss_pnn = 1.516 | loss_cn = 0.00045375 | acc_sim = 0.960 | acc_phy = 0.958 
| epoch = 34 | step =    20 | loss_pnn = 1.520 | loss_cn = 0.00047578 | acc_sim = 0.955 | acc_phy = 0.954 
| epoch = 34 | step =    30 | loss_pnn = 1.519 | loss_cn = 0.00046966 | acc_sim = 0.956 | acc_phy = 0.955 
| epoch = 34 | step =    40 | loss_pnn = 1.519 | loss_cn = 0.00047535 | acc_sim = 0.957 | acc_phy = 0.956 
| epoch = 34 | step =    50 | loss_pnn = 1.519 | loss_cn = 0.00048046 | acc_sim = 0.958 | acc_phy = 0.956 
| epoch = 34 | step =    60 | loss_pnn = 1.518 | loss_cn = 0.00047288 | acc_sim = 0.958 | acc_phy = 0.956 
| epoch = 34 | step =    70 | loss_pnn = 1.518 | loss_cn = 0.00047616 | acc_sim = 0.958 | acc_phy = 0.955 
| epoch = 34 | step =    80 | loss_pnn = 1.518 | loss_cn = 0.00048371 | acc_sim = 0.958 | acc_phy = 0.955 
| epoch = 34 | step =    90 | loss_pnn = 1.518 | loss_cn = 0.00048048 | acc_sim = 0.958 | acc_phy = 0.955 
| epoch = 34 | step =   100 | loss_pnn = 1.518 | loss_cn = 0.00047735 | acc_sim = 0.958 | acc_phy = 0.955 
| epoch = 34 | step =   110 | loss_pnn = 1.518 | loss_cn = 0.00047749 | acc_sim = 0.958 | acc_phy = 0.955 
| epoch = 34 | step =   120 | loss_pnn = 1.518 | loss_cn = 0.00047711 | acc_sim = 0.958 | acc_phy = 0.955 
Phy accuracy of the network on 10000 test images: 0.951


Current training epoch: 35, learning rate for pnn: 0.000125, learning rate for SEPN: 0.000125
| epoch = 35 | step =    10 | loss_pnn = 1.519 | loss_cn = 0.00047020 | acc_sim = 0.956 | acc_phy = 0.953 
| epoch = 35 | step =    20 | loss_pnn = 1.519 | loss_cn = 0.00048004 | acc_sim = 0.955 | acc_phy = 0.952 
| epoch = 35 | step =    30 | loss_pnn = 1.518 | loss_cn = 0.00047649 | acc_sim = 0.957 | acc_phy = 0.955 
| epoch = 35 | step =    40 | loss_pnn = 1.518 | loss_cn = 0.00046099 | acc_sim = 0.957 | acc_phy = 0.955 
| epoch = 35 | step =    50 | loss_pnn = 1.517 | loss_cn = 0.00045377 | acc_sim = 0.957 | acc_phy = 0.955 
| epoch = 35 | step =    60 | loss_pnn = 1.518 | loss_cn = 0.00047055 | acc_sim = 0.957 | acc_phy = 0.954 
| epoch = 35 | step =    70 | loss_pnn = 1.518 | loss_cn = 0.00046911 | acc_sim = 0.957 | acc_phy = 0.955 
| epoch = 35 | step =    80 | loss_pnn = 1.518 | loss_cn = 0.00047055 | acc_sim = 0.958 | acc_phy = 0.955 
| epoch = 35 | step =    90 | loss_pnn = 1.519 | loss_cn = 0.00047534 | acc_sim = 0.957 | acc_phy = 0.955 
| epoch = 35 | step =   100 | loss_pnn = 1.518 | loss_cn = 0.00047782 | acc_sim = 0.957 | acc_phy = 0.955 
| epoch = 35 | step =   110 | loss_pnn = 1.518 | loss_cn = 0.00047355 | acc_sim = 0.957 | acc_phy = 0.955 
| epoch = 35 | step =   120 | loss_pnn = 1.518 | loss_cn = 0.00047229 | acc_sim = 0.957 | acc_phy = 0.955 
Phy accuracy of the network on 10000 test images: 0.951


Current training epoch: 36, learning rate for pnn: 0.000125, learning rate for SEPN: 0.000125
| epoch = 36 | step =    10 | loss_pnn = 1.516 | loss_cn = 0.00046237 | acc_sim = 0.961 | acc_phy = 0.957 
| epoch = 36 | step =    20 | loss_pnn = 1.517 | loss_cn = 0.00044224 | acc_sim = 0.960 | acc_phy = 0.956 
| epoch = 36 | step =    30 | loss_pnn = 1.517 | loss_cn = 0.00044429 | acc_sim = 0.960 | acc_phy = 0.957 
| epoch = 36 | step =    40 | loss_pnn = 1.517 | loss_cn = 0.00044369 | acc_sim = 0.960 | acc_phy = 0.957 
| epoch = 36 | step =    50 | loss_pnn = 1.517 | loss_cn = 0.00045498 | acc_sim = 0.959 | acc_phy = 0.956 
| epoch = 36 | step =    60 | loss_pnn = 1.518 | loss_cn = 0.00045703 | acc_sim = 0.959 | acc_phy = 0.955 
| epoch = 36 | step =    70 | loss_pnn = 1.518 | loss_cn = 0.00046374 | acc_sim = 0.958 | acc_phy = 0.955 
| epoch = 36 | step =    80 | loss_pnn = 1.518 | loss_cn = 0.00046603 | acc_sim = 0.958 | acc_phy = 0.955 
| epoch = 36 | step =    90 | loss_pnn = 1.518 | loss_cn = 0.00046273 | acc_sim = 0.958 | acc_phy = 0.955 
| epoch = 36 | step =   100 | loss_pnn = 1.518 | loss_cn = 0.00046093 | acc_sim = 0.958 | acc_phy = 0.955 
| epoch = 36 | step =   110 | loss_pnn = 1.518 | loss_cn = 0.00046308 | acc_sim = 0.958 | acc_phy = 0.955 
| epoch = 36 | step =   120 | loss_pnn = 1.518 | loss_cn = 0.00046620 | acc_sim = 0.958 | acc_phy = 0.955 
Phy accuracy of the network on 10000 test images: 0.951


Current training epoch: 37, learning rate for pnn: 0.000125, learning rate for SEPN: 0.000125
| epoch = 37 | step =    10 | loss_pnn = 1.515 | loss_cn = 0.00041489 | acc_sim = 0.960 | acc_phy = 0.957 
| epoch = 37 | step =    20 | loss_pnn = 1.517 | loss_cn = 0.00045567 | acc_sim = 0.958 | acc_phy = 0.955 
| epoch = 37 | step =    30 | loss_pnn = 1.518 | loss_cn = 0.00046011 | acc_sim = 0.958 | acc_phy = 0.954 
| epoch = 37 | step =    40 | loss_pnn = 1.516 | loss_cn = 0.00044624 | acc_sim = 0.959 | acc_phy = 0.956 
| epoch = 37 | step =    50 | loss_pnn = 1.517 | loss_cn = 0.00044619 | acc_sim = 0.959 | acc_phy = 0.956 
| epoch = 37 | step =    60 | loss_pnn = 1.517 | loss_cn = 0.00044571 | acc_sim = 0.958 | acc_phy = 0.956 
| epoch = 37 | step =    70 | loss_pnn = 1.517 | loss_cn = 0.00045730 | acc_sim = 0.958 | acc_phy = 0.956 
| epoch = 37 | step =    80 | loss_pnn = 1.518 | loss_cn = 0.00045844 | acc_sim = 0.958 | acc_phy = 0.955 
| epoch = 37 | step =    90 | loss_pnn = 1.518 | loss_cn = 0.00045892 | acc_sim = 0.958 | acc_phy = 0.955 
| epoch = 37 | step =   100 | loss_pnn = 1.518 | loss_cn = 0.00046142 | acc_sim = 0.958 | acc_phy = 0.956 
| epoch = 37 | step =   110 | loss_pnn = 1.518 | loss_cn = 0.00046448 | acc_sim = 0.958 | acc_phy = 0.955 
| epoch = 37 | step =   120 | loss_pnn = 1.518 | loss_cn = 0.00046421 | acc_sim = 0.958 | acc_phy = 0.955 
Phy accuracy of the network on 10000 test images: 0.952


Current training epoch: 38, learning rate for pnn: 0.000125, learning rate for SEPN: 0.000125
| epoch = 38 | step =    10 | loss_pnn = 1.518 | loss_cn = 0.00042145 | acc_sim = 0.958 | acc_phy = 0.956 
| epoch = 38 | step =    20 | loss_pnn = 1.517 | loss_cn = 0.00042379 | acc_sim = 0.959 | acc_phy = 0.956 
| epoch = 38 | step =    30 | loss_pnn = 1.518 | loss_cn = 0.00043953 | acc_sim = 0.958 | acc_phy = 0.955 
| epoch = 38 | step =    40 | loss_pnn = 1.518 | loss_cn = 0.00044235 | acc_sim = 0.959 | acc_phy = 0.956 
| epoch = 38 | step =    50 | loss_pnn = 1.518 | loss_cn = 0.00045387 | acc_sim = 0.958 | acc_phy = 0.956 
| epoch = 38 | step =    60 | loss_pnn = 1.518 | loss_cn = 0.00045829 | acc_sim = 0.959 | acc_phy = 0.956 
| epoch = 38 | step =    70 | loss_pnn = 1.518 | loss_cn = 0.00046065 | acc_sim = 0.958 | acc_phy = 0.956 
| epoch = 38 | step =    80 | loss_pnn = 1.518 | loss_cn = 0.00046381 | acc_sim = 0.958 | acc_phy = 0.955 
| epoch = 38 | step =    90 | loss_pnn = 1.518 | loss_cn = 0.00045809 | acc_sim = 0.958 | acc_phy = 0.956 
| epoch = 38 | step =   100 | loss_pnn = 1.518 | loss_cn = 0.00045919 | acc_sim = 0.958 | acc_phy = 0.955 
| epoch = 38 | step =   110 | loss_pnn = 1.518 | loss_cn = 0.00045913 | acc_sim = 0.958 | acc_phy = 0.956 
| epoch = 38 | step =   120 | loss_pnn = 1.518 | loss_cn = 0.00045712 | acc_sim = 0.958 | acc_phy = 0.956 
Phy accuracy of the network on 10000 test images: 0.952


Current training epoch: 39, learning rate for pnn: 0.000125, learning rate for SEPN: 0.000125
| epoch = 39 | step =    10 | loss_pnn = 1.514 | loss_cn = 0.00041365 | acc_sim = 0.963 | acc_phy = 0.961 
| epoch = 39 | step =    20 | loss_pnn = 1.517 | loss_cn = 0.00043603 | acc_sim = 0.959 | acc_phy = 0.958 
| epoch = 39 | step =    30 | loss_pnn = 1.518 | loss_cn = 0.00046870 | acc_sim = 0.957 | acc_phy = 0.955 
| epoch = 39 | step =    40 | loss_pnn = 1.518 | loss_cn = 0.00046955 | acc_sim = 0.958 | acc_phy = 0.955 
| epoch = 39 | step =    50 | loss_pnn = 1.518 | loss_cn = 0.00046824 | acc_sim = 0.957 | acc_phy = 0.956 
| epoch = 39 | step =    60 | loss_pnn = 1.518 | loss_cn = 0.00045771 | acc_sim = 0.958 | acc_phy = 0.956 
| epoch = 39 | step =    70 | loss_pnn = 1.518 | loss_cn = 0.00045954 | acc_sim = 0.958 | acc_phy = 0.956 
| epoch = 39 | step =    80 | loss_pnn = 1.518 | loss_cn = 0.00045988 | acc_sim = 0.958 | acc_phy = 0.956 
| epoch = 39 | step =    90 | loss_pnn = 1.518 | loss_cn = 0.00046350 | acc_sim = 0.958 | acc_phy = 0.956 
| epoch = 39 | step =   100 | loss_pnn = 1.518 | loss_cn = 0.00045908 | acc_sim = 0.958 | acc_phy = 0.955 
| epoch = 39 | step =   110 | loss_pnn = 1.518 | loss_cn = 0.00045559 | acc_sim = 0.958 | acc_phy = 0.955 
| epoch = 39 | step =   120 | loss_pnn = 1.517 | loss_cn = 0.00045577 | acc_sim = 0.958 | acc_phy = 0.956 
Phy accuracy of the network on 10000 test images: 0.952


Current training epoch: 40, learning rate for pnn: 0.000125, learning rate for SEPN: 0.000125
| epoch = 40 | step =    10 | loss_pnn = 1.520 | loss_cn = 0.00045278 | acc_sim = 0.957 | acc_phy = 0.953 
| epoch = 40 | step =    20 | loss_pnn = 1.519 | loss_cn = 0.00043918 | acc_sim = 0.957 | acc_phy = 0.955 
| epoch = 40 | step =    30 | loss_pnn = 1.519 | loss_cn = 0.00043119 | acc_sim = 0.958 | acc_phy = 0.956 
| epoch = 40 | step =    40 | loss_pnn = 1.518 | loss_cn = 0.00043921 | acc_sim = 0.958 | acc_phy = 0.957 
| epoch = 40 | step =    50 | loss_pnn = 1.518 | loss_cn = 0.00044886 | acc_sim = 0.958 | acc_phy = 0.956 
| epoch = 40 | step =    60 | loss_pnn = 1.517 | loss_cn = 0.00044180 | acc_sim = 0.959 | acc_phy = 0.957 
| epoch = 40 | step =    70 | loss_pnn = 1.518 | loss_cn = 0.00044482 | acc_sim = 0.958 | acc_phy = 0.956 
| epoch = 40 | step =    80 | loss_pnn = 1.517 | loss_cn = 0.00044124 | acc_sim = 0.959 | acc_phy = 0.957 
| epoch = 40 | step =    90 | loss_pnn = 1.517 | loss_cn = 0.00044276 | acc_sim = 0.958 | acc_phy = 0.956 
| epoch = 40 | step =   100 | loss_pnn = 1.518 | loss_cn = 0.00045331 | acc_sim = 0.958 | acc_phy = 0.956 
| epoch = 40 | step =   110 | loss_pnn = 1.518 | loss_cn = 0.00045402 | acc_sim = 0.958 | acc_phy = 0.956 
| epoch = 40 | step =   120 | loss_pnn = 1.517 | loss_cn = 0.00045151 | acc_sim = 0.958 | acc_phy = 0.956 
Phy accuracy of the network on 10000 test images: 0.953


Current training epoch: 41, learning rate for pnn: 6.25e-05, learning rate for SEPN: 6.25e-05
| epoch = 41 | step =    10 | loss_pnn = 1.517 | loss_cn = 0.00044200 | acc_sim = 0.959 | acc_phy = 0.957 
| epoch = 41 | step =    20 | loss_pnn = 1.517 | loss_cn = 0.00043048 | acc_sim = 0.960 | acc_phy = 0.956 
| epoch = 41 | step =    30 | loss_pnn = 1.517 | loss_cn = 0.00042658 | acc_sim = 0.958 | acc_phy = 0.955 
| epoch = 41 | step =    40 | loss_pnn = 1.517 | loss_cn = 0.00043353 | acc_sim = 0.959 | acc_phy = 0.956 
| epoch = 41 | step =    50 | loss_pnn = 1.518 | loss_cn = 0.00043696 | acc_sim = 0.958 | acc_phy = 0.955 
| epoch = 41 | step =    60 | loss_pnn = 1.517 | loss_cn = 0.00043293 | acc_sim = 0.959 | acc_phy = 0.957 
| epoch = 41 | step =    70 | loss_pnn = 1.517 | loss_cn = 0.00044242 | acc_sim = 0.959 | acc_phy = 0.956 
| epoch = 41 | step =    80 | loss_pnn = 1.517 | loss_cn = 0.00044594 | acc_sim = 0.959 | acc_phy = 0.956 
| epoch = 41 | step =    90 | loss_pnn = 1.517 | loss_cn = 0.00044524 | acc_sim = 0.959 | acc_phy = 0.956 
| epoch = 41 | step =   100 | loss_pnn = 1.517 | loss_cn = 0.00044461 | acc_sim = 0.959 | acc_phy = 0.956 
| epoch = 41 | step =   110 | loss_pnn = 1.517 | loss_cn = 0.00044203 | acc_sim = 0.959 | acc_phy = 0.956 
| epoch = 41 | step =   120 | loss_pnn = 1.517 | loss_cn = 0.00044019 | acc_sim = 0.959 | acc_phy = 0.956 
Phy accuracy of the network on 10000 test images: 0.953


Current training epoch: 42, learning rate for pnn: 6.25e-05, learning rate for SEPN: 6.25e-05
| epoch = 42 | step =    10 | loss_pnn = 1.516 | loss_cn = 0.00043391 | acc_sim = 0.961 | acc_phy = 0.956 
| epoch = 42 | step =    20 | loss_pnn = 1.514 | loss_cn = 0.00042555 | acc_sim = 0.962 | acc_phy = 0.959 
| epoch = 42 | step =    30 | loss_pnn = 1.514 | loss_cn = 0.00042623 | acc_sim = 0.962 | acc_phy = 0.959 
| epoch = 42 | step =    40 | loss_pnn = 1.516 | loss_cn = 0.00043575 | acc_sim = 0.960 | acc_phy = 0.958 
| epoch = 42 | step =    50 | loss_pnn = 1.516 | loss_cn = 0.00043515 | acc_sim = 0.960 | acc_phy = 0.957 
| epoch = 42 | step =    60 | loss_pnn = 1.516 | loss_cn = 0.00042844 | acc_sim = 0.959 | acc_phy = 0.957 
| epoch = 42 | step =    70 | loss_pnn = 1.516 | loss_cn = 0.00043085 | acc_sim = 0.960 | acc_phy = 0.957 
| epoch = 42 | step =    80 | loss_pnn = 1.516 | loss_cn = 0.00043040 | acc_sim = 0.960 | acc_phy = 0.957 
| epoch = 42 | step =    90 | loss_pnn = 1.517 | loss_cn = 0.00043016 | acc_sim = 0.959 | acc_phy = 0.957 
| epoch = 42 | step =   100 | loss_pnn = 1.517 | loss_cn = 0.00043266 | acc_sim = 0.959 | acc_phy = 0.957 
| epoch = 42 | step =   110 | loss_pnn = 1.517 | loss_cn = 0.00043732 | acc_sim = 0.959 | acc_phy = 0.957 
| epoch = 42 | step =   120 | loss_pnn = 1.517 | loss_cn = 0.00043682 | acc_sim = 0.959 | acc_phy = 0.956 
Phy accuracy of the network on 10000 test images: 0.953


Current training epoch: 43, learning rate for pnn: 6.25e-05, learning rate for SEPN: 6.25e-05
| epoch = 43 | step =    10 | loss_pnn = 1.516 | loss_cn = 0.00044979 | acc_sim = 0.959 | acc_phy = 0.956 
| epoch = 43 | step =    20 | loss_pnn = 1.517 | loss_cn = 0.00044420 | acc_sim = 0.959 | acc_phy = 0.956 
| epoch = 43 | step =    30 | loss_pnn = 1.518 | loss_cn = 0.00043788 | acc_sim = 0.958 | acc_phy = 0.956 
| epoch = 43 | step =    40 | loss_pnn = 1.517 | loss_cn = 0.00043755 | acc_sim = 0.959 | acc_phy = 0.956 
| epoch = 43 | step =    50 | loss_pnn = 1.517 | loss_cn = 0.00043388 | acc_sim = 0.958 | acc_phy = 0.956 
| epoch = 43 | step =    60 | loss_pnn = 1.517 | loss_cn = 0.00043434 | acc_sim = 0.959 | acc_phy = 0.956 
| epoch = 43 | step =    70 | loss_pnn = 1.517 | loss_cn = 0.00043605 | acc_sim = 0.959 | acc_phy = 0.956 
| epoch = 43 | step =    80 | loss_pnn = 1.517 | loss_cn = 0.00043480 | acc_sim = 0.959 | acc_phy = 0.956 
| epoch = 43 | step =    90 | loss_pnn = 1.517 | loss_cn = 0.00043291 | acc_sim = 0.959 | acc_phy = 0.957 
| epoch = 43 | step =   100 | loss_pnn = 1.517 | loss_cn = 0.00043446 | acc_sim = 0.959 | acc_phy = 0.957 
| epoch = 43 | step =   110 | loss_pnn = 1.517 | loss_cn = 0.00043689 | acc_sim = 0.959 | acc_phy = 0.957 
| epoch = 43 | step =   120 | loss_pnn = 1.517 | loss_cn = 0.00043637 | acc_sim = 0.959 | acc_phy = 0.957 
Phy accuracy of the network on 10000 test images: 0.953


Current training epoch: 44, learning rate for pnn: 6.25e-05, learning rate for SEPN: 6.25e-05
| epoch = 44 | step =    10 | loss_pnn = 1.520 | loss_cn = 0.00046428 | acc_sim = 0.957 | acc_phy = 0.954 
| epoch = 44 | step =    20 | loss_pnn = 1.518 | loss_cn = 0.00044324 | acc_sim = 0.959 | acc_phy = 0.957 
| epoch = 44 | step =    30 | loss_pnn = 1.517 | loss_cn = 0.00042884 | acc_sim = 0.959 | acc_phy = 0.958 
| epoch = 44 | step =    40 | loss_pnn = 1.516 | loss_cn = 0.00042498 | acc_sim = 0.960 | acc_phy = 0.958 
| epoch = 44 | step =    50 | loss_pnn = 1.517 | loss_cn = 0.00043206 | acc_sim = 0.959 | acc_phy = 0.957 
| epoch = 44 | step =    60 | loss_pnn = 1.517 | loss_cn = 0.00043695 | acc_sim = 0.959 | acc_phy = 0.957 
| epoch = 44 | step =    70 | loss_pnn = 1.517 | loss_cn = 0.00043488 | acc_sim = 0.959 | acc_phy = 0.957 
| epoch = 44 | step =    80 | loss_pnn = 1.517 | loss_cn = 0.00043566 | acc_sim = 0.959 | acc_phy = 0.957 
| epoch = 44 | step =    90 | loss_pnn = 1.517 | loss_cn = 0.00043544 | acc_sim = 0.959 | acc_phy = 0.957 
| epoch = 44 | step =   100 | loss_pnn = 1.517 | loss_cn = 0.00043388 | acc_sim = 0.960 | acc_phy = 0.957 
| epoch = 44 | step =   110 | loss_pnn = 1.517 | loss_cn = 0.00043814 | acc_sim = 0.959 | acc_phy = 0.957 
| epoch = 44 | step =   120 | loss_pnn = 1.517 | loss_cn = 0.00043549 | acc_sim = 0.959 | acc_phy = 0.957 
Phy accuracy of the network on 10000 test images: 0.953


Current training epoch: 45, learning rate for pnn: 6.25e-05, learning rate for SEPN: 6.25e-05
| epoch = 45 | step =    10 | loss_pnn = 1.518 | loss_cn = 0.00042201 | acc_sim = 0.956 | acc_phy = 0.955 
| epoch = 45 | step =    20 | loss_pnn = 1.516 | loss_cn = 0.00041467 | acc_sim = 0.959 | acc_phy = 0.958 
| epoch = 45 | step =    30 | loss_pnn = 1.517 | loss_cn = 0.00042818 | acc_sim = 0.959 | acc_phy = 0.957 
| epoch = 45 | step =    40 | loss_pnn = 1.517 | loss_cn = 0.00042481 | acc_sim = 0.959 | acc_phy = 0.957 
| epoch = 45 | step =    50 | loss_pnn = 1.516 | loss_cn = 0.00042966 | acc_sim = 0.959 | acc_phy = 0.957 
| epoch = 45 | step =    60 | loss_pnn = 1.517 | loss_cn = 0.00043693 | acc_sim = 0.959 | acc_phy = 0.956 
| epoch = 45 | step =    70 | loss_pnn = 1.517 | loss_cn = 0.00043323 | acc_sim = 0.960 | acc_phy = 0.957 
| epoch = 45 | step =    80 | loss_pnn = 1.517 | loss_cn = 0.00043276 | acc_sim = 0.960 | acc_phy = 0.957 
| epoch = 45 | step =    90 | loss_pnn = 1.517 | loss_cn = 0.00043295 | acc_sim = 0.959 | acc_phy = 0.957 
| epoch = 45 | step =   100 | loss_pnn = 1.517 | loss_cn = 0.00043298 | acc_sim = 0.959 | acc_phy = 0.957 
| epoch = 45 | step =   110 | loss_pnn = 1.517 | loss_cn = 0.00043535 | acc_sim = 0.959 | acc_phy = 0.957 
| epoch = 45 | step =   120 | loss_pnn = 1.517 | loss_cn = 0.00043374 | acc_sim = 0.959 | acc_phy = 0.957 
Phy accuracy of the network on 10000 test images: 0.953


Current training epoch: 46, learning rate for pnn: 6.25e-05, learning rate for SEPN: 6.25e-05
| epoch = 46 | step =    10 | loss_pnn = 1.516 | loss_cn = 0.00041683 | acc_sim = 0.959 | acc_phy = 0.955 
| epoch = 46 | step =    20 | loss_pnn = 1.517 | loss_cn = 0.00044105 | acc_sim = 0.958 | acc_phy = 0.955 
| epoch = 46 | step =    30 | loss_pnn = 1.517 | loss_cn = 0.00043692 | acc_sim = 0.960 | acc_phy = 0.956 
| epoch = 46 | step =    40 | loss_pnn = 1.516 | loss_cn = 0.00044151 | acc_sim = 0.961 | acc_phy = 0.957 
| epoch = 46 | step =    50 | loss_pnn = 1.516 | loss_cn = 0.00043727 | acc_sim = 0.960 | acc_phy = 0.957 
| epoch = 46 | step =    60 | loss_pnn = 1.516 | loss_cn = 0.00043388 | acc_sim = 0.960 | acc_phy = 0.957 
| epoch = 46 | step =    70 | loss_pnn = 1.516 | loss_cn = 0.00043463 | acc_sim = 0.960 | acc_phy = 0.957 
| epoch = 46 | step =    80 | loss_pnn = 1.516 | loss_cn = 0.00043610 | acc_sim = 0.960 | acc_phy = 0.957 
| epoch = 46 | step =    90 | loss_pnn = 1.516 | loss_cn = 0.00043434 | acc_sim = 0.960 | acc_phy = 0.958 
| epoch = 46 | step =   100 | loss_pnn = 1.516 | loss_cn = 0.00043203 | acc_sim = 0.960 | acc_phy = 0.958 
| epoch = 46 | step =   110 | loss_pnn = 1.517 | loss_cn = 0.00043185 | acc_sim = 0.959 | acc_phy = 0.957 
| epoch = 46 | step =   120 | loss_pnn = 1.517 | loss_cn = 0.00043410 | acc_sim = 0.959 | acc_phy = 0.957 
Phy accuracy of the network on 10000 test images: 0.953


Current training epoch: 47, learning rate for pnn: 6.25e-05, learning rate for SEPN: 6.25e-05
| epoch = 47 | step =    10 | loss_pnn = 1.519 | loss_cn = 0.00043665 | acc_sim = 0.956 | acc_phy = 0.954 
| epoch = 47 | step =    20 | loss_pnn = 1.517 | loss_cn = 0.00042147 | acc_sim = 0.958 | acc_phy = 0.957 
| epoch = 47 | step =    30 | loss_pnn = 1.518 | loss_cn = 0.00043348 | acc_sim = 0.958 | acc_phy = 0.956 
| epoch = 47 | step =    40 | loss_pnn = 1.517 | loss_cn = 0.00042897 | acc_sim = 0.958 | acc_phy = 0.956 
| epoch = 47 | step =    50 | loss_pnn = 1.517 | loss_cn = 0.00043079 | acc_sim = 0.958 | acc_phy = 0.956 
| epoch = 47 | step =    60 | loss_pnn = 1.517 | loss_cn = 0.00043057 | acc_sim = 0.958 | acc_phy = 0.956 
| epoch = 47 | step =    70 | loss_pnn = 1.517 | loss_cn = 0.00043154 | acc_sim = 0.958 | acc_phy = 0.957 
| epoch = 47 | step =    80 | loss_pnn = 1.517 | loss_cn = 0.00042880 | acc_sim = 0.959 | acc_phy = 0.957 
| epoch = 47 | step =    90 | loss_pnn = 1.517 | loss_cn = 0.00043480 | acc_sim = 0.959 | acc_phy = 0.957 
| epoch = 47 | step =   100 | loss_pnn = 1.517 | loss_cn = 0.00043545 | acc_sim = 0.959 | acc_phy = 0.957 
| epoch = 47 | step =   110 | loss_pnn = 1.517 | loss_cn = 0.00043819 | acc_sim = 0.959 | acc_phy = 0.957 
| epoch = 47 | step =   120 | loss_pnn = 1.517 | loss_cn = 0.00043573 | acc_sim = 0.959 | acc_phy = 0.957 
Phy accuracy of the network on 10000 test images: 0.954


Current training epoch: 48, learning rate for pnn: 6.25e-05, learning rate for SEPN: 6.25e-05
| epoch = 48 | step =    10 | loss_pnn = 1.516 | loss_cn = 0.00037610 | acc_sim = 0.959 | acc_phy = 0.957 
| epoch = 48 | step =    20 | loss_pnn = 1.518 | loss_cn = 0.00038238 | acc_sim = 0.957 | acc_phy = 0.954 
| epoch = 48 | step =    30 | loss_pnn = 1.518 | loss_cn = 0.00039666 | acc_sim = 0.958 | acc_phy = 0.954 
| epoch = 48 | step =    40 | loss_pnn = 1.517 | loss_cn = 0.00040487 | acc_sim = 0.958 | acc_phy = 0.956 
| epoch = 48 | step =    50 | loss_pnn = 1.517 | loss_cn = 0.00041993 | acc_sim = 0.959 | acc_phy = 0.957 
| epoch = 48 | step =    60 | loss_pnn = 1.517 | loss_cn = 0.00042126 | acc_sim = 0.959 | acc_phy = 0.957 
| epoch = 48 | step =    70 | loss_pnn = 1.517 | loss_cn = 0.00042599 | acc_sim = 0.959 | acc_phy = 0.957 
| epoch = 48 | step =    80 | loss_pnn = 1.516 | loss_cn = 0.00042884 | acc_sim = 0.960 | acc_phy = 0.957 
| epoch = 48 | step =    90 | loss_pnn = 1.517 | loss_cn = 0.00043015 | acc_sim = 0.959 | acc_phy = 0.957 
| epoch = 48 | step =   100 | loss_pnn = 1.516 | loss_cn = 0.00043297 | acc_sim = 0.959 | acc_phy = 0.957 
| epoch = 48 | step =   110 | loss_pnn = 1.516 | loss_cn = 0.00043414 | acc_sim = 0.960 | acc_phy = 0.957 
| epoch = 48 | step =   120 | loss_pnn = 1.517 | loss_cn = 0.00043247 | acc_sim = 0.959 | acc_phy = 0.957 
Phy accuracy of the network on 10000 test images: 0.953


Current training epoch: 49, learning rate for pnn: 6.25e-05, learning rate for SEPN: 6.25e-05
| epoch = 49 | step =    10 | loss_pnn = 1.517 | loss_cn = 0.00043317 | acc_sim = 0.958 | acc_phy = 0.956 
| epoch = 49 | step =    20 | loss_pnn = 1.515 | loss_cn = 0.00041737 | acc_sim = 0.961 | acc_phy = 0.959 
| epoch = 49 | step =    30 | loss_pnn = 1.516 | loss_cn = 0.00042125 | acc_sim = 0.960 | acc_phy = 0.958 
| epoch = 49 | step =    40 | loss_pnn = 1.516 | loss_cn = 0.00042437 | acc_sim = 0.960 | acc_phy = 0.958 
| epoch = 49 | step =    50 | loss_pnn = 1.517 | loss_cn = 0.00043595 | acc_sim = 0.959 | acc_phy = 0.957 
| epoch = 49 | step =    60 | loss_pnn = 1.516 | loss_cn = 0.00043469 | acc_sim = 0.959 | acc_phy = 0.958 
| epoch = 49 | step =    70 | loss_pnn = 1.517 | loss_cn = 0.00044225 | acc_sim = 0.959 | acc_phy = 0.957 
| epoch = 49 | step =    80 | loss_pnn = 1.517 | loss_cn = 0.00044232 | acc_sim = 0.959 | acc_phy = 0.957 
| epoch = 49 | step =    90 | loss_pnn = 1.517 | loss_cn = 0.00044379 | acc_sim = 0.960 | acc_phy = 0.957 
| epoch = 49 | step =   100 | loss_pnn = 1.517 | loss_cn = 0.00044000 | acc_sim = 0.959 | acc_phy = 0.957 
| epoch = 49 | step =   110 | loss_pnn = 1.516 | loss_cn = 0.00043459 | acc_sim = 0.960 | acc_phy = 0.957 
| epoch = 49 | step =   120 | loss_pnn = 1.517 | loss_cn = 0.00043421 | acc_sim = 0.959 | acc_phy = 0.957 
Phy accuracy of the network on 10000 test images: 0.954


Current training epoch: 50, learning rate for pnn: 6.25e-05, learning rate for SEPN: 6.25e-05
| epoch = 50 | step =    10 | loss_pnn = 1.519 | loss_cn = 0.00042418 | acc_sim = 0.957 | acc_phy = 0.954 
| epoch = 50 | step =    20 | loss_pnn = 1.516 | loss_cn = 0.00041543 | acc_sim = 0.960 | acc_phy = 0.957 
| epoch = 50 | step =    30 | loss_pnn = 1.517 | loss_cn = 0.00042611 | acc_sim = 0.959 | acc_phy = 0.956 
| epoch = 50 | step =    40 | loss_pnn = 1.517 | loss_cn = 0.00041962 | acc_sim = 0.959 | acc_phy = 0.957 
| epoch = 50 | step =    50 | loss_pnn = 1.517 | loss_cn = 0.00041705 | acc_sim = 0.959 | acc_phy = 0.957 
| epoch = 50 | step =    60 | loss_pnn = 1.517 | loss_cn = 0.00042810 | acc_sim = 0.959 | acc_phy = 0.957 
| epoch = 50 | step =    70 | loss_pnn = 1.517 | loss_cn = 0.00042572 | acc_sim = 0.959 | acc_phy = 0.956 
| epoch = 50 | step =    80 | loss_pnn = 1.517 | loss_cn = 0.00042376 | acc_sim = 0.959 | acc_phy = 0.956 
| epoch = 50 | step =    90 | loss_pnn = 1.517 | loss_cn = 0.00042691 | acc_sim = 0.958 | acc_phy = 0.956 
| epoch = 50 | step =   100 | loss_pnn = 1.517 | loss_cn = 0.00042612 | acc_sim = 0.959 | acc_phy = 0.956 
| epoch = 50 | step =   110 | loss_pnn = 1.517 | loss_cn = 0.00042848 | acc_sim = 0.959 | acc_phy = 0.957 
| epoch = 50 | step =   120 | loss_pnn = 1.517 | loss_cn = 0.00043011 | acc_sim = 0.959 | acc_phy = 0.957 
Phy accuracy of the network on 10000 test images: 0.954

Finished training. Elapsed time of training = 2:33:52.905122
