Training new model from scratch......
--------------------------
Training with SEPN
--------------------------

Current training epoch: 1, learning rate for pnn: 0.001, learning rate for SEPN: 0.001
| epoch = 1 | step =    10 | loss_pnn = 2.272 | loss_cn = 0.01296765 | acc_sim = 0.307 | acc_phy = 0.141 
| epoch = 1 | step =    20 | loss_pnn = 2.249 | loss_cn = 0.01289945 | acc_sim = 0.428 | acc_phy = 0.193 
| epoch = 1 | step =    30 | loss_pnn = 2.232 | loss_cn = 0.01246210 | acc_sim = 0.490 | acc_phy = 0.240 
| epoch = 1 | step =    40 | loss_pnn = 2.220 | loss_cn = 0.01189307 | acc_sim = 0.527 | acc_phy = 0.268 
| epoch = 1 | step =    50 | loss_pnn = 2.211 | loss_cn = 0.01149201 | acc_sim = 0.550 | acc_phy = 0.287 
| epoch = 1 | step =    60 | loss_pnn = 2.204 | loss_cn = 0.01114122 | acc_sim = 0.569 | acc_phy = 0.301 
| epoch = 1 | step =    70 | loss_pnn = 2.196 | loss_cn = 0.01070305 | acc_sim = 0.587 | acc_phy = 0.315 
| epoch = 1 | step =    80 | loss_pnn = 2.189 | loss_cn = 0.01026383 | acc_sim = 0.602 | acc_phy = 0.324 
| epoch = 1 | step =    90 | loss_pnn = 2.182 | loss_cn = 0.00989013 | acc_sim = 0.614 | acc_phy = 0.334 
| epoch = 1 | step =   100 | loss_pnn = 2.176 | loss_cn = 0.00955460 | acc_sim = 0.625 | acc_phy = 0.341 
| epoch = 1 | step =   110 | loss_pnn = 2.170 | loss_cn = 0.00926759 | acc_sim = 0.636 | acc_phy = 0.348 
| epoch = 1 | step =   120 | loss_pnn = 2.165 | loss_cn = 0.00898129 | acc_sim = 0.646 | acc_phy = 0.356 
Phy accuracy of the network on 10000 test images: 0.426


Current training epoch: 2, learning rate for pnn: 0.001, learning rate for SEPN: 0.001
| epoch = 2 | step =    10 | loss_pnn = 2.097 | loss_cn = 0.00554706 | acc_sim = 0.757 | acc_phy = 0.460 
| epoch = 2 | step =    20 | loss_pnn = 2.099 | loss_cn = 0.00541109 | acc_sim = 0.754 | acc_phy = 0.449 
| epoch = 2 | step =    30 | loss_pnn = 2.099 | loss_cn = 0.00533561 | acc_sim = 0.759 | acc_phy = 0.441 
| epoch = 2 | step =    40 | loss_pnn = 2.097 | loss_cn = 0.00525690 | acc_sim = 0.761 | acc_phy = 0.446 
| epoch = 2 | step =    50 | loss_pnn = 2.095 | loss_cn = 0.00515920 | acc_sim = 0.764 | acc_phy = 0.448 
| epoch = 2 | step =    60 | loss_pnn = 2.094 | loss_cn = 0.00511137 | acc_sim = 0.766 | acc_phy = 0.449 
| epoch = 2 | step =    70 | loss_pnn = 2.093 | loss_cn = 0.00503158 | acc_sim = 0.769 | acc_phy = 0.449 
| epoch = 2 | step =    80 | loss_pnn = 2.092 | loss_cn = 0.00495642 | acc_sim = 0.771 | acc_phy = 0.449 
| epoch = 2 | step =    90 | loss_pnn = 2.092 | loss_cn = 0.00488667 | acc_sim = 0.772 | acc_phy = 0.448 
| epoch = 2 | step =   100 | loss_pnn = 2.091 | loss_cn = 0.00483482 | acc_sim = 0.774 | acc_phy = 0.447 
| epoch = 2 | step =   110 | loss_pnn = 2.090 | loss_cn = 0.00477203 | acc_sim = 0.776 | acc_phy = 0.447 
| epoch = 2 | step =   120 | loss_pnn = 2.089 | loss_cn = 0.00471584 | acc_sim = 0.778 | acc_phy = 0.447 
Phy accuracy of the network on 10000 test images: 0.425


Current training epoch: 3, learning rate for pnn: 0.001, learning rate for SEPN: 0.001
| epoch = 3 | step =    10 | loss_pnn = 2.074 | loss_cn = 0.00405223 | acc_sim = 0.805 | acc_phy = 0.444 
| epoch = 3 | step =    20 | loss_pnn = 2.074 | loss_cn = 0.00400117 | acc_sim = 0.805 | acc_phy = 0.448 
| epoch = 3 | step =    30 | loss_pnn = 2.076 | loss_cn = 0.00397284 | acc_sim = 0.802 | acc_phy = 0.443 
| epoch = 3 | step =    40 | loss_pnn = 2.075 | loss_cn = 0.00397833 | acc_sim = 0.801 | acc_phy = 0.446 
| epoch = 3 | step =    50 | loss_pnn = 2.075 | loss_cn = 0.00396205 | acc_sim = 0.800 | acc_phy = 0.446 
| epoch = 3 | step =    60 | loss_pnn = 2.075 | loss_cn = 0.00393951 | acc_sim = 0.801 | acc_phy = 0.444 
| epoch = 3 | step =    70 | loss_pnn = 2.074 | loss_cn = 0.00391681 | acc_sim = 0.802 | acc_phy = 0.445 
| epoch = 3 | step =    80 | loss_pnn = 2.074 | loss_cn = 0.00390803 | acc_sim = 0.803 | acc_phy = 0.444 
| epoch = 3 | step =    90 | loss_pnn = 2.073 | loss_cn = 0.00389409 | acc_sim = 0.803 | acc_phy = 0.443 
| epoch = 3 | step =   100 | loss_pnn = 2.072 | loss_cn = 0.00387826 | acc_sim = 0.804 | acc_phy = 0.446 
| epoch = 3 | step =   110 | loss_pnn = 2.071 | loss_cn = 0.00386139 | acc_sim = 0.805 | acc_phy = 0.448 
| epoch = 3 | step =   120 | loss_pnn = 2.070 | loss_cn = 0.00384434 | acc_sim = 0.805 | acc_phy = 0.448 
Phy accuracy of the network on 10000 test images: 0.453


Current training epoch: 4, learning rate for pnn: 0.001, learning rate for SEPN: 0.001
| epoch = 4 | step =    10 | loss_pnn = 2.057 | loss_cn = 0.00366517 | acc_sim = 0.823 | acc_phy = 0.447 
| epoch = 4 | step =    20 | loss_pnn = 2.056 | loss_cn = 0.00362900 | acc_sim = 0.820 | acc_phy = 0.454 
| epoch = 4 | step =    30 | loss_pnn = 2.054 | loss_cn = 0.00361526 | acc_sim = 0.817 | acc_phy = 0.455 
| epoch = 4 | step =    40 | loss_pnn = 2.056 | loss_cn = 0.00358704 | acc_sim = 0.816 | acc_phy = 0.455 
| epoch = 4 | step =    50 | loss_pnn = 2.056 | loss_cn = 0.00355894 | acc_sim = 0.815 | acc_phy = 0.457 
| epoch = 4 | step =    60 | loss_pnn = 2.056 | loss_cn = 0.00354874 | acc_sim = 0.814 | acc_phy = 0.459 
| epoch = 4 | step =    70 | loss_pnn = 2.056 | loss_cn = 0.00353006 | acc_sim = 0.816 | acc_phy = 0.459 
| epoch = 4 | step =    80 | loss_pnn = 2.055 | loss_cn = 0.00350281 | acc_sim = 0.816 | acc_phy = 0.460 
| epoch = 4 | step =    90 | loss_pnn = 2.053 | loss_cn = 0.00349251 | acc_sim = 0.817 | acc_phy = 0.463 
| epoch = 4 | step =   100 | loss_pnn = 2.052 | loss_cn = 0.00347961 | acc_sim = 0.816 | acc_phy = 0.465 
| epoch = 4 | step =   110 | loss_pnn = 2.051 | loss_cn = 0.00347191 | acc_sim = 0.816 | acc_phy = 0.467 
| epoch = 4 | step =   120 | loss_pnn = 2.050 | loss_cn = 0.00345420 | acc_sim = 0.817 | acc_phy = 0.469 
Phy accuracy of the network on 10000 test images: 0.460


Current training epoch: 5, learning rate for pnn: 0.001, learning rate for SEPN: 0.001
| epoch = 5 | step =    10 | loss_pnn = 2.040 | loss_cn = 0.00322647 | acc_sim = 0.828 | acc_phy = 0.479 
| epoch = 5 | step =    20 | loss_pnn = 2.042 | loss_cn = 0.00327158 | acc_sim = 0.823 | acc_phy = 0.479 
| epoch = 5 | step =    30 | loss_pnn = 2.039 | loss_cn = 0.00323848 | acc_sim = 0.823 | acc_phy = 0.484 
| epoch = 5 | step =    40 | loss_pnn = 2.040 | loss_cn = 0.00322105 | acc_sim = 0.825 | acc_phy = 0.483 
| epoch = 5 | step =    50 | loss_pnn = 2.041 | loss_cn = 0.00322326 | acc_sim = 0.824 | acc_phy = 0.481 
| epoch = 5 | step =    60 | loss_pnn = 2.038 | loss_cn = 0.00321999 | acc_sim = 0.824 | acc_phy = 0.487 
| epoch = 5 | step =    70 | loss_pnn = 2.036 | loss_cn = 0.00321601 | acc_sim = 0.825 | acc_phy = 0.489 
| epoch = 5 | step =    80 | loss_pnn = 2.036 | loss_cn = 0.00320551 | acc_sim = 0.825 | acc_phy = 0.488 
| epoch = 5 | step =    90 | loss_pnn = 2.035 | loss_cn = 0.00319197 | acc_sim = 0.824 | acc_phy = 0.492 
| epoch = 5 | step =   100 | loss_pnn = 2.034 | loss_cn = 0.00318534 | acc_sim = 0.824 | acc_phy = 0.493 
| epoch = 5 | step =   110 | loss_pnn = 2.033 | loss_cn = 0.00317663 | acc_sim = 0.824 | acc_phy = 0.495 
| epoch = 5 | step =   120 | loss_pnn = 2.031 | loss_cn = 0.00316655 | acc_sim = 0.824 | acc_phy = 0.497 
Phy accuracy of the network on 10000 test images: 0.503


Current training epoch: 6, learning rate for pnn: 0.001, learning rate for SEPN: 0.001
| epoch = 6 | step =    10 | loss_pnn = 2.011 | loss_cn = 0.00292349 | acc_sim = 0.826 | acc_phy = 0.518 
| epoch = 6 | step =    20 | loss_pnn = 2.012 | loss_cn = 0.00295484 | acc_sim = 0.824 | acc_phy = 0.525 
| epoch = 6 | step =    30 | loss_pnn = 2.016 | loss_cn = 0.00299271 | acc_sim = 0.825 | acc_phy = 0.523 
| epoch = 6 | step =    40 | loss_pnn = 2.017 | loss_cn = 0.00298218 | acc_sim = 0.827 | acc_phy = 0.522 
| epoch = 6 | step =    50 | loss_pnn = 2.017 | loss_cn = 0.00299745 | acc_sim = 0.829 | acc_phy = 0.523 
| epoch = 6 | step =    60 | loss_pnn = 2.017 | loss_cn = 0.00299998 | acc_sim = 0.829 | acc_phy = 0.524 
| epoch = 6 | step =    70 | loss_pnn = 2.017 | loss_cn = 0.00299394 | acc_sim = 0.828 | acc_phy = 0.523 
| epoch = 6 | step =    80 | loss_pnn = 2.017 | loss_cn = 0.00297939 | acc_sim = 0.828 | acc_phy = 0.525 
| epoch = 6 | step =    90 | loss_pnn = 2.017 | loss_cn = 0.00298015 | acc_sim = 0.828 | acc_phy = 0.524 
| epoch = 6 | step =   100 | loss_pnn = 2.018 | loss_cn = 0.00297421 | acc_sim = 0.828 | acc_phy = 0.523 
| epoch = 6 | step =   110 | loss_pnn = 2.018 | loss_cn = 0.00296463 | acc_sim = 0.828 | acc_phy = 0.524 
| epoch = 6 | step =   120 | loss_pnn = 2.018 | loss_cn = 0.00294628 | acc_sim = 0.828 | acc_phy = 0.523 
Phy accuracy of the network on 10000 test images: 0.503


Current training epoch: 7, learning rate for pnn: 0.001, learning rate for SEPN: 0.001
| epoch = 7 | step =    10 | loss_pnn = 2.020 | loss_cn = 0.00281597 | acc_sim = 0.827 | acc_phy = 0.522 
| epoch = 7 | step =    20 | loss_pnn = 2.015 | loss_cn = 0.00280734 | acc_sim = 0.829 | acc_phy = 0.533 
| epoch = 7 | step =    30 | loss_pnn = 2.015 | loss_cn = 0.00275591 | acc_sim = 0.833 | acc_phy = 0.534 
| epoch = 7 | step =    40 | loss_pnn = 2.016 | loss_cn = 0.00275905 | acc_sim = 0.832 | acc_phy = 0.531 
| epoch = 7 | step =    50 | loss_pnn = 2.016 | loss_cn = 0.00275872 | acc_sim = 0.832 | acc_phy = 0.531 
| epoch = 7 | step =    60 | loss_pnn = 2.014 | loss_cn = 0.00277496 | acc_sim = 0.832 | acc_phy = 0.534 
| epoch = 7 | step =    70 | loss_pnn = 2.014 | loss_cn = 0.00277124 | acc_sim = 0.831 | acc_phy = 0.533 
| epoch = 7 | step =    80 | loss_pnn = 2.014 | loss_cn = 0.00277279 | acc_sim = 0.833 | acc_phy = 0.534 
| epoch = 7 | step =    90 | loss_pnn = 2.013 | loss_cn = 0.00276313 | acc_sim = 0.832 | acc_phy = 0.534 
| epoch = 7 | step =   100 | loss_pnn = 2.013 | loss_cn = 0.00274773 | acc_sim = 0.832 | acc_phy = 0.533 
| epoch = 7 | step =   110 | loss_pnn = 2.014 | loss_cn = 0.00274511 | acc_sim = 0.832 | acc_phy = 0.532 
| epoch = 7 | step =   120 | loss_pnn = 2.014 | loss_cn = 0.00274220 | acc_sim = 0.832 | acc_phy = 0.531 
Phy accuracy of the network on 10000 test images: 0.517


Current training epoch: 8, learning rate for pnn: 0.001, learning rate for SEPN: 0.001
| epoch = 8 | step =    10 | loss_pnn = 2.017 | loss_cn = 0.00277032 | acc_sim = 0.836 | acc_phy = 0.523 
| epoch = 8 | step =    20 | loss_pnn = 2.012 | loss_cn = 0.00278802 | acc_sim = 0.840 | acc_phy = 0.536 
| epoch = 8 | step =    30 | loss_pnn = 2.010 | loss_cn = 0.00274657 | acc_sim = 0.839 | acc_phy = 0.533 
| epoch = 8 | step =    40 | loss_pnn = 2.010 | loss_cn = 0.00270318 | acc_sim = 0.837 | acc_phy = 0.534 
| epoch = 8 | step =    50 | loss_pnn = 2.009 | loss_cn = 0.00270009 | acc_sim = 0.838 | acc_phy = 0.534 
| epoch = 8 | step =    60 | loss_pnn = 2.009 | loss_cn = 0.00268355 | acc_sim = 0.836 | acc_phy = 0.534 
| epoch = 8 | step =    70 | loss_pnn = 2.009 | loss_cn = 0.00268449 | acc_sim = 0.836 | acc_phy = 0.536 
| epoch = 8 | step =    80 | loss_pnn = 2.007 | loss_cn = 0.00268204 | acc_sim = 0.837 | acc_phy = 0.538 
| epoch = 8 | step =    90 | loss_pnn = 2.007 | loss_cn = 0.00267498 | acc_sim = 0.836 | acc_phy = 0.538 
| epoch = 8 | step =   100 | loss_pnn = 2.007 | loss_cn = 0.00268009 | acc_sim = 0.836 | acc_phy = 0.539 
| epoch = 8 | step =   110 | loss_pnn = 2.009 | loss_cn = 0.00266612 | acc_sim = 0.837 | acc_phy = 0.536 
| epoch = 8 | step =   120 | loss_pnn = 2.009 | loss_cn = 0.00266907 | acc_sim = 0.837 | acc_phy = 0.537 
Phy accuracy of the network on 10000 test images: 0.526


Current training epoch: 9, learning rate for pnn: 0.001, learning rate for SEPN: 0.001
| epoch = 9 | step =    10 | loss_pnn = 2.010 | loss_cn = 0.00257714 | acc_sim = 0.838 | acc_phy = 0.524 
| epoch = 9 | step =    20 | loss_pnn = 2.010 | loss_cn = 0.00254582 | acc_sim = 0.839 | acc_phy = 0.530 
| epoch = 9 | step =    30 | loss_pnn = 2.011 | loss_cn = 0.00251540 | acc_sim = 0.838 | acc_phy = 0.530 
| epoch = 9 | step =    40 | loss_pnn = 2.011 | loss_cn = 0.00251898 | acc_sim = 0.838 | acc_phy = 0.530 
| epoch = 9 | step =    50 | loss_pnn = 2.013 | loss_cn = 0.00251899 | acc_sim = 0.835 | acc_phy = 0.526 
| epoch = 9 | step =    60 | loss_pnn = 2.013 | loss_cn = 0.00253036 | acc_sim = 0.837 | acc_phy = 0.525 
| epoch = 9 | step =    70 | loss_pnn = 2.012 | loss_cn = 0.00253924 | acc_sim = 0.838 | acc_phy = 0.528 
| epoch = 9 | step =    80 | loss_pnn = 2.011 | loss_cn = 0.00255061 | acc_sim = 0.839 | acc_phy = 0.532 
| epoch = 9 | step =    90 | loss_pnn = 2.010 | loss_cn = 0.00254959 | acc_sim = 0.839 | acc_phy = 0.533 
| epoch = 9 | step =   100 | loss_pnn = 2.009 | loss_cn = 0.00253250 | acc_sim = 0.840 | acc_phy = 0.536 
| epoch = 9 | step =   110 | loss_pnn = 2.007 | loss_cn = 0.00252548 | acc_sim = 0.840 | acc_phy = 0.538 
| epoch = 9 | step =   120 | loss_pnn = 2.008 | loss_cn = 0.00252429 | acc_sim = 0.839 | acc_phy = 0.538 
Phy accuracy of the network on 10000 test images: 0.539


Current training epoch: 10, learning rate for pnn: 0.001, learning rate for SEPN: 0.001
| epoch = 10 | step =    10 | loss_pnn = 2.006 | loss_cn = 0.00245204 | acc_sim = 0.838 | acc_phy = 0.531 
| epoch = 10 | step =    20 | loss_pnn = 2.006 | loss_cn = 0.00244777 | acc_sim = 0.840 | acc_phy = 0.537 
| epoch = 10 | step =    30 | loss_pnn = 2.009 | loss_cn = 0.00241747 | acc_sim = 0.838 | acc_phy = 0.537 
| epoch = 10 | step =    40 | loss_pnn = 2.007 | loss_cn = 0.00243426 | acc_sim = 0.837 | acc_phy = 0.541 
| epoch = 10 | step =    50 | loss_pnn = 2.006 | loss_cn = 0.00243501 | acc_sim = 0.837 | acc_phy = 0.541 
| epoch = 10 | step =    60 | loss_pnn = 2.004 | loss_cn = 0.00242943 | acc_sim = 0.838 | acc_phy = 0.545 
| epoch = 10 | step =    70 | loss_pnn = 2.004 | loss_cn = 0.00243351 | acc_sim = 0.838 | acc_phy = 0.545 
| epoch = 10 | step =    80 | loss_pnn = 2.003 | loss_cn = 0.00245211 | acc_sim = 0.837 | acc_phy = 0.547 
| epoch = 10 | step =    90 | loss_pnn = 2.005 | loss_cn = 0.00247391 | acc_sim = 0.838 | acc_phy = 0.546 
| epoch = 10 | step =   100 | loss_pnn = 2.005 | loss_cn = 0.00247272 | acc_sim = 0.837 | acc_phy = 0.545 
| epoch = 10 | step =   110 | loss_pnn = 2.005 | loss_cn = 0.00246514 | acc_sim = 0.838 | acc_phy = 0.544 
| epoch = 10 | step =   120 | loss_pnn = 2.005 | loss_cn = 0.00245457 | acc_sim = 0.839 | acc_phy = 0.543 
Phy accuracy of the network on 10000 test images: 0.529


Current training epoch: 11, learning rate for pnn: 0.0005, learning rate for SEPN: 0.0005
| epoch = 11 | step =    10 | loss_pnn = 1.984 | loss_cn = 0.00246724 | acc_sim = 0.600 | acc_phy = 0.581 
| epoch = 11 | step =    20 | loss_pnn = 1.956 | loss_cn = 0.00278004 | acc_sim = 0.633 | acc_phy = 0.609 
| epoch = 11 | step =    30 | loss_pnn = 1.934 | loss_cn = 0.00305245 | acc_sim = 0.648 | acc_phy = 0.626 
| epoch = 11 | step =    40 | loss_pnn = 1.917 | loss_cn = 0.00324812 | acc_sim = 0.657 | acc_phy = 0.636 
| epoch = 11 | step =    50 | loss_pnn = 1.903 | loss_cn = 0.00333243 | acc_sim = 0.663 | acc_phy = 0.645 
| epoch = 11 | step =    60 | loss_pnn = 1.893 | loss_cn = 0.00337837 | acc_sim = 0.667 | acc_phy = 0.650 
| epoch = 11 | step =    70 | loss_pnn = 1.884 | loss_cn = 0.00338192 | acc_sim = 0.670 | acc_phy = 0.654 
| epoch = 11 | step =    80 | loss_pnn = 1.875 | loss_cn = 0.00340270 | acc_sim = 0.675 | acc_phy = 0.660 
| epoch = 11 | step =    90 | loss_pnn = 1.869 | loss_cn = 0.00340485 | acc_sim = 0.679 | acc_phy = 0.665 
| epoch = 11 | step =   100 | loss_pnn = 1.863 | loss_cn = 0.00342210 | acc_sim = 0.683 | acc_phy = 0.669 
| epoch = 11 | step =   110 | loss_pnn = 1.857 | loss_cn = 0.00341334 | acc_sim = 0.687 | acc_phy = 0.674 
| epoch = 11 | step =   120 | loss_pnn = 1.852 | loss_cn = 0.00339194 | acc_sim = 0.691 | acc_phy = 0.679 
Phy accuracy of the network on 10000 test images: 0.712


Current training epoch: 12, learning rate for pnn: 0.0005, learning rate for SEPN: 0.0005
| epoch = 12 | step =    10 | loss_pnn = 1.792 | loss_cn = 0.00309798 | acc_sim = 0.731 | acc_phy = 0.721 
| epoch = 12 | step =    20 | loss_pnn = 1.790 | loss_cn = 0.00309133 | acc_sim = 0.733 | acc_phy = 0.724 
| epoch = 12 | step =    30 | loss_pnn = 1.787 | loss_cn = 0.00308895 | acc_sim = 0.737 | acc_phy = 0.727 
| epoch = 12 | step =    40 | loss_pnn = 1.786 | loss_cn = 0.00304256 | acc_sim = 0.735 | acc_phy = 0.727 
| epoch = 12 | step =    50 | loss_pnn = 1.785 | loss_cn = 0.00302608 | acc_sim = 0.734 | acc_phy = 0.726 
| epoch = 12 | step =    60 | loss_pnn = 1.784 | loss_cn = 0.00299208 | acc_sim = 0.735 | acc_phy = 0.728 
| epoch = 12 | step =    70 | loss_pnn = 1.783 | loss_cn = 0.00295790 | acc_sim = 0.735 | acc_phy = 0.728 
| epoch = 12 | step =    80 | loss_pnn = 1.782 | loss_cn = 0.00292972 | acc_sim = 0.735 | acc_phy = 0.728 
| epoch = 12 | step =    90 | loss_pnn = 1.782 | loss_cn = 0.00289662 | acc_sim = 0.735 | acc_phy = 0.728 
| epoch = 12 | step =   100 | loss_pnn = 1.781 | loss_cn = 0.00287349 | acc_sim = 0.736 | acc_phy = 0.729 
| epoch = 12 | step =   110 | loss_pnn = 1.780 | loss_cn = 0.00285102 | acc_sim = 0.736 | acc_phy = 0.729 
| epoch = 12 | step =   120 | loss_pnn = 1.779 | loss_cn = 0.00282885 | acc_sim = 0.738 | acc_phy = 0.730 
Phy accuracy of the network on 10000 test images: 0.732


Current training epoch: 13, learning rate for pnn: 0.0005, learning rate for SEPN: 0.0005
| epoch = 13 | step =    10 | loss_pnn = 1.770 | loss_cn = 0.00249852 | acc_sim = 0.741 | acc_phy = 0.739 
| epoch = 13 | step =    20 | loss_pnn = 1.767 | loss_cn = 0.00246825 | acc_sim = 0.742 | acc_phy = 0.740 
| epoch = 13 | step =    30 | loss_pnn = 1.766 | loss_cn = 0.00248767 | acc_sim = 0.744 | acc_phy = 0.740 
| epoch = 13 | step =    40 | loss_pnn = 1.767 | loss_cn = 0.00250340 | acc_sim = 0.745 | acc_phy = 0.741 
| epoch = 13 | step =    50 | loss_pnn = 1.766 | loss_cn = 0.00250787 | acc_sim = 0.747 | acc_phy = 0.743 
| epoch = 13 | step =    60 | loss_pnn = 1.766 | loss_cn = 0.00248927 | acc_sim = 0.746 | acc_phy = 0.743 
| epoch = 13 | step =    70 | loss_pnn = 1.765 | loss_cn = 0.00248653 | acc_sim = 0.748 | acc_phy = 0.743 
| epoch = 13 | step =    80 | loss_pnn = 1.764 | loss_cn = 0.00248728 | acc_sim = 0.748 | acc_phy = 0.744 
| epoch = 13 | step =    90 | loss_pnn = 1.765 | loss_cn = 0.00248183 | acc_sim = 0.747 | acc_phy = 0.743 
| epoch = 13 | step =   100 | loss_pnn = 1.764 | loss_cn = 0.00247671 | acc_sim = 0.747 | acc_phy = 0.743 
| epoch = 13 | step =   110 | loss_pnn = 1.764 | loss_cn = 0.00245975 | acc_sim = 0.748 | acc_phy = 0.744 
| epoch = 13 | step =   120 | loss_pnn = 1.764 | loss_cn = 0.00246244 | acc_sim = 0.748 | acc_phy = 0.743 
Phy accuracy of the network on 10000 test images: 0.739


Current training epoch: 14, learning rate for pnn: 0.0005, learning rate for SEPN: 0.0005
| epoch = 14 | step =    10 | loss_pnn = 1.762 | loss_cn = 0.00242312 | acc_sim = 0.746 | acc_phy = 0.741 
| epoch = 14 | step =    20 | loss_pnn = 1.758 | loss_cn = 0.00240800 | acc_sim = 0.752 | acc_phy = 0.745 
| epoch = 14 | step =    30 | loss_pnn = 1.757 | loss_cn = 0.00238117 | acc_sim = 0.753 | acc_phy = 0.745 
| epoch = 14 | step =    40 | loss_pnn = 1.756 | loss_cn = 0.00236155 | acc_sim = 0.754 | acc_phy = 0.746 
| epoch = 14 | step =    50 | loss_pnn = 1.756 | loss_cn = 0.00234967 | acc_sim = 0.754 | acc_phy = 0.747 
| epoch = 14 | step =    60 | loss_pnn = 1.755 | loss_cn = 0.00233644 | acc_sim = 0.754 | acc_phy = 0.748 
| epoch = 14 | step =    70 | loss_pnn = 1.755 | loss_cn = 0.00233591 | acc_sim = 0.753 | acc_phy = 0.747 
| epoch = 14 | step =    80 | loss_pnn = 1.755 | loss_cn = 0.00231979 | acc_sim = 0.754 | acc_phy = 0.748 
| epoch = 14 | step =    90 | loss_pnn = 1.755 | loss_cn = 0.00231474 | acc_sim = 0.754 | acc_phy = 0.748 
| epoch = 14 | step =   100 | loss_pnn = 1.755 | loss_cn = 0.00230394 | acc_sim = 0.754 | acc_phy = 0.749 
| epoch = 14 | step =   110 | loss_pnn = 1.754 | loss_cn = 0.00228984 | acc_sim = 0.755 | acc_phy = 0.750 
| epoch = 14 | step =   120 | loss_pnn = 1.754 | loss_cn = 0.00228650 | acc_sim = 0.755 | acc_phy = 0.750 
Phy accuracy of the network on 10000 test images: 0.747


Current training epoch: 15, learning rate for pnn: 0.0005, learning rate for SEPN: 0.0005
| epoch = 15 | step =    10 | loss_pnn = 1.749 | loss_cn = 0.00216168 | acc_sim = 0.762 | acc_phy = 0.759 
| epoch = 15 | step =    20 | loss_pnn = 1.749 | loss_cn = 0.00217505 | acc_sim = 0.761 | acc_phy = 0.757 
| epoch = 15 | step =    30 | loss_pnn = 1.749 | loss_cn = 0.00221135 | acc_sim = 0.761 | acc_phy = 0.757 
| epoch = 15 | step =    40 | loss_pnn = 1.747 | loss_cn = 0.00218683 | acc_sim = 0.762 | acc_phy = 0.758 
| epoch = 15 | step =    50 | loss_pnn = 1.747 | loss_cn = 0.00218450 | acc_sim = 0.762 | acc_phy = 0.758 
| epoch = 15 | step =    60 | loss_pnn = 1.747 | loss_cn = 0.00219245 | acc_sim = 0.763 | acc_phy = 0.758 
| epoch = 15 | step =    70 | loss_pnn = 1.747 | loss_cn = 0.00220347 | acc_sim = 0.762 | acc_phy = 0.758 
| epoch = 15 | step =    80 | loss_pnn = 1.748 | loss_cn = 0.00220691 | acc_sim = 0.761 | acc_phy = 0.757 
| epoch = 15 | step =    90 | loss_pnn = 1.747 | loss_cn = 0.00220389 | acc_sim = 0.762 | acc_phy = 0.758 
| epoch = 15 | step =   100 | loss_pnn = 1.747 | loss_cn = 0.00219809 | acc_sim = 0.762 | acc_phy = 0.758 
| epoch = 15 | step =   110 | loss_pnn = 1.747 | loss_cn = 0.00219203 | acc_sim = 0.762 | acc_phy = 0.758 
| epoch = 15 | step =   120 | loss_pnn = 1.748 | loss_cn = 0.00219746 | acc_sim = 0.762 | acc_phy = 0.758 
Phy accuracy of the network on 10000 test images: 0.755


Current training epoch: 16, learning rate for pnn: 0.0005, learning rate for SEPN: 0.0005
| epoch = 16 | step =    10 | loss_pnn = 1.746 | loss_cn = 0.00213080 | acc_sim = 0.770 | acc_phy = 0.767 
| epoch = 16 | step =    20 | loss_pnn = 1.743 | loss_cn = 0.00216646 | acc_sim = 0.776 | acc_phy = 0.771 
| epoch = 16 | step =    30 | loss_pnn = 1.744 | loss_cn = 0.00220147 | acc_sim = 0.774 | acc_phy = 0.768 
| epoch = 16 | step =    40 | loss_pnn = 1.744 | loss_cn = 0.00220820 | acc_sim = 0.773 | acc_phy = 0.766 
| epoch = 16 | step =    50 | loss_pnn = 1.745 | loss_cn = 0.00220777 | acc_sim = 0.772 | acc_phy = 0.766 
| epoch = 16 | step =    60 | loss_pnn = 1.745 | loss_cn = 0.00221668 | acc_sim = 0.772 | acc_phy = 0.766 
| epoch = 16 | step =    70 | loss_pnn = 1.746 | loss_cn = 0.00220610 | acc_sim = 0.770 | acc_phy = 0.765 
| epoch = 16 | step =    80 | loss_pnn = 1.746 | loss_cn = 0.00220744 | acc_sim = 0.771 | acc_phy = 0.765 
| epoch = 16 | step =    90 | loss_pnn = 1.747 | loss_cn = 0.00221116 | acc_sim = 0.771 | acc_phy = 0.765 
| epoch = 16 | step =   100 | loss_pnn = 1.748 | loss_cn = 0.00222001 | acc_sim = 0.771 | acc_phy = 0.765 
| epoch = 16 | step =   110 | loss_pnn = 1.748 | loss_cn = 0.00223296 | acc_sim = 0.771 | acc_phy = 0.765 
| epoch = 16 | step =   120 | loss_pnn = 1.748 | loss_cn = 0.00223586 | acc_sim = 0.772 | acc_phy = 0.765 
Phy accuracy of the network on 10000 test images: 0.759


Current training epoch: 17, learning rate for pnn: 0.0005, learning rate for SEPN: 0.0005
| epoch = 17 | step =    10 | loss_pnn = 1.754 | loss_cn = 0.00236742 | acc_sim = 0.772 | acc_phy = 0.762 
| epoch = 17 | step =    20 | loss_pnn = 1.753 | loss_cn = 0.00235928 | acc_sim = 0.774 | acc_phy = 0.766 
| epoch = 17 | step =    30 | loss_pnn = 1.751 | loss_cn = 0.00229738 | acc_sim = 0.777 | acc_phy = 0.769 
| epoch = 17 | step =    40 | loss_pnn = 1.751 | loss_cn = 0.00233682 | acc_sim = 0.777 | acc_phy = 0.769 
| epoch = 17 | step =    50 | loss_pnn = 1.753 | loss_cn = 0.00236204 | acc_sim = 0.775 | acc_phy = 0.768 
| epoch = 17 | step =    60 | loss_pnn = 1.752 | loss_cn = 0.00237230 | acc_sim = 0.777 | acc_phy = 0.770 
| epoch = 17 | step =    70 | loss_pnn = 1.753 | loss_cn = 0.00240160 | acc_sim = 0.778 | acc_phy = 0.769 
| epoch = 17 | step =    80 | loss_pnn = 1.754 | loss_cn = 0.00240689 | acc_sim = 0.778 | acc_phy = 0.769 
| epoch = 17 | step =    90 | loss_pnn = 1.755 | loss_cn = 0.00242221 | acc_sim = 0.777 | acc_phy = 0.769 
| epoch = 17 | step =   100 | loss_pnn = 1.756 | loss_cn = 0.00244600 | acc_sim = 0.777 | acc_phy = 0.769 
| epoch = 17 | step =   110 | loss_pnn = 1.758 | loss_cn = 0.00246929 | acc_sim = 0.777 | acc_phy = 0.769 
| epoch = 17 | step =   120 | loss_pnn = 1.759 | loss_cn = 0.00250717 | acc_sim = 0.777 | acc_phy = 0.768 
Phy accuracy of the network on 10000 test images: 0.758


Current training epoch: 18, learning rate for pnn: 0.0005, learning rate for SEPN: 0.0005
| epoch = 18 | step =    10 | loss_pnn = 1.775 | loss_cn = 0.00293179 | acc_sim = 0.779 | acc_phy = 0.770 
| epoch = 18 | step =    20 | loss_pnn = 1.780 | loss_cn = 0.00303142 | acc_sim = 0.779 | acc_phy = 0.765 
| epoch = 18 | step =    30 | loss_pnn = 1.784 | loss_cn = 0.00312760 | acc_sim = 0.779 | acc_phy = 0.763 
| epoch = 18 | step =    40 | loss_pnn = 1.792 | loss_cn = 0.00327527 | acc_sim = 0.774 | acc_phy = 0.757 
| epoch = 18 | step =    50 | loss_pnn = 1.802 | loss_cn = 0.00342371 | acc_sim = 0.768 | acc_phy = 0.750 
| epoch = 18 | step =    60 | loss_pnn = 1.811 | loss_cn = 0.00357354 | acc_sim = 0.758 | acc_phy = 0.742 
| epoch = 18 | step =    70 | loss_pnn = 1.820 | loss_cn = 0.00375959 | acc_sim = 0.746 | acc_phy = 0.731 
| epoch = 18 | step =    80 | loss_pnn = 1.832 | loss_cn = 0.00397607 | acc_sim = 0.728 | acc_phy = 0.716 
| epoch = 18 | step =    90 | loss_pnn = 1.843 | loss_cn = 0.00418789 | acc_sim = 0.713 | acc_phy = 0.702 
| epoch = 18 | step =   100 | loss_pnn = 1.854 | loss_cn = 0.00436983 | acc_sim = 0.697 | acc_phy = 0.688 
| epoch = 18 | step =   110 | loss_pnn = 1.864 | loss_cn = 0.00453757 | acc_sim = 0.684 | acc_phy = 0.675 
| epoch = 18 | step =   120 | loss_pnn = 1.874 | loss_cn = 0.00465447 | acc_sim = 0.671 | acc_phy = 0.662 
Phy accuracy of the network on 10000 test images: 0.521


Current training epoch: 19, learning rate for pnn: 0.0005, learning rate for SEPN: 0.0005
| epoch = 19 | step =    10 | loss_pnn = 1.991 | loss_cn = 0.00572040 | acc_sim = 0.539 | acc_phy = 0.526 
| epoch = 19 | step =    20 | loss_pnn = 1.997 | loss_cn = 0.00560065 | acc_sim = 0.537 | acc_phy = 0.523 
| epoch = 19 | step =    30 | loss_pnn = 1.999 | loss_cn = 0.00550795 | acc_sim = 0.535 | acc_phy = 0.525 
| epoch = 19 | step =    40 | loss_pnn = 2.004 | loss_cn = 0.00539953 | acc_sim = 0.536 | acc_phy = 0.523 
| epoch = 19 | step =    50 | loss_pnn = 2.006 | loss_cn = 0.00531206 | acc_sim = 0.537 | acc_phy = 0.523 
| epoch = 19 | step =    60 | loss_pnn = 2.008 | loss_cn = 0.00524693 | acc_sim = 0.538 | acc_phy = 0.522 
| epoch = 19 | step =    70 | loss_pnn = 2.008 | loss_cn = 0.00519231 | acc_sim = 0.538 | acc_phy = 0.521 
| epoch = 19 | step =    80 | loss_pnn = 2.007 | loss_cn = 0.00514448 | acc_sim = 0.542 | acc_phy = 0.523 
| epoch = 19 | step =    90 | loss_pnn = 2.007 | loss_cn = 0.00511901 | acc_sim = 0.545 | acc_phy = 0.526 
| epoch = 19 | step =   100 | loss_pnn = 2.006 | loss_cn = 0.00508073 | acc_sim = 0.548 | acc_phy = 0.528 
| epoch = 19 | step =   110 | loss_pnn = 2.005 | loss_cn = 0.00506603 | acc_sim = 0.552 | acc_phy = 0.531 
| epoch = 19 | step =   120 | loss_pnn = 2.003 | loss_cn = 0.00503411 | acc_sim = 0.557 | acc_phy = 0.534 
Phy accuracy of the network on 10000 test images: 0.566


Current training epoch: 20, learning rate for pnn: 0.0005, learning rate for SEPN: 0.0005
| epoch = 20 | step =    10 | loss_pnn = 1.983 | loss_cn = 0.00473184 | acc_sim = 0.594 | acc_phy = 0.577 
| epoch = 20 | step =    20 | loss_pnn = 1.982 | loss_cn = 0.00475373 | acc_sim = 0.601 | acc_phy = 0.580 
| epoch = 20 | step =    30 | loss_pnn = 1.983 | loss_cn = 0.00473925 | acc_sim = 0.601 | acc_phy = 0.578 
| epoch = 20 | step =    40 | loss_pnn = 1.984 | loss_cn = 0.00473069 | acc_sim = 0.600 | acc_phy = 0.578 
| epoch = 20 | step =    50 | loss_pnn = 1.983 | loss_cn = 0.00466569 | acc_sim = 0.603 | acc_phy = 0.580 
| epoch = 20 | step =    60 | loss_pnn = 1.983 | loss_cn = 0.00463685 | acc_sim = 0.602 | acc_phy = 0.581 
| epoch = 20 | step =    70 | loss_pnn = 1.986 | loss_cn = 0.00463973 | acc_sim = 0.600 | acc_phy = 0.578 
| epoch = 20 | step =    80 | loss_pnn = 1.987 | loss_cn = 0.00462025 | acc_sim = 0.598 | acc_phy = 0.576 
| epoch = 20 | step =    90 | loss_pnn = 1.990 | loss_cn = 0.00461138 | acc_sim = 0.596 | acc_phy = 0.572 
| epoch = 20 | step =   100 | loss_pnn = 1.993 | loss_cn = 0.00462049 | acc_sim = 0.591 | acc_phy = 0.568 
| epoch = 20 | step =   110 | loss_pnn = 1.996 | loss_cn = 0.00463241 | acc_sim = 0.583 | acc_phy = 0.561 
| epoch = 20 | step =   120 | loss_pnn = 1.999 | loss_cn = 0.00465014 | acc_sim = 0.575 | acc_phy = 0.555 
Phy accuracy of the network on 10000 test images: 0.476


Current training epoch: 21, learning rate for pnn: 0.00025, learning rate for SEPN: 0.00025
| epoch = 21 | step =    10 | loss_pnn = 2.046 | loss_cn = 0.00478950 | acc_sim = 0.493 | acc_phy = 0.477 
| epoch = 21 | step =    20 | loss_pnn = 2.045 | loss_cn = 0.00464960 | acc_sim = 0.488 | acc_phy = 0.477 
| epoch = 21 | step =    30 | loss_pnn = 2.049 | loss_cn = 0.00464216 | acc_sim = 0.483 | acc_phy = 0.472 
| epoch = 21 | step =    40 | loss_pnn = 2.050 | loss_cn = 0.00460714 | acc_sim = 0.482 | acc_phy = 0.471 
| epoch = 21 | step =    50 | loss_pnn = 2.048 | loss_cn = 0.00457807 | acc_sim = 0.486 | acc_phy = 0.475 
| epoch = 21 | step =    60 | loss_pnn = 2.048 | loss_cn = 0.00454137 | acc_sim = 0.487 | acc_phy = 0.476 
| epoch = 21 | step =    70 | loss_pnn = 2.049 | loss_cn = 0.00452927 | acc_sim = 0.485 | acc_phy = 0.474 
| epoch = 21 | step =    80 | loss_pnn = 2.050 | loss_cn = 0.00449302 | acc_sim = 0.484 | acc_phy = 0.472 
| epoch = 21 | step =    90 | loss_pnn = 2.050 | loss_cn = 0.00447560 | acc_sim = 0.483 | acc_phy = 0.472 
| epoch = 21 | step =   100 | loss_pnn = 2.051 | loss_cn = 0.00446488 | acc_sim = 0.482 | acc_phy = 0.471 
| epoch = 21 | step =   110 | loss_pnn = 2.050 | loss_cn = 0.00444319 | acc_sim = 0.483 | acc_phy = 0.471 
| epoch = 21 | step =   120 | loss_pnn = 2.051 | loss_cn = 0.00442021 | acc_sim = 0.481 | acc_phy = 0.470 
Phy accuracy of the network on 10000 test images: 0.464


Current training epoch: 22, learning rate for pnn: 0.00025, learning rate for SEPN: 0.00025
| epoch = 22 | step =    10 | loss_pnn = 2.061 | loss_cn = 0.00407724 | acc_sim = 0.458 | acc_phy = 0.451 
| epoch = 22 | step =    20 | loss_pnn = 2.055 | loss_cn = 0.00415013 | acc_sim = 0.472 | acc_phy = 0.463 
| epoch = 22 | step =    30 | loss_pnn = 2.053 | loss_cn = 0.00415747 | acc_sim = 0.474 | acc_phy = 0.463 
| epoch = 22 | step =    40 | loss_pnn = 2.053 | loss_cn = 0.00413334 | acc_sim = 0.475 | acc_phy = 0.464 
| epoch = 22 | step =    50 | loss_pnn = 2.052 | loss_cn = 0.00411114 | acc_sim = 0.477 | acc_phy = 0.466 
| epoch = 22 | step =    60 | loss_pnn = 2.051 | loss_cn = 0.00407785 | acc_sim = 0.478 | acc_phy = 0.467 
| epoch = 22 | step =    70 | loss_pnn = 2.051 | loss_cn = 0.00406494 | acc_sim = 0.477 | acc_phy = 0.466 
| epoch = 22 | step =    80 | loss_pnn = 2.051 | loss_cn = 0.00403712 | acc_sim = 0.477 | acc_phy = 0.466 
| epoch = 22 | step =    90 | loss_pnn = 2.051 | loss_cn = 0.00401391 | acc_sim = 0.476 | acc_phy = 0.465 
| epoch = 22 | step =   100 | loss_pnn = 2.050 | loss_cn = 0.00399357 | acc_sim = 0.476 | acc_phy = 0.466 
| epoch = 22 | step =   110 | loss_pnn = 2.051 | loss_cn = 0.00398260 | acc_sim = 0.475 | acc_phy = 0.465 
| epoch = 22 | step =   120 | loss_pnn = 2.051 | loss_cn = 0.00399124 | acc_sim = 0.475 | acc_phy = 0.465 
Phy accuracy of the network on 10000 test images: 0.464


Current training epoch: 23, learning rate for pnn: 0.00025, learning rate for SEPN: 0.00025
| epoch = 23 | step =    10 | loss_pnn = 2.048 | loss_cn = 0.00393558 | acc_sim = 0.474 | acc_phy = 0.465 
| epoch = 23 | step =    20 | loss_pnn = 2.049 | loss_cn = 0.00404089 | acc_sim = 0.475 | acc_phy = 0.467 
| epoch = 23 | step =    30 | loss_pnn = 2.049 | loss_cn = 0.00406616 | acc_sim = 0.472 | acc_phy = 0.464 
| epoch = 23 | step =    40 | loss_pnn = 2.050 | loss_cn = 0.00408713 | acc_sim = 0.472 | acc_phy = 0.464 
| epoch = 23 | step =    50 | loss_pnn = 2.051 | loss_cn = 0.00411906 | acc_sim = 0.470 | acc_phy = 0.462 
| epoch = 23 | step =    60 | loss_pnn = 2.051 | loss_cn = 0.00415719 | acc_sim = 0.471 | acc_phy = 0.462 
| epoch = 23 | step =    70 | loss_pnn = 2.052 | loss_cn = 0.00418325 | acc_sim = 0.469 | acc_phy = 0.461 
| epoch = 23 | step =    80 | loss_pnn = 2.053 | loss_cn = 0.00422168 | acc_sim = 0.468 | acc_phy = 0.460 
| epoch = 23 | step =    90 | loss_pnn = 2.054 | loss_cn = 0.00424754 | acc_sim = 0.469 | acc_phy = 0.460 
| epoch = 23 | step =   100 | loss_pnn = 2.056 | loss_cn = 0.00427407 | acc_sim = 0.468 | acc_phy = 0.458 
| epoch = 23 | step =   110 | loss_pnn = 2.057 | loss_cn = 0.00429151 | acc_sim = 0.468 | acc_phy = 0.459 
| epoch = 23 | step =   120 | loss_pnn = 2.058 | loss_cn = 0.00429608 | acc_sim = 0.469 | acc_phy = 0.459 
Phy accuracy of the network on 10000 test images: 0.471


Current training epoch: 24, learning rate for pnn: 0.00025, learning rate for SEPN: 0.00025
| epoch = 24 | step =    10 | loss_pnn = 2.056 | loss_cn = 0.00463759 | acc_sim = 0.507 | acc_phy = 0.485 
| epoch = 24 | step =    20 | loss_pnn = 2.062 | loss_cn = 0.00458000 | acc_sim = 0.502 | acc_phy = 0.480 
| epoch = 24 | step =    30 | loss_pnn = 2.065 | loss_cn = 0.00455358 | acc_sim = 0.499 | acc_phy = 0.479 
| epoch = 24 | step =    40 | loss_pnn = 2.067 | loss_cn = 0.00457191 | acc_sim = 0.498 | acc_phy = 0.478 
| epoch = 24 | step =    50 | loss_pnn = 2.068 | loss_cn = 0.00458701 | acc_sim = 0.497 | acc_phy = 0.477 
| epoch = 24 | step =    60 | loss_pnn = 2.069 | loss_cn = 0.00457345 | acc_sim = 0.497 | acc_phy = 0.477 
| epoch = 24 | step =    70 | loss_pnn = 2.069 | loss_cn = 0.00457541 | acc_sim = 0.496 | acc_phy = 0.477 
| epoch = 24 | step =    80 | loss_pnn = 2.071 | loss_cn = 0.00455247 | acc_sim = 0.497 | acc_phy = 0.477 
| epoch = 24 | step =    90 | loss_pnn = 2.071 | loss_cn = 0.00452987 | acc_sim = 0.499 | acc_phy = 0.477 
| epoch = 24 | step =   100 | loss_pnn = 2.072 | loss_cn = 0.00453541 | acc_sim = 0.499 | acc_phy = 0.477 
| epoch = 24 | step =   110 | loss_pnn = 2.074 | loss_cn = 0.00452780 | acc_sim = 0.498 | acc_phy = 0.474 
| epoch = 24 | step =   120 | loss_pnn = 2.076 | loss_cn = 0.00452163 | acc_sim = 0.496 | acc_phy = 0.472 
Phy accuracy of the network on 10000 test images: 0.452


Current training epoch: 25, learning rate for pnn: 0.00025, learning rate for SEPN: 0.00025
| epoch = 25 | step =    10 | loss_pnn = 2.089 | loss_cn = 0.00434588 | acc_sim = 0.479 | acc_phy = 0.447 
| epoch = 25 | step =    20 | loss_pnn = 2.091 | loss_cn = 0.00434801 | acc_sim = 0.472 | acc_phy = 0.443 
| epoch = 25 | step =    30 | loss_pnn = 2.092 | loss_cn = 0.00434354 | acc_sim = 0.472 | acc_phy = 0.440 
| epoch = 25 | step =    40 | loss_pnn = 2.095 | loss_cn = 0.00435043 | acc_sim = 0.465 | acc_phy = 0.433 
| epoch = 25 | step =    50 | loss_pnn = 2.097 | loss_cn = 0.00434848 | acc_sim = 0.462 | acc_phy = 0.428 
| epoch = 25 | step =    60 | loss_pnn = 2.100 | loss_cn = 0.00433300 | acc_sim = 0.457 | acc_phy = 0.422 
| epoch = 25 | step =    70 | loss_pnn = 2.102 | loss_cn = 0.00434024 | acc_sim = 0.450 | acc_phy = 0.416 
| epoch = 25 | step =    80 | loss_pnn = 2.105 | loss_cn = 0.00435285 | acc_sim = 0.444 | acc_phy = 0.410 
| epoch = 25 | step =    90 | loss_pnn = 2.107 | loss_cn = 0.00438732 | acc_sim = 0.439 | acc_phy = 0.405 
| epoch = 25 | step =   100 | loss_pnn = 2.111 | loss_cn = 0.00442032 | acc_sim = 0.432 | acc_phy = 0.399 
| epoch = 25 | step =   110 | loss_pnn = 2.114 | loss_cn = 0.00446149 | acc_sim = 0.424 | acc_phy = 0.393 
| epoch = 25 | step =   120 | loss_pnn = 2.117 | loss_cn = 0.00449898 | acc_sim = 0.420 | acc_phy = 0.388 
Phy accuracy of the network on 10000 test images: 0.324


Current training epoch: 26, learning rate for pnn: 0.00025, learning rate for SEPN: 0.00025
| epoch = 26 | step =    10 | loss_pnn = 2.151 | loss_cn = 0.00498927 | acc_sim = 0.352 | acc_phy = 0.324 
| epoch = 26 | step =    20 | loss_pnn = 2.150 | loss_cn = 0.00498518 | acc_sim = 0.350 | acc_phy = 0.329 
| epoch = 26 | step =    30 | loss_pnn = 2.153 | loss_cn = 0.00504274 | acc_sim = 0.349 | acc_phy = 0.320 
| epoch = 26 | step =    40 | loss_pnn = 2.155 | loss_cn = 0.00502999 | acc_sim = 0.343 | acc_phy = 0.315 
| epoch = 26 | step =    50 | loss_pnn = 2.156 | loss_cn = 0.00503551 | acc_sim = 0.345 | acc_phy = 0.314 
| epoch = 26 | step =    60 | loss_pnn = 2.156 | loss_cn = 0.00503660 | acc_sim = 0.346 | acc_phy = 0.315 
| epoch = 26 | step =    70 | loss_pnn = 2.156 | loss_cn = 0.00505546 | acc_sim = 0.351 | acc_phy = 0.317 
| epoch = 26 | step =    80 | loss_pnn = 2.156 | loss_cn = 0.00506643 | acc_sim = 0.355 | acc_phy = 0.318 
| epoch = 26 | step =    90 | loss_pnn = 2.156 | loss_cn = 0.00506158 | acc_sim = 0.359 | acc_phy = 0.320 
| epoch = 26 | step =   100 | loss_pnn = 2.157 | loss_cn = 0.00507845 | acc_sim = 0.363 | acc_phy = 0.323 
| epoch = 26 | step =   110 | loss_pnn = 2.157 | loss_cn = 0.00508220 | acc_sim = 0.366 | acc_phy = 0.326 
| epoch = 26 | step =   120 | loss_pnn = 2.158 | loss_cn = 0.00507006 | acc_sim = 0.368 | acc_phy = 0.327 
Phy accuracy of the network on 10000 test images: 0.344


Current training epoch: 27, learning rate for pnn: 0.00025, learning rate for SEPN: 0.00025
| epoch = 27 | step =    10 | loss_pnn = 2.169 | loss_cn = 0.00484674 | acc_sim = 0.376 | acc_phy = 0.341 
| epoch = 27 | step =    20 | loss_pnn = 2.166 | loss_cn = 0.00473785 | acc_sim = 0.383 | acc_phy = 0.350 
| epoch = 27 | step =    30 | loss_pnn = 2.166 | loss_cn = 0.00471812 | acc_sim = 0.381 | acc_phy = 0.351 
| epoch = 27 | step =    40 | loss_pnn = 2.165 | loss_cn = 0.00469870 | acc_sim = 0.379 | acc_phy = 0.350 
| epoch = 27 | step =    50 | loss_pnn = 2.166 | loss_cn = 0.00466666 | acc_sim = 0.380 | acc_phy = 0.350 
| epoch = 27 | step =    60 | loss_pnn = 2.167 | loss_cn = 0.00460553 | acc_sim = 0.378 | acc_phy = 0.347 
| epoch = 27 | step =    70 | loss_pnn = 2.167 | loss_cn = 0.00454838 | acc_sim = 0.379 | acc_phy = 0.347 
| epoch = 27 | step =    80 | loss_pnn = 2.165 | loss_cn = 0.00448617 | acc_sim = 0.381 | acc_phy = 0.348 
| epoch = 27 | step =    90 | loss_pnn = 2.164 | loss_cn = 0.00441754 | acc_sim = 0.381 | acc_phy = 0.347 
| epoch = 27 | step =   100 | loss_pnn = 2.163 | loss_cn = 0.00439436 | acc_sim = 0.381 | acc_phy = 0.345 
| epoch = 27 | step =   110 | loss_pnn = 2.162 | loss_cn = 0.00435050 | acc_sim = 0.380 | acc_phy = 0.345 
| epoch = 27 | step =   120 | loss_pnn = 2.162 | loss_cn = 0.00431242 | acc_sim = 0.378 | acc_phy = 0.342 
Phy accuracy of the network on 10000 test images: 0.314


Current training epoch: 28, learning rate for pnn: 0.00025, learning rate for SEPN: 0.00025
| epoch = 28 | step =    10 | loss_pnn = 2.153 | loss_cn = 0.00382702 | acc_sim = 0.361 | acc_phy = 0.323 
| epoch = 28 | step =    20 | loss_pnn = 2.160 | loss_cn = 0.00387498 | acc_sim = 0.346 | acc_phy = 0.315 
| epoch = 28 | step =    30 | loss_pnn = 2.164 | loss_cn = 0.00382149 | acc_sim = 0.338 | acc_phy = 0.306 
| epoch = 28 | step =    40 | loss_pnn = 2.166 | loss_cn = 0.00379599 | acc_sim = 0.330 | acc_phy = 0.302 
| epoch = 28 | step =    50 | loss_pnn = 2.167 | loss_cn = 0.00378536 | acc_sim = 0.327 | acc_phy = 0.298 
| epoch = 28 | step =    60 | loss_pnn = 2.169 | loss_cn = 0.00377055 | acc_sim = 0.323 | acc_phy = 0.294 
| epoch = 28 | step =    70 | loss_pnn = 2.171 | loss_cn = 0.00374895 | acc_sim = 0.318 | acc_phy = 0.291 
| epoch = 28 | step =    80 | loss_pnn = 2.172 | loss_cn = 0.00372748 | acc_sim = 0.317 | acc_phy = 0.290 
| epoch = 28 | step =    90 | loss_pnn = 2.174 | loss_cn = 0.00371221 | acc_sim = 0.313 | acc_phy = 0.286 
| epoch = 28 | step =   100 | loss_pnn = 2.175 | loss_cn = 0.00368593 | acc_sim = 0.310 | acc_phy = 0.284 
| epoch = 28 | step =   110 | loss_pnn = 2.176 | loss_cn = 0.00367540 | acc_sim = 0.309 | acc_phy = 0.283 
| epoch = 28 | step =   120 | loss_pnn = 2.177 | loss_cn = 0.00366438 | acc_sim = 0.308 | acc_phy = 0.282 
Phy accuracy of the network on 10000 test images: 0.259


Current training epoch: 29, learning rate for pnn: 0.00025, learning rate for SEPN: 0.00025
| epoch = 29 | step =    10 | loss_pnn = 2.190 | loss_cn = 0.00343887 | acc_sim = 0.291 | acc_phy = 0.259 
| epoch = 29 | step =    20 | loss_pnn = 2.190 | loss_cn = 0.00350062 | acc_sim = 0.291 | acc_phy = 0.262 
| epoch = 29 | step =    30 | loss_pnn = 2.190 | loss_cn = 0.00344972 | acc_sim = 0.291 | acc_phy = 0.261 
| epoch = 29 | step =    40 | loss_pnn = 2.190 | loss_cn = 0.00342469 | acc_sim = 0.293 | acc_phy = 0.262 
| epoch = 29 | step =    50 | loss_pnn = 2.191 | loss_cn = 0.00343230 | acc_sim = 0.292 | acc_phy = 0.260 
| epoch = 29 | step =    60 | loss_pnn = 2.192 | loss_cn = 0.00343021 | acc_sim = 0.296 | acc_phy = 0.261 
| epoch = 29 | step =    70 | loss_pnn = 2.193 | loss_cn = 0.00343160 | acc_sim = 0.296 | acc_phy = 0.260 
| epoch = 29 | step =    80 | loss_pnn = 2.193 | loss_cn = 0.00343547 | acc_sim = 0.296 | acc_phy = 0.259 
| epoch = 29 | step =    90 | loss_pnn = 2.193 | loss_cn = 0.00342908 | acc_sim = 0.297 | acc_phy = 0.259 
| epoch = 29 | step =   100 | loss_pnn = 2.193 | loss_cn = 0.00342797 | acc_sim = 0.297 | acc_phy = 0.258 
| epoch = 29 | step =   110 | loss_pnn = 2.194 | loss_cn = 0.00343076 | acc_sim = 0.296 | acc_phy = 0.258 
| epoch = 29 | step =   120 | loss_pnn = 2.194 | loss_cn = 0.00342292 | acc_sim = 0.295 | acc_phy = 0.257 
Phy accuracy of the network on 10000 test images: 0.249


Current training epoch: 30, learning rate for pnn: 0.00025, learning rate for SEPN: 0.00025
| epoch = 30 | step =    10 | loss_pnn = 2.201 | loss_cn = 0.00338592 | acc_sim = 0.275 | acc_phy = 0.240 
| epoch = 30 | step =    20 | loss_pnn = 2.200 | loss_cn = 0.00342660 | acc_sim = 0.278 | acc_phy = 0.246 
| epoch = 30 | step =    30 | loss_pnn = 2.201 | loss_cn = 0.00343640 | acc_sim = 0.280 | acc_phy = 0.247 
| epoch = 30 | step =    40 | loss_pnn = 2.200 | loss_cn = 0.00342952 | acc_sim = 0.282 | acc_phy = 0.251 
| epoch = 30 | step =    50 | loss_pnn = 2.201 | loss_cn = 0.00346165 | acc_sim = 0.285 | acc_phy = 0.252 
| epoch = 30 | step =    60 | loss_pnn = 2.202 | loss_cn = 0.00346831 | acc_sim = 0.285 | acc_phy = 0.254 
| epoch = 30 | step =    70 | loss_pnn = 2.202 | loss_cn = 0.00347463 | acc_sim = 0.288 | acc_phy = 0.256 
| epoch = 30 | step =    80 | loss_pnn = 2.202 | loss_cn = 0.00346405 | acc_sim = 0.292 | acc_phy = 0.260 
| epoch = 30 | step =    90 | loss_pnn = 2.203 | loss_cn = 0.00346883 | acc_sim = 0.294 | acc_phy = 0.261 
| epoch = 30 | step =   100 | loss_pnn = 2.203 | loss_cn = 0.00347062 | acc_sim = 0.295 | acc_phy = 0.262 
| epoch = 30 | step =   110 | loss_pnn = 2.204 | loss_cn = 0.00346118 | acc_sim = 0.297 | acc_phy = 0.264 
| epoch = 30 | step =   120 | loss_pnn = 2.206 | loss_cn = 0.00345678 | acc_sim = 0.298 | acc_phy = 0.264 
Phy accuracy of the network on 10000 test images: 0.272


Current training epoch: 31, learning rate for pnn: 0.000125, learning rate for SEPN: 0.000125
| epoch = 31 | step =    10 | loss_pnn = 2.220 | loss_cn = 0.00335175 | acc_sim = 0.317 | acc_phy = 0.273 
| epoch = 31 | step =    20 | loss_pnn = 2.221 | loss_cn = 0.00339109 | acc_sim = 0.316 | acc_phy = 0.269 
| epoch = 31 | step =    30 | loss_pnn = 2.221 | loss_cn = 0.00337035 | acc_sim = 0.319 | acc_phy = 0.272 
| epoch = 31 | step =    40 | loss_pnn = 2.221 | loss_cn = 0.00336322 | acc_sim = 0.320 | acc_phy = 0.270 
| epoch = 31 | step =    50 | loss_pnn = 2.223 | loss_cn = 0.00337282 | acc_sim = 0.319 | acc_phy = 0.267 
| epoch = 31 | step =    60 | loss_pnn = 2.223 | loss_cn = 0.00337896 | acc_sim = 0.319 | acc_phy = 0.265 
| epoch = 31 | step =    70 | loss_pnn = 2.224 | loss_cn = 0.00337484 | acc_sim = 0.321 | acc_phy = 0.263 
| epoch = 31 | step =    80 | loss_pnn = 2.224 | loss_cn = 0.00335972 | acc_sim = 0.321 | acc_phy = 0.263 
| epoch = 31 | step =    90 | loss_pnn = 2.224 | loss_cn = 0.00335350 | acc_sim = 0.321 | acc_phy = 0.262 
| epoch = 31 | step =   100 | loss_pnn = 2.225 | loss_cn = 0.00334464 | acc_sim = 0.320 | acc_phy = 0.261 
| epoch = 31 | step =   110 | loss_pnn = 2.225 | loss_cn = 0.00333881 | acc_sim = 0.319 | acc_phy = 0.260 
| epoch = 31 | step =   120 | loss_pnn = 2.225 | loss_cn = 0.00333411 | acc_sim = 0.319 | acc_phy = 0.260 
Phy accuracy of the network on 10000 test images: 0.251


Current training epoch: 32, learning rate for pnn: 0.000125, learning rate for SEPN: 0.000125
| epoch = 32 | step =    10 | loss_pnn = 2.228 | loss_cn = 0.00332009 | acc_sim = 0.299 | acc_phy = 0.253 
| epoch = 32 | step =    20 | loss_pnn = 2.229 | loss_cn = 0.00326430 | acc_sim = 0.299 | acc_phy = 0.250 
| epoch = 32 | step =    30 | loss_pnn = 2.229 | loss_cn = 0.00328089 | acc_sim = 0.303 | acc_phy = 0.252 
| epoch = 32 | step =    40 | loss_pnn = 2.230 | loss_cn = 0.00325176 | acc_sim = 0.306 | acc_phy = 0.250 
| epoch = 32 | step =    50 | loss_pnn = 2.230 | loss_cn = 0.00323757 | acc_sim = 0.306 | acc_phy = 0.251 
| epoch = 32 | step =    60 | loss_pnn = 2.231 | loss_cn = 0.00323028 | acc_sim = 0.304 | acc_phy = 0.251 
| epoch = 32 | step =    70 | loss_pnn = 2.231 | loss_cn = 0.00321647 | acc_sim = 0.304 | acc_phy = 0.251 
| epoch = 32 | step =    80 | loss_pnn = 2.231 | loss_cn = 0.00320543 | acc_sim = 0.305 | acc_phy = 0.253 
| epoch = 32 | step =    90 | loss_pnn = 2.232 | loss_cn = 0.00319626 | acc_sim = 0.304 | acc_phy = 0.252 
| epoch = 32 | step =   100 | loss_pnn = 2.232 | loss_cn = 0.00318970 | acc_sim = 0.304 | acc_phy = 0.252 
| epoch = 32 | step =   110 | loss_pnn = 2.232 | loss_cn = 0.00318624 | acc_sim = 0.303 | acc_phy = 0.252 
| epoch = 32 | step =   120 | loss_pnn = 2.232 | loss_cn = 0.00318389 | acc_sim = 0.303 | acc_phy = 0.252 
Phy accuracy of the network on 10000 test images: 0.249


Current training epoch: 33, learning rate for pnn: 0.000125, learning rate for SEPN: 0.000125
| epoch = 33 | step =    10 | loss_pnn = 2.229 | loss_cn = 0.00310538 | acc_sim = 0.308 | acc_phy = 0.265 
| epoch = 33 | step =    20 | loss_pnn = 2.230 | loss_cn = 0.00313738 | acc_sim = 0.310 | acc_phy = 0.262 
| epoch = 33 | step =    30 | loss_pnn = 2.231 | loss_cn = 0.00309886 | acc_sim = 0.309 | acc_phy = 0.260 
| epoch = 33 | step =    40 | loss_pnn = 2.232 | loss_cn = 0.00309574 | acc_sim = 0.302 | acc_phy = 0.256 
| epoch = 33 | step =    50 | loss_pnn = 2.233 | loss_cn = 0.00309584 | acc_sim = 0.300 | acc_phy = 0.255 
| epoch = 33 | step =    60 | loss_pnn = 2.234 | loss_cn = 0.00308966 | acc_sim = 0.296 | acc_phy = 0.253 
| epoch = 33 | step =    70 | loss_pnn = 2.234 | loss_cn = 0.00308435 | acc_sim = 0.294 | acc_phy = 0.253 
| epoch = 33 | step =    80 | loss_pnn = 2.235 | loss_cn = 0.00308740 | acc_sim = 0.292 | acc_phy = 0.251 
| epoch = 33 | step =    90 | loss_pnn = 2.235 | loss_cn = 0.00307764 | acc_sim = 0.292 | acc_phy = 0.250 
| epoch = 33 | step =   100 | loss_pnn = 2.235 | loss_cn = 0.00308625 | acc_sim = 0.292 | acc_phy = 0.250 
| epoch = 33 | step =   110 | loss_pnn = 2.235 | loss_cn = 0.00308890 | acc_sim = 0.292 | acc_phy = 0.249 
| epoch = 33 | step =   120 | loss_pnn = 2.235 | loss_cn = 0.00308300 | acc_sim = 0.292 | acc_phy = 0.249 
Phy accuracy of the network on 10000 test images: 0.240


Current training epoch: 34, learning rate for pnn: 0.000125, learning rate for SEPN: 0.000125
| epoch = 34 | step =    10 | loss_pnn = 2.238 | loss_cn = 0.00305021 | acc_sim = 0.294 | acc_phy = 0.245 
| epoch = 34 | step =    20 | loss_pnn = 2.239 | loss_cn = 0.00307669 | acc_sim = 0.301 | acc_phy = 0.247 
| epoch = 34 | step =    30 | loss_pnn = 2.239 | loss_cn = 0.00308990 | acc_sim = 0.299 | acc_phy = 0.245 
| epoch = 34 | step =    40 | loss_pnn = 2.240 | loss_cn = 0.00310086 | acc_sim = 0.298 | acc_phy = 0.243 
| epoch = 34 | step =    50 | loss_pnn = 2.240 | loss_cn = 0.00308918 | acc_sim = 0.297 | acc_phy = 0.243 
| epoch = 34 | step =    60 | loss_pnn = 2.240 | loss_cn = 0.00309918 | acc_sim = 0.297 | acc_phy = 0.242 
| epoch = 34 | step =    70 | loss_pnn = 2.241 | loss_cn = 0.00310701 | acc_sim = 0.296 | acc_phy = 0.240 
| epoch = 34 | step =    80 | loss_pnn = 2.241 | loss_cn = 0.00311602 | acc_sim = 0.295 | acc_phy = 0.240 
| epoch = 34 | step =    90 | loss_pnn = 2.242 | loss_cn = 0.00312447 | acc_sim = 0.293 | acc_phy = 0.239 
| epoch = 34 | step =   100 | loss_pnn = 2.242 | loss_cn = 0.00313231 | acc_sim = 0.292 | acc_phy = 0.238 
| epoch = 34 | step =   110 | loss_pnn = 2.243 | loss_cn = 0.00313759 | acc_sim = 0.293 | acc_phy = 0.237 
| epoch = 34 | step =   120 | loss_pnn = 2.243 | loss_cn = 0.00314485 | acc_sim = 0.293 | acc_phy = 0.236 
Phy accuracy of the network on 10000 test images: 0.218


Current training epoch: 35, learning rate for pnn: 0.000125, learning rate for SEPN: 0.000125
| epoch = 35 | step =    10 | loss_pnn = 2.251 | loss_cn = 0.00326629 | acc_sim = 0.279 | acc_phy = 0.220 
| epoch = 35 | step =    20 | loss_pnn = 2.250 | loss_cn = 0.00323255 | acc_sim = 0.285 | acc_phy = 0.219 
| epoch = 35 | step =    30 | loss_pnn = 2.250 | loss_cn = 0.00326663 | acc_sim = 0.282 | acc_phy = 0.220 
| epoch = 35 | step =    40 | loss_pnn = 2.251 | loss_cn = 0.00326968 | acc_sim = 0.282 | acc_phy = 0.218 
| epoch = 35 | step =    50 | loss_pnn = 2.252 | loss_cn = 0.00325927 | acc_sim = 0.277 | acc_phy = 0.214 
| epoch = 35 | step =    60 | loss_pnn = 2.252 | loss_cn = 0.00325947 | acc_sim = 0.275 | acc_phy = 0.213 
| epoch = 35 | step =    70 | loss_pnn = 2.253 | loss_cn = 0.00325459 | acc_sim = 0.272 | acc_phy = 0.209 
| epoch = 35 | step =    80 | loss_pnn = 2.254 | loss_cn = 0.00326116 | acc_sim = 0.269 | acc_phy = 0.208 
| epoch = 35 | step =    90 | loss_pnn = 2.255 | loss_cn = 0.00325475 | acc_sim = 0.266 | acc_phy = 0.206 
| epoch = 35 | step =   100 | loss_pnn = 2.255 | loss_cn = 0.00325922 | acc_sim = 0.263 | acc_phy = 0.205 
| epoch = 35 | step =   110 | loss_pnn = 2.255 | loss_cn = 0.00326360 | acc_sim = 0.259 | acc_phy = 0.203 
| epoch = 35 | step =   120 | loss_pnn = 2.256 | loss_cn = 0.00327053 | acc_sim = 0.257 | acc_phy = 0.202 
Phy accuracy of the network on 10000 test images: 0.179


Current training epoch: 36, learning rate for pnn: 0.000125, learning rate for SEPN: 0.000125
| epoch = 36 | step =    10 | loss_pnn = 2.261 | loss_cn = 0.00329863 | acc_sim = 0.209 | acc_phy = 0.185 
| epoch = 36 | step =    20 | loss_pnn = 2.262 | loss_cn = 0.00334092 | acc_sim = 0.208 | acc_phy = 0.181 
| epoch = 36 | step =    30 | loss_pnn = 2.263 | loss_cn = 0.00334135 | acc_sim = 0.204 | acc_phy = 0.180 
| epoch = 36 | step =    40 | loss_pnn = 2.263 | loss_cn = 0.00334414 | acc_sim = 0.202 | acc_phy = 0.181 
| epoch = 36 | step =    50 | loss_pnn = 2.263 | loss_cn = 0.00335703 | acc_sim = 0.199 | acc_phy = 0.180 
| epoch = 36 | step =    60 | loss_pnn = 2.264 | loss_cn = 0.00336541 | acc_sim = 0.199 | acc_phy = 0.180 
| epoch = 36 | step =    70 | loss_pnn = 2.264 | loss_cn = 0.00337660 | acc_sim = 0.197 | acc_phy = 0.178 
| epoch = 36 | step =    80 | loss_pnn = 2.264 | loss_cn = 0.00338009 | acc_sim = 0.196 | acc_phy = 0.177 
| epoch = 36 | step =    90 | loss_pnn = 2.265 | loss_cn = 0.00338264 | acc_sim = 0.194 | acc_phy = 0.176 
| epoch = 36 | step =   100 | loss_pnn = 2.265 | loss_cn = 0.00339295 | acc_sim = 0.191 | acc_phy = 0.174 
| epoch = 36 | step =   110 | loss_pnn = 2.266 | loss_cn = 0.00340051 | acc_sim = 0.189 | acc_phy = 0.173 
| epoch = 36 | step =   120 | loss_pnn = 2.266 | loss_cn = 0.00341608 | acc_sim = 0.187 | acc_phy = 0.171 
Phy accuracy of the network on 10000 test images: 0.158


Current training epoch: 37, learning rate for pnn: 0.000125, learning rate for SEPN: 0.000125
| epoch = 37 | step =    10 | loss_pnn = 2.273 | loss_cn = 0.00351479 | acc_sim = 0.165 | acc_phy = 0.155 
| epoch = 37 | step =    20 | loss_pnn = 2.275 | loss_cn = 0.00356800 | acc_sim = 0.160 | acc_phy = 0.151 
| epoch = 37 | step =    30 | loss_pnn = 2.275 | loss_cn = 0.00361495 | acc_sim = 0.161 | acc_phy = 0.151 
| epoch = 37 | step =    40 | loss_pnn = 2.275 | loss_cn = 0.00364269 | acc_sim = 0.159 | acc_phy = 0.148 
| epoch = 37 | step =    50 | loss_pnn = 2.276 | loss_cn = 0.00368302 | acc_sim = 0.157 | acc_phy = 0.147 
| epoch = 37 | step =    60 | loss_pnn = 2.277 | loss_cn = 0.00370768 | acc_sim = 0.157 | acc_phy = 0.146 
| epoch = 37 | step =    70 | loss_pnn = 2.278 | loss_cn = 0.00372661 | acc_sim = 0.155 | acc_phy = 0.143 
| epoch = 37 | step =    80 | loss_pnn = 2.279 | loss_cn = 0.00374619 | acc_sim = 0.155 | acc_phy = 0.141 
| epoch = 37 | step =    90 | loss_pnn = 2.279 | loss_cn = 0.00377583 | acc_sim = 0.154 | acc_phy = 0.140 
| epoch = 37 | step =   100 | loss_pnn = 2.279 | loss_cn = 0.00379042 | acc_sim = 0.153 | acc_phy = 0.139 
| epoch = 37 | step =   110 | loss_pnn = 2.280 | loss_cn = 0.00381476 | acc_sim = 0.152 | acc_phy = 0.137 
| epoch = 37 | step =   120 | loss_pnn = 2.280 | loss_cn = 0.00384220 | acc_sim = 0.151 | acc_phy = 0.136 
Phy accuracy of the network on 10000 test images: 0.120


Current training epoch: 38, learning rate for pnn: 0.000125, learning rate for SEPN: 0.000125
| epoch = 38 | step =    10 | loss_pnn = 2.288 | loss_cn = 0.00417807 | acc_sim = 0.135 | acc_phy = 0.115 
| epoch = 38 | step =    20 | loss_pnn = 2.287 | loss_cn = 0.00416917 | acc_sim = 0.135 | acc_phy = 0.118 
| epoch = 38 | step =    30 | loss_pnn = 2.288 | loss_cn = 0.00415089 | acc_sim = 0.136 | acc_phy = 0.117 
| epoch = 38 | step =    40 | loss_pnn = 2.288 | loss_cn = 0.00417545 | acc_sim = 0.135 | acc_phy = 0.116 
| epoch = 38 | step =    50 | loss_pnn = 2.288 | loss_cn = 0.00416669 | acc_sim = 0.134 | acc_phy = 0.116 
| epoch = 38 | step =    60 | loss_pnn = 2.288 | loss_cn = 0.00417647 | acc_sim = 0.134 | acc_phy = 0.116 
| epoch = 38 | step =    70 | loss_pnn = 2.288 | loss_cn = 0.00418532 | acc_sim = 0.135 | acc_phy = 0.116 
| epoch = 38 | step =    80 | loss_pnn = 2.288 | loss_cn = 0.00419867 | acc_sim = 0.137 | acc_phy = 0.116 
| epoch = 38 | step =    90 | loss_pnn = 2.288 | loss_cn = 0.00419621 | acc_sim = 0.138 | acc_phy = 0.116 
| epoch = 38 | step =   100 | loss_pnn = 2.288 | loss_cn = 0.00419587 | acc_sim = 0.140 | acc_phy = 0.118 
| epoch = 38 | step =   110 | loss_pnn = 2.288 | loss_cn = 0.00418723 | acc_sim = 0.141 | acc_phy = 0.118 
| epoch = 38 | step =   120 | loss_pnn = 2.288 | loss_cn = 0.00418197 | acc_sim = 0.142 | acc_phy = 0.118 
Phy accuracy of the network on 10000 test images: 0.126


Current training epoch: 39, learning rate for pnn: 0.000125, learning rate for SEPN: 0.000125
| epoch = 39 | step =    10 | loss_pnn = 2.286 | loss_cn = 0.00413485 | acc_sim = 0.154 | acc_phy = 0.135 
| epoch = 39 | step =    20 | loss_pnn = 2.288 | loss_cn = 0.00415352 | acc_sim = 0.155 | acc_phy = 0.130 
| epoch = 39 | step =    30 | loss_pnn = 2.289 | loss_cn = 0.00413042 | acc_sim = 0.151 | acc_phy = 0.128 
| epoch = 39 | step =    40 | loss_pnn = 2.290 | loss_cn = 0.00412356 | acc_sim = 0.148 | acc_phy = 0.128 
| epoch = 39 | step =    50 | loss_pnn = 2.289 | loss_cn = 0.00412505 | acc_sim = 0.147 | acc_phy = 0.128 
| epoch = 39 | step =    60 | loss_pnn = 2.290 | loss_cn = 0.00411841 | acc_sim = 0.146 | acc_phy = 0.128 
| epoch = 39 | step =    70 | loss_pnn = 2.289 | loss_cn = 0.00412372 | acc_sim = 0.146 | acc_phy = 0.129 
| epoch = 39 | step =    80 | loss_pnn = 2.289 | loss_cn = 0.00412945 | acc_sim = 0.146 | acc_phy = 0.130 
| epoch = 39 | step =    90 | loss_pnn = 2.289 | loss_cn = 0.00411508 | acc_sim = 0.146 | acc_phy = 0.129 
| epoch = 39 | step =   100 | loss_pnn = 2.289 | loss_cn = 0.00410361 | acc_sim = 0.146 | acc_phy = 0.130 
| epoch = 39 | step =   110 | loss_pnn = 2.289 | loss_cn = 0.00409341 | acc_sim = 0.146 | acc_phy = 0.130 
| epoch = 39 | step =   120 | loss_pnn = 2.289 | loss_cn = 0.00408770 | acc_sim = 0.147 | acc_phy = 0.131 
Phy accuracy of the network on 10000 test images: 0.135


Current training epoch: 40, learning rate for pnn: 0.000125, learning rate for SEPN: 0.000125
| epoch = 40 | step =    10 | loss_pnn = 2.288 | loss_cn = 0.00403157 | acc_sim = 0.153 | acc_phy = 0.138 
| epoch = 40 | step =    20 | loss_pnn = 2.287 | loss_cn = 0.00396821 | acc_sim = 0.146 | acc_phy = 0.138 
| epoch = 40 | step =    30 | loss_pnn = 2.287 | loss_cn = 0.00395327 | acc_sim = 0.145 | acc_phy = 0.140 
| epoch = 40 | step =    40 | loss_pnn = 2.288 | loss_cn = 0.00395217 | acc_sim = 0.145 | acc_phy = 0.139 
| epoch = 40 | step =    50 | loss_pnn = 2.288 | loss_cn = 0.00394041 | acc_sim = 0.145 | acc_phy = 0.139 
| epoch = 40 | step =    60 | loss_pnn = 2.288 | loss_cn = 0.00393556 | acc_sim = 0.146 | acc_phy = 0.140 
| epoch = 40 | step =    70 | loss_pnn = 2.288 | loss_cn = 0.00392464 | acc_sim = 0.146 | acc_phy = 0.141 
| epoch = 40 | step =    80 | loss_pnn = 2.288 | loss_cn = 0.00392572 | acc_sim = 0.148 | acc_phy = 0.141 
| epoch = 40 | step =    90 | loss_pnn = 2.287 | loss_cn = 0.00391440 | acc_sim = 0.148 | acc_phy = 0.141 
| epoch = 40 | step =   100 | loss_pnn = 2.287 | loss_cn = 0.00389341 | acc_sim = 0.148 | acc_phy = 0.142 
| epoch = 40 | step =   110 | loss_pnn = 2.287 | loss_cn = 0.00389298 | acc_sim = 0.149 | acc_phy = 0.143 
| epoch = 40 | step =   120 | loss_pnn = 2.287 | loss_cn = 0.00388482 | acc_sim = 0.151 | acc_phy = 0.144 
Phy accuracy of the network on 10000 test images: 0.156


Current training epoch: 41, learning rate for pnn: 6.25e-05, learning rate for SEPN: 6.25e-05
| epoch = 41 | step =    10 | loss_pnn = 2.285 | loss_cn = 0.00378521 | acc_sim = 0.166 | acc_phy = 0.159 
| epoch = 41 | step =    20 | loss_pnn = 2.286 | loss_cn = 0.00377620 | acc_sim = 0.164 | acc_phy = 0.157 
| epoch = 41 | step =    30 | loss_pnn = 2.286 | loss_cn = 0.00381615 | acc_sim = 0.164 | acc_phy = 0.157 
| epoch = 41 | step =    40 | loss_pnn = 2.285 | loss_cn = 0.00381133 | acc_sim = 0.169 | acc_phy = 0.159 
| epoch = 41 | step =    50 | loss_pnn = 2.285 | loss_cn = 0.00381622 | acc_sim = 0.171 | acc_phy = 0.160 
| epoch = 41 | step =    60 | loss_pnn = 2.285 | loss_cn = 0.00382678 | acc_sim = 0.171 | acc_phy = 0.161 
| epoch = 41 | step =    70 | loss_pnn = 2.285 | loss_cn = 0.00381801 | acc_sim = 0.171 | acc_phy = 0.161 
| epoch = 41 | step =    80 | loss_pnn = 2.285 | loss_cn = 0.00380398 | acc_sim = 0.173 | acc_phy = 0.163 
| epoch = 41 | step =    90 | loss_pnn = 2.285 | loss_cn = 0.00380719 | acc_sim = 0.174 | acc_phy = 0.163 
| epoch = 41 | step =   100 | loss_pnn = 2.284 | loss_cn = 0.00380239 | acc_sim = 0.176 | acc_phy = 0.164 
| epoch = 41 | step =   110 | loss_pnn = 2.284 | loss_cn = 0.00381427 | acc_sim = 0.177 | acc_phy = 0.165 
| epoch = 41 | step =   120 | loss_pnn = 2.284 | loss_cn = 0.00381824 | acc_sim = 0.178 | acc_phy = 0.165 
Phy accuracy of the network on 10000 test images: 0.173


Current training epoch: 42, learning rate for pnn: 6.25e-05, learning rate for SEPN: 6.25e-05
| epoch = 42 | step =    10 | loss_pnn = 2.285 | loss_cn = 0.00381649 | acc_sim = 0.179 | acc_phy = 0.165 
| epoch = 42 | step =    20 | loss_pnn = 2.286 | loss_cn = 0.00379123 | acc_sim = 0.178 | acc_phy = 0.166 
| epoch = 42 | step =    30 | loss_pnn = 2.284 | loss_cn = 0.00381472 | acc_sim = 0.185 | acc_phy = 0.170 
| epoch = 42 | step =    40 | loss_pnn = 2.283 | loss_cn = 0.00380659 | acc_sim = 0.186 | acc_phy = 0.172 
| epoch = 42 | step =    50 | loss_pnn = 2.282 | loss_cn = 0.00380050 | acc_sim = 0.188 | acc_phy = 0.175 
| epoch = 42 | step =    60 | loss_pnn = 2.283 | loss_cn = 0.00382238 | acc_sim = 0.190 | acc_phy = 0.175 
| epoch = 42 | step =    70 | loss_pnn = 2.282 | loss_cn = 0.00381827 | acc_sim = 0.191 | acc_phy = 0.176 
| epoch = 42 | step =    80 | loss_pnn = 2.282 | loss_cn = 0.00381871 | acc_sim = 0.191 | acc_phy = 0.178 
| epoch = 42 | step =    90 | loss_pnn = 2.282 | loss_cn = 0.00382061 | acc_sim = 0.192 | acc_phy = 0.178 
| epoch = 42 | step =   100 | loss_pnn = 2.281 | loss_cn = 0.00381289 | acc_sim = 0.194 | acc_phy = 0.179 
| epoch = 42 | step =   110 | loss_pnn = 2.281 | loss_cn = 0.00380490 | acc_sim = 0.194 | acc_phy = 0.179 
| epoch = 42 | step =   120 | loss_pnn = 2.281 | loss_cn = 0.00380037 | acc_sim = 0.194 | acc_phy = 0.180 
Phy accuracy of the network on 10000 test images: 0.185


Current training epoch: 43, learning rate for pnn: 6.25e-05, learning rate for SEPN: 6.25e-05
| epoch = 43 | step =    10 | loss_pnn = 2.278 | loss_cn = 0.00368623 | acc_sim = 0.215 | acc_phy = 0.188 
| epoch = 43 | step =    20 | loss_pnn = 2.279 | loss_cn = 0.00372704 | acc_sim = 0.210 | acc_phy = 0.184 
| epoch = 43 | step =    30 | loss_pnn = 2.278 | loss_cn = 0.00375581 | acc_sim = 0.207 | acc_phy = 0.187 
| epoch = 43 | step =    40 | loss_pnn = 2.278 | loss_cn = 0.00374276 | acc_sim = 0.206 | acc_phy = 0.186 
| epoch = 43 | step =    50 | loss_pnn = 2.278 | loss_cn = 0.00372711 | acc_sim = 0.206 | acc_phy = 0.187 
| epoch = 43 | step =    60 | loss_pnn = 2.278 | loss_cn = 0.00373552 | acc_sim = 0.205 | acc_phy = 0.187 
| epoch = 43 | step =    70 | loss_pnn = 2.278 | loss_cn = 0.00373993 | acc_sim = 0.205 | acc_phy = 0.186 
| epoch = 43 | step =    80 | loss_pnn = 2.279 | loss_cn = 0.00373620 | acc_sim = 0.205 | acc_phy = 0.186 
| epoch = 43 | step =    90 | loss_pnn = 2.278 | loss_cn = 0.00374715 | acc_sim = 0.206 | acc_phy = 0.188 
| epoch = 43 | step =   100 | loss_pnn = 2.278 | loss_cn = 0.00375384 | acc_sim = 0.206 | acc_phy = 0.188 
| epoch = 43 | step =   110 | loss_pnn = 2.278 | loss_cn = 0.00375697 | acc_sim = 0.207 | acc_phy = 0.189 
| epoch = 43 | step =   120 | loss_pnn = 2.278 | loss_cn = 0.00374979 | acc_sim = 0.207 | acc_phy = 0.189 
Phy accuracy of the network on 10000 test images: 0.195


Current training epoch: 44, learning rate for pnn: 6.25e-05, learning rate for SEPN: 6.25e-05
| epoch = 44 | step =    10 | loss_pnn = 2.275 | loss_cn = 0.00379975 | acc_sim = 0.215 | acc_phy = 0.200 
| epoch = 44 | step =    20 | loss_pnn = 2.275 | loss_cn = 0.00374820 | acc_sim = 0.218 | acc_phy = 0.200 
| epoch = 44 | step =    30 | loss_pnn = 2.275 | loss_cn = 0.00374257 | acc_sim = 0.217 | acc_phy = 0.200 
| epoch = 44 | step =    40 | loss_pnn = 2.275 | loss_cn = 0.00372757 | acc_sim = 0.214 | acc_phy = 0.198 
| epoch = 44 | step =    50 | loss_pnn = 2.275 | loss_cn = 0.00373311 | acc_sim = 0.214 | acc_phy = 0.200 
| epoch = 44 | step =    60 | loss_pnn = 2.274 | loss_cn = 0.00372715 | acc_sim = 0.214 | acc_phy = 0.200 
| epoch = 44 | step =    70 | loss_pnn = 2.274 | loss_cn = 0.00372400 | acc_sim = 0.214 | acc_phy = 0.200 
| epoch = 44 | step =    80 | loss_pnn = 2.274 | loss_cn = 0.00372434 | acc_sim = 0.215 | acc_phy = 0.199 
| epoch = 44 | step =    90 | loss_pnn = 2.274 | loss_cn = 0.00371667 | acc_sim = 0.215 | acc_phy = 0.199 
| epoch = 44 | step =   100 | loss_pnn = 2.275 | loss_cn = 0.00371726 | acc_sim = 0.214 | acc_phy = 0.198 
| epoch = 44 | step =   110 | loss_pnn = 2.275 | loss_cn = 0.00371913 | acc_sim = 0.215 | acc_phy = 0.198 
| epoch = 44 | step =   120 | loss_pnn = 2.274 | loss_cn = 0.00372074 | acc_sim = 0.216 | acc_phy = 0.198 
Phy accuracy of the network on 10000 test images: 0.202


Current training epoch: 45, learning rate for pnn: 6.25e-05, learning rate for SEPN: 6.25e-05
| epoch = 45 | step =    10 | loss_pnn = 2.276 | loss_cn = 0.00375453 | acc_sim = 0.222 | acc_phy = 0.186 
| epoch = 45 | step =    20 | loss_pnn = 2.274 | loss_cn = 0.00373490 | acc_sim = 0.230 | acc_phy = 0.199 
| epoch = 45 | step =    30 | loss_pnn = 2.272 | loss_cn = 0.00368572 | acc_sim = 0.233 | acc_phy = 0.204 
| epoch = 45 | step =    40 | loss_pnn = 2.271 | loss_cn = 0.00368820 | acc_sim = 0.236 | acc_phy = 0.206 
| epoch = 45 | step =    50 | loss_pnn = 2.272 | loss_cn = 0.00367971 | acc_sim = 0.237 | acc_phy = 0.205 
| epoch = 45 | step =    60 | loss_pnn = 2.271 | loss_cn = 0.00369549 | acc_sim = 0.239 | acc_phy = 0.205 
| epoch = 45 | step =    70 | loss_pnn = 2.272 | loss_cn = 0.00369545 | acc_sim = 0.239 | acc_phy = 0.204 
| epoch = 45 | step =    80 | loss_pnn = 2.272 | loss_cn = 0.00369190 | acc_sim = 0.240 | acc_phy = 0.204 
| epoch = 45 | step =    90 | loss_pnn = 2.272 | loss_cn = 0.00368776 | acc_sim = 0.242 | acc_phy = 0.205 
| epoch = 45 | step =   100 | loss_pnn = 2.271 | loss_cn = 0.00367869 | acc_sim = 0.244 | acc_phy = 0.205 
| epoch = 45 | step =   110 | loss_pnn = 2.271 | loss_cn = 0.00366843 | acc_sim = 0.245 | acc_phy = 0.206 
| epoch = 45 | step =   120 | loss_pnn = 2.271 | loss_cn = 0.00366463 | acc_sim = 0.246 | acc_phy = 0.206 
Phy accuracy of the network on 10000 test images: 0.209


Current training epoch: 46, learning rate for pnn: 6.25e-05, learning rate for SEPN: 6.25e-05
| epoch = 46 | step =    10 | loss_pnn = 2.271 | loss_cn = 0.00361568 | acc_sim = 0.264 | acc_phy = 0.207 
| epoch = 46 | step =    20 | loss_pnn = 2.270 | loss_cn = 0.00364687 | acc_sim = 0.260 | acc_phy = 0.206 
| epoch = 46 | step =    30 | loss_pnn = 2.270 | loss_cn = 0.00363173 | acc_sim = 0.263 | acc_phy = 0.208 
| epoch = 46 | step =    40 | loss_pnn = 2.270 | loss_cn = 0.00363113 | acc_sim = 0.263 | acc_phy = 0.210 
| epoch = 46 | step =    50 | loss_pnn = 2.270 | loss_cn = 0.00360084 | acc_sim = 0.265 | acc_phy = 0.211 
| epoch = 46 | step =    60 | loss_pnn = 2.269 | loss_cn = 0.00360504 | acc_sim = 0.265 | acc_phy = 0.212 
| epoch = 46 | step =    70 | loss_pnn = 2.269 | loss_cn = 0.00360383 | acc_sim = 0.266 | acc_phy = 0.211 
| epoch = 46 | step =    80 | loss_pnn = 2.269 | loss_cn = 0.00360719 | acc_sim = 0.266 | acc_phy = 0.211 
| epoch = 46 | step =    90 | loss_pnn = 2.269 | loss_cn = 0.00360340 | acc_sim = 0.266 | acc_phy = 0.212 
| epoch = 46 | step =   100 | loss_pnn = 2.269 | loss_cn = 0.00359994 | acc_sim = 0.265 | acc_phy = 0.212 
| epoch = 46 | step =   110 | loss_pnn = 2.269 | loss_cn = 0.00359863 | acc_sim = 0.266 | acc_phy = 0.211 
| epoch = 46 | step =   120 | loss_pnn = 2.269 | loss_cn = 0.00359837 | acc_sim = 0.265 | acc_phy = 0.212 
Phy accuracy of the network on 10000 test images: 0.213


Current training epoch: 47, learning rate for pnn: 6.25e-05, learning rate for SEPN: 6.25e-05
| epoch = 47 | step =    10 | loss_pnn = 2.268 | loss_cn = 0.00361020 | acc_sim = 0.265 | acc_phy = 0.213 
| epoch = 47 | step =    20 | loss_pnn = 2.268 | loss_cn = 0.00362696 | acc_sim = 0.267 | acc_phy = 0.216 
| epoch = 47 | step =    30 | loss_pnn = 2.267 | loss_cn = 0.00360305 | acc_sim = 0.266 | acc_phy = 0.219 
| epoch = 47 | step =    40 | loss_pnn = 2.267 | loss_cn = 0.00358016 | acc_sim = 0.264 | acc_phy = 0.219 
| epoch = 47 | step =    50 | loss_pnn = 2.267 | loss_cn = 0.00355432 | acc_sim = 0.263 | acc_phy = 0.219 
| epoch = 47 | step =    60 | loss_pnn = 2.266 | loss_cn = 0.00353733 | acc_sim = 0.265 | acc_phy = 0.220 
| epoch = 47 | step =    70 | loss_pnn = 2.266 | loss_cn = 0.00352077 | acc_sim = 0.264 | acc_phy = 0.220 
| epoch = 47 | step =    80 | loss_pnn = 2.266 | loss_cn = 0.00351788 | acc_sim = 0.264 | acc_phy = 0.220 
| epoch = 47 | step =    90 | loss_pnn = 2.266 | loss_cn = 0.00352374 | acc_sim = 0.263 | acc_phy = 0.220 
| epoch = 47 | step =   100 | loss_pnn = 2.266 | loss_cn = 0.00351986 | acc_sim = 0.263 | acc_phy = 0.219 
| epoch = 47 | step =   110 | loss_pnn = 2.266 | loss_cn = 0.00351511 | acc_sim = 0.263 | acc_phy = 0.220 
| epoch = 47 | step =   120 | loss_pnn = 2.266 | loss_cn = 0.00350086 | acc_sim = 0.262 | acc_phy = 0.220 
Phy accuracy of the network on 10000 test images: 0.229


Current training epoch: 48, learning rate for pnn: 6.25e-05, learning rate for SEPN: 6.25e-05
| epoch = 48 | step =    10 | loss_pnn = 2.264 | loss_cn = 0.00355191 | acc_sim = 0.261 | acc_phy = 0.232 
| epoch = 48 | step =    20 | loss_pnn = 2.266 | loss_cn = 0.00350203 | acc_sim = 0.260 | acc_phy = 0.225 
| epoch = 48 | step =    30 | loss_pnn = 2.265 | loss_cn = 0.00346917 | acc_sim = 0.264 | acc_phy = 0.227 
| epoch = 48 | step =    40 | loss_pnn = 2.265 | loss_cn = 0.00344015 | acc_sim = 0.265 | acc_phy = 0.228 
| epoch = 48 | step =    50 | loss_pnn = 2.265 | loss_cn = 0.00342869 | acc_sim = 0.267 | acc_phy = 0.230 
| epoch = 48 | step =    60 | loss_pnn = 2.264 | loss_cn = 0.00342192 | acc_sim = 0.270 | acc_phy = 0.232 
| epoch = 48 | step =    70 | loss_pnn = 2.264 | loss_cn = 0.00341510 | acc_sim = 0.270 | acc_phy = 0.232 
| epoch = 48 | step =    80 | loss_pnn = 2.264 | loss_cn = 0.00341361 | acc_sim = 0.270 | acc_phy = 0.234 
| epoch = 48 | step =    90 | loss_pnn = 2.263 | loss_cn = 0.00340477 | acc_sim = 0.271 | acc_phy = 0.235 
| epoch = 48 | step =   100 | loss_pnn = 2.263 | loss_cn = 0.00339468 | acc_sim = 0.272 | acc_phy = 0.236 
| epoch = 48 | step =   110 | loss_pnn = 2.263 | loss_cn = 0.00338612 | acc_sim = 0.272 | acc_phy = 0.236 
| epoch = 48 | step =   120 | loss_pnn = 2.263 | loss_cn = 0.00337760 | acc_sim = 0.273 | acc_phy = 0.238 
Phy accuracy of the network on 10000 test images: 0.246


Current training epoch: 49, learning rate for pnn: 6.25e-05, learning rate for SEPN: 6.25e-05
| epoch = 49 | step =    10 | loss_pnn = 2.258 | loss_cn = 0.00330663 | acc_sim = 0.284 | acc_phy = 0.254 
| epoch = 49 | step =    20 | loss_pnn = 2.258 | loss_cn = 0.00326751 | acc_sim = 0.290 | acc_phy = 0.255 
| epoch = 49 | step =    30 | loss_pnn = 2.260 | loss_cn = 0.00327914 | acc_sim = 0.286 | acc_phy = 0.251 
| epoch = 49 | step =    40 | loss_pnn = 2.259 | loss_cn = 0.00328092 | acc_sim = 0.290 | acc_phy = 0.253 
| epoch = 49 | step =    50 | loss_pnn = 2.259 | loss_cn = 0.00327262 | acc_sim = 0.290 | acc_phy = 0.254 
| epoch = 49 | step =    60 | loss_pnn = 2.259 | loss_cn = 0.00327104 | acc_sim = 0.291 | acc_phy = 0.254 
| epoch = 49 | step =    70 | loss_pnn = 2.258 | loss_cn = 0.00326390 | acc_sim = 0.291 | acc_phy = 0.255 
| epoch = 49 | step =    80 | loss_pnn = 2.258 | loss_cn = 0.00325510 | acc_sim = 0.292 | acc_phy = 0.255 
| epoch = 49 | step =    90 | loss_pnn = 2.258 | loss_cn = 0.00324810 | acc_sim = 0.292 | acc_phy = 0.256 
| epoch = 49 | step =   100 | loss_pnn = 2.258 | loss_cn = 0.00325101 | acc_sim = 0.292 | acc_phy = 0.256 
| epoch = 49 | step =   110 | loss_pnn = 2.258 | loss_cn = 0.00324749 | acc_sim = 0.290 | acc_phy = 0.255 
| epoch = 49 | step =   120 | loss_pnn = 2.258 | loss_cn = 0.00325049 | acc_sim = 0.290 | acc_phy = 0.255 
Phy accuracy of the network on 10000 test images: 0.263


Current training epoch: 50, learning rate for pnn: 6.25e-05, learning rate for SEPN: 6.25e-05
| epoch = 50 | step =    10 | loss_pnn = 2.257 | loss_cn = 0.00324889 | acc_sim = 0.295 | acc_phy = 0.263 
| epoch = 50 | step =    20 | loss_pnn = 2.256 | loss_cn = 0.00321507 | acc_sim = 0.296 | acc_phy = 0.263 
| epoch = 50 | step =    30 | loss_pnn = 2.255 | loss_cn = 0.00322061 | acc_sim = 0.300 | acc_phy = 0.264 
| epoch = 50 | step =    40 | loss_pnn = 2.255 | loss_cn = 0.00322910 | acc_sim = 0.301 | acc_phy = 0.267 
| epoch = 50 | step =    50 | loss_pnn = 2.254 | loss_cn = 0.00323197 | acc_sim = 0.301 | acc_phy = 0.268 
| epoch = 50 | step =    60 | loss_pnn = 2.254 | loss_cn = 0.00322011 | acc_sim = 0.300 | acc_phy = 0.268 
| epoch = 50 | step =    70 | loss_pnn = 2.254 | loss_cn = 0.00322391 | acc_sim = 0.300 | acc_phy = 0.269 
| epoch = 50 | step =    80 | loss_pnn = 2.254 | loss_cn = 0.00321163 | acc_sim = 0.302 | acc_phy = 0.271 
| epoch = 50 | step =    90 | loss_pnn = 2.254 | loss_cn = 0.00321597 | acc_sim = 0.302 | acc_phy = 0.271 
| epoch = 50 | step =   100 | loss_pnn = 2.253 | loss_cn = 0.00322242 | acc_sim = 0.303 | acc_phy = 0.272 
| epoch = 50 | step =   110 | loss_pnn = 2.253 | loss_cn = 0.00322219 | acc_sim = 0.304 | acc_phy = 0.273 
| epoch = 50 | step =   120 | loss_pnn = 2.253 | loss_cn = 0.00321678 | acc_sim = 0.305 | acc_phy = 0.274 
Phy accuracy of the network on 10000 test images: 0.286

Finished training. Elapsed time of training = 2:37:01.248317
