Training new model from scratch......
--------------------------
Training with SEPN
--------------------------

Current training epoch: 1, learning rate for pnn: 0.001, learning rate for SEPN: 0.001
| epoch = 1 | step =    10 | loss_pnn = 2.238 | loss_cn = 0.00489712 | acc_sim = 0.271 | acc_phy = 0.275 
| epoch = 1 | step =    20 | loss_pnn = 2.178 | loss_cn = 0.00438211 | acc_sim = 0.325 | acc_phy = 0.324 
| epoch = 1 | step =    30 | loss_pnn = 2.133 | loss_cn = 0.00414637 | acc_sim = 0.379 | acc_phy = 0.368 
| epoch = 1 | step =    40 | loss_pnn = 2.093 | loss_cn = 0.00393686 | acc_sim = 0.437 | acc_phy = 0.423 
| epoch = 1 | step =    50 | loss_pnn = 2.054 | loss_cn = 0.00364319 | acc_sim = 0.484 | acc_phy = 0.468 
| epoch = 1 | step =    60 | loss_pnn = 2.024 | loss_cn = 0.00340275 | acc_sim = 0.519 | acc_phy = 0.500 
| epoch = 1 | step =    70 | loss_pnn = 1.998 | loss_cn = 0.00316338 | acc_sim = 0.547 | acc_phy = 0.527 
| epoch = 1 | step =    80 | loss_pnn = 1.976 | loss_cn = 0.00295412 | acc_sim = 0.569 | acc_phy = 0.548 
| epoch = 1 | step =    90 | loss_pnn = 1.957 | loss_cn = 0.00277731 | acc_sim = 0.588 | acc_phy = 0.566 
| epoch = 1 | step =   100 | loss_pnn = 1.940 | loss_cn = 0.00262068 | acc_sim = 0.605 | acc_phy = 0.584 
| epoch = 1 | step =   110 | loss_pnn = 1.925 | loss_cn = 0.00248691 | acc_sim = 0.619 | acc_phy = 0.598 
| epoch = 1 | step =   120 | loss_pnn = 1.912 | loss_cn = 0.00237206 | acc_sim = 0.631 | acc_phy = 0.610 
Phy accuracy of the network on 10000 test images: 0.733


Current training epoch: 2, learning rate for pnn: 0.001, learning rate for SEPN: 0.001
| epoch = 2 | step =    10 | loss_pnn = 1.759 | loss_cn = 0.00097085 | acc_sim = 0.774 | acc_phy = 0.750 
| epoch = 2 | step =    20 | loss_pnn = 1.756 | loss_cn = 0.00097159 | acc_sim = 0.778 | acc_phy = 0.753 
| epoch = 2 | step =    30 | loss_pnn = 1.754 | loss_cn = 0.00094800 | acc_sim = 0.776 | acc_phy = 0.753 
| epoch = 2 | step =    40 | loss_pnn = 1.752 | loss_cn = 0.00094116 | acc_sim = 0.776 | acc_phy = 0.750 
| epoch = 2 | step =    50 | loss_pnn = 1.750 | loss_cn = 0.00092303 | acc_sim = 0.778 | acc_phy = 0.752 
| epoch = 2 | step =    60 | loss_pnn = 1.747 | loss_cn = 0.00090944 | acc_sim = 0.778 | acc_phy = 0.754 
| epoch = 2 | step =    70 | loss_pnn = 1.746 | loss_cn = 0.00088930 | acc_sim = 0.779 | acc_phy = 0.753 
| epoch = 2 | step =    80 | loss_pnn = 1.744 | loss_cn = 0.00086635 | acc_sim = 0.781 | acc_phy = 0.755 
| epoch = 2 | step =    90 | loss_pnn = 1.741 | loss_cn = 0.00084816 | acc_sim = 0.782 | acc_phy = 0.756 
| epoch = 2 | step =   100 | loss_pnn = 1.739 | loss_cn = 0.00083908 | acc_sim = 0.783 | acc_phy = 0.757 
| epoch = 2 | step =   110 | loss_pnn = 1.738 | loss_cn = 0.00082945 | acc_sim = 0.785 | acc_phy = 0.758 
| epoch = 2 | step =   120 | loss_pnn = 1.736 | loss_cn = 0.00081763 | acc_sim = 0.785 | acc_phy = 0.758 
Phy accuracy of the network on 10000 test images: 0.759


Current training epoch: 3, learning rate for pnn: 0.001, learning rate for SEPN: 0.001
| epoch = 3 | step =    10 | loss_pnn = 1.718 | loss_cn = 0.00067003 | acc_sim = 0.793 | acc_phy = 0.765 
| epoch = 3 | step =    20 | loss_pnn = 1.712 | loss_cn = 0.00064950 | acc_sim = 0.803 | acc_phy = 0.775 
| epoch = 3 | step =    30 | loss_pnn = 1.711 | loss_cn = 0.00065606 | acc_sim = 0.806 | acc_phy = 0.775 
| epoch = 3 | step =    40 | loss_pnn = 1.709 | loss_cn = 0.00064986 | acc_sim = 0.805 | acc_phy = 0.776 
| epoch = 3 | step =    50 | loss_pnn = 1.709 | loss_cn = 0.00063652 | acc_sim = 0.806 | acc_phy = 0.776 
| epoch = 3 | step =    60 | loss_pnn = 1.708 | loss_cn = 0.00062468 | acc_sim = 0.805 | acc_phy = 0.776 
| epoch = 3 | step =    70 | loss_pnn = 1.708 | loss_cn = 0.00062342 | acc_sim = 0.805 | acc_phy = 0.776 
| epoch = 3 | step =    80 | loss_pnn = 1.707 | loss_cn = 0.00061475 | acc_sim = 0.805 | acc_phy = 0.776 
| epoch = 3 | step =    90 | loss_pnn = 1.705 | loss_cn = 0.00060940 | acc_sim = 0.806 | acc_phy = 0.777 
| epoch = 3 | step =   100 | loss_pnn = 1.704 | loss_cn = 0.00060174 | acc_sim = 0.807 | acc_phy = 0.778 
| epoch = 3 | step =   110 | loss_pnn = 1.703 | loss_cn = 0.00059905 | acc_sim = 0.808 | acc_phy = 0.778 
| epoch = 3 | step =   120 | loss_pnn = 1.702 | loss_cn = 0.00059177 | acc_sim = 0.808 | acc_phy = 0.778 
Phy accuracy of the network on 10000 test images: 0.776


Current training epoch: 4, learning rate for pnn: 0.001, learning rate for SEPN: 0.001
| epoch = 4 | step =    10 | loss_pnn = 1.685 | loss_cn = 0.00052054 | acc_sim = 0.816 | acc_phy = 0.787 
| epoch = 4 | step =    20 | loss_pnn = 1.687 | loss_cn = 0.00050038 | acc_sim = 0.816 | acc_phy = 0.788 
| epoch = 4 | step =    30 | loss_pnn = 1.688 | loss_cn = 0.00050153 | acc_sim = 0.816 | acc_phy = 0.785 
| epoch = 4 | step =    40 | loss_pnn = 1.688 | loss_cn = 0.00049661 | acc_sim = 0.817 | acc_phy = 0.786 
| epoch = 4 | step =    50 | loss_pnn = 1.687 | loss_cn = 0.00049159 | acc_sim = 0.818 | acc_phy = 0.787 
| epoch = 4 | step =    60 | loss_pnn = 1.687 | loss_cn = 0.00049722 | acc_sim = 0.818 | acc_phy = 0.788 
| epoch = 4 | step =    70 | loss_pnn = 1.686 | loss_cn = 0.00049474 | acc_sim = 0.820 | acc_phy = 0.789 
| epoch = 4 | step =    80 | loss_pnn = 1.685 | loss_cn = 0.00049160 | acc_sim = 0.821 | acc_phy = 0.789 
| epoch = 4 | step =    90 | loss_pnn = 1.685 | loss_cn = 0.00049033 | acc_sim = 0.821 | acc_phy = 0.789 
| epoch = 4 | step =   100 | loss_pnn = 1.684 | loss_cn = 0.00048466 | acc_sim = 0.821 | acc_phy = 0.790 
| epoch = 4 | step =   110 | loss_pnn = 1.684 | loss_cn = 0.00047950 | acc_sim = 0.822 | acc_phy = 0.789 
| epoch = 4 | step =   120 | loss_pnn = 1.684 | loss_cn = 0.00047835 | acc_sim = 0.822 | acc_phy = 0.789 
Phy accuracy of the network on 10000 test images: 0.779


Current training epoch: 5, learning rate for pnn: 0.001, learning rate for SEPN: 0.001
| epoch = 5 | step =    10 | loss_pnn = 1.681 | loss_cn = 0.00043225 | acc_sim = 0.824 | acc_phy = 0.790 
| epoch = 5 | step =    20 | loss_pnn = 1.678 | loss_cn = 0.00043077 | acc_sim = 0.826 | acc_phy = 0.795 
| epoch = 5 | step =    30 | loss_pnn = 1.677 | loss_cn = 0.00042849 | acc_sim = 0.827 | acc_phy = 0.796 
| epoch = 5 | step =    40 | loss_pnn = 1.677 | loss_cn = 0.00043132 | acc_sim = 0.827 | acc_phy = 0.796 
| epoch = 5 | step =    50 | loss_pnn = 1.676 | loss_cn = 0.00043365 | acc_sim = 0.828 | acc_phy = 0.796 
| epoch = 5 | step =    60 | loss_pnn = 1.677 | loss_cn = 0.00043836 | acc_sim = 0.829 | acc_phy = 0.794 
| epoch = 5 | step =    70 | loss_pnn = 1.678 | loss_cn = 0.00043835 | acc_sim = 0.828 | acc_phy = 0.793 
| epoch = 5 | step =    80 | loss_pnn = 1.678 | loss_cn = 0.00043404 | acc_sim = 0.829 | acc_phy = 0.793 
| epoch = 5 | step =    90 | loss_pnn = 1.678 | loss_cn = 0.00043660 | acc_sim = 0.829 | acc_phy = 0.792 
| epoch = 5 | step =   100 | loss_pnn = 1.678 | loss_cn = 0.00043575 | acc_sim = 0.829 | acc_phy = 0.791 
| epoch = 5 | step =   110 | loss_pnn = 1.678 | loss_cn = 0.00043414 | acc_sim = 0.830 | acc_phy = 0.791 
| epoch = 5 | step =   120 | loss_pnn = 1.678 | loss_cn = 0.00043276 | acc_sim = 0.830 | acc_phy = 0.792 
Phy accuracy of the network on 10000 test images: 0.783


Current training epoch: 6, learning rate for pnn: 0.001, learning rate for SEPN: 0.001
| epoch = 6 | step =    10 | loss_pnn = 1.668 | loss_cn = 0.00041370 | acc_sim = 0.831 | acc_phy = 0.801 
| epoch = 6 | step =    20 | loss_pnn = 1.673 | loss_cn = 0.00041575 | acc_sim = 0.830 | acc_phy = 0.794 
| epoch = 6 | step =    30 | loss_pnn = 1.672 | loss_cn = 0.00040916 | acc_sim = 0.832 | acc_phy = 0.797 
| epoch = 6 | step =    40 | loss_pnn = 1.674 | loss_cn = 0.00040580 | acc_sim = 0.832 | acc_phy = 0.794 
| epoch = 6 | step =    50 | loss_pnn = 1.673 | loss_cn = 0.00040112 | acc_sim = 0.833 | acc_phy = 0.793 
| epoch = 6 | step =    60 | loss_pnn = 1.672 | loss_cn = 0.00039704 | acc_sim = 0.834 | acc_phy = 0.793 
| epoch = 6 | step =    70 | loss_pnn = 1.672 | loss_cn = 0.00039636 | acc_sim = 0.836 | acc_phy = 0.793 
| epoch = 6 | step =    80 | loss_pnn = 1.672 | loss_cn = 0.00039637 | acc_sim = 0.835 | acc_phy = 0.793 
| epoch = 6 | step =    90 | loss_pnn = 1.672 | loss_cn = 0.00039844 | acc_sim = 0.835 | acc_phy = 0.793 
| epoch = 6 | step =   100 | loss_pnn = 1.672 | loss_cn = 0.00039795 | acc_sim = 0.835 | acc_phy = 0.793 
| epoch = 6 | step =   110 | loss_pnn = 1.672 | loss_cn = 0.00039805 | acc_sim = 0.835 | acc_phy = 0.792 
| epoch = 6 | step =   120 | loss_pnn = 1.672 | loss_cn = 0.00039613 | acc_sim = 0.835 | acc_phy = 0.792 
Phy accuracy of the network on 10000 test images: 0.787


Current training epoch: 7, learning rate for pnn: 0.001, learning rate for SEPN: 0.001
| epoch = 7 | step =    10 | loss_pnn = 1.671 | loss_cn = 0.00037223 | acc_sim = 0.842 | acc_phy = 0.795 
| epoch = 7 | step =    20 | loss_pnn = 1.671 | loss_cn = 0.00037799 | acc_sim = 0.838 | acc_phy = 0.794 
| epoch = 7 | step =    30 | loss_pnn = 1.669 | loss_cn = 0.00037973 | acc_sim = 0.838 | acc_phy = 0.796 
| epoch = 7 | step =    40 | loss_pnn = 1.670 | loss_cn = 0.00038085 | acc_sim = 0.839 | acc_phy = 0.796 
| epoch = 7 | step =    50 | loss_pnn = 1.671 | loss_cn = 0.00038266 | acc_sim = 0.838 | acc_phy = 0.793 
| epoch = 7 | step =    60 | loss_pnn = 1.671 | loss_cn = 0.00038992 | acc_sim = 0.839 | acc_phy = 0.793 
| epoch = 7 | step =    70 | loss_pnn = 1.672 | loss_cn = 0.00038792 | acc_sim = 0.838 | acc_phy = 0.791 
| epoch = 7 | step =    80 | loss_pnn = 1.672 | loss_cn = 0.00038515 | acc_sim = 0.838 | acc_phy = 0.791 
| epoch = 7 | step =    90 | loss_pnn = 1.671 | loss_cn = 0.00038334 | acc_sim = 0.838 | acc_phy = 0.791 
| epoch = 7 | step =   100 | loss_pnn = 1.670 | loss_cn = 0.00038216 | acc_sim = 0.839 | acc_phy = 0.792 
| epoch = 7 | step =   110 | loss_pnn = 1.670 | loss_cn = 0.00038568 | acc_sim = 0.839 | acc_phy = 0.793 
| epoch = 7 | step =   120 | loss_pnn = 1.670 | loss_cn = 0.00038755 | acc_sim = 0.839 | acc_phy = 0.793 
Phy accuracy of the network on 10000 test images: 0.780


Current training epoch: 8, learning rate for pnn: 0.001, learning rate for SEPN: 0.001
| epoch = 8 | step =    10 | loss_pnn = 1.676 | loss_cn = 0.00035714 | acc_sim = 0.835 | acc_phy = 0.787 
| epoch = 8 | step =    20 | loss_pnn = 1.669 | loss_cn = 0.00035370 | acc_sim = 0.841 | acc_phy = 0.799 
| epoch = 8 | step =    30 | loss_pnn = 1.667 | loss_cn = 0.00035722 | acc_sim = 0.842 | acc_phy = 0.800 
| epoch = 8 | step =    40 | loss_pnn = 1.669 | loss_cn = 0.00036277 | acc_sim = 0.840 | acc_phy = 0.797 
| epoch = 8 | step =    50 | loss_pnn = 1.667 | loss_cn = 0.00035919 | acc_sim = 0.841 | acc_phy = 0.797 
| epoch = 8 | step =    60 | loss_pnn = 1.666 | loss_cn = 0.00036129 | acc_sim = 0.842 | acc_phy = 0.797 
| epoch = 8 | step =    70 | loss_pnn = 1.667 | loss_cn = 0.00036392 | acc_sim = 0.842 | acc_phy = 0.797 
| epoch = 8 | step =    80 | loss_pnn = 1.667 | loss_cn = 0.00036398 | acc_sim = 0.842 | acc_phy = 0.796 
| epoch = 8 | step =    90 | loss_pnn = 1.667 | loss_cn = 0.00037255 | acc_sim = 0.842 | acc_phy = 0.796 
| epoch = 8 | step =   100 | loss_pnn = 1.667 | loss_cn = 0.00037292 | acc_sim = 0.841 | acc_phy = 0.795 
| epoch = 8 | step =   110 | loss_pnn = 1.668 | loss_cn = 0.00037094 | acc_sim = 0.842 | acc_phy = 0.794 
| epoch = 8 | step =   120 | loss_pnn = 1.668 | loss_cn = 0.00037415 | acc_sim = 0.841 | acc_phy = 0.794 
Phy accuracy of the network on 10000 test images: 0.797


Current training epoch: 9, learning rate for pnn: 0.001, learning rate for SEPN: 0.001
| epoch = 9 | step =    10 | loss_pnn = 1.663 | loss_cn = 0.00032790 | acc_sim = 0.845 | acc_phy = 0.800 
| epoch = 9 | step =    20 | loss_pnn = 1.662 | loss_cn = 0.00032333 | acc_sim = 0.847 | acc_phy = 0.800 
| epoch = 9 | step =    30 | loss_pnn = 1.664 | loss_cn = 0.00033004 | acc_sim = 0.845 | acc_phy = 0.796 
| epoch = 9 | step =    40 | loss_pnn = 1.663 | loss_cn = 0.00033535 | acc_sim = 0.847 | acc_phy = 0.798 
| epoch = 9 | step =    50 | loss_pnn = 1.664 | loss_cn = 0.00033669 | acc_sim = 0.847 | acc_phy = 0.797 
| epoch = 9 | step =    60 | loss_pnn = 1.664 | loss_cn = 0.00034164 | acc_sim = 0.846 | acc_phy = 0.796 
| epoch = 9 | step =    70 | loss_pnn = 1.664 | loss_cn = 0.00035232 | acc_sim = 0.845 | acc_phy = 0.797 
| epoch = 9 | step =    80 | loss_pnn = 1.664 | loss_cn = 0.00035165 | acc_sim = 0.845 | acc_phy = 0.796 
| epoch = 9 | step =    90 | loss_pnn = 1.665 | loss_cn = 0.00035173 | acc_sim = 0.845 | acc_phy = 0.795 
| epoch = 9 | step =   100 | loss_pnn = 1.666 | loss_cn = 0.00035435 | acc_sim = 0.844 | acc_phy = 0.794 
| epoch = 9 | step =   110 | loss_pnn = 1.665 | loss_cn = 0.00035467 | acc_sim = 0.844 | acc_phy = 0.795 
| epoch = 9 | step =   120 | loss_pnn = 1.665 | loss_cn = 0.00035422 | acc_sim = 0.844 | acc_phy = 0.796 
Phy accuracy of the network on 10000 test images: 0.781


Current training epoch: 10, learning rate for pnn: 0.001, learning rate for SEPN: 0.001
| epoch = 10 | step =    10 | loss_pnn = 1.668 | loss_cn = 0.00036459 | acc_sim = 0.843 | acc_phy = 0.793 
| epoch = 10 | step =    20 | loss_pnn = 1.664 | loss_cn = 0.00034909 | acc_sim = 0.845 | acc_phy = 0.798 
| epoch = 10 | step =    30 | loss_pnn = 1.667 | loss_cn = 0.00034427 | acc_sim = 0.843 | acc_phy = 0.792 
| epoch = 10 | step =    40 | loss_pnn = 1.668 | loss_cn = 0.00034479 | acc_sim = 0.845 | acc_phy = 0.791 
| epoch = 10 | step =    50 | loss_pnn = 1.667 | loss_cn = 0.00034554 | acc_sim = 0.844 | acc_phy = 0.792 
| epoch = 10 | step =    60 | loss_pnn = 1.667 | loss_cn = 0.00034276 | acc_sim = 0.844 | acc_phy = 0.792 
| epoch = 10 | step =    70 | loss_pnn = 1.665 | loss_cn = 0.00034041 | acc_sim = 0.845 | acc_phy = 0.794 
| epoch = 10 | step =    80 | loss_pnn = 1.665 | loss_cn = 0.00033778 | acc_sim = 0.846 | acc_phy = 0.794 
| epoch = 10 | step =    90 | loss_pnn = 1.665 | loss_cn = 0.00033804 | acc_sim = 0.846 | acc_phy = 0.794 
| epoch = 10 | step =   100 | loss_pnn = 1.665 | loss_cn = 0.00033915 | acc_sim = 0.846 | acc_phy = 0.795 
| epoch = 10 | step =   110 | loss_pnn = 1.664 | loss_cn = 0.00033971 | acc_sim = 0.847 | acc_phy = 0.795 
| epoch = 10 | step =   120 | loss_pnn = 1.664 | loss_cn = 0.00034023 | acc_sim = 0.846 | acc_phy = 0.795 
Phy accuracy of the network on 10000 test images: 0.787


Current training epoch: 11, learning rate for pnn: 0.0005, learning rate for SEPN: 0.0005
| epoch = 11 | step =    10 | loss_pnn = 1.662 | loss_cn = 0.00032002 | acc_sim = 0.850 | acc_phy = 0.798 
| epoch = 11 | step =    20 | loss_pnn = 1.661 | loss_cn = 0.00030173 | acc_sim = 0.854 | acc_phy = 0.801 
| epoch = 11 | step =    30 | loss_pnn = 1.663 | loss_cn = 0.00029699 | acc_sim = 0.852 | acc_phy = 0.796 
| epoch = 11 | step =    40 | loss_pnn = 1.662 | loss_cn = 0.00029537 | acc_sim = 0.852 | acc_phy = 0.798 
| epoch = 11 | step =    50 | loss_pnn = 1.662 | loss_cn = 0.00029845 | acc_sim = 0.851 | acc_phy = 0.797 
| epoch = 11 | step =    60 | loss_pnn = 1.662 | loss_cn = 0.00029642 | acc_sim = 0.851 | acc_phy = 0.797 
| epoch = 11 | step =    70 | loss_pnn = 1.662 | loss_cn = 0.00029390 | acc_sim = 0.851 | acc_phy = 0.796 
| epoch = 11 | step =    80 | loss_pnn = 1.661 | loss_cn = 0.00029112 | acc_sim = 0.852 | acc_phy = 0.797 
| epoch = 11 | step =    90 | loss_pnn = 1.661 | loss_cn = 0.00029011 | acc_sim = 0.851 | acc_phy = 0.797 
| epoch = 11 | step =   100 | loss_pnn = 1.661 | loss_cn = 0.00029050 | acc_sim = 0.851 | acc_phy = 0.797 
| epoch = 11 | step =   110 | loss_pnn = 1.662 | loss_cn = 0.00028910 | acc_sim = 0.851 | acc_phy = 0.797 
| epoch = 11 | step =   120 | loss_pnn = 1.663 | loss_cn = 0.00028953 | acc_sim = 0.850 | acc_phy = 0.796 
Phy accuracy of the network on 10000 test images: 0.788


Current training epoch: 12, learning rate for pnn: 0.0005, learning rate for SEPN: 0.0005
| epoch = 12 | step =    10 | loss_pnn = 1.663 | loss_cn = 0.00025771 | acc_sim = 0.845 | acc_phy = 0.794 
| epoch = 12 | step =    20 | loss_pnn = 1.663 | loss_cn = 0.00026343 | acc_sim = 0.847 | acc_phy = 0.794 
| epoch = 12 | step =    30 | loss_pnn = 1.663 | loss_cn = 0.00026631 | acc_sim = 0.847 | acc_phy = 0.794 
| epoch = 12 | step =    40 | loss_pnn = 1.663 | loss_cn = 0.00026630 | acc_sim = 0.848 | acc_phy = 0.795 
| epoch = 12 | step =    50 | loss_pnn = 1.663 | loss_cn = 0.00026890 | acc_sim = 0.848 | acc_phy = 0.794 
| epoch = 12 | step =    60 | loss_pnn = 1.664 | loss_cn = 0.00027259 | acc_sim = 0.848 | acc_phy = 0.793 
| epoch = 12 | step =    70 | loss_pnn = 1.664 | loss_cn = 0.00027477 | acc_sim = 0.848 | acc_phy = 0.794 
| epoch = 12 | step =    80 | loss_pnn = 1.662 | loss_cn = 0.00027838 | acc_sim = 0.849 | acc_phy = 0.795 
| epoch = 12 | step =    90 | loss_pnn = 1.663 | loss_cn = 0.00027970 | acc_sim = 0.850 | acc_phy = 0.794 
| epoch = 12 | step =   100 | loss_pnn = 1.663 | loss_cn = 0.00028374 | acc_sim = 0.850 | acc_phy = 0.795 
| epoch = 12 | step =   110 | loss_pnn = 1.662 | loss_cn = 0.00028371 | acc_sim = 0.850 | acc_phy = 0.797 
| epoch = 12 | step =   120 | loss_pnn = 1.661 | loss_cn = 0.00028188 | acc_sim = 0.851 | acc_phy = 0.797 
Phy accuracy of the network on 10000 test images: 0.782


Current training epoch: 13, learning rate for pnn: 0.0005, learning rate for SEPN: 0.0005
| epoch = 13 | step =    10 | loss_pnn = 1.661 | loss_cn = 0.00027984 | acc_sim = 0.850 | acc_phy = 0.801 
| epoch = 13 | step =    20 | loss_pnn = 1.660 | loss_cn = 0.00027259 | acc_sim = 0.852 | acc_phy = 0.801 
| epoch = 13 | step =    30 | loss_pnn = 1.657 | loss_cn = 0.00027004 | acc_sim = 0.853 | acc_phy = 0.805 
| epoch = 13 | step =    40 | loss_pnn = 1.658 | loss_cn = 0.00026960 | acc_sim = 0.853 | acc_phy = 0.802 
| epoch = 13 | step =    50 | loss_pnn = 1.659 | loss_cn = 0.00027006 | acc_sim = 0.852 | acc_phy = 0.800 
| epoch = 13 | step =    60 | loss_pnn = 1.660 | loss_cn = 0.00027103 | acc_sim = 0.853 | acc_phy = 0.798 
| epoch = 13 | step =    70 | loss_pnn = 1.660 | loss_cn = 0.00027402 | acc_sim = 0.853 | acc_phy = 0.798 
| epoch = 13 | step =    80 | loss_pnn = 1.660 | loss_cn = 0.00027284 | acc_sim = 0.853 | acc_phy = 0.798 
| epoch = 13 | step =    90 | loss_pnn = 1.660 | loss_cn = 0.00027473 | acc_sim = 0.852 | acc_phy = 0.799 
| epoch = 13 | step =   100 | loss_pnn = 1.660 | loss_cn = 0.00027443 | acc_sim = 0.852 | acc_phy = 0.799 
| epoch = 13 | step =   110 | loss_pnn = 1.661 | loss_cn = 0.00027432 | acc_sim = 0.852 | acc_phy = 0.797 
| epoch = 13 | step =   120 | loss_pnn = 1.661 | loss_cn = 0.00027476 | acc_sim = 0.852 | acc_phy = 0.797 
Phy accuracy of the network on 10000 test images: 0.800


Current training epoch: 14, learning rate for pnn: 0.0005, learning rate for SEPN: 0.0005
| epoch = 14 | step =    10 | loss_pnn = 1.651 | loss_cn = 0.00025804 | acc_sim = 0.859 | acc_phy = 0.809 
| epoch = 14 | step =    20 | loss_pnn = 1.655 | loss_cn = 0.00026964 | acc_sim = 0.854 | acc_phy = 0.805 
| epoch = 14 | step =    30 | loss_pnn = 1.658 | loss_cn = 0.00027714 | acc_sim = 0.851 | acc_phy = 0.801 
| epoch = 14 | step =    40 | loss_pnn = 1.659 | loss_cn = 0.00027817 | acc_sim = 0.850 | acc_phy = 0.801 
| epoch = 14 | step =    50 | loss_pnn = 1.660 | loss_cn = 0.00028167 | acc_sim = 0.850 | acc_phy = 0.800 
| epoch = 14 | step =    60 | loss_pnn = 1.659 | loss_cn = 0.00027862 | acc_sim = 0.851 | acc_phy = 0.801 
| epoch = 14 | step =    70 | loss_pnn = 1.658 | loss_cn = 0.00027902 | acc_sim = 0.852 | acc_phy = 0.802 
| epoch = 14 | step =    80 | loss_pnn = 1.658 | loss_cn = 0.00027715 | acc_sim = 0.852 | acc_phy = 0.801 
| epoch = 14 | step =    90 | loss_pnn = 1.658 | loss_cn = 0.00027457 | acc_sim = 0.853 | acc_phy = 0.801 
| epoch = 14 | step =   100 | loss_pnn = 1.659 | loss_cn = 0.00027564 | acc_sim = 0.852 | acc_phy = 0.800 
| epoch = 14 | step =   110 | loss_pnn = 1.659 | loss_cn = 0.00027540 | acc_sim = 0.851 | acc_phy = 0.800 
| epoch = 14 | step =   120 | loss_pnn = 1.659 | loss_cn = 0.00027565 | acc_sim = 0.851 | acc_phy = 0.800 
Phy accuracy of the network on 10000 test images: 0.794


Current training epoch: 15, learning rate for pnn: 0.0005, learning rate for SEPN: 0.0005
| epoch = 15 | step =    10 | loss_pnn = 1.654 | loss_cn = 0.00026265 | acc_sim = 0.854 | acc_phy = 0.801 
| epoch = 15 | step =    20 | loss_pnn = 1.656 | loss_cn = 0.00026884 | acc_sim = 0.855 | acc_phy = 0.800 
| epoch = 15 | step =    30 | loss_pnn = 1.656 | loss_cn = 0.00026450 | acc_sim = 0.856 | acc_phy = 0.800 
| epoch = 15 | step =    40 | loss_pnn = 1.656 | loss_cn = 0.00026292 | acc_sim = 0.855 | acc_phy = 0.799 
| epoch = 15 | step =    50 | loss_pnn = 1.657 | loss_cn = 0.00026391 | acc_sim = 0.855 | acc_phy = 0.799 
| epoch = 15 | step =    60 | loss_pnn = 1.656 | loss_cn = 0.00026396 | acc_sim = 0.855 | acc_phy = 0.801 
| epoch = 15 | step =    70 | loss_pnn = 1.657 | loss_cn = 0.00026502 | acc_sim = 0.855 | acc_phy = 0.800 
| epoch = 15 | step =    80 | loss_pnn = 1.657 | loss_cn = 0.00026622 | acc_sim = 0.855 | acc_phy = 0.800 
| epoch = 15 | step =    90 | loss_pnn = 1.659 | loss_cn = 0.00027101 | acc_sim = 0.854 | acc_phy = 0.799 
| epoch = 15 | step =   100 | loss_pnn = 1.659 | loss_cn = 0.00026747 | acc_sim = 0.854 | acc_phy = 0.798 
| epoch = 15 | step =   110 | loss_pnn = 1.659 | loss_cn = 0.00026606 | acc_sim = 0.854 | acc_phy = 0.799 
| epoch = 15 | step =   120 | loss_pnn = 1.659 | loss_cn = 0.00026677 | acc_sim = 0.853 | acc_phy = 0.798 
Phy accuracy of the network on 10000 test images: 0.794


Current training epoch: 16, learning rate for pnn: 0.0005, learning rate for SEPN: 0.0005
| epoch = 16 | step =    10 | loss_pnn = 1.661 | loss_cn = 0.00027413 | acc_sim = 0.853 | acc_phy = 0.800 
| epoch = 16 | step =    20 | loss_pnn = 1.660 | loss_cn = 0.00026540 | acc_sim = 0.854 | acc_phy = 0.799 
| epoch = 16 | step =    30 | loss_pnn = 1.659 | loss_cn = 0.00025979 | acc_sim = 0.856 | acc_phy = 0.798 
| epoch = 16 | step =    40 | loss_pnn = 1.659 | loss_cn = 0.00025878 | acc_sim = 0.854 | acc_phy = 0.798 
| epoch = 16 | step =    50 | loss_pnn = 1.659 | loss_cn = 0.00026245 | acc_sim = 0.854 | acc_phy = 0.799 
| epoch = 16 | step =    60 | loss_pnn = 1.658 | loss_cn = 0.00026036 | acc_sim = 0.854 | acc_phy = 0.799 
| epoch = 16 | step =    70 | loss_pnn = 1.658 | loss_cn = 0.00026235 | acc_sim = 0.854 | acc_phy = 0.800 
| epoch = 16 | step =    80 | loss_pnn = 1.659 | loss_cn = 0.00026409 | acc_sim = 0.853 | acc_phy = 0.798 
| epoch = 16 | step =    90 | loss_pnn = 1.659 | loss_cn = 0.00026369 | acc_sim = 0.854 | acc_phy = 0.798 
| epoch = 16 | step =   100 | loss_pnn = 1.658 | loss_cn = 0.00026465 | acc_sim = 0.854 | acc_phy = 0.799 
| epoch = 16 | step =   110 | loss_pnn = 1.659 | loss_cn = 0.00026531 | acc_sim = 0.854 | acc_phy = 0.798 
| epoch = 16 | step =   120 | loss_pnn = 1.658 | loss_cn = 0.00026533 | acc_sim = 0.854 | acc_phy = 0.799 
Phy accuracy of the network on 10000 test images: 0.793


Current training epoch: 17, learning rate for pnn: 0.0005, learning rate for SEPN: 0.0005
| epoch = 17 | step =    10 | loss_pnn = 1.666 | loss_cn = 0.00025153 | acc_sim = 0.846 | acc_phy = 0.793 
| epoch = 17 | step =    20 | loss_pnn = 1.660 | loss_cn = 0.00026063 | acc_sim = 0.854 | acc_phy = 0.798 
| epoch = 17 | step =    30 | loss_pnn = 1.659 | loss_cn = 0.00025959 | acc_sim = 0.851 | acc_phy = 0.800 
| epoch = 17 | step =    40 | loss_pnn = 1.660 | loss_cn = 0.00026011 | acc_sim = 0.852 | acc_phy = 0.798 
| epoch = 17 | step =    50 | loss_pnn = 1.658 | loss_cn = 0.00026439 | acc_sim = 0.853 | acc_phy = 0.800 
| epoch = 17 | step =    60 | loss_pnn = 1.658 | loss_cn = 0.00025947 | acc_sim = 0.855 | acc_phy = 0.800 
| epoch = 17 | step =    70 | loss_pnn = 1.658 | loss_cn = 0.00025783 | acc_sim = 0.854 | acc_phy = 0.800 
| epoch = 17 | step =    80 | loss_pnn = 1.658 | loss_cn = 0.00025590 | acc_sim = 0.854 | acc_phy = 0.799 
| epoch = 17 | step =    90 | loss_pnn = 1.658 | loss_cn = 0.00025699 | acc_sim = 0.855 | acc_phy = 0.799 
| epoch = 17 | step =   100 | loss_pnn = 1.658 | loss_cn = 0.00025916 | acc_sim = 0.855 | acc_phy = 0.799 
| epoch = 17 | step =   110 | loss_pnn = 1.658 | loss_cn = 0.00026015 | acc_sim = 0.855 | acc_phy = 0.798 
| epoch = 17 | step =   120 | loss_pnn = 1.659 | loss_cn = 0.00026269 | acc_sim = 0.854 | acc_phy = 0.798 
Phy accuracy of the network on 10000 test images: 0.782


Current training epoch: 18, learning rate for pnn: 0.0005, learning rate for SEPN: 0.0005
| epoch = 18 | step =    10 | loss_pnn = 1.656 | loss_cn = 0.00026198 | acc_sim = 0.859 | acc_phy = 0.802 
| epoch = 18 | step =    20 | loss_pnn = 1.656 | loss_cn = 0.00024903 | acc_sim = 0.859 | acc_phy = 0.802 
| epoch = 18 | step =    30 | loss_pnn = 1.656 | loss_cn = 0.00025266 | acc_sim = 0.860 | acc_phy = 0.801 
| epoch = 18 | step =    40 | loss_pnn = 1.655 | loss_cn = 0.00025345 | acc_sim = 0.858 | acc_phy = 0.802 
| epoch = 18 | step =    50 | loss_pnn = 1.654 | loss_cn = 0.00025273 | acc_sim = 0.859 | acc_phy = 0.803 
| epoch = 18 | step =    60 | loss_pnn = 1.656 | loss_cn = 0.00025368 | acc_sim = 0.857 | acc_phy = 0.801 
| epoch = 18 | step =    70 | loss_pnn = 1.657 | loss_cn = 0.00025588 | acc_sim = 0.857 | acc_phy = 0.800 
| epoch = 18 | step =    80 | loss_pnn = 1.658 | loss_cn = 0.00025857 | acc_sim = 0.857 | acc_phy = 0.800 
| epoch = 18 | step =    90 | loss_pnn = 1.658 | loss_cn = 0.00025715 | acc_sim = 0.857 | acc_phy = 0.800 
| epoch = 18 | step =   100 | loss_pnn = 1.657 | loss_cn = 0.00025647 | acc_sim = 0.857 | acc_phy = 0.800 
| epoch = 18 | step =   110 | loss_pnn = 1.658 | loss_cn = 0.00025386 | acc_sim = 0.857 | acc_phy = 0.799 
| epoch = 18 | step =   120 | loss_pnn = 1.658 | loss_cn = 0.00025540 | acc_sim = 0.856 | acc_phy = 0.799 
Phy accuracy of the network on 10000 test images: 0.787


Current training epoch: 19, learning rate for pnn: 0.0005, learning rate for SEPN: 0.0005
| epoch = 19 | step =    10 | loss_pnn = 1.659 | loss_cn = 0.00023163 | acc_sim = 0.856 | acc_phy = 0.797 
| epoch = 19 | step =    20 | loss_pnn = 1.659 | loss_cn = 0.00023836 | acc_sim = 0.855 | acc_phy = 0.797 
| epoch = 19 | step =    30 | loss_pnn = 1.661 | loss_cn = 0.00024155 | acc_sim = 0.855 | acc_phy = 0.795 
| epoch = 19 | step =    40 | loss_pnn = 1.660 | loss_cn = 0.00024613 | acc_sim = 0.856 | acc_phy = 0.796 
| epoch = 19 | step =    50 | loss_pnn = 1.660 | loss_cn = 0.00024556 | acc_sim = 0.857 | acc_phy = 0.796 
| epoch = 19 | step =    60 | loss_pnn = 1.659 | loss_cn = 0.00024674 | acc_sim = 0.858 | acc_phy = 0.798 
| epoch = 19 | step =    70 | loss_pnn = 1.659 | loss_cn = 0.00024816 | acc_sim = 0.857 | acc_phy = 0.798 
| epoch = 19 | step =    80 | loss_pnn = 1.658 | loss_cn = 0.00024764 | acc_sim = 0.857 | acc_phy = 0.798 
| epoch = 19 | step =    90 | loss_pnn = 1.659 | loss_cn = 0.00024881 | acc_sim = 0.857 | acc_phy = 0.798 
| epoch = 19 | step =   100 | loss_pnn = 1.658 | loss_cn = 0.00024978 | acc_sim = 0.857 | acc_phy = 0.799 
| epoch = 19 | step =   110 | loss_pnn = 1.658 | loss_cn = 0.00025122 | acc_sim = 0.856 | acc_phy = 0.799 
| epoch = 19 | step =   120 | loss_pnn = 1.658 | loss_cn = 0.00024907 | acc_sim = 0.857 | acc_phy = 0.799 
Phy accuracy of the network on 10000 test images: 0.786


Current training epoch: 20, learning rate for pnn: 0.0005, learning rate for SEPN: 0.0005
| epoch = 20 | step =    10 | loss_pnn = 1.650 | loss_cn = 0.00024362 | acc_sim = 0.862 | acc_phy = 0.807 
| epoch = 20 | step =    20 | loss_pnn = 1.655 | loss_cn = 0.00023517 | acc_sim = 0.860 | acc_phy = 0.802 
| epoch = 20 | step =    30 | loss_pnn = 1.654 | loss_cn = 0.00022786 | acc_sim = 0.860 | acc_phy = 0.803 
| epoch = 20 | step =    40 | loss_pnn = 1.654 | loss_cn = 0.00022949 | acc_sim = 0.860 | acc_phy = 0.803 
| epoch = 20 | step =    50 | loss_pnn = 1.656 | loss_cn = 0.00023891 | acc_sim = 0.860 | acc_phy = 0.801 
| epoch = 20 | step =    60 | loss_pnn = 1.655 | loss_cn = 0.00023976 | acc_sim = 0.860 | acc_phy = 0.802 
| epoch = 20 | step =    70 | loss_pnn = 1.655 | loss_cn = 0.00023938 | acc_sim = 0.859 | acc_phy = 0.802 
| epoch = 20 | step =    80 | loss_pnn = 1.655 | loss_cn = 0.00024260 | acc_sim = 0.859 | acc_phy = 0.802 
| epoch = 20 | step =    90 | loss_pnn = 1.656 | loss_cn = 0.00024403 | acc_sim = 0.859 | acc_phy = 0.801 
| epoch = 20 | step =   100 | loss_pnn = 1.656 | loss_cn = 0.00024574 | acc_sim = 0.858 | acc_phy = 0.802 
| epoch = 20 | step =   110 | loss_pnn = 1.657 | loss_cn = 0.00024696 | acc_sim = 0.858 | acc_phy = 0.801 
| epoch = 20 | step =   120 | loss_pnn = 1.657 | loss_cn = 0.00024665 | acc_sim = 0.857 | acc_phy = 0.800 
Phy accuracy of the network on 10000 test images: 0.785


Current training epoch: 21, learning rate for pnn: 0.00025, learning rate for SEPN: 0.00025
| epoch = 21 | step =    10 | loss_pnn = 1.636 | loss_cn = 0.00022826 | acc_sim = 0.827 | acc_phy = 0.827 
| epoch = 21 | step =    20 | loss_pnn = 1.629 | loss_cn = 0.00024204 | acc_sim = 0.833 | acc_phy = 0.833 
| epoch = 21 | step =    30 | loss_pnn = 1.625 | loss_cn = 0.00024688 | acc_sim = 0.838 | acc_phy = 0.838 
| epoch = 21 | step =    40 | loss_pnn = 1.623 | loss_cn = 0.00025537 | acc_sim = 0.839 | acc_phy = 0.838 
| epoch = 21 | step =    50 | loss_pnn = 1.621 | loss_cn = 0.00025725 | acc_sim = 0.841 | acc_phy = 0.840 
| epoch = 21 | step =    60 | loss_pnn = 1.619 | loss_cn = 0.00026295 | acc_sim = 0.845 | acc_phy = 0.843 
| epoch = 21 | step =    70 | loss_pnn = 1.617 | loss_cn = 0.00026728 | acc_sim = 0.846 | acc_phy = 0.845 
| epoch = 21 | step =    80 | loss_pnn = 1.616 | loss_cn = 0.00027043 | acc_sim = 0.847 | acc_phy = 0.846 
| epoch = 21 | step =    90 | loss_pnn = 1.615 | loss_cn = 0.00027168 | acc_sim = 0.848 | acc_phy = 0.847 
| epoch = 21 | step =   100 | loss_pnn = 1.614 | loss_cn = 0.00027031 | acc_sim = 0.849 | acc_phy = 0.848 
| epoch = 21 | step =   110 | loss_pnn = 1.613 | loss_cn = 0.00027093 | acc_sim = 0.849 | acc_phy = 0.848 
| epoch = 21 | step =   120 | loss_pnn = 1.612 | loss_cn = 0.00027113 | acc_sim = 0.850 | acc_phy = 0.849 
Phy accuracy of the network on 10000 test images: 0.843


Current training epoch: 22, learning rate for pnn: 0.00025, learning rate for SEPN: 0.00025
| epoch = 22 | step =    10 | loss_pnn = 1.606 | loss_cn = 0.00029103 | acc_sim = 0.856 | acc_phy = 0.856 
| epoch = 22 | step =    20 | loss_pnn = 1.606 | loss_cn = 0.00026943 | acc_sim = 0.856 | acc_phy = 0.857 
| epoch = 22 | step =    30 | loss_pnn = 1.603 | loss_cn = 0.00026742 | acc_sim = 0.860 | acc_phy = 0.860 
| epoch = 22 | step =    40 | loss_pnn = 1.605 | loss_cn = 0.00025979 | acc_sim = 0.858 | acc_phy = 0.858 
| epoch = 22 | step =    50 | loss_pnn = 1.605 | loss_cn = 0.00026169 | acc_sim = 0.857 | acc_phy = 0.857 
| epoch = 22 | step =    60 | loss_pnn = 1.604 | loss_cn = 0.00025920 | acc_sim = 0.858 | acc_phy = 0.857 
| epoch = 22 | step =    70 | loss_pnn = 1.605 | loss_cn = 0.00025942 | acc_sim = 0.857 | acc_phy = 0.857 
| epoch = 22 | step =    80 | loss_pnn = 1.605 | loss_cn = 0.00026462 | acc_sim = 0.857 | acc_phy = 0.856 
| epoch = 22 | step =    90 | loss_pnn = 1.604 | loss_cn = 0.00026475 | acc_sim = 0.857 | acc_phy = 0.857 
| epoch = 22 | step =   100 | loss_pnn = 1.604 | loss_cn = 0.00026619 | acc_sim = 0.858 | acc_phy = 0.858 
| epoch = 22 | step =   110 | loss_pnn = 1.604 | loss_cn = 0.00026670 | acc_sim = 0.858 | acc_phy = 0.858 
| epoch = 22 | step =   120 | loss_pnn = 1.604 | loss_cn = 0.00026734 | acc_sim = 0.858 | acc_phy = 0.858 
Phy accuracy of the network on 10000 test images: 0.845


Current training epoch: 23, learning rate for pnn: 0.00025, learning rate for SEPN: 0.00025
| epoch = 23 | step =    10 | loss_pnn = 1.607 | loss_cn = 0.00026621 | acc_sim = 0.852 | acc_phy = 0.854 
| epoch = 23 | step =    20 | loss_pnn = 1.608 | loss_cn = 0.00025316 | acc_sim = 0.854 | acc_phy = 0.855 
| epoch = 23 | step =    30 | loss_pnn = 1.605 | loss_cn = 0.00026333 | acc_sim = 0.857 | acc_phy = 0.856 
| epoch = 23 | step =    40 | loss_pnn = 1.604 | loss_cn = 0.00025851 | acc_sim = 0.858 | acc_phy = 0.858 
| epoch = 23 | step =    50 | loss_pnn = 1.603 | loss_cn = 0.00025217 | acc_sim = 0.860 | acc_phy = 0.859 
| epoch = 23 | step =    60 | loss_pnn = 1.604 | loss_cn = 0.00025807 | acc_sim = 0.859 | acc_phy = 0.858 
| epoch = 23 | step =    70 | loss_pnn = 1.604 | loss_cn = 0.00025918 | acc_sim = 0.859 | acc_phy = 0.859 
| epoch = 23 | step =    80 | loss_pnn = 1.604 | loss_cn = 0.00025996 | acc_sim = 0.859 | acc_phy = 0.859 
| epoch = 23 | step =    90 | loss_pnn = 1.604 | loss_cn = 0.00025870 | acc_sim = 0.859 | acc_phy = 0.859 
| epoch = 23 | step =   100 | loss_pnn = 1.603 | loss_cn = 0.00025598 | acc_sim = 0.859 | acc_phy = 0.859 
| epoch = 23 | step =   110 | loss_pnn = 1.604 | loss_cn = 0.00025396 | acc_sim = 0.859 | acc_phy = 0.859 
| epoch = 23 | step =   120 | loss_pnn = 1.603 | loss_cn = 0.00025305 | acc_sim = 0.859 | acc_phy = 0.859 
Phy accuracy of the network on 10000 test images: 0.846


Current training epoch: 24, learning rate for pnn: 0.00025, learning rate for SEPN: 0.00025
| epoch = 24 | step =    10 | loss_pnn = 1.605 | loss_cn = 0.00026347 | acc_sim = 0.859 | acc_phy = 0.857 
| epoch = 24 | step =    20 | loss_pnn = 1.601 | loss_cn = 0.00025769 | acc_sim = 0.864 | acc_phy = 0.862 
| epoch = 24 | step =    30 | loss_pnn = 1.602 | loss_cn = 0.00025289 | acc_sim = 0.863 | acc_phy = 0.861 
| epoch = 24 | step =    40 | loss_pnn = 1.603 | loss_cn = 0.00025119 | acc_sim = 0.861 | acc_phy = 0.859 
| epoch = 24 | step =    50 | loss_pnn = 1.603 | loss_cn = 0.00025250 | acc_sim = 0.861 | acc_phy = 0.859 
| epoch = 24 | step =    60 | loss_pnn = 1.602 | loss_cn = 0.00025416 | acc_sim = 0.861 | acc_phy = 0.860 
| epoch = 24 | step =    70 | loss_pnn = 1.602 | loss_cn = 0.00025395 | acc_sim = 0.860 | acc_phy = 0.859 
| epoch = 24 | step =    80 | loss_pnn = 1.602 | loss_cn = 0.00024994 | acc_sim = 0.860 | acc_phy = 0.859 
| epoch = 24 | step =    90 | loss_pnn = 1.603 | loss_cn = 0.00024832 | acc_sim = 0.860 | acc_phy = 0.859 
| epoch = 24 | step =   100 | loss_pnn = 1.603 | loss_cn = 0.00024669 | acc_sim = 0.859 | acc_phy = 0.859 
| epoch = 24 | step =   110 | loss_pnn = 1.603 | loss_cn = 0.00024560 | acc_sim = 0.860 | acc_phy = 0.859 
| epoch = 24 | step =   120 | loss_pnn = 1.602 | loss_cn = 0.00024514 | acc_sim = 0.860 | acc_phy = 0.860 
Phy accuracy of the network on 10000 test images: 0.845


Current training epoch: 25, learning rate for pnn: 0.00025, learning rate for SEPN: 0.00025
| epoch = 25 | step =    10 | loss_pnn = 1.601 | loss_cn = 0.00023106 | acc_sim = 0.859 | acc_phy = 0.858 
| epoch = 25 | step =    20 | loss_pnn = 1.602 | loss_cn = 0.00022753 | acc_sim = 0.859 | acc_phy = 0.858 
| epoch = 25 | step =    30 | loss_pnn = 1.602 | loss_cn = 0.00023529 | acc_sim = 0.860 | acc_phy = 0.859 
| epoch = 25 | step =    40 | loss_pnn = 1.602 | loss_cn = 0.00023795 | acc_sim = 0.860 | acc_phy = 0.859 
| epoch = 25 | step =    50 | loss_pnn = 1.602 | loss_cn = 0.00023714 | acc_sim = 0.861 | acc_phy = 0.860 
| epoch = 25 | step =    60 | loss_pnn = 1.602 | loss_cn = 0.00023518 | acc_sim = 0.861 | acc_phy = 0.860 
| epoch = 25 | step =    70 | loss_pnn = 1.601 | loss_cn = 0.00023723 | acc_sim = 0.862 | acc_phy = 0.860 
| epoch = 25 | step =    80 | loss_pnn = 1.602 | loss_cn = 0.00023868 | acc_sim = 0.862 | acc_phy = 0.861 
| epoch = 25 | step =    90 | loss_pnn = 1.602 | loss_cn = 0.00023911 | acc_sim = 0.862 | acc_phy = 0.860 
| epoch = 25 | step =   100 | loss_pnn = 1.602 | loss_cn = 0.00024079 | acc_sim = 0.861 | acc_phy = 0.860 
| epoch = 25 | step =   110 | loss_pnn = 1.602 | loss_cn = 0.00023963 | acc_sim = 0.861 | acc_phy = 0.860 
| epoch = 25 | step =   120 | loss_pnn = 1.602 | loss_cn = 0.00023828 | acc_sim = 0.861 | acc_phy = 0.861 
Phy accuracy of the network on 10000 test images: 0.846


Current training epoch: 26, learning rate for pnn: 0.00025, learning rate for SEPN: 0.00025
| epoch = 26 | step =    10 | loss_pnn = 1.608 | loss_cn = 0.00024351 | acc_sim = 0.856 | acc_phy = 0.853 
| epoch = 26 | step =    20 | loss_pnn = 1.605 | loss_cn = 0.00023491 | acc_sim = 0.859 | acc_phy = 0.857 
| epoch = 26 | step =    30 | loss_pnn = 1.603 | loss_cn = 0.00023530 | acc_sim = 0.861 | acc_phy = 0.860 
| epoch = 26 | step =    40 | loss_pnn = 1.603 | loss_cn = 0.00023372 | acc_sim = 0.861 | acc_phy = 0.860 
| epoch = 26 | step =    50 | loss_pnn = 1.603 | loss_cn = 0.00023599 | acc_sim = 0.861 | acc_phy = 0.860 
| epoch = 26 | step =    60 | loss_pnn = 1.602 | loss_cn = 0.00023396 | acc_sim = 0.862 | acc_phy = 0.861 
| epoch = 26 | step =    70 | loss_pnn = 1.602 | loss_cn = 0.00023707 | acc_sim = 0.862 | acc_phy = 0.861 
| epoch = 26 | step =    80 | loss_pnn = 1.602 | loss_cn = 0.00023849 | acc_sim = 0.862 | acc_phy = 0.861 
| epoch = 26 | step =    90 | loss_pnn = 1.602 | loss_cn = 0.00023731 | acc_sim = 0.862 | acc_phy = 0.861 
| epoch = 26 | step =   100 | loss_pnn = 1.601 | loss_cn = 0.00023432 | acc_sim = 0.863 | acc_phy = 0.862 
| epoch = 26 | step =   110 | loss_pnn = 1.602 | loss_cn = 0.00023639 | acc_sim = 0.862 | acc_phy = 0.861 
| epoch = 26 | step =   120 | loss_pnn = 1.602 | loss_cn = 0.00023636 | acc_sim = 0.862 | acc_phy = 0.861 
Phy accuracy of the network on 10000 test images: 0.848


Current training epoch: 27, learning rate for pnn: 0.00025, learning rate for SEPN: 0.00025
| epoch = 27 | step =    10 | loss_pnn = 1.606 | loss_cn = 0.00024878 | acc_sim = 0.856 | acc_phy = 0.852 
| epoch = 27 | step =    20 | loss_pnn = 1.603 | loss_cn = 0.00023689 | acc_sim = 0.860 | acc_phy = 0.859 
| epoch = 27 | step =    30 | loss_pnn = 1.602 | loss_cn = 0.00022837 | acc_sim = 0.862 | acc_phy = 0.861 
| epoch = 27 | step =    40 | loss_pnn = 1.602 | loss_cn = 0.00023151 | acc_sim = 0.862 | acc_phy = 0.861 
| epoch = 27 | step =    50 | loss_pnn = 1.601 | loss_cn = 0.00022991 | acc_sim = 0.863 | acc_phy = 0.862 
| epoch = 27 | step =    60 | loss_pnn = 1.601 | loss_cn = 0.00023034 | acc_sim = 0.863 | acc_phy = 0.862 
| epoch = 27 | step =    70 | loss_pnn = 1.602 | loss_cn = 0.00023730 | acc_sim = 0.863 | acc_phy = 0.862 
| epoch = 27 | step =    80 | loss_pnn = 1.602 | loss_cn = 0.00023984 | acc_sim = 0.862 | acc_phy = 0.861 
| epoch = 27 | step =    90 | loss_pnn = 1.602 | loss_cn = 0.00023943 | acc_sim = 0.861 | acc_phy = 0.861 
| epoch = 27 | step =   100 | loss_pnn = 1.602 | loss_cn = 0.00023596 | acc_sim = 0.862 | acc_phy = 0.861 
| epoch = 27 | step =   110 | loss_pnn = 1.602 | loss_cn = 0.00023429 | acc_sim = 0.862 | acc_phy = 0.861 
| epoch = 27 | step =   120 | loss_pnn = 1.602 | loss_cn = 0.00023336 | acc_sim = 0.862 | acc_phy = 0.861 
Phy accuracy of the network on 10000 test images: 0.849


Current training epoch: 28, learning rate for pnn: 0.00025, learning rate for SEPN: 0.00025
| epoch = 28 | step =    10 | loss_pnn = 1.598 | loss_cn = 0.00021970 | acc_sim = 0.866 | acc_phy = 0.867 
| epoch = 28 | step =    20 | loss_pnn = 1.601 | loss_cn = 0.00022347 | acc_sim = 0.864 | acc_phy = 0.863 
| epoch = 28 | step =    30 | loss_pnn = 1.599 | loss_cn = 0.00022146 | acc_sim = 0.867 | acc_phy = 0.865 
| epoch = 28 | step =    40 | loss_pnn = 1.601 | loss_cn = 0.00022653 | acc_sim = 0.864 | acc_phy = 0.863 
| epoch = 28 | step =    50 | loss_pnn = 1.601 | loss_cn = 0.00022768 | acc_sim = 0.865 | acc_phy = 0.864 
| epoch = 28 | step =    60 | loss_pnn = 1.601 | loss_cn = 0.00022927 | acc_sim = 0.864 | acc_phy = 0.863 
| epoch = 28 | step =    70 | loss_pnn = 1.602 | loss_cn = 0.00022844 | acc_sim = 0.863 | acc_phy = 0.862 
| epoch = 28 | step =    80 | loss_pnn = 1.602 | loss_cn = 0.00022946 | acc_sim = 0.863 | acc_phy = 0.862 
| epoch = 28 | step =    90 | loss_pnn = 1.602 | loss_cn = 0.00023148 | acc_sim = 0.862 | acc_phy = 0.862 
| epoch = 28 | step =   100 | loss_pnn = 1.602 | loss_cn = 0.00023152 | acc_sim = 0.862 | acc_phy = 0.862 
| epoch = 28 | step =   110 | loss_pnn = 1.601 | loss_cn = 0.00023036 | acc_sim = 0.862 | acc_phy = 0.862 
| epoch = 28 | step =   120 | loss_pnn = 1.601 | loss_cn = 0.00023092 | acc_sim = 0.862 | acc_phy = 0.862 
Phy accuracy of the network on 10000 test images: 0.848


Current training epoch: 29, learning rate for pnn: 0.00025, learning rate for SEPN: 0.00025
| epoch = 29 | step =    10 | loss_pnn = 1.602 | loss_cn = 0.00021073 | acc_sim = 0.866 | acc_phy = 0.864 
| epoch = 29 | step =    20 | loss_pnn = 1.601 | loss_cn = 0.00021392 | acc_sim = 0.866 | acc_phy = 0.864 
| epoch = 29 | step =    30 | loss_pnn = 1.602 | loss_cn = 0.00021469 | acc_sim = 0.863 | acc_phy = 0.862 
| epoch = 29 | step =    40 | loss_pnn = 1.602 | loss_cn = 0.00021748 | acc_sim = 0.862 | acc_phy = 0.861 
| epoch = 29 | step =    50 | loss_pnn = 1.602 | loss_cn = 0.00021982 | acc_sim = 0.862 | acc_phy = 0.860 
| epoch = 29 | step =    60 | loss_pnn = 1.602 | loss_cn = 0.00021827 | acc_sim = 0.862 | acc_phy = 0.860 
| epoch = 29 | step =    70 | loss_pnn = 1.602 | loss_cn = 0.00022193 | acc_sim = 0.862 | acc_phy = 0.861 
| epoch = 29 | step =    80 | loss_pnn = 1.602 | loss_cn = 0.00022244 | acc_sim = 0.862 | acc_phy = 0.861 
| epoch = 29 | step =    90 | loss_pnn = 1.602 | loss_cn = 0.00022484 | acc_sim = 0.862 | acc_phy = 0.861 
| epoch = 29 | step =   100 | loss_pnn = 1.602 | loss_cn = 0.00022545 | acc_sim = 0.862 | acc_phy = 0.861 
| epoch = 29 | step =   110 | loss_pnn = 1.602 | loss_cn = 0.00022717 | acc_sim = 0.861 | acc_phy = 0.860 
| epoch = 29 | step =   120 | loss_pnn = 1.601 | loss_cn = 0.00022542 | acc_sim = 0.862 | acc_phy = 0.861 
Phy accuracy of the network on 10000 test images: 0.851


Current training epoch: 30, learning rate for pnn: 0.00025, learning rate for SEPN: 0.00025
| epoch = 30 | step =    10 | loss_pnn = 1.603 | loss_cn = 0.00022620 | acc_sim = 0.863 | acc_phy = 0.860 
| epoch = 30 | step =    20 | loss_pnn = 1.602 | loss_cn = 0.00022292 | acc_sim = 0.863 | acc_phy = 0.861 
| epoch = 30 | step =    30 | loss_pnn = 1.603 | loss_cn = 0.00022583 | acc_sim = 0.862 | acc_phy = 0.861 
| epoch = 30 | step =    40 | loss_pnn = 1.603 | loss_cn = 0.00022938 | acc_sim = 0.862 | acc_phy = 0.861 
| epoch = 30 | step =    50 | loss_pnn = 1.602 | loss_cn = 0.00022538 | acc_sim = 0.861 | acc_phy = 0.861 
| epoch = 30 | step =    60 | loss_pnn = 1.602 | loss_cn = 0.00022355 | acc_sim = 0.861 | acc_phy = 0.860 
| epoch = 30 | step =    70 | loss_pnn = 1.602 | loss_cn = 0.00022152 | acc_sim = 0.861 | acc_phy = 0.861 
| epoch = 30 | step =    80 | loss_pnn = 1.601 | loss_cn = 0.00021872 | acc_sim = 0.862 | acc_phy = 0.861 
| epoch = 30 | step =    90 | loss_pnn = 1.602 | loss_cn = 0.00022096 | acc_sim = 0.862 | acc_phy = 0.861 
| epoch = 30 | step =   100 | loss_pnn = 1.601 | loss_cn = 0.00021792 | acc_sim = 0.862 | acc_phy = 0.861 
| epoch = 30 | step =   110 | loss_pnn = 1.601 | loss_cn = 0.00021870 | acc_sim = 0.862 | acc_phy = 0.861 
| epoch = 30 | step =   120 | loss_pnn = 1.601 | loss_cn = 0.00021746 | acc_sim = 0.862 | acc_phy = 0.861 
Phy accuracy of the network on 10000 test images: 0.848


Current training epoch: 31, learning rate for pnn: 0.000125, learning rate for SEPN: 0.000125
| epoch = 31 | step =    10 | loss_pnn = 1.598 | loss_cn = 0.00021518 | acc_sim = 0.865 | acc_phy = 0.864 
| epoch = 31 | step =    20 | loss_pnn = 1.601 | loss_cn = 0.00021332 | acc_sim = 0.861 | acc_phy = 0.861 
| epoch = 31 | step =    30 | loss_pnn = 1.601 | loss_cn = 0.00021407 | acc_sim = 0.862 | acc_phy = 0.862 
| epoch = 31 | step =    40 | loss_pnn = 1.602 | loss_cn = 0.00021330 | acc_sim = 0.861 | acc_phy = 0.861 
| epoch = 31 | step =    50 | loss_pnn = 1.600 | loss_cn = 0.00021065 | acc_sim = 0.863 | acc_phy = 0.862 
| epoch = 31 | step =    60 | loss_pnn = 1.600 | loss_cn = 0.00020830 | acc_sim = 0.863 | acc_phy = 0.863 
| epoch = 31 | step =    70 | loss_pnn = 1.599 | loss_cn = 0.00020756 | acc_sim = 0.865 | acc_phy = 0.864 
| epoch = 31 | step =    80 | loss_pnn = 1.600 | loss_cn = 0.00020703 | acc_sim = 0.864 | acc_phy = 0.863 
| epoch = 31 | step =    90 | loss_pnn = 1.600 | loss_cn = 0.00020963 | acc_sim = 0.864 | acc_phy = 0.863 
| epoch = 31 | step =   100 | loss_pnn = 1.600 | loss_cn = 0.00020785 | acc_sim = 0.863 | acc_phy = 0.863 
| epoch = 31 | step =   110 | loss_pnn = 1.600 | loss_cn = 0.00020763 | acc_sim = 0.863 | acc_phy = 0.863 
| epoch = 31 | step =   120 | loss_pnn = 1.600 | loss_cn = 0.00020788 | acc_sim = 0.863 | acc_phy = 0.863 
Phy accuracy of the network on 10000 test images: 0.850


Current training epoch: 32, learning rate for pnn: 0.000125, learning rate for SEPN: 0.000125
| epoch = 32 | step =    10 | loss_pnn = 1.600 | loss_cn = 0.00020366 | acc_sim = 0.869 | acc_phy = 0.867 
| epoch = 32 | step =    20 | loss_pnn = 1.602 | loss_cn = 0.00020813 | acc_sim = 0.863 | acc_phy = 0.862 
| epoch = 32 | step =    30 | loss_pnn = 1.600 | loss_cn = 0.00020896 | acc_sim = 0.865 | acc_phy = 0.865 
| epoch = 32 | step =    40 | loss_pnn = 1.600 | loss_cn = 0.00020829 | acc_sim = 0.864 | acc_phy = 0.863 
| epoch = 32 | step =    50 | loss_pnn = 1.599 | loss_cn = 0.00020611 | acc_sim = 0.865 | acc_phy = 0.864 
| epoch = 32 | step =    60 | loss_pnn = 1.599 | loss_cn = 0.00020500 | acc_sim = 0.866 | acc_phy = 0.865 
| epoch = 32 | step =    70 | loss_pnn = 1.599 | loss_cn = 0.00020561 | acc_sim = 0.865 | acc_phy = 0.864 
| epoch = 32 | step =    80 | loss_pnn = 1.599 | loss_cn = 0.00020430 | acc_sim = 0.865 | acc_phy = 0.864 
| epoch = 32 | step =    90 | loss_pnn = 1.600 | loss_cn = 0.00020577 | acc_sim = 0.864 | acc_phy = 0.863 
| epoch = 32 | step =   100 | loss_pnn = 1.600 | loss_cn = 0.00020692 | acc_sim = 0.864 | acc_phy = 0.863 
| epoch = 32 | step =   110 | loss_pnn = 1.599 | loss_cn = 0.00020642 | acc_sim = 0.865 | acc_phy = 0.864 
| epoch = 32 | step =   120 | loss_pnn = 1.600 | loss_cn = 0.00020702 | acc_sim = 0.863 | acc_phy = 0.863 
Phy accuracy of the network on 10000 test images: 0.850


Current training epoch: 33, learning rate for pnn: 0.000125, learning rate for SEPN: 0.000125
| epoch = 33 | step =    10 | loss_pnn = 1.595 | loss_cn = 0.00019350 | acc_sim = 0.869 | acc_phy = 0.872 
| epoch = 33 | step =    20 | loss_pnn = 1.598 | loss_cn = 0.00019984 | acc_sim = 0.868 | acc_phy = 0.869 
| epoch = 33 | step =    30 | loss_pnn = 1.598 | loss_cn = 0.00020346 | acc_sim = 0.866 | acc_phy = 0.866 
| epoch = 33 | step =    40 | loss_pnn = 1.600 | loss_cn = 0.00020472 | acc_sim = 0.865 | acc_phy = 0.865 
| epoch = 33 | step =    50 | loss_pnn = 1.599 | loss_cn = 0.00020400 | acc_sim = 0.866 | acc_phy = 0.865 
| epoch = 33 | step =    60 | loss_pnn = 1.599 | loss_cn = 0.00020272 | acc_sim = 0.866 | acc_phy = 0.866 
| epoch = 33 | step =    70 | loss_pnn = 1.599 | loss_cn = 0.00020398 | acc_sim = 0.866 | acc_phy = 0.865 
| epoch = 33 | step =    80 | loss_pnn = 1.600 | loss_cn = 0.00020309 | acc_sim = 0.865 | acc_phy = 0.864 
| epoch = 33 | step =    90 | loss_pnn = 1.600 | loss_cn = 0.00020288 | acc_sim = 0.865 | acc_phy = 0.864 
| epoch = 33 | step =   100 | loss_pnn = 1.600 | loss_cn = 0.00020298 | acc_sim = 0.864 | acc_phy = 0.863 
| epoch = 33 | step =   110 | loss_pnn = 1.600 | loss_cn = 0.00020408 | acc_sim = 0.863 | acc_phy = 0.863 
| epoch = 33 | step =   120 | loss_pnn = 1.600 | loss_cn = 0.00020578 | acc_sim = 0.864 | acc_phy = 0.863 
Phy accuracy of the network on 10000 test images: 0.850


Current training epoch: 34, learning rate for pnn: 0.000125, learning rate for SEPN: 0.000125
| epoch = 34 | step =    10 | loss_pnn = 1.605 | loss_cn = 0.00021731 | acc_sim = 0.860 | acc_phy = 0.858 
| epoch = 34 | step =    20 | loss_pnn = 1.603 | loss_cn = 0.00020922 | acc_sim = 0.862 | acc_phy = 0.860 
| epoch = 34 | step =    30 | loss_pnn = 1.603 | loss_cn = 0.00020245 | acc_sim = 0.862 | acc_phy = 0.861 
| epoch = 34 | step =    40 | loss_pnn = 1.602 | loss_cn = 0.00020236 | acc_sim = 0.862 | acc_phy = 0.861 
| epoch = 34 | step =    50 | loss_pnn = 1.601 | loss_cn = 0.00020206 | acc_sim = 0.864 | acc_phy = 0.863 
| epoch = 34 | step =    60 | loss_pnn = 1.601 | loss_cn = 0.00020345 | acc_sim = 0.863 | acc_phy = 0.863 
| epoch = 34 | step =    70 | loss_pnn = 1.601 | loss_cn = 0.00020371 | acc_sim = 0.863 | acc_phy = 0.862 
| epoch = 34 | step =    80 | loss_pnn = 1.600 | loss_cn = 0.00020344 | acc_sim = 0.864 | acc_phy = 0.863 
| epoch = 34 | step =    90 | loss_pnn = 1.601 | loss_cn = 0.00020469 | acc_sim = 0.863 | acc_phy = 0.862 
| epoch = 34 | step =   100 | loss_pnn = 1.600 | loss_cn = 0.00020546 | acc_sim = 0.864 | acc_phy = 0.863 
| epoch = 34 | step =   110 | loss_pnn = 1.600 | loss_cn = 0.00020510 | acc_sim = 0.864 | acc_phy = 0.863 
| epoch = 34 | step =   120 | loss_pnn = 1.600 | loss_cn = 0.00020582 | acc_sim = 0.864 | acc_phy = 0.863 
Phy accuracy of the network on 10000 test images: 0.850


Current training epoch: 35, learning rate for pnn: 0.000125, learning rate for SEPN: 0.000125
| epoch = 35 | step =    10 | loss_pnn = 1.603 | loss_cn = 0.00020164 | acc_sim = 0.857 | acc_phy = 0.855 
| epoch = 35 | step =    20 | loss_pnn = 1.601 | loss_cn = 0.00020073 | acc_sim = 0.860 | acc_phy = 0.859 
| epoch = 35 | step =    30 | loss_pnn = 1.598 | loss_cn = 0.00019929 | acc_sim = 0.864 | acc_phy = 0.862 
| epoch = 35 | step =    40 | loss_pnn = 1.599 | loss_cn = 0.00019893 | acc_sim = 0.864 | acc_phy = 0.863 
| epoch = 35 | step =    50 | loss_pnn = 1.598 | loss_cn = 0.00019775 | acc_sim = 0.865 | acc_phy = 0.864 
| epoch = 35 | step =    60 | loss_pnn = 1.598 | loss_cn = 0.00019683 | acc_sim = 0.865 | acc_phy = 0.864 
| epoch = 35 | step =    70 | loss_pnn = 1.599 | loss_cn = 0.00019831 | acc_sim = 0.865 | acc_phy = 0.864 
| epoch = 35 | step =    80 | loss_pnn = 1.599 | loss_cn = 0.00019754 | acc_sim = 0.865 | acc_phy = 0.864 
| epoch = 35 | step =    90 | loss_pnn = 1.599 | loss_cn = 0.00019851 | acc_sim = 0.865 | acc_phy = 0.864 
| epoch = 35 | step =   100 | loss_pnn = 1.600 | loss_cn = 0.00019954 | acc_sim = 0.864 | acc_phy = 0.863 
| epoch = 35 | step =   110 | loss_pnn = 1.600 | loss_cn = 0.00020077 | acc_sim = 0.864 | acc_phy = 0.862 
| epoch = 35 | step =   120 | loss_pnn = 1.600 | loss_cn = 0.00020294 | acc_sim = 0.864 | acc_phy = 0.863 
Phy accuracy of the network on 10000 test images: 0.850


Current training epoch: 36, learning rate for pnn: 0.000125, learning rate for SEPN: 0.000125
| epoch = 36 | step =    10 | loss_pnn = 1.596 | loss_cn = 0.00019237 | acc_sim = 0.869 | acc_phy = 0.868 
| epoch = 36 | step =    20 | loss_pnn = 1.597 | loss_cn = 0.00019102 | acc_sim = 0.867 | acc_phy = 0.866 
| epoch = 36 | step =    30 | loss_pnn = 1.599 | loss_cn = 0.00019343 | acc_sim = 0.865 | acc_phy = 0.863 
| epoch = 36 | step =    40 | loss_pnn = 1.599 | loss_cn = 0.00019224 | acc_sim = 0.865 | acc_phy = 0.864 
| epoch = 36 | step =    50 | loss_pnn = 1.598 | loss_cn = 0.00019298 | acc_sim = 0.866 | acc_phy = 0.864 
| epoch = 36 | step =    60 | loss_pnn = 1.599 | loss_cn = 0.00019312 | acc_sim = 0.865 | acc_phy = 0.864 
| epoch = 36 | step =    70 | loss_pnn = 1.599 | loss_cn = 0.00019421 | acc_sim = 0.865 | acc_phy = 0.863 
| epoch = 36 | step =    80 | loss_pnn = 1.599 | loss_cn = 0.00019495 | acc_sim = 0.865 | acc_phy = 0.864 
| epoch = 36 | step =    90 | loss_pnn = 1.600 | loss_cn = 0.00019892 | acc_sim = 0.865 | acc_phy = 0.864 
| epoch = 36 | step =   100 | loss_pnn = 1.600 | loss_cn = 0.00020130 | acc_sim = 0.864 | acc_phy = 0.863 
| epoch = 36 | step =   110 | loss_pnn = 1.600 | loss_cn = 0.00020264 | acc_sim = 0.864 | acc_phy = 0.864 
| epoch = 36 | step =   120 | loss_pnn = 1.600 | loss_cn = 0.00020243 | acc_sim = 0.864 | acc_phy = 0.864 
Phy accuracy of the network on 10000 test images: 0.852


Current training epoch: 37, learning rate for pnn: 0.000125, learning rate for SEPN: 0.000125
| epoch = 37 | step =    10 | loss_pnn = 1.593 | loss_cn = 0.00019470 | acc_sim = 0.872 | acc_phy = 0.873 
| epoch = 37 | step =    20 | loss_pnn = 1.597 | loss_cn = 0.00019341 | acc_sim = 0.867 | acc_phy = 0.867 
| epoch = 37 | step =    30 | loss_pnn = 1.598 | loss_cn = 0.00019737 | acc_sim = 0.865 | acc_phy = 0.865 
| epoch = 37 | step =    40 | loss_pnn = 1.599 | loss_cn = 0.00019878 | acc_sim = 0.865 | acc_phy = 0.864 
| epoch = 37 | step =    50 | loss_pnn = 1.600 | loss_cn = 0.00019588 | acc_sim = 0.864 | acc_phy = 0.863 
| epoch = 37 | step =    60 | loss_pnn = 1.601 | loss_cn = 0.00019940 | acc_sim = 0.863 | acc_phy = 0.862 
| epoch = 37 | step =    70 | loss_pnn = 1.601 | loss_cn = 0.00019879 | acc_sim = 0.863 | acc_phy = 0.862 
| epoch = 37 | step =    80 | loss_pnn = 1.600 | loss_cn = 0.00019922 | acc_sim = 0.864 | acc_phy = 0.863 
| epoch = 37 | step =    90 | loss_pnn = 1.600 | loss_cn = 0.00019818 | acc_sim = 0.864 | acc_phy = 0.863 
| epoch = 37 | step =   100 | loss_pnn = 1.600 | loss_cn = 0.00019986 | acc_sim = 0.865 | acc_phy = 0.864 
| epoch = 37 | step =   110 | loss_pnn = 1.600 | loss_cn = 0.00020044 | acc_sim = 0.864 | acc_phy = 0.864 
| epoch = 37 | step =   120 | loss_pnn = 1.600 | loss_cn = 0.00019969 | acc_sim = 0.864 | acc_phy = 0.864 
Phy accuracy of the network on 10000 test images: 0.852


Current training epoch: 38, learning rate for pnn: 0.000125, learning rate for SEPN: 0.000125
| epoch = 38 | step =    10 | loss_pnn = 1.593 | loss_cn = 0.00020136 | acc_sim = 0.875 | acc_phy = 0.874 
| epoch = 38 | step =    20 | loss_pnn = 1.600 | loss_cn = 0.00020125 | acc_sim = 0.865 | acc_phy = 0.864 
| epoch = 38 | step =    30 | loss_pnn = 1.601 | loss_cn = 0.00020159 | acc_sim = 0.864 | acc_phy = 0.863 
| epoch = 38 | step =    40 | loss_pnn = 1.601 | loss_cn = 0.00020232 | acc_sim = 0.862 | acc_phy = 0.862 
| epoch = 38 | step =    50 | loss_pnn = 1.601 | loss_cn = 0.00020115 | acc_sim = 0.862 | acc_phy = 0.862 
| epoch = 38 | step =    60 | loss_pnn = 1.601 | loss_cn = 0.00020227 | acc_sim = 0.862 | acc_phy = 0.862 
| epoch = 38 | step =    70 | loss_pnn = 1.601 | loss_cn = 0.00020160 | acc_sim = 0.862 | acc_phy = 0.862 
| epoch = 38 | step =    80 | loss_pnn = 1.601 | loss_cn = 0.00019998 | acc_sim = 0.863 | acc_phy = 0.862 
| epoch = 38 | step =    90 | loss_pnn = 1.600 | loss_cn = 0.00019905 | acc_sim = 0.863 | acc_phy = 0.863 
| epoch = 38 | step =   100 | loss_pnn = 1.600 | loss_cn = 0.00019947 | acc_sim = 0.864 | acc_phy = 0.863 
| epoch = 38 | step =   110 | loss_pnn = 1.600 | loss_cn = 0.00020222 | acc_sim = 0.864 | acc_phy = 0.863 
| epoch = 38 | step =   120 | loss_pnn = 1.600 | loss_cn = 0.00020136 | acc_sim = 0.864 | acc_phy = 0.863 
Phy accuracy of the network on 10000 test images: 0.853


Current training epoch: 39, learning rate for pnn: 0.000125, learning rate for SEPN: 0.000125
| epoch = 39 | step =    10 | loss_pnn = 1.600 | loss_cn = 0.00019365 | acc_sim = 0.864 | acc_phy = 0.863 
| epoch = 39 | step =    20 | loss_pnn = 1.600 | loss_cn = 0.00019992 | acc_sim = 0.863 | acc_phy = 0.863 
| epoch = 39 | step =    30 | loss_pnn = 1.598 | loss_cn = 0.00019687 | acc_sim = 0.866 | acc_phy = 0.866 
| epoch = 39 | step =    40 | loss_pnn = 1.598 | loss_cn = 0.00019904 | acc_sim = 0.868 | acc_phy = 0.867 
| epoch = 39 | step =    50 | loss_pnn = 1.598 | loss_cn = 0.00019710 | acc_sim = 0.867 | acc_phy = 0.866 
| epoch = 39 | step =    60 | loss_pnn = 1.599 | loss_cn = 0.00020007 | acc_sim = 0.865 | acc_phy = 0.865 
| epoch = 39 | step =    70 | loss_pnn = 1.600 | loss_cn = 0.00019998 | acc_sim = 0.864 | acc_phy = 0.864 
| epoch = 39 | step =    80 | loss_pnn = 1.600 | loss_cn = 0.00019995 | acc_sim = 0.865 | acc_phy = 0.864 
| epoch = 39 | step =    90 | loss_pnn = 1.599 | loss_cn = 0.00019953 | acc_sim = 0.864 | acc_phy = 0.864 
| epoch = 39 | step =   100 | loss_pnn = 1.599 | loss_cn = 0.00019956 | acc_sim = 0.864 | acc_phy = 0.864 
| epoch = 39 | step =   110 | loss_pnn = 1.599 | loss_cn = 0.00019767 | acc_sim = 0.865 | acc_phy = 0.864 
| epoch = 39 | step =   120 | loss_pnn = 1.599 | loss_cn = 0.00020046 | acc_sim = 0.864 | acc_phy = 0.864 
Phy accuracy of the network on 10000 test images: 0.850


Current training epoch: 40, learning rate for pnn: 0.000125, learning rate for SEPN: 0.000125
| epoch = 40 | step =    10 | loss_pnn = 1.604 | loss_cn = 0.00020157 | acc_sim = 0.858 | acc_phy = 0.858 
| epoch = 40 | step =    20 | loss_pnn = 1.602 | loss_cn = 0.00019311 | acc_sim = 0.861 | acc_phy = 0.862 
| epoch = 40 | step =    30 | loss_pnn = 1.603 | loss_cn = 0.00019467 | acc_sim = 0.860 | acc_phy = 0.860 
| epoch = 40 | step =    40 | loss_pnn = 1.601 | loss_cn = 0.00019189 | acc_sim = 0.861 | acc_phy = 0.862 
| epoch = 40 | step =    50 | loss_pnn = 1.601 | loss_cn = 0.00019307 | acc_sim = 0.862 | acc_phy = 0.863 
| epoch = 40 | step =    60 | loss_pnn = 1.600 | loss_cn = 0.00019950 | acc_sim = 0.863 | acc_phy = 0.864 
| epoch = 40 | step =    70 | loss_pnn = 1.600 | loss_cn = 0.00019872 | acc_sim = 0.863 | acc_phy = 0.863 
| epoch = 40 | step =    80 | loss_pnn = 1.600 | loss_cn = 0.00020042 | acc_sim = 0.863 | acc_phy = 0.863 
| epoch = 40 | step =    90 | loss_pnn = 1.600 | loss_cn = 0.00020125 | acc_sim = 0.863 | acc_phy = 0.863 
| epoch = 40 | step =   100 | loss_pnn = 1.600 | loss_cn = 0.00019990 | acc_sim = 0.864 | acc_phy = 0.864 
| epoch = 40 | step =   110 | loss_pnn = 1.599 | loss_cn = 0.00019902 | acc_sim = 0.865 | acc_phy = 0.865 
| epoch = 40 | step =   120 | loss_pnn = 1.599 | loss_cn = 0.00020029 | acc_sim = 0.865 | acc_phy = 0.864 
Phy accuracy of the network on 10000 test images: 0.851


Current training epoch: 41, learning rate for pnn: 6.25e-05, learning rate for SEPN: 6.25e-05
| epoch = 41 | step =    10 | loss_pnn = 1.605 | loss_cn = 0.00022059 | acc_sim = 0.860 | acc_phy = 0.858 
| epoch = 41 | step =    20 | loss_pnn = 1.603 | loss_cn = 0.00021002 | acc_sim = 0.861 | acc_phy = 0.860 
| epoch = 41 | step =    30 | loss_pnn = 1.600 | loss_cn = 0.00020239 | acc_sim = 0.864 | acc_phy = 0.863 
| epoch = 41 | step =    40 | loss_pnn = 1.601 | loss_cn = 0.00020217 | acc_sim = 0.863 | acc_phy = 0.862 
| epoch = 41 | step =    50 | loss_pnn = 1.601 | loss_cn = 0.00019989 | acc_sim = 0.863 | acc_phy = 0.862 
| epoch = 41 | step =    60 | loss_pnn = 1.601 | loss_cn = 0.00020157 | acc_sim = 0.863 | acc_phy = 0.862 
| epoch = 41 | step =    70 | loss_pnn = 1.599 | loss_cn = 0.00019812 | acc_sim = 0.866 | acc_phy = 0.865 
| epoch = 41 | step =    80 | loss_pnn = 1.599 | loss_cn = 0.00019625 | acc_sim = 0.866 | acc_phy = 0.864 
| epoch = 41 | step =    90 | loss_pnn = 1.599 | loss_cn = 0.00019521 | acc_sim = 0.865 | acc_phy = 0.864 
| epoch = 41 | step =   100 | loss_pnn = 1.599 | loss_cn = 0.00019395 | acc_sim = 0.866 | acc_phy = 0.865 
| epoch = 41 | step =   110 | loss_pnn = 1.599 | loss_cn = 0.00019444 | acc_sim = 0.866 | acc_phy = 0.865 
| epoch = 41 | step =   120 | loss_pnn = 1.599 | loss_cn = 0.00019339 | acc_sim = 0.866 | acc_phy = 0.865 
Phy accuracy of the network on 10000 test images: 0.851


Current training epoch: 42, learning rate for pnn: 6.25e-05, learning rate for SEPN: 6.25e-05
| epoch = 42 | step =    10 | loss_pnn = 1.604 | loss_cn = 0.00019598 | acc_sim = 0.857 | acc_phy = 0.857 
| epoch = 42 | step =    20 | loss_pnn = 1.602 | loss_cn = 0.00019074 | acc_sim = 0.860 | acc_phy = 0.858 
| epoch = 42 | step =    30 | loss_pnn = 1.599 | loss_cn = 0.00018978 | acc_sim = 0.864 | acc_phy = 0.862 
| epoch = 42 | step =    40 | loss_pnn = 1.601 | loss_cn = 0.00019432 | acc_sim = 0.862 | acc_phy = 0.861 
| epoch = 42 | step =    50 | loss_pnn = 1.600 | loss_cn = 0.00019660 | acc_sim = 0.863 | acc_phy = 0.862 
| epoch = 42 | step =    60 | loss_pnn = 1.600 | loss_cn = 0.00019709 | acc_sim = 0.863 | acc_phy = 0.862 
| epoch = 42 | step =    70 | loss_pnn = 1.599 | loss_cn = 0.00019640 | acc_sim = 0.864 | acc_phy = 0.863 
| epoch = 42 | step =    80 | loss_pnn = 1.599 | loss_cn = 0.00019636 | acc_sim = 0.865 | acc_phy = 0.864 
| epoch = 42 | step =    90 | loss_pnn = 1.599 | loss_cn = 0.00019636 | acc_sim = 0.865 | acc_phy = 0.864 
| epoch = 42 | step =   100 | loss_pnn = 1.599 | loss_cn = 0.00019682 | acc_sim = 0.865 | acc_phy = 0.864 
| epoch = 42 | step =   110 | loss_pnn = 1.599 | loss_cn = 0.00019533 | acc_sim = 0.865 | acc_phy = 0.864 
| epoch = 42 | step =   120 | loss_pnn = 1.599 | loss_cn = 0.00019420 | acc_sim = 0.865 | acc_phy = 0.865 
Phy accuracy of the network on 10000 test images: 0.852


Current training epoch: 43, learning rate for pnn: 6.25e-05, learning rate for SEPN: 6.25e-05
| epoch = 43 | step =    10 | loss_pnn = 1.597 | loss_cn = 0.00020553 | acc_sim = 0.868 | acc_phy = 0.866 
| epoch = 43 | step =    20 | loss_pnn = 1.601 | loss_cn = 0.00020183 | acc_sim = 0.865 | acc_phy = 0.864 
| epoch = 43 | step =    30 | loss_pnn = 1.600 | loss_cn = 0.00019806 | acc_sim = 0.865 | acc_phy = 0.864 
| epoch = 43 | step =    40 | loss_pnn = 1.601 | loss_cn = 0.00019606 | acc_sim = 0.864 | acc_phy = 0.863 
| epoch = 43 | step =    50 | loss_pnn = 1.602 | loss_cn = 0.00019450 | acc_sim = 0.863 | acc_phy = 0.862 
| epoch = 43 | step =    60 | loss_pnn = 1.601 | loss_cn = 0.00019287 | acc_sim = 0.863 | acc_phy = 0.863 
| epoch = 43 | step =    70 | loss_pnn = 1.600 | loss_cn = 0.00019348 | acc_sim = 0.864 | acc_phy = 0.864 
| epoch = 43 | step =    80 | loss_pnn = 1.600 | loss_cn = 0.00019221 | acc_sim = 0.865 | acc_phy = 0.864 
| epoch = 43 | step =    90 | loss_pnn = 1.599 | loss_cn = 0.00019230 | acc_sim = 0.865 | acc_phy = 0.865 
| epoch = 43 | step =   100 | loss_pnn = 1.599 | loss_cn = 0.00019485 | acc_sim = 0.866 | acc_phy = 0.865 
| epoch = 43 | step =   110 | loss_pnn = 1.599 | loss_cn = 0.00019331 | acc_sim = 0.866 | acc_phy = 0.865 
| epoch = 43 | step =   120 | loss_pnn = 1.599 | loss_cn = 0.00019423 | acc_sim = 0.866 | acc_phy = 0.866 
Phy accuracy of the network on 10000 test images: 0.852


Current training epoch: 44, learning rate for pnn: 6.25e-05, learning rate for SEPN: 6.25e-05
| epoch = 44 | step =    10 | loss_pnn = 1.600 | loss_cn = 0.00020113 | acc_sim = 0.867 | acc_phy = 0.867 
| epoch = 44 | step =    20 | loss_pnn = 1.600 | loss_cn = 0.00019883 | acc_sim = 0.865 | acc_phy = 0.865 
| epoch = 44 | step =    30 | loss_pnn = 1.599 | loss_cn = 0.00019259 | acc_sim = 0.864 | acc_phy = 0.865 
| epoch = 44 | step =    40 | loss_pnn = 1.600 | loss_cn = 0.00019134 | acc_sim = 0.864 | acc_phy = 0.864 
| epoch = 44 | step =    50 | loss_pnn = 1.598 | loss_cn = 0.00019095 | acc_sim = 0.867 | acc_phy = 0.866 
| epoch = 44 | step =    60 | loss_pnn = 1.598 | loss_cn = 0.00019345 | acc_sim = 0.866 | acc_phy = 0.866 
| epoch = 44 | step =    70 | loss_pnn = 1.598 | loss_cn = 0.00019301 | acc_sim = 0.866 | acc_phy = 0.866 
| epoch = 44 | step =    80 | loss_pnn = 1.598 | loss_cn = 0.00019402 | acc_sim = 0.867 | acc_phy = 0.866 
| epoch = 44 | step =    90 | loss_pnn = 1.598 | loss_cn = 0.00019456 | acc_sim = 0.867 | acc_phy = 0.866 
| epoch = 44 | step =   100 | loss_pnn = 1.599 | loss_cn = 0.00019375 | acc_sim = 0.866 | acc_phy = 0.865 
| epoch = 44 | step =   110 | loss_pnn = 1.599 | loss_cn = 0.00019442 | acc_sim = 0.866 | acc_phy = 0.865 
| epoch = 44 | step =   120 | loss_pnn = 1.599 | loss_cn = 0.00019532 | acc_sim = 0.865 | acc_phy = 0.865 
Phy accuracy of the network on 10000 test images: 0.852


Current training epoch: 45, learning rate for pnn: 6.25e-05, learning rate for SEPN: 6.25e-05
| epoch = 45 | step =    10 | loss_pnn = 1.602 | loss_cn = 0.00020012 | acc_sim = 0.863 | acc_phy = 0.861 
| epoch = 45 | step =    20 | loss_pnn = 1.601 | loss_cn = 0.00019819 | acc_sim = 0.864 | acc_phy = 0.862 
| epoch = 45 | step =    30 | loss_pnn = 1.599 | loss_cn = 0.00018881 | acc_sim = 0.866 | acc_phy = 0.865 
| epoch = 45 | step =    40 | loss_pnn = 1.599 | loss_cn = 0.00019261 | acc_sim = 0.865 | acc_phy = 0.864 
| epoch = 45 | step =    50 | loss_pnn = 1.599 | loss_cn = 0.00019443 | acc_sim = 0.865 | acc_phy = 0.864 
| epoch = 45 | step =    60 | loss_pnn = 1.600 | loss_cn = 0.00019516 | acc_sim = 0.865 | acc_phy = 0.863 
| epoch = 45 | step =    70 | loss_pnn = 1.599 | loss_cn = 0.00019568 | acc_sim = 0.865 | acc_phy = 0.864 
| epoch = 45 | step =    80 | loss_pnn = 1.599 | loss_cn = 0.00019375 | acc_sim = 0.865 | acc_phy = 0.864 
| epoch = 45 | step =    90 | loss_pnn = 1.599 | loss_cn = 0.00019514 | acc_sim = 0.866 | acc_phy = 0.865 
| epoch = 45 | step =   100 | loss_pnn = 1.599 | loss_cn = 0.00019397 | acc_sim = 0.865 | acc_phy = 0.865 
| epoch = 45 | step =   110 | loss_pnn = 1.599 | loss_cn = 0.00019523 | acc_sim = 0.866 | acc_phy = 0.865 
| epoch = 45 | step =   120 | loss_pnn = 1.599 | loss_cn = 0.00019598 | acc_sim = 0.866 | acc_phy = 0.865 
Phy accuracy of the network on 10000 test images: 0.852


Current training epoch: 46, learning rate for pnn: 6.25e-05, learning rate for SEPN: 6.25e-05
| epoch = 46 | step =    10 | loss_pnn = 1.599 | loss_cn = 0.00019640 | acc_sim = 0.862 | acc_phy = 0.863 
| epoch = 46 | step =    20 | loss_pnn = 1.598 | loss_cn = 0.00019167 | acc_sim = 0.864 | acc_phy = 0.864 
| epoch = 46 | step =    30 | loss_pnn = 1.598 | loss_cn = 0.00019546 | acc_sim = 0.866 | acc_phy = 0.864 
| epoch = 46 | step =    40 | loss_pnn = 1.599 | loss_cn = 0.00019827 | acc_sim = 0.866 | acc_phy = 0.864 
| epoch = 46 | step =    50 | loss_pnn = 1.598 | loss_cn = 0.00019717 | acc_sim = 0.867 | acc_phy = 0.866 
| epoch = 46 | step =    60 | loss_pnn = 1.599 | loss_cn = 0.00019638 | acc_sim = 0.866 | acc_phy = 0.865 
| epoch = 46 | step =    70 | loss_pnn = 1.599 | loss_cn = 0.00019583 | acc_sim = 0.866 | acc_phy = 0.865 
| epoch = 46 | step =    80 | loss_pnn = 1.599 | loss_cn = 0.00019373 | acc_sim = 0.866 | acc_phy = 0.865 
| epoch = 46 | step =    90 | loss_pnn = 1.599 | loss_cn = 0.00019446 | acc_sim = 0.866 | acc_phy = 0.865 
| epoch = 46 | step =   100 | loss_pnn = 1.599 | loss_cn = 0.00019516 | acc_sim = 0.865 | acc_phy = 0.864 
| epoch = 46 | step =   110 | loss_pnn = 1.599 | loss_cn = 0.00019614 | acc_sim = 0.866 | acc_phy = 0.865 
| epoch = 46 | step =   120 | loss_pnn = 1.599 | loss_cn = 0.00019648 | acc_sim = 0.866 | acc_phy = 0.865 
Phy accuracy of the network on 10000 test images: 0.853


Current training epoch: 47, learning rate for pnn: 6.25e-05, learning rate for SEPN: 6.25e-05
| epoch = 47 | step =    10 | loss_pnn = 1.600 | loss_cn = 0.00020222 | acc_sim = 0.862 | acc_phy = 0.862 
| epoch = 47 | step =    20 | loss_pnn = 1.602 | loss_cn = 0.00020658 | acc_sim = 0.859 | acc_phy = 0.858 
| epoch = 47 | step =    30 | loss_pnn = 1.601 | loss_cn = 0.00020007 | acc_sim = 0.862 | acc_phy = 0.861 
| epoch = 47 | step =    40 | loss_pnn = 1.601 | loss_cn = 0.00019813 | acc_sim = 0.862 | acc_phy = 0.861 
| epoch = 47 | step =    50 | loss_pnn = 1.600 | loss_cn = 0.00019836 | acc_sim = 0.864 | acc_phy = 0.863 
| epoch = 47 | step =    60 | loss_pnn = 1.600 | loss_cn = 0.00019882 | acc_sim = 0.864 | acc_phy = 0.864 
| epoch = 47 | step =    70 | loss_pnn = 1.599 | loss_cn = 0.00019749 | acc_sim = 0.865 | acc_phy = 0.865 
| epoch = 47 | step =    80 | loss_pnn = 1.599 | loss_cn = 0.00019744 | acc_sim = 0.866 | acc_phy = 0.865 
| epoch = 47 | step =    90 | loss_pnn = 1.599 | loss_cn = 0.00019787 | acc_sim = 0.866 | acc_phy = 0.865 
| epoch = 47 | step =   100 | loss_pnn = 1.599 | loss_cn = 0.00019824 | acc_sim = 0.866 | acc_phy = 0.866 
| epoch = 47 | step =   110 | loss_pnn = 1.599 | loss_cn = 0.00019896 | acc_sim = 0.867 | acc_phy = 0.866 
| epoch = 47 | step =   120 | loss_pnn = 1.599 | loss_cn = 0.00019888 | acc_sim = 0.866 | acc_phy = 0.866 
Phy accuracy of the network on 10000 test images: 0.852


Current training epoch: 48, learning rate for pnn: 6.25e-05, learning rate for SEPN: 6.25e-05
| epoch = 48 | step =    10 | loss_pnn = 1.598 | loss_cn = 0.00019014 | acc_sim = 0.867 | acc_phy = 0.866 
| epoch = 48 | step =    20 | loss_pnn = 1.597 | loss_cn = 0.00019184 | acc_sim = 0.869 | acc_phy = 0.869 
| epoch = 48 | step =    30 | loss_pnn = 1.600 | loss_cn = 0.00019334 | acc_sim = 0.865 | acc_phy = 0.864 
| epoch = 48 | step =    40 | loss_pnn = 1.600 | loss_cn = 0.00019313 | acc_sim = 0.865 | acc_phy = 0.865 
| epoch = 48 | step =    50 | loss_pnn = 1.600 | loss_cn = 0.00019555 | acc_sim = 0.865 | acc_phy = 0.864 
| epoch = 48 | step =    60 | loss_pnn = 1.599 | loss_cn = 0.00019640 | acc_sim = 0.866 | acc_phy = 0.866 
| epoch = 48 | step =    70 | loss_pnn = 1.599 | loss_cn = 0.00019851 | acc_sim = 0.865 | acc_phy = 0.865 
| epoch = 48 | step =    80 | loss_pnn = 1.600 | loss_cn = 0.00019910 | acc_sim = 0.865 | acc_phy = 0.865 
| epoch = 48 | step =    90 | loss_pnn = 1.599 | loss_cn = 0.00020001 | acc_sim = 0.866 | acc_phy = 0.865 
| epoch = 48 | step =   100 | loss_pnn = 1.599 | loss_cn = 0.00020087 | acc_sim = 0.866 | acc_phy = 0.865 
| epoch = 48 | step =   110 | loss_pnn = 1.599 | loss_cn = 0.00020092 | acc_sim = 0.866 | acc_phy = 0.865 
| epoch = 48 | step =   120 | loss_pnn = 1.599 | loss_cn = 0.00020023 | acc_sim = 0.866 | acc_phy = 0.865 
Phy accuracy of the network on 10000 test images: 0.852


Current training epoch: 49, learning rate for pnn: 6.25e-05, learning rate for SEPN: 6.25e-05
| epoch = 49 | step =    10 | loss_pnn = 1.593 | loss_cn = 0.00019276 | acc_sim = 0.874 | acc_phy = 0.874 
| epoch = 49 | step =    20 | loss_pnn = 1.597 | loss_cn = 0.00019235 | acc_sim = 0.868 | acc_phy = 0.867 
| epoch = 49 | step =    30 | loss_pnn = 1.598 | loss_cn = 0.00019291 | acc_sim = 0.868 | acc_phy = 0.867 
| epoch = 49 | step =    40 | loss_pnn = 1.598 | loss_cn = 0.00019488 | acc_sim = 0.867 | acc_phy = 0.866 
| epoch = 49 | step =    50 | loss_pnn = 1.598 | loss_cn = 0.00019620 | acc_sim = 0.868 | acc_phy = 0.867 
| epoch = 49 | step =    60 | loss_pnn = 1.598 | loss_cn = 0.00019805 | acc_sim = 0.867 | acc_phy = 0.867 
| epoch = 49 | step =    70 | loss_pnn = 1.598 | loss_cn = 0.00020114 | acc_sim = 0.867 | acc_phy = 0.867 
| epoch = 49 | step =    80 | loss_pnn = 1.598 | loss_cn = 0.00020115 | acc_sim = 0.867 | acc_phy = 0.866 
| epoch = 49 | step =    90 | loss_pnn = 1.599 | loss_cn = 0.00020026 | acc_sim = 0.866 | acc_phy = 0.866 
| epoch = 49 | step =   100 | loss_pnn = 1.599 | loss_cn = 0.00020076 | acc_sim = 0.866 | acc_phy = 0.865 
| epoch = 49 | step =   110 | loss_pnn = 1.599 | loss_cn = 0.00020116 | acc_sim = 0.866 | acc_phy = 0.866 
| epoch = 49 | step =   120 | loss_pnn = 1.599 | loss_cn = 0.00020144 | acc_sim = 0.866 | acc_phy = 0.865 
Phy accuracy of the network on 10000 test images: 0.853


Current training epoch: 50, learning rate for pnn: 6.25e-05, learning rate for SEPN: 6.25e-05
| epoch = 50 | step =    10 | loss_pnn = 1.601 | loss_cn = 0.00020821 | acc_sim = 0.863 | acc_phy = 0.862 
| epoch = 50 | step =    20 | loss_pnn = 1.600 | loss_cn = 0.00020866 | acc_sim = 0.865 | acc_phy = 0.863 
| epoch = 50 | step =    30 | loss_pnn = 1.600 | loss_cn = 0.00020855 | acc_sim = 0.864 | acc_phy = 0.863 
| epoch = 50 | step =    40 | loss_pnn = 1.599 | loss_cn = 0.00020627 | acc_sim = 0.865 | acc_phy = 0.864 
| epoch = 50 | step =    50 | loss_pnn = 1.599 | loss_cn = 0.00020652 | acc_sim = 0.866 | acc_phy = 0.865 
| epoch = 50 | step =    60 | loss_pnn = 1.599 | loss_cn = 0.00020590 | acc_sim = 0.866 | acc_phy = 0.865 
| epoch = 50 | step =    70 | loss_pnn = 1.599 | loss_cn = 0.00020688 | acc_sim = 0.866 | acc_phy = 0.865 
| epoch = 50 | step =    80 | loss_pnn = 1.599 | loss_cn = 0.00020563 | acc_sim = 0.866 | acc_phy = 0.866 
| epoch = 50 | step =    90 | loss_pnn = 1.600 | loss_cn = 0.00020629 | acc_sim = 0.865 | acc_phy = 0.864 
| epoch = 50 | step =   100 | loss_pnn = 1.600 | loss_cn = 0.00020618 | acc_sim = 0.865 | acc_phy = 0.864 
| epoch = 50 | step =   110 | loss_pnn = 1.600 | loss_cn = 0.00020521 | acc_sim = 0.866 | acc_phy = 0.865 
| epoch = 50 | step =   120 | loss_pnn = 1.599 | loss_cn = 0.00020333 | acc_sim = 0.866 | acc_phy = 0.865 
Phy accuracy of the network on 10000 test images: 0.853

Finished training. Elapsed time of training = 2:36:54.599879
