Training new model from scratch......
--------------------------
Training with SEPN
--------------------------

Current training epoch: 1, learning rate for pnn: 0.001, learning rate for SEPN: 0.001
| epoch = 1 | step =    10 | loss_pnn = 2.258 | loss_cn = 0.01188665 | acc_sim = 0.270 | acc_phy = 0.188 
| epoch = 1 | step =    20 | loss_pnn = 2.223 | loss_cn = 0.01387464 | acc_sim = 0.372 | acc_phy = 0.241 
| epoch = 1 | step =    30 | loss_pnn = 2.192 | loss_cn = 0.01561567 | acc_sim = 0.446 | acc_phy = 0.291 
| epoch = 1 | step =    40 | loss_pnn = 2.169 | loss_cn = 0.01621916 | acc_sim = 0.502 | acc_phy = 0.327 
| epoch = 1 | step =    50 | loss_pnn = 2.149 | loss_cn = 0.01588226 | acc_sim = 0.545 | acc_phy = 0.358 
| epoch = 1 | step =    60 | loss_pnn = 2.131 | loss_cn = 0.01518918 | acc_sim = 0.583 | acc_phy = 0.389 
| epoch = 1 | step =    70 | loss_pnn = 2.113 | loss_cn = 0.01446216 | acc_sim = 0.615 | acc_phy = 0.417 
| epoch = 1 | step =    80 | loss_pnn = 2.099 | loss_cn = 0.01372554 | acc_sim = 0.641 | acc_phy = 0.439 
| epoch = 1 | step =    90 | loss_pnn = 2.086 | loss_cn = 0.01305177 | acc_sim = 0.662 | acc_phy = 0.460 
| epoch = 1 | step =   100 | loss_pnn = 2.075 | loss_cn = 0.01248680 | acc_sim = 0.680 | acc_phy = 0.479 
| epoch = 1 | step =   110 | loss_pnn = 2.063 | loss_cn = 0.01197665 | acc_sim = 0.696 | acc_phy = 0.497 
| epoch = 1 | step =   120 | loss_pnn = 2.051 | loss_cn = 0.01153060 | acc_sim = 0.710 | acc_phy = 0.513 
Phy accuracy of the network on 10000 test images: 0.693


Current training epoch: 2, learning rate for pnn: 0.001, learning rate for SEPN: 0.001
| epoch = 2 | step =    10 | loss_pnn = 1.913 | loss_cn = 0.00633352 | acc_sim = 0.864 | acc_phy = 0.699 
| epoch = 2 | step =    20 | loss_pnn = 1.908 | loss_cn = 0.00616134 | acc_sim = 0.870 | acc_phy = 0.704 
| epoch = 2 | step =    30 | loss_pnn = 1.898 | loss_cn = 0.00591042 | acc_sim = 0.874 | acc_phy = 0.716 
| epoch = 2 | step =    40 | loss_pnn = 1.893 | loss_cn = 0.00573373 | acc_sim = 0.876 | acc_phy = 0.720 
| epoch = 2 | step =    50 | loss_pnn = 1.889 | loss_cn = 0.00567311 | acc_sim = 0.879 | acc_phy = 0.722 
| epoch = 2 | step =    60 | loss_pnn = 1.883 | loss_cn = 0.00558031 | acc_sim = 0.881 | acc_phy = 0.727 
| epoch = 2 | step =    70 | loss_pnn = 1.880 | loss_cn = 0.00550883 | acc_sim = 0.882 | acc_phy = 0.728 
| epoch = 2 | step =    80 | loss_pnn = 1.875 | loss_cn = 0.00542114 | acc_sim = 0.884 | acc_phy = 0.731 
| epoch = 2 | step =    90 | loss_pnn = 1.871 | loss_cn = 0.00534472 | acc_sim = 0.885 | acc_phy = 0.733 
| epoch = 2 | step =   100 | loss_pnn = 1.868 | loss_cn = 0.00528669 | acc_sim = 0.886 | acc_phy = 0.734 
| epoch = 2 | step =   110 | loss_pnn = 1.864 | loss_cn = 0.00520015 | acc_sim = 0.888 | acc_phy = 0.738 
| epoch = 2 | step =   120 | loss_pnn = 1.860 | loss_cn = 0.00512882 | acc_sim = 0.890 | acc_phy = 0.740 
Phy accuracy of the network on 10000 test images: 0.782


Current training epoch: 3, learning rate for pnn: 0.001, learning rate for SEPN: 0.001
| epoch = 3 | step =    10 | loss_pnn = 1.810 | loss_cn = 0.00414341 | acc_sim = 0.907 | acc_phy = 0.773 
| epoch = 3 | step =    20 | loss_pnn = 1.813 | loss_cn = 0.00416646 | acc_sim = 0.908 | acc_phy = 0.769 
| epoch = 3 | step =    30 | loss_pnn = 1.810 | loss_cn = 0.00409834 | acc_sim = 0.909 | acc_phy = 0.771 
| epoch = 3 | step =    40 | loss_pnn = 1.807 | loss_cn = 0.00408883 | acc_sim = 0.910 | acc_phy = 0.772 
| epoch = 3 | step =    50 | loss_pnn = 1.804 | loss_cn = 0.00404822 | acc_sim = 0.912 | acc_phy = 0.773 
| epoch = 3 | step =    60 | loss_pnn = 1.802 | loss_cn = 0.00399288 | acc_sim = 0.914 | acc_phy = 0.773 
| epoch = 3 | step =    70 | loss_pnn = 1.800 | loss_cn = 0.00394964 | acc_sim = 0.914 | acc_phy = 0.775 
| epoch = 3 | step =    80 | loss_pnn = 1.798 | loss_cn = 0.00391386 | acc_sim = 0.915 | acc_phy = 0.777 
| epoch = 3 | step =    90 | loss_pnn = 1.796 | loss_cn = 0.00388201 | acc_sim = 0.916 | acc_phy = 0.778 
| epoch = 3 | step =   100 | loss_pnn = 1.794 | loss_cn = 0.00385621 | acc_sim = 0.917 | acc_phy = 0.778 
| epoch = 3 | step =   110 | loss_pnn = 1.794 | loss_cn = 0.00382783 | acc_sim = 0.918 | acc_phy = 0.779 
| epoch = 3 | step =   120 | loss_pnn = 1.793 | loss_cn = 0.00381113 | acc_sim = 0.918 | acc_phy = 0.779 
Phy accuracy of the network on 10000 test images: 0.796


Current training epoch: 4, learning rate for pnn: 0.001, learning rate for SEPN: 0.001
| epoch = 4 | step =    10 | loss_pnn = 1.772 | loss_cn = 0.00346249 | acc_sim = 0.926 | acc_phy = 0.787 
| epoch = 4 | step =    20 | loss_pnn = 1.768 | loss_cn = 0.00338521 | acc_sim = 0.929 | acc_phy = 0.794 
| epoch = 4 | step =    30 | loss_pnn = 1.770 | loss_cn = 0.00340894 | acc_sim = 0.931 | acc_phy = 0.792 
| epoch = 4 | step =    40 | loss_pnn = 1.770 | loss_cn = 0.00343857 | acc_sim = 0.929 | acc_phy = 0.790 
| epoch = 4 | step =    50 | loss_pnn = 1.771 | loss_cn = 0.00345710 | acc_sim = 0.930 | acc_phy = 0.786 
| epoch = 4 | step =    60 | loss_pnn = 1.769 | loss_cn = 0.00342212 | acc_sim = 0.930 | acc_phy = 0.787 
| epoch = 4 | step =    70 | loss_pnn = 1.768 | loss_cn = 0.00340039 | acc_sim = 0.930 | acc_phy = 0.788 
| epoch = 4 | step =    80 | loss_pnn = 1.767 | loss_cn = 0.00338713 | acc_sim = 0.930 | acc_phy = 0.788 
| epoch = 4 | step =    90 | loss_pnn = 1.766 | loss_cn = 0.00336839 | acc_sim = 0.930 | acc_phy = 0.787 
| epoch = 4 | step =   100 | loss_pnn = 1.765 | loss_cn = 0.00334599 | acc_sim = 0.930 | acc_phy = 0.787 
| epoch = 4 | step =   110 | loss_pnn = 1.764 | loss_cn = 0.00332071 | acc_sim = 0.930 | acc_phy = 0.789 
| epoch = 4 | step =   120 | loss_pnn = 1.763 | loss_cn = 0.00330549 | acc_sim = 0.931 | acc_phy = 0.790 
Phy accuracy of the network on 10000 test images: 0.783


Current training epoch: 5, learning rate for pnn: 0.001, learning rate for SEPN: 0.001
| epoch = 5 | step =    10 | loss_pnn = 1.761 | loss_cn = 0.00309993 | acc_sim = 0.934 | acc_phy = 0.775 
| epoch = 5 | step =    20 | loss_pnn = 1.750 | loss_cn = 0.00298423 | acc_sim = 0.939 | acc_phy = 0.787 
| epoch = 5 | step =    30 | loss_pnn = 1.749 | loss_cn = 0.00295256 | acc_sim = 0.938 | acc_phy = 0.789 
| epoch = 5 | step =    40 | loss_pnn = 1.750 | loss_cn = 0.00291705 | acc_sim = 0.937 | acc_phy = 0.787 
| epoch = 5 | step =    50 | loss_pnn = 1.752 | loss_cn = 0.00292877 | acc_sim = 0.937 | acc_phy = 0.786 
| epoch = 5 | step =    60 | loss_pnn = 1.751 | loss_cn = 0.00292625 | acc_sim = 0.938 | acc_phy = 0.787 
| epoch = 5 | step =    70 | loss_pnn = 1.749 | loss_cn = 0.00291474 | acc_sim = 0.938 | acc_phy = 0.790 
| epoch = 5 | step =    80 | loss_pnn = 1.748 | loss_cn = 0.00290791 | acc_sim = 0.938 | acc_phy = 0.791 
| epoch = 5 | step =    90 | loss_pnn = 1.747 | loss_cn = 0.00290814 | acc_sim = 0.939 | acc_phy = 0.792 
| epoch = 5 | step =   100 | loss_pnn = 1.746 | loss_cn = 0.00291666 | acc_sim = 0.939 | acc_phy = 0.793 
| epoch = 5 | step =   110 | loss_pnn = 1.746 | loss_cn = 0.00291444 | acc_sim = 0.939 | acc_phy = 0.793 
| epoch = 5 | step =   120 | loss_pnn = 1.745 | loss_cn = 0.00290450 | acc_sim = 0.939 | acc_phy = 0.794 
Phy accuracy of the network on 10000 test images: 0.805


Current training epoch: 6, learning rate for pnn: 0.001, learning rate for SEPN: 0.001
| epoch = 6 | step =    10 | loss_pnn = 1.727 | loss_cn = 0.00279970 | acc_sim = 0.948 | acc_phy = 0.820 
| epoch = 6 | step =    20 | loss_pnn = 1.728 | loss_cn = 0.00279002 | acc_sim = 0.943 | acc_phy = 0.815 
| epoch = 6 | step =    30 | loss_pnn = 1.729 | loss_cn = 0.00275927 | acc_sim = 0.944 | acc_phy = 0.813 
| epoch = 6 | step =    40 | loss_pnn = 1.731 | loss_cn = 0.00279771 | acc_sim = 0.943 | acc_phy = 0.807 
| epoch = 6 | step =    50 | loss_pnn = 1.731 | loss_cn = 0.00280343 | acc_sim = 0.943 | acc_phy = 0.806 
| epoch = 6 | step =    60 | loss_pnn = 1.730 | loss_cn = 0.00282705 | acc_sim = 0.942 | acc_phy = 0.808 
| epoch = 6 | step =    70 | loss_pnn = 1.729 | loss_cn = 0.00281167 | acc_sim = 0.943 | acc_phy = 0.809 
| epoch = 6 | step =    80 | loss_pnn = 1.729 | loss_cn = 0.00279505 | acc_sim = 0.943 | acc_phy = 0.808 
| epoch = 6 | step =    90 | loss_pnn = 1.728 | loss_cn = 0.00278511 | acc_sim = 0.943 | acc_phy = 0.809 
| epoch = 6 | step =   100 | loss_pnn = 1.728 | loss_cn = 0.00278159 | acc_sim = 0.943 | acc_phy = 0.808 
| epoch = 6 | step =   110 | loss_pnn = 1.728 | loss_cn = 0.00277491 | acc_sim = 0.944 | acc_phy = 0.808 
| epoch = 6 | step =   120 | loss_pnn = 1.729 | loss_cn = 0.00276248 | acc_sim = 0.943 | acc_phy = 0.807 
Phy accuracy of the network on 10000 test images: 0.794


Current training epoch: 7, learning rate for pnn: 0.001, learning rate for SEPN: 0.001
| epoch = 7 | step =    10 | loss_pnn = 1.730 | loss_cn = 0.00256377 | acc_sim = 0.946 | acc_phy = 0.807 
| epoch = 7 | step =    20 | loss_pnn = 1.725 | loss_cn = 0.00258506 | acc_sim = 0.944 | acc_phy = 0.809 
| epoch = 7 | step =    30 | loss_pnn = 1.723 | loss_cn = 0.00263035 | acc_sim = 0.944 | acc_phy = 0.810 
| epoch = 7 | step =    40 | loss_pnn = 1.725 | loss_cn = 0.00263717 | acc_sim = 0.945 | acc_phy = 0.806 
| epoch = 7 | step =    50 | loss_pnn = 1.724 | loss_cn = 0.00263428 | acc_sim = 0.946 | acc_phy = 0.808 
| epoch = 7 | step =    60 | loss_pnn = 1.723 | loss_cn = 0.00261485 | acc_sim = 0.945 | acc_phy = 0.810 
| epoch = 7 | step =    70 | loss_pnn = 1.722 | loss_cn = 0.00259876 | acc_sim = 0.945 | acc_phy = 0.811 
| epoch = 7 | step =    80 | loss_pnn = 1.722 | loss_cn = 0.00259531 | acc_sim = 0.945 | acc_phy = 0.810 
| epoch = 7 | step =    90 | loss_pnn = 1.722 | loss_cn = 0.00259016 | acc_sim = 0.945 | acc_phy = 0.809 
| epoch = 7 | step =   100 | loss_pnn = 1.721 | loss_cn = 0.00257047 | acc_sim = 0.946 | acc_phy = 0.811 
| epoch = 7 | step =   110 | loss_pnn = 1.721 | loss_cn = 0.00256702 | acc_sim = 0.946 | acc_phy = 0.810 
| epoch = 7 | step =   120 | loss_pnn = 1.721 | loss_cn = 0.00256350 | acc_sim = 0.946 | acc_phy = 0.811 
Phy accuracy of the network on 10000 test images: 0.818


Current training epoch: 8, learning rate for pnn: 0.001, learning rate for SEPN: 0.001
| epoch = 8 | step =    10 | loss_pnn = 1.713 | loss_cn = 0.00239691 | acc_sim = 0.948 | acc_phy = 0.819 
| epoch = 8 | step =    20 | loss_pnn = 1.715 | loss_cn = 0.00242894 | acc_sim = 0.950 | acc_phy = 0.816 
| epoch = 8 | step =    30 | loss_pnn = 1.716 | loss_cn = 0.00242400 | acc_sim = 0.951 | acc_phy = 0.811 
| epoch = 8 | step =    40 | loss_pnn = 1.716 | loss_cn = 0.00243029 | acc_sim = 0.950 | acc_phy = 0.812 
| epoch = 8 | step =    50 | loss_pnn = 1.715 | loss_cn = 0.00244232 | acc_sim = 0.950 | acc_phy = 0.812 
| epoch = 8 | step =    60 | loss_pnn = 1.717 | loss_cn = 0.00245040 | acc_sim = 0.949 | acc_phy = 0.812 
| epoch = 8 | step =    70 | loss_pnn = 1.717 | loss_cn = 0.00245303 | acc_sim = 0.950 | acc_phy = 0.812 
| epoch = 8 | step =    80 | loss_pnn = 1.718 | loss_cn = 0.00245330 | acc_sim = 0.949 | acc_phy = 0.810 
| epoch = 8 | step =    90 | loss_pnn = 1.715 | loss_cn = 0.00245056 | acc_sim = 0.949 | acc_phy = 0.814 
| epoch = 8 | step =   100 | loss_pnn = 1.714 | loss_cn = 0.00245359 | acc_sim = 0.950 | acc_phy = 0.817 
| epoch = 8 | step =   110 | loss_pnn = 1.714 | loss_cn = 0.00245553 | acc_sim = 0.950 | acc_phy = 0.817 
| epoch = 8 | step =   120 | loss_pnn = 1.713 | loss_cn = 0.00244939 | acc_sim = 0.950 | acc_phy = 0.817 
Phy accuracy of the network on 10000 test images: 0.811


Current training epoch: 9, learning rate for pnn: 0.001, learning rate for SEPN: 0.001
| epoch = 9 | step =    10 | loss_pnn = 1.709 | loss_cn = 0.00225921 | acc_sim = 0.953 | acc_phy = 0.815 
| epoch = 9 | step =    20 | loss_pnn = 1.704 | loss_cn = 0.00222737 | acc_sim = 0.954 | acc_phy = 0.822 
| epoch = 9 | step =    30 | loss_pnn = 1.707 | loss_cn = 0.00223635 | acc_sim = 0.951 | acc_phy = 0.818 
| epoch = 9 | step =    40 | loss_pnn = 1.707 | loss_cn = 0.00224945 | acc_sim = 0.952 | acc_phy = 0.818 
| epoch = 9 | step =    50 | loss_pnn = 1.707 | loss_cn = 0.00225696 | acc_sim = 0.951 | acc_phy = 0.815 
| epoch = 9 | step =    60 | loss_pnn = 1.705 | loss_cn = 0.00224381 | acc_sim = 0.951 | acc_phy = 0.819 
| epoch = 9 | step =    70 | loss_pnn = 1.706 | loss_cn = 0.00224537 | acc_sim = 0.951 | acc_phy = 0.818 
| epoch = 9 | step =    80 | loss_pnn = 1.704 | loss_cn = 0.00225576 | acc_sim = 0.951 | acc_phy = 0.821 
| epoch = 9 | step =    90 | loss_pnn = 1.705 | loss_cn = 0.00226744 | acc_sim = 0.951 | acc_phy = 0.820 
| epoch = 9 | step =   100 | loss_pnn = 1.704 | loss_cn = 0.00225770 | acc_sim = 0.951 | acc_phy = 0.821 
| epoch = 9 | step =   110 | loss_pnn = 1.705 | loss_cn = 0.00224311 | acc_sim = 0.951 | acc_phy = 0.820 
| epoch = 9 | step =   120 | loss_pnn = 1.706 | loss_cn = 0.00224234 | acc_sim = 0.951 | acc_phy = 0.819 
Phy accuracy of the network on 10000 test images: 0.823


Current training epoch: 10, learning rate for pnn: 0.001, learning rate for SEPN: 0.001
| epoch = 10 | step =    10 | loss_pnn = 1.714 | loss_cn = 0.00219432 | acc_sim = 0.953 | acc_phy = 0.813 
| epoch = 10 | step =    20 | loss_pnn = 1.709 | loss_cn = 0.00212260 | acc_sim = 0.956 | acc_phy = 0.819 
| epoch = 10 | step =    30 | loss_pnn = 1.707 | loss_cn = 0.00213959 | acc_sim = 0.953 | acc_phy = 0.821 
| epoch = 10 | step =    40 | loss_pnn = 1.701 | loss_cn = 0.00215609 | acc_sim = 0.955 | acc_phy = 0.827 
| epoch = 10 | step =    50 | loss_pnn = 1.700 | loss_cn = 0.00216947 | acc_sim = 0.955 | acc_phy = 0.828 
| epoch = 10 | step =    60 | loss_pnn = 1.700 | loss_cn = 0.00215854 | acc_sim = 0.955 | acc_phy = 0.826 
| epoch = 10 | step =    70 | loss_pnn = 1.700 | loss_cn = 0.00215896 | acc_sim = 0.954 | acc_phy = 0.827 
| epoch = 10 | step =    80 | loss_pnn = 1.701 | loss_cn = 0.00216265 | acc_sim = 0.954 | acc_phy = 0.824 
| epoch = 10 | step =    90 | loss_pnn = 1.701 | loss_cn = 0.00217007 | acc_sim = 0.953 | acc_phy = 0.824 
| epoch = 10 | step =   100 | loss_pnn = 1.702 | loss_cn = 0.00217914 | acc_sim = 0.953 | acc_phy = 0.823 
| epoch = 10 | step =   110 | loss_pnn = 1.702 | loss_cn = 0.00217868 | acc_sim = 0.953 | acc_phy = 0.822 
| epoch = 10 | step =   120 | loss_pnn = 1.702 | loss_cn = 0.00217021 | acc_sim = 0.953 | acc_phy = 0.823 
Phy accuracy of the network on 10000 test images: 0.813


Current training epoch: 11, learning rate for pnn: 0.0005, learning rate for SEPN: 0.0005
| epoch = 11 | step =    10 | loss_pnn = 1.703 | loss_cn = 0.00204537 | acc_sim = 0.953 | acc_phy = 0.813 
| epoch = 11 | step =    20 | loss_pnn = 1.696 | loss_cn = 0.00200897 | acc_sim = 0.956 | acc_phy = 0.828 
| epoch = 11 | step =    30 | loss_pnn = 1.696 | loss_cn = 0.00199885 | acc_sim = 0.955 | acc_phy = 0.827 
| epoch = 11 | step =    40 | loss_pnn = 1.697 | loss_cn = 0.00198581 | acc_sim = 0.955 | acc_phy = 0.826 
| epoch = 11 | step =    50 | loss_pnn = 1.697 | loss_cn = 0.00197578 | acc_sim = 0.955 | acc_phy = 0.828 
| epoch = 11 | step =    60 | loss_pnn = 1.697 | loss_cn = 0.00194762 | acc_sim = 0.954 | acc_phy = 0.828 
| epoch = 11 | step =    70 | loss_pnn = 1.698 | loss_cn = 0.00194201 | acc_sim = 0.954 | acc_phy = 0.827 
| epoch = 11 | step =    80 | loss_pnn = 1.697 | loss_cn = 0.00194455 | acc_sim = 0.953 | acc_phy = 0.827 
| epoch = 11 | step =    90 | loss_pnn = 1.697 | loss_cn = 0.00194963 | acc_sim = 0.954 | acc_phy = 0.826 
| epoch = 11 | step =   100 | loss_pnn = 1.697 | loss_cn = 0.00193996 | acc_sim = 0.955 | acc_phy = 0.825 
| epoch = 11 | step =   110 | loss_pnn = 1.697 | loss_cn = 0.00192313 | acc_sim = 0.955 | acc_phy = 0.825 
| epoch = 11 | step =   120 | loss_pnn = 1.697 | loss_cn = 0.00191076 | acc_sim = 0.955 | acc_phy = 0.824 
Phy accuracy of the network on 10000 test images: 0.813


Current training epoch: 12, learning rate for pnn: 0.0005, learning rate for SEPN: 0.0005
| epoch = 12 | step =    10 | loss_pnn = 1.705 | loss_cn = 0.00189874 | acc_sim = 0.953 | acc_phy = 0.808 
| epoch = 12 | step =    20 | loss_pnn = 1.705 | loss_cn = 0.00188224 | acc_sim = 0.954 | acc_phy = 0.810 
| epoch = 12 | step =    30 | loss_pnn = 1.700 | loss_cn = 0.00186440 | acc_sim = 0.955 | acc_phy = 0.818 
| epoch = 12 | step =    40 | loss_pnn = 1.699 | loss_cn = 0.00182659 | acc_sim = 0.955 | acc_phy = 0.818 
| epoch = 12 | step =    50 | loss_pnn = 1.699 | loss_cn = 0.00182824 | acc_sim = 0.955 | acc_phy = 0.819 
| epoch = 12 | step =    60 | loss_pnn = 1.699 | loss_cn = 0.00181985 | acc_sim = 0.956 | acc_phy = 0.819 
| epoch = 12 | step =    70 | loss_pnn = 1.699 | loss_cn = 0.00183771 | acc_sim = 0.956 | acc_phy = 0.820 
| epoch = 12 | step =    80 | loss_pnn = 1.699 | loss_cn = 0.00184420 | acc_sim = 0.956 | acc_phy = 0.820 
| epoch = 12 | step =    90 | loss_pnn = 1.699 | loss_cn = 0.00185525 | acc_sim = 0.957 | acc_phy = 0.819 
| epoch = 12 | step =   100 | loss_pnn = 1.699 | loss_cn = 0.00185093 | acc_sim = 0.957 | acc_phy = 0.819 
| epoch = 12 | step =   110 | loss_pnn = 1.699 | loss_cn = 0.00184864 | acc_sim = 0.956 | acc_phy = 0.820 
| epoch = 12 | step =   120 | loss_pnn = 1.699 | loss_cn = 0.00184680 | acc_sim = 0.957 | acc_phy = 0.820 
Phy accuracy of the network on 10000 test images: 0.824


Current training epoch: 13, learning rate for pnn: 0.0005, learning rate for SEPN: 0.0005
| epoch = 13 | step =    10 | loss_pnn = 1.682 | loss_cn = 0.00185943 | acc_sim = 0.957 | acc_phy = 0.846 
| epoch = 13 | step =    20 | loss_pnn = 1.685 | loss_cn = 0.00186729 | acc_sim = 0.959 | acc_phy = 0.836 
| epoch = 13 | step =    30 | loss_pnn = 1.686 | loss_cn = 0.00183602 | acc_sim = 0.960 | acc_phy = 0.835 
| epoch = 13 | step =    40 | loss_pnn = 1.690 | loss_cn = 0.00182011 | acc_sim = 0.958 | acc_phy = 0.830 
| epoch = 13 | step =    50 | loss_pnn = 1.693 | loss_cn = 0.00184433 | acc_sim = 0.957 | acc_phy = 0.826 
| epoch = 13 | step =    60 | loss_pnn = 1.693 | loss_cn = 0.00183405 | acc_sim = 0.957 | acc_phy = 0.825 
| epoch = 13 | step =    70 | loss_pnn = 1.695 | loss_cn = 0.00182406 | acc_sim = 0.957 | acc_phy = 0.823 
| epoch = 13 | step =    80 | loss_pnn = 1.695 | loss_cn = 0.00182194 | acc_sim = 0.957 | acc_phy = 0.823 
| epoch = 13 | step =    90 | loss_pnn = 1.694 | loss_cn = 0.00181810 | acc_sim = 0.957 | acc_phy = 0.825 
| epoch = 13 | step =   100 | loss_pnn = 1.695 | loss_cn = 0.00181759 | acc_sim = 0.957 | acc_phy = 0.824 
| epoch = 13 | step =   110 | loss_pnn = 1.695 | loss_cn = 0.00180772 | acc_sim = 0.957 | acc_phy = 0.824 
| epoch = 13 | step =   120 | loss_pnn = 1.695 | loss_cn = 0.00181453 | acc_sim = 0.957 | acc_phy = 0.824 
Phy accuracy of the network on 10000 test images: 0.826


Current training epoch: 14, learning rate for pnn: 0.0005, learning rate for SEPN: 0.0005
| epoch = 14 | step =    10 | loss_pnn = 1.692 | loss_cn = 0.00168697 | acc_sim = 0.957 | acc_phy = 0.830 
| epoch = 14 | step =    20 | loss_pnn = 1.693 | loss_cn = 0.00170257 | acc_sim = 0.958 | acc_phy = 0.829 
| epoch = 14 | step =    30 | loss_pnn = 1.692 | loss_cn = 0.00172121 | acc_sim = 0.956 | acc_phy = 0.832 
| epoch = 14 | step =    40 | loss_pnn = 1.692 | loss_cn = 0.00172519 | acc_sim = 0.956 | acc_phy = 0.832 
| epoch = 14 | step =    50 | loss_pnn = 1.695 | loss_cn = 0.00174568 | acc_sim = 0.955 | acc_phy = 0.827 
| epoch = 14 | step =    60 | loss_pnn = 1.695 | loss_cn = 0.00174928 | acc_sim = 0.956 | acc_phy = 0.828 
| epoch = 14 | step =    70 | loss_pnn = 1.695 | loss_cn = 0.00175746 | acc_sim = 0.957 | acc_phy = 0.826 
| epoch = 14 | step =    80 | loss_pnn = 1.694 | loss_cn = 0.00176659 | acc_sim = 0.957 | acc_phy = 0.828 
| epoch = 14 | step =    90 | loss_pnn = 1.693 | loss_cn = 0.00177267 | acc_sim = 0.957 | acc_phy = 0.828 
| epoch = 14 | step =   100 | loss_pnn = 1.693 | loss_cn = 0.00177114 | acc_sim = 0.957 | acc_phy = 0.828 
| epoch = 14 | step =   110 | loss_pnn = 1.693 | loss_cn = 0.00177442 | acc_sim = 0.957 | acc_phy = 0.827 
| epoch = 14 | step =   120 | loss_pnn = 1.693 | loss_cn = 0.00177591 | acc_sim = 0.957 | acc_phy = 0.827 
Phy accuracy of the network on 10000 test images: 0.836


Current training epoch: 15, learning rate for pnn: 0.0005, learning rate for SEPN: 0.0005
| epoch = 15 | step =    10 | loss_pnn = 1.691 | loss_cn = 0.00170929 | acc_sim = 0.956 | acc_phy = 0.831 
| epoch = 15 | step =    20 | loss_pnn = 1.693 | loss_cn = 0.00173598 | acc_sim = 0.956 | acc_phy = 0.826 
| epoch = 15 | step =    30 | loss_pnn = 1.696 | loss_cn = 0.00175560 | acc_sim = 0.958 | acc_phy = 0.821 
| epoch = 15 | step =    40 | loss_pnn = 1.695 | loss_cn = 0.00174320 | acc_sim = 0.958 | acc_phy = 0.823 
| epoch = 15 | step =    50 | loss_pnn = 1.695 | loss_cn = 0.00174651 | acc_sim = 0.958 | acc_phy = 0.821 
| epoch = 15 | step =    60 | loss_pnn = 1.693 | loss_cn = 0.00173882 | acc_sim = 0.958 | acc_phy = 0.824 
| epoch = 15 | step =    70 | loss_pnn = 1.692 | loss_cn = 0.00174235 | acc_sim = 0.958 | acc_phy = 0.826 
| epoch = 15 | step =    80 | loss_pnn = 1.692 | loss_cn = 0.00173607 | acc_sim = 0.958 | acc_phy = 0.827 
| epoch = 15 | step =    90 | loss_pnn = 1.692 | loss_cn = 0.00173664 | acc_sim = 0.958 | acc_phy = 0.827 
| epoch = 15 | step =   100 | loss_pnn = 1.693 | loss_cn = 0.00174461 | acc_sim = 0.958 | acc_phy = 0.826 
| epoch = 15 | step =   110 | loss_pnn = 1.693 | loss_cn = 0.00174146 | acc_sim = 0.958 | acc_phy = 0.826 
| epoch = 15 | step =   120 | loss_pnn = 1.693 | loss_cn = 0.00173283 | acc_sim = 0.958 | acc_phy = 0.826 
Phy accuracy of the network on 10000 test images: 0.823


Current training epoch: 16, learning rate for pnn: 0.0005, learning rate for SEPN: 0.0005
| epoch = 16 | step =    10 | loss_pnn = 1.694 | loss_cn = 0.00163587 | acc_sim = 0.958 | acc_phy = 0.823 
| epoch = 16 | step =    20 | loss_pnn = 1.692 | loss_cn = 0.00164781 | acc_sim = 0.959 | acc_phy = 0.827 
| epoch = 16 | step =    30 | loss_pnn = 1.690 | loss_cn = 0.00163229 | acc_sim = 0.958 | acc_phy = 0.826 
| epoch = 16 | step =    40 | loss_pnn = 1.692 | loss_cn = 0.00165068 | acc_sim = 0.959 | acc_phy = 0.822 
| epoch = 16 | step =    50 | loss_pnn = 1.690 | loss_cn = 0.00165626 | acc_sim = 0.960 | acc_phy = 0.826 
| epoch = 16 | step =    60 | loss_pnn = 1.691 | loss_cn = 0.00167782 | acc_sim = 0.960 | acc_phy = 0.825 
| epoch = 16 | step =    70 | loss_pnn = 1.692 | loss_cn = 0.00169024 | acc_sim = 0.959 | acc_phy = 0.825 
| epoch = 16 | step =    80 | loss_pnn = 1.692 | loss_cn = 0.00169317 | acc_sim = 0.959 | acc_phy = 0.824 
| epoch = 16 | step =    90 | loss_pnn = 1.691 | loss_cn = 0.00169648 | acc_sim = 0.959 | acc_phy = 0.826 
| epoch = 16 | step =   100 | loss_pnn = 1.691 | loss_cn = 0.00169958 | acc_sim = 0.959 | acc_phy = 0.827 
| epoch = 16 | step =   110 | loss_pnn = 1.691 | loss_cn = 0.00169392 | acc_sim = 0.959 | acc_phy = 0.827 
| epoch = 16 | step =   120 | loss_pnn = 1.690 | loss_cn = 0.00168378 | acc_sim = 0.959 | acc_phy = 0.827 
Phy accuracy of the network on 10000 test images: 0.821


Current training epoch: 17, learning rate for pnn: 0.0005, learning rate for SEPN: 0.0005
| epoch = 17 | step =    10 | loss_pnn = 1.698 | loss_cn = 0.00163230 | acc_sim = 0.956 | acc_phy = 0.816 
| epoch = 17 | step =    20 | loss_pnn = 1.697 | loss_cn = 0.00167514 | acc_sim = 0.958 | acc_phy = 0.814 
| epoch = 17 | step =    30 | loss_pnn = 1.698 | loss_cn = 0.00169740 | acc_sim = 0.958 | acc_phy = 0.815 
| epoch = 17 | step =    40 | loss_pnn = 1.697 | loss_cn = 0.00172430 | acc_sim = 0.958 | acc_phy = 0.819 
| epoch = 17 | step =    50 | loss_pnn = 1.695 | loss_cn = 0.00171317 | acc_sim = 0.958 | acc_phy = 0.821 
| epoch = 17 | step =    60 | loss_pnn = 1.693 | loss_cn = 0.00171836 | acc_sim = 0.958 | acc_phy = 0.824 
| epoch = 17 | step =    70 | loss_pnn = 1.692 | loss_cn = 0.00171466 | acc_sim = 0.958 | acc_phy = 0.825 
| epoch = 17 | step =    80 | loss_pnn = 1.691 | loss_cn = 0.00169825 | acc_sim = 0.958 | acc_phy = 0.827 
| epoch = 17 | step =    90 | loss_pnn = 1.690 | loss_cn = 0.00168850 | acc_sim = 0.959 | acc_phy = 0.828 
| epoch = 17 | step =   100 | loss_pnn = 1.690 | loss_cn = 0.00168631 | acc_sim = 0.959 | acc_phy = 0.827 
| epoch = 17 | step =   110 | loss_pnn = 1.690 | loss_cn = 0.00168823 | acc_sim = 0.959 | acc_phy = 0.828 
| epoch = 17 | step =   120 | loss_pnn = 1.690 | loss_cn = 0.00168887 | acc_sim = 0.959 | acc_phy = 0.828 
Phy accuracy of the network on 10000 test images: 0.824


Current training epoch: 18, learning rate for pnn: 0.0005, learning rate for SEPN: 0.0005
| epoch = 18 | step =    10 | loss_pnn = 1.690 | loss_cn = 0.00161125 | acc_sim = 0.961 | acc_phy = 0.825 
| epoch = 18 | step =    20 | loss_pnn = 1.690 | loss_cn = 0.00164325 | acc_sim = 0.963 | acc_phy = 0.826 
| epoch = 18 | step =    30 | loss_pnn = 1.693 | loss_cn = 0.00164360 | acc_sim = 0.961 | acc_phy = 0.822 
| epoch = 18 | step =    40 | loss_pnn = 1.691 | loss_cn = 0.00166426 | acc_sim = 0.960 | acc_phy = 0.825 
| epoch = 18 | step =    50 | loss_pnn = 1.692 | loss_cn = 0.00164224 | acc_sim = 0.960 | acc_phy = 0.824 
| epoch = 18 | step =    60 | loss_pnn = 1.692 | loss_cn = 0.00163216 | acc_sim = 0.960 | acc_phy = 0.823 
| epoch = 18 | step =    70 | loss_pnn = 1.693 | loss_cn = 0.00163998 | acc_sim = 0.959 | acc_phy = 0.823 
| epoch = 18 | step =    80 | loss_pnn = 1.692 | loss_cn = 0.00164573 | acc_sim = 0.960 | acc_phy = 0.824 
| epoch = 18 | step =    90 | loss_pnn = 1.693 | loss_cn = 0.00165770 | acc_sim = 0.960 | acc_phy = 0.824 
| epoch = 18 | step =   100 | loss_pnn = 1.692 | loss_cn = 0.00165229 | acc_sim = 0.960 | acc_phy = 0.823 
| epoch = 18 | step =   110 | loss_pnn = 1.692 | loss_cn = 0.00165562 | acc_sim = 0.960 | acc_phy = 0.824 
| epoch = 18 | step =   120 | loss_pnn = 1.690 | loss_cn = 0.00165412 | acc_sim = 0.960 | acc_phy = 0.826 
Phy accuracy of the network on 10000 test images: 0.849


Current training epoch: 19, learning rate for pnn: 0.0005, learning rate for SEPN: 0.0005
| epoch = 19 | step =    10 | loss_pnn = 1.684 | loss_cn = 0.00164610 | acc_sim = 0.961 | acc_phy = 0.828 
| epoch = 19 | step =    20 | loss_pnn = 1.686 | loss_cn = 0.00163755 | acc_sim = 0.962 | acc_phy = 0.826 
| epoch = 19 | step =    30 | loss_pnn = 1.686 | loss_cn = 0.00166175 | acc_sim = 0.961 | acc_phy = 0.827 
| epoch = 19 | step =    40 | loss_pnn = 1.686 | loss_cn = 0.00166459 | acc_sim = 0.960 | acc_phy = 0.828 
| epoch = 19 | step =    50 | loss_pnn = 1.686 | loss_cn = 0.00166167 | acc_sim = 0.961 | acc_phy = 0.827 
| epoch = 19 | step =    60 | loss_pnn = 1.688 | loss_cn = 0.00166871 | acc_sim = 0.961 | acc_phy = 0.826 
| epoch = 19 | step =    70 | loss_pnn = 1.688 | loss_cn = 0.00166865 | acc_sim = 0.960 | acc_phy = 0.826 
| epoch = 19 | step =    80 | loss_pnn = 1.688 | loss_cn = 0.00165586 | acc_sim = 0.961 | acc_phy = 0.826 
| epoch = 19 | step =    90 | loss_pnn = 1.688 | loss_cn = 0.00165119 | acc_sim = 0.961 | acc_phy = 0.825 
| epoch = 19 | step =   100 | loss_pnn = 1.689 | loss_cn = 0.00165188 | acc_sim = 0.960 | acc_phy = 0.825 
| epoch = 19 | step =   110 | loss_pnn = 1.689 | loss_cn = 0.00164688 | acc_sim = 0.960 | acc_phy = 0.825 
| epoch = 19 | step =   120 | loss_pnn = 1.688 | loss_cn = 0.00163930 | acc_sim = 0.960 | acc_phy = 0.827 
Phy accuracy of the network on 10000 test images: 0.825


Current training epoch: 20, learning rate for pnn: 0.0005, learning rate for SEPN: 0.0005
| epoch = 20 | step =    10 | loss_pnn = 1.687 | loss_cn = 0.00160746 | acc_sim = 0.964 | acc_phy = 0.835 
| epoch = 20 | step =    20 | loss_pnn = 1.685 | loss_cn = 0.00156333 | acc_sim = 0.962 | acc_phy = 0.835 
| epoch = 20 | step =    30 | loss_pnn = 1.685 | loss_cn = 0.00153982 | acc_sim = 0.960 | acc_phy = 0.833 
| epoch = 20 | step =    40 | loss_pnn = 1.687 | loss_cn = 0.00155750 | acc_sim = 0.959 | acc_phy = 0.830 
| epoch = 20 | step =    50 | loss_pnn = 1.684 | loss_cn = 0.00155731 | acc_sim = 0.961 | acc_phy = 0.833 
| epoch = 20 | step =    60 | loss_pnn = 1.685 | loss_cn = 0.00156449 | acc_sim = 0.961 | acc_phy = 0.833 
| epoch = 20 | step =    70 | loss_pnn = 1.685 | loss_cn = 0.00156511 | acc_sim = 0.961 | acc_phy = 0.832 
| epoch = 20 | step =    80 | loss_pnn = 1.687 | loss_cn = 0.00157081 | acc_sim = 0.961 | acc_phy = 0.831 
| epoch = 20 | step =    90 | loss_pnn = 1.688 | loss_cn = 0.00157789 | acc_sim = 0.960 | acc_phy = 0.829 
| epoch = 20 | step =   100 | loss_pnn = 1.687 | loss_cn = 0.00158141 | acc_sim = 0.961 | acc_phy = 0.830 
| epoch = 20 | step =   110 | loss_pnn = 1.687 | loss_cn = 0.00158358 | acc_sim = 0.961 | acc_phy = 0.830 
| epoch = 20 | step =   120 | loss_pnn = 1.687 | loss_cn = 0.00158126 | acc_sim = 0.961 | acc_phy = 0.830 
Phy accuracy of the network on 10000 test images: 0.828


Current training epoch: 21, learning rate for pnn: 0.00025, learning rate for SEPN: 0.00025
| epoch = 21 | step =    10 | loss_pnn = 1.681 | loss_cn = 0.00155193 | acc_sim = 0.846 | acc_phy = 0.834 
| epoch = 21 | step =    20 | loss_pnn = 1.664 | loss_cn = 0.00149503 | acc_sim = 0.868 | acc_phy = 0.858 
| epoch = 21 | step =    30 | loss_pnn = 1.654 | loss_cn = 0.00153326 | acc_sim = 0.876 | acc_phy = 0.868 
| epoch = 21 | step =    40 | loss_pnn = 1.643 | loss_cn = 0.00152845 | acc_sim = 0.887 | acc_phy = 0.878 
| epoch = 21 | step =    50 | loss_pnn = 1.634 | loss_cn = 0.00151605 | acc_sim = 0.893 | acc_phy = 0.884 
| epoch = 21 | step =    60 | loss_pnn = 1.628 | loss_cn = 0.00151179 | acc_sim = 0.897 | acc_phy = 0.888 
| epoch = 21 | step =    70 | loss_pnn = 1.623 | loss_cn = 0.00150795 | acc_sim = 0.900 | acc_phy = 0.892 
| epoch = 21 | step =    80 | loss_pnn = 1.618 | loss_cn = 0.00149887 | acc_sim = 0.904 | acc_phy = 0.895 
| epoch = 21 | step =    90 | loss_pnn = 1.615 | loss_cn = 0.00149801 | acc_sim = 0.905 | acc_phy = 0.896 
| epoch = 21 | step =   100 | loss_pnn = 1.611 | loss_cn = 0.00149636 | acc_sim = 0.907 | acc_phy = 0.898 
| epoch = 21 | step =   110 | loss_pnn = 1.608 | loss_cn = 0.00148714 | acc_sim = 0.909 | acc_phy = 0.900 
| epoch = 21 | step =   120 | loss_pnn = 1.606 | loss_cn = 0.00148624 | acc_sim = 0.910 | acc_phy = 0.901 
Phy accuracy of the network on 10000 test images: 0.917


Current training epoch: 22, learning rate for pnn: 0.00025, learning rate for SEPN: 0.00025
| epoch = 22 | step =    10 | loss_pnn = 1.575 | loss_cn = 0.00140133 | acc_sim = 0.925 | acc_phy = 0.916 
| epoch = 22 | step =    20 | loss_pnn = 1.575 | loss_cn = 0.00138958 | acc_sim = 0.922 | acc_phy = 0.915 
| epoch = 22 | step =    30 | loss_pnn = 1.575 | loss_cn = 0.00140566 | acc_sim = 0.923 | acc_phy = 0.916 
| epoch = 22 | step =    40 | loss_pnn = 1.574 | loss_cn = 0.00140483 | acc_sim = 0.925 | acc_phy = 0.918 
| epoch = 22 | step =    50 | loss_pnn = 1.571 | loss_cn = 0.00138828 | acc_sim = 0.927 | acc_phy = 0.920 
| epoch = 22 | step =    60 | loss_pnn = 1.570 | loss_cn = 0.00136663 | acc_sim = 0.927 | acc_phy = 0.921 
| epoch = 22 | step =    70 | loss_pnn = 1.570 | loss_cn = 0.00136279 | acc_sim = 0.928 | acc_phy = 0.920 
| epoch = 22 | step =    80 | loss_pnn = 1.569 | loss_cn = 0.00136535 | acc_sim = 0.928 | acc_phy = 0.921 
| epoch = 22 | step =    90 | loss_pnn = 1.569 | loss_cn = 0.00135936 | acc_sim = 0.929 | acc_phy = 0.922 
| epoch = 22 | step =   100 | loss_pnn = 1.568 | loss_cn = 0.00135228 | acc_sim = 0.929 | acc_phy = 0.922 
| epoch = 22 | step =   110 | loss_pnn = 1.568 | loss_cn = 0.00134876 | acc_sim = 0.929 | acc_phy = 0.922 
| epoch = 22 | step =   120 | loss_pnn = 1.567 | loss_cn = 0.00134424 | acc_sim = 0.929 | acc_phy = 0.922 
Phy accuracy of the network on 10000 test images: 0.926


Current training epoch: 23, learning rate for pnn: 0.00025, learning rate for SEPN: 0.00025
| epoch = 23 | step =    10 | loss_pnn = 1.559 | loss_cn = 0.00128569 | acc_sim = 0.934 | acc_phy = 0.928 
| epoch = 23 | step =    20 | loss_pnn = 1.560 | loss_cn = 0.00125769 | acc_sim = 0.931 | acc_phy = 0.926 
| epoch = 23 | step =    30 | loss_pnn = 1.560 | loss_cn = 0.00126026 | acc_sim = 0.933 | acc_phy = 0.927 
| epoch = 23 | step =    40 | loss_pnn = 1.560 | loss_cn = 0.00127593 | acc_sim = 0.932 | acc_phy = 0.927 
| epoch = 23 | step =    50 | loss_pnn = 1.560 | loss_cn = 0.00127105 | acc_sim = 0.932 | acc_phy = 0.927 
| epoch = 23 | step =    60 | loss_pnn = 1.560 | loss_cn = 0.00127243 | acc_sim = 0.932 | acc_phy = 0.927 
| epoch = 23 | step =    70 | loss_pnn = 1.559 | loss_cn = 0.00126612 | acc_sim = 0.933 | acc_phy = 0.927 
| epoch = 23 | step =    80 | loss_pnn = 1.559 | loss_cn = 0.00126160 | acc_sim = 0.933 | acc_phy = 0.927 
| epoch = 23 | step =    90 | loss_pnn = 1.558 | loss_cn = 0.00124647 | acc_sim = 0.934 | acc_phy = 0.928 
| epoch = 23 | step =   100 | loss_pnn = 1.557 | loss_cn = 0.00124055 | acc_sim = 0.934 | acc_phy = 0.929 
| epoch = 23 | step =   110 | loss_pnn = 1.557 | loss_cn = 0.00123978 | acc_sim = 0.935 | acc_phy = 0.929 
| epoch = 23 | step =   120 | loss_pnn = 1.557 | loss_cn = 0.00123918 | acc_sim = 0.935 | acc_phy = 0.929 
Phy accuracy of the network on 10000 test images: 0.933


Current training epoch: 24, learning rate for pnn: 0.00025, learning rate for SEPN: 0.00025
| epoch = 24 | step =    10 | loss_pnn = 1.554 | loss_cn = 0.00118932 | acc_sim = 0.933 | acc_phy = 0.929 
| epoch = 24 | step =    20 | loss_pnn = 1.553 | loss_cn = 0.00120172 | acc_sim = 0.935 | acc_phy = 0.932 
| epoch = 24 | step =    30 | loss_pnn = 1.552 | loss_cn = 0.00116158 | acc_sim = 0.936 | acc_phy = 0.932 
| epoch = 24 | step =    40 | loss_pnn = 1.553 | loss_cn = 0.00118935 | acc_sim = 0.936 | acc_phy = 0.931 
| epoch = 24 | step =    50 | loss_pnn = 1.552 | loss_cn = 0.00118758 | acc_sim = 0.936 | acc_phy = 0.931 
| epoch = 24 | step =    60 | loss_pnn = 1.552 | loss_cn = 0.00118947 | acc_sim = 0.936 | acc_phy = 0.931 
| epoch = 24 | step =    70 | loss_pnn = 1.552 | loss_cn = 0.00118834 | acc_sim = 0.936 | acc_phy = 0.931 
| epoch = 24 | step =    80 | loss_pnn = 1.552 | loss_cn = 0.00118796 | acc_sim = 0.937 | acc_phy = 0.931 
| epoch = 24 | step =    90 | loss_pnn = 1.551 | loss_cn = 0.00118032 | acc_sim = 0.937 | acc_phy = 0.932 
| epoch = 24 | step =   100 | loss_pnn = 1.551 | loss_cn = 0.00117634 | acc_sim = 0.937 | acc_phy = 0.932 
| epoch = 24 | step =   110 | loss_pnn = 1.551 | loss_cn = 0.00117606 | acc_sim = 0.937 | acc_phy = 0.931 
| epoch = 24 | step =   120 | loss_pnn = 1.551 | loss_cn = 0.00116597 | acc_sim = 0.938 | acc_phy = 0.932 
Phy accuracy of the network on 10000 test images: 0.934


Current training epoch: 25, learning rate for pnn: 0.00025, learning rate for SEPN: 0.00025
| epoch = 25 | step =    10 | loss_pnn = 1.552 | loss_cn = 0.00109933 | acc_sim = 0.936 | acc_phy = 0.930 
| epoch = 25 | step =    20 | loss_pnn = 1.550 | loss_cn = 0.00109594 | acc_sim = 0.937 | acc_phy = 0.932 
| epoch = 25 | step =    30 | loss_pnn = 1.550 | loss_cn = 0.00109895 | acc_sim = 0.938 | acc_phy = 0.933 
| epoch = 25 | step =    40 | loss_pnn = 1.550 | loss_cn = 0.00109305 | acc_sim = 0.938 | acc_phy = 0.934 
| epoch = 25 | step =    50 | loss_pnn = 1.549 | loss_cn = 0.00110586 | acc_sim = 0.939 | acc_phy = 0.935 
| epoch = 25 | step =    60 | loss_pnn = 1.548 | loss_cn = 0.00108821 | acc_sim = 0.940 | acc_phy = 0.935 
| epoch = 25 | step =    70 | loss_pnn = 1.548 | loss_cn = 0.00107898 | acc_sim = 0.940 | acc_phy = 0.935 
| epoch = 25 | step =    80 | loss_pnn = 1.548 | loss_cn = 0.00108683 | acc_sim = 0.940 | acc_phy = 0.934 
| epoch = 25 | step =    90 | loss_pnn = 1.548 | loss_cn = 0.00109990 | acc_sim = 0.939 | acc_phy = 0.934 
| epoch = 25 | step =   100 | loss_pnn = 1.548 | loss_cn = 0.00109989 | acc_sim = 0.939 | acc_phy = 0.934 
| epoch = 25 | step =   110 | loss_pnn = 1.548 | loss_cn = 0.00110785 | acc_sim = 0.939 | acc_phy = 0.934 
| epoch = 25 | step =   120 | loss_pnn = 1.547 | loss_cn = 0.00111122 | acc_sim = 0.940 | acc_phy = 0.934 
Phy accuracy of the network on 10000 test images: 0.935


Current training epoch: 26, learning rate for pnn: 0.00025, learning rate for SEPN: 0.00025
| epoch = 26 | step =    10 | loss_pnn = 1.543 | loss_cn = 0.00100978 | acc_sim = 0.941 | acc_phy = 0.935 
| epoch = 26 | step =    20 | loss_pnn = 1.547 | loss_cn = 0.00107919 | acc_sim = 0.939 | acc_phy = 0.932 
| epoch = 26 | step =    30 | loss_pnn = 1.545 | loss_cn = 0.00105621 | acc_sim = 0.940 | acc_phy = 0.934 
| epoch = 26 | step =    40 | loss_pnn = 1.545 | loss_cn = 0.00106953 | acc_sim = 0.941 | acc_phy = 0.935 
| epoch = 26 | step =    50 | loss_pnn = 1.545 | loss_cn = 0.00106163 | acc_sim = 0.941 | acc_phy = 0.936 
| epoch = 26 | step =    60 | loss_pnn = 1.545 | loss_cn = 0.00107431 | acc_sim = 0.940 | acc_phy = 0.935 
| epoch = 26 | step =    70 | loss_pnn = 1.545 | loss_cn = 0.00107607 | acc_sim = 0.941 | acc_phy = 0.935 
| epoch = 26 | step =    80 | loss_pnn = 1.545 | loss_cn = 0.00107113 | acc_sim = 0.941 | acc_phy = 0.935 
| epoch = 26 | step =    90 | loss_pnn = 1.545 | loss_cn = 0.00107450 | acc_sim = 0.941 | acc_phy = 0.935 
| epoch = 26 | step =   100 | loss_pnn = 1.545 | loss_cn = 0.00107560 | acc_sim = 0.941 | acc_phy = 0.936 
| epoch = 26 | step =   110 | loss_pnn = 1.545 | loss_cn = 0.00107029 | acc_sim = 0.941 | acc_phy = 0.936 
| epoch = 26 | step =   120 | loss_pnn = 1.545 | loss_cn = 0.00107817 | acc_sim = 0.941 | acc_phy = 0.935 
Phy accuracy of the network on 10000 test images: 0.936


Current training epoch: 27, learning rate for pnn: 0.00025, learning rate for SEPN: 0.00025
| epoch = 27 | step =    10 | loss_pnn = 1.544 | loss_cn = 0.00098599 | acc_sim = 0.939 | acc_phy = 0.935 
| epoch = 27 | step =    20 | loss_pnn = 1.544 | loss_cn = 0.00104954 | acc_sim = 0.940 | acc_phy = 0.935 
| epoch = 27 | step =    30 | loss_pnn = 1.543 | loss_cn = 0.00101915 | acc_sim = 0.941 | acc_phy = 0.936 
| epoch = 27 | step =    40 | loss_pnn = 1.543 | loss_cn = 0.00103075 | acc_sim = 0.941 | acc_phy = 0.936 
| epoch = 27 | step =    50 | loss_pnn = 1.544 | loss_cn = 0.00104137 | acc_sim = 0.941 | acc_phy = 0.936 
| epoch = 27 | step =    60 | loss_pnn = 1.543 | loss_cn = 0.00102817 | acc_sim = 0.942 | acc_phy = 0.937 
| epoch = 27 | step =    70 | loss_pnn = 1.542 | loss_cn = 0.00101647 | acc_sim = 0.943 | acc_phy = 0.938 
| epoch = 27 | step =    80 | loss_pnn = 1.543 | loss_cn = 0.00101449 | acc_sim = 0.942 | acc_phy = 0.937 
| epoch = 27 | step =    90 | loss_pnn = 1.543 | loss_cn = 0.00101661 | acc_sim = 0.942 | acc_phy = 0.937 
| epoch = 27 | step =   100 | loss_pnn = 1.543 | loss_cn = 0.00102148 | acc_sim = 0.942 | acc_phy = 0.937 
| epoch = 27 | step =   110 | loss_pnn = 1.543 | loss_cn = 0.00102263 | acc_sim = 0.942 | acc_phy = 0.937 
| epoch = 27 | step =   120 | loss_pnn = 1.543 | loss_cn = 0.00102893 | acc_sim = 0.942 | acc_phy = 0.937 
Phy accuracy of the network on 10000 test images: 0.938


Current training epoch: 28, learning rate for pnn: 0.00025, learning rate for SEPN: 0.00025
| epoch = 28 | step =    10 | loss_pnn = 1.544 | loss_cn = 0.00099650 | acc_sim = 0.939 | acc_phy = 0.935 
| epoch = 28 | step =    20 | loss_pnn = 1.542 | loss_cn = 0.00097149 | acc_sim = 0.941 | acc_phy = 0.937 
| epoch = 28 | step =    30 | loss_pnn = 1.543 | loss_cn = 0.00100605 | acc_sim = 0.941 | acc_phy = 0.936 
| epoch = 28 | step =    40 | loss_pnn = 1.542 | loss_cn = 0.00100069 | acc_sim = 0.942 | acc_phy = 0.937 
| epoch = 28 | step =    50 | loss_pnn = 1.542 | loss_cn = 0.00098573 | acc_sim = 0.942 | acc_phy = 0.938 
| epoch = 28 | step =    60 | loss_pnn = 1.541 | loss_cn = 0.00098284 | acc_sim = 0.943 | acc_phy = 0.938 
| epoch = 28 | step =    70 | loss_pnn = 1.541 | loss_cn = 0.00098164 | acc_sim = 0.944 | acc_phy = 0.938 
| epoch = 28 | step =    80 | loss_pnn = 1.541 | loss_cn = 0.00098625 | acc_sim = 0.944 | acc_phy = 0.938 
| epoch = 28 | step =    90 | loss_pnn = 1.541 | loss_cn = 0.00098203 | acc_sim = 0.944 | acc_phy = 0.938 
| epoch = 28 | step =   100 | loss_pnn = 1.541 | loss_cn = 0.00099033 | acc_sim = 0.943 | acc_phy = 0.938 
| epoch = 28 | step =   110 | loss_pnn = 1.541 | loss_cn = 0.00099405 | acc_sim = 0.943 | acc_phy = 0.938 
| epoch = 28 | step =   120 | loss_pnn = 1.542 | loss_cn = 0.00099221 | acc_sim = 0.943 | acc_phy = 0.937 
Phy accuracy of the network on 10000 test images: 0.939


Current training epoch: 29, learning rate for pnn: 0.00025, learning rate for SEPN: 0.00025
| epoch = 29 | step =    10 | loss_pnn = 1.542 | loss_cn = 0.00089845 | acc_sim = 0.944 | acc_phy = 0.937 
| epoch = 29 | step =    20 | loss_pnn = 1.541 | loss_cn = 0.00090250 | acc_sim = 0.944 | acc_phy = 0.937 
| epoch = 29 | step =    30 | loss_pnn = 1.541 | loss_cn = 0.00091783 | acc_sim = 0.944 | acc_phy = 0.938 
| epoch = 29 | step =    40 | loss_pnn = 1.540 | loss_cn = 0.00091430 | acc_sim = 0.945 | acc_phy = 0.939 
| epoch = 29 | step =    50 | loss_pnn = 1.540 | loss_cn = 0.00093265 | acc_sim = 0.944 | acc_phy = 0.939 
| epoch = 29 | step =    60 | loss_pnn = 1.541 | loss_cn = 0.00093905 | acc_sim = 0.943 | acc_phy = 0.938 
| epoch = 29 | step =    70 | loss_pnn = 1.541 | loss_cn = 0.00093296 | acc_sim = 0.943 | acc_phy = 0.938 
| epoch = 29 | step =    80 | loss_pnn = 1.540 | loss_cn = 0.00093679 | acc_sim = 0.944 | acc_phy = 0.939 
| epoch = 29 | step =    90 | loss_pnn = 1.540 | loss_cn = 0.00093805 | acc_sim = 0.944 | acc_phy = 0.939 
| epoch = 29 | step =   100 | loss_pnn = 1.540 | loss_cn = 0.00094373 | acc_sim = 0.944 | acc_phy = 0.939 
| epoch = 29 | step =   110 | loss_pnn = 1.540 | loss_cn = 0.00094409 | acc_sim = 0.944 | acc_phy = 0.939 
| epoch = 29 | step =   120 | loss_pnn = 1.540 | loss_cn = 0.00094792 | acc_sim = 0.944 | acc_phy = 0.938 
Phy accuracy of the network on 10000 test images: 0.940


Current training epoch: 30, learning rate for pnn: 0.00025, learning rate for SEPN: 0.00025
| epoch = 30 | step =    10 | loss_pnn = 1.542 | loss_cn = 0.00088320 | acc_sim = 0.941 | acc_phy = 0.938 
| epoch = 30 | step =    20 | loss_pnn = 1.541 | loss_cn = 0.00087988 | acc_sim = 0.942 | acc_phy = 0.939 
| epoch = 30 | step =    30 | loss_pnn = 1.540 | loss_cn = 0.00089636 | acc_sim = 0.943 | acc_phy = 0.939 
| epoch = 30 | step =    40 | loss_pnn = 1.540 | loss_cn = 0.00091177 | acc_sim = 0.943 | acc_phy = 0.939 
| epoch = 30 | step =    50 | loss_pnn = 1.540 | loss_cn = 0.00090668 | acc_sim = 0.943 | acc_phy = 0.939 
| epoch = 30 | step =    60 | loss_pnn = 1.540 | loss_cn = 0.00090974 | acc_sim = 0.944 | acc_phy = 0.939 
| epoch = 30 | step =    70 | loss_pnn = 1.539 | loss_cn = 0.00091655 | acc_sim = 0.944 | acc_phy = 0.939 
| epoch = 30 | step =    80 | loss_pnn = 1.540 | loss_cn = 0.00092294 | acc_sim = 0.944 | acc_phy = 0.939 
| epoch = 30 | step =    90 | loss_pnn = 1.539 | loss_cn = 0.00092022 | acc_sim = 0.945 | acc_phy = 0.940 
| epoch = 30 | step =   100 | loss_pnn = 1.539 | loss_cn = 0.00092260 | acc_sim = 0.944 | acc_phy = 0.940 
| epoch = 30 | step =   110 | loss_pnn = 1.539 | loss_cn = 0.00093113 | acc_sim = 0.944 | acc_phy = 0.939 
| epoch = 30 | step =   120 | loss_pnn = 1.539 | loss_cn = 0.00093308 | acc_sim = 0.944 | acc_phy = 0.939 
Phy accuracy of the network on 10000 test images: 0.941


Current training epoch: 31, learning rate for pnn: 0.000125, learning rate for SEPN: 0.000125
| epoch = 31 | step =    10 | loss_pnn = 1.538 | loss_cn = 0.00097796 | acc_sim = 0.945 | acc_phy = 0.942 
| epoch = 31 | step =    20 | loss_pnn = 1.538 | loss_cn = 0.00090968 | acc_sim = 0.945 | acc_phy = 0.941 
| epoch = 31 | step =    30 | loss_pnn = 1.539 | loss_cn = 0.00092354 | acc_sim = 0.945 | acc_phy = 0.940 
| epoch = 31 | step =    40 | loss_pnn = 1.538 | loss_cn = 0.00090337 | acc_sim = 0.945 | acc_phy = 0.940 
| epoch = 31 | step =    50 | loss_pnn = 1.539 | loss_cn = 0.00090108 | acc_sim = 0.944 | acc_phy = 0.939 
| epoch = 31 | step =    60 | loss_pnn = 1.539 | loss_cn = 0.00089318 | acc_sim = 0.944 | acc_phy = 0.939 
| epoch = 31 | step =    70 | loss_pnn = 1.538 | loss_cn = 0.00088427 | acc_sim = 0.945 | acc_phy = 0.940 
| epoch = 31 | step =    80 | loss_pnn = 1.539 | loss_cn = 0.00088725 | acc_sim = 0.945 | acc_phy = 0.940 
| epoch = 31 | step =    90 | loss_pnn = 1.539 | loss_cn = 0.00088545 | acc_sim = 0.945 | acc_phy = 0.940 
| epoch = 31 | step =   100 | loss_pnn = 1.538 | loss_cn = 0.00088525 | acc_sim = 0.945 | acc_phy = 0.940 
| epoch = 31 | step =   110 | loss_pnn = 1.538 | loss_cn = 0.00088445 | acc_sim = 0.945 | acc_phy = 0.940 
| epoch = 31 | step =   120 | loss_pnn = 1.539 | loss_cn = 0.00088401 | acc_sim = 0.944 | acc_phy = 0.940 
Phy accuracy of the network on 10000 test images: 0.941


Current training epoch: 32, learning rate for pnn: 0.000125, learning rate for SEPN: 0.000125
| epoch = 32 | step =    10 | loss_pnn = 1.539 | loss_cn = 0.00079757 | acc_sim = 0.944 | acc_phy = 0.941 
| epoch = 32 | step =    20 | loss_pnn = 1.537 | loss_cn = 0.00082378 | acc_sim = 0.947 | acc_phy = 0.943 
| epoch = 32 | step =    30 | loss_pnn = 1.538 | loss_cn = 0.00082759 | acc_sim = 0.947 | acc_phy = 0.943 
| epoch = 32 | step =    40 | loss_pnn = 1.538 | loss_cn = 0.00083303 | acc_sim = 0.947 | acc_phy = 0.943 
| epoch = 32 | step =    50 | loss_pnn = 1.538 | loss_cn = 0.00085261 | acc_sim = 0.946 | acc_phy = 0.942 
| epoch = 32 | step =    60 | loss_pnn = 1.539 | loss_cn = 0.00084870 | acc_sim = 0.945 | acc_phy = 0.941 
| epoch = 32 | step =    70 | loss_pnn = 1.538 | loss_cn = 0.00084958 | acc_sim = 0.945 | acc_phy = 0.941 
| epoch = 32 | step =    80 | loss_pnn = 1.538 | loss_cn = 0.00085261 | acc_sim = 0.946 | acc_phy = 0.941 
| epoch = 32 | step =    90 | loss_pnn = 1.538 | loss_cn = 0.00085549 | acc_sim = 0.946 | acc_phy = 0.941 
| epoch = 32 | step =   100 | loss_pnn = 1.538 | loss_cn = 0.00085777 | acc_sim = 0.945 | acc_phy = 0.941 
| epoch = 32 | step =   110 | loss_pnn = 1.538 | loss_cn = 0.00086277 | acc_sim = 0.945 | acc_phy = 0.940 
| epoch = 32 | step =   120 | loss_pnn = 1.538 | loss_cn = 0.00086082 | acc_sim = 0.945 | acc_phy = 0.940 
Phy accuracy of the network on 10000 test images: 0.942


Current training epoch: 33, learning rate for pnn: 0.000125, learning rate for SEPN: 0.000125
| epoch = 33 | step =    10 | loss_pnn = 1.538 | loss_cn = 0.00080742 | acc_sim = 0.943 | acc_phy = 0.938 
| epoch = 33 | step =    20 | loss_pnn = 1.538 | loss_cn = 0.00083319 | acc_sim = 0.944 | acc_phy = 0.940 
| epoch = 33 | step =    30 | loss_pnn = 1.539 | loss_cn = 0.00083417 | acc_sim = 0.944 | acc_phy = 0.939 
| epoch = 33 | step =    40 | loss_pnn = 1.537 | loss_cn = 0.00083650 | acc_sim = 0.946 | acc_phy = 0.941 
| epoch = 33 | step =    50 | loss_pnn = 1.537 | loss_cn = 0.00083723 | acc_sim = 0.946 | acc_phy = 0.942 
| epoch = 33 | step =    60 | loss_pnn = 1.537 | loss_cn = 0.00084613 | acc_sim = 0.945 | acc_phy = 0.941 
| epoch = 33 | step =    70 | loss_pnn = 1.537 | loss_cn = 0.00083813 | acc_sim = 0.946 | acc_phy = 0.942 
| epoch = 33 | step =    80 | loss_pnn = 1.537 | loss_cn = 0.00084259 | acc_sim = 0.946 | acc_phy = 0.942 
| epoch = 33 | step =    90 | loss_pnn = 1.538 | loss_cn = 0.00085145 | acc_sim = 0.945 | acc_phy = 0.941 
| epoch = 33 | step =   100 | loss_pnn = 1.538 | loss_cn = 0.00085418 | acc_sim = 0.944 | acc_phy = 0.940 
| epoch = 33 | step =   110 | loss_pnn = 1.538 | loss_cn = 0.00085257 | acc_sim = 0.945 | acc_phy = 0.941 
| epoch = 33 | step =   120 | loss_pnn = 1.538 | loss_cn = 0.00084880 | acc_sim = 0.944 | acc_phy = 0.940 
Phy accuracy of the network on 10000 test images: 0.943


Current training epoch: 34, learning rate for pnn: 0.000125, learning rate for SEPN: 0.000125
| epoch = 34 | step =    10 | loss_pnn = 1.534 | loss_cn = 0.00075559 | acc_sim = 0.947 | acc_phy = 0.943 
| epoch = 34 | step =    20 | loss_pnn = 1.536 | loss_cn = 0.00082311 | acc_sim = 0.945 | acc_phy = 0.942 
| epoch = 34 | step =    30 | loss_pnn = 1.536 | loss_cn = 0.00085155 | acc_sim = 0.946 | acc_phy = 0.942 
| epoch = 34 | step =    40 | loss_pnn = 1.538 | loss_cn = 0.00085586 | acc_sim = 0.945 | acc_phy = 0.941 
| epoch = 34 | step =    50 | loss_pnn = 1.538 | loss_cn = 0.00085264 | acc_sim = 0.944 | acc_phy = 0.941 
| epoch = 34 | step =    60 | loss_pnn = 1.538 | loss_cn = 0.00083926 | acc_sim = 0.945 | acc_phy = 0.941 
| epoch = 34 | step =    70 | loss_pnn = 1.538 | loss_cn = 0.00085054 | acc_sim = 0.944 | acc_phy = 0.941 
| epoch = 34 | step =    80 | loss_pnn = 1.538 | loss_cn = 0.00084661 | acc_sim = 0.945 | acc_phy = 0.941 
| epoch = 34 | step =    90 | loss_pnn = 1.538 | loss_cn = 0.00084104 | acc_sim = 0.945 | acc_phy = 0.941 
| epoch = 34 | step =   100 | loss_pnn = 1.538 | loss_cn = 0.00083669 | acc_sim = 0.945 | acc_phy = 0.941 
| epoch = 34 | step =   110 | loss_pnn = 1.538 | loss_cn = 0.00083570 | acc_sim = 0.945 | acc_phy = 0.941 
| epoch = 34 | step =   120 | loss_pnn = 1.538 | loss_cn = 0.00084443 | acc_sim = 0.945 | acc_phy = 0.941 
Phy accuracy of the network on 10000 test images: 0.942


Current training epoch: 35, learning rate for pnn: 0.000125, learning rate for SEPN: 0.000125
| epoch = 35 | step =    10 | loss_pnn = 1.538 | loss_cn = 0.00084409 | acc_sim = 0.946 | acc_phy = 0.942 
| epoch = 35 | step =    20 | loss_pnn = 1.540 | loss_cn = 0.00085205 | acc_sim = 0.943 | acc_phy = 0.938 
| epoch = 35 | step =    30 | loss_pnn = 1.539 | loss_cn = 0.00084522 | acc_sim = 0.943 | acc_phy = 0.938 
| epoch = 35 | step =    40 | loss_pnn = 1.540 | loss_cn = 0.00083532 | acc_sim = 0.943 | acc_phy = 0.938 
| epoch = 35 | step =    50 | loss_pnn = 1.540 | loss_cn = 0.00083377 | acc_sim = 0.943 | acc_phy = 0.939 
| epoch = 35 | step =    60 | loss_pnn = 1.539 | loss_cn = 0.00082760 | acc_sim = 0.944 | acc_phy = 0.940 
| epoch = 35 | step =    70 | loss_pnn = 1.539 | loss_cn = 0.00083311 | acc_sim = 0.944 | acc_phy = 0.940 
| epoch = 35 | step =    80 | loss_pnn = 1.538 | loss_cn = 0.00083629 | acc_sim = 0.945 | acc_phy = 0.940 
| epoch = 35 | step =    90 | loss_pnn = 1.538 | loss_cn = 0.00084455 | acc_sim = 0.945 | acc_phy = 0.941 
| epoch = 35 | step =   100 | loss_pnn = 1.538 | loss_cn = 0.00084405 | acc_sim = 0.945 | acc_phy = 0.941 
| epoch = 35 | step =   110 | loss_pnn = 1.538 | loss_cn = 0.00084045 | acc_sim = 0.945 | acc_phy = 0.941 
| epoch = 35 | step =   120 | loss_pnn = 1.538 | loss_cn = 0.00084078 | acc_sim = 0.945 | acc_phy = 0.941 
Phy accuracy of the network on 10000 test images: 0.942


Current training epoch: 36, learning rate for pnn: 0.000125, learning rate for SEPN: 0.000125
| epoch = 36 | step =    10 | loss_pnn = 1.534 | loss_cn = 0.00079415 | acc_sim = 0.951 | acc_phy = 0.946 
| epoch = 36 | step =    20 | loss_pnn = 1.537 | loss_cn = 0.00085509 | acc_sim = 0.948 | acc_phy = 0.944 
| epoch = 36 | step =    30 | loss_pnn = 1.539 | loss_cn = 0.00084509 | acc_sim = 0.946 | acc_phy = 0.942 
| epoch = 36 | step =    40 | loss_pnn = 1.538 | loss_cn = 0.00083202 | acc_sim = 0.946 | acc_phy = 0.941 
| epoch = 36 | step =    50 | loss_pnn = 1.538 | loss_cn = 0.00082508 | acc_sim = 0.945 | acc_phy = 0.941 
| epoch = 36 | step =    60 | loss_pnn = 1.538 | loss_cn = 0.00082416 | acc_sim = 0.945 | acc_phy = 0.941 
| epoch = 36 | step =    70 | loss_pnn = 1.538 | loss_cn = 0.00082606 | acc_sim = 0.945 | acc_phy = 0.941 
| epoch = 36 | step =    80 | loss_pnn = 1.538 | loss_cn = 0.00083214 | acc_sim = 0.946 | acc_phy = 0.941 
| epoch = 36 | step =    90 | loss_pnn = 1.538 | loss_cn = 0.00083511 | acc_sim = 0.945 | acc_phy = 0.941 
| epoch = 36 | step =   100 | loss_pnn = 1.538 | loss_cn = 0.00084135 | acc_sim = 0.945 | acc_phy = 0.941 
| epoch = 36 | step =   110 | loss_pnn = 1.538 | loss_cn = 0.00084295 | acc_sim = 0.945 | acc_phy = 0.941 
| epoch = 36 | step =   120 | loss_pnn = 1.538 | loss_cn = 0.00083992 | acc_sim = 0.945 | acc_phy = 0.941 
Phy accuracy of the network on 10000 test images: 0.942


Current training epoch: 37, learning rate for pnn: 0.000125, learning rate for SEPN: 0.000125
| epoch = 37 | step =    10 | loss_pnn = 1.540 | loss_cn = 0.00084737 | acc_sim = 0.942 | acc_phy = 0.938 
| epoch = 37 | step =    20 | loss_pnn = 1.540 | loss_cn = 0.00082557 | acc_sim = 0.941 | acc_phy = 0.938 
| epoch = 37 | step =    30 | loss_pnn = 1.540 | loss_cn = 0.00084310 | acc_sim = 0.942 | acc_phy = 0.938 
| epoch = 37 | step =    40 | loss_pnn = 1.539 | loss_cn = 0.00083356 | acc_sim = 0.944 | acc_phy = 0.940 
| epoch = 37 | step =    50 | loss_pnn = 1.539 | loss_cn = 0.00083710 | acc_sim = 0.944 | acc_phy = 0.940 
| epoch = 37 | step =    60 | loss_pnn = 1.540 | loss_cn = 0.00083897 | acc_sim = 0.943 | acc_phy = 0.939 
| epoch = 37 | step =    70 | loss_pnn = 1.539 | loss_cn = 0.00083470 | acc_sim = 0.944 | acc_phy = 0.940 
| epoch = 37 | step =    80 | loss_pnn = 1.539 | loss_cn = 0.00084085 | acc_sim = 0.945 | acc_phy = 0.941 
| epoch = 37 | step =    90 | loss_pnn = 1.539 | loss_cn = 0.00084530 | acc_sim = 0.945 | acc_phy = 0.941 
| epoch = 37 | step =   100 | loss_pnn = 1.538 | loss_cn = 0.00084964 | acc_sim = 0.945 | acc_phy = 0.941 
| epoch = 37 | step =   110 | loss_pnn = 1.538 | loss_cn = 0.00084750 | acc_sim = 0.945 | acc_phy = 0.941 
| epoch = 37 | step =   120 | loss_pnn = 1.538 | loss_cn = 0.00085013 | acc_sim = 0.945 | acc_phy = 0.941 
Phy accuracy of the network on 10000 test images: 0.942


Current training epoch: 38, learning rate for pnn: 0.000125, learning rate for SEPN: 0.000125
| epoch = 38 | step =    10 | loss_pnn = 1.537 | loss_cn = 0.00081665 | acc_sim = 0.946 | acc_phy = 0.942 
| epoch = 38 | step =    20 | loss_pnn = 1.540 | loss_cn = 0.00085250 | acc_sim = 0.944 | acc_phy = 0.940 
| epoch = 38 | step =    30 | loss_pnn = 1.540 | loss_cn = 0.00086282 | acc_sim = 0.944 | acc_phy = 0.939 
| epoch = 38 | step =    40 | loss_pnn = 1.540 | loss_cn = 0.00085192 | acc_sim = 0.944 | acc_phy = 0.940 
| epoch = 38 | step =    50 | loss_pnn = 1.540 | loss_cn = 0.00086490 | acc_sim = 0.945 | acc_phy = 0.941 
| epoch = 38 | step =    60 | loss_pnn = 1.540 | loss_cn = 0.00087101 | acc_sim = 0.944 | acc_phy = 0.940 
| epoch = 38 | step =    70 | loss_pnn = 1.540 | loss_cn = 0.00086750 | acc_sim = 0.944 | acc_phy = 0.940 
| epoch = 38 | step =    80 | loss_pnn = 1.540 | loss_cn = 0.00086450 | acc_sim = 0.944 | acc_phy = 0.941 
| epoch = 38 | step =    90 | loss_pnn = 1.539 | loss_cn = 0.00086213 | acc_sim = 0.945 | acc_phy = 0.941 
| epoch = 38 | step =   100 | loss_pnn = 1.540 | loss_cn = 0.00086864 | acc_sim = 0.945 | acc_phy = 0.941 
| epoch = 38 | step =   110 | loss_pnn = 1.539 | loss_cn = 0.00087701 | acc_sim = 0.945 | acc_phy = 0.942 
| epoch = 38 | step =   120 | loss_pnn = 1.539 | loss_cn = 0.00087294 | acc_sim = 0.945 | acc_phy = 0.942 
Phy accuracy of the network on 10000 test images: 0.942


Current training epoch: 39, learning rate for pnn: 0.000125, learning rate for SEPN: 0.000125
| epoch = 39 | step =    10 | loss_pnn = 1.539 | loss_cn = 0.00086237 | acc_sim = 0.944 | acc_phy = 0.941 
| epoch = 39 | step =    20 | loss_pnn = 1.540 | loss_cn = 0.00088517 | acc_sim = 0.943 | acc_phy = 0.940 
| epoch = 39 | step =    30 | loss_pnn = 1.538 | loss_cn = 0.00086944 | acc_sim = 0.947 | acc_phy = 0.943 
| epoch = 39 | step =    40 | loss_pnn = 1.538 | loss_cn = 0.00087543 | acc_sim = 0.948 | acc_phy = 0.944 
| epoch = 39 | step =    50 | loss_pnn = 1.539 | loss_cn = 0.00088357 | acc_sim = 0.946 | acc_phy = 0.942 
| epoch = 39 | step =    60 | loss_pnn = 1.539 | loss_cn = 0.00087798 | acc_sim = 0.946 | acc_phy = 0.942 
| epoch = 39 | step =    70 | loss_pnn = 1.539 | loss_cn = 0.00087770 | acc_sim = 0.946 | acc_phy = 0.942 
| epoch = 39 | step =    80 | loss_pnn = 1.540 | loss_cn = 0.00089503 | acc_sim = 0.946 | acc_phy = 0.942 
| epoch = 39 | step =    90 | loss_pnn = 1.540 | loss_cn = 0.00089893 | acc_sim = 0.946 | acc_phy = 0.942 
| epoch = 39 | step =   100 | loss_pnn = 1.540 | loss_cn = 0.00089889 | acc_sim = 0.946 | acc_phy = 0.942 
| epoch = 39 | step =   110 | loss_pnn = 1.540 | loss_cn = 0.00090534 | acc_sim = 0.946 | acc_phy = 0.942 
| epoch = 39 | step =   120 | loss_pnn = 1.541 | loss_cn = 0.00091101 | acc_sim = 0.945 | acc_phy = 0.941 
Phy accuracy of the network on 10000 test images: 0.942


Current training epoch: 40, learning rate for pnn: 0.000125, learning rate for SEPN: 0.000125
| epoch = 40 | step =    10 | loss_pnn = 1.547 | loss_cn = 0.00096657 | acc_sim = 0.943 | acc_phy = 0.937 
| epoch = 40 | step =    20 | loss_pnn = 1.545 | loss_cn = 0.00095369 | acc_sim = 0.943 | acc_phy = 0.939 
| epoch = 40 | step =    30 | loss_pnn = 1.543 | loss_cn = 0.00092298 | acc_sim = 0.945 | acc_phy = 0.941 
| epoch = 40 | step =    40 | loss_pnn = 1.543 | loss_cn = 0.00093165 | acc_sim = 0.945 | acc_phy = 0.941 
| epoch = 40 | step =    50 | loss_pnn = 1.543 | loss_cn = 0.00094677 | acc_sim = 0.945 | acc_phy = 0.941 
| epoch = 40 | step =    60 | loss_pnn = 1.543 | loss_cn = 0.00096099 | acc_sim = 0.945 | acc_phy = 0.941 
| epoch = 40 | step =    70 | loss_pnn = 1.543 | loss_cn = 0.00096642 | acc_sim = 0.946 | acc_phy = 0.941 
| epoch = 40 | step =    80 | loss_pnn = 1.544 | loss_cn = 0.00097839 | acc_sim = 0.945 | acc_phy = 0.941 
| epoch = 40 | step =    90 | loss_pnn = 1.544 | loss_cn = 0.00098968 | acc_sim = 0.945 | acc_phy = 0.941 
| epoch = 40 | step =   100 | loss_pnn = 1.544 | loss_cn = 0.00099361 | acc_sim = 0.945 | acc_phy = 0.941 
| epoch = 40 | step =   110 | loss_pnn = 1.544 | loss_cn = 0.00100355 | acc_sim = 0.945 | acc_phy = 0.941 
| epoch = 40 | step =   120 | loss_pnn = 1.545 | loss_cn = 0.00101060 | acc_sim = 0.945 | acc_phy = 0.941 
Phy accuracy of the network on 10000 test images: 0.941


Current training epoch: 41, learning rate for pnn: 6.25e-05, learning rate for SEPN: 6.25e-05
| epoch = 41 | step =    10 | loss_pnn = 1.547 | loss_cn = 0.00108134 | acc_sim = 0.945 | acc_phy = 0.943 
| epoch = 41 | step =    20 | loss_pnn = 1.549 | loss_cn = 0.00113789 | acc_sim = 0.945 | acc_phy = 0.942 
| epoch = 41 | step =    30 | loss_pnn = 1.551 | loss_cn = 0.00112437 | acc_sim = 0.944 | acc_phy = 0.941 
| epoch = 41 | step =    40 | loss_pnn = 1.551 | loss_cn = 0.00110658 | acc_sim = 0.944 | acc_phy = 0.941 
| epoch = 41 | step =    50 | loss_pnn = 1.551 | loss_cn = 0.00110802 | acc_sim = 0.945 | acc_phy = 0.941 
| epoch = 41 | step =    60 | loss_pnn = 1.550 | loss_cn = 0.00111088 | acc_sim = 0.945 | acc_phy = 0.941 
| epoch = 41 | step =    70 | loss_pnn = 1.550 | loss_cn = 0.00110876 | acc_sim = 0.945 | acc_phy = 0.941 
| epoch = 41 | step =    80 | loss_pnn = 1.551 | loss_cn = 0.00111594 | acc_sim = 0.945 | acc_phy = 0.941 
| epoch = 41 | step =    90 | loss_pnn = 1.551 | loss_cn = 0.00112354 | acc_sim = 0.945 | acc_phy = 0.941 
| epoch = 41 | step =   100 | loss_pnn = 1.552 | loss_cn = 0.00113075 | acc_sim = 0.944 | acc_phy = 0.941 
| epoch = 41 | step =   110 | loss_pnn = 1.553 | loss_cn = 0.00114113 | acc_sim = 0.944 | acc_phy = 0.940 
| epoch = 41 | step =   120 | loss_pnn = 1.554 | loss_cn = 0.00115095 | acc_sim = 0.944 | acc_phy = 0.940 
Phy accuracy of the network on 10000 test images: 0.940


Current training epoch: 42, learning rate for pnn: 6.25e-05, learning rate for SEPN: 6.25e-05
| epoch = 42 | step =    10 | loss_pnn = 1.559 | loss_cn = 0.00125395 | acc_sim = 0.946 | acc_phy = 0.943 
| epoch = 42 | step =    20 | loss_pnn = 1.562 | loss_cn = 0.00127641 | acc_sim = 0.945 | acc_phy = 0.941 
| epoch = 42 | step =    30 | loss_pnn = 1.562 | loss_cn = 0.00130111 | acc_sim = 0.947 | acc_phy = 0.942 
| epoch = 42 | step =    40 | loss_pnn = 1.564 | loss_cn = 0.00131963 | acc_sim = 0.946 | acc_phy = 0.941 
| epoch = 42 | step =    50 | loss_pnn = 1.566 | loss_cn = 0.00134368 | acc_sim = 0.945 | acc_phy = 0.940 
| epoch = 42 | step =    60 | loss_pnn = 1.568 | loss_cn = 0.00137737 | acc_sim = 0.944 | acc_phy = 0.939 
| epoch = 42 | step =    70 | loss_pnn = 1.571 | loss_cn = 0.00142423 | acc_sim = 0.943 | acc_phy = 0.938 
| epoch = 42 | step =    80 | loss_pnn = 1.574 | loss_cn = 0.00147144 | acc_sim = 0.942 | acc_phy = 0.936 
| epoch = 42 | step =    90 | loss_pnn = 1.578 | loss_cn = 0.00154982 | acc_sim = 0.939 | acc_phy = 0.933 
| epoch = 42 | step =   100 | loss_pnn = 1.582 | loss_cn = 0.00163834 | acc_sim = 0.935 | acc_phy = 0.925 
| epoch = 42 | step =   110 | loss_pnn = 1.587 | loss_cn = 0.00173333 | acc_sim = 0.929 | acc_phy = 0.916 
| epoch = 42 | step =   120 | loss_pnn = 1.591 | loss_cn = 0.00181404 | acc_sim = 0.922 | acc_phy = 0.908 
Phy accuracy of the network on 10000 test images: 0.818


Current training epoch: 43, learning rate for pnn: 6.25e-05, learning rate for SEPN: 6.25e-05
| epoch = 43 | step =    10 | loss_pnn = 1.646 | loss_cn = 0.00271624 | acc_sim = 0.842 | acc_phy = 0.821 
| epoch = 43 | step =    20 | loss_pnn = 1.647 | loss_cn = 0.00266826 | acc_sim = 0.842 | acc_phy = 0.819 
| epoch = 43 | step =    30 | loss_pnn = 1.651 | loss_cn = 0.00270161 | acc_sim = 0.841 | acc_phy = 0.815 
| epoch = 43 | step =    40 | loss_pnn = 1.651 | loss_cn = 0.00267256 | acc_sim = 0.845 | acc_phy = 0.814 
| epoch = 43 | step =    50 | loss_pnn = 1.652 | loss_cn = 0.00267705 | acc_sim = 0.848 | acc_phy = 0.815 
| epoch = 43 | step =    60 | loss_pnn = 1.651 | loss_cn = 0.00265918 | acc_sim = 0.856 | acc_phy = 0.819 
| epoch = 43 | step =    70 | loss_pnn = 1.650 | loss_cn = 0.00264172 | acc_sim = 0.860 | acc_phy = 0.828 
| epoch = 43 | step =    80 | loss_pnn = 1.650 | loss_cn = 0.00262565 | acc_sim = 0.867 | acc_phy = 0.837 
| epoch = 43 | step =    90 | loss_pnn = 1.650 | loss_cn = 0.00261615 | acc_sim = 0.872 | acc_phy = 0.844 
| epoch = 43 | step =   100 | loss_pnn = 1.649 | loss_cn = 0.00261200 | acc_sim = 0.877 | acc_phy = 0.851 
| epoch = 43 | step =   110 | loss_pnn = 1.649 | loss_cn = 0.00260885 | acc_sim = 0.880 | acc_phy = 0.856 
| epoch = 43 | step =   120 | loss_pnn = 1.648 | loss_cn = 0.00260994 | acc_sim = 0.883 | acc_phy = 0.860 
Phy accuracy of the network on 10000 test images: 0.918


Current training epoch: 44, learning rate for pnn: 6.25e-05, learning rate for SEPN: 6.25e-05
| epoch = 44 | step =    10 | loss_pnn = 1.640 | loss_cn = 0.00254578 | acc_sim = 0.917 | acc_phy = 0.910 
| epoch = 44 | step =    20 | loss_pnn = 1.639 | loss_cn = 0.00246610 | acc_sim = 0.919 | acc_phy = 0.912 
| epoch = 44 | step =    30 | loss_pnn = 1.637 | loss_cn = 0.00244968 | acc_sim = 0.923 | acc_phy = 0.915 
| epoch = 44 | step =    40 | loss_pnn = 1.637 | loss_cn = 0.00241863 | acc_sim = 0.923 | acc_phy = 0.917 
| epoch = 44 | step =    50 | loss_pnn = 1.636 | loss_cn = 0.00237016 | acc_sim = 0.924 | acc_phy = 0.918 
| epoch = 44 | step =    60 | loss_pnn = 1.636 | loss_cn = 0.00232775 | acc_sim = 0.924 | acc_phy = 0.917 
| epoch = 44 | step =    70 | loss_pnn = 1.636 | loss_cn = 0.00230301 | acc_sim = 0.925 | acc_phy = 0.917 
| epoch = 44 | step =    80 | loss_pnn = 1.635 | loss_cn = 0.00228161 | acc_sim = 0.926 | acc_phy = 0.918 
| epoch = 44 | step =    90 | loss_pnn = 1.634 | loss_cn = 0.00226458 | acc_sim = 0.926 | acc_phy = 0.918 
| epoch = 44 | step =   100 | loss_pnn = 1.634 | loss_cn = 0.00224001 | acc_sim = 0.926 | acc_phy = 0.918 
| epoch = 44 | step =   110 | loss_pnn = 1.634 | loss_cn = 0.00222543 | acc_sim = 0.927 | acc_phy = 0.918 
| epoch = 44 | step =   120 | loss_pnn = 1.634 | loss_cn = 0.00222200 | acc_sim = 0.927 | acc_phy = 0.918 
Phy accuracy of the network on 10000 test images: 0.927


Current training epoch: 45, learning rate for pnn: 6.25e-05, learning rate for SEPN: 6.25e-05
| epoch = 45 | step =    10 | loss_pnn = 1.620 | loss_cn = 0.00191507 | acc_sim = 0.938 | acc_phy = 0.930 
| epoch = 45 | step =    20 | loss_pnn = 1.625 | loss_cn = 0.00192876 | acc_sim = 0.932 | acc_phy = 0.924 
| epoch = 45 | step =    30 | loss_pnn = 1.624 | loss_cn = 0.00192997 | acc_sim = 0.932 | acc_phy = 0.923 
| epoch = 45 | step =    40 | loss_pnn = 1.623 | loss_cn = 0.00192215 | acc_sim = 0.932 | acc_phy = 0.923 
| epoch = 45 | step =    50 | loss_pnn = 1.623 | loss_cn = 0.00192579 | acc_sim = 0.933 | acc_phy = 0.924 
| epoch = 45 | step =    60 | loss_pnn = 1.623 | loss_cn = 0.00193545 | acc_sim = 0.932 | acc_phy = 0.923 
| epoch = 45 | step =    70 | loss_pnn = 1.621 | loss_cn = 0.00192270 | acc_sim = 0.933 | acc_phy = 0.924 
| epoch = 45 | step =    80 | loss_pnn = 1.621 | loss_cn = 0.00191468 | acc_sim = 0.933 | acc_phy = 0.925 
| epoch = 45 | step =    90 | loss_pnn = 1.621 | loss_cn = 0.00191698 | acc_sim = 0.932 | acc_phy = 0.924 
| epoch = 45 | step =   100 | loss_pnn = 1.621 | loss_cn = 0.00191894 | acc_sim = 0.932 | acc_phy = 0.924 
| epoch = 45 | step =   110 | loss_pnn = 1.620 | loss_cn = 0.00191926 | acc_sim = 0.932 | acc_phy = 0.924 
| epoch = 45 | step =   120 | loss_pnn = 1.620 | loss_cn = 0.00192260 | acc_sim = 0.932 | acc_phy = 0.924 
Phy accuracy of the network on 10000 test images: 0.928


Current training epoch: 46, learning rate for pnn: 6.25e-05, learning rate for SEPN: 6.25e-05
| epoch = 46 | step =    10 | loss_pnn = 1.615 | loss_cn = 0.00189285 | acc_sim = 0.933 | acc_phy = 0.923 
| epoch = 46 | step =    20 | loss_pnn = 1.611 | loss_cn = 0.00185132 | acc_sim = 0.938 | acc_phy = 0.928 
| epoch = 46 | step =    30 | loss_pnn = 1.612 | loss_cn = 0.00185829 | acc_sim = 0.936 | acc_phy = 0.926 
| epoch = 46 | step =    40 | loss_pnn = 1.615 | loss_cn = 0.00189154 | acc_sim = 0.933 | acc_phy = 0.924 
| epoch = 46 | step =    50 | loss_pnn = 1.615 | loss_cn = 0.00188770 | acc_sim = 0.933 | acc_phy = 0.924 
| epoch = 46 | step =    60 | loss_pnn = 1.614 | loss_cn = 0.00187447 | acc_sim = 0.934 | acc_phy = 0.924 
| epoch = 46 | step =    70 | loss_pnn = 1.615 | loss_cn = 0.00186714 | acc_sim = 0.933 | acc_phy = 0.924 
| epoch = 46 | step =    80 | loss_pnn = 1.615 | loss_cn = 0.00188339 | acc_sim = 0.933 | acc_phy = 0.924 
| epoch = 46 | step =    90 | loss_pnn = 1.615 | loss_cn = 0.00188770 | acc_sim = 0.933 | acc_phy = 0.924 
| epoch = 46 | step =   100 | loss_pnn = 1.615 | loss_cn = 0.00189237 | acc_sim = 0.933 | acc_phy = 0.924 
| epoch = 46 | step =   110 | loss_pnn = 1.615 | loss_cn = 0.00189158 | acc_sim = 0.933 | acc_phy = 0.924 
| epoch = 46 | step =   120 | loss_pnn = 1.614 | loss_cn = 0.00189353 | acc_sim = 0.933 | acc_phy = 0.924 
Phy accuracy of the network on 10000 test images: 0.929


Current training epoch: 47, learning rate for pnn: 6.25e-05, learning rate for SEPN: 6.25e-05
| epoch = 47 | step =    10 | loss_pnn = 1.611 | loss_cn = 0.00185616 | acc_sim = 0.934 | acc_phy = 0.923 
| epoch = 47 | step =    20 | loss_pnn = 1.613 | loss_cn = 0.00189590 | acc_sim = 0.934 | acc_phy = 0.923 
| epoch = 47 | step =    30 | loss_pnn = 1.613 | loss_cn = 0.00186324 | acc_sim = 0.933 | acc_phy = 0.924 
| epoch = 47 | step =    40 | loss_pnn = 1.613 | loss_cn = 0.00187932 | acc_sim = 0.933 | acc_phy = 0.924 
| epoch = 47 | step =    50 | loss_pnn = 1.613 | loss_cn = 0.00187563 | acc_sim = 0.933 | acc_phy = 0.924 
| epoch = 47 | step =    60 | loss_pnn = 1.613 | loss_cn = 0.00187194 | acc_sim = 0.934 | acc_phy = 0.924 
| epoch = 47 | step =    70 | loss_pnn = 1.614 | loss_cn = 0.00186415 | acc_sim = 0.933 | acc_phy = 0.924 
| epoch = 47 | step =    80 | loss_pnn = 1.614 | loss_cn = 0.00185676 | acc_sim = 0.932 | acc_phy = 0.923 
| epoch = 47 | step =    90 | loss_pnn = 1.613 | loss_cn = 0.00185646 | acc_sim = 0.933 | acc_phy = 0.923 
| epoch = 47 | step =   100 | loss_pnn = 1.613 | loss_cn = 0.00184677 | acc_sim = 0.933 | acc_phy = 0.923 
| epoch = 47 | step =   110 | loss_pnn = 1.613 | loss_cn = 0.00184253 | acc_sim = 0.932 | acc_phy = 0.923 
| epoch = 47 | step =   120 | loss_pnn = 1.613 | loss_cn = 0.00184048 | acc_sim = 0.932 | acc_phy = 0.923 
Phy accuracy of the network on 10000 test images: 0.929


Current training epoch: 48, learning rate for pnn: 6.25e-05, learning rate for SEPN: 6.25e-05
| epoch = 48 | step =    10 | loss_pnn = 1.609 | loss_cn = 0.00183003 | acc_sim = 0.938 | acc_phy = 0.928 
| epoch = 48 | step =    20 | loss_pnn = 1.608 | loss_cn = 0.00178087 | acc_sim = 0.936 | acc_phy = 0.926 
| epoch = 48 | step =    30 | loss_pnn = 1.611 | loss_cn = 0.00178367 | acc_sim = 0.934 | acc_phy = 0.925 
| epoch = 48 | step =    40 | loss_pnn = 1.611 | loss_cn = 0.00178798 | acc_sim = 0.933 | acc_phy = 0.923 
| epoch = 48 | step =    50 | loss_pnn = 1.611 | loss_cn = 0.00177159 | acc_sim = 0.933 | acc_phy = 0.923 
| epoch = 48 | step =    60 | loss_pnn = 1.612 | loss_cn = 0.00177697 | acc_sim = 0.932 | acc_phy = 0.922 
| epoch = 48 | step =    70 | loss_pnn = 1.612 | loss_cn = 0.00176595 | acc_sim = 0.932 | acc_phy = 0.923 
| epoch = 48 | step =    80 | loss_pnn = 1.611 | loss_cn = 0.00174328 | acc_sim = 0.932 | acc_phy = 0.923 
| epoch = 48 | step =    90 | loss_pnn = 1.611 | loss_cn = 0.00174085 | acc_sim = 0.932 | acc_phy = 0.923 
| epoch = 48 | step =   100 | loss_pnn = 1.611 | loss_cn = 0.00173322 | acc_sim = 0.933 | acc_phy = 0.924 
| epoch = 48 | step =   110 | loss_pnn = 1.610 | loss_cn = 0.00172519 | acc_sim = 0.933 | acc_phy = 0.924 
| epoch = 48 | step =   120 | loss_pnn = 1.610 | loss_cn = 0.00171937 | acc_sim = 0.933 | acc_phy = 0.924 
Phy accuracy of the network on 10000 test images: 0.929


Current training epoch: 49, learning rate for pnn: 6.25e-05, learning rate for SEPN: 6.25e-05
| epoch = 49 | step =    10 | loss_pnn = 1.607 | loss_cn = 0.00166551 | acc_sim = 0.935 | acc_phy = 0.929 
| epoch = 49 | step =    20 | loss_pnn = 1.605 | loss_cn = 0.00163846 | acc_sim = 0.935 | acc_phy = 0.927 
| epoch = 49 | step =    30 | loss_pnn = 1.606 | loss_cn = 0.00163913 | acc_sim = 0.935 | acc_phy = 0.926 
| epoch = 49 | step =    40 | loss_pnn = 1.605 | loss_cn = 0.00161323 | acc_sim = 0.935 | acc_phy = 0.927 
| epoch = 49 | step =    50 | loss_pnn = 1.605 | loss_cn = 0.00162338 | acc_sim = 0.935 | acc_phy = 0.927 
| epoch = 49 | step =    60 | loss_pnn = 1.605 | loss_cn = 0.00162417 | acc_sim = 0.934 | acc_phy = 0.926 
| epoch = 49 | step =    70 | loss_pnn = 1.605 | loss_cn = 0.00161201 | acc_sim = 0.934 | acc_phy = 0.926 
| epoch = 49 | step =    80 | loss_pnn = 1.604 | loss_cn = 0.00160634 | acc_sim = 0.934 | acc_phy = 0.926 
| epoch = 49 | step =    90 | loss_pnn = 1.604 | loss_cn = 0.00159108 | acc_sim = 0.934 | acc_phy = 0.926 
| epoch = 49 | step =   100 | loss_pnn = 1.604 | loss_cn = 0.00158843 | acc_sim = 0.934 | acc_phy = 0.925 
| epoch = 49 | step =   110 | loss_pnn = 1.604 | loss_cn = 0.00159913 | acc_sim = 0.933 | acc_phy = 0.925 
| epoch = 49 | step =   120 | loss_pnn = 1.604 | loss_cn = 0.00158946 | acc_sim = 0.933 | acc_phy = 0.925 
Phy accuracy of the network on 10000 test images: 0.930


Current training epoch: 50, learning rate for pnn: 6.25e-05, learning rate for SEPN: 6.25e-05
| epoch = 50 | step =    10 | loss_pnn = 1.602 | loss_cn = 0.00147929 | acc_sim = 0.929 | acc_phy = 0.922 
| epoch = 50 | step =    20 | loss_pnn = 1.600 | loss_cn = 0.00150866 | acc_sim = 0.931 | acc_phy = 0.926 
| epoch = 50 | step =    30 | loss_pnn = 1.601 | loss_cn = 0.00154039 | acc_sim = 0.931 | acc_phy = 0.924 
| epoch = 50 | step =    40 | loss_pnn = 1.599 | loss_cn = 0.00154630 | acc_sim = 0.932 | acc_phy = 0.926 
| epoch = 50 | step =    50 | loss_pnn = 1.599 | loss_cn = 0.00153878 | acc_sim = 0.933 | acc_phy = 0.926 
| epoch = 50 | step =    60 | loss_pnn = 1.598 | loss_cn = 0.00152732 | acc_sim = 0.932 | acc_phy = 0.926 
| epoch = 50 | step =    70 | loss_pnn = 1.597 | loss_cn = 0.00150998 | acc_sim = 0.933 | acc_phy = 0.927 
| epoch = 50 | step =    80 | loss_pnn = 1.597 | loss_cn = 0.00150014 | acc_sim = 0.933 | acc_phy = 0.927 
| epoch = 50 | step =    90 | loss_pnn = 1.597 | loss_cn = 0.00150122 | acc_sim = 0.933 | acc_phy = 0.927 
| epoch = 50 | step =   100 | loss_pnn = 1.596 | loss_cn = 0.00150327 | acc_sim = 0.933 | acc_phy = 0.927 
| epoch = 50 | step =   110 | loss_pnn = 1.596 | loss_cn = 0.00151107 | acc_sim = 0.933 | acc_phy = 0.927 
| epoch = 50 | step =   120 | loss_pnn = 1.596 | loss_cn = 0.00150793 | acc_sim = 0.933 | acc_phy = 0.927 
Phy accuracy of the network on 10000 test images: 0.931

Finished training. Elapsed time of training = 2:52:54.840641
