Training new model from scratch......
--------------------------
Training with Compensating Network
--------------------------

Current training epoch: 1, learning rate for onn: 0.001, learning rate for compensating network: 0.001
| epoch = 1 | step =    10 | loss_onn = 2.283 | loss_cn = 0.01508504 | acc_sim = 0.198 | acc_phy = 0.146 
| epoch = 1 | step =    20 | loss_onn = 2.240 | loss_cn = 0.01467745 | acc_sim = 0.297 | acc_phy = 0.249 
| epoch = 1 | step =    30 | loss_onn = 2.201 | loss_cn = 0.01430782 | acc_sim = 0.386 | acc_phy = 0.323 
| epoch = 1 | step =    40 | loss_onn = 2.161 | loss_cn = 0.01347785 | acc_sim = 0.458 | acc_phy = 0.384 
| epoch = 1 | step =    50 | loss_onn = 2.128 | loss_cn = 0.01271852 | acc_sim = 0.513 | acc_phy = 0.435 
| epoch = 1 | step =    60 | loss_onn = 2.097 | loss_cn = 0.01211176 | acc_sim = 0.557 | acc_phy = 0.478 
| epoch = 1 | step =    70 | loss_onn = 2.070 | loss_cn = 0.01151164 | acc_sim = 0.591 | acc_phy = 0.513 
| epoch = 1 | step =    80 | loss_onn = 2.047 | loss_cn = 0.01099835 | acc_sim = 0.619 | acc_phy = 0.542 
| epoch = 1 | step =    90 | loss_onn = 2.026 | loss_cn = 0.01054247 | acc_sim = 0.644 | acc_phy = 0.569 
| epoch = 1 | step =   100 | loss_onn = 2.008 | loss_cn = 0.01018670 | acc_sim = 0.664 | acc_phy = 0.589 
| epoch = 1 | step =   110 | loss_onn = 1.992 | loss_cn = 0.00985058 | acc_sim = 0.681 | acc_phy = 0.607 
| epoch = 1 | step =   120 | loss_onn = 1.977 | loss_cn = 0.00953385 | acc_sim = 0.696 | acc_phy = 0.623 
Phy accuracy of the network on 10000 test images: 0.803


Current training epoch: 2, learning rate for onn: 0.001, learning rate for compensating network: 0.001
| epoch = 2 | step =    10 | loss_onn = 1.805 | loss_cn = 0.00588247 | acc_sim = 0.866 | acc_phy = 0.808 
| epoch = 2 | step =    20 | loss_onn = 1.800 | loss_cn = 0.00598907 | acc_sim = 0.867 | acc_phy = 0.807 
| epoch = 2 | step =    30 | loss_onn = 1.792 | loss_cn = 0.00580284 | acc_sim = 0.872 | acc_phy = 0.815 
| epoch = 2 | step =    40 | loss_onn = 1.786 | loss_cn = 0.00565606 | acc_sim = 0.874 | acc_phy = 0.817 
| epoch = 2 | step =    50 | loss_onn = 1.783 | loss_cn = 0.00557256 | acc_sim = 0.877 | acc_phy = 0.817 
| epoch = 2 | step =    60 | loss_onn = 1.779 | loss_cn = 0.00547870 | acc_sim = 0.879 | acc_phy = 0.819 
| epoch = 2 | step =    70 | loss_onn = 1.774 | loss_cn = 0.00538753 | acc_sim = 0.882 | acc_phy = 0.823 
| epoch = 2 | step =    80 | loss_onn = 1.770 | loss_cn = 0.00531120 | acc_sim = 0.883 | acc_phy = 0.824 
| epoch = 2 | step =    90 | loss_onn = 1.766 | loss_cn = 0.00522111 | acc_sim = 0.885 | acc_phy = 0.826 
| epoch = 2 | step =   100 | loss_onn = 1.762 | loss_cn = 0.00513995 | acc_sim = 0.887 | acc_phy = 0.828 
| epoch = 2 | step =   110 | loss_onn = 1.759 | loss_cn = 0.00507289 | acc_sim = 0.888 | acc_phy = 0.829 
| epoch = 2 | step =   120 | loss_onn = 1.756 | loss_cn = 0.00502479 | acc_sim = 0.889 | acc_phy = 0.830 
Phy accuracy of the network on 10000 test images: 0.842


Current training epoch: 3, learning rate for onn: 0.001, learning rate for compensating network: 0.001
| epoch = 3 | step =    10 | loss_onn = 1.712 | loss_cn = 0.00437116 | acc_sim = 0.901 | acc_phy = 0.846 
| epoch = 3 | step =    20 | loss_onn = 1.705 | loss_cn = 0.00426740 | acc_sim = 0.906 | acc_phy = 0.850 
| epoch = 3 | step =    30 | loss_onn = 1.706 | loss_cn = 0.00426638 | acc_sim = 0.904 | acc_phy = 0.848 
| epoch = 3 | step =    40 | loss_onn = 1.705 | loss_cn = 0.00417604 | acc_sim = 0.906 | acc_phy = 0.848 
| epoch = 3 | step =    50 | loss_onn = 1.704 | loss_cn = 0.00411602 | acc_sim = 0.906 | acc_phy = 0.848 
| epoch = 3 | step =    60 | loss_onn = 1.702 | loss_cn = 0.00404461 | acc_sim = 0.907 | acc_phy = 0.849 
| epoch = 3 | step =    70 | loss_onn = 1.700 | loss_cn = 0.00407315 | acc_sim = 0.908 | acc_phy = 0.849 
| epoch = 3 | step =    80 | loss_onn = 1.699 | loss_cn = 0.00403722 | acc_sim = 0.908 | acc_phy = 0.849 
| epoch = 3 | step =    90 | loss_onn = 1.699 | loss_cn = 0.00399768 | acc_sim = 0.908 | acc_phy = 0.850 
| epoch = 3 | step =   100 | loss_onn = 1.699 | loss_cn = 0.00399231 | acc_sim = 0.909 | acc_phy = 0.849 
| epoch = 3 | step =   110 | loss_onn = 1.698 | loss_cn = 0.00396288 | acc_sim = 0.910 | acc_phy = 0.850 
| epoch = 3 | step =   120 | loss_onn = 1.697 | loss_cn = 0.00395079 | acc_sim = 0.911 | acc_phy = 0.850 
Phy accuracy of the network on 10000 test images: 0.849


Current training epoch: 4, learning rate for onn: 0.001, learning rate for compensating network: 0.001
| epoch = 4 | step =    10 | loss_onn = 1.682 | loss_cn = 0.00364722 | acc_sim = 0.917 | acc_phy = 0.856 
| epoch = 4 | step =    20 | loss_onn = 1.678 | loss_cn = 0.00350640 | acc_sim = 0.920 | acc_phy = 0.858 
| epoch = 4 | step =    30 | loss_onn = 1.676 | loss_cn = 0.00347472 | acc_sim = 0.920 | acc_phy = 0.858 
| epoch = 4 | step =    40 | loss_onn = 1.675 | loss_cn = 0.00343966 | acc_sim = 0.921 | acc_phy = 0.858 
| epoch = 4 | step =    50 | loss_onn = 1.675 | loss_cn = 0.00342775 | acc_sim = 0.921 | acc_phy = 0.858 
| epoch = 4 | step =    60 | loss_onn = 1.674 | loss_cn = 0.00341531 | acc_sim = 0.921 | acc_phy = 0.858 
| epoch = 4 | step =    70 | loss_onn = 1.673 | loss_cn = 0.00339792 | acc_sim = 0.920 | acc_phy = 0.859 
| epoch = 4 | step =    80 | loss_onn = 1.673 | loss_cn = 0.00339167 | acc_sim = 0.920 | acc_phy = 0.859 
| epoch = 4 | step =    90 | loss_onn = 1.672 | loss_cn = 0.00337850 | acc_sim = 0.921 | acc_phy = 0.859 
| epoch = 4 | step =   100 | loss_onn = 1.672 | loss_cn = 0.00337315 | acc_sim = 0.921 | acc_phy = 0.858 
| epoch = 4 | step =   110 | loss_onn = 1.671 | loss_cn = 0.00338780 | acc_sim = 0.921 | acc_phy = 0.859 
| epoch = 4 | step =   120 | loss_onn = 1.669 | loss_cn = 0.00337305 | acc_sim = 0.921 | acc_phy = 0.859 
Phy accuracy of the network on 10000 test images: 0.864


Current training epoch: 5, learning rate for onn: 0.001, learning rate for compensating network: 0.001
| epoch = 5 | step =    10 | loss_onn = 1.669 | loss_cn = 0.00307375 | acc_sim = 0.920 | acc_phy = 0.847 
| epoch = 5 | step =    20 | loss_onn = 1.663 | loss_cn = 0.00315618 | acc_sim = 0.925 | acc_phy = 0.852 
| epoch = 5 | step =    30 | loss_onn = 1.663 | loss_cn = 0.00313001 | acc_sim = 0.924 | acc_phy = 0.856 
| epoch = 5 | step =    40 | loss_onn = 1.661 | loss_cn = 0.00309658 | acc_sim = 0.924 | acc_phy = 0.859 
| epoch = 5 | step =    50 | loss_onn = 1.660 | loss_cn = 0.00307433 | acc_sim = 0.924 | acc_phy = 0.860 
| epoch = 5 | step =    60 | loss_onn = 1.658 | loss_cn = 0.00312004 | acc_sim = 0.924 | acc_phy = 0.862 
| epoch = 5 | step =    70 | loss_onn = 1.657 | loss_cn = 0.00311196 | acc_sim = 0.925 | acc_phy = 0.861 
| epoch = 5 | step =    80 | loss_onn = 1.656 | loss_cn = 0.00308716 | acc_sim = 0.926 | acc_phy = 0.862 
| epoch = 5 | step =    90 | loss_onn = 1.657 | loss_cn = 0.00309408 | acc_sim = 0.926 | acc_phy = 0.862 
| epoch = 5 | step =   100 | loss_onn = 1.655 | loss_cn = 0.00308893 | acc_sim = 0.926 | acc_phy = 0.863 
| epoch = 5 | step =   110 | loss_onn = 1.654 | loss_cn = 0.00307949 | acc_sim = 0.927 | acc_phy = 0.863 
| epoch = 5 | step =   120 | loss_onn = 1.653 | loss_cn = 0.00306493 | acc_sim = 0.927 | acc_phy = 0.864 
Phy accuracy of the network on 10000 test images: 0.869


Current training epoch: 6, learning rate for onn: 0.001, learning rate for compensating network: 0.001
| epoch = 6 | step =    10 | loss_onn = 1.652 | loss_cn = 0.00298269 | acc_sim = 0.928 | acc_phy = 0.862 
| epoch = 6 | step =    20 | loss_onn = 1.648 | loss_cn = 0.00297095 | acc_sim = 0.932 | acc_phy = 0.866 
| epoch = 6 | step =    30 | loss_onn = 1.644 | loss_cn = 0.00297833 | acc_sim = 0.930 | acc_phy = 0.868 
| epoch = 6 | step =    40 | loss_onn = 1.642 | loss_cn = 0.00294143 | acc_sim = 0.931 | acc_phy = 0.870 
| epoch = 6 | step =    50 | loss_onn = 1.643 | loss_cn = 0.00298241 | acc_sim = 0.932 | acc_phy = 0.869 
| epoch = 6 | step =    60 | loss_onn = 1.641 | loss_cn = 0.00294499 | acc_sim = 0.932 | acc_phy = 0.870 
| epoch = 6 | step =    70 | loss_onn = 1.640 | loss_cn = 0.00292008 | acc_sim = 0.932 | acc_phy = 0.871 
| epoch = 6 | step =    80 | loss_onn = 1.641 | loss_cn = 0.00292096 | acc_sim = 0.932 | acc_phy = 0.869 
| epoch = 6 | step =    90 | loss_onn = 1.642 | loss_cn = 0.00296268 | acc_sim = 0.932 | acc_phy = 0.868 
| epoch = 6 | step =   100 | loss_onn = 1.641 | loss_cn = 0.00293961 | acc_sim = 0.932 | acc_phy = 0.868 
| epoch = 6 | step =   110 | loss_onn = 1.641 | loss_cn = 0.00293120 | acc_sim = 0.932 | acc_phy = 0.868 
| epoch = 6 | step =   120 | loss_onn = 1.641 | loss_cn = 0.00292950 | acc_sim = 0.932 | acc_phy = 0.869 
Phy accuracy of the network on 10000 test images: 0.882


Current training epoch: 7, learning rate for onn: 0.001, learning rate for compensating network: 0.001
| epoch = 7 | step =    10 | loss_onn = 1.626 | loss_cn = 0.00274564 | acc_sim = 0.937 | acc_phy = 0.879 
| epoch = 7 | step =    20 | loss_onn = 1.629 | loss_cn = 0.00272886 | acc_sim = 0.938 | acc_phy = 0.877 
| epoch = 7 | step =    30 | loss_onn = 1.630 | loss_cn = 0.00276764 | acc_sim = 0.937 | acc_phy = 0.874 
| epoch = 7 | step =    40 | loss_onn = 1.631 | loss_cn = 0.00276225 | acc_sim = 0.937 | acc_phy = 0.874 
| epoch = 7 | step =    50 | loss_onn = 1.633 | loss_cn = 0.00276391 | acc_sim = 0.937 | acc_phy = 0.871 
| epoch = 7 | step =    60 | loss_onn = 1.632 | loss_cn = 0.00274347 | acc_sim = 0.936 | acc_phy = 0.872 
| epoch = 7 | step =    70 | loss_onn = 1.632 | loss_cn = 0.00276141 | acc_sim = 0.935 | acc_phy = 0.871 
| epoch = 7 | step =    80 | loss_onn = 1.632 | loss_cn = 0.00277261 | acc_sim = 0.936 | acc_phy = 0.871 
| epoch = 7 | step =    90 | loss_onn = 1.633 | loss_cn = 0.00277219 | acc_sim = 0.936 | acc_phy = 0.871 
| epoch = 7 | step =   100 | loss_onn = 1.633 | loss_cn = 0.00277370 | acc_sim = 0.936 | acc_phy = 0.870 
| epoch = 7 | step =   110 | loss_onn = 1.631 | loss_cn = 0.00277669 | acc_sim = 0.936 | acc_phy = 0.872 
| epoch = 7 | step =   120 | loss_onn = 1.630 | loss_cn = 0.00276511 | acc_sim = 0.936 | acc_phy = 0.872 
Phy accuracy of the network on 10000 test images: 0.879


Current training epoch: 8, learning rate for onn: 0.001, learning rate for compensating network: 0.001
| epoch = 8 | step =    10 | loss_onn = 1.618 | loss_cn = 0.00249059 | acc_sim = 0.937 | acc_phy = 0.882 
| epoch = 8 | step =    20 | loss_onn = 1.618 | loss_cn = 0.00260351 | acc_sim = 0.937 | acc_phy = 0.881 
| epoch = 8 | step =    30 | loss_onn = 1.619 | loss_cn = 0.00262742 | acc_sim = 0.940 | acc_phy = 0.881 
| epoch = 8 | step =    40 | loss_onn = 1.620 | loss_cn = 0.00257789 | acc_sim = 0.939 | acc_phy = 0.880 
| epoch = 8 | step =    50 | loss_onn = 1.617 | loss_cn = 0.00253841 | acc_sim = 0.939 | acc_phy = 0.882 
| epoch = 8 | step =    60 | loss_onn = 1.619 | loss_cn = 0.00255400 | acc_sim = 0.939 | acc_phy = 0.881 
| epoch = 8 | step =    70 | loss_onn = 1.618 | loss_cn = 0.00255752 | acc_sim = 0.938 | acc_phy = 0.881 
| epoch = 8 | step =    80 | loss_onn = 1.619 | loss_cn = 0.00258325 | acc_sim = 0.938 | acc_phy = 0.880 
| epoch = 8 | step =    90 | loss_onn = 1.619 | loss_cn = 0.00257670 | acc_sim = 0.938 | acc_phy = 0.880 
| epoch = 8 | step =   100 | loss_onn = 1.620 | loss_cn = 0.00259065 | acc_sim = 0.938 | acc_phy = 0.878 
| epoch = 8 | step =   110 | loss_onn = 1.620 | loss_cn = 0.00259477 | acc_sim = 0.939 | acc_phy = 0.879 
| epoch = 8 | step =   120 | loss_onn = 1.622 | loss_cn = 0.00259919 | acc_sim = 0.939 | acc_phy = 0.878 
Phy accuracy of the network on 10000 test images: 0.869


Current training epoch: 9, learning rate for onn: 0.001, learning rate for compensating network: 0.001
| epoch = 9 | step =    10 | loss_onn = 1.613 | loss_cn = 0.00245992 | acc_sim = 0.942 | acc_phy = 0.889 
| epoch = 9 | step =    20 | loss_onn = 1.612 | loss_cn = 0.00240434 | acc_sim = 0.942 | acc_phy = 0.886 
| epoch = 9 | step =    30 | loss_onn = 1.613 | loss_cn = 0.00246282 | acc_sim = 0.943 | acc_phy = 0.887 
| epoch = 9 | step =    40 | loss_onn = 1.615 | loss_cn = 0.00252785 | acc_sim = 0.942 | acc_phy = 0.883 
| epoch = 9 | step =    50 | loss_onn = 1.615 | loss_cn = 0.00249789 | acc_sim = 0.941 | acc_phy = 0.883 
| epoch = 9 | step =    60 | loss_onn = 1.614 | loss_cn = 0.00246785 | acc_sim = 0.942 | acc_phy = 0.884 
| epoch = 9 | step =    70 | loss_onn = 1.613 | loss_cn = 0.00243891 | acc_sim = 0.942 | acc_phy = 0.885 
| epoch = 9 | step =    80 | loss_onn = 1.615 | loss_cn = 0.00249151 | acc_sim = 0.942 | acc_phy = 0.882 
| epoch = 9 | step =    90 | loss_onn = 1.614 | loss_cn = 0.00251676 | acc_sim = 0.942 | acc_phy = 0.883 
| epoch = 9 | step =   100 | loss_onn = 1.613 | loss_cn = 0.00249943 | acc_sim = 0.943 | acc_phy = 0.883 
| epoch = 9 | step =   110 | loss_onn = 1.613 | loss_cn = 0.00249007 | acc_sim = 0.942 | acc_phy = 0.883 
| epoch = 9 | step =   120 | loss_onn = 1.613 | loss_cn = 0.00247749 | acc_sim = 0.942 | acc_phy = 0.883 
Phy accuracy of the network on 10000 test images: 0.884


Current training epoch: 10, learning rate for onn: 0.001, learning rate for compensating network: 0.001
| epoch = 10 | step =    10 | loss_onn = 1.611 | loss_cn = 0.00235306 | acc_sim = 0.944 | acc_phy = 0.885 
| epoch = 10 | step =    20 | loss_onn = 1.609 | loss_cn = 0.00235713 | acc_sim = 0.945 | acc_phy = 0.886 
| epoch = 10 | step =    30 | loss_onn = 1.606 | loss_cn = 0.00235356 | acc_sim = 0.945 | acc_phy = 0.889 
| epoch = 10 | step =    40 | loss_onn = 1.608 | loss_cn = 0.00235494 | acc_sim = 0.943 | acc_phy = 0.887 
| epoch = 10 | step =    50 | loss_onn = 1.608 | loss_cn = 0.00236161 | acc_sim = 0.943 | acc_phy = 0.887 
| epoch = 10 | step =    60 | loss_onn = 1.608 | loss_cn = 0.00233867 | acc_sim = 0.943 | acc_phy = 0.888 
| epoch = 10 | step =    70 | loss_onn = 1.608 | loss_cn = 0.00234545 | acc_sim = 0.943 | acc_phy = 0.888 
| epoch = 10 | step =    80 | loss_onn = 1.607 | loss_cn = 0.00232383 | acc_sim = 0.942 | acc_phy = 0.888 
| epoch = 10 | step =    90 | loss_onn = 1.607 | loss_cn = 0.00230948 | acc_sim = 0.943 | acc_phy = 0.889 
| epoch = 10 | step =   100 | loss_onn = 1.606 | loss_cn = 0.00229747 | acc_sim = 0.943 | acc_phy = 0.888 
| epoch = 10 | step =   110 | loss_onn = 1.607 | loss_cn = 0.00231023 | acc_sim = 0.944 | acc_phy = 0.887 
| epoch = 10 | step =   120 | loss_onn = 1.607 | loss_cn = 0.00230834 | acc_sim = 0.944 | acc_phy = 0.887 
Phy accuracy of the network on 10000 test images: 0.881


Current training epoch: 11, learning rate for onn: 0.0005, learning rate for compensating network: 0.0005
| epoch = 11 | step =    10 | loss_onn = 1.617 | loss_cn = 0.00199020 | acc_sim = 0.944 | acc_phy = 0.870 
| epoch = 11 | step =    20 | loss_onn = 1.610 | loss_cn = 0.00193139 | acc_sim = 0.946 | acc_phy = 0.878 
| epoch = 11 | step =    30 | loss_onn = 1.609 | loss_cn = 0.00192082 | acc_sim = 0.946 | acc_phy = 0.880 
| epoch = 11 | step =    40 | loss_onn = 1.609 | loss_cn = 0.00191618 | acc_sim = 0.945 | acc_phy = 0.880 
| epoch = 11 | step =    50 | loss_onn = 1.610 | loss_cn = 0.00191638 | acc_sim = 0.945 | acc_phy = 0.881 
| epoch = 11 | step =    60 | loss_onn = 1.608 | loss_cn = 0.00191678 | acc_sim = 0.946 | acc_phy = 0.882 
| epoch = 11 | step =    70 | loss_onn = 1.608 | loss_cn = 0.00191759 | acc_sim = 0.946 | acc_phy = 0.882 
| epoch = 11 | step =    80 | loss_onn = 1.607 | loss_cn = 0.00190044 | acc_sim = 0.946 | acc_phy = 0.884 
| epoch = 11 | step =    90 | loss_onn = 1.605 | loss_cn = 0.00189134 | acc_sim = 0.946 | acc_phy = 0.885 
| epoch = 11 | step =   100 | loss_onn = 1.607 | loss_cn = 0.00189005 | acc_sim = 0.947 | acc_phy = 0.884 
| epoch = 11 | step =   110 | loss_onn = 1.607 | loss_cn = 0.00189046 | acc_sim = 0.946 | acc_phy = 0.884 
| epoch = 11 | step =   120 | loss_onn = 1.606 | loss_cn = 0.00188391 | acc_sim = 0.946 | acc_phy = 0.885 
Phy accuracy of the network on 10000 test images: 0.883


Current training epoch: 12, learning rate for onn: 0.0005, learning rate for compensating network: 0.0005
| epoch = 12 | step =    10 | loss_onn = 1.609 | loss_cn = 0.00185748 | acc_sim = 0.950 | acc_phy = 0.880 
| epoch = 12 | step =    20 | loss_onn = 1.609 | loss_cn = 0.00183724 | acc_sim = 0.949 | acc_phy = 0.878 
| epoch = 12 | step =    30 | loss_onn = 1.607 | loss_cn = 0.00184199 | acc_sim = 0.949 | acc_phy = 0.880 
| epoch = 12 | step =    40 | loss_onn = 1.604 | loss_cn = 0.00182327 | acc_sim = 0.948 | acc_phy = 0.884 
| epoch = 12 | step =    50 | loss_onn = 1.605 | loss_cn = 0.00183659 | acc_sim = 0.947 | acc_phy = 0.882 
| epoch = 12 | step =    60 | loss_onn = 1.604 | loss_cn = 0.00183813 | acc_sim = 0.948 | acc_phy = 0.884 
| epoch = 12 | step =    70 | loss_onn = 1.604 | loss_cn = 0.00184011 | acc_sim = 0.948 | acc_phy = 0.885 
| epoch = 12 | step =    80 | loss_onn = 1.604 | loss_cn = 0.00185073 | acc_sim = 0.948 | acc_phy = 0.885 
| epoch = 12 | step =    90 | loss_onn = 1.605 | loss_cn = 0.00185145 | acc_sim = 0.948 | acc_phy = 0.885 
| epoch = 12 | step =   100 | loss_onn = 1.604 | loss_cn = 0.00184863 | acc_sim = 0.948 | acc_phy = 0.885 
| epoch = 12 | step =   110 | loss_onn = 1.604 | loss_cn = 0.00184746 | acc_sim = 0.948 | acc_phy = 0.886 
| epoch = 12 | step =   120 | loss_onn = 1.604 | loss_cn = 0.00183819 | acc_sim = 0.948 | acc_phy = 0.885 
Phy accuracy of the network on 10000 test images: 0.880


Current training epoch: 13, learning rate for onn: 0.0005, learning rate for compensating network: 0.0005
| epoch = 13 | step =    10 | loss_onn = 1.603 | loss_cn = 0.00177239 | acc_sim = 0.950 | acc_phy = 0.890 
| epoch = 13 | step =    20 | loss_onn = 1.606 | loss_cn = 0.00180912 | acc_sim = 0.949 | acc_phy = 0.887 
| epoch = 13 | step =    30 | loss_onn = 1.605 | loss_cn = 0.00181079 | acc_sim = 0.949 | acc_phy = 0.887 
| epoch = 13 | step =    40 | loss_onn = 1.606 | loss_cn = 0.00180977 | acc_sim = 0.949 | acc_phy = 0.886 
| epoch = 13 | step =    50 | loss_onn = 1.606 | loss_cn = 0.00180850 | acc_sim = 0.948 | acc_phy = 0.885 
| epoch = 13 | step =    60 | loss_onn = 1.605 | loss_cn = 0.00180517 | acc_sim = 0.949 | acc_phy = 0.886 
| epoch = 13 | step =    70 | loss_onn = 1.604 | loss_cn = 0.00181139 | acc_sim = 0.949 | acc_phy = 0.887 
| epoch = 13 | step =    80 | loss_onn = 1.604 | loss_cn = 0.00180319 | acc_sim = 0.949 | acc_phy = 0.887 
| epoch = 13 | step =    90 | loss_onn = 1.604 | loss_cn = 0.00179495 | acc_sim = 0.948 | acc_phy = 0.887 
| epoch = 13 | step =   100 | loss_onn = 1.603 | loss_cn = 0.00179253 | acc_sim = 0.948 | acc_phy = 0.888 
| epoch = 13 | step =   110 | loss_onn = 1.603 | loss_cn = 0.00179967 | acc_sim = 0.948 | acc_phy = 0.888 
| epoch = 13 | step =   120 | loss_onn = 1.602 | loss_cn = 0.00181041 | acc_sim = 0.948 | acc_phy = 0.888 
Phy accuracy of the network on 10000 test images: 0.887


Current training epoch: 14, learning rate for onn: 0.0005, learning rate for compensating network: 0.0005
| epoch = 14 | step =    10 | loss_onn = 1.601 | loss_cn = 0.00181571 | acc_sim = 0.951 | acc_phy = 0.889 
| epoch = 14 | step =    20 | loss_onn = 1.601 | loss_cn = 0.00184319 | acc_sim = 0.951 | acc_phy = 0.889 
| epoch = 14 | step =    30 | loss_onn = 1.600 | loss_cn = 0.00179740 | acc_sim = 0.951 | acc_phy = 0.890 
| epoch = 14 | step =    40 | loss_onn = 1.602 | loss_cn = 0.00180942 | acc_sim = 0.948 | acc_phy = 0.888 
| epoch = 14 | step =    50 | loss_onn = 1.603 | loss_cn = 0.00182122 | acc_sim = 0.947 | acc_phy = 0.886 
| epoch = 14 | step =    60 | loss_onn = 1.602 | loss_cn = 0.00180125 | acc_sim = 0.948 | acc_phy = 0.887 
| epoch = 14 | step =    70 | loss_onn = 1.602 | loss_cn = 0.00179026 | acc_sim = 0.949 | acc_phy = 0.887 
| epoch = 14 | step =    80 | loss_onn = 1.601 | loss_cn = 0.00178465 | acc_sim = 0.948 | acc_phy = 0.887 
| epoch = 14 | step =    90 | loss_onn = 1.601 | loss_cn = 0.00178296 | acc_sim = 0.949 | acc_phy = 0.888 
| epoch = 14 | step =   100 | loss_onn = 1.601 | loss_cn = 0.00177590 | acc_sim = 0.949 | acc_phy = 0.888 
| epoch = 14 | step =   110 | loss_onn = 1.601 | loss_cn = 0.00178676 | acc_sim = 0.949 | acc_phy = 0.888 
| epoch = 14 | step =   120 | loss_onn = 1.601 | loss_cn = 0.00180098 | acc_sim = 0.949 | acc_phy = 0.888 
Phy accuracy of the network on 10000 test images: 0.893


Current training epoch: 15, learning rate for onn: 0.0005, learning rate for compensating network: 0.0005
| epoch = 15 | step =    10 | loss_onn = 1.602 | loss_cn = 0.00174794 | acc_sim = 0.945 | acc_phy = 0.885 
| epoch = 15 | step =    20 | loss_onn = 1.597 | loss_cn = 0.00176154 | acc_sim = 0.949 | acc_phy = 0.890 
| epoch = 15 | step =    30 | loss_onn = 1.595 | loss_cn = 0.00175873 | acc_sim = 0.949 | acc_phy = 0.893 
| epoch = 15 | step =    40 | loss_onn = 1.597 | loss_cn = 0.00175911 | acc_sim = 0.949 | acc_phy = 0.892 
| epoch = 15 | step =    50 | loss_onn = 1.598 | loss_cn = 0.00175893 | acc_sim = 0.948 | acc_phy = 0.890 
| epoch = 15 | step =    60 | loss_onn = 1.598 | loss_cn = 0.00173613 | acc_sim = 0.949 | acc_phy = 0.891 
| epoch = 15 | step =    70 | loss_onn = 1.597 | loss_cn = 0.00173587 | acc_sim = 0.949 | acc_phy = 0.891 
| epoch = 15 | step =    80 | loss_onn = 1.598 | loss_cn = 0.00174054 | acc_sim = 0.949 | acc_phy = 0.889 
| epoch = 15 | step =    90 | loss_onn = 1.598 | loss_cn = 0.00173812 | acc_sim = 0.949 | acc_phy = 0.890 
| epoch = 15 | step =   100 | loss_onn = 1.599 | loss_cn = 0.00173398 | acc_sim = 0.949 | acc_phy = 0.889 
| epoch = 15 | step =   110 | loss_onn = 1.599 | loss_cn = 0.00172902 | acc_sim = 0.949 | acc_phy = 0.888 
| epoch = 15 | step =   120 | loss_onn = 1.600 | loss_cn = 0.00173167 | acc_sim = 0.949 | acc_phy = 0.887 
Phy accuracy of the network on 10000 test images: 0.880


Current training epoch: 16, learning rate for onn: 0.0005, learning rate for compensating network: 0.0005
| epoch = 16 | step =    10 | loss_onn = 1.592 | loss_cn = 0.00157257 | acc_sim = 0.892 | acc_phy = 0.891 
| epoch = 16 | step =    20 | loss_onn = 1.578 | loss_cn = 0.00157560 | acc_sim = 0.904 | acc_phy = 0.903 
| epoch = 16 | step =    30 | loss_onn = 1.571 | loss_cn = 0.00159885 | acc_sim = 0.911 | acc_phy = 0.909 
| epoch = 16 | step =    40 | loss_onn = 1.566 | loss_cn = 0.00162299 | acc_sim = 0.916 | acc_phy = 0.912 
| epoch = 16 | step =    50 | loss_onn = 1.561 | loss_cn = 0.00162115 | acc_sim = 0.921 | acc_phy = 0.918 
| epoch = 16 | step =    60 | loss_onn = 1.558 | loss_cn = 0.00162809 | acc_sim = 0.923 | acc_phy = 0.919 
| epoch = 16 | step =    70 | loss_onn = 1.556 | loss_cn = 0.00162933 | acc_sim = 0.925 | acc_phy = 0.921 
| epoch = 16 | step =    80 | loss_onn = 1.554 | loss_cn = 0.00162573 | acc_sim = 0.926 | acc_phy = 0.923 
| epoch = 16 | step =    90 | loss_onn = 1.552 | loss_cn = 0.00161722 | acc_sim = 0.927 | acc_phy = 0.924 
| epoch = 16 | step =   100 | loss_onn = 1.551 | loss_cn = 0.00161676 | acc_sim = 0.928 | acc_phy = 0.925 
| epoch = 16 | step =   110 | loss_onn = 1.550 | loss_cn = 0.00161491 | acc_sim = 0.929 | acc_phy = 0.926 
| epoch = 16 | step =   120 | loss_onn = 1.549 | loss_cn = 0.00161720 | acc_sim = 0.929 | acc_phy = 0.927 
Phy accuracy of the network on 10000 test images: 0.938


Current training epoch: 17, learning rate for onn: 0.0005, learning rate for compensating network: 0.0005
| epoch = 17 | step =    10 | loss_onn = 1.537 | loss_cn = 0.00158258 | acc_sim = 0.937 | acc_phy = 0.935 
| epoch = 17 | step =    20 | loss_onn = 1.537 | loss_cn = 0.00156216 | acc_sim = 0.938 | acc_phy = 0.936 
| epoch = 17 | step =    30 | loss_onn = 1.535 | loss_cn = 0.00154733 | acc_sim = 0.940 | acc_phy = 0.939 
| epoch = 17 | step =    40 | loss_onn = 1.536 | loss_cn = 0.00155739 | acc_sim = 0.940 | acc_phy = 0.938 
| epoch = 17 | step =    50 | loss_onn = 1.535 | loss_cn = 0.00155208 | acc_sim = 0.940 | acc_phy = 0.938 
| epoch = 17 | step =    60 | loss_onn = 1.535 | loss_cn = 0.00154854 | acc_sim = 0.940 | acc_phy = 0.939 
| epoch = 17 | step =    70 | loss_onn = 1.534 | loss_cn = 0.00155200 | acc_sim = 0.941 | acc_phy = 0.939 
| epoch = 17 | step =    80 | loss_onn = 1.534 | loss_cn = 0.00155827 | acc_sim = 0.942 | acc_phy = 0.940 
| epoch = 17 | step =    90 | loss_onn = 1.534 | loss_cn = 0.00154957 | acc_sim = 0.942 | acc_phy = 0.940 
| epoch = 17 | step =   100 | loss_onn = 1.534 | loss_cn = 0.00154517 | acc_sim = 0.942 | acc_phy = 0.940 
| epoch = 17 | step =   110 | loss_onn = 1.534 | loss_cn = 0.00154471 | acc_sim = 0.942 | acc_phy = 0.940 
| epoch = 17 | step =   120 | loss_onn = 1.534 | loss_cn = 0.00154587 | acc_sim = 0.941 | acc_phy = 0.939 
Phy accuracy of the network on 10000 test images: 0.942


Current training epoch: 18, learning rate for onn: 0.0005, learning rate for compensating network: 0.0005
| epoch = 18 | step =    10 | loss_onn = 1.532 | loss_cn = 0.00142488 | acc_sim = 0.944 | acc_phy = 0.942 
| epoch = 18 | step =    20 | loss_onn = 1.534 | loss_cn = 0.00150313 | acc_sim = 0.941 | acc_phy = 0.940 
| epoch = 18 | step =    30 | loss_onn = 1.534 | loss_cn = 0.00151950 | acc_sim = 0.942 | acc_phy = 0.939 
| epoch = 18 | step =    40 | loss_onn = 1.533 | loss_cn = 0.00149775 | acc_sim = 0.942 | acc_phy = 0.941 
| epoch = 18 | step =    50 | loss_onn = 1.533 | loss_cn = 0.00150812 | acc_sim = 0.942 | acc_phy = 0.940 
| epoch = 18 | step =    60 | loss_onn = 1.532 | loss_cn = 0.00149980 | acc_sim = 0.942 | acc_phy = 0.941 
| epoch = 18 | step =    70 | loss_onn = 1.532 | loss_cn = 0.00148024 | acc_sim = 0.943 | acc_phy = 0.941 
| epoch = 18 | step =    80 | loss_onn = 1.532 | loss_cn = 0.00147358 | acc_sim = 0.942 | acc_phy = 0.941 
| epoch = 18 | step =    90 | loss_onn = 1.531 | loss_cn = 0.00146454 | acc_sim = 0.944 | acc_phy = 0.942 
| epoch = 18 | step =   100 | loss_onn = 1.531 | loss_cn = 0.00146350 | acc_sim = 0.944 | acc_phy = 0.943 
| epoch = 18 | step =   110 | loss_onn = 1.530 | loss_cn = 0.00145415 | acc_sim = 0.944 | acc_phy = 0.943 
| epoch = 18 | step =   120 | loss_onn = 1.530 | loss_cn = 0.00145545 | acc_sim = 0.944 | acc_phy = 0.943 
Phy accuracy of the network on 10000 test images: 0.944


Current training epoch: 19, learning rate for onn: 0.0005, learning rate for compensating network: 0.0005
| epoch = 19 | step =    10 | loss_onn = 1.526 | loss_cn = 0.00138578 | acc_sim = 0.952 | acc_phy = 0.949 
| epoch = 19 | step =    20 | loss_onn = 1.527 | loss_cn = 0.00137275 | acc_sim = 0.948 | acc_phy = 0.946 
| epoch = 19 | step =    30 | loss_onn = 1.527 | loss_cn = 0.00137024 | acc_sim = 0.948 | acc_phy = 0.947 
| epoch = 19 | step =    40 | loss_onn = 1.527 | loss_cn = 0.00139740 | acc_sim = 0.948 | acc_phy = 0.946 
| epoch = 19 | step =    50 | loss_onn = 1.528 | loss_cn = 0.00140841 | acc_sim = 0.947 | acc_phy = 0.945 
| epoch = 19 | step =    60 | loss_onn = 1.528 | loss_cn = 0.00140704 | acc_sim = 0.946 | acc_phy = 0.944 
| epoch = 19 | step =    70 | loss_onn = 1.528 | loss_cn = 0.00140022 | acc_sim = 0.946 | acc_phy = 0.944 
| epoch = 19 | step =    80 | loss_onn = 1.528 | loss_cn = 0.00139834 | acc_sim = 0.946 | acc_phy = 0.945 
| epoch = 19 | step =    90 | loss_onn = 1.528 | loss_cn = 0.00140703 | acc_sim = 0.946 | acc_phy = 0.944 
| epoch = 19 | step =   100 | loss_onn = 1.528 | loss_cn = 0.00139841 | acc_sim = 0.946 | acc_phy = 0.944 
| epoch = 19 | step =   110 | loss_onn = 1.528 | loss_cn = 0.00139855 | acc_sim = 0.946 | acc_phy = 0.945 
| epoch = 19 | step =   120 | loss_onn = 1.528 | loss_cn = 0.00139938 | acc_sim = 0.946 | acc_phy = 0.945 
Phy accuracy of the network on 10000 test images: 0.946


Current training epoch: 20, learning rate for onn: 0.0005, learning rate for compensating network: 0.0005
| epoch = 20 | step =    10 | loss_onn = 1.527 | loss_cn = 0.00133613 | acc_sim = 0.948 | acc_phy = 0.946 
| epoch = 20 | step =    20 | loss_onn = 1.527 | loss_cn = 0.00130783 | acc_sim = 0.948 | acc_phy = 0.947 
| epoch = 20 | step =    30 | loss_onn = 1.527 | loss_cn = 0.00131419 | acc_sim = 0.947 | acc_phy = 0.946 
| epoch = 20 | step =    40 | loss_onn = 1.526 | loss_cn = 0.00133576 | acc_sim = 0.948 | acc_phy = 0.946 
| epoch = 20 | step =    50 | loss_onn = 1.527 | loss_cn = 0.00133375 | acc_sim = 0.947 | acc_phy = 0.945 
| epoch = 20 | step =    60 | loss_onn = 1.526 | loss_cn = 0.00133124 | acc_sim = 0.947 | acc_phy = 0.946 
| epoch = 20 | step =    70 | loss_onn = 1.526 | loss_cn = 0.00133848 | acc_sim = 0.947 | acc_phy = 0.946 
| epoch = 20 | step =    80 | loss_onn = 1.526 | loss_cn = 0.00133628 | acc_sim = 0.948 | acc_phy = 0.946 
| epoch = 20 | step =    90 | loss_onn = 1.526 | loss_cn = 0.00133666 | acc_sim = 0.948 | acc_phy = 0.947 
| epoch = 20 | step =   100 | loss_onn = 1.526 | loss_cn = 0.00134091 | acc_sim = 0.948 | acc_phy = 0.947 
| epoch = 20 | step =   110 | loss_onn = 1.526 | loss_cn = 0.00134108 | acc_sim = 0.948 | acc_phy = 0.947 
| epoch = 20 | step =   120 | loss_onn = 1.526 | loss_cn = 0.00134182 | acc_sim = 0.948 | acc_phy = 0.946 
Phy accuracy of the network on 10000 test images: 0.948


Current training epoch: 21, learning rate for onn: 0.00025, learning rate for compensating network: 0.00025
| epoch = 21 | step =    10 | loss_onn = 1.523 | loss_cn = 0.00118981 | acc_sim = 0.951 | acc_phy = 0.948 
| epoch = 21 | step =    20 | loss_onn = 1.526 | loss_cn = 0.00119351 | acc_sim = 0.947 | acc_phy = 0.945 
| epoch = 21 | step =    30 | loss_onn = 1.526 | loss_cn = 0.00119092 | acc_sim = 0.947 | acc_phy = 0.945 
| epoch = 21 | step =    40 | loss_onn = 1.525 | loss_cn = 0.00118661 | acc_sim = 0.948 | acc_phy = 0.946 
| epoch = 21 | step =    50 | loss_onn = 1.526 | loss_cn = 0.00119175 | acc_sim = 0.947 | acc_phy = 0.946 
| epoch = 21 | step =    60 | loss_onn = 1.525 | loss_cn = 0.00118221 | acc_sim = 0.947 | acc_phy = 0.946 
| epoch = 21 | step =    70 | loss_onn = 1.525 | loss_cn = 0.00117931 | acc_sim = 0.947 | acc_phy = 0.946 
| epoch = 21 | step =    80 | loss_onn = 1.525 | loss_cn = 0.00117853 | acc_sim = 0.948 | acc_phy = 0.947 
| epoch = 21 | step =    90 | loss_onn = 1.525 | loss_cn = 0.00117597 | acc_sim = 0.948 | acc_phy = 0.947 
| epoch = 21 | step =   100 | loss_onn = 1.525 | loss_cn = 0.00117888 | acc_sim = 0.948 | acc_phy = 0.947 
| epoch = 21 | step =   110 | loss_onn = 1.525 | loss_cn = 0.00117598 | acc_sim = 0.948 | acc_phy = 0.947 
| epoch = 21 | step =   120 | loss_onn = 1.525 | loss_cn = 0.00117786 | acc_sim = 0.949 | acc_phy = 0.947 
Phy accuracy of the network on 10000 test images: 0.949


Current training epoch: 22, learning rate for onn: 0.00025, learning rate for compensating network: 0.00025
| epoch = 22 | step =    10 | loss_onn = 1.526 | loss_cn = 0.00116122 | acc_sim = 0.947 | acc_phy = 0.947 
| epoch = 22 | step =    20 | loss_onn = 1.526 | loss_cn = 0.00116042 | acc_sim = 0.948 | acc_phy = 0.948 
| epoch = 22 | step =    30 | loss_onn = 1.527 | loss_cn = 0.00115851 | acc_sim = 0.947 | acc_phy = 0.947 
| epoch = 22 | step =    40 | loss_onn = 1.527 | loss_cn = 0.00116423 | acc_sim = 0.947 | acc_phy = 0.946 
| epoch = 22 | step =    50 | loss_onn = 1.526 | loss_cn = 0.00116430 | acc_sim = 0.947 | acc_phy = 0.946 
| epoch = 22 | step =    60 | loss_onn = 1.526 | loss_cn = 0.00116818 | acc_sim = 0.948 | acc_phy = 0.947 
| epoch = 22 | step =    70 | loss_onn = 1.525 | loss_cn = 0.00116918 | acc_sim = 0.948 | acc_phy = 0.947 
| epoch = 22 | step =    80 | loss_onn = 1.525 | loss_cn = 0.00116533 | acc_sim = 0.949 | acc_phy = 0.948 
| epoch = 22 | step =    90 | loss_onn = 1.525 | loss_cn = 0.00116865 | acc_sim = 0.949 | acc_phy = 0.948 
| epoch = 22 | step =   100 | loss_onn = 1.525 | loss_cn = 0.00116689 | acc_sim = 0.949 | acc_phy = 0.948 
| epoch = 22 | step =   110 | loss_onn = 1.525 | loss_cn = 0.00116582 | acc_sim = 0.949 | acc_phy = 0.948 
| epoch = 22 | step =   120 | loss_onn = 1.525 | loss_cn = 0.00116374 | acc_sim = 0.949 | acc_phy = 0.948 
Phy accuracy of the network on 10000 test images: 0.949


Current training epoch: 23, learning rate for onn: 0.00025, learning rate for compensating network: 0.00025
| epoch = 23 | step =    10 | loss_onn = 1.527 | loss_cn = 0.00117628 | acc_sim = 0.949 | acc_phy = 0.947 
| epoch = 23 | step =    20 | loss_onn = 1.527 | loss_cn = 0.00115410 | acc_sim = 0.949 | acc_phy = 0.947 
| epoch = 23 | step =    30 | loss_onn = 1.527 | loss_cn = 0.00115055 | acc_sim = 0.950 | acc_phy = 0.948 
| epoch = 23 | step =    40 | loss_onn = 1.527 | loss_cn = 0.00115410 | acc_sim = 0.950 | acc_phy = 0.948 
| epoch = 23 | step =    50 | loss_onn = 1.527 | loss_cn = 0.00116889 | acc_sim = 0.950 | acc_phy = 0.948 
| epoch = 23 | step =    60 | loss_onn = 1.528 | loss_cn = 0.00119742 | acc_sim = 0.950 | acc_phy = 0.948 
| epoch = 23 | step =    70 | loss_onn = 1.530 | loss_cn = 0.00122607 | acc_sim = 0.950 | acc_phy = 0.948 
| epoch = 23 | step =    80 | loss_onn = 1.533 | loss_cn = 0.00128347 | acc_sim = 0.950 | acc_phy = 0.949 
| epoch = 23 | step =    90 | loss_onn = 1.539 | loss_cn = 0.00137692 | acc_sim = 0.949 | acc_phy = 0.948 
| epoch = 23 | step =   100 | loss_onn = 1.545 | loss_cn = 0.00143783 | acc_sim = 0.943 | acc_phy = 0.943 
| epoch = 23 | step =   110 | loss_onn = 1.550 | loss_cn = 0.00147133 | acc_sim = 0.939 | acc_phy = 0.940 
| epoch = 23 | step =   120 | loss_onn = 1.553 | loss_cn = 0.00148409 | acc_sim = 0.938 | acc_phy = 0.939 
Phy accuracy of the network on 10000 test images: 0.940


Current training epoch: 24, learning rate for onn: 0.00025, learning rate for compensating network: 0.00025
| epoch = 24 | step =    10 | loss_onn = 1.571 | loss_cn = 0.00157623 | acc_sim = 0.945 | acc_phy = 0.941 
| epoch = 24 | step =    20 | loss_onn = 1.568 | loss_cn = 0.00155164 | acc_sim = 0.943 | acc_phy = 0.941 
| epoch = 24 | step =    30 | loss_onn = 1.562 | loss_cn = 0.00151752 | acc_sim = 0.945 | acc_phy = 0.943 
| epoch = 24 | step =    40 | loss_onn = 1.557 | loss_cn = 0.00146872 | acc_sim = 0.946 | acc_phy = 0.944 
| epoch = 24 | step =    50 | loss_onn = 1.553 | loss_cn = 0.00143263 | acc_sim = 0.947 | acc_phy = 0.945 
| epoch = 24 | step =    60 | loss_onn = 1.550 | loss_cn = 0.00140212 | acc_sim = 0.947 | acc_phy = 0.945 
| epoch = 24 | step =    70 | loss_onn = 1.547 | loss_cn = 0.00137744 | acc_sim = 0.947 | acc_phy = 0.946 
| epoch = 24 | step =    80 | loss_onn = 1.545 | loss_cn = 0.00135728 | acc_sim = 0.948 | acc_phy = 0.946 
| epoch = 24 | step =    90 | loss_onn = 1.543 | loss_cn = 0.00133600 | acc_sim = 0.948 | acc_phy = 0.946 
| epoch = 24 | step =   100 | loss_onn = 1.541 | loss_cn = 0.00131956 | acc_sim = 0.949 | acc_phy = 0.947 
| epoch = 24 | step =   110 | loss_onn = 1.540 | loss_cn = 0.00130536 | acc_sim = 0.949 | acc_phy = 0.947 
| epoch = 24 | step =   120 | loss_onn = 1.539 | loss_cn = 0.00129644 | acc_sim = 0.949 | acc_phy = 0.947 
Phy accuracy of the network on 10000 test images: 0.950


Current training epoch: 25, learning rate for onn: 0.00025, learning rate for compensating network: 0.00025
| epoch = 25 | step =    10 | loss_onn = 1.526 | loss_cn = 0.00115323 | acc_sim = 0.947 | acc_phy = 0.946 
| epoch = 25 | step =    20 | loss_onn = 1.526 | loss_cn = 0.00114283 | acc_sim = 0.949 | acc_phy = 0.948 
| epoch = 25 | step =    30 | loss_onn = 1.525 | loss_cn = 0.00112286 | acc_sim = 0.949 | acc_phy = 0.949 
| epoch = 25 | step =    40 | loss_onn = 1.525 | loss_cn = 0.00113144 | acc_sim = 0.948 | acc_phy = 0.948 
| epoch = 25 | step =    50 | loss_onn = 1.525 | loss_cn = 0.00111896 | acc_sim = 0.949 | acc_phy = 0.949 
| epoch = 25 | step =    60 | loss_onn = 1.525 | loss_cn = 0.00111761 | acc_sim = 0.949 | acc_phy = 0.949 
| epoch = 25 | step =    70 | loss_onn = 1.525 | loss_cn = 0.00112371 | acc_sim = 0.949 | acc_phy = 0.948 
| epoch = 25 | step =    80 | loss_onn = 1.525 | loss_cn = 0.00112038 | acc_sim = 0.949 | acc_phy = 0.949 
| epoch = 25 | step =    90 | loss_onn = 1.524 | loss_cn = 0.00112402 | acc_sim = 0.949 | acc_phy = 0.949 
| epoch = 25 | step =   100 | loss_onn = 1.524 | loss_cn = 0.00112424 | acc_sim = 0.949 | acc_phy = 0.949 
| epoch = 25 | step =   110 | loss_onn = 1.524 | loss_cn = 0.00111868 | acc_sim = 0.950 | acc_phy = 0.949 
| epoch = 25 | step =   120 | loss_onn = 1.524 | loss_cn = 0.00111858 | acc_sim = 0.950 | acc_phy = 0.949 
Phy accuracy of the network on 10000 test images: 0.950


Current training epoch: 26, learning rate for onn: 0.00025, learning rate for compensating network: 0.00025
| epoch = 26 | step =    10 | loss_onn = 1.523 | loss_cn = 0.00104529 | acc_sim = 0.949 | acc_phy = 0.947 
| epoch = 26 | step =    20 | loss_onn = 1.523 | loss_cn = 0.00105240 | acc_sim = 0.950 | acc_phy = 0.949 
| epoch = 26 | step =    30 | loss_onn = 1.522 | loss_cn = 0.00106631 | acc_sim = 0.952 | acc_phy = 0.951 
| epoch = 26 | step =    40 | loss_onn = 1.522 | loss_cn = 0.00106579 | acc_sim = 0.951 | acc_phy = 0.950 
| epoch = 26 | step =    50 | loss_onn = 1.522 | loss_cn = 0.00106203 | acc_sim = 0.951 | acc_phy = 0.951 
| epoch = 26 | step =    60 | loss_onn = 1.522 | loss_cn = 0.00107202 | acc_sim = 0.951 | acc_phy = 0.950 
| epoch = 26 | step =    70 | loss_onn = 1.522 | loss_cn = 0.00108354 | acc_sim = 0.951 | acc_phy = 0.950 
| epoch = 26 | step =    80 | loss_onn = 1.522 | loss_cn = 0.00108118 | acc_sim = 0.951 | acc_phy = 0.950 
| epoch = 26 | step =    90 | loss_onn = 1.521 | loss_cn = 0.00107535 | acc_sim = 0.951 | acc_phy = 0.951 
| epoch = 26 | step =   100 | loss_onn = 1.521 | loss_cn = 0.00107939 | acc_sim = 0.951 | acc_phy = 0.951 
| epoch = 26 | step =   110 | loss_onn = 1.522 | loss_cn = 0.00107972 | acc_sim = 0.951 | acc_phy = 0.950 
| epoch = 26 | step =   120 | loss_onn = 1.522 | loss_cn = 0.00108136 | acc_sim = 0.951 | acc_phy = 0.950 
Phy accuracy of the network on 10000 test images: 0.951


Current training epoch: 27, learning rate for onn: 0.00025, learning rate for compensating network: 0.00025
| epoch = 27 | step =    10 | loss_onn = 1.520 | loss_cn = 0.00103606 | acc_sim = 0.952 | acc_phy = 0.951 
| epoch = 27 | step =    20 | loss_onn = 1.519 | loss_cn = 0.00105017 | acc_sim = 0.953 | acc_phy = 0.952 
| epoch = 27 | step =    30 | loss_onn = 1.521 | loss_cn = 0.00105648 | acc_sim = 0.952 | acc_phy = 0.950 
| epoch = 27 | step =    40 | loss_onn = 1.521 | loss_cn = 0.00106776 | acc_sim = 0.952 | acc_phy = 0.950 
| epoch = 27 | step =    50 | loss_onn = 1.520 | loss_cn = 0.00106235 | acc_sim = 0.952 | acc_phy = 0.951 
| epoch = 27 | step =    60 | loss_onn = 1.520 | loss_cn = 0.00105998 | acc_sim = 0.953 | acc_phy = 0.951 
| epoch = 27 | step =    70 | loss_onn = 1.519 | loss_cn = 0.00105878 | acc_sim = 0.953 | acc_phy = 0.952 
| epoch = 27 | step =    80 | loss_onn = 1.520 | loss_cn = 0.00106332 | acc_sim = 0.953 | acc_phy = 0.951 
| epoch = 27 | step =    90 | loss_onn = 1.520 | loss_cn = 0.00106508 | acc_sim = 0.953 | acc_phy = 0.952 
| epoch = 27 | step =   100 | loss_onn = 1.520 | loss_cn = 0.00106236 | acc_sim = 0.952 | acc_phy = 0.951 
| epoch = 27 | step =   110 | loss_onn = 1.520 | loss_cn = 0.00106024 | acc_sim = 0.952 | acc_phy = 0.951 
| epoch = 27 | step =   120 | loss_onn = 1.520 | loss_cn = 0.00106822 | acc_sim = 0.952 | acc_phy = 0.951 
Phy accuracy of the network on 10000 test images: 0.951


Current training epoch: 28, learning rate for onn: 0.00025, learning rate for compensating network: 0.00025
| epoch = 28 | step =    10 | loss_onn = 1.517 | loss_cn = 0.00103448 | acc_sim = 0.954 | acc_phy = 0.952 
| epoch = 28 | step =    20 | loss_onn = 1.520 | loss_cn = 0.00104689 | acc_sim = 0.951 | acc_phy = 0.950 
| epoch = 28 | step =    30 | loss_onn = 1.520 | loss_cn = 0.00103593 | acc_sim = 0.951 | acc_phy = 0.950 
| epoch = 28 | step =    40 | loss_onn = 1.520 | loss_cn = 0.00103647 | acc_sim = 0.952 | acc_phy = 0.951 
| epoch = 28 | step =    50 | loss_onn = 1.519 | loss_cn = 0.00104021 | acc_sim = 0.953 | acc_phy = 0.952 
| epoch = 28 | step =    60 | loss_onn = 1.519 | loss_cn = 0.00104083 | acc_sim = 0.954 | acc_phy = 0.952 
| epoch = 28 | step =    70 | loss_onn = 1.519 | loss_cn = 0.00104277 | acc_sim = 0.953 | acc_phy = 0.952 
| epoch = 28 | step =    80 | loss_onn = 1.519 | loss_cn = 0.00103881 | acc_sim = 0.953 | acc_phy = 0.952 
| epoch = 28 | step =    90 | loss_onn = 1.520 | loss_cn = 0.00104277 | acc_sim = 0.953 | acc_phy = 0.951 
| epoch = 28 | step =   100 | loss_onn = 1.519 | loss_cn = 0.00104419 | acc_sim = 0.953 | acc_phy = 0.952 
| epoch = 28 | step =   110 | loss_onn = 1.520 | loss_cn = 0.00104787 | acc_sim = 0.953 | acc_phy = 0.951 
| epoch = 28 | step =   120 | loss_onn = 1.520 | loss_cn = 0.00104941 | acc_sim = 0.953 | acc_phy = 0.951 
Phy accuracy of the network on 10000 test images: 0.951


Current training epoch: 29, learning rate for onn: 0.00025, learning rate for compensating network: 0.00025
| epoch = 29 | step =    10 | loss_onn = 1.518 | loss_cn = 0.00101139 | acc_sim = 0.952 | acc_phy = 0.952 
| epoch = 29 | step =    20 | loss_onn = 1.519 | loss_cn = 0.00102909 | acc_sim = 0.952 | acc_phy = 0.952 
| epoch = 29 | step =    30 | loss_onn = 1.520 | loss_cn = 0.00103707 | acc_sim = 0.951 | acc_phy = 0.951 
| epoch = 29 | step =    40 | loss_onn = 1.520 | loss_cn = 0.00102987 | acc_sim = 0.952 | acc_phy = 0.951 
| epoch = 29 | step =    50 | loss_onn = 1.520 | loss_cn = 0.00102346 | acc_sim = 0.952 | acc_phy = 0.952 
| epoch = 29 | step =    60 | loss_onn = 1.519 | loss_cn = 0.00102025 | acc_sim = 0.953 | acc_phy = 0.952 
| epoch = 29 | step =    70 | loss_onn = 1.519 | loss_cn = 0.00101998 | acc_sim = 0.953 | acc_phy = 0.952 
| epoch = 29 | step =    80 | loss_onn = 1.519 | loss_cn = 0.00101586 | acc_sim = 0.953 | acc_phy = 0.952 
| epoch = 29 | step =    90 | loss_onn = 1.519 | loss_cn = 0.00102096 | acc_sim = 0.952 | acc_phy = 0.952 
| epoch = 29 | step =   100 | loss_onn = 1.519 | loss_cn = 0.00102216 | acc_sim = 0.952 | acc_phy = 0.952 
| epoch = 29 | step =   110 | loss_onn = 1.519 | loss_cn = 0.00102418 | acc_sim = 0.953 | acc_phy = 0.952 
| epoch = 29 | step =   120 | loss_onn = 1.519 | loss_cn = 0.00102607 | acc_sim = 0.953 | acc_phy = 0.952 
Phy accuracy of the network on 10000 test images: 0.952


Current training epoch: 30, learning rate for onn: 0.00025, learning rate for compensating network: 0.00025
| epoch = 30 | step =    10 | loss_onn = 1.517 | loss_cn = 0.00099727 | acc_sim = 0.957 | acc_phy = 0.955 
| epoch = 30 | step =    20 | loss_onn = 1.518 | loss_cn = 0.00101476 | acc_sim = 0.955 | acc_phy = 0.954 
| epoch = 30 | step =    30 | loss_onn = 1.517 | loss_cn = 0.00101366 | acc_sim = 0.955 | acc_phy = 0.954 
| epoch = 30 | step =    40 | loss_onn = 1.517 | loss_cn = 0.00101836 | acc_sim = 0.955 | acc_phy = 0.955 
| epoch = 30 | step =    50 | loss_onn = 1.517 | loss_cn = 0.00102260 | acc_sim = 0.955 | acc_phy = 0.954 
| epoch = 30 | step =    60 | loss_onn = 1.518 | loss_cn = 0.00102697 | acc_sim = 0.954 | acc_phy = 0.953 
| epoch = 30 | step =    70 | loss_onn = 1.518 | loss_cn = 0.00102122 | acc_sim = 0.954 | acc_phy = 0.953 
| epoch = 30 | step =    80 | loss_onn = 1.519 | loss_cn = 0.00101860 | acc_sim = 0.953 | acc_phy = 0.952 
| epoch = 30 | step =    90 | loss_onn = 1.519 | loss_cn = 0.00101699 | acc_sim = 0.953 | acc_phy = 0.952 
| epoch = 30 | step =   100 | loss_onn = 1.518 | loss_cn = 0.00101982 | acc_sim = 0.954 | acc_phy = 0.953 
| epoch = 30 | step =   110 | loss_onn = 1.518 | loss_cn = 0.00102179 | acc_sim = 0.954 | acc_phy = 0.953 
| epoch = 30 | step =   120 | loss_onn = 1.518 | loss_cn = 0.00102121 | acc_sim = 0.954 | acc_phy = 0.953 
Phy accuracy of the network on 10000 test images: 0.953


Current training epoch: 31, learning rate for onn: 0.000125, learning rate for compensating network: 0.000125
| epoch = 31 | step =    10 | loss_onn = 1.518 | loss_cn = 0.00093260 | acc_sim = 0.954 | acc_phy = 0.953 
| epoch = 31 | step =    20 | loss_onn = 1.517 | loss_cn = 0.00093547 | acc_sim = 0.954 | acc_phy = 0.955 
| epoch = 31 | step =    30 | loss_onn = 1.517 | loss_cn = 0.00092287 | acc_sim = 0.955 | acc_phy = 0.954 
| epoch = 31 | step =    40 | loss_onn = 1.517 | loss_cn = 0.00092636 | acc_sim = 0.955 | acc_phy = 0.954 
| epoch = 31 | step =    50 | loss_onn = 1.517 | loss_cn = 0.00093092 | acc_sim = 0.954 | acc_phy = 0.953 
| epoch = 31 | step =    60 | loss_onn = 1.518 | loss_cn = 0.00093542 | acc_sim = 0.953 | acc_phy = 0.953 
| epoch = 31 | step =    70 | loss_onn = 1.518 | loss_cn = 0.00093698 | acc_sim = 0.953 | acc_phy = 0.953 
| epoch = 31 | step =    80 | loss_onn = 1.518 | loss_cn = 0.00093463 | acc_sim = 0.954 | acc_phy = 0.953 
| epoch = 31 | step =    90 | loss_onn = 1.518 | loss_cn = 0.00093846 | acc_sim = 0.953 | acc_phy = 0.953 
| epoch = 31 | step =   100 | loss_onn = 1.518 | loss_cn = 0.00093687 | acc_sim = 0.953 | acc_phy = 0.953 
| epoch = 31 | step =   110 | loss_onn = 1.518 | loss_cn = 0.00093884 | acc_sim = 0.954 | acc_phy = 0.953 
| epoch = 31 | step =   120 | loss_onn = 1.518 | loss_cn = 0.00093815 | acc_sim = 0.954 | acc_phy = 0.953 
Phy accuracy of the network on 10000 test images: 0.953


Current training epoch: 32, learning rate for onn: 0.000125, learning rate for compensating network: 0.000125
| epoch = 32 | step =    10 | loss_onn = 1.517 | loss_cn = 0.00088163 | acc_sim = 0.953 | acc_phy = 0.953 
| epoch = 32 | step =    20 | loss_onn = 1.517 | loss_cn = 0.00090371 | acc_sim = 0.954 | acc_phy = 0.954 
| epoch = 32 | step =    30 | loss_onn = 1.516 | loss_cn = 0.00091157 | acc_sim = 0.955 | acc_phy = 0.955 
| epoch = 32 | step =    40 | loss_onn = 1.516 | loss_cn = 0.00090961 | acc_sim = 0.955 | acc_phy = 0.955 
| epoch = 32 | step =    50 | loss_onn = 1.516 | loss_cn = 0.00091234 | acc_sim = 0.955 | acc_phy = 0.955 
| epoch = 32 | step =    60 | loss_onn = 1.516 | loss_cn = 0.00091276 | acc_sim = 0.955 | acc_phy = 0.955 
| epoch = 32 | step =    70 | loss_onn = 1.516 | loss_cn = 0.00091969 | acc_sim = 0.955 | acc_phy = 0.955 
| epoch = 32 | step =    80 | loss_onn = 1.517 | loss_cn = 0.00092302 | acc_sim = 0.954 | acc_phy = 0.954 
| epoch = 32 | step =    90 | loss_onn = 1.517 | loss_cn = 0.00092471 | acc_sim = 0.954 | acc_phy = 0.954 
| epoch = 32 | step =   100 | loss_onn = 1.517 | loss_cn = 0.00092798 | acc_sim = 0.954 | acc_phy = 0.954 
| epoch = 32 | step =   110 | loss_onn = 1.517 | loss_cn = 0.00093132 | acc_sim = 0.954 | acc_phy = 0.954 
| epoch = 32 | step =   120 | loss_onn = 1.517 | loss_cn = 0.00093350 | acc_sim = 0.954 | acc_phy = 0.954 
Phy accuracy of the network on 10000 test images: 0.953


Current training epoch: 33, learning rate for onn: 0.000125, learning rate for compensating network: 0.000125
| epoch = 33 | step =    10 | loss_onn = 1.519 | loss_cn = 0.00091444 | acc_sim = 0.951 | acc_phy = 0.950 
| epoch = 33 | step =    20 | loss_onn = 1.517 | loss_cn = 0.00091622 | acc_sim = 0.953 | acc_phy = 0.953 
| epoch = 33 | step =    30 | loss_onn = 1.518 | loss_cn = 0.00092375 | acc_sim = 0.953 | acc_phy = 0.953 
| epoch = 33 | step =    40 | loss_onn = 1.518 | loss_cn = 0.00092789 | acc_sim = 0.954 | acc_phy = 0.953 
| epoch = 33 | step =    50 | loss_onn = 1.518 | loss_cn = 0.00093533 | acc_sim = 0.953 | acc_phy = 0.952 
| epoch = 33 | step =    60 | loss_onn = 1.518 | loss_cn = 0.00093781 | acc_sim = 0.953 | acc_phy = 0.952 
| epoch = 33 | step =    70 | loss_onn = 1.518 | loss_cn = 0.00093259 | acc_sim = 0.954 | acc_phy = 0.953 
| epoch = 33 | step =    80 | loss_onn = 1.518 | loss_cn = 0.00093026 | acc_sim = 0.954 | acc_phy = 0.953 
| epoch = 33 | step =    90 | loss_onn = 1.518 | loss_cn = 0.00093022 | acc_sim = 0.954 | acc_phy = 0.953 
| epoch = 33 | step =   100 | loss_onn = 1.517 | loss_cn = 0.00092899 | acc_sim = 0.954 | acc_phy = 0.954 
| epoch = 33 | step =   110 | loss_onn = 1.517 | loss_cn = 0.00093028 | acc_sim = 0.955 | acc_phy = 0.954 
| epoch = 33 | step =   120 | loss_onn = 1.517 | loss_cn = 0.00092853 | acc_sim = 0.955 | acc_phy = 0.954 
Phy accuracy of the network on 10000 test images: 0.953


Current training epoch: 34, learning rate for onn: 0.000125, learning rate for compensating network: 0.000125
| epoch = 34 | step =    10 | loss_onn = 1.516 | loss_cn = 0.00089116 | acc_sim = 0.956 | acc_phy = 0.954 
| epoch = 34 | step =    20 | loss_onn = 1.517 | loss_cn = 0.00088545 | acc_sim = 0.955 | acc_phy = 0.954 
| epoch = 34 | step =    30 | loss_onn = 1.518 | loss_cn = 0.00089898 | acc_sim = 0.953 | acc_phy = 0.952 
| epoch = 34 | step =    40 | loss_onn = 1.518 | loss_cn = 0.00090192 | acc_sim = 0.953 | acc_phy = 0.952 
| epoch = 34 | step =    50 | loss_onn = 1.517 | loss_cn = 0.00090363 | acc_sim = 0.955 | acc_phy = 0.953 
| epoch = 34 | step =    60 | loss_onn = 1.517 | loss_cn = 0.00090694 | acc_sim = 0.954 | acc_phy = 0.953 
| epoch = 34 | step =    70 | loss_onn = 1.516 | loss_cn = 0.00090788 | acc_sim = 0.955 | acc_phy = 0.954 
| epoch = 34 | step =    80 | loss_onn = 1.517 | loss_cn = 0.00091330 | acc_sim = 0.955 | acc_phy = 0.954 
| epoch = 34 | step =    90 | loss_onn = 1.516 | loss_cn = 0.00091438 | acc_sim = 0.955 | acc_phy = 0.955 
| epoch = 34 | step =   100 | loss_onn = 1.517 | loss_cn = 0.00092028 | acc_sim = 0.955 | acc_phy = 0.954 
| epoch = 34 | step =   110 | loss_onn = 1.517 | loss_cn = 0.00092278 | acc_sim = 0.955 | acc_phy = 0.954 
| epoch = 34 | step =   120 | loss_onn = 1.517 | loss_cn = 0.00092118 | acc_sim = 0.955 | acc_phy = 0.954 
Phy accuracy of the network on 10000 test images: 0.953


Current training epoch: 35, learning rate for onn: 0.000125, learning rate for compensating network: 0.000125
| epoch = 35 | step =    10 | loss_onn = 1.517 | loss_cn = 0.00091575 | acc_sim = 0.956 | acc_phy = 0.955 
| epoch = 35 | step =    20 | loss_onn = 1.518 | loss_cn = 0.00091557 | acc_sim = 0.955 | acc_phy = 0.953 
| epoch = 35 | step =    30 | loss_onn = 1.517 | loss_cn = 0.00091903 | acc_sim = 0.955 | acc_phy = 0.954 
| epoch = 35 | step =    40 | loss_onn = 1.517 | loss_cn = 0.00091436 | acc_sim = 0.955 | acc_phy = 0.953 
| epoch = 35 | step =    50 | loss_onn = 1.517 | loss_cn = 0.00091803 | acc_sim = 0.955 | acc_phy = 0.953 
| epoch = 35 | step =    60 | loss_onn = 1.517 | loss_cn = 0.00091584 | acc_sim = 0.954 | acc_phy = 0.953 
| epoch = 35 | step =    70 | loss_onn = 1.517 | loss_cn = 0.00091123 | acc_sim = 0.955 | acc_phy = 0.954 
| epoch = 35 | step =    80 | loss_onn = 1.516 | loss_cn = 0.00091052 | acc_sim = 0.955 | acc_phy = 0.954 
| epoch = 35 | step =    90 | loss_onn = 1.516 | loss_cn = 0.00091158 | acc_sim = 0.955 | acc_phy = 0.954 
| epoch = 35 | step =   100 | loss_onn = 1.517 | loss_cn = 0.00091275 | acc_sim = 0.955 | acc_phy = 0.954 
| epoch = 35 | step =   110 | loss_onn = 1.517 | loss_cn = 0.00091175 | acc_sim = 0.955 | acc_phy = 0.954 
| epoch = 35 | step =   120 | loss_onn = 1.516 | loss_cn = 0.00091245 | acc_sim = 0.955 | acc_phy = 0.954 
Phy accuracy of the network on 10000 test images: 0.954


Current training epoch: 36, learning rate for onn: 0.000125, learning rate for compensating network: 0.000125
| epoch = 36 | step =    10 | loss_onn = 1.512 | loss_cn = 0.00087800 | acc_sim = 0.960 | acc_phy = 0.959 
| epoch = 36 | step =    20 | loss_onn = 1.515 | loss_cn = 0.00089091 | acc_sim = 0.956 | acc_phy = 0.955 
| epoch = 36 | step =    30 | loss_onn = 1.514 | loss_cn = 0.00088985 | acc_sim = 0.958 | acc_phy = 0.957 
| epoch = 36 | step =    40 | loss_onn = 1.515 | loss_cn = 0.00088726 | acc_sim = 0.957 | acc_phy = 0.956 
| epoch = 36 | step =    50 | loss_onn = 1.516 | loss_cn = 0.00089272 | acc_sim = 0.956 | acc_phy = 0.955 
| epoch = 36 | step =    60 | loss_onn = 1.515 | loss_cn = 0.00088858 | acc_sim = 0.957 | acc_phy = 0.956 
| epoch = 36 | step =    70 | loss_onn = 1.515 | loss_cn = 0.00088945 | acc_sim = 0.957 | acc_phy = 0.956 
| epoch = 36 | step =    80 | loss_onn = 1.516 | loss_cn = 0.00089530 | acc_sim = 0.956 | acc_phy = 0.955 
| epoch = 36 | step =    90 | loss_onn = 1.516 | loss_cn = 0.00089899 | acc_sim = 0.956 | acc_phy = 0.955 
| epoch = 36 | step =   100 | loss_onn = 1.516 | loss_cn = 0.00090342 | acc_sim = 0.955 | acc_phy = 0.954 
| epoch = 36 | step =   110 | loss_onn = 1.516 | loss_cn = 0.00090388 | acc_sim = 0.955 | acc_phy = 0.954 
| epoch = 36 | step =   120 | loss_onn = 1.516 | loss_cn = 0.00090404 | acc_sim = 0.955 | acc_phy = 0.954 
Phy accuracy of the network on 10000 test images: 0.954


Current training epoch: 37, learning rate for onn: 0.000125, learning rate for compensating network: 0.000125
| epoch = 37 | step =    10 | loss_onn = 1.515 | loss_cn = 0.00086618 | acc_sim = 0.958 | acc_phy = 0.957 
| epoch = 37 | step =    20 | loss_onn = 1.514 | loss_cn = 0.00086036 | acc_sim = 0.958 | acc_phy = 0.958 
| epoch = 37 | step =    30 | loss_onn = 1.514 | loss_cn = 0.00087380 | acc_sim = 0.958 | acc_phy = 0.957 
| epoch = 37 | step =    40 | loss_onn = 1.515 | loss_cn = 0.00087978 | acc_sim = 0.957 | acc_phy = 0.956 
| epoch = 37 | step =    50 | loss_onn = 1.515 | loss_cn = 0.00088893 | acc_sim = 0.956 | acc_phy = 0.956 
| epoch = 37 | step =    60 | loss_onn = 1.515 | loss_cn = 0.00089496 | acc_sim = 0.956 | acc_phy = 0.956 
| epoch = 37 | step =    70 | loss_onn = 1.516 | loss_cn = 0.00089494 | acc_sim = 0.955 | acc_phy = 0.955 
| epoch = 37 | step =    80 | loss_onn = 1.516 | loss_cn = 0.00089903 | acc_sim = 0.955 | acc_phy = 0.955 
| epoch = 37 | step =    90 | loss_onn = 1.516 | loss_cn = 0.00090124 | acc_sim = 0.955 | acc_phy = 0.955 
| epoch = 37 | step =   100 | loss_onn = 1.516 | loss_cn = 0.00090243 | acc_sim = 0.955 | acc_phy = 0.955 
| epoch = 37 | step =   110 | loss_onn = 1.516 | loss_cn = 0.00090108 | acc_sim = 0.956 | acc_phy = 0.955 
| epoch = 37 | step =   120 | loss_onn = 1.516 | loss_cn = 0.00090427 | acc_sim = 0.956 | acc_phy = 0.955 
Phy accuracy of the network on 10000 test images: 0.954


Current training epoch: 38, learning rate for onn: 0.000125, learning rate for compensating network: 0.000125
| epoch = 38 | step =    10 | loss_onn = 1.518 | loss_cn = 0.00091669 | acc_sim = 0.952 | acc_phy = 0.951 
| epoch = 38 | step =    20 | loss_onn = 1.516 | loss_cn = 0.00089743 | acc_sim = 0.955 | acc_phy = 0.954 
| epoch = 38 | step =    30 | loss_onn = 1.516 | loss_cn = 0.00090039 | acc_sim = 0.955 | acc_phy = 0.954 
| epoch = 38 | step =    40 | loss_onn = 1.516 | loss_cn = 0.00090164 | acc_sim = 0.955 | acc_phy = 0.954 
| epoch = 38 | step =    50 | loss_onn = 1.517 | loss_cn = 0.00090129 | acc_sim = 0.954 | acc_phy = 0.954 
| epoch = 38 | step =    60 | loss_onn = 1.516 | loss_cn = 0.00090139 | acc_sim = 0.955 | acc_phy = 0.954 
| epoch = 38 | step =    70 | loss_onn = 1.516 | loss_cn = 0.00089900 | acc_sim = 0.955 | acc_phy = 0.955 
| epoch = 38 | step =    80 | loss_onn = 1.516 | loss_cn = 0.00089374 | acc_sim = 0.956 | acc_phy = 0.955 
| epoch = 38 | step =    90 | loss_onn = 1.516 | loss_cn = 0.00089250 | acc_sim = 0.956 | acc_phy = 0.955 
| epoch = 38 | step =   100 | loss_onn = 1.515 | loss_cn = 0.00089102 | acc_sim = 0.956 | acc_phy = 0.955 
| epoch = 38 | step =   110 | loss_onn = 1.516 | loss_cn = 0.00089180 | acc_sim = 0.956 | acc_phy = 0.955 
| epoch = 38 | step =   120 | loss_onn = 1.516 | loss_cn = 0.00089519 | acc_sim = 0.956 | acc_phy = 0.955 
Phy accuracy of the network on 10000 test images: 0.954


Current training epoch: 39, learning rate for onn: 0.000125, learning rate for compensating network: 0.000125
| epoch = 39 | step =    10 | loss_onn = 1.512 | loss_cn = 0.00086991 | acc_sim = 0.960 | acc_phy = 0.958 
| epoch = 39 | step =    20 | loss_onn = 1.515 | loss_cn = 0.00087913 | acc_sim = 0.956 | acc_phy = 0.955 
| epoch = 39 | step =    30 | loss_onn = 1.514 | loss_cn = 0.00088376 | acc_sim = 0.957 | acc_phy = 0.956 
| epoch = 39 | step =    40 | loss_onn = 1.515 | loss_cn = 0.00087236 | acc_sim = 0.956 | acc_phy = 0.955 
| epoch = 39 | step =    50 | loss_onn = 1.514 | loss_cn = 0.00087382 | acc_sim = 0.957 | acc_phy = 0.956 
| epoch = 39 | step =    60 | loss_onn = 1.515 | loss_cn = 0.00087659 | acc_sim = 0.956 | acc_phy = 0.956 
| epoch = 39 | step =    70 | loss_onn = 1.515 | loss_cn = 0.00087710 | acc_sim = 0.956 | acc_phy = 0.956 
| epoch = 39 | step =    80 | loss_onn = 1.515 | loss_cn = 0.00087820 | acc_sim = 0.956 | acc_phy = 0.955 
| epoch = 39 | step =    90 | loss_onn = 1.515 | loss_cn = 0.00087875 | acc_sim = 0.956 | acc_phy = 0.955 
| epoch = 39 | step =   100 | loss_onn = 1.516 | loss_cn = 0.00088099 | acc_sim = 0.955 | acc_phy = 0.955 
| epoch = 39 | step =   110 | loss_onn = 1.515 | loss_cn = 0.00088029 | acc_sim = 0.956 | acc_phy = 0.956 
| epoch = 39 | step =   120 | loss_onn = 1.515 | loss_cn = 0.00088267 | acc_sim = 0.956 | acc_phy = 0.956 
Phy accuracy of the network on 10000 test images: 0.955


Current training epoch: 40, learning rate for onn: 0.000125, learning rate for compensating network: 0.000125
| epoch = 40 | step =    10 | loss_onn = 1.516 | loss_cn = 0.00086425 | acc_sim = 0.956 | acc_phy = 0.955 
| epoch = 40 | step =    20 | loss_onn = 1.515 | loss_cn = 0.00086932 | acc_sim = 0.957 | acc_phy = 0.957 
| epoch = 40 | step =    30 | loss_onn = 1.514 | loss_cn = 0.00087606 | acc_sim = 0.956 | acc_phy = 0.956 
| epoch = 40 | step =    40 | loss_onn = 1.514 | loss_cn = 0.00087647 | acc_sim = 0.957 | acc_phy = 0.956 
| epoch = 40 | step =    50 | loss_onn = 1.515 | loss_cn = 0.00087259 | acc_sim = 0.957 | acc_phy = 0.956 
| epoch = 40 | step =    60 | loss_onn = 1.515 | loss_cn = 0.00087701 | acc_sim = 0.956 | acc_phy = 0.956 
| epoch = 40 | step =    70 | loss_onn = 1.515 | loss_cn = 0.00087360 | acc_sim = 0.956 | acc_phy = 0.956 
| epoch = 40 | step =    80 | loss_onn = 1.515 | loss_cn = 0.00087829 | acc_sim = 0.956 | acc_phy = 0.956 
| epoch = 40 | step =    90 | loss_onn = 1.515 | loss_cn = 0.00087739 | acc_sim = 0.956 | acc_phy = 0.956 
| epoch = 40 | step =   100 | loss_onn = 1.515 | loss_cn = 0.00087930 | acc_sim = 0.956 | acc_phy = 0.956 
| epoch = 40 | step =   110 | loss_onn = 1.515 | loss_cn = 0.00087985 | acc_sim = 0.956 | acc_phy = 0.956 
| epoch = 40 | step =   120 | loss_onn = 1.515 | loss_cn = 0.00088301 | acc_sim = 0.956 | acc_phy = 0.956 
Phy accuracy of the network on 10000 test images: 0.954


Current training epoch: 41, learning rate for onn: 6.25e-05, learning rate for compensating network: 6.25e-05
| epoch = 41 | step =    10 | loss_onn = 1.516 | loss_cn = 0.00085785 | acc_sim = 0.955 | acc_phy = 0.954 
| epoch = 41 | step =    20 | loss_onn = 1.516 | loss_cn = 0.00084425 | acc_sim = 0.955 | acc_phy = 0.954 
| epoch = 41 | step =    30 | loss_onn = 1.516 | loss_cn = 0.00083722 | acc_sim = 0.955 | acc_phy = 0.955 
| epoch = 41 | step =    40 | loss_onn = 1.515 | loss_cn = 0.00083960 | acc_sim = 0.957 | acc_phy = 0.956 
| epoch = 41 | step =    50 | loss_onn = 1.515 | loss_cn = 0.00083935 | acc_sim = 0.956 | acc_phy = 0.955 
| epoch = 41 | step =    60 | loss_onn = 1.515 | loss_cn = 0.00084396 | acc_sim = 0.956 | acc_phy = 0.955 
| epoch = 41 | step =    70 | loss_onn = 1.515 | loss_cn = 0.00084619 | acc_sim = 0.956 | acc_phy = 0.955 
| epoch = 41 | step =    80 | loss_onn = 1.516 | loss_cn = 0.00084904 | acc_sim = 0.956 | acc_phy = 0.955 
| epoch = 41 | step =    90 | loss_onn = 1.515 | loss_cn = 0.00084867 | acc_sim = 0.956 | acc_phy = 0.955 
| epoch = 41 | step =   100 | loss_onn = 1.515 | loss_cn = 0.00084745 | acc_sim = 0.956 | acc_phy = 0.955 
| epoch = 41 | step =   110 | loss_onn = 1.515 | loss_cn = 0.00084636 | acc_sim = 0.957 | acc_phy = 0.956 
| epoch = 41 | step =   120 | loss_onn = 1.515 | loss_cn = 0.00084595 | acc_sim = 0.957 | acc_phy = 0.956 
Phy accuracy of the network on 10000 test images: 0.955


Current training epoch: 42, learning rate for onn: 6.25e-05, learning rate for compensating network: 6.25e-05
| epoch = 42 | step =    10 | loss_onn = 1.513 | loss_cn = 0.00084324 | acc_sim = 0.960 | acc_phy = 0.960 
| epoch = 42 | step =    20 | loss_onn = 1.516 | loss_cn = 0.00084793 | acc_sim = 0.956 | acc_phy = 0.956 
| epoch = 42 | step =    30 | loss_onn = 1.515 | loss_cn = 0.00083828 | acc_sim = 0.957 | acc_phy = 0.957 
| epoch = 42 | step =    40 | loss_onn = 1.515 | loss_cn = 0.00083747 | acc_sim = 0.956 | acc_phy = 0.956 
| epoch = 42 | step =    50 | loss_onn = 1.516 | loss_cn = 0.00084190 | acc_sim = 0.956 | acc_phy = 0.956 
| epoch = 42 | step =    60 | loss_onn = 1.515 | loss_cn = 0.00084366 | acc_sim = 0.956 | acc_phy = 0.956 
| epoch = 42 | step =    70 | loss_onn = 1.515 | loss_cn = 0.00084185 | acc_sim = 0.957 | acc_phy = 0.957 
| epoch = 42 | step =    80 | loss_onn = 1.514 | loss_cn = 0.00084337 | acc_sim = 0.957 | acc_phy = 0.957 
| epoch = 42 | step =    90 | loss_onn = 1.515 | loss_cn = 0.00084437 | acc_sim = 0.957 | acc_phy = 0.957 
| epoch = 42 | step =   100 | loss_onn = 1.515 | loss_cn = 0.00084597 | acc_sim = 0.957 | acc_phy = 0.956 
| epoch = 42 | step =   110 | loss_onn = 1.515 | loss_cn = 0.00084471 | acc_sim = 0.957 | acc_phy = 0.956 
| epoch = 42 | step =   120 | loss_onn = 1.515 | loss_cn = 0.00084480 | acc_sim = 0.957 | acc_phy = 0.956 
Phy accuracy of the network on 10000 test images: 0.955


Current training epoch: 43, learning rate for onn: 6.25e-05, learning rate for compensating network: 6.25e-05
| epoch = 43 | step =    10 | loss_onn = 1.513 | loss_cn = 0.00082389 | acc_sim = 0.958 | acc_phy = 0.957 
| epoch = 43 | step =    20 | loss_onn = 1.513 | loss_cn = 0.00082396 | acc_sim = 0.959 | acc_phy = 0.958 
| epoch = 43 | step =    30 | loss_onn = 1.512 | loss_cn = 0.00082574 | acc_sim = 0.959 | acc_phy = 0.959 
| epoch = 43 | step =    40 | loss_onn = 1.513 | loss_cn = 0.00083017 | acc_sim = 0.958 | acc_phy = 0.957 
| epoch = 43 | step =    50 | loss_onn = 1.513 | loss_cn = 0.00082842 | acc_sim = 0.958 | acc_phy = 0.957 
| epoch = 43 | step =    60 | loss_onn = 1.514 | loss_cn = 0.00083315 | acc_sim = 0.958 | acc_phy = 0.957 
| epoch = 43 | step =    70 | loss_onn = 1.514 | loss_cn = 0.00083360 | acc_sim = 0.957 | acc_phy = 0.956 
| epoch = 43 | step =    80 | loss_onn = 1.514 | loss_cn = 0.00083571 | acc_sim = 0.958 | acc_phy = 0.957 
| epoch = 43 | step =    90 | loss_onn = 1.514 | loss_cn = 0.00083925 | acc_sim = 0.957 | acc_phy = 0.956 
| epoch = 43 | step =   100 | loss_onn = 1.514 | loss_cn = 0.00083778 | acc_sim = 0.957 | acc_phy = 0.956 
| epoch = 43 | step =   110 | loss_onn = 1.514 | loss_cn = 0.00083889 | acc_sim = 0.957 | acc_phy = 0.956 
| epoch = 43 | step =   120 | loss_onn = 1.514 | loss_cn = 0.00084016 | acc_sim = 0.957 | acc_phy = 0.956 
Phy accuracy of the network on 10000 test images: 0.955


Current training epoch: 44, learning rate for onn: 6.25e-05, learning rate for compensating network: 6.25e-05
| epoch = 44 | step =    10 | loss_onn = 1.510 | loss_cn = 0.00080972 | acc_sim = 0.961 | acc_phy = 0.962 
| epoch = 44 | step =    20 | loss_onn = 1.513 | loss_cn = 0.00082361 | acc_sim = 0.959 | acc_phy = 0.959 
| epoch = 44 | step =    30 | loss_onn = 1.513 | loss_cn = 0.00083190 | acc_sim = 0.959 | acc_phy = 0.959 
| epoch = 44 | step =    40 | loss_onn = 1.513 | loss_cn = 0.00083354 | acc_sim = 0.959 | acc_phy = 0.959 
| epoch = 44 | step =    50 | loss_onn = 1.514 | loss_cn = 0.00083533 | acc_sim = 0.957 | acc_phy = 0.957 
| epoch = 44 | step =    60 | loss_onn = 1.515 | loss_cn = 0.00084402 | acc_sim = 0.957 | acc_phy = 0.956 
| epoch = 44 | step =    70 | loss_onn = 1.515 | loss_cn = 0.00084426 | acc_sim = 0.957 | acc_phy = 0.956 
| epoch = 44 | step =    80 | loss_onn = 1.514 | loss_cn = 0.00084292 | acc_sim = 0.957 | acc_phy = 0.957 
| epoch = 44 | step =    90 | loss_onn = 1.515 | loss_cn = 0.00084164 | acc_sim = 0.957 | acc_phy = 0.957 
| epoch = 44 | step =   100 | loss_onn = 1.514 | loss_cn = 0.00083983 | acc_sim = 0.957 | acc_phy = 0.957 
| epoch = 44 | step =   110 | loss_onn = 1.515 | loss_cn = 0.00083935 | acc_sim = 0.957 | acc_phy = 0.956 
| epoch = 44 | step =   120 | loss_onn = 1.514 | loss_cn = 0.00083824 | acc_sim = 0.957 | acc_phy = 0.957 
Phy accuracy of the network on 10000 test images: 0.955


Current training epoch: 45, learning rate for onn: 6.25e-05, learning rate for compensating network: 6.25e-05
| epoch = 45 | step =    10 | loss_onn = 1.517 | loss_cn = 0.00082454 | acc_sim = 0.954 | acc_phy = 0.953 
| epoch = 45 | step =    20 | loss_onn = 1.515 | loss_cn = 0.00082397 | acc_sim = 0.956 | acc_phy = 0.955 
| epoch = 45 | step =    30 | loss_onn = 1.514 | loss_cn = 0.00083114 | acc_sim = 0.958 | acc_phy = 0.957 
| epoch = 45 | step =    40 | loss_onn = 1.515 | loss_cn = 0.00083622 | acc_sim = 0.957 | acc_phy = 0.956 
| epoch = 45 | step =    50 | loss_onn = 1.515 | loss_cn = 0.00083844 | acc_sim = 0.957 | acc_phy = 0.956 
| epoch = 45 | step =    60 | loss_onn = 1.514 | loss_cn = 0.00083963 | acc_sim = 0.957 | acc_phy = 0.956 
| epoch = 45 | step =    70 | loss_onn = 1.514 | loss_cn = 0.00083996 | acc_sim = 0.958 | acc_phy = 0.957 
| epoch = 45 | step =    80 | loss_onn = 1.514 | loss_cn = 0.00083450 | acc_sim = 0.958 | acc_phy = 0.957 
| epoch = 45 | step =    90 | loss_onn = 1.514 | loss_cn = 0.00083330 | acc_sim = 0.958 | acc_phy = 0.957 
| epoch = 45 | step =   100 | loss_onn = 1.514 | loss_cn = 0.00083142 | acc_sim = 0.958 | acc_phy = 0.957 
| epoch = 45 | step =   110 | loss_onn = 1.514 | loss_cn = 0.00083108 | acc_sim = 0.958 | acc_phy = 0.957 
| epoch = 45 | step =   120 | loss_onn = 1.514 | loss_cn = 0.00083191 | acc_sim = 0.957 | acc_phy = 0.957 
Phy accuracy of the network on 10000 test images: 0.956


Current training epoch: 46, learning rate for onn: 6.25e-05, learning rate for compensating network: 6.25e-05
| epoch = 46 | step =    10 | loss_onn = 1.514 | loss_cn = 0.00081557 | acc_sim = 0.958 | acc_phy = 0.957 
| epoch = 46 | step =    20 | loss_onn = 1.516 | loss_cn = 0.00082297 | acc_sim = 0.955 | acc_phy = 0.954 
| epoch = 46 | step =    30 | loss_onn = 1.515 | loss_cn = 0.00082497 | acc_sim = 0.957 | acc_phy = 0.956 
| epoch = 46 | step =    40 | loss_onn = 1.515 | loss_cn = 0.00082172 | acc_sim = 0.957 | acc_phy = 0.956 
| epoch = 46 | step =    50 | loss_onn = 1.515 | loss_cn = 0.00082173 | acc_sim = 0.957 | acc_phy = 0.956 
| epoch = 46 | step =    60 | loss_onn = 1.515 | loss_cn = 0.00082342 | acc_sim = 0.956 | acc_phy = 0.956 
| epoch = 46 | step =    70 | loss_onn = 1.515 | loss_cn = 0.00082355 | acc_sim = 0.957 | acc_phy = 0.956 
| epoch = 46 | step =    80 | loss_onn = 1.514 | loss_cn = 0.00082665 | acc_sim = 0.958 | acc_phy = 0.957 
| epoch = 46 | step =    90 | loss_onn = 1.514 | loss_cn = 0.00082723 | acc_sim = 0.957 | acc_phy = 0.957 
| epoch = 46 | step =   100 | loss_onn = 1.514 | loss_cn = 0.00082659 | acc_sim = 0.957 | acc_phy = 0.957 
| epoch = 46 | step =   110 | loss_onn = 1.514 | loss_cn = 0.00082932 | acc_sim = 0.958 | acc_phy = 0.957 
| epoch = 46 | step =   120 | loss_onn = 1.514 | loss_cn = 0.00082963 | acc_sim = 0.958 | acc_phy = 0.957 
Phy accuracy of the network on 10000 test images: 0.956


Current training epoch: 47, learning rate for onn: 6.25e-05, learning rate for compensating network: 6.25e-05
| epoch = 47 | step =    10 | loss_onn = 1.511 | loss_cn = 0.00080491 | acc_sim = 0.961 | acc_phy = 0.959 
| epoch = 47 | step =    20 | loss_onn = 1.512 | loss_cn = 0.00080035 | acc_sim = 0.960 | acc_phy = 0.958 
| epoch = 47 | step =    30 | loss_onn = 1.512 | loss_cn = 0.00081287 | acc_sim = 0.960 | acc_phy = 0.958 
| epoch = 47 | step =    40 | loss_onn = 1.513 | loss_cn = 0.00081991 | acc_sim = 0.959 | acc_phy = 0.957 
| epoch = 47 | step =    50 | loss_onn = 1.514 | loss_cn = 0.00082227 | acc_sim = 0.958 | acc_phy = 0.957 
| epoch = 47 | step =    60 | loss_onn = 1.513 | loss_cn = 0.00082302 | acc_sim = 0.958 | acc_phy = 0.957 
| epoch = 47 | step =    70 | loss_onn = 1.513 | loss_cn = 0.00082497 | acc_sim = 0.958 | acc_phy = 0.957 
| epoch = 47 | step =    80 | loss_onn = 1.513 | loss_cn = 0.00082897 | acc_sim = 0.958 | acc_phy = 0.957 
| epoch = 47 | step =    90 | loss_onn = 1.513 | loss_cn = 0.00083080 | acc_sim = 0.958 | acc_phy = 0.957 
| epoch = 47 | step =   100 | loss_onn = 1.514 | loss_cn = 0.00083021 | acc_sim = 0.958 | acc_phy = 0.957 
| epoch = 47 | step =   110 | loss_onn = 1.514 | loss_cn = 0.00082977 | acc_sim = 0.957 | acc_phy = 0.957 
| epoch = 47 | step =   120 | loss_onn = 1.514 | loss_cn = 0.00083134 | acc_sim = 0.957 | acc_phy = 0.957 
Phy accuracy of the network on 10000 test images: 0.956


Current training epoch: 48, learning rate for onn: 6.25e-05, learning rate for compensating network: 6.25e-05
| epoch = 48 | step =    10 | loss_onn = 1.513 | loss_cn = 0.00084685 | acc_sim = 0.958 | acc_phy = 0.957 
| epoch = 48 | step =    20 | loss_onn = 1.514 | loss_cn = 0.00083965 | acc_sim = 0.957 | acc_phy = 0.957 
| epoch = 48 | step =    30 | loss_onn = 1.514 | loss_cn = 0.00084053 | acc_sim = 0.956 | acc_phy = 0.956 
| epoch = 48 | step =    40 | loss_onn = 1.514 | loss_cn = 0.00083270 | acc_sim = 0.956 | acc_phy = 0.956 
| epoch = 48 | step =    50 | loss_onn = 1.515 | loss_cn = 0.00083158 | acc_sim = 0.956 | acc_phy = 0.956 
| epoch = 48 | step =    60 | loss_onn = 1.514 | loss_cn = 0.00083317 | acc_sim = 0.957 | acc_phy = 0.957 
| epoch = 48 | step =    70 | loss_onn = 1.514 | loss_cn = 0.00083096 | acc_sim = 0.957 | acc_phy = 0.957 
| epoch = 48 | step =    80 | loss_onn = 1.514 | loss_cn = 0.00082840 | acc_sim = 0.957 | acc_phy = 0.956 
| epoch = 48 | step =    90 | loss_onn = 1.514 | loss_cn = 0.00082757 | acc_sim = 0.957 | acc_phy = 0.957 
| epoch = 48 | step =   100 | loss_onn = 1.514 | loss_cn = 0.00082748 | acc_sim = 0.957 | acc_phy = 0.957 
| epoch = 48 | step =   110 | loss_onn = 1.514 | loss_cn = 0.00082742 | acc_sim = 0.958 | acc_phy = 0.957 
| epoch = 48 | step =   120 | loss_onn = 1.514 | loss_cn = 0.00082787 | acc_sim = 0.957 | acc_phy = 0.957 
Phy accuracy of the network on 10000 test images: 0.956


Current training epoch: 49, learning rate for onn: 6.25e-05, learning rate for compensating network: 6.25e-05
| epoch = 49 | step =    10 | loss_onn = 1.509 | loss_cn = 0.00081016 | acc_sim = 0.963 | acc_phy = 0.962 
| epoch = 49 | step =    20 | loss_onn = 1.510 | loss_cn = 0.00080536 | acc_sim = 0.962 | acc_phy = 0.962 
| epoch = 49 | step =    30 | loss_onn = 1.511 | loss_cn = 0.00080599 | acc_sim = 0.961 | acc_phy = 0.961 
| epoch = 49 | step =    40 | loss_onn = 1.513 | loss_cn = 0.00080973 | acc_sim = 0.958 | acc_phy = 0.958 
| epoch = 49 | step =    50 | loss_onn = 1.513 | loss_cn = 0.00081046 | acc_sim = 0.957 | acc_phy = 0.957 
| epoch = 49 | step =    60 | loss_onn = 1.514 | loss_cn = 0.00080875 | acc_sim = 0.957 | acc_phy = 0.957 
| epoch = 49 | step =    70 | loss_onn = 1.513 | loss_cn = 0.00080762 | acc_sim = 0.958 | acc_phy = 0.957 
| epoch = 49 | step =    80 | loss_onn = 1.513 | loss_cn = 0.00080886 | acc_sim = 0.958 | acc_phy = 0.957 
| epoch = 49 | step =    90 | loss_onn = 1.513 | loss_cn = 0.00081598 | acc_sim = 0.958 | acc_phy = 0.957 
| epoch = 49 | step =   100 | loss_onn = 1.513 | loss_cn = 0.00082003 | acc_sim = 0.958 | acc_phy = 0.957 
| epoch = 49 | step =   110 | loss_onn = 1.513 | loss_cn = 0.00082167 | acc_sim = 0.958 | acc_phy = 0.957 
| epoch = 49 | step =   120 | loss_onn = 1.514 | loss_cn = 0.00082259 | acc_sim = 0.958 | acc_phy = 0.957 
Phy accuracy of the network on 10000 test images: 0.956


Current training epoch: 50, learning rate for onn: 6.25e-05, learning rate for compensating network: 6.25e-05
| epoch = 50 | step =    10 | loss_onn = 1.510 | loss_cn = 0.00081828 | acc_sim = 0.962 | acc_phy = 0.962 
| epoch = 50 | step =    20 | loss_onn = 1.512 | loss_cn = 0.00081881 | acc_sim = 0.960 | acc_phy = 0.959 
| epoch = 50 | step =    30 | loss_onn = 1.512 | loss_cn = 0.00081799 | acc_sim = 0.961 | acc_phy = 0.960 
| epoch = 50 | step =    40 | loss_onn = 1.512 | loss_cn = 0.00081593 | acc_sim = 0.960 | acc_phy = 0.960 
| epoch = 50 | step =    50 | loss_onn = 1.513 | loss_cn = 0.00081543 | acc_sim = 0.958 | acc_phy = 0.958 
| epoch = 50 | step =    60 | loss_onn = 1.513 | loss_cn = 0.00081220 | acc_sim = 0.958 | acc_phy = 0.958 
| epoch = 50 | step =    70 | loss_onn = 1.513 | loss_cn = 0.00081420 | acc_sim = 0.958 | acc_phy = 0.957 
| epoch = 50 | step =    80 | loss_onn = 1.513 | loss_cn = 0.00081877 | acc_sim = 0.958 | acc_phy = 0.957 
| epoch = 50 | step =    90 | loss_onn = 1.514 | loss_cn = 0.00082098 | acc_sim = 0.958 | acc_phy = 0.957 
| epoch = 50 | step =   100 | loss_onn = 1.513 | loss_cn = 0.00081926 | acc_sim = 0.958 | acc_phy = 0.957 
| epoch = 50 | step =   110 | loss_onn = 1.514 | loss_cn = 0.00081853 | acc_sim = 0.958 | acc_phy = 0.957 
| epoch = 50 | step =   120 | loss_onn = 1.513 | loss_cn = 0.00081999 | acc_sim = 0.958 | acc_phy = 0.957 
Phy accuracy of the network on 10000 test images: 0.956

Finished training. Elapsed time of training = 5:15:04.957449.
Best accuracy on test images: 0.9564999999999999.
