Training new model from scratch......
--------------------------
Training with SEPN
--------------------------

Current training epoch: 1, learning rate for pnn: 0.001, learning rate for SEPN: 0.0001
| epoch = 1 | step =    10 | loss_pnn = 2.287 | loss_cn = 0.00820253 | acc_sim = 0.173 | acc_phy = 0.140 
| epoch = 1 | step =    20 | loss_pnn = 2.274 | loss_cn = 0.00945527 | acc_sim = 0.301 | acc_phy = 0.167 
| epoch = 1 | step =    30 | loss_pnn = 2.260 | loss_cn = 0.01011284 | acc_sim = 0.387 | acc_phy = 0.198 
| epoch = 1 | step =    40 | loss_pnn = 2.247 | loss_cn = 0.01069308 | acc_sim = 0.446 | acc_phy = 0.230 
| epoch = 1 | step =    50 | loss_pnn = 2.235 | loss_cn = 0.01121631 | acc_sim = 0.496 | acc_phy = 0.258 
| epoch = 1 | step =    60 | loss_pnn = 2.224 | loss_cn = 0.01179825 | acc_sim = 0.536 | acc_phy = 0.279 
| epoch = 1 | step =    70 | loss_pnn = 2.215 | loss_cn = 0.01219514 | acc_sim = 0.570 | acc_phy = 0.298 
| epoch = 1 | step =    80 | loss_pnn = 2.207 | loss_cn = 0.01257238 | acc_sim = 0.597 | acc_phy = 0.313 
| epoch = 1 | step =    90 | loss_pnn = 2.199 | loss_cn = 0.01296398 | acc_sim = 0.621 | acc_phy = 0.329 
| epoch = 1 | step =   100 | loss_pnn = 2.190 | loss_cn = 0.01337738 | acc_sim = 0.642 | acc_phy = 0.345 
| epoch = 1 | step =   110 | loss_pnn = 2.182 | loss_cn = 0.01375158 | acc_sim = 0.660 | acc_phy = 0.360 
| epoch = 1 | step =   120 | loss_pnn = 2.174 | loss_cn = 0.01403285 | acc_sim = 0.677 | acc_phy = 0.374 
Phy accuracy of the network on 10000 test images: 0.515


Current training epoch: 2, learning rate for pnn: 0.001, learning rate for SEPN: 0.0001
| epoch = 2 | step =    10 | loss_pnn = 2.083 | loss_cn = 0.01754365 | acc_sim = 0.856 | acc_phy = 0.519 
| epoch = 2 | step =    20 | loss_pnn = 2.079 | loss_cn = 0.01759323 | acc_sim = 0.861 | acc_phy = 0.531 
| epoch = 2 | step =    30 | loss_pnn = 2.077 | loss_cn = 0.01758372 | acc_sim = 0.865 | acc_phy = 0.535 
| epoch = 2 | step =    40 | loss_pnn = 2.074 | loss_cn = 0.01755326 | acc_sim = 0.869 | acc_phy = 0.541 
| epoch = 2 | step =    50 | loss_pnn = 2.073 | loss_cn = 0.01745031 | acc_sim = 0.871 | acc_phy = 0.543 
| epoch = 2 | step =    60 | loss_pnn = 2.072 | loss_cn = 0.01748376 | acc_sim = 0.873 | acc_phy = 0.543 
| epoch = 2 | step =    70 | loss_pnn = 2.070 | loss_cn = 0.01745450 | acc_sim = 0.875 | acc_phy = 0.543 
| epoch = 2 | step =    80 | loss_pnn = 2.068 | loss_cn = 0.01735928 | acc_sim = 0.877 | acc_phy = 0.548 
| epoch = 2 | step =    90 | loss_pnn = 2.067 | loss_cn = 0.01721017 | acc_sim = 0.878 | acc_phy = 0.550 
| epoch = 2 | step =   100 | loss_pnn = 2.065 | loss_cn = 0.01709215 | acc_sim = 0.880 | acc_phy = 0.553 
| epoch = 2 | step =   110 | loss_pnn = 2.062 | loss_cn = 0.01695931 | acc_sim = 0.882 | acc_phy = 0.556 
| epoch = 2 | step =   120 | loss_pnn = 2.061 | loss_cn = 0.01679086 | acc_sim = 0.883 | acc_phy = 0.558 
Phy accuracy of the network on 10000 test images: 0.584


Current training epoch: 3, learning rate for pnn: 0.001, learning rate for SEPN: 0.0001
| epoch = 3 | step =    10 | loss_pnn = 2.041 | loss_cn = 0.01492748 | acc_sim = 0.900 | acc_phy = 0.584 
| epoch = 3 | step =    20 | loss_pnn = 2.039 | loss_cn = 0.01457298 | acc_sim = 0.904 | acc_phy = 0.583 
| epoch = 3 | step =    30 | loss_pnn = 2.038 | loss_cn = 0.01441650 | acc_sim = 0.904 | acc_phy = 0.585 
| epoch = 3 | step =    40 | loss_pnn = 2.037 | loss_cn = 0.01431758 | acc_sim = 0.905 | acc_phy = 0.585 
| epoch = 3 | step =    50 | loss_pnn = 2.035 | loss_cn = 0.01410936 | acc_sim = 0.907 | acc_phy = 0.586 
| epoch = 3 | step =    60 | loss_pnn = 2.035 | loss_cn = 0.01392848 | acc_sim = 0.906 | acc_phy = 0.583 
| epoch = 3 | step =    70 | loss_pnn = 2.034 | loss_cn = 0.01375874 | acc_sim = 0.907 | acc_phy = 0.583 
| epoch = 3 | step =    80 | loss_pnn = 2.034 | loss_cn = 0.01357721 | acc_sim = 0.908 | acc_phy = 0.581 
| epoch = 3 | step =    90 | loss_pnn = 2.034 | loss_cn = 0.01343058 | acc_sim = 0.909 | acc_phy = 0.581 
| epoch = 3 | step =   100 | loss_pnn = 2.032 | loss_cn = 0.01331905 | acc_sim = 0.909 | acc_phy = 0.580 
| epoch = 3 | step =   110 | loss_pnn = 2.031 | loss_cn = 0.01319665 | acc_sim = 0.910 | acc_phy = 0.580 
| epoch = 3 | step =   120 | loss_pnn = 2.030 | loss_cn = 0.01308346 | acc_sim = 0.910 | acc_phy = 0.580 
Phy accuracy of the network on 10000 test images: 0.581


Current training epoch: 4, learning rate for pnn: 0.001, learning rate for SEPN: 0.0001
| epoch = 4 | step =    10 | loss_pnn = 2.018 | loss_cn = 0.01171342 | acc_sim = 0.924 | acc_phy = 0.572 
| epoch = 4 | step =    20 | loss_pnn = 2.019 | loss_cn = 0.01167868 | acc_sim = 0.919 | acc_phy = 0.576 
| epoch = 4 | step =    30 | loss_pnn = 2.017 | loss_cn = 0.01152842 | acc_sim = 0.919 | acc_phy = 0.584 
| epoch = 4 | step =    40 | loss_pnn = 2.015 | loss_cn = 0.01144478 | acc_sim = 0.919 | acc_phy = 0.585 
| epoch = 4 | step =    50 | loss_pnn = 2.013 | loss_cn = 0.01141999 | acc_sim = 0.920 | acc_phy = 0.587 
| epoch = 4 | step =    60 | loss_pnn = 2.014 | loss_cn = 0.01142457 | acc_sim = 0.919 | acc_phy = 0.583 
| epoch = 4 | step =    70 | loss_pnn = 2.014 | loss_cn = 0.01142511 | acc_sim = 0.919 | acc_phy = 0.581 
| epoch = 4 | step =    80 | loss_pnn = 2.014 | loss_cn = 0.01140943 | acc_sim = 0.919 | acc_phy = 0.579 
| epoch = 4 | step =    90 | loss_pnn = 2.013 | loss_cn = 0.01139706 | acc_sim = 0.920 | acc_phy = 0.579 
| epoch = 4 | step =   100 | loss_pnn = 2.012 | loss_cn = 0.01138311 | acc_sim = 0.921 | acc_phy = 0.580 
| epoch = 4 | step =   110 | loss_pnn = 2.012 | loss_cn = 0.01134395 | acc_sim = 0.921 | acc_phy = 0.578 
| epoch = 4 | step =   120 | loss_pnn = 2.012 | loss_cn = 0.01131725 | acc_sim = 0.921 | acc_phy = 0.578 
Phy accuracy of the network on 10000 test images: 0.573


Current training epoch: 5, learning rate for pnn: 0.001, learning rate for SEPN: 0.0001
| epoch = 5 | step =    10 | loss_pnn = 2.009 | loss_cn = 0.01112584 | acc_sim = 0.936 | acc_phy = 0.580 
| epoch = 5 | step =    20 | loss_pnn = 2.004 | loss_cn = 0.01107942 | acc_sim = 0.930 | acc_phy = 0.575 
| epoch = 5 | step =    30 | loss_pnn = 1.999 | loss_cn = 0.01112045 | acc_sim = 0.929 | acc_phy = 0.581 
| epoch = 5 | step =    40 | loss_pnn = 2.001 | loss_cn = 0.01119368 | acc_sim = 0.929 | acc_phy = 0.576 
| epoch = 5 | step =    50 | loss_pnn = 2.002 | loss_cn = 0.01116731 | acc_sim = 0.928 | acc_phy = 0.574 
| epoch = 5 | step =    60 | loss_pnn = 2.001 | loss_cn = 0.01113221 | acc_sim = 0.927 | acc_phy = 0.574 
| epoch = 5 | step =    70 | loss_pnn = 2.002 | loss_cn = 0.01111232 | acc_sim = 0.927 | acc_phy = 0.571 
| epoch = 5 | step =    80 | loss_pnn = 2.001 | loss_cn = 0.01106740 | acc_sim = 0.927 | acc_phy = 0.572 
| epoch = 5 | step =    90 | loss_pnn = 2.001 | loss_cn = 0.01104522 | acc_sim = 0.927 | acc_phy = 0.572 
| epoch = 5 | step =   100 | loss_pnn = 2.001 | loss_cn = 0.01097579 | acc_sim = 0.927 | acc_phy = 0.572 
| epoch = 5 | step =   110 | loss_pnn = 2.001 | loss_cn = 0.01094535 | acc_sim = 0.927 | acc_phy = 0.573 
| epoch = 5 | step =   120 | loss_pnn = 2.000 | loss_cn = 0.01092890 | acc_sim = 0.927 | acc_phy = 0.573 
Phy accuracy of the network on 10000 test images: 0.574


Current training epoch: 6, learning rate for pnn: 0.001, learning rate for SEPN: 0.0001
| epoch = 6 | step =    10 | loss_pnn = 1.998 | loss_cn = 0.01082455 | acc_sim = 0.928 | acc_phy = 0.572 
| epoch = 6 | step =    20 | loss_pnn = 1.996 | loss_cn = 0.01073813 | acc_sim = 0.929 | acc_phy = 0.574 
| epoch = 6 | step =    30 | loss_pnn = 1.997 | loss_cn = 0.01076711 | acc_sim = 0.931 | acc_phy = 0.571 
| epoch = 6 | step =    40 | loss_pnn = 1.996 | loss_cn = 0.01070029 | acc_sim = 0.932 | acc_phy = 0.572 
| epoch = 6 | step =    50 | loss_pnn = 1.993 | loss_cn = 0.01065954 | acc_sim = 0.933 | acc_phy = 0.575 
| epoch = 6 | step =    60 | loss_pnn = 1.993 | loss_cn = 0.01060388 | acc_sim = 0.933 | acc_phy = 0.577 
| epoch = 6 | step =    70 | loss_pnn = 1.992 | loss_cn = 0.01058090 | acc_sim = 0.933 | acc_phy = 0.576 
| epoch = 6 | step =    80 | loss_pnn = 1.994 | loss_cn = 0.01059980 | acc_sim = 0.933 | acc_phy = 0.575 
| epoch = 6 | step =    90 | loss_pnn = 1.994 | loss_cn = 0.01061409 | acc_sim = 0.932 | acc_phy = 0.573 
| epoch = 6 | step =   100 | loss_pnn = 1.994 | loss_cn = 0.01061331 | acc_sim = 0.932 | acc_phy = 0.574 
| epoch = 6 | step =   110 | loss_pnn = 1.993 | loss_cn = 0.01059525 | acc_sim = 0.932 | acc_phy = 0.575 
| epoch = 6 | step =   120 | loss_pnn = 1.993 | loss_cn = 0.01057691 | acc_sim = 0.932 | acc_phy = 0.576 
Phy accuracy of the network on 10000 test images: 0.578


Current training epoch: 7, learning rate for pnn: 0.001, learning rate for SEPN: 0.0001
| epoch = 7 | step =    10 | loss_pnn = 1.991 | loss_cn = 0.01013386 | acc_sim = 0.936 | acc_phy = 0.569 
| epoch = 7 | step =    20 | loss_pnn = 1.989 | loss_cn = 0.01034895 | acc_sim = 0.937 | acc_phy = 0.574 
| epoch = 7 | step =    30 | loss_pnn = 1.992 | loss_cn = 0.01036928 | acc_sim = 0.936 | acc_phy = 0.570 
| epoch = 7 | step =    40 | loss_pnn = 1.991 | loss_cn = 0.01036298 | acc_sim = 0.936 | acc_phy = 0.569 
| epoch = 7 | step =    50 | loss_pnn = 1.991 | loss_cn = 0.01030676 | acc_sim = 0.936 | acc_phy = 0.570 
| epoch = 7 | step =    60 | loss_pnn = 1.991 | loss_cn = 0.01032457 | acc_sim = 0.936 | acc_phy = 0.569 
| epoch = 7 | step =    70 | loss_pnn = 1.991 | loss_cn = 0.01032278 | acc_sim = 0.936 | acc_phy = 0.570 
| epoch = 7 | step =    80 | loss_pnn = 1.990 | loss_cn = 0.01031562 | acc_sim = 0.936 | acc_phy = 0.572 
| epoch = 7 | step =    90 | loss_pnn = 1.989 | loss_cn = 0.01029437 | acc_sim = 0.936 | acc_phy = 0.573 
| epoch = 7 | step =   100 | loss_pnn = 1.989 | loss_cn = 0.01026476 | acc_sim = 0.936 | acc_phy = 0.575 
| epoch = 7 | step =   110 | loss_pnn = 1.989 | loss_cn = 0.01028274 | acc_sim = 0.936 | acc_phy = 0.576 
| epoch = 7 | step =   120 | loss_pnn = 1.988 | loss_cn = 0.01026211 | acc_sim = 0.935 | acc_phy = 0.577 
Phy accuracy of the network on 10000 test images: 0.571


Current training epoch: 8, learning rate for pnn: 0.001, learning rate for SEPN: 0.0001
| epoch = 8 | step =    10 | loss_pnn = 1.987 | loss_cn = 0.00999257 | acc_sim = 0.940 | acc_phy = 0.577 
| epoch = 8 | step =    20 | loss_pnn = 1.988 | loss_cn = 0.00991545 | acc_sim = 0.939 | acc_phy = 0.577 
| epoch = 8 | step =    30 | loss_pnn = 1.991 | loss_cn = 0.01002150 | acc_sim = 0.937 | acc_phy = 0.574 
| epoch = 8 | step =    40 | loss_pnn = 1.991 | loss_cn = 0.01005228 | acc_sim = 0.938 | acc_phy = 0.573 
| epoch = 8 | step =    50 | loss_pnn = 1.992 | loss_cn = 0.01004985 | acc_sim = 0.938 | acc_phy = 0.573 
| epoch = 8 | step =    60 | loss_pnn = 1.993 | loss_cn = 0.01006033 | acc_sim = 0.937 | acc_phy = 0.571 
| epoch = 8 | step =    70 | loss_pnn = 1.993 | loss_cn = 0.01001919 | acc_sim = 0.938 | acc_phy = 0.572 
| epoch = 8 | step =    80 | loss_pnn = 1.992 | loss_cn = 0.01000021 | acc_sim = 0.938 | acc_phy = 0.572 
| epoch = 8 | step =    90 | loss_pnn = 1.990 | loss_cn = 0.00996468 | acc_sim = 0.939 | acc_phy = 0.573 
| epoch = 8 | step =   100 | loss_pnn = 1.989 | loss_cn = 0.00993256 | acc_sim = 0.939 | acc_phy = 0.574 
| epoch = 8 | step =   110 | loss_pnn = 1.988 | loss_cn = 0.00991146 | acc_sim = 0.938 | acc_phy = 0.576 
| epoch = 8 | step =   120 | loss_pnn = 1.987 | loss_cn = 0.00990424 | acc_sim = 0.938 | acc_phy = 0.577 
Phy accuracy of the network on 10000 test images: 0.585


Current training epoch: 9, learning rate for pnn: 0.001, learning rate for SEPN: 0.0001
| epoch = 9 | step =    10 | loss_pnn = 1.986 | loss_cn = 0.00974115 | acc_sim = 0.935 | acc_phy = 0.578 
| epoch = 9 | step =    20 | loss_pnn = 1.986 | loss_cn = 0.00981893 | acc_sim = 0.936 | acc_phy = 0.580 
| epoch = 9 | step =    30 | loss_pnn = 1.984 | loss_cn = 0.00972957 | acc_sim = 0.940 | acc_phy = 0.582 
| epoch = 9 | step =    40 | loss_pnn = 1.984 | loss_cn = 0.00970291 | acc_sim = 0.939 | acc_phy = 0.583 
| epoch = 9 | step =    50 | loss_pnn = 1.984 | loss_cn = 0.00964017 | acc_sim = 0.939 | acc_phy = 0.581 
| epoch = 9 | step =    60 | loss_pnn = 1.985 | loss_cn = 0.00961689 | acc_sim = 0.940 | acc_phy = 0.580 
| epoch = 9 | step =    70 | loss_pnn = 1.985 | loss_cn = 0.00960778 | acc_sim = 0.941 | acc_phy = 0.580 
| epoch = 9 | step =    80 | loss_pnn = 1.985 | loss_cn = 0.00958742 | acc_sim = 0.940 | acc_phy = 0.580 
| epoch = 9 | step =    90 | loss_pnn = 1.984 | loss_cn = 0.00957711 | acc_sim = 0.941 | acc_phy = 0.581 
| epoch = 9 | step =   100 | loss_pnn = 1.983 | loss_cn = 0.00957073 | acc_sim = 0.941 | acc_phy = 0.582 
| epoch = 9 | step =   110 | loss_pnn = 1.983 | loss_cn = 0.00957728 | acc_sim = 0.941 | acc_phy = 0.582 
| epoch = 9 | step =   120 | loss_pnn = 1.983 | loss_cn = 0.00953144 | acc_sim = 0.941 | acc_phy = 0.581 
Phy accuracy of the network on 10000 test images: 0.565


Current training epoch: 10, learning rate for pnn: 0.001, learning rate for SEPN: 0.0001
| epoch = 10 | step =    10 | loss_pnn = 1.983 | loss_cn = 0.00961176 | acc_sim = 0.939 | acc_phy = 0.575 
| epoch = 10 | step =    20 | loss_pnn = 1.981 | loss_cn = 0.00945895 | acc_sim = 0.941 | acc_phy = 0.585 
| epoch = 10 | step =    30 | loss_pnn = 1.981 | loss_cn = 0.00946414 | acc_sim = 0.942 | acc_phy = 0.586 
| epoch = 10 | step =    40 | loss_pnn = 1.980 | loss_cn = 0.00936792 | acc_sim = 0.944 | acc_phy = 0.587 
| epoch = 10 | step =    50 | loss_pnn = 1.981 | loss_cn = 0.00929619 | acc_sim = 0.943 | acc_phy = 0.586 
| epoch = 10 | step =    60 | loss_pnn = 1.981 | loss_cn = 0.00928887 | acc_sim = 0.943 | acc_phy = 0.587 
| epoch = 10 | step =    70 | loss_pnn = 1.981 | loss_cn = 0.00921863 | acc_sim = 0.943 | acc_phy = 0.589 
| epoch = 10 | step =    80 | loss_pnn = 1.980 | loss_cn = 0.00921965 | acc_sim = 0.942 | acc_phy = 0.589 
| epoch = 10 | step =    90 | loss_pnn = 1.981 | loss_cn = 0.00923032 | acc_sim = 0.942 | acc_phy = 0.589 
| epoch = 10 | step =   100 | loss_pnn = 1.981 | loss_cn = 0.00922600 | acc_sim = 0.942 | acc_phy = 0.588 
| epoch = 10 | step =   110 | loss_pnn = 1.980 | loss_cn = 0.00919744 | acc_sim = 0.942 | acc_phy = 0.587 
| epoch = 10 | step =   120 | loss_pnn = 1.981 | loss_cn = 0.00916804 | acc_sim = 0.942 | acc_phy = 0.586 
Phy accuracy of the network on 10000 test images: 0.579


Current training epoch: 11, learning rate for pnn: 0.0005, learning rate for SEPN: 0.0001
| epoch = 11 | step =    10 | loss_pnn = 1.978 | loss_cn = 0.00891708 | acc_sim = 0.949 | acc_phy = 0.581 
| epoch = 11 | step =    20 | loss_pnn = 1.980 | loss_cn = 0.00890769 | acc_sim = 0.946 | acc_phy = 0.581 
| epoch = 11 | step =    30 | loss_pnn = 1.977 | loss_cn = 0.00879184 | acc_sim = 0.943 | acc_phy = 0.584 
| epoch = 11 | step =    40 | loss_pnn = 1.977 | loss_cn = 0.00870415 | acc_sim = 0.945 | acc_phy = 0.586 
| epoch = 11 | step =    50 | loss_pnn = 1.977 | loss_cn = 0.00867515 | acc_sim = 0.945 | acc_phy = 0.586 
| epoch = 11 | step =    60 | loss_pnn = 1.978 | loss_cn = 0.00868980 | acc_sim = 0.944 | acc_phy = 0.587 
| epoch = 11 | step =    70 | loss_pnn = 1.977 | loss_cn = 0.00864940 | acc_sim = 0.944 | acc_phy = 0.589 
| epoch = 11 | step =    80 | loss_pnn = 1.976 | loss_cn = 0.00862774 | acc_sim = 0.945 | acc_phy = 0.590 
| epoch = 11 | step =    90 | loss_pnn = 1.975 | loss_cn = 0.00859694 | acc_sim = 0.945 | acc_phy = 0.591 
| epoch = 11 | step =   100 | loss_pnn = 1.976 | loss_cn = 0.00860338 | acc_sim = 0.945 | acc_phy = 0.591 
| epoch = 11 | step =   110 | loss_pnn = 1.976 | loss_cn = 0.00857956 | acc_sim = 0.944 | acc_phy = 0.590 
| epoch = 11 | step =   120 | loss_pnn = 1.976 | loss_cn = 0.00859161 | acc_sim = 0.944 | acc_phy = 0.589 
Phy accuracy of the network on 10000 test images: 0.594


Current training epoch: 12, learning rate for pnn: 0.0005, learning rate for SEPN: 0.0001
| epoch = 12 | step =    10 | loss_pnn = 1.975 | loss_cn = 0.00834080 | acc_sim = 0.943 | acc_phy = 0.591 
| epoch = 12 | step =    20 | loss_pnn = 1.977 | loss_cn = 0.00846618 | acc_sim = 0.944 | acc_phy = 0.589 
| epoch = 12 | step =    30 | loss_pnn = 1.975 | loss_cn = 0.00837035 | acc_sim = 0.944 | acc_phy = 0.590 
| epoch = 12 | step =    40 | loss_pnn = 1.972 | loss_cn = 0.00831284 | acc_sim = 0.947 | acc_phy = 0.596 
| epoch = 12 | step =    50 | loss_pnn = 1.974 | loss_cn = 0.00829496 | acc_sim = 0.946 | acc_phy = 0.596 
| epoch = 12 | step =    60 | loss_pnn = 1.974 | loss_cn = 0.00829946 | acc_sim = 0.946 | acc_phy = 0.595 
| epoch = 12 | step =    70 | loss_pnn = 1.975 | loss_cn = 0.00830825 | acc_sim = 0.947 | acc_phy = 0.594 
| epoch = 12 | step =    80 | loss_pnn = 1.976 | loss_cn = 0.00829494 | acc_sim = 0.946 | acc_phy = 0.594 
| epoch = 12 | step =    90 | loss_pnn = 1.975 | loss_cn = 0.00826366 | acc_sim = 0.947 | acc_phy = 0.595 
| epoch = 12 | step =   100 | loss_pnn = 1.975 | loss_cn = 0.00824555 | acc_sim = 0.946 | acc_phy = 0.595 
| epoch = 12 | step =   110 | loss_pnn = 1.975 | loss_cn = 0.00822484 | acc_sim = 0.946 | acc_phy = 0.596 
| epoch = 12 | step =   120 | loss_pnn = 1.975 | loss_cn = 0.00820835 | acc_sim = 0.946 | acc_phy = 0.597 
Phy accuracy of the network on 10000 test images: 0.584


Current training epoch: 13, learning rate for pnn: 0.0005, learning rate for SEPN: 0.0001
| epoch = 13 | step =    10 | loss_pnn = 1.975 | loss_cn = 0.00788392 | acc_sim = 0.942 | acc_phy = 0.584 
| epoch = 13 | step =    20 | loss_pnn = 1.973 | loss_cn = 0.00798861 | acc_sim = 0.943 | acc_phy = 0.594 
| epoch = 13 | step =    30 | loss_pnn = 1.975 | loss_cn = 0.00802312 | acc_sim = 0.943 | acc_phy = 0.594 
| epoch = 13 | step =    40 | loss_pnn = 1.973 | loss_cn = 0.00795229 | acc_sim = 0.945 | acc_phy = 0.599 
| epoch = 13 | step =    50 | loss_pnn = 1.972 | loss_cn = 0.00794718 | acc_sim = 0.946 | acc_phy = 0.602 
| epoch = 13 | step =    60 | loss_pnn = 1.972 | loss_cn = 0.00795768 | acc_sim = 0.946 | acc_phy = 0.602 
| epoch = 13 | step =    70 | loss_pnn = 1.971 | loss_cn = 0.00793930 | acc_sim = 0.947 | acc_phy = 0.601 
| epoch = 13 | step =    80 | loss_pnn = 1.971 | loss_cn = 0.00792790 | acc_sim = 0.947 | acc_phy = 0.602 
| epoch = 13 | step =    90 | loss_pnn = 1.971 | loss_cn = 0.00791118 | acc_sim = 0.947 | acc_phy = 0.602 
| epoch = 13 | step =   100 | loss_pnn = 1.972 | loss_cn = 0.00789555 | acc_sim = 0.947 | acc_phy = 0.601 
| epoch = 13 | step =   110 | loss_pnn = 1.973 | loss_cn = 0.00789824 | acc_sim = 0.947 | acc_phy = 0.599 
| epoch = 13 | step =   120 | loss_pnn = 1.974 | loss_cn = 0.00789975 | acc_sim = 0.947 | acc_phy = 0.597 
Phy accuracy of the network on 10000 test images: 0.592


Current training epoch: 14, learning rate for pnn: 0.0005, learning rate for SEPN: 0.0001
| epoch = 14 | step =    10 | loss_pnn = 1.984 | loss_cn = 0.00763076 | acc_sim = 0.945 | acc_phy = 0.587 
| epoch = 14 | step =    20 | loss_pnn = 1.979 | loss_cn = 0.00770144 | acc_sim = 0.950 | acc_phy = 0.593 
| epoch = 14 | step =    30 | loss_pnn = 1.977 | loss_cn = 0.00772895 | acc_sim = 0.948 | acc_phy = 0.594 
| epoch = 14 | step =    40 | loss_pnn = 1.976 | loss_cn = 0.00770289 | acc_sim = 0.948 | acc_phy = 0.595 
| epoch = 14 | step =    50 | loss_pnn = 1.974 | loss_cn = 0.00769400 | acc_sim = 0.948 | acc_phy = 0.595 
| epoch = 14 | step =    60 | loss_pnn = 1.973 | loss_cn = 0.00769423 | acc_sim = 0.948 | acc_phy = 0.597 
| epoch = 14 | step =    70 | loss_pnn = 1.972 | loss_cn = 0.00767132 | acc_sim = 0.947 | acc_phy = 0.598 
| epoch = 14 | step =    80 | loss_pnn = 1.972 | loss_cn = 0.00766934 | acc_sim = 0.947 | acc_phy = 0.598 
| epoch = 14 | step =    90 | loss_pnn = 1.972 | loss_cn = 0.00766993 | acc_sim = 0.947 | acc_phy = 0.598 
| epoch = 14 | step =   100 | loss_pnn = 1.972 | loss_cn = 0.00764521 | acc_sim = 0.947 | acc_phy = 0.598 
| epoch = 14 | step =   110 | loss_pnn = 1.972 | loss_cn = 0.00762308 | acc_sim = 0.947 | acc_phy = 0.598 
| epoch = 14 | step =   120 | loss_pnn = 1.972 | loss_cn = 0.00759670 | acc_sim = 0.947 | acc_phy = 0.599 
Phy accuracy of the network on 10000 test images: 0.601


Current training epoch: 15, learning rate for pnn: 0.0005, learning rate for SEPN: 0.0001
| epoch = 15 | step =    10 | loss_pnn = 1.963 | loss_cn = 0.00737582 | acc_sim = 0.949 | acc_phy = 0.610 
| epoch = 15 | step =    20 | loss_pnn = 1.968 | loss_cn = 0.00735463 | acc_sim = 0.950 | acc_phy = 0.603 
| epoch = 15 | step =    30 | loss_pnn = 1.968 | loss_cn = 0.00740916 | acc_sim = 0.949 | acc_phy = 0.607 
| epoch = 15 | step =    40 | loss_pnn = 1.967 | loss_cn = 0.00738633 | acc_sim = 0.949 | acc_phy = 0.611 
| epoch = 15 | step =    50 | loss_pnn = 1.967 | loss_cn = 0.00739009 | acc_sim = 0.948 | acc_phy = 0.611 
| epoch = 15 | step =    60 | loss_pnn = 1.968 | loss_cn = 0.00739611 | acc_sim = 0.948 | acc_phy = 0.610 
| epoch = 15 | step =    70 | loss_pnn = 1.967 | loss_cn = 0.00737668 | acc_sim = 0.948 | acc_phy = 0.611 
| epoch = 15 | step =    80 | loss_pnn = 1.966 | loss_cn = 0.00733774 | acc_sim = 0.948 | acc_phy = 0.613 
| epoch = 15 | step =    90 | loss_pnn = 1.967 | loss_cn = 0.00734417 | acc_sim = 0.947 | acc_phy = 0.610 
| epoch = 15 | step =   100 | loss_pnn = 1.967 | loss_cn = 0.00735991 | acc_sim = 0.947 | acc_phy = 0.609 
| epoch = 15 | step =   110 | loss_pnn = 1.968 | loss_cn = 0.00737636 | acc_sim = 0.947 | acc_phy = 0.608 
| epoch = 15 | step =   120 | loss_pnn = 1.969 | loss_cn = 0.00737324 | acc_sim = 0.947 | acc_phy = 0.607 
Phy accuracy of the network on 10000 test images: 0.599


Current training epoch: 16, learning rate for pnn: 0.0005, learning rate for SEPN: 0.0001
| epoch = 16 | step =    10 | loss_pnn = 1.963 | loss_cn = 0.00717578 | acc_sim = 0.948 | acc_phy = 0.615 
| epoch = 16 | step =    20 | loss_pnn = 1.962 | loss_cn = 0.00735392 | acc_sim = 0.950 | acc_phy = 0.616 
| epoch = 16 | step =    30 | loss_pnn = 1.963 | loss_cn = 0.00735232 | acc_sim = 0.947 | acc_phy = 0.608 
| epoch = 16 | step =    40 | loss_pnn = 1.965 | loss_cn = 0.00736653 | acc_sim = 0.948 | acc_phy = 0.607 
| epoch = 16 | step =    50 | loss_pnn = 1.967 | loss_cn = 0.00729758 | acc_sim = 0.948 | acc_phy = 0.606 
| epoch = 16 | step =    60 | loss_pnn = 1.969 | loss_cn = 0.00724631 | acc_sim = 0.948 | acc_phy = 0.604 
| epoch = 16 | step =    70 | loss_pnn = 1.969 | loss_cn = 0.00721849 | acc_sim = 0.948 | acc_phy = 0.606 
| epoch = 16 | step =    80 | loss_pnn = 1.969 | loss_cn = 0.00722346 | acc_sim = 0.948 | acc_phy = 0.605 
| epoch = 16 | step =    90 | loss_pnn = 1.968 | loss_cn = 0.00720985 | acc_sim = 0.948 | acc_phy = 0.607 
| epoch = 16 | step =   100 | loss_pnn = 1.967 | loss_cn = 0.00717703 | acc_sim = 0.949 | acc_phy = 0.608 
| epoch = 16 | step =   110 | loss_pnn = 1.967 | loss_cn = 0.00716935 | acc_sim = 0.948 | acc_phy = 0.608 
| epoch = 16 | step =   120 | loss_pnn = 1.967 | loss_cn = 0.00714098 | acc_sim = 0.949 | acc_phy = 0.607 
Phy accuracy of the network on 10000 test images: 0.607


Current training epoch: 17, learning rate for pnn: 0.0005, learning rate for SEPN: 0.0001
| epoch = 17 | step =    10 | loss_pnn = 1.971 | loss_cn = 0.00717221 | acc_sim = 0.950 | acc_phy = 0.609 
| epoch = 17 | step =    20 | loss_pnn = 1.968 | loss_cn = 0.00706572 | acc_sim = 0.951 | acc_phy = 0.616 
| epoch = 17 | step =    30 | loss_pnn = 1.968 | loss_cn = 0.00708555 | acc_sim = 0.951 | acc_phy = 0.613 
| epoch = 17 | step =    40 | loss_pnn = 1.966 | loss_cn = 0.00699300 | acc_sim = 0.950 | acc_phy = 0.612 
| epoch = 17 | step =    50 | loss_pnn = 1.966 | loss_cn = 0.00699865 | acc_sim = 0.950 | acc_phy = 0.613 
| epoch = 17 | step =    60 | loss_pnn = 1.967 | loss_cn = 0.00700299 | acc_sim = 0.949 | acc_phy = 0.610 
| epoch = 17 | step =    70 | loss_pnn = 1.966 | loss_cn = 0.00701643 | acc_sim = 0.950 | acc_phy = 0.611 
| epoch = 17 | step =    80 | loss_pnn = 1.966 | loss_cn = 0.00701298 | acc_sim = 0.950 | acc_phy = 0.611 
| epoch = 17 | step =    90 | loss_pnn = 1.967 | loss_cn = 0.00699661 | acc_sim = 0.949 | acc_phy = 0.610 
| epoch = 17 | step =   100 | loss_pnn = 1.967 | loss_cn = 0.00699277 | acc_sim = 0.949 | acc_phy = 0.610 
| epoch = 17 | step =   110 | loss_pnn = 1.967 | loss_cn = 0.00697607 | acc_sim = 0.949 | acc_phy = 0.609 
| epoch = 17 | step =   120 | loss_pnn = 1.967 | loss_cn = 0.00696253 | acc_sim = 0.949 | acc_phy = 0.610 
Phy accuracy of the network on 10000 test images: 0.616


Current training epoch: 18, learning rate for pnn: 0.0005, learning rate for SEPN: 0.0001
| epoch = 18 | step =    10 | loss_pnn = 1.958 | loss_cn = 0.00701278 | acc_sim = 0.946 | acc_phy = 0.616 
| epoch = 18 | step =    20 | loss_pnn = 1.960 | loss_cn = 0.00699624 | acc_sim = 0.947 | acc_phy = 0.615 
| epoch = 18 | step =    30 | loss_pnn = 1.963 | loss_cn = 0.00694517 | acc_sim = 0.948 | acc_phy = 0.612 
| epoch = 18 | step =    40 | loss_pnn = 1.962 | loss_cn = 0.00689733 | acc_sim = 0.949 | acc_phy = 0.614 
| epoch = 18 | step =    50 | loss_pnn = 1.962 | loss_cn = 0.00688029 | acc_sim = 0.948 | acc_phy = 0.616 
| epoch = 18 | step =    60 | loss_pnn = 1.963 | loss_cn = 0.00687658 | acc_sim = 0.949 | acc_phy = 0.616 
| epoch = 18 | step =    70 | loss_pnn = 1.963 | loss_cn = 0.00682915 | acc_sim = 0.949 | acc_phy = 0.615 
| epoch = 18 | step =    80 | loss_pnn = 1.964 | loss_cn = 0.00683854 | acc_sim = 0.950 | acc_phy = 0.614 
| epoch = 18 | step =    90 | loss_pnn = 1.965 | loss_cn = 0.00683611 | acc_sim = 0.950 | acc_phy = 0.614 
| epoch = 18 | step =   100 | loss_pnn = 1.965 | loss_cn = 0.00682273 | acc_sim = 0.950 | acc_phy = 0.613 
| epoch = 18 | step =   110 | loss_pnn = 1.965 | loss_cn = 0.00682178 | acc_sim = 0.949 | acc_phy = 0.613 
| epoch = 18 | step =   120 | loss_pnn = 1.964 | loss_cn = 0.00680532 | acc_sim = 0.950 | acc_phy = 0.613 
Phy accuracy of the network on 10000 test images: 0.615


Current training epoch: 19, learning rate for pnn: 0.0005, learning rate for SEPN: 0.0001
| epoch = 19 | step =    10 | loss_pnn = 1.967 | loss_cn = 0.00688519 | acc_sim = 0.950 | acc_phy = 0.606 
| epoch = 19 | step =    20 | loss_pnn = 1.963 | loss_cn = 0.00683221 | acc_sim = 0.949 | acc_phy = 0.616 
| epoch = 19 | step =    30 | loss_pnn = 1.965 | loss_cn = 0.00676949 | acc_sim = 0.949 | acc_phy = 0.614 
| epoch = 19 | step =    40 | loss_pnn = 1.965 | loss_cn = 0.00675134 | acc_sim = 0.948 | acc_phy = 0.613 
| epoch = 19 | step =    50 | loss_pnn = 1.965 | loss_cn = 0.00672213 | acc_sim = 0.948 | acc_phy = 0.611 
| epoch = 19 | step =    60 | loss_pnn = 1.965 | loss_cn = 0.00671399 | acc_sim = 0.949 | acc_phy = 0.610 
| epoch = 19 | step =    70 | loss_pnn = 1.964 | loss_cn = 0.00671173 | acc_sim = 0.949 | acc_phy = 0.611 
| epoch = 19 | step =    80 | loss_pnn = 1.963 | loss_cn = 0.00672110 | acc_sim = 0.950 | acc_phy = 0.612 
| epoch = 19 | step =    90 | loss_pnn = 1.962 | loss_cn = 0.00671429 | acc_sim = 0.950 | acc_phy = 0.615 
| epoch = 19 | step =   100 | loss_pnn = 1.962 | loss_cn = 0.00671553 | acc_sim = 0.950 | acc_phy = 0.616 
| epoch = 19 | step =   110 | loss_pnn = 1.961 | loss_cn = 0.00671431 | acc_sim = 0.950 | acc_phy = 0.618 
| epoch = 19 | step =   120 | loss_pnn = 1.961 | loss_cn = 0.00668995 | acc_sim = 0.951 | acc_phy = 0.619 
Phy accuracy of the network on 10000 test images: 0.621


Current training epoch: 20, learning rate for pnn: 0.0005, learning rate for SEPN: 0.0001
| epoch = 20 | step =    10 | loss_pnn = 1.957 | loss_cn = 0.00650537 | acc_sim = 0.955 | acc_phy = 0.625 
| epoch = 20 | step =    20 | loss_pnn = 1.959 | loss_cn = 0.00658151 | acc_sim = 0.951 | acc_phy = 0.622 
| epoch = 20 | step =    30 | loss_pnn = 1.959 | loss_cn = 0.00659250 | acc_sim = 0.951 | acc_phy = 0.621 
| epoch = 20 | step =    40 | loss_pnn = 1.957 | loss_cn = 0.00656654 | acc_sim = 0.953 | acc_phy = 0.622 
| epoch = 20 | step =    50 | loss_pnn = 1.957 | loss_cn = 0.00655379 | acc_sim = 0.951 | acc_phy = 0.622 
| epoch = 20 | step =    60 | loss_pnn = 1.958 | loss_cn = 0.00656537 | acc_sim = 0.952 | acc_phy = 0.621 
| epoch = 20 | step =    70 | loss_pnn = 1.958 | loss_cn = 0.00657589 | acc_sim = 0.952 | acc_phy = 0.621 
| epoch = 20 | step =    80 | loss_pnn = 1.958 | loss_cn = 0.00659027 | acc_sim = 0.953 | acc_phy = 0.622 
| epoch = 20 | step =    90 | loss_pnn = 1.957 | loss_cn = 0.00654941 | acc_sim = 0.952 | acc_phy = 0.622 
| epoch = 20 | step =   100 | loss_pnn = 1.957 | loss_cn = 0.00653790 | acc_sim = 0.952 | acc_phy = 0.623 
| epoch = 20 | step =   110 | loss_pnn = 1.957 | loss_cn = 0.00653635 | acc_sim = 0.951 | acc_phy = 0.623 
| epoch = 20 | step =   120 | loss_pnn = 1.958 | loss_cn = 0.00653956 | acc_sim = 0.951 | acc_phy = 0.622 
Phy accuracy of the network on 10000 test images: 0.622


Current training epoch: 21, learning rate for pnn: 0.00025, learning rate for SEPN: 0.0001
| epoch = 21 | step =    10 | loss_pnn = 1.963 | loss_cn = 0.00633565 | acc_sim = 0.682 | acc_phy = 0.623 
| epoch = 21 | step =    20 | loss_pnn = 1.959 | loss_cn = 0.00650003 | acc_sim = 0.696 | acc_phy = 0.633 
| epoch = 21 | step =    30 | loss_pnn = 1.952 | loss_cn = 0.00656947 | acc_sim = 0.702 | acc_phy = 0.643 
| epoch = 21 | step =    40 | loss_pnn = 1.948 | loss_cn = 0.00667756 | acc_sim = 0.708 | acc_phy = 0.647 
| epoch = 21 | step =    50 | loss_pnn = 1.941 | loss_cn = 0.00678061 | acc_sim = 0.714 | acc_phy = 0.653 
| epoch = 21 | step =    60 | loss_pnn = 1.937 | loss_cn = 0.00685217 | acc_sim = 0.720 | acc_phy = 0.657 
| epoch = 21 | step =    70 | loss_pnn = 1.932 | loss_cn = 0.00694179 | acc_sim = 0.726 | acc_phy = 0.663 
| epoch = 21 | step =    80 | loss_pnn = 1.928 | loss_cn = 0.00703195 | acc_sim = 0.731 | acc_phy = 0.668 
| epoch = 21 | step =    90 | loss_pnn = 1.924 | loss_cn = 0.00712070 | acc_sim = 0.736 | acc_phy = 0.672 
| epoch = 21 | step =   100 | loss_pnn = 1.921 | loss_cn = 0.00720131 | acc_sim = 0.740 | acc_phy = 0.675 
| epoch = 21 | step =   110 | loss_pnn = 1.919 | loss_cn = 0.00724680 | acc_sim = 0.744 | acc_phy = 0.679 
| epoch = 21 | step =   120 | loss_pnn = 1.916 | loss_cn = 0.00729266 | acc_sim = 0.747 | acc_phy = 0.682 
Phy accuracy of the network on 10000 test images: 0.720


Current training epoch: 22, learning rate for pnn: 0.00025, learning rate for SEPN: 0.0001
| epoch = 22 | step =    10 | loss_pnn = 1.893 | loss_cn = 0.00816512 | acc_sim = 0.782 | acc_phy = 0.721 
| epoch = 22 | step =    20 | loss_pnn = 1.891 | loss_cn = 0.00809514 | acc_sim = 0.785 | acc_phy = 0.719 
| epoch = 22 | step =    30 | loss_pnn = 1.892 | loss_cn = 0.00807024 | acc_sim = 0.783 | acc_phy = 0.717 
| epoch = 22 | step =    40 | loss_pnn = 1.889 | loss_cn = 0.00806105 | acc_sim = 0.787 | acc_phy = 0.722 
| epoch = 22 | step =    50 | loss_pnn = 1.889 | loss_cn = 0.00805548 | acc_sim = 0.787 | acc_phy = 0.721 
| epoch = 22 | step =    60 | loss_pnn = 1.888 | loss_cn = 0.00809031 | acc_sim = 0.789 | acc_phy = 0.722 
| epoch = 22 | step =    70 | loss_pnn = 1.889 | loss_cn = 0.00808419 | acc_sim = 0.789 | acc_phy = 0.721 
| epoch = 22 | step =    80 | loss_pnn = 1.887 | loss_cn = 0.00809682 | acc_sim = 0.791 | acc_phy = 0.722 
| epoch = 22 | step =    90 | loss_pnn = 1.889 | loss_cn = 0.00811947 | acc_sim = 0.789 | acc_phy = 0.720 
| epoch = 22 | step =   100 | loss_pnn = 1.890 | loss_cn = 0.00812499 | acc_sim = 0.788 | acc_phy = 0.719 
| epoch = 22 | step =   110 | loss_pnn = 1.889 | loss_cn = 0.00811038 | acc_sim = 0.789 | acc_phy = 0.720 
| epoch = 22 | step =   120 | loss_pnn = 1.889 | loss_cn = 0.00810392 | acc_sim = 0.787 | acc_phy = 0.719 
Phy accuracy of the network on 10000 test images: 0.722


Current training epoch: 23, learning rate for pnn: 0.00025, learning rate for SEPN: 0.0001
| epoch = 23 | step =    10 | loss_pnn = 1.887 | loss_cn = 0.00806260 | acc_sim = 0.792 | acc_phy = 0.718 
| epoch = 23 | step =    20 | loss_pnn = 1.889 | loss_cn = 0.00812741 | acc_sim = 0.785 | acc_phy = 0.713 
| epoch = 23 | step =    30 | loss_pnn = 1.886 | loss_cn = 0.00814066 | acc_sim = 0.786 | acc_phy = 0.716 
| epoch = 23 | step =    40 | loss_pnn = 1.885 | loss_cn = 0.00816026 | acc_sim = 0.783 | acc_phy = 0.715 
| epoch = 23 | step =    50 | loss_pnn = 1.886 | loss_cn = 0.00815003 | acc_sim = 0.781 | acc_phy = 0.712 
| epoch = 23 | step =    60 | loss_pnn = 1.886 | loss_cn = 0.00813593 | acc_sim = 0.779 | acc_phy = 0.711 
| epoch = 23 | step =    70 | loss_pnn = 1.887 | loss_cn = 0.00812609 | acc_sim = 0.777 | acc_phy = 0.709 
| epoch = 23 | step =    80 | loss_pnn = 1.887 | loss_cn = 0.00811858 | acc_sim = 0.776 | acc_phy = 0.708 
| epoch = 23 | step =    90 | loss_pnn = 1.885 | loss_cn = 0.00809613 | acc_sim = 0.776 | acc_phy = 0.708 
| epoch = 23 | step =   100 | loss_pnn = 1.885 | loss_cn = 0.00811748 | acc_sim = 0.775 | acc_phy = 0.707 
| epoch = 23 | step =   110 | loss_pnn = 1.885 | loss_cn = 0.00810381 | acc_sim = 0.775 | acc_phy = 0.707 
| epoch = 23 | step =   120 | loss_pnn = 1.885 | loss_cn = 0.00811124 | acc_sim = 0.774 | acc_phy = 0.706 
Phy accuracy of the network on 10000 test images: 0.714


Current training epoch: 24, learning rate for pnn: 0.00025, learning rate for SEPN: 0.0001
| epoch = 24 | step =    10 | loss_pnn = 1.874 | loss_cn = 0.00801134 | acc_sim = 0.777 | acc_phy = 0.714 
| epoch = 24 | step =    20 | loss_pnn = 1.872 | loss_cn = 0.00797499 | acc_sim = 0.778 | acc_phy = 0.713 
| epoch = 24 | step =    30 | loss_pnn = 1.874 | loss_cn = 0.00806113 | acc_sim = 0.775 | acc_phy = 0.709 
| epoch = 24 | step =    40 | loss_pnn = 1.876 | loss_cn = 0.00808268 | acc_sim = 0.772 | acc_phy = 0.705 
| epoch = 24 | step =    50 | loss_pnn = 1.877 | loss_cn = 0.00809819 | acc_sim = 0.770 | acc_phy = 0.704 
| epoch = 24 | step =    60 | loss_pnn = 1.877 | loss_cn = 0.00809994 | acc_sim = 0.770 | acc_phy = 0.703 
| epoch = 24 | step =    70 | loss_pnn = 1.877 | loss_cn = 0.00807063 | acc_sim = 0.768 | acc_phy = 0.702 
| epoch = 24 | step =    80 | loss_pnn = 1.875 | loss_cn = 0.00806708 | acc_sim = 0.768 | acc_phy = 0.703 
| epoch = 24 | step =    90 | loss_pnn = 1.875 | loss_cn = 0.00805460 | acc_sim = 0.769 | acc_phy = 0.702 
| epoch = 24 | step =   100 | loss_pnn = 1.874 | loss_cn = 0.00801936 | acc_sim = 0.768 | acc_phy = 0.702 
| epoch = 24 | step =   110 | loss_pnn = 1.874 | loss_cn = 0.00800277 | acc_sim = 0.767 | acc_phy = 0.701 
| epoch = 24 | step =   120 | loss_pnn = 1.873 | loss_cn = 0.00797467 | acc_sim = 0.767 | acc_phy = 0.701 
Phy accuracy of the network on 10000 test images: 0.712


Current training epoch: 25, learning rate for pnn: 0.00025, learning rate for SEPN: 0.0001
| epoch = 25 | step =    10 | loss_pnn = 1.863 | loss_cn = 0.00779100 | acc_sim = 0.772 | acc_phy = 0.696 
| epoch = 25 | step =    20 | loss_pnn = 1.868 | loss_cn = 0.00781012 | acc_sim = 0.767 | acc_phy = 0.694 
| epoch = 25 | step =    30 | loss_pnn = 1.866 | loss_cn = 0.00775146 | acc_sim = 0.765 | acc_phy = 0.696 
| epoch = 25 | step =    40 | loss_pnn = 1.865 | loss_cn = 0.00775938 | acc_sim = 0.764 | acc_phy = 0.696 
| epoch = 25 | step =    50 | loss_pnn = 1.865 | loss_cn = 0.00770443 | acc_sim = 0.763 | acc_phy = 0.695 
| epoch = 25 | step =    60 | loss_pnn = 1.865 | loss_cn = 0.00768906 | acc_sim = 0.763 | acc_phy = 0.695 
| epoch = 25 | step =    70 | loss_pnn = 1.864 | loss_cn = 0.00764182 | acc_sim = 0.763 | acc_phy = 0.696 
| epoch = 25 | step =    80 | loss_pnn = 1.864 | loss_cn = 0.00761131 | acc_sim = 0.762 | acc_phy = 0.697 
| epoch = 25 | step =    90 | loss_pnn = 1.861 | loss_cn = 0.00755230 | acc_sim = 0.764 | acc_phy = 0.700 
| epoch = 25 | step =   100 | loss_pnn = 1.861 | loss_cn = 0.00752818 | acc_sim = 0.765 | acc_phy = 0.702 
| epoch = 25 | step =   110 | loss_pnn = 1.860 | loss_cn = 0.00754624 | acc_sim = 0.765 | acc_phy = 0.702 
| epoch = 25 | step =   120 | loss_pnn = 1.860 | loss_cn = 0.00753788 | acc_sim = 0.765 | acc_phy = 0.702 
Phy accuracy of the network on 10000 test images: 0.719


Current training epoch: 26, learning rate for pnn: 0.00025, learning rate for SEPN: 0.0001
| epoch = 26 | step =    10 | loss_pnn = 1.852 | loss_cn = 0.00741685 | acc_sim = 0.763 | acc_phy = 0.704 
| epoch = 26 | step =    20 | loss_pnn = 1.854 | loss_cn = 0.00720141 | acc_sim = 0.759 | acc_phy = 0.701 
| epoch = 26 | step =    30 | loss_pnn = 1.850 | loss_cn = 0.00720444 | acc_sim = 0.764 | acc_phy = 0.704 
| epoch = 26 | step =    40 | loss_pnn = 1.849 | loss_cn = 0.00715238 | acc_sim = 0.765 | acc_phy = 0.706 
| epoch = 26 | step =    50 | loss_pnn = 1.848 | loss_cn = 0.00717332 | acc_sim = 0.765 | acc_phy = 0.707 
| epoch = 26 | step =    60 | loss_pnn = 1.848 | loss_cn = 0.00714721 | acc_sim = 0.765 | acc_phy = 0.707 
| epoch = 26 | step =    70 | loss_pnn = 1.846 | loss_cn = 0.00716363 | acc_sim = 0.767 | acc_phy = 0.709 
| epoch = 26 | step =    80 | loss_pnn = 1.847 | loss_cn = 0.00717399 | acc_sim = 0.765 | acc_phy = 0.707 
| epoch = 26 | step =    90 | loss_pnn = 1.846 | loss_cn = 0.00716761 | acc_sim = 0.766 | acc_phy = 0.708 
| epoch = 26 | step =   100 | loss_pnn = 1.844 | loss_cn = 0.00715628 | acc_sim = 0.767 | acc_phy = 0.709 
| epoch = 26 | step =   110 | loss_pnn = 1.843 | loss_cn = 0.00713777 | acc_sim = 0.767 | acc_phy = 0.711 
| epoch = 26 | step =   120 | loss_pnn = 1.842 | loss_cn = 0.00713354 | acc_sim = 0.767 | acc_phy = 0.710 
Phy accuracy of the network on 10000 test images: 0.730


Current training epoch: 27, learning rate for pnn: 0.00025, learning rate for SEPN: 0.0001
| epoch = 27 | step =    10 | loss_pnn = 1.834 | loss_cn = 0.00692640 | acc_sim = 0.765 | acc_phy = 0.711 
| epoch = 27 | step =    20 | loss_pnn = 1.832 | loss_cn = 0.00694887 | acc_sim = 0.767 | acc_phy = 0.714 
| epoch = 27 | step =    30 | loss_pnn = 1.829 | loss_cn = 0.00692812 | acc_sim = 0.767 | acc_phy = 0.718 
| epoch = 27 | step =    40 | loss_pnn = 1.829 | loss_cn = 0.00694273 | acc_sim = 0.768 | acc_phy = 0.718 
| epoch = 27 | step =    50 | loss_pnn = 1.827 | loss_cn = 0.00686031 | acc_sim = 0.768 | acc_phy = 0.719 
| epoch = 27 | step =    60 | loss_pnn = 1.825 | loss_cn = 0.00686011 | acc_sim = 0.768 | acc_phy = 0.720 
| epoch = 27 | step =    70 | loss_pnn = 1.824 | loss_cn = 0.00685501 | acc_sim = 0.769 | acc_phy = 0.720 
| epoch = 27 | step =    80 | loss_pnn = 1.822 | loss_cn = 0.00680179 | acc_sim = 0.770 | acc_phy = 0.721 
| epoch = 27 | step =    90 | loss_pnn = 1.821 | loss_cn = 0.00677237 | acc_sim = 0.771 | acc_phy = 0.721 
| epoch = 27 | step =   100 | loss_pnn = 1.819 | loss_cn = 0.00676021 | acc_sim = 0.771 | acc_phy = 0.723 
| epoch = 27 | step =   110 | loss_pnn = 1.818 | loss_cn = 0.00675120 | acc_sim = 0.772 | acc_phy = 0.723 
| epoch = 27 | step =   120 | loss_pnn = 1.818 | loss_cn = 0.00673604 | acc_sim = 0.772 | acc_phy = 0.723 
Phy accuracy of the network on 10000 test images: 0.745


Current training epoch: 28, learning rate for pnn: 0.00025, learning rate for SEPN: 0.0001
| epoch = 28 | step =    10 | loss_pnn = 1.807 | loss_cn = 0.00653165 | acc_sim = 0.767 | acc_phy = 0.728 
| epoch = 28 | step =    20 | loss_pnn = 1.800 | loss_cn = 0.00642622 | acc_sim = 0.776 | acc_phy = 0.734 
| epoch = 28 | step =    30 | loss_pnn = 1.802 | loss_cn = 0.00650239 | acc_sim = 0.776 | acc_phy = 0.731 
| epoch = 28 | step =    40 | loss_pnn = 1.800 | loss_cn = 0.00644160 | acc_sim = 0.778 | acc_phy = 0.734 
| epoch = 28 | step =    50 | loss_pnn = 1.799 | loss_cn = 0.00646369 | acc_sim = 0.778 | acc_phy = 0.735 
| epoch = 28 | step =    60 | loss_pnn = 1.799 | loss_cn = 0.00645215 | acc_sim = 0.778 | acc_phy = 0.735 
| epoch = 28 | step =    70 | loss_pnn = 1.798 | loss_cn = 0.00644153 | acc_sim = 0.778 | acc_phy = 0.736 
| epoch = 28 | step =    80 | loss_pnn = 1.797 | loss_cn = 0.00642820 | acc_sim = 0.779 | acc_phy = 0.737 
| epoch = 28 | step =    90 | loss_pnn = 1.797 | loss_cn = 0.00644743 | acc_sim = 0.779 | acc_phy = 0.737 
| epoch = 28 | step =   100 | loss_pnn = 1.796 | loss_cn = 0.00640240 | acc_sim = 0.779 | acc_phy = 0.737 
| epoch = 28 | step =   110 | loss_pnn = 1.795 | loss_cn = 0.00642294 | acc_sim = 0.779 | acc_phy = 0.737 
| epoch = 28 | step =   120 | loss_pnn = 1.794 | loss_cn = 0.00640991 | acc_sim = 0.780 | acc_phy = 0.738 
Phy accuracy of the network on 10000 test images: 0.758


Current training epoch: 29, learning rate for pnn: 0.00025, learning rate for SEPN: 0.0001
| epoch = 29 | step =    10 | loss_pnn = 1.792 | loss_cn = 0.00637646 | acc_sim = 0.777 | acc_phy = 0.743 
| epoch = 29 | step =    20 | loss_pnn = 1.788 | loss_cn = 0.00638716 | acc_sim = 0.780 | acc_phy = 0.746 
| epoch = 29 | step =    30 | loss_pnn = 1.785 | loss_cn = 0.00632834 | acc_sim = 0.782 | acc_phy = 0.747 
| epoch = 29 | step =    40 | loss_pnn = 1.782 | loss_cn = 0.00629879 | acc_sim = 0.785 | acc_phy = 0.749 
| epoch = 29 | step =    50 | loss_pnn = 1.783 | loss_cn = 0.00630222 | acc_sim = 0.784 | acc_phy = 0.748 
| epoch = 29 | step =    60 | loss_pnn = 1.781 | loss_cn = 0.00627786 | acc_sim = 0.785 | acc_phy = 0.748 
| epoch = 29 | step =    70 | loss_pnn = 1.782 | loss_cn = 0.00624135 | acc_sim = 0.784 | acc_phy = 0.747 
| epoch = 29 | step =    80 | loss_pnn = 1.781 | loss_cn = 0.00623622 | acc_sim = 0.784 | acc_phy = 0.748 
| epoch = 29 | step =    90 | loss_pnn = 1.781 | loss_cn = 0.00619994 | acc_sim = 0.785 | acc_phy = 0.748 
| epoch = 29 | step =   100 | loss_pnn = 1.780 | loss_cn = 0.00618652 | acc_sim = 0.785 | acc_phy = 0.749 
| epoch = 29 | step =   110 | loss_pnn = 1.780 | loss_cn = 0.00617511 | acc_sim = 0.786 | acc_phy = 0.749 
| epoch = 29 | step =   120 | loss_pnn = 1.779 | loss_cn = 0.00618559 | acc_sim = 0.786 | acc_phy = 0.749 
Phy accuracy of the network on 10000 test images: 0.768


Current training epoch: 30, learning rate for pnn: 0.00025, learning rate for SEPN: 0.0001
| epoch = 30 | step =    10 | loss_pnn = 1.771 | loss_cn = 0.00595094 | acc_sim = 0.788 | acc_phy = 0.759 
| epoch = 30 | step =    20 | loss_pnn = 1.776 | loss_cn = 0.00604655 | acc_sim = 0.783 | acc_phy = 0.750 
| epoch = 30 | step =    30 | loss_pnn = 1.774 | loss_cn = 0.00605853 | acc_sim = 0.786 | acc_phy = 0.752 
| epoch = 30 | step =    40 | loss_pnn = 1.774 | loss_cn = 0.00606937 | acc_sim = 0.785 | acc_phy = 0.752 
| epoch = 30 | step =    50 | loss_pnn = 1.772 | loss_cn = 0.00606064 | acc_sim = 0.789 | acc_phy = 0.754 
| epoch = 30 | step =    60 | loss_pnn = 1.771 | loss_cn = 0.00603959 | acc_sim = 0.790 | acc_phy = 0.755 
| epoch = 30 | step =    70 | loss_pnn = 1.770 | loss_cn = 0.00601936 | acc_sim = 0.791 | acc_phy = 0.756 
| epoch = 30 | step =    80 | loss_pnn = 1.770 | loss_cn = 0.00601837 | acc_sim = 0.791 | acc_phy = 0.756 
| epoch = 30 | step =    90 | loss_pnn = 1.771 | loss_cn = 0.00602553 | acc_sim = 0.791 | acc_phy = 0.755 
| epoch = 30 | step =   100 | loss_pnn = 1.770 | loss_cn = 0.00602267 | acc_sim = 0.792 | acc_phy = 0.756 
| epoch = 30 | step =   110 | loss_pnn = 1.770 | loss_cn = 0.00602129 | acc_sim = 0.792 | acc_phy = 0.756 
| epoch = 30 | step =   120 | loss_pnn = 1.769 | loss_cn = 0.00600799 | acc_sim = 0.793 | acc_phy = 0.758 
Phy accuracy of the network on 10000 test images: 0.774


Current training epoch: 31, learning rate for pnn: 0.000125, learning rate for SEPN: 0.0001
| epoch = 31 | step =    10 | loss_pnn = 1.764 | loss_cn = 0.00602227 | acc_sim = 0.796 | acc_phy = 0.759 
| epoch = 31 | step =    20 | loss_pnn = 1.769 | loss_cn = 0.00602674 | acc_sim = 0.792 | acc_phy = 0.758 
| epoch = 31 | step =    30 | loss_pnn = 1.768 | loss_cn = 0.00594227 | acc_sim = 0.793 | acc_phy = 0.758 
| epoch = 31 | step =    40 | loss_pnn = 1.766 | loss_cn = 0.00592310 | acc_sim = 0.795 | acc_phy = 0.759 
| epoch = 31 | step =    50 | loss_pnn = 1.766 | loss_cn = 0.00588542 | acc_sim = 0.795 | acc_phy = 0.759 
| epoch = 31 | step =    60 | loss_pnn = 1.765 | loss_cn = 0.00589288 | acc_sim = 0.796 | acc_phy = 0.760 
| epoch = 31 | step =    70 | loss_pnn = 1.765 | loss_cn = 0.00591524 | acc_sim = 0.796 | acc_phy = 0.760 
| epoch = 31 | step =    80 | loss_pnn = 1.765 | loss_cn = 0.00590796 | acc_sim = 0.795 | acc_phy = 0.759 
| epoch = 31 | step =    90 | loss_pnn = 1.765 | loss_cn = 0.00588513 | acc_sim = 0.795 | acc_phy = 0.760 
| epoch = 31 | step =   100 | loss_pnn = 1.764 | loss_cn = 0.00584280 | acc_sim = 0.795 | acc_phy = 0.760 
| epoch = 31 | step =   110 | loss_pnn = 1.763 | loss_cn = 0.00582497 | acc_sim = 0.796 | acc_phy = 0.762 
| epoch = 31 | step =   120 | loss_pnn = 1.763 | loss_cn = 0.00581769 | acc_sim = 0.796 | acc_phy = 0.763 
Phy accuracy of the network on 10000 test images: 0.778


Current training epoch: 32, learning rate for pnn: 0.000125, learning rate for SEPN: 0.0001
| epoch = 32 | step =    10 | loss_pnn = 1.753 | loss_cn = 0.00570446 | acc_sim = 0.806 | acc_phy = 0.772 
| epoch = 32 | step =    20 | loss_pnn = 1.757 | loss_cn = 0.00567480 | acc_sim = 0.802 | acc_phy = 0.769 
| epoch = 32 | step =    30 | loss_pnn = 1.758 | loss_cn = 0.00569141 | acc_sim = 0.802 | acc_phy = 0.769 
| epoch = 32 | step =    40 | loss_pnn = 1.758 | loss_cn = 0.00565987 | acc_sim = 0.801 | acc_phy = 0.768 
| epoch = 32 | step =    50 | loss_pnn = 1.759 | loss_cn = 0.00565982 | acc_sim = 0.799 | acc_phy = 0.768 
| epoch = 32 | step =    60 | loss_pnn = 1.759 | loss_cn = 0.00564932 | acc_sim = 0.800 | acc_phy = 0.768 
| epoch = 32 | step =    70 | loss_pnn = 1.759 | loss_cn = 0.00562926 | acc_sim = 0.799 | acc_phy = 0.767 
| epoch = 32 | step =    80 | loss_pnn = 1.761 | loss_cn = 0.00565446 | acc_sim = 0.798 | acc_phy = 0.765 
| epoch = 32 | step =    90 | loss_pnn = 1.760 | loss_cn = 0.00562710 | acc_sim = 0.798 | acc_phy = 0.766 
| epoch = 32 | step =   100 | loss_pnn = 1.760 | loss_cn = 0.00562471 | acc_sim = 0.798 | acc_phy = 0.767 
| epoch = 32 | step =   110 | loss_pnn = 1.759 | loss_cn = 0.00560918 | acc_sim = 0.799 | acc_phy = 0.767 
| epoch = 32 | step =   120 | loss_pnn = 1.759 | loss_cn = 0.00560247 | acc_sim = 0.798 | acc_phy = 0.767 
Phy accuracy of the network on 10000 test images: 0.781


Current training epoch: 33, learning rate for pnn: 0.000125, learning rate for SEPN: 0.0001
| epoch = 33 | step =    10 | loss_pnn = 1.754 | loss_cn = 0.00541083 | acc_sim = 0.803 | acc_phy = 0.775 
| epoch = 33 | step =    20 | loss_pnn = 1.756 | loss_cn = 0.00538868 | acc_sim = 0.800 | acc_phy = 0.773 
| epoch = 33 | step =    30 | loss_pnn = 1.755 | loss_cn = 0.00538927 | acc_sim = 0.802 | acc_phy = 0.774 
| epoch = 33 | step =    40 | loss_pnn = 1.756 | loss_cn = 0.00541748 | acc_sim = 0.801 | acc_phy = 0.772 
| epoch = 33 | step =    50 | loss_pnn = 1.755 | loss_cn = 0.00542965 | acc_sim = 0.802 | acc_phy = 0.773 
| epoch = 33 | step =    60 | loss_pnn = 1.755 | loss_cn = 0.00541924 | acc_sim = 0.802 | acc_phy = 0.772 
| epoch = 33 | step =    70 | loss_pnn = 1.755 | loss_cn = 0.00542564 | acc_sim = 0.801 | acc_phy = 0.772 
| epoch = 33 | step =    80 | loss_pnn = 1.755 | loss_cn = 0.00543564 | acc_sim = 0.801 | acc_phy = 0.772 
| epoch = 33 | step =    90 | loss_pnn = 1.755 | loss_cn = 0.00543083 | acc_sim = 0.801 | acc_phy = 0.772 
| epoch = 33 | step =   100 | loss_pnn = 1.755 | loss_cn = 0.00541399 | acc_sim = 0.801 | acc_phy = 0.771 
| epoch = 33 | step =   110 | loss_pnn = 1.755 | loss_cn = 0.00540683 | acc_sim = 0.801 | acc_phy = 0.771 
| epoch = 33 | step =   120 | loss_pnn = 1.756 | loss_cn = 0.00542293 | acc_sim = 0.800 | acc_phy = 0.770 
Phy accuracy of the network on 10000 test images: 0.783


Current training epoch: 34, learning rate for pnn: 0.000125, learning rate for SEPN: 0.0001
| epoch = 34 | step =    10 | loss_pnn = 1.753 | loss_cn = 0.00532712 | acc_sim = 0.806 | acc_phy = 0.772 
| epoch = 34 | step =    20 | loss_pnn = 1.754 | loss_cn = 0.00535529 | acc_sim = 0.804 | acc_phy = 0.769 
| epoch = 34 | step =    30 | loss_pnn = 1.752 | loss_cn = 0.00532943 | acc_sim = 0.806 | acc_phy = 0.773 
| epoch = 34 | step =    40 | loss_pnn = 1.752 | loss_cn = 0.00528597 | acc_sim = 0.805 | acc_phy = 0.774 
| epoch = 34 | step =    50 | loss_pnn = 1.752 | loss_cn = 0.00531115 | acc_sim = 0.804 | acc_phy = 0.773 
| epoch = 34 | step =    60 | loss_pnn = 1.753 | loss_cn = 0.00531565 | acc_sim = 0.804 | acc_phy = 0.774 
| epoch = 34 | step =    70 | loss_pnn = 1.753 | loss_cn = 0.00531090 | acc_sim = 0.804 | acc_phy = 0.774 
| epoch = 34 | step =    80 | loss_pnn = 1.753 | loss_cn = 0.00529601 | acc_sim = 0.803 | acc_phy = 0.773 
| epoch = 34 | step =    90 | loss_pnn = 1.752 | loss_cn = 0.00527717 | acc_sim = 0.803 | acc_phy = 0.774 
| epoch = 34 | step =   100 | loss_pnn = 1.752 | loss_cn = 0.00526973 | acc_sim = 0.804 | acc_phy = 0.775 
| epoch = 34 | step =   110 | loss_pnn = 1.753 | loss_cn = 0.00527810 | acc_sim = 0.803 | acc_phy = 0.774 
| epoch = 34 | step =   120 | loss_pnn = 1.753 | loss_cn = 0.00527780 | acc_sim = 0.802 | acc_phy = 0.774 
Phy accuracy of the network on 10000 test images: 0.784


Current training epoch: 35, learning rate for pnn: 0.000125, learning rate for SEPN: 0.0001
| epoch = 35 | step =    10 | loss_pnn = 1.752 | loss_cn = 0.00526252 | acc_sim = 0.801 | acc_phy = 0.775 
| epoch = 35 | step =    20 | loss_pnn = 1.756 | loss_cn = 0.00526308 | acc_sim = 0.800 | acc_phy = 0.770 
| epoch = 35 | step =    30 | loss_pnn = 1.756 | loss_cn = 0.00520937 | acc_sim = 0.799 | acc_phy = 0.770 
| epoch = 35 | step =    40 | loss_pnn = 1.755 | loss_cn = 0.00525793 | acc_sim = 0.801 | acc_phy = 0.772 
| epoch = 35 | step =    50 | loss_pnn = 1.754 | loss_cn = 0.00521667 | acc_sim = 0.801 | acc_phy = 0.774 
| epoch = 35 | step =    60 | loss_pnn = 1.753 | loss_cn = 0.00519050 | acc_sim = 0.802 | acc_phy = 0.774 
| epoch = 35 | step =    70 | loss_pnn = 1.752 | loss_cn = 0.00519108 | acc_sim = 0.803 | acc_phy = 0.775 
| epoch = 35 | step =    80 | loss_pnn = 1.752 | loss_cn = 0.00521088 | acc_sim = 0.803 | acc_phy = 0.776 
| epoch = 35 | step =    90 | loss_pnn = 1.752 | loss_cn = 0.00521392 | acc_sim = 0.803 | acc_phy = 0.776 
| epoch = 35 | step =   100 | loss_pnn = 1.752 | loss_cn = 0.00519248 | acc_sim = 0.804 | acc_phy = 0.776 
| epoch = 35 | step =   110 | loss_pnn = 1.751 | loss_cn = 0.00517410 | acc_sim = 0.804 | acc_phy = 0.776 
| epoch = 35 | step =   120 | loss_pnn = 1.750 | loss_cn = 0.00516448 | acc_sim = 0.804 | acc_phy = 0.777 
Phy accuracy of the network on 10000 test images: 0.790


Current training epoch: 36, learning rate for pnn: 0.000125, learning rate for SEPN: 0.0001
| epoch = 36 | step =    10 | loss_pnn = 1.749 | loss_cn = 0.00514973 | acc_sim = 0.807 | acc_phy = 0.781 
| epoch = 36 | step =    20 | loss_pnn = 1.750 | loss_cn = 0.00513531 | acc_sim = 0.807 | acc_phy = 0.779 
| epoch = 36 | step =    30 | loss_pnn = 1.751 | loss_cn = 0.00512236 | acc_sim = 0.806 | acc_phy = 0.778 
| epoch = 36 | step =    40 | loss_pnn = 1.751 | loss_cn = 0.00513257 | acc_sim = 0.805 | acc_phy = 0.777 
| epoch = 36 | step =    50 | loss_pnn = 1.750 | loss_cn = 0.00512936 | acc_sim = 0.807 | acc_phy = 0.779 
| epoch = 36 | step =    60 | loss_pnn = 1.750 | loss_cn = 0.00512087 | acc_sim = 0.806 | acc_phy = 0.779 
| epoch = 36 | step =    70 | loss_pnn = 1.750 | loss_cn = 0.00509693 | acc_sim = 0.806 | acc_phy = 0.779 
| epoch = 36 | step =    80 | loss_pnn = 1.749 | loss_cn = 0.00508750 | acc_sim = 0.807 | acc_phy = 0.780 
| epoch = 36 | step =    90 | loss_pnn = 1.749 | loss_cn = 0.00508499 | acc_sim = 0.806 | acc_phy = 0.780 
| epoch = 36 | step =   100 | loss_pnn = 1.749 | loss_cn = 0.00506385 | acc_sim = 0.806 | acc_phy = 0.779 
| epoch = 36 | step =   110 | loss_pnn = 1.749 | loss_cn = 0.00506130 | acc_sim = 0.806 | acc_phy = 0.780 
| epoch = 36 | step =   120 | loss_pnn = 1.748 | loss_cn = 0.00505891 | acc_sim = 0.807 | acc_phy = 0.780 
Phy accuracy of the network on 10000 test images: 0.791


Current training epoch: 37, learning rate for pnn: 0.000125, learning rate for SEPN: 0.0001
| epoch = 37 | step =    10 | loss_pnn = 1.751 | loss_cn = 0.00505702 | acc_sim = 0.801 | acc_phy = 0.774 
| epoch = 37 | step =    20 | loss_pnn = 1.752 | loss_cn = 0.00503885 | acc_sim = 0.803 | acc_phy = 0.777 
| epoch = 37 | step =    30 | loss_pnn = 1.750 | loss_cn = 0.00495244 | acc_sim = 0.805 | acc_phy = 0.778 
| epoch = 37 | step =    40 | loss_pnn = 1.750 | loss_cn = 0.00497643 | acc_sim = 0.805 | acc_phy = 0.779 
| epoch = 37 | step =    50 | loss_pnn = 1.749 | loss_cn = 0.00496271 | acc_sim = 0.806 | acc_phy = 0.780 
| epoch = 37 | step =    60 | loss_pnn = 1.749 | loss_cn = 0.00500931 | acc_sim = 0.806 | acc_phy = 0.781 
| epoch = 37 | step =    70 | loss_pnn = 1.748 | loss_cn = 0.00499462 | acc_sim = 0.808 | acc_phy = 0.783 
| epoch = 37 | step =    80 | loss_pnn = 1.747 | loss_cn = 0.00498734 | acc_sim = 0.808 | acc_phy = 0.783 
| epoch = 37 | step =    90 | loss_pnn = 1.747 | loss_cn = 0.00499368 | acc_sim = 0.809 | acc_phy = 0.784 
| epoch = 37 | step =   100 | loss_pnn = 1.747 | loss_cn = 0.00498457 | acc_sim = 0.809 | acc_phy = 0.784 
| epoch = 37 | step =   110 | loss_pnn = 1.747 | loss_cn = 0.00499149 | acc_sim = 0.809 | acc_phy = 0.783 
| epoch = 37 | step =   120 | loss_pnn = 1.747 | loss_cn = 0.00499642 | acc_sim = 0.810 | acc_phy = 0.784 
Phy accuracy of the network on 10000 test images: 0.794


Current training epoch: 38, learning rate for pnn: 0.000125, learning rate for SEPN: 0.0001
| epoch = 38 | step =    10 | loss_pnn = 1.754 | loss_cn = 0.00513145 | acc_sim = 0.804 | acc_phy = 0.778 
| epoch = 38 | step =    20 | loss_pnn = 1.749 | loss_cn = 0.00499153 | acc_sim = 0.809 | acc_phy = 0.782 
| epoch = 38 | step =    30 | loss_pnn = 1.748 | loss_cn = 0.00500532 | acc_sim = 0.810 | acc_phy = 0.782 
| epoch = 38 | step =    40 | loss_pnn = 1.747 | loss_cn = 0.00500176 | acc_sim = 0.811 | acc_phy = 0.784 
| epoch = 38 | step =    50 | loss_pnn = 1.747 | loss_cn = 0.00498547 | acc_sim = 0.812 | acc_phy = 0.784 
| epoch = 38 | step =    60 | loss_pnn = 1.746 | loss_cn = 0.00499923 | acc_sim = 0.814 | acc_phy = 0.784 
| epoch = 38 | step =    70 | loss_pnn = 1.746 | loss_cn = 0.00500343 | acc_sim = 0.813 | acc_phy = 0.785 
| epoch = 38 | step =    80 | loss_pnn = 1.747 | loss_cn = 0.00502028 | acc_sim = 0.813 | acc_phy = 0.785 
| epoch = 38 | step =    90 | loss_pnn = 1.748 | loss_cn = 0.00501366 | acc_sim = 0.811 | acc_phy = 0.785 
| epoch = 38 | step =   100 | loss_pnn = 1.748 | loss_cn = 0.00501676 | acc_sim = 0.811 | acc_phy = 0.785 
| epoch = 38 | step =   110 | loss_pnn = 1.748 | loss_cn = 0.00500894 | acc_sim = 0.812 | acc_phy = 0.786 
| epoch = 38 | step =   120 | loss_pnn = 1.748 | loss_cn = 0.00501729 | acc_sim = 0.812 | acc_phy = 0.787 
Phy accuracy of the network on 10000 test images: 0.798


Current training epoch: 39, learning rate for pnn: 0.000125, learning rate for SEPN: 0.0001
| epoch = 39 | step =    10 | loss_pnn = 1.751 | loss_cn = 0.00521779 | acc_sim = 0.817 | acc_phy = 0.790 
| epoch = 39 | step =    20 | loss_pnn = 1.750 | loss_cn = 0.00515098 | acc_sim = 0.815 | acc_phy = 0.790 
| epoch = 39 | step =    30 | loss_pnn = 1.752 | loss_cn = 0.00517313 | acc_sim = 0.813 | acc_phy = 0.788 
| epoch = 39 | step =    40 | loss_pnn = 1.751 | loss_cn = 0.00520672 | acc_sim = 0.814 | acc_phy = 0.789 
| epoch = 39 | step =    50 | loss_pnn = 1.752 | loss_cn = 0.00525001 | acc_sim = 0.814 | acc_phy = 0.789 
| epoch = 39 | step =    60 | loss_pnn = 1.753 | loss_cn = 0.00527260 | acc_sim = 0.813 | acc_phy = 0.789 
| epoch = 39 | step =    70 | loss_pnn = 1.754 | loss_cn = 0.00530741 | acc_sim = 0.813 | acc_phy = 0.789 
| epoch = 39 | step =    80 | loss_pnn = 1.756 | loss_cn = 0.00532564 | acc_sim = 0.812 | acc_phy = 0.788 
| epoch = 39 | step =    90 | loss_pnn = 1.757 | loss_cn = 0.00534844 | acc_sim = 0.812 | acc_phy = 0.787 
| epoch = 39 | step =   100 | loss_pnn = 1.757 | loss_cn = 0.00536537 | acc_sim = 0.813 | acc_phy = 0.788 
| epoch = 39 | step =   110 | loss_pnn = 1.758 | loss_cn = 0.00540693 | acc_sim = 0.813 | acc_phy = 0.788 
| epoch = 39 | step =   120 | loss_pnn = 1.759 | loss_cn = 0.00543713 | acc_sim = 0.813 | acc_phy = 0.787 
Phy accuracy of the network on 10000 test images: 0.789


Current training epoch: 40, learning rate for pnn: 0.000125, learning rate for SEPN: 0.0001
| epoch = 40 | step =    10 | loss_pnn = 1.777 | loss_cn = 0.00587631 | acc_sim = 0.807 | acc_phy = 0.774 
| epoch = 40 | step =    20 | loss_pnn = 1.772 | loss_cn = 0.00595527 | acc_sim = 0.810 | acc_phy = 0.774 
| epoch = 40 | step =    30 | loss_pnn = 1.775 | loss_cn = 0.00602014 | acc_sim = 0.806 | acc_phy = 0.760 
| epoch = 40 | step =    40 | loss_pnn = 1.778 | loss_cn = 0.00612256 | acc_sim = 0.802 | acc_phy = 0.749 
| epoch = 40 | step =    50 | loss_pnn = 1.784 | loss_cn = 0.00625158 | acc_sim = 0.792 | acc_phy = 0.739 
| epoch = 40 | step =    60 | loss_pnn = 1.787 | loss_cn = 0.00635048 | acc_sim = 0.785 | acc_phy = 0.734 
| epoch = 40 | step =    70 | loss_pnn = 1.791 | loss_cn = 0.00642767 | acc_sim = 0.776 | acc_phy = 0.729 
| epoch = 40 | step =    80 | loss_pnn = 1.794 | loss_cn = 0.00650766 | acc_sim = 0.771 | acc_phy = 0.726 
| epoch = 40 | step =    90 | loss_pnn = 1.798 | loss_cn = 0.00658806 | acc_sim = 0.766 | acc_phy = 0.723 
| epoch = 40 | step =   100 | loss_pnn = 1.801 | loss_cn = 0.00664329 | acc_sim = 0.762 | acc_phy = 0.721 
| epoch = 40 | step =   110 | loss_pnn = 1.804 | loss_cn = 0.00672397 | acc_sim = 0.759 | acc_phy = 0.719 
| epoch = 40 | step =   120 | loss_pnn = 1.806 | loss_cn = 0.00675249 | acc_sim = 0.757 | acc_phy = 0.719 
Phy accuracy of the network on 10000 test images: 0.719


Current training epoch: 41, learning rate for pnn: 6.25e-05, learning rate for SEPN: 0.0001
| epoch = 41 | step =    10 | loss_pnn = 1.829 | loss_cn = 0.00727197 | acc_sim = 0.737 | acc_phy = 0.712 
| epoch = 41 | step =    20 | loss_pnn = 1.832 | loss_cn = 0.00712548 | acc_sim = 0.734 | acc_phy = 0.708 
| epoch = 41 | step =    30 | loss_pnn = 1.833 | loss_cn = 0.00707302 | acc_sim = 0.735 | acc_phy = 0.709 
| epoch = 41 | step =    40 | loss_pnn = 1.834 | loss_cn = 0.00701779 | acc_sim = 0.735 | acc_phy = 0.708 
| epoch = 41 | step =    50 | loss_pnn = 1.835 | loss_cn = 0.00696816 | acc_sim = 0.733 | acc_phy = 0.707 
| epoch = 41 | step =    60 | loss_pnn = 1.834 | loss_cn = 0.00689316 | acc_sim = 0.734 | acc_phy = 0.709 
| epoch = 41 | step =    70 | loss_pnn = 1.835 | loss_cn = 0.00684092 | acc_sim = 0.733 | acc_phy = 0.708 
| epoch = 41 | step =    80 | loss_pnn = 1.834 | loss_cn = 0.00680740 | acc_sim = 0.734 | acc_phy = 0.709 
| epoch = 41 | step =    90 | loss_pnn = 1.834 | loss_cn = 0.00676363 | acc_sim = 0.735 | acc_phy = 0.711 
| epoch = 41 | step =   100 | loss_pnn = 1.834 | loss_cn = 0.00673437 | acc_sim = 0.735 | acc_phy = 0.710 
| epoch = 41 | step =   110 | loss_pnn = 1.835 | loss_cn = 0.00670193 | acc_sim = 0.734 | acc_phy = 0.710 
| epoch = 41 | step =   120 | loss_pnn = 1.836 | loss_cn = 0.00667083 | acc_sim = 0.734 | acc_phy = 0.710 
Phy accuracy of the network on 10000 test images: 0.722


Current training epoch: 42, learning rate for pnn: 6.25e-05, learning rate for SEPN: 0.0001
| epoch = 42 | step =    10 | loss_pnn = 1.838 | loss_cn = 0.00634220 | acc_sim = 0.735 | acc_phy = 0.715 
| epoch = 42 | step =    20 | loss_pnn = 1.838 | loss_cn = 0.00624807 | acc_sim = 0.736 | acc_phy = 0.715 
| epoch = 42 | step =    30 | loss_pnn = 1.839 | loss_cn = 0.00627116 | acc_sim = 0.738 | acc_phy = 0.714 
| epoch = 42 | step =    40 | loss_pnn = 1.839 | loss_cn = 0.00623401 | acc_sim = 0.739 | acc_phy = 0.716 
| epoch = 42 | step =    50 | loss_pnn = 1.840 | loss_cn = 0.00625062 | acc_sim = 0.738 | acc_phy = 0.715 
| epoch = 42 | step =    60 | loss_pnn = 1.842 | loss_cn = 0.00627177 | acc_sim = 0.735 | acc_phy = 0.712 
| epoch = 42 | step =    70 | loss_pnn = 1.842 | loss_cn = 0.00626805 | acc_sim = 0.735 | acc_phy = 0.713 
| epoch = 42 | step =    80 | loss_pnn = 1.842 | loss_cn = 0.00625091 | acc_sim = 0.736 | acc_phy = 0.713 
| epoch = 42 | step =    90 | loss_pnn = 1.842 | loss_cn = 0.00624589 | acc_sim = 0.736 | acc_phy = 0.713 
| epoch = 42 | step =   100 | loss_pnn = 1.843 | loss_cn = 0.00623036 | acc_sim = 0.736 | acc_phy = 0.712 
| epoch = 42 | step =   110 | loss_pnn = 1.843 | loss_cn = 0.00622241 | acc_sim = 0.737 | acc_phy = 0.713 
| epoch = 42 | step =   120 | loss_pnn = 1.843 | loss_cn = 0.00621433 | acc_sim = 0.737 | acc_phy = 0.713 
Phy accuracy of the network on 10000 test images: 0.724


Current training epoch: 43, learning rate for pnn: 6.25e-05, learning rate for SEPN: 0.0001
| epoch = 43 | step =    10 | loss_pnn = 1.845 | loss_cn = 0.00602913 | acc_sim = 0.735 | acc_phy = 0.715 
| epoch = 43 | step =    20 | loss_pnn = 1.847 | loss_cn = 0.00596068 | acc_sim = 0.733 | acc_phy = 0.713 
| epoch = 43 | step =    30 | loss_pnn = 1.847 | loss_cn = 0.00595522 | acc_sim = 0.734 | acc_phy = 0.713 
| epoch = 43 | step =    40 | loss_pnn = 1.847 | loss_cn = 0.00593951 | acc_sim = 0.735 | acc_phy = 0.713 
| epoch = 43 | step =    50 | loss_pnn = 1.846 | loss_cn = 0.00589074 | acc_sim = 0.738 | acc_phy = 0.715 
| epoch = 43 | step =    60 | loss_pnn = 1.847 | loss_cn = 0.00588744 | acc_sim = 0.738 | acc_phy = 0.714 
| epoch = 43 | step =    70 | loss_pnn = 1.848 | loss_cn = 0.00587463 | acc_sim = 0.737 | acc_phy = 0.714 
| epoch = 43 | step =    80 | loss_pnn = 1.847 | loss_cn = 0.00584773 | acc_sim = 0.739 | acc_phy = 0.715 
| epoch = 43 | step =    90 | loss_pnn = 1.847 | loss_cn = 0.00583526 | acc_sim = 0.739 | acc_phy = 0.715 
| epoch = 43 | step =   100 | loss_pnn = 1.847 | loss_cn = 0.00581254 | acc_sim = 0.739 | acc_phy = 0.716 
| epoch = 43 | step =   110 | loss_pnn = 1.847 | loss_cn = 0.00580170 | acc_sim = 0.739 | acc_phy = 0.716 
| epoch = 43 | step =   120 | loss_pnn = 1.847 | loss_cn = 0.00578747 | acc_sim = 0.740 | acc_phy = 0.716 
Phy accuracy of the network on 10000 test images: 0.728


Current training epoch: 44, learning rate for pnn: 6.25e-05, learning rate for SEPN: 0.0001
| epoch = 44 | step =    10 | loss_pnn = 1.845 | loss_cn = 0.00557722 | acc_sim = 0.740 | acc_phy = 0.718 
| epoch = 44 | step =    20 | loss_pnn = 1.848 | loss_cn = 0.00559496 | acc_sim = 0.740 | acc_phy = 0.711 
| epoch = 44 | step =    30 | loss_pnn = 1.847 | loss_cn = 0.00554277 | acc_sim = 0.742 | acc_phy = 0.715 
| epoch = 44 | step =    40 | loss_pnn = 1.845 | loss_cn = 0.00549429 | acc_sim = 0.744 | acc_phy = 0.717 
| epoch = 44 | step =    50 | loss_pnn = 1.844 | loss_cn = 0.00550202 | acc_sim = 0.745 | acc_phy = 0.719 
| epoch = 44 | step =    60 | loss_pnn = 1.844 | loss_cn = 0.00549775 | acc_sim = 0.745 | acc_phy = 0.718 
| epoch = 44 | step =    70 | loss_pnn = 1.844 | loss_cn = 0.00548946 | acc_sim = 0.744 | acc_phy = 0.718 
| epoch = 44 | step =    80 | loss_pnn = 1.843 | loss_cn = 0.00546752 | acc_sim = 0.745 | acc_phy = 0.719 
| epoch = 44 | step =    90 | loss_pnn = 1.844 | loss_cn = 0.00545360 | acc_sim = 0.744 | acc_phy = 0.718 
| epoch = 44 | step =   100 | loss_pnn = 1.843 | loss_cn = 0.00542355 | acc_sim = 0.744 | acc_phy = 0.719 
| epoch = 44 | step =   110 | loss_pnn = 1.842 | loss_cn = 0.00541254 | acc_sim = 0.745 | acc_phy = 0.720 
| epoch = 44 | step =   120 | loss_pnn = 1.842 | loss_cn = 0.00539652 | acc_sim = 0.745 | acc_phy = 0.720 
Phy accuracy of the network on 10000 test images: 0.733


Current training epoch: 45, learning rate for pnn: 6.25e-05, learning rate for SEPN: 0.0001
| epoch = 45 | step =    10 | loss_pnn = 1.839 | loss_cn = 0.00524822 | acc_sim = 0.743 | acc_phy = 0.718 
| epoch = 45 | step =    20 | loss_pnn = 1.841 | loss_cn = 0.00523784 | acc_sim = 0.740 | acc_phy = 0.716 
| epoch = 45 | step =    30 | loss_pnn = 1.839 | loss_cn = 0.00520828 | acc_sim = 0.744 | acc_phy = 0.720 
| epoch = 45 | step =    40 | loss_pnn = 1.839 | loss_cn = 0.00519404 | acc_sim = 0.745 | acc_phy = 0.721 
| epoch = 45 | step =    50 | loss_pnn = 1.839 | loss_cn = 0.00518188 | acc_sim = 0.744 | acc_phy = 0.720 
| epoch = 45 | step =    60 | loss_pnn = 1.838 | loss_cn = 0.00515879 | acc_sim = 0.745 | acc_phy = 0.721 
| epoch = 45 | step =    70 | loss_pnn = 1.838 | loss_cn = 0.00517331 | acc_sim = 0.745 | acc_phy = 0.721 
| epoch = 45 | step =    80 | loss_pnn = 1.836 | loss_cn = 0.00517623 | acc_sim = 0.746 | acc_phy = 0.723 
| epoch = 45 | step =    90 | loss_pnn = 1.836 | loss_cn = 0.00518484 | acc_sim = 0.746 | acc_phy = 0.722 
| epoch = 45 | step =   100 | loss_pnn = 1.836 | loss_cn = 0.00516142 | acc_sim = 0.747 | acc_phy = 0.722 
| epoch = 45 | step =   110 | loss_pnn = 1.836 | loss_cn = 0.00515700 | acc_sim = 0.747 | acc_phy = 0.722 
| epoch = 45 | step =   120 | loss_pnn = 1.836 | loss_cn = 0.00514957 | acc_sim = 0.747 | acc_phy = 0.722 
Phy accuracy of the network on 10000 test images: 0.736


Current training epoch: 46, learning rate for pnn: 6.25e-05, learning rate for SEPN: 0.0001
| epoch = 46 | step =    10 | loss_pnn = 1.828 | loss_cn = 0.00496298 | acc_sim = 0.756 | acc_phy = 0.730 
| epoch = 46 | step =    20 | loss_pnn = 1.830 | loss_cn = 0.00496588 | acc_sim = 0.752 | acc_phy = 0.730 
| epoch = 46 | step =    30 | loss_pnn = 1.830 | loss_cn = 0.00498962 | acc_sim = 0.751 | acc_phy = 0.728 
| epoch = 46 | step =    40 | loss_pnn = 1.831 | loss_cn = 0.00500629 | acc_sim = 0.749 | acc_phy = 0.726 
| epoch = 46 | step =    50 | loss_pnn = 1.831 | loss_cn = 0.00500282 | acc_sim = 0.749 | acc_phy = 0.726 
| epoch = 46 | step =    60 | loss_pnn = 1.831 | loss_cn = 0.00499157 | acc_sim = 0.750 | acc_phy = 0.726 
| epoch = 46 | step =    70 | loss_pnn = 1.832 | loss_cn = 0.00499670 | acc_sim = 0.750 | acc_phy = 0.726 
| epoch = 46 | step =    80 | loss_pnn = 1.832 | loss_cn = 0.00499516 | acc_sim = 0.749 | acc_phy = 0.725 
| epoch = 46 | step =    90 | loss_pnn = 1.832 | loss_cn = 0.00498490 | acc_sim = 0.749 | acc_phy = 0.725 
| epoch = 46 | step =   100 | loss_pnn = 1.832 | loss_cn = 0.00497603 | acc_sim = 0.749 | acc_phy = 0.725 
| epoch = 46 | step =   110 | loss_pnn = 1.832 | loss_cn = 0.00495682 | acc_sim = 0.749 | acc_phy = 0.725 
| epoch = 46 | step =   120 | loss_pnn = 1.832 | loss_cn = 0.00495670 | acc_sim = 0.750 | acc_phy = 0.725 
Phy accuracy of the network on 10000 test images: 0.737


Current training epoch: 47, learning rate for pnn: 6.25e-05, learning rate for SEPN: 0.0001
| epoch = 47 | step =    10 | loss_pnn = 1.824 | loss_cn = 0.00474372 | acc_sim = 0.754 | acc_phy = 0.736 
| epoch = 47 | step =    20 | loss_pnn = 1.828 | loss_cn = 0.00481839 | acc_sim = 0.752 | acc_phy = 0.732 
| epoch = 47 | step =    30 | loss_pnn = 1.828 | loss_cn = 0.00479014 | acc_sim = 0.754 | acc_phy = 0.733 
| epoch = 47 | step =    40 | loss_pnn = 1.831 | loss_cn = 0.00478182 | acc_sim = 0.749 | acc_phy = 0.729 
| epoch = 47 | step =    50 | loss_pnn = 1.831 | loss_cn = 0.00481488 | acc_sim = 0.750 | acc_phy = 0.728 
| epoch = 47 | step =    60 | loss_pnn = 1.832 | loss_cn = 0.00480493 | acc_sim = 0.749 | acc_phy = 0.727 
| epoch = 47 | step =    70 | loss_pnn = 1.832 | loss_cn = 0.00482340 | acc_sim = 0.749 | acc_phy = 0.727 
| epoch = 47 | step =    80 | loss_pnn = 1.830 | loss_cn = 0.00482157 | acc_sim = 0.751 | acc_phy = 0.729 
| epoch = 47 | step =    90 | loss_pnn = 1.831 | loss_cn = 0.00483413 | acc_sim = 0.751 | acc_phy = 0.728 
| epoch = 47 | step =   100 | loss_pnn = 1.831 | loss_cn = 0.00484207 | acc_sim = 0.751 | acc_phy = 0.728 
| epoch = 47 | step =   110 | loss_pnn = 1.830 | loss_cn = 0.00483731 | acc_sim = 0.751 | acc_phy = 0.729 
| epoch = 47 | step =   120 | loss_pnn = 1.830 | loss_cn = 0.00483784 | acc_sim = 0.751 | acc_phy = 0.729 
Phy accuracy of the network on 10000 test images: 0.738


Current training epoch: 48, learning rate for pnn: 6.25e-05, learning rate for SEPN: 0.0001
| epoch = 48 | step =    10 | loss_pnn = 1.837 | loss_cn = 0.00498528 | acc_sim = 0.743 | acc_phy = 0.718 
| epoch = 48 | step =    20 | loss_pnn = 1.832 | loss_cn = 0.00484750 | acc_sim = 0.750 | acc_phy = 0.728 
| epoch = 48 | step =    30 | loss_pnn = 1.833 | loss_cn = 0.00484584 | acc_sim = 0.749 | acc_phy = 0.728 
| epoch = 48 | step =    40 | loss_pnn = 1.831 | loss_cn = 0.00482888 | acc_sim = 0.749 | acc_phy = 0.729 
| epoch = 48 | step =    50 | loss_pnn = 1.833 | loss_cn = 0.00484902 | acc_sim = 0.748 | acc_phy = 0.727 
| epoch = 48 | step =    60 | loss_pnn = 1.833 | loss_cn = 0.00485774 | acc_sim = 0.749 | acc_phy = 0.727 
| epoch = 48 | step =    70 | loss_pnn = 1.832 | loss_cn = 0.00487223 | acc_sim = 0.750 | acc_phy = 0.728 
| epoch = 48 | step =    80 | loss_pnn = 1.831 | loss_cn = 0.00485604 | acc_sim = 0.751 | acc_phy = 0.730 
| epoch = 48 | step =    90 | loss_pnn = 1.831 | loss_cn = 0.00484953 | acc_sim = 0.751 | acc_phy = 0.729 
| epoch = 48 | step =   100 | loss_pnn = 1.831 | loss_cn = 0.00483690 | acc_sim = 0.752 | acc_phy = 0.730 
| epoch = 48 | step =   110 | loss_pnn = 1.830 | loss_cn = 0.00482462 | acc_sim = 0.753 | acc_phy = 0.731 
| epoch = 48 | step =   120 | loss_pnn = 1.830 | loss_cn = 0.00481344 | acc_sim = 0.753 | acc_phy = 0.731 
Phy accuracy of the network on 10000 test images: 0.738


Current training epoch: 49, learning rate for pnn: 6.25e-05, learning rate for SEPN: 0.0001
| epoch = 49 | step =    10 | loss_pnn = 1.825 | loss_cn = 0.00476795 | acc_sim = 0.759 | acc_phy = 0.735 
| epoch = 49 | step =    20 | loss_pnn = 1.826 | loss_cn = 0.00480072 | acc_sim = 0.756 | acc_phy = 0.735 
| epoch = 49 | step =    30 | loss_pnn = 1.826 | loss_cn = 0.00482308 | acc_sim = 0.757 | acc_phy = 0.735 
| epoch = 49 | step =    40 | loss_pnn = 1.827 | loss_cn = 0.00483520 | acc_sim = 0.756 | acc_phy = 0.734 
| epoch = 49 | step =    50 | loss_pnn = 1.828 | loss_cn = 0.00482059 | acc_sim = 0.755 | acc_phy = 0.734 
| epoch = 49 | step =    60 | loss_pnn = 1.829 | loss_cn = 0.00484725 | acc_sim = 0.755 | acc_phy = 0.733 
| epoch = 49 | step =    70 | loss_pnn = 1.830 | loss_cn = 0.00484637 | acc_sim = 0.754 | acc_phy = 0.732 
| epoch = 49 | step =    80 | loss_pnn = 1.830 | loss_cn = 0.00484912 | acc_sim = 0.753 | acc_phy = 0.732 
| epoch = 49 | step =    90 | loss_pnn = 1.831 | loss_cn = 0.00487479 | acc_sim = 0.752 | acc_phy = 0.731 
| epoch = 49 | step =   100 | loss_pnn = 1.830 | loss_cn = 0.00485058 | acc_sim = 0.753 | acc_phy = 0.732 
| epoch = 49 | step =   110 | loss_pnn = 1.830 | loss_cn = 0.00484889 | acc_sim = 0.753 | acc_phy = 0.732 
| epoch = 49 | step =   120 | loss_pnn = 1.830 | loss_cn = 0.00484820 | acc_sim = 0.753 | acc_phy = 0.732 
Phy accuracy of the network on 10000 test images: 0.737


Current training epoch: 50, learning rate for pnn: 6.25e-05, learning rate for SEPN: 0.0001
| epoch = 50 | step =    10 | loss_pnn = 1.837 | loss_cn = 0.00491870 | acc_sim = 0.750 | acc_phy = 0.724 
| epoch = 50 | step =    20 | loss_pnn = 1.832 | loss_cn = 0.00491127 | acc_sim = 0.754 | acc_phy = 0.730 
| epoch = 50 | step =    30 | loss_pnn = 1.832 | loss_cn = 0.00489932 | acc_sim = 0.753 | acc_phy = 0.730 
| epoch = 50 | step =    40 | loss_pnn = 1.831 | loss_cn = 0.00487993 | acc_sim = 0.753 | acc_phy = 0.732 
| epoch = 50 | step =    50 | loss_pnn = 1.832 | loss_cn = 0.00490005 | acc_sim = 0.753 | acc_phy = 0.730 
| epoch = 50 | step =    60 | loss_pnn = 1.832 | loss_cn = 0.00489392 | acc_sim = 0.753 | acc_phy = 0.730 
| epoch = 50 | step =    70 | loss_pnn = 1.831 | loss_cn = 0.00489409 | acc_sim = 0.753 | acc_phy = 0.732 
| epoch = 50 | step =    80 | loss_pnn = 1.830 | loss_cn = 0.00490603 | acc_sim = 0.753 | acc_phy = 0.732 
| epoch = 50 | step =    90 | loss_pnn = 1.830 | loss_cn = 0.00491115 | acc_sim = 0.753 | acc_phy = 0.731 
| epoch = 50 | step =   100 | loss_pnn = 1.830 | loss_cn = 0.00491711 | acc_sim = 0.753 | acc_phy = 0.731 
| epoch = 50 | step =   110 | loss_pnn = 1.830 | loss_cn = 0.00492421 | acc_sim = 0.753 | acc_phy = 0.731 
| epoch = 50 | step =   120 | loss_pnn = 1.830 | loss_cn = 0.00492062 | acc_sim = 0.753 | acc_phy = 0.731 
Phy accuracy of the network on 10000 test images: 0.733

Finished training. Elapsed time of training = 2:31:59.180151.
Best accuracy on test images: 0.7978999999999999.
