Training new model from scratch......
--------------------------
Training with SEPN
--------------------------

Current training epoch: 1, learning rate for pnn: 0.001, learning rate for SEPN: 0.001
| epoch = 1 | step =    10 | loss_pnn = 2.250 | loss_cn = 0.01154984 | acc_sim = 0.253 | acc_phy = 0.233 
| epoch = 1 | step =    20 | loss_pnn = 2.197 | loss_cn = 0.01502010 | acc_sim = 0.373 | acc_phy = 0.315 
| epoch = 1 | step =    30 | loss_pnn = 2.141 | loss_cn = 0.01867411 | acc_sim = 0.472 | acc_phy = 0.402 
| epoch = 1 | step =    40 | loss_pnn = 2.091 | loss_cn = 0.02215530 | acc_sim = 0.539 | acc_phy = 0.468 
| epoch = 1 | step =    50 | loss_pnn = 2.047 | loss_cn = 0.02348760 | acc_sim = 0.590 | acc_phy = 0.521 
| epoch = 1 | step =    60 | loss_pnn = 2.010 | loss_cn = 0.02234745 | acc_sim = 0.626 | acc_phy = 0.562 
| epoch = 1 | step =    70 | loss_pnn = 1.979 | loss_cn = 0.02054650 | acc_sim = 0.654 | acc_phy = 0.594 
| epoch = 1 | step =    80 | loss_pnn = 1.951 | loss_cn = 0.01869078 | acc_sim = 0.678 | acc_phy = 0.621 
| epoch = 1 | step =    90 | loss_pnn = 1.928 | loss_cn = 0.01707907 | acc_sim = 0.698 | acc_phy = 0.644 
| epoch = 1 | step =   100 | loss_pnn = 1.908 | loss_cn = 0.01572393 | acc_sim = 0.714 | acc_phy = 0.662 
| epoch = 1 | step =   110 | loss_pnn = 1.890 | loss_cn = 0.01456740 | acc_sim = 0.727 | acc_phy = 0.678 
| epoch = 1 | step =   120 | loss_pnn = 1.874 | loss_cn = 0.01357910 | acc_sim = 0.740 | acc_phy = 0.692 
Phy accuracy of the network on 10000 test images: 0.846


Current training epoch: 2, learning rate for pnn: 0.001, learning rate for SEPN: 0.001
| epoch = 2 | step =    10 | loss_pnn = 1.685 | loss_cn = 0.00244007 | acc_sim = 0.879 | acc_phy = 0.854 
| epoch = 2 | step =    20 | loss_pnn = 1.685 | loss_cn = 0.00237259 | acc_sim = 0.878 | acc_phy = 0.850 
| epoch = 2 | step =    30 | loss_pnn = 1.682 | loss_cn = 0.00230442 | acc_sim = 0.878 | acc_phy = 0.851 
| epoch = 2 | step =    40 | loss_pnn = 1.677 | loss_cn = 0.00220196 | acc_sim = 0.882 | acc_phy = 0.854 
| epoch = 2 | step =    50 | loss_pnn = 1.673 | loss_cn = 0.00213897 | acc_sim = 0.883 | acc_phy = 0.855 
| epoch = 2 | step =    60 | loss_pnn = 1.671 | loss_cn = 0.00208541 | acc_sim = 0.885 | acc_phy = 0.855 
| epoch = 2 | step =    70 | loss_pnn = 1.668 | loss_cn = 0.00201896 | acc_sim = 0.887 | acc_phy = 0.856 
| epoch = 2 | step =    80 | loss_pnn = 1.665 | loss_cn = 0.00197637 | acc_sim = 0.889 | acc_phy = 0.857 
| epoch = 2 | step =    90 | loss_pnn = 1.663 | loss_cn = 0.00194131 | acc_sim = 0.890 | acc_phy = 0.858 
| epoch = 2 | step =   100 | loss_pnn = 1.660 | loss_cn = 0.00189684 | acc_sim = 0.891 | acc_phy = 0.859 
| epoch = 2 | step =   110 | loss_pnn = 1.657 | loss_cn = 0.00185952 | acc_sim = 0.894 | acc_phy = 0.861 
| epoch = 2 | step =   120 | loss_pnn = 1.655 | loss_cn = 0.00182283 | acc_sim = 0.895 | acc_phy = 0.862 
Phy accuracy of the network on 10000 test images: 0.871


Current training epoch: 3, learning rate for pnn: 0.001, learning rate for SEPN: 0.001
| epoch = 3 | step =    10 | loss_pnn = 1.630 | loss_cn = 0.00140738 | acc_sim = 0.910 | acc_phy = 0.872 
| epoch = 3 | step =    20 | loss_pnn = 1.626 | loss_cn = 0.00138827 | acc_sim = 0.911 | acc_phy = 0.874 
| epoch = 3 | step =    30 | loss_pnn = 1.627 | loss_cn = 0.00137744 | acc_sim = 0.912 | acc_phy = 0.873 
| epoch = 3 | step =    40 | loss_pnn = 1.627 | loss_cn = 0.00135826 | acc_sim = 0.912 | acc_phy = 0.873 
| epoch = 3 | step =    50 | loss_pnn = 1.625 | loss_cn = 0.00135647 | acc_sim = 0.913 | acc_phy = 0.876 
| epoch = 3 | step =    60 | loss_pnn = 1.625 | loss_cn = 0.00133341 | acc_sim = 0.914 | acc_phy = 0.875 
| epoch = 3 | step =    70 | loss_pnn = 1.623 | loss_cn = 0.00131426 | acc_sim = 0.914 | acc_phy = 0.876 
| epoch = 3 | step =    80 | loss_pnn = 1.623 | loss_cn = 0.00129946 | acc_sim = 0.914 | acc_phy = 0.876 
| epoch = 3 | step =    90 | loss_pnn = 1.622 | loss_cn = 0.00129454 | acc_sim = 0.914 | acc_phy = 0.876 
| epoch = 3 | step =   100 | loss_pnn = 1.621 | loss_cn = 0.00128256 | acc_sim = 0.915 | acc_phy = 0.876 
| epoch = 3 | step =   110 | loss_pnn = 1.620 | loss_cn = 0.00126953 | acc_sim = 0.916 | acc_phy = 0.877 
| epoch = 3 | step =   120 | loss_pnn = 1.619 | loss_cn = 0.00125612 | acc_sim = 0.916 | acc_phy = 0.877 
Phy accuracy of the network on 10000 test images: 0.880


Current training epoch: 4, learning rate for pnn: 0.001, learning rate for SEPN: 0.001
| epoch = 4 | step =    10 | loss_pnn = 1.611 | loss_cn = 0.00117781 | acc_sim = 0.918 | acc_phy = 0.879 
| epoch = 4 | step =    20 | loss_pnn = 1.612 | loss_cn = 0.00117393 | acc_sim = 0.920 | acc_phy = 0.880 
| epoch = 4 | step =    30 | loss_pnn = 1.609 | loss_cn = 0.00110966 | acc_sim = 0.923 | acc_phy = 0.883 
| epoch = 4 | step =    40 | loss_pnn = 1.609 | loss_cn = 0.00110502 | acc_sim = 0.922 | acc_phy = 0.881 
| epoch = 4 | step =    50 | loss_pnn = 1.609 | loss_cn = 0.00110887 | acc_sim = 0.923 | acc_phy = 0.881 
| epoch = 4 | step =    60 | loss_pnn = 1.609 | loss_cn = 0.00109803 | acc_sim = 0.924 | acc_phy = 0.881 
| epoch = 4 | step =    70 | loss_pnn = 1.608 | loss_cn = 0.00110050 | acc_sim = 0.925 | acc_phy = 0.881 
| epoch = 4 | step =    80 | loss_pnn = 1.607 | loss_cn = 0.00109237 | acc_sim = 0.925 | acc_phy = 0.882 
| epoch = 4 | step =    90 | loss_pnn = 1.607 | loss_cn = 0.00108308 | acc_sim = 0.926 | acc_phy = 0.883 
| epoch = 4 | step =   100 | loss_pnn = 1.606 | loss_cn = 0.00107376 | acc_sim = 0.926 | acc_phy = 0.883 
| epoch = 4 | step =   110 | loss_pnn = 1.606 | loss_cn = 0.00106420 | acc_sim = 0.927 | acc_phy = 0.883 
| epoch = 4 | step =   120 | loss_pnn = 1.606 | loss_cn = 0.00105908 | acc_sim = 0.926 | acc_phy = 0.883 
Phy accuracy of the network on 10000 test images: 0.879


Current training epoch: 5, learning rate for pnn: 0.001, learning rate for SEPN: 0.001
| epoch = 5 | step =    10 | loss_pnn = 1.600 | loss_cn = 0.00099360 | acc_sim = 0.930 | acc_phy = 0.882 
| epoch = 5 | step =    20 | loss_pnn = 1.597 | loss_cn = 0.00095174 | acc_sim = 0.932 | acc_phy = 0.888 
| epoch = 5 | step =    30 | loss_pnn = 1.595 | loss_cn = 0.00096565 | acc_sim = 0.933 | acc_phy = 0.890 
| epoch = 5 | step =    40 | loss_pnn = 1.596 | loss_cn = 0.00096176 | acc_sim = 0.932 | acc_phy = 0.889 
| epoch = 5 | step =    50 | loss_pnn = 1.597 | loss_cn = 0.00097420 | acc_sim = 0.933 | acc_phy = 0.888 
| epoch = 5 | step =    60 | loss_pnn = 1.597 | loss_cn = 0.00097552 | acc_sim = 0.933 | acc_phy = 0.887 
| epoch = 5 | step =    70 | loss_pnn = 1.597 | loss_cn = 0.00097340 | acc_sim = 0.934 | acc_phy = 0.887 
| epoch = 5 | step =    80 | loss_pnn = 1.597 | loss_cn = 0.00097294 | acc_sim = 0.934 | acc_phy = 0.887 
| epoch = 5 | step =    90 | loss_pnn = 1.597 | loss_cn = 0.00097213 | acc_sim = 0.934 | acc_phy = 0.887 
| epoch = 5 | step =   100 | loss_pnn = 1.597 | loss_cn = 0.00097272 | acc_sim = 0.934 | acc_phy = 0.887 
| epoch = 5 | step =   110 | loss_pnn = 1.597 | loss_cn = 0.00097007 | acc_sim = 0.934 | acc_phy = 0.887 
| epoch = 5 | step =   120 | loss_pnn = 1.596 | loss_cn = 0.00095964 | acc_sim = 0.934 | acc_phy = 0.887 
Phy accuracy of the network on 10000 test images: 0.879


Current training epoch: 6, learning rate for pnn: 0.001, learning rate for SEPN: 0.001
| epoch = 6 | step =    10 | loss_pnn = 1.591 | loss_cn = 0.00092911 | acc_sim = 0.938 | acc_phy = 0.886 
| epoch = 6 | step =    20 | loss_pnn = 1.589 | loss_cn = 0.00091379 | acc_sim = 0.940 | acc_phy = 0.889 
| epoch = 6 | step =    30 | loss_pnn = 1.590 | loss_cn = 0.00092718 | acc_sim = 0.941 | acc_phy = 0.888 
| epoch = 6 | step =    40 | loss_pnn = 1.589 | loss_cn = 0.00093157 | acc_sim = 0.941 | acc_phy = 0.890 
| epoch = 6 | step =    50 | loss_pnn = 1.590 | loss_cn = 0.00093694 | acc_sim = 0.942 | acc_phy = 0.889 
| epoch = 6 | step =    60 | loss_pnn = 1.590 | loss_cn = 0.00093436 | acc_sim = 0.941 | acc_phy = 0.890 
| epoch = 6 | step =    70 | loss_pnn = 1.591 | loss_cn = 0.00093182 | acc_sim = 0.941 | acc_phy = 0.889 
| epoch = 6 | step =    80 | loss_pnn = 1.592 | loss_cn = 0.00092626 | acc_sim = 0.940 | acc_phy = 0.889 
| epoch = 6 | step =    90 | loss_pnn = 1.592 | loss_cn = 0.00092048 | acc_sim = 0.939 | acc_phy = 0.888 
| epoch = 6 | step =   100 | loss_pnn = 1.592 | loss_cn = 0.00091382 | acc_sim = 0.939 | acc_phy = 0.889 
| epoch = 6 | step =   110 | loss_pnn = 1.591 | loss_cn = 0.00090532 | acc_sim = 0.939 | acc_phy = 0.890 
| epoch = 6 | step =   120 | loss_pnn = 1.591 | loss_cn = 0.00089974 | acc_sim = 0.940 | acc_phy = 0.889 
Phy accuracy of the network on 10000 test images: 0.892


Current training epoch: 7, learning rate for pnn: 0.001, learning rate for SEPN: 0.001
| epoch = 7 | step =    10 | loss_pnn = 1.584 | loss_cn = 0.00075055 | acc_sim = 0.949 | acc_phy = 0.894 
| epoch = 7 | step =    20 | loss_pnn = 1.586 | loss_cn = 0.00080772 | acc_sim = 0.946 | acc_phy = 0.893 
| epoch = 7 | step =    30 | loss_pnn = 1.588 | loss_cn = 0.00080889 | acc_sim = 0.946 | acc_phy = 0.891 
| epoch = 7 | step =    40 | loss_pnn = 1.586 | loss_cn = 0.00081613 | acc_sim = 0.945 | acc_phy = 0.893 
| epoch = 7 | step =    50 | loss_pnn = 1.587 | loss_cn = 0.00082774 | acc_sim = 0.945 | acc_phy = 0.892 
| epoch = 7 | step =    60 | loss_pnn = 1.587 | loss_cn = 0.00082710 | acc_sim = 0.945 | acc_phy = 0.892 
| epoch = 7 | step =    70 | loss_pnn = 1.587 | loss_cn = 0.00083255 | acc_sim = 0.945 | acc_phy = 0.892 
| epoch = 7 | step =    80 | loss_pnn = 1.587 | loss_cn = 0.00083428 | acc_sim = 0.944 | acc_phy = 0.893 
| epoch = 7 | step =    90 | loss_pnn = 1.586 | loss_cn = 0.00082813 | acc_sim = 0.945 | acc_phy = 0.893 
| epoch = 7 | step =   100 | loss_pnn = 1.586 | loss_cn = 0.00082298 | acc_sim = 0.944 | acc_phy = 0.893 
| epoch = 7 | step =   110 | loss_pnn = 1.586 | loss_cn = 0.00081803 | acc_sim = 0.944 | acc_phy = 0.894 
| epoch = 7 | step =   120 | loss_pnn = 1.586 | loss_cn = 0.00081742 | acc_sim = 0.944 | acc_phy = 0.894 
Phy accuracy of the network on 10000 test images: 0.897


Current training epoch: 8, learning rate for pnn: 0.001, learning rate for SEPN: 0.001
| epoch = 8 | step =    10 | loss_pnn = 1.583 | loss_cn = 0.00080341 | acc_sim = 0.949 | acc_phy = 0.898 
| epoch = 8 | step =    20 | loss_pnn = 1.582 | loss_cn = 0.00078804 | acc_sim = 0.946 | acc_phy = 0.896 
| epoch = 8 | step =    30 | loss_pnn = 1.579 | loss_cn = 0.00079203 | acc_sim = 0.947 | acc_phy = 0.899 
| epoch = 8 | step =    40 | loss_pnn = 1.581 | loss_cn = 0.00079473 | acc_sim = 0.947 | acc_phy = 0.898 
| epoch = 8 | step =    50 | loss_pnn = 1.583 | loss_cn = 0.00082495 | acc_sim = 0.948 | acc_phy = 0.895 
| epoch = 8 | step =    60 | loss_pnn = 1.581 | loss_cn = 0.00082021 | acc_sim = 0.948 | acc_phy = 0.896 
| epoch = 8 | step =    70 | loss_pnn = 1.581 | loss_cn = 0.00080588 | acc_sim = 0.947 | acc_phy = 0.896 
| epoch = 8 | step =    80 | loss_pnn = 1.580 | loss_cn = 0.00079519 | acc_sim = 0.947 | acc_phy = 0.897 
| epoch = 8 | step =    90 | loss_pnn = 1.580 | loss_cn = 0.00078936 | acc_sim = 0.947 | acc_phy = 0.897 
| epoch = 8 | step =   100 | loss_pnn = 1.580 | loss_cn = 0.00078765 | acc_sim = 0.948 | acc_phy = 0.897 
| epoch = 8 | step =   110 | loss_pnn = 1.580 | loss_cn = 0.00078592 | acc_sim = 0.948 | acc_phy = 0.898 
| epoch = 8 | step =   120 | loss_pnn = 1.580 | loss_cn = 0.00078684 | acc_sim = 0.947 | acc_phy = 0.897 
Phy accuracy of the network on 10000 test images: 0.897


Current training epoch: 9, learning rate for pnn: 0.001, learning rate for SEPN: 0.001
| epoch = 9 | step =    10 | loss_pnn = 1.571 | loss_cn = 0.00068426 | acc_sim = 0.951 | acc_phy = 0.905 
| epoch = 9 | step =    20 | loss_pnn = 1.573 | loss_cn = 0.00070535 | acc_sim = 0.951 | acc_phy = 0.902 
| epoch = 9 | step =    30 | loss_pnn = 1.572 | loss_cn = 0.00071195 | acc_sim = 0.951 | acc_phy = 0.903 
| epoch = 9 | step =    40 | loss_pnn = 1.576 | loss_cn = 0.00071619 | acc_sim = 0.951 | acc_phy = 0.900 
| epoch = 9 | step =    50 | loss_pnn = 1.576 | loss_cn = 0.00072542 | acc_sim = 0.951 | acc_phy = 0.901 
| epoch = 9 | step =    60 | loss_pnn = 1.575 | loss_cn = 0.00072113 | acc_sim = 0.951 | acc_phy = 0.902 
| epoch = 9 | step =    70 | loss_pnn = 1.576 | loss_cn = 0.00072106 | acc_sim = 0.951 | acc_phy = 0.902 
| epoch = 9 | step =    80 | loss_pnn = 1.575 | loss_cn = 0.00072103 | acc_sim = 0.951 | acc_phy = 0.902 
| epoch = 9 | step =    90 | loss_pnn = 1.575 | loss_cn = 0.00071868 | acc_sim = 0.951 | acc_phy = 0.902 
| epoch = 9 | step =   100 | loss_pnn = 1.575 | loss_cn = 0.00072097 | acc_sim = 0.951 | acc_phy = 0.902 
| epoch = 9 | step =   110 | loss_pnn = 1.576 | loss_cn = 0.00072586 | acc_sim = 0.950 | acc_phy = 0.902 
| epoch = 9 | step =   120 | loss_pnn = 1.575 | loss_cn = 0.00072378 | acc_sim = 0.950 | acc_phy = 0.902 
Phy accuracy of the network on 10000 test images: 0.902


Current training epoch: 10, learning rate for pnn: 0.001, learning rate for SEPN: 0.001
| epoch = 10 | step =    10 | loss_pnn = 1.572 | loss_cn = 0.00072010 | acc_sim = 0.956 | acc_phy = 0.901 
| epoch = 10 | step =    20 | loss_pnn = 1.577 | loss_cn = 0.00069207 | acc_sim = 0.952 | acc_phy = 0.896 
| epoch = 10 | step =    30 | loss_pnn = 1.574 | loss_cn = 0.00069354 | acc_sim = 0.953 | acc_phy = 0.899 
| epoch = 10 | step =    40 | loss_pnn = 1.573 | loss_cn = 0.00069856 | acc_sim = 0.952 | acc_phy = 0.900 
| epoch = 10 | step =    50 | loss_pnn = 1.572 | loss_cn = 0.00069688 | acc_sim = 0.953 | acc_phy = 0.902 
| epoch = 10 | step =    60 | loss_pnn = 1.572 | loss_cn = 0.00069248 | acc_sim = 0.953 | acc_phy = 0.902 
| epoch = 10 | step =    70 | loss_pnn = 1.572 | loss_cn = 0.00068770 | acc_sim = 0.953 | acc_phy = 0.903 
| epoch = 10 | step =    80 | loss_pnn = 1.573 | loss_cn = 0.00069208 | acc_sim = 0.952 | acc_phy = 0.901 
| epoch = 10 | step =    90 | loss_pnn = 1.572 | loss_cn = 0.00069221 | acc_sim = 0.953 | acc_phy = 0.902 
| epoch = 10 | step =   100 | loss_pnn = 1.571 | loss_cn = 0.00068434 | acc_sim = 0.953 | acc_phy = 0.903 
| epoch = 10 | step =   110 | loss_pnn = 1.571 | loss_cn = 0.00069408 | acc_sim = 0.953 | acc_phy = 0.904 
| epoch = 10 | step =   120 | loss_pnn = 1.571 | loss_cn = 0.00069613 | acc_sim = 0.953 | acc_phy = 0.903 
Phy accuracy of the network on 10000 test images: 0.906


Current training epoch: 11, learning rate for pnn: 0.0005, learning rate for SEPN: 0.0005
| epoch = 11 | step =    10 | loss_pnn = 1.572 | loss_cn = 0.00067071 | acc_sim = 0.948 | acc_phy = 0.902 
| epoch = 11 | step =    20 | loss_pnn = 1.567 | loss_cn = 0.00066032 | acc_sim = 0.954 | acc_phy = 0.908 
| epoch = 11 | step =    30 | loss_pnn = 1.566 | loss_cn = 0.00063978 | acc_sim = 0.955 | acc_phy = 0.909 
| epoch = 11 | step =    40 | loss_pnn = 1.566 | loss_cn = 0.00063786 | acc_sim = 0.955 | acc_phy = 0.909 
| epoch = 11 | step =    50 | loss_pnn = 1.566 | loss_cn = 0.00062532 | acc_sim = 0.955 | acc_phy = 0.910 
| epoch = 11 | step =    60 | loss_pnn = 1.567 | loss_cn = 0.00062983 | acc_sim = 0.955 | acc_phy = 0.908 
| epoch = 11 | step =    70 | loss_pnn = 1.567 | loss_cn = 0.00062342 | acc_sim = 0.955 | acc_phy = 0.909 
| epoch = 11 | step =    80 | loss_pnn = 1.567 | loss_cn = 0.00062246 | acc_sim = 0.955 | acc_phy = 0.909 
| epoch = 11 | step =    90 | loss_pnn = 1.568 | loss_cn = 0.00062221 | acc_sim = 0.955 | acc_phy = 0.908 
| epoch = 11 | step =   100 | loss_pnn = 1.568 | loss_cn = 0.00062436 | acc_sim = 0.955 | acc_phy = 0.908 
| epoch = 11 | step =   110 | loss_pnn = 1.567 | loss_cn = 0.00062000 | acc_sim = 0.955 | acc_phy = 0.908 
| epoch = 11 | step =   120 | loss_pnn = 1.568 | loss_cn = 0.00062191 | acc_sim = 0.956 | acc_phy = 0.908 
Phy accuracy of the network on 10000 test images: 0.905


Current training epoch: 12, learning rate for pnn: 0.0005, learning rate for SEPN: 0.0005
| epoch = 12 | step =    10 | loss_pnn = 1.567 | loss_cn = 0.00059400 | acc_sim = 0.954 | acc_phy = 0.908 
| epoch = 12 | step =    20 | loss_pnn = 1.564 | loss_cn = 0.00059064 | acc_sim = 0.958 | acc_phy = 0.912 
| epoch = 12 | step =    30 | loss_pnn = 1.566 | loss_cn = 0.00061307 | acc_sim = 0.958 | acc_phy = 0.911 
| epoch = 12 | step =    40 | loss_pnn = 1.566 | loss_cn = 0.00060770 | acc_sim = 0.958 | acc_phy = 0.910 
| epoch = 12 | step =    50 | loss_pnn = 1.566 | loss_cn = 0.00061005 | acc_sim = 0.957 | acc_phy = 0.910 
| epoch = 12 | step =    60 | loss_pnn = 1.567 | loss_cn = 0.00061091 | acc_sim = 0.956 | acc_phy = 0.908 
| epoch = 12 | step =    70 | loss_pnn = 1.567 | loss_cn = 0.00060801 | acc_sim = 0.955 | acc_phy = 0.908 
| epoch = 12 | step =    80 | loss_pnn = 1.566 | loss_cn = 0.00060658 | acc_sim = 0.956 | acc_phy = 0.909 
| epoch = 12 | step =    90 | loss_pnn = 1.565 | loss_cn = 0.00060261 | acc_sim = 0.956 | acc_phy = 0.909 
| epoch = 12 | step =   100 | loss_pnn = 1.566 | loss_cn = 0.00060450 | acc_sim = 0.956 | acc_phy = 0.909 
| epoch = 12 | step =   110 | loss_pnn = 1.566 | loss_cn = 0.00060241 | acc_sim = 0.956 | acc_phy = 0.909 
| epoch = 12 | step =   120 | loss_pnn = 1.566 | loss_cn = 0.00060056 | acc_sim = 0.956 | acc_phy = 0.909 
Phy accuracy of the network on 10000 test images: 0.908


Current training epoch: 13, learning rate for pnn: 0.0005, learning rate for SEPN: 0.0005
| epoch = 13 | step =    10 | loss_pnn = 1.560 | loss_cn = 0.00057177 | acc_sim = 0.959 | acc_phy = 0.916 
| epoch = 13 | step =    20 | loss_pnn = 1.560 | loss_cn = 0.00058437 | acc_sim = 0.958 | acc_phy = 0.916 
| epoch = 13 | step =    30 | loss_pnn = 1.564 | loss_cn = 0.00060304 | acc_sim = 0.956 | acc_phy = 0.911 
| epoch = 13 | step =    40 | loss_pnn = 1.564 | loss_cn = 0.00059440 | acc_sim = 0.958 | acc_phy = 0.912 
| epoch = 13 | step =    50 | loss_pnn = 1.564 | loss_cn = 0.00059770 | acc_sim = 0.958 | acc_phy = 0.912 
| epoch = 13 | step =    60 | loss_pnn = 1.564 | loss_cn = 0.00059207 | acc_sim = 0.957 | acc_phy = 0.911 
| epoch = 13 | step =    70 | loss_pnn = 1.564 | loss_cn = 0.00058949 | acc_sim = 0.957 | acc_phy = 0.911 
| epoch = 13 | step =    80 | loss_pnn = 1.564 | loss_cn = 0.00058440 | acc_sim = 0.957 | acc_phy = 0.912 
| epoch = 13 | step =    90 | loss_pnn = 1.563 | loss_cn = 0.00058314 | acc_sim = 0.957 | acc_phy = 0.912 
| epoch = 13 | step =   100 | loss_pnn = 1.564 | loss_cn = 0.00058194 | acc_sim = 0.957 | acc_phy = 0.912 
| epoch = 13 | step =   110 | loss_pnn = 1.563 | loss_cn = 0.00057800 | acc_sim = 0.958 | acc_phy = 0.912 
| epoch = 13 | step =   120 | loss_pnn = 1.564 | loss_cn = 0.00057973 | acc_sim = 0.957 | acc_phy = 0.911 
Phy accuracy of the network on 10000 test images: 0.909


Current training epoch: 14, learning rate for pnn: 0.0005, learning rate for SEPN: 0.0005
| epoch = 14 | step =    10 | loss_pnn = 1.562 | loss_cn = 0.00055531 | acc_sim = 0.956 | acc_phy = 0.911 
| epoch = 14 | step =    20 | loss_pnn = 1.562 | loss_cn = 0.00055733 | acc_sim = 0.958 | acc_phy = 0.911 
| epoch = 14 | step =    30 | loss_pnn = 1.562 | loss_cn = 0.00054364 | acc_sim = 0.957 | acc_phy = 0.912 
| epoch = 14 | step =    40 | loss_pnn = 1.562 | loss_cn = 0.00054988 | acc_sim = 0.956 | acc_phy = 0.912 
| epoch = 14 | step =    50 | loss_pnn = 1.561 | loss_cn = 0.00055308 | acc_sim = 0.957 | acc_phy = 0.913 
| epoch = 14 | step =    60 | loss_pnn = 1.561 | loss_cn = 0.00055181 | acc_sim = 0.957 | acc_phy = 0.913 
| epoch = 14 | step =    70 | loss_pnn = 1.561 | loss_cn = 0.00055429 | acc_sim = 0.957 | acc_phy = 0.912 
| epoch = 14 | step =    80 | loss_pnn = 1.561 | loss_cn = 0.00055778 | acc_sim = 0.957 | acc_phy = 0.912 
| epoch = 14 | step =    90 | loss_pnn = 1.561 | loss_cn = 0.00055341 | acc_sim = 0.957 | acc_phy = 0.913 
| epoch = 14 | step =   100 | loss_pnn = 1.561 | loss_cn = 0.00055458 | acc_sim = 0.957 | acc_phy = 0.912 
| epoch = 14 | step =   110 | loss_pnn = 1.561 | loss_cn = 0.00055733 | acc_sim = 0.957 | acc_phy = 0.913 
| epoch = 14 | step =   120 | loss_pnn = 1.562 | loss_cn = 0.00056171 | acc_sim = 0.957 | acc_phy = 0.912 
Phy accuracy of the network on 10000 test images: 0.898


Current training epoch: 15, learning rate for pnn: 0.0005, learning rate for SEPN: 0.0005
| epoch = 15 | step =    10 | loss_pnn = 1.563 | loss_cn = 0.00058214 | acc_sim = 0.958 | acc_phy = 0.913 
| epoch = 15 | step =    20 | loss_pnn = 1.560 | loss_cn = 0.00055935 | acc_sim = 0.957 | acc_phy = 0.917 
| epoch = 15 | step =    30 | loss_pnn = 1.562 | loss_cn = 0.00054145 | acc_sim = 0.958 | acc_phy = 0.913 
| epoch = 15 | step =    40 | loss_pnn = 1.563 | loss_cn = 0.00053742 | acc_sim = 0.958 | acc_phy = 0.911 
| epoch = 15 | step =    50 | loss_pnn = 1.564 | loss_cn = 0.00055263 | acc_sim = 0.958 | acc_phy = 0.910 
| epoch = 15 | step =    60 | loss_pnn = 1.563 | loss_cn = 0.00055360 | acc_sim = 0.959 | acc_phy = 0.911 
| epoch = 15 | step =    70 | loss_pnn = 1.564 | loss_cn = 0.00055105 | acc_sim = 0.959 | acc_phy = 0.911 
| epoch = 15 | step =    80 | loss_pnn = 1.563 | loss_cn = 0.00054916 | acc_sim = 0.958 | acc_phy = 0.910 
| epoch = 15 | step =    90 | loss_pnn = 1.563 | loss_cn = 0.00055030 | acc_sim = 0.958 | acc_phy = 0.911 
| epoch = 15 | step =   100 | loss_pnn = 1.562 | loss_cn = 0.00054915 | acc_sim = 0.958 | acc_phy = 0.911 
| epoch = 15 | step =   110 | loss_pnn = 1.562 | loss_cn = 0.00055037 | acc_sim = 0.959 | acc_phy = 0.912 
| epoch = 15 | step =   120 | loss_pnn = 1.562 | loss_cn = 0.00055378 | acc_sim = 0.958 | acc_phy = 0.912 
Phy accuracy of the network on 10000 test images: 0.916


Current training epoch: 16, learning rate for pnn: 0.0005, learning rate for SEPN: 0.0005
| epoch = 16 | step =    10 | loss_pnn = 1.562 | loss_cn = 0.00052145 | acc_sim = 0.959 | acc_phy = 0.910 
| epoch = 16 | step =    20 | loss_pnn = 1.560 | loss_cn = 0.00049736 | acc_sim = 0.959 | acc_phy = 0.912 
| epoch = 16 | step =    30 | loss_pnn = 1.559 | loss_cn = 0.00053047 | acc_sim = 0.959 | acc_phy = 0.914 
| epoch = 16 | step =    40 | loss_pnn = 1.560 | loss_cn = 0.00053414 | acc_sim = 0.959 | acc_phy = 0.914 
| epoch = 16 | step =    50 | loss_pnn = 1.560 | loss_cn = 0.00054395 | acc_sim = 0.959 | acc_phy = 0.913 
| epoch = 16 | step =    60 | loss_pnn = 1.561 | loss_cn = 0.00054415 | acc_sim = 0.959 | acc_phy = 0.913 
| epoch = 16 | step =    70 | loss_pnn = 1.560 | loss_cn = 0.00053326 | acc_sim = 0.959 | acc_phy = 0.914 
| epoch = 16 | step =    80 | loss_pnn = 1.561 | loss_cn = 0.00053907 | acc_sim = 0.959 | acc_phy = 0.913 
| epoch = 16 | step =    90 | loss_pnn = 1.561 | loss_cn = 0.00054715 | acc_sim = 0.959 | acc_phy = 0.913 
| epoch = 16 | step =   100 | loss_pnn = 1.561 | loss_cn = 0.00054846 | acc_sim = 0.960 | acc_phy = 0.913 
| epoch = 16 | step =   110 | loss_pnn = 1.561 | loss_cn = 0.00054635 | acc_sim = 0.959 | acc_phy = 0.913 
| epoch = 16 | step =   120 | loss_pnn = 1.561 | loss_cn = 0.00054826 | acc_sim = 0.959 | acc_phy = 0.913 
Phy accuracy of the network on 10000 test images: 0.909


Current training epoch: 17, learning rate for pnn: 0.0005, learning rate for SEPN: 0.0005
| epoch = 17 | step =    10 | loss_pnn = 1.552 | loss_cn = 0.00053466 | acc_sim = 0.960 | acc_phy = 0.922 
| epoch = 17 | step =    20 | loss_pnn = 1.558 | loss_cn = 0.00053033 | acc_sim = 0.958 | acc_phy = 0.916 
| epoch = 17 | step =    30 | loss_pnn = 1.557 | loss_cn = 0.00052231 | acc_sim = 0.958 | acc_phy = 0.916 
| epoch = 17 | step =    40 | loss_pnn = 1.558 | loss_cn = 0.00053227 | acc_sim = 0.957 | acc_phy = 0.914 
| epoch = 17 | step =    50 | loss_pnn = 1.558 | loss_cn = 0.00053018 | acc_sim = 0.958 | acc_phy = 0.914 
| epoch = 17 | step =    60 | loss_pnn = 1.559 | loss_cn = 0.00053565 | acc_sim = 0.958 | acc_phy = 0.914 
| epoch = 17 | step =    70 | loss_pnn = 1.559 | loss_cn = 0.00054121 | acc_sim = 0.958 | acc_phy = 0.914 
| epoch = 17 | step =    80 | loss_pnn = 1.559 | loss_cn = 0.00054228 | acc_sim = 0.958 | acc_phy = 0.914 
| epoch = 17 | step =    90 | loss_pnn = 1.558 | loss_cn = 0.00054279 | acc_sim = 0.960 | acc_phy = 0.915 
| epoch = 17 | step =   100 | loss_pnn = 1.558 | loss_cn = 0.00053967 | acc_sim = 0.959 | acc_phy = 0.915 
| epoch = 17 | step =   110 | loss_pnn = 1.559 | loss_cn = 0.00053866 | acc_sim = 0.959 | acc_phy = 0.914 
| epoch = 17 | step =   120 | loss_pnn = 1.558 | loss_cn = 0.00053469 | acc_sim = 0.960 | acc_phy = 0.915 
Phy accuracy of the network on 10000 test images: 0.911


Current training epoch: 18, learning rate for pnn: 0.0005, learning rate for SEPN: 0.0005
| epoch = 18 | step =    10 | loss_pnn = 1.553 | loss_cn = 0.00046730 | acc_sim = 0.961 | acc_phy = 0.922 
| epoch = 18 | step =    20 | loss_pnn = 1.556 | loss_cn = 0.00049464 | acc_sim = 0.962 | acc_phy = 0.918 
| epoch = 18 | step =    30 | loss_pnn = 1.558 | loss_cn = 0.00051044 | acc_sim = 0.961 | acc_phy = 0.915 
| epoch = 18 | step =    40 | loss_pnn = 1.557 | loss_cn = 0.00051160 | acc_sim = 0.960 | acc_phy = 0.917 
| epoch = 18 | step =    50 | loss_pnn = 1.557 | loss_cn = 0.00050943 | acc_sim = 0.960 | acc_phy = 0.917 
| epoch = 18 | step =    60 | loss_pnn = 1.558 | loss_cn = 0.00051023 | acc_sim = 0.960 | acc_phy = 0.916 
| epoch = 18 | step =    70 | loss_pnn = 1.559 | loss_cn = 0.00051651 | acc_sim = 0.959 | acc_phy = 0.915 
| epoch = 18 | step =    80 | loss_pnn = 1.558 | loss_cn = 0.00051358 | acc_sim = 0.959 | acc_phy = 0.916 
| epoch = 18 | step =    90 | loss_pnn = 1.558 | loss_cn = 0.00051578 | acc_sim = 0.960 | acc_phy = 0.915 
| epoch = 18 | step =   100 | loss_pnn = 1.557 | loss_cn = 0.00051439 | acc_sim = 0.960 | acc_phy = 0.916 
| epoch = 18 | step =   110 | loss_pnn = 1.558 | loss_cn = 0.00051678 | acc_sim = 0.960 | acc_phy = 0.916 
| epoch = 18 | step =   120 | loss_pnn = 1.558 | loss_cn = 0.00051612 | acc_sim = 0.960 | acc_phy = 0.915 
Phy accuracy of the network on 10000 test images: 0.908


Current training epoch: 19, learning rate for pnn: 0.0005, learning rate for SEPN: 0.0005
| epoch = 19 | step =    10 | loss_pnn = 1.564 | loss_cn = 0.00048835 | acc_sim = 0.956 | acc_phy = 0.907 
| epoch = 19 | step =    20 | loss_pnn = 1.559 | loss_cn = 0.00050654 | acc_sim = 0.960 | acc_phy = 0.913 
| epoch = 19 | step =    30 | loss_pnn = 1.557 | loss_cn = 0.00049931 | acc_sim = 0.961 | acc_phy = 0.915 
| epoch = 19 | step =    40 | loss_pnn = 1.556 | loss_cn = 0.00050364 | acc_sim = 0.961 | acc_phy = 0.916 
| epoch = 19 | step =    50 | loss_pnn = 1.556 | loss_cn = 0.00051538 | acc_sim = 0.962 | acc_phy = 0.916 
| epoch = 19 | step =    60 | loss_pnn = 1.557 | loss_cn = 0.00051946 | acc_sim = 0.961 | acc_phy = 0.915 
| epoch = 19 | step =    70 | loss_pnn = 1.557 | loss_cn = 0.00052430 | acc_sim = 0.961 | acc_phy = 0.915 
| epoch = 19 | step =    80 | loss_pnn = 1.557 | loss_cn = 0.00051981 | acc_sim = 0.962 | acc_phy = 0.916 
| epoch = 19 | step =    90 | loss_pnn = 1.557 | loss_cn = 0.00051696 | acc_sim = 0.961 | acc_phy = 0.916 
| epoch = 19 | step =   100 | loss_pnn = 1.556 | loss_cn = 0.00051231 | acc_sim = 0.962 | acc_phy = 0.917 
| epoch = 19 | step =   110 | loss_pnn = 1.556 | loss_cn = 0.00051161 | acc_sim = 0.961 | acc_phy = 0.917 
| epoch = 19 | step =   120 | loss_pnn = 1.557 | loss_cn = 0.00051185 | acc_sim = 0.961 | acc_phy = 0.917 
Phy accuracy of the network on 10000 test images: 0.920


Current training epoch: 20, learning rate for pnn: 0.0005, learning rate for SEPN: 0.0005
| epoch = 20 | step =    10 | loss_pnn = 1.558 | loss_cn = 0.00051300 | acc_sim = 0.961 | acc_phy = 0.916 
| epoch = 20 | step =    20 | loss_pnn = 1.557 | loss_cn = 0.00051574 | acc_sim = 0.962 | acc_phy = 0.915 
| epoch = 20 | step =    30 | loss_pnn = 1.557 | loss_cn = 0.00051767 | acc_sim = 0.962 | acc_phy = 0.914 
| epoch = 20 | step =    40 | loss_pnn = 1.556 | loss_cn = 0.00051151 | acc_sim = 0.962 | acc_phy = 0.916 
| epoch = 20 | step =    50 | loss_pnn = 1.556 | loss_cn = 0.00050738 | acc_sim = 0.963 | acc_phy = 0.916 
| epoch = 20 | step =    60 | loss_pnn = 1.556 | loss_cn = 0.00050720 | acc_sim = 0.962 | acc_phy = 0.916 
| epoch = 20 | step =    70 | loss_pnn = 1.555 | loss_cn = 0.00050770 | acc_sim = 0.962 | acc_phy = 0.917 
| epoch = 20 | step =    80 | loss_pnn = 1.555 | loss_cn = 0.00051008 | acc_sim = 0.963 | acc_phy = 0.917 
| epoch = 20 | step =    90 | loss_pnn = 1.555 | loss_cn = 0.00050612 | acc_sim = 0.962 | acc_phy = 0.917 
| epoch = 20 | step =   100 | loss_pnn = 1.555 | loss_cn = 0.00050184 | acc_sim = 0.962 | acc_phy = 0.918 
| epoch = 20 | step =   110 | loss_pnn = 1.555 | loss_cn = 0.00050304 | acc_sim = 0.962 | acc_phy = 0.917 
| epoch = 20 | step =   120 | loss_pnn = 1.556 | loss_cn = 0.00050508 | acc_sim = 0.962 | acc_phy = 0.916 
Phy accuracy of the network on 10000 test images: 0.926


Current training epoch: 21, learning rate for pnn: 0.00025, learning rate for SEPN: 0.00025
| epoch = 21 | step =    10 | loss_pnn = 1.540 | loss_cn = 0.00046557 | acc_sim = 0.941 | acc_phy = 0.937 
| epoch = 21 | step =    20 | loss_pnn = 1.533 | loss_cn = 0.00043352 | acc_sim = 0.945 | acc_phy = 0.943 
| epoch = 21 | step =    30 | loss_pnn = 1.529 | loss_cn = 0.00043877 | acc_sim = 0.948 | acc_phy = 0.947 
| epoch = 21 | step =    40 | loss_pnn = 1.526 | loss_cn = 0.00043969 | acc_sim = 0.950 | acc_phy = 0.948 
| epoch = 21 | step =    50 | loss_pnn = 1.525 | loss_cn = 0.00043890 | acc_sim = 0.950 | acc_phy = 0.949 
| epoch = 21 | step =    60 | loss_pnn = 1.524 | loss_cn = 0.00042968 | acc_sim = 0.951 | acc_phy = 0.950 
| epoch = 21 | step =    70 | loss_pnn = 1.523 | loss_cn = 0.00041970 | acc_sim = 0.952 | acc_phy = 0.951 
| epoch = 21 | step =    80 | loss_pnn = 1.522 | loss_cn = 0.00041529 | acc_sim = 0.953 | acc_phy = 0.951 
| epoch = 21 | step =    90 | loss_pnn = 1.522 | loss_cn = 0.00042160 | acc_sim = 0.952 | acc_phy = 0.951 
| epoch = 21 | step =   100 | loss_pnn = 1.521 | loss_cn = 0.00042075 | acc_sim = 0.953 | acc_phy = 0.952 
| epoch = 21 | step =   110 | loss_pnn = 1.520 | loss_cn = 0.00041563 | acc_sim = 0.953 | acc_phy = 0.952 
| epoch = 21 | step =   120 | loss_pnn = 1.519 | loss_cn = 0.00041466 | acc_sim = 0.954 | acc_phy = 0.953 
Phy accuracy of the network on 10000 test images: 0.955


Current training epoch: 22, learning rate for pnn: 0.00025, learning rate for SEPN: 0.00025
| epoch = 22 | step =    10 | loss_pnn = 1.510 | loss_cn = 0.00036639 | acc_sim = 0.961 | acc_phy = 0.962 
| epoch = 22 | step =    20 | loss_pnn = 1.511 | loss_cn = 0.00038144 | acc_sim = 0.961 | acc_phy = 0.959 
| epoch = 22 | step =    30 | loss_pnn = 1.512 | loss_cn = 0.00037640 | acc_sim = 0.959 | acc_phy = 0.958 
| epoch = 22 | step =    40 | loss_pnn = 1.512 | loss_cn = 0.00037336 | acc_sim = 0.958 | acc_phy = 0.957 
| epoch = 22 | step =    50 | loss_pnn = 1.512 | loss_cn = 0.00037631 | acc_sim = 0.959 | acc_phy = 0.957 
| epoch = 22 | step =    60 | loss_pnn = 1.512 | loss_cn = 0.00037445 | acc_sim = 0.959 | acc_phy = 0.958 
| epoch = 22 | step =    70 | loss_pnn = 1.512 | loss_cn = 0.00037665 | acc_sim = 0.959 | acc_phy = 0.958 
| epoch = 22 | step =    80 | loss_pnn = 1.512 | loss_cn = 0.00037918 | acc_sim = 0.959 | acc_phy = 0.958 
| epoch = 22 | step =    90 | loss_pnn = 1.512 | loss_cn = 0.00037572 | acc_sim = 0.959 | acc_phy = 0.958 
| epoch = 22 | step =   100 | loss_pnn = 1.512 | loss_cn = 0.00037423 | acc_sim = 0.959 | acc_phy = 0.958 
| epoch = 22 | step =   110 | loss_pnn = 1.512 | loss_cn = 0.00037741 | acc_sim = 0.959 | acc_phy = 0.958 
| epoch = 22 | step =   120 | loss_pnn = 1.512 | loss_cn = 0.00037616 | acc_sim = 0.959 | acc_phy = 0.958 
Phy accuracy of the network on 10000 test images: 0.956


Current training epoch: 23, learning rate for pnn: 0.00025, learning rate for SEPN: 0.00025
| epoch = 23 | step =    10 | loss_pnn = 1.513 | loss_cn = 0.00038272 | acc_sim = 0.956 | acc_phy = 0.957 
| epoch = 23 | step =    20 | loss_pnn = 1.510 | loss_cn = 0.00035555 | acc_sim = 0.960 | acc_phy = 0.960 
| epoch = 23 | step =    30 | loss_pnn = 1.511 | loss_cn = 0.00035893 | acc_sim = 0.960 | acc_phy = 0.959 
| epoch = 23 | step =    40 | loss_pnn = 1.510 | loss_cn = 0.00035616 | acc_sim = 0.960 | acc_phy = 0.960 
| epoch = 23 | step =    50 | loss_pnn = 1.511 | loss_cn = 0.00035449 | acc_sim = 0.959 | acc_phy = 0.959 
| epoch = 23 | step =    60 | loss_pnn = 1.511 | loss_cn = 0.00035261 | acc_sim = 0.959 | acc_phy = 0.958 
| epoch = 23 | step =    70 | loss_pnn = 1.511 | loss_cn = 0.00035422 | acc_sim = 0.959 | acc_phy = 0.958 
| epoch = 23 | step =    80 | loss_pnn = 1.511 | loss_cn = 0.00034978 | acc_sim = 0.959 | acc_phy = 0.959 
| epoch = 23 | step =    90 | loss_pnn = 1.511 | loss_cn = 0.00035049 | acc_sim = 0.959 | acc_phy = 0.959 
| epoch = 23 | step =   100 | loss_pnn = 1.511 | loss_cn = 0.00035261 | acc_sim = 0.959 | acc_phy = 0.958 
| epoch = 23 | step =   110 | loss_pnn = 1.510 | loss_cn = 0.00035081 | acc_sim = 0.960 | acc_phy = 0.959 
| epoch = 23 | step =   120 | loss_pnn = 1.510 | loss_cn = 0.00035335 | acc_sim = 0.960 | acc_phy = 0.959 
Phy accuracy of the network on 10000 test images: 0.957


Current training epoch: 24, learning rate for pnn: 0.00025, learning rate for SEPN: 0.00025
| epoch = 24 | step =    10 | loss_pnn = 1.507 | loss_cn = 0.00033205 | acc_sim = 0.964 | acc_phy = 0.964 
| epoch = 24 | step =    20 | loss_pnn = 1.509 | loss_cn = 0.00033612 | acc_sim = 0.962 | acc_phy = 0.961 
| epoch = 24 | step =    30 | loss_pnn = 1.510 | loss_cn = 0.00034252 | acc_sim = 0.961 | acc_phy = 0.960 
| epoch = 24 | step =    40 | loss_pnn = 1.510 | loss_cn = 0.00033751 | acc_sim = 0.960 | acc_phy = 0.959 
| epoch = 24 | step =    50 | loss_pnn = 1.510 | loss_cn = 0.00033985 | acc_sim = 0.960 | acc_phy = 0.960 
| epoch = 24 | step =    60 | loss_pnn = 1.510 | loss_cn = 0.00033831 | acc_sim = 0.960 | acc_phy = 0.960 
| epoch = 24 | step =    70 | loss_pnn = 1.510 | loss_cn = 0.00033819 | acc_sim = 0.960 | acc_phy = 0.960 
| epoch = 24 | step =    80 | loss_pnn = 1.510 | loss_cn = 0.00034120 | acc_sim = 0.960 | acc_phy = 0.960 
| epoch = 24 | step =    90 | loss_pnn = 1.509 | loss_cn = 0.00034080 | acc_sim = 0.961 | acc_phy = 0.960 
| epoch = 24 | step =   100 | loss_pnn = 1.509 | loss_cn = 0.00033890 | acc_sim = 0.961 | acc_phy = 0.960 
| epoch = 24 | step =   110 | loss_pnn = 1.509 | loss_cn = 0.00033886 | acc_sim = 0.961 | acc_phy = 0.960 
| epoch = 24 | step =   120 | loss_pnn = 1.509 | loss_cn = 0.00034028 | acc_sim = 0.961 | acc_phy = 0.960 
Phy accuracy of the network on 10000 test images: 0.957


Current training epoch: 25, learning rate for pnn: 0.00025, learning rate for SEPN: 0.00025
| epoch = 25 | step =    10 | loss_pnn = 1.512 | loss_cn = 0.00033986 | acc_sim = 0.958 | acc_phy = 0.956 
| epoch = 25 | step =    20 | loss_pnn = 1.509 | loss_cn = 0.00034323 | acc_sim = 0.960 | acc_phy = 0.960 
| epoch = 25 | step =    30 | loss_pnn = 1.509 | loss_cn = 0.00034380 | acc_sim = 0.960 | acc_phy = 0.960 
| epoch = 25 | step =    40 | loss_pnn = 1.509 | loss_cn = 0.00033927 | acc_sim = 0.960 | acc_phy = 0.960 
| epoch = 25 | step =    50 | loss_pnn = 1.509 | loss_cn = 0.00032959 | acc_sim = 0.961 | acc_phy = 0.960 
| epoch = 25 | step =    60 | loss_pnn = 1.509 | loss_cn = 0.00032945 | acc_sim = 0.961 | acc_phy = 0.960 
| epoch = 25 | step =    70 | loss_pnn = 1.508 | loss_cn = 0.00032943 | acc_sim = 0.962 | acc_phy = 0.961 
| epoch = 25 | step =    80 | loss_pnn = 1.508 | loss_cn = 0.00032454 | acc_sim = 0.961 | acc_phy = 0.961 
| epoch = 25 | step =    90 | loss_pnn = 1.508 | loss_cn = 0.00032383 | acc_sim = 0.962 | acc_phy = 0.961 
| epoch = 25 | step =   100 | loss_pnn = 1.509 | loss_cn = 0.00032323 | acc_sim = 0.961 | acc_phy = 0.960 
| epoch = 25 | step =   110 | loss_pnn = 1.509 | loss_cn = 0.00032377 | acc_sim = 0.961 | acc_phy = 0.960 
| epoch = 25 | step =   120 | loss_pnn = 1.509 | loss_cn = 0.00032218 | acc_sim = 0.961 | acc_phy = 0.960 
Phy accuracy of the network on 10000 test images: 0.958


Current training epoch: 26, learning rate for pnn: 0.00025, learning rate for SEPN: 0.00025
| epoch = 26 | step =    10 | loss_pnn = 1.508 | loss_cn = 0.00031727 | acc_sim = 0.964 | acc_phy = 0.961 
| epoch = 26 | step =    20 | loss_pnn = 1.508 | loss_cn = 0.00031371 | acc_sim = 0.962 | acc_phy = 0.960 
| epoch = 26 | step =    30 | loss_pnn = 1.508 | loss_cn = 0.00032595 | acc_sim = 0.962 | acc_phy = 0.961 
| epoch = 26 | step =    40 | loss_pnn = 1.509 | loss_cn = 0.00033218 | acc_sim = 0.960 | acc_phy = 0.959 
| epoch = 26 | step =    50 | loss_pnn = 1.509 | loss_cn = 0.00032538 | acc_sim = 0.961 | acc_phy = 0.960 
| epoch = 26 | step =    60 | loss_pnn = 1.509 | loss_cn = 0.00032895 | acc_sim = 0.961 | acc_phy = 0.960 
| epoch = 26 | step =    70 | loss_pnn = 1.509 | loss_cn = 0.00032403 | acc_sim = 0.961 | acc_phy = 0.960 
| epoch = 26 | step =    80 | loss_pnn = 1.509 | loss_cn = 0.00032069 | acc_sim = 0.960 | acc_phy = 0.960 
| epoch = 26 | step =    90 | loss_pnn = 1.509 | loss_cn = 0.00032120 | acc_sim = 0.961 | acc_phy = 0.960 
| epoch = 26 | step =   100 | loss_pnn = 1.508 | loss_cn = 0.00032000 | acc_sim = 0.961 | acc_phy = 0.961 
| epoch = 26 | step =   110 | loss_pnn = 1.508 | loss_cn = 0.00031839 | acc_sim = 0.961 | acc_phy = 0.961 
| epoch = 26 | step =   120 | loss_pnn = 1.508 | loss_cn = 0.00031843 | acc_sim = 0.961 | acc_phy = 0.961 
Phy accuracy of the network on 10000 test images: 0.957


Current training epoch: 27, learning rate for pnn: 0.00025, learning rate for SEPN: 0.00025
| epoch = 27 | step =    10 | loss_pnn = 1.506 | loss_cn = 0.00028486 | acc_sim = 0.963 | acc_phy = 0.963 
| epoch = 27 | step =    20 | loss_pnn = 1.506 | loss_cn = 0.00028355 | acc_sim = 0.964 | acc_phy = 0.963 
| epoch = 27 | step =    30 | loss_pnn = 1.506 | loss_cn = 0.00028751 | acc_sim = 0.964 | acc_phy = 0.963 
| epoch = 27 | step =    40 | loss_pnn = 1.507 | loss_cn = 0.00030104 | acc_sim = 0.963 | acc_phy = 0.962 
| epoch = 27 | step =    50 | loss_pnn = 1.507 | loss_cn = 0.00029600 | acc_sim = 0.964 | acc_phy = 0.963 
| epoch = 27 | step =    60 | loss_pnn = 1.507 | loss_cn = 0.00030285 | acc_sim = 0.963 | acc_phy = 0.962 
| epoch = 27 | step =    70 | loss_pnn = 1.508 | loss_cn = 0.00030731 | acc_sim = 0.963 | acc_phy = 0.962 
| epoch = 27 | step =    80 | loss_pnn = 1.508 | loss_cn = 0.00030749 | acc_sim = 0.963 | acc_phy = 0.961 
| epoch = 27 | step =    90 | loss_pnn = 1.508 | loss_cn = 0.00030778 | acc_sim = 0.962 | acc_phy = 0.961 
| epoch = 27 | step =   100 | loss_pnn = 1.508 | loss_cn = 0.00031020 | acc_sim = 0.962 | acc_phy = 0.961 
| epoch = 27 | step =   110 | loss_pnn = 1.508 | loss_cn = 0.00030722 | acc_sim = 0.962 | acc_phy = 0.961 
| epoch = 27 | step =   120 | loss_pnn = 1.508 | loss_cn = 0.00030589 | acc_sim = 0.962 | acc_phy = 0.961 
Phy accuracy of the network on 10000 test images: 0.959


Current training epoch: 28, learning rate for pnn: 0.00025, learning rate for SEPN: 0.00025
| epoch = 28 | step =    10 | loss_pnn = 1.506 | loss_cn = 0.00029680 | acc_sim = 0.963 | acc_phy = 0.962 
| epoch = 28 | step =    20 | loss_pnn = 1.506 | loss_cn = 0.00029197 | acc_sim = 0.964 | acc_phy = 0.963 
| epoch = 28 | step =    30 | loss_pnn = 1.507 | loss_cn = 0.00030096 | acc_sim = 0.963 | acc_phy = 0.961 
| epoch = 28 | step =    40 | loss_pnn = 1.507 | loss_cn = 0.00029126 | acc_sim = 0.963 | acc_phy = 0.961 
| epoch = 28 | step =    50 | loss_pnn = 1.507 | loss_cn = 0.00029064 | acc_sim = 0.962 | acc_phy = 0.961 
| epoch = 28 | step =    60 | loss_pnn = 1.508 | loss_cn = 0.00029531 | acc_sim = 0.962 | acc_phy = 0.961 
| epoch = 28 | step =    70 | loss_pnn = 1.507 | loss_cn = 0.00029686 | acc_sim = 0.962 | acc_phy = 0.961 
| epoch = 28 | step =    80 | loss_pnn = 1.507 | loss_cn = 0.00029954 | acc_sim = 0.962 | acc_phy = 0.961 
| epoch = 28 | step =    90 | loss_pnn = 1.507 | loss_cn = 0.00030179 | acc_sim = 0.962 | acc_phy = 0.961 
| epoch = 28 | step =   100 | loss_pnn = 1.507 | loss_cn = 0.00029837 | acc_sim = 0.963 | acc_phy = 0.962 
| epoch = 28 | step =   110 | loss_pnn = 1.508 | loss_cn = 0.00029846 | acc_sim = 0.962 | acc_phy = 0.961 
| epoch = 28 | step =   120 | loss_pnn = 1.508 | loss_cn = 0.00029801 | acc_sim = 0.962 | acc_phy = 0.961 
Phy accuracy of the network on 10000 test images: 0.959


Current training epoch: 29, learning rate for pnn: 0.00025, learning rate for SEPN: 0.00025
| epoch = 29 | step =    10 | loss_pnn = 1.510 | loss_cn = 0.00028930 | acc_sim = 0.959 | acc_phy = 0.959 
| epoch = 29 | step =    20 | loss_pnn = 1.506 | loss_cn = 0.00026972 | acc_sim = 0.964 | acc_phy = 0.963 
| epoch = 29 | step =    30 | loss_pnn = 1.507 | loss_cn = 0.00028293 | acc_sim = 0.963 | acc_phy = 0.962 
| epoch = 29 | step =    40 | loss_pnn = 1.507 | loss_cn = 0.00028796 | acc_sim = 0.963 | acc_phy = 0.962 
| epoch = 29 | step =    50 | loss_pnn = 1.507 | loss_cn = 0.00029449 | acc_sim = 0.963 | acc_phy = 0.961 
| epoch = 29 | step =    60 | loss_pnn = 1.506 | loss_cn = 0.00029050 | acc_sim = 0.964 | acc_phy = 0.962 
| epoch = 29 | step =    70 | loss_pnn = 1.506 | loss_cn = 0.00029585 | acc_sim = 0.963 | acc_phy = 0.962 
| epoch = 29 | step =    80 | loss_pnn = 1.507 | loss_cn = 0.00029822 | acc_sim = 0.963 | acc_phy = 0.962 
| epoch = 29 | step =    90 | loss_pnn = 1.507 | loss_cn = 0.00029568 | acc_sim = 0.963 | acc_phy = 0.961 
| epoch = 29 | step =   100 | loss_pnn = 1.507 | loss_cn = 0.00029967 | acc_sim = 0.963 | acc_phy = 0.961 
| epoch = 29 | step =   110 | loss_pnn = 1.507 | loss_cn = 0.00029799 | acc_sim = 0.963 | acc_phy = 0.962 
| epoch = 29 | step =   120 | loss_pnn = 1.507 | loss_cn = 0.00029879 | acc_sim = 0.962 | acc_phy = 0.961 
Phy accuracy of the network on 10000 test images: 0.959


Current training epoch: 30, learning rate for pnn: 0.00025, learning rate for SEPN: 0.00025
| epoch = 30 | step =    10 | loss_pnn = 1.506 | loss_cn = 0.00027582 | acc_sim = 0.965 | acc_phy = 0.964 
| epoch = 30 | step =    20 | loss_pnn = 1.507 | loss_cn = 0.00027307 | acc_sim = 0.963 | acc_phy = 0.962 
| epoch = 30 | step =    30 | loss_pnn = 1.507 | loss_cn = 0.00027659 | acc_sim = 0.964 | acc_phy = 0.963 
| epoch = 30 | step =    40 | loss_pnn = 1.507 | loss_cn = 0.00028132 | acc_sim = 0.964 | acc_phy = 0.963 
| epoch = 30 | step =    50 | loss_pnn = 1.507 | loss_cn = 0.00028369 | acc_sim = 0.963 | acc_phy = 0.962 
| epoch = 30 | step =    60 | loss_pnn = 1.507 | loss_cn = 0.00028426 | acc_sim = 0.963 | acc_phy = 0.962 
| epoch = 30 | step =    70 | loss_pnn = 1.507 | loss_cn = 0.00028464 | acc_sim = 0.963 | acc_phy = 0.962 
| epoch = 30 | step =    80 | loss_pnn = 1.507 | loss_cn = 0.00028300 | acc_sim = 0.963 | acc_phy = 0.962 
| epoch = 30 | step =    90 | loss_pnn = 1.507 | loss_cn = 0.00028547 | acc_sim = 0.963 | acc_phy = 0.962 
| epoch = 30 | step =   100 | loss_pnn = 1.507 | loss_cn = 0.00028731 | acc_sim = 0.963 | acc_phy = 0.962 
| epoch = 30 | step =   110 | loss_pnn = 1.507 | loss_cn = 0.00028755 | acc_sim = 0.963 | acc_phy = 0.962 
| epoch = 30 | step =   120 | loss_pnn = 1.507 | loss_cn = 0.00028698 | acc_sim = 0.963 | acc_phy = 0.962 
Phy accuracy of the network on 10000 test images: 0.958


Current training epoch: 31, learning rate for pnn: 0.000125, learning rate for SEPN: 0.000125
| epoch = 31 | step =    10 | loss_pnn = 1.504 | loss_cn = 0.00026034 | acc_sim = 0.966 | acc_phy = 0.964 
| epoch = 31 | step =    20 | loss_pnn = 1.504 | loss_cn = 0.00026239 | acc_sim = 0.966 | acc_phy = 0.964 
| epoch = 31 | step =    30 | loss_pnn = 1.505 | loss_cn = 0.00026374 | acc_sim = 0.966 | acc_phy = 0.964 
| epoch = 31 | step =    40 | loss_pnn = 1.505 | loss_cn = 0.00026610 | acc_sim = 0.965 | acc_phy = 0.963 
| epoch = 31 | step =    50 | loss_pnn = 1.507 | loss_cn = 0.00027365 | acc_sim = 0.963 | acc_phy = 0.962 
| epoch = 31 | step =    60 | loss_pnn = 1.506 | loss_cn = 0.00026971 | acc_sim = 0.964 | acc_phy = 0.962 
| epoch = 31 | step =    70 | loss_pnn = 1.507 | loss_cn = 0.00026909 | acc_sim = 0.963 | acc_phy = 0.962 
| epoch = 31 | step =    80 | loss_pnn = 1.507 | loss_cn = 0.00027007 | acc_sim = 0.963 | acc_phy = 0.962 
| epoch = 31 | step =    90 | loss_pnn = 1.507 | loss_cn = 0.00027262 | acc_sim = 0.963 | acc_phy = 0.962 
| epoch = 31 | step =   100 | loss_pnn = 1.507 | loss_cn = 0.00027086 | acc_sim = 0.963 | acc_phy = 0.962 
| epoch = 31 | step =   110 | loss_pnn = 1.507 | loss_cn = 0.00027212 | acc_sim = 0.963 | acc_phy = 0.962 
| epoch = 31 | step =   120 | loss_pnn = 1.507 | loss_cn = 0.00027044 | acc_sim = 0.963 | acc_phy = 0.962 
Phy accuracy of the network on 10000 test images: 0.959


Current training epoch: 32, learning rate for pnn: 0.000125, learning rate for SEPN: 0.000125
| epoch = 32 | step =    10 | loss_pnn = 1.509 | loss_cn = 0.00026173 | acc_sim = 0.962 | acc_phy = 0.961 
| epoch = 32 | step =    20 | loss_pnn = 1.507 | loss_cn = 0.00025222 | acc_sim = 0.964 | acc_phy = 0.963 
| epoch = 32 | step =    30 | loss_pnn = 1.507 | loss_cn = 0.00025398 | acc_sim = 0.963 | acc_phy = 0.961 
| epoch = 32 | step =    40 | loss_pnn = 1.507 | loss_cn = 0.00025185 | acc_sim = 0.963 | acc_phy = 0.962 
| epoch = 32 | step =    50 | loss_pnn = 1.506 | loss_cn = 0.00026095 | acc_sim = 0.964 | acc_phy = 0.962 
| epoch = 32 | step =    60 | loss_pnn = 1.506 | loss_cn = 0.00026545 | acc_sim = 0.964 | acc_phy = 0.962 
| epoch = 32 | step =    70 | loss_pnn = 1.507 | loss_cn = 0.00026473 | acc_sim = 0.963 | acc_phy = 0.962 
| epoch = 32 | step =    80 | loss_pnn = 1.507 | loss_cn = 0.00026774 | acc_sim = 0.963 | acc_phy = 0.962 
| epoch = 32 | step =    90 | loss_pnn = 1.507 | loss_cn = 0.00026663 | acc_sim = 0.963 | acc_phy = 0.962 
| epoch = 32 | step =   100 | loss_pnn = 1.507 | loss_cn = 0.00026640 | acc_sim = 0.963 | acc_phy = 0.962 
| epoch = 32 | step =   110 | loss_pnn = 1.507 | loss_cn = 0.00026443 | acc_sim = 0.964 | acc_phy = 0.963 
| epoch = 32 | step =   120 | loss_pnn = 1.506 | loss_cn = 0.00026301 | acc_sim = 0.964 | acc_phy = 0.963 
Phy accuracy of the network on 10000 test images: 0.959


Current training epoch: 33, learning rate for pnn: 0.000125, learning rate for SEPN: 0.000125
| epoch = 33 | step =    10 | loss_pnn = 1.505 | loss_cn = 0.00026299 | acc_sim = 0.967 | acc_phy = 0.965 
| epoch = 33 | step =    20 | loss_pnn = 1.504 | loss_cn = 0.00026446 | acc_sim = 0.967 | acc_phy = 0.965 
| epoch = 33 | step =    30 | loss_pnn = 1.506 | loss_cn = 0.00026337 | acc_sim = 0.965 | acc_phy = 0.964 
| epoch = 33 | step =    40 | loss_pnn = 1.506 | loss_cn = 0.00026570 | acc_sim = 0.964 | acc_phy = 0.963 
| epoch = 33 | step =    50 | loss_pnn = 1.507 | loss_cn = 0.00026117 | acc_sim = 0.963 | acc_phy = 0.963 
| epoch = 33 | step =    60 | loss_pnn = 1.507 | loss_cn = 0.00026705 | acc_sim = 0.963 | acc_phy = 0.963 
| epoch = 33 | step =    70 | loss_pnn = 1.507 | loss_cn = 0.00026360 | acc_sim = 0.963 | acc_phy = 0.963 
| epoch = 33 | step =    80 | loss_pnn = 1.506 | loss_cn = 0.00026398 | acc_sim = 0.963 | acc_phy = 0.963 
| epoch = 33 | step =    90 | loss_pnn = 1.506 | loss_cn = 0.00026233 | acc_sim = 0.963 | acc_phy = 0.963 
| epoch = 33 | step =   100 | loss_pnn = 1.506 | loss_cn = 0.00025999 | acc_sim = 0.964 | acc_phy = 0.963 
| epoch = 33 | step =   110 | loss_pnn = 1.506 | loss_cn = 0.00025905 | acc_sim = 0.963 | acc_phy = 0.963 
| epoch = 33 | step =   120 | loss_pnn = 1.506 | loss_cn = 0.00026343 | acc_sim = 0.963 | acc_phy = 0.963 
Phy accuracy of the network on 10000 test images: 0.960


Current training epoch: 34, learning rate for pnn: 0.000125, learning rate for SEPN: 0.000125
| epoch = 34 | step =    10 | loss_pnn = 1.504 | loss_cn = 0.00025740 | acc_sim = 0.967 | acc_phy = 0.965 
| epoch = 34 | step =    20 | loss_pnn = 1.505 | loss_cn = 0.00026642 | acc_sim = 0.965 | acc_phy = 0.964 
| epoch = 34 | step =    30 | loss_pnn = 1.504 | loss_cn = 0.00025765 | acc_sim = 0.966 | acc_phy = 0.965 
| epoch = 34 | step =    40 | loss_pnn = 1.505 | loss_cn = 0.00025858 | acc_sim = 0.965 | acc_phy = 0.964 
| epoch = 34 | step =    50 | loss_pnn = 1.505 | loss_cn = 0.00026169 | acc_sim = 0.964 | acc_phy = 0.964 
| epoch = 34 | step =    60 | loss_pnn = 1.506 | loss_cn = 0.00026344 | acc_sim = 0.964 | acc_phy = 0.963 
| epoch = 34 | step =    70 | loss_pnn = 1.506 | loss_cn = 0.00026502 | acc_sim = 0.964 | acc_phy = 0.963 
| epoch = 34 | step =    80 | loss_pnn = 1.506 | loss_cn = 0.00026555 | acc_sim = 0.963 | acc_phy = 0.963 
| epoch = 34 | step =    90 | loss_pnn = 1.506 | loss_cn = 0.00026567 | acc_sim = 0.963 | acc_phy = 0.963 
| epoch = 34 | step =   100 | loss_pnn = 1.506 | loss_cn = 0.00026350 | acc_sim = 0.963 | acc_phy = 0.963 
| epoch = 34 | step =   110 | loss_pnn = 1.506 | loss_cn = 0.00026230 | acc_sim = 0.964 | acc_phy = 0.963 
| epoch = 34 | step =   120 | loss_pnn = 1.506 | loss_cn = 0.00026213 | acc_sim = 0.964 | acc_phy = 0.963 
Phy accuracy of the network on 10000 test images: 0.960


Current training epoch: 35, learning rate for pnn: 0.000125, learning rate for SEPN: 0.000125
| epoch = 35 | step =    10 | loss_pnn = 1.502 | loss_cn = 0.00023411 | acc_sim = 0.966 | acc_phy = 0.967 
| epoch = 35 | step =    20 | loss_pnn = 1.505 | loss_cn = 0.00024294 | acc_sim = 0.964 | acc_phy = 0.964 
| epoch = 35 | step =    30 | loss_pnn = 1.505 | loss_cn = 0.00024552 | acc_sim = 0.965 | acc_phy = 0.965 
| epoch = 35 | step =    40 | loss_pnn = 1.504 | loss_cn = 0.00024150 | acc_sim = 0.965 | acc_phy = 0.965 
| epoch = 35 | step =    50 | loss_pnn = 1.505 | loss_cn = 0.00024338 | acc_sim = 0.964 | acc_phy = 0.964 
| epoch = 35 | step =    60 | loss_pnn = 1.505 | loss_cn = 0.00024699 | acc_sim = 0.964 | acc_phy = 0.964 
| epoch = 35 | step =    70 | loss_pnn = 1.505 | loss_cn = 0.00025169 | acc_sim = 0.965 | acc_phy = 0.964 
| epoch = 35 | step =    80 | loss_pnn = 1.505 | loss_cn = 0.00025269 | acc_sim = 0.964 | acc_phy = 0.964 
| epoch = 35 | step =    90 | loss_pnn = 1.505 | loss_cn = 0.00025265 | acc_sim = 0.964 | acc_phy = 0.964 
| epoch = 35 | step =   100 | loss_pnn = 1.506 | loss_cn = 0.00025715 | acc_sim = 0.964 | acc_phy = 0.964 
| epoch = 35 | step =   110 | loss_pnn = 1.506 | loss_cn = 0.00025818 | acc_sim = 0.964 | acc_phy = 0.963 
| epoch = 35 | step =   120 | loss_pnn = 1.506 | loss_cn = 0.00025976 | acc_sim = 0.964 | acc_phy = 0.963 
Phy accuracy of the network on 10000 test images: 0.960


Current training epoch: 36, learning rate for pnn: 0.000125, learning rate for SEPN: 0.000125
| epoch = 36 | step =    10 | loss_pnn = 1.506 | loss_cn = 0.00025449 | acc_sim = 0.963 | acc_phy = 0.961 
| epoch = 36 | step =    20 | loss_pnn = 1.505 | loss_cn = 0.00024938 | acc_sim = 0.965 | acc_phy = 0.964 
| epoch = 36 | step =    30 | loss_pnn = 1.505 | loss_cn = 0.00024965 | acc_sim = 0.965 | acc_phy = 0.964 
| epoch = 36 | step =    40 | loss_pnn = 1.505 | loss_cn = 0.00024608 | acc_sim = 0.964 | acc_phy = 0.963 
| epoch = 36 | step =    50 | loss_pnn = 1.506 | loss_cn = 0.00024827 | acc_sim = 0.964 | acc_phy = 0.963 
| epoch = 36 | step =    60 | loss_pnn = 1.506 | loss_cn = 0.00025033 | acc_sim = 0.964 | acc_phy = 0.963 
| epoch = 36 | step =    70 | loss_pnn = 1.506 | loss_cn = 0.00025002 | acc_sim = 0.964 | acc_phy = 0.963 
| epoch = 36 | step =    80 | loss_pnn = 1.505 | loss_cn = 0.00025061 | acc_sim = 0.964 | acc_phy = 0.963 
| epoch = 36 | step =    90 | loss_pnn = 1.506 | loss_cn = 0.00025124 | acc_sim = 0.964 | acc_phy = 0.963 
| epoch = 36 | step =   100 | loss_pnn = 1.506 | loss_cn = 0.00025580 | acc_sim = 0.963 | acc_phy = 0.962 
| epoch = 36 | step =   110 | loss_pnn = 1.506 | loss_cn = 0.00025677 | acc_sim = 0.963 | acc_phy = 0.962 
| epoch = 36 | step =   120 | loss_pnn = 1.506 | loss_cn = 0.00025653 | acc_sim = 0.964 | acc_phy = 0.963 
Phy accuracy of the network on 10000 test images: 0.959


Current training epoch: 37, learning rate for pnn: 0.000125, learning rate for SEPN: 0.000125
| epoch = 37 | step =    10 | loss_pnn = 1.506 | loss_cn = 0.00027813 | acc_sim = 0.966 | acc_phy = 0.963 
| epoch = 37 | step =    20 | loss_pnn = 1.505 | loss_cn = 0.00025792 | acc_sim = 0.966 | acc_phy = 0.964 
| epoch = 37 | step =    30 | loss_pnn = 1.506 | loss_cn = 0.00025294 | acc_sim = 0.965 | acc_phy = 0.963 
| epoch = 37 | step =    40 | loss_pnn = 1.505 | loss_cn = 0.00024536 | acc_sim = 0.966 | acc_phy = 0.964 
| epoch = 37 | step =    50 | loss_pnn = 1.505 | loss_cn = 0.00024785 | acc_sim = 0.965 | acc_phy = 0.964 
| epoch = 37 | step =    60 | loss_pnn = 1.505 | loss_cn = 0.00025143 | acc_sim = 0.965 | acc_phy = 0.964 
| epoch = 37 | step =    70 | loss_pnn = 1.505 | loss_cn = 0.00024968 | acc_sim = 0.965 | acc_phy = 0.964 
| epoch = 37 | step =    80 | loss_pnn = 1.506 | loss_cn = 0.00025450 | acc_sim = 0.965 | acc_phy = 0.963 
| epoch = 37 | step =    90 | loss_pnn = 1.506 | loss_cn = 0.00025530 | acc_sim = 0.965 | acc_phy = 0.963 
| epoch = 37 | step =   100 | loss_pnn = 1.506 | loss_cn = 0.00025443 | acc_sim = 0.964 | acc_phy = 0.963 
| epoch = 37 | step =   110 | loss_pnn = 1.506 | loss_cn = 0.00025495 | acc_sim = 0.964 | acc_phy = 0.963 
| epoch = 37 | step =   120 | loss_pnn = 1.506 | loss_cn = 0.00025448 | acc_sim = 0.964 | acc_phy = 0.963 
Phy accuracy of the network on 10000 test images: 0.961


Current training epoch: 38, learning rate for pnn: 0.000125, learning rate for SEPN: 0.000125
| epoch = 38 | step =    10 | loss_pnn = 1.508 | loss_cn = 0.00024782 | acc_sim = 0.960 | acc_phy = 0.960 
| epoch = 38 | step =    20 | loss_pnn = 1.506 | loss_cn = 0.00025428 | acc_sim = 0.964 | acc_phy = 0.964 
| epoch = 38 | step =    30 | loss_pnn = 1.505 | loss_cn = 0.00026109 | acc_sim = 0.965 | acc_phy = 0.965 
| epoch = 38 | step =    40 | loss_pnn = 1.507 | loss_cn = 0.00026313 | acc_sim = 0.964 | acc_phy = 0.964 
| epoch = 38 | step =    50 | loss_pnn = 1.506 | loss_cn = 0.00025770 | acc_sim = 0.964 | acc_phy = 0.964 
| epoch = 38 | step =    60 | loss_pnn = 1.506 | loss_cn = 0.00025403 | acc_sim = 0.964 | acc_phy = 0.963 
| epoch = 38 | step =    70 | loss_pnn = 1.506 | loss_cn = 0.00025726 | acc_sim = 0.963 | acc_phy = 0.963 
| epoch = 38 | step =    80 | loss_pnn = 1.506 | loss_cn = 0.00025526 | acc_sim = 0.964 | acc_phy = 0.963 
| epoch = 38 | step =    90 | loss_pnn = 1.506 | loss_cn = 0.00025717 | acc_sim = 0.964 | acc_phy = 0.963 
| epoch = 38 | step =   100 | loss_pnn = 1.506 | loss_cn = 0.00025374 | acc_sim = 0.964 | acc_phy = 0.963 
| epoch = 38 | step =   110 | loss_pnn = 1.506 | loss_cn = 0.00025367 | acc_sim = 0.964 | acc_phy = 0.963 
| epoch = 38 | step =   120 | loss_pnn = 1.506 | loss_cn = 0.00025303 | acc_sim = 0.964 | acc_phy = 0.963 
Phy accuracy of the network on 10000 test images: 0.961


Current training epoch: 39, learning rate for pnn: 0.000125, learning rate for SEPN: 0.000125
| epoch = 39 | step =    10 | loss_pnn = 1.503 | loss_cn = 0.00023298 | acc_sim = 0.969 | acc_phy = 0.968 
| epoch = 39 | step =    20 | loss_pnn = 1.503 | loss_cn = 0.00024207 | acc_sim = 0.968 | acc_phy = 0.967 
| epoch = 39 | step =    30 | loss_pnn = 1.503 | loss_cn = 0.00024441 | acc_sim = 0.967 | acc_phy = 0.966 
| epoch = 39 | step =    40 | loss_pnn = 1.504 | loss_cn = 0.00025263 | acc_sim = 0.966 | acc_phy = 0.965 
| epoch = 39 | step =    50 | loss_pnn = 1.505 | loss_cn = 0.00025598 | acc_sim = 0.966 | acc_phy = 0.965 
| epoch = 39 | step =    60 | loss_pnn = 1.505 | loss_cn = 0.00025092 | acc_sim = 0.965 | acc_phy = 0.964 
| epoch = 39 | step =    70 | loss_pnn = 1.506 | loss_cn = 0.00025110 | acc_sim = 0.964 | acc_phy = 0.963 
| epoch = 39 | step =    80 | loss_pnn = 1.506 | loss_cn = 0.00025273 | acc_sim = 0.964 | acc_phy = 0.963 
| epoch = 39 | step =    90 | loss_pnn = 1.506 | loss_cn = 0.00025204 | acc_sim = 0.964 | acc_phy = 0.963 
| epoch = 39 | step =   100 | loss_pnn = 1.506 | loss_cn = 0.00025205 | acc_sim = 0.964 | acc_phy = 0.963 
| epoch = 39 | step =   110 | loss_pnn = 1.506 | loss_cn = 0.00025345 | acc_sim = 0.964 | acc_phy = 0.963 
| epoch = 39 | step =   120 | loss_pnn = 1.506 | loss_cn = 0.00025179 | acc_sim = 0.964 | acc_phy = 0.963 
Phy accuracy of the network on 10000 test images: 0.961


Current training epoch: 40, learning rate for pnn: 0.000125, learning rate for SEPN: 0.000125
| epoch = 40 | step =    10 | loss_pnn = 1.505 | loss_cn = 0.00023771 | acc_sim = 0.966 | acc_phy = 0.966 
| epoch = 40 | step =    20 | loss_pnn = 1.506 | loss_cn = 0.00024394 | acc_sim = 0.965 | acc_phy = 0.965 
| epoch = 40 | step =    30 | loss_pnn = 1.505 | loss_cn = 0.00024019 | acc_sim = 0.965 | acc_phy = 0.965 
| epoch = 40 | step =    40 | loss_pnn = 1.504 | loss_cn = 0.00023871 | acc_sim = 0.966 | acc_phy = 0.965 
| epoch = 40 | step =    50 | loss_pnn = 1.505 | loss_cn = 0.00024201 | acc_sim = 0.965 | acc_phy = 0.964 
| epoch = 40 | step =    60 | loss_pnn = 1.505 | loss_cn = 0.00024247 | acc_sim = 0.965 | acc_phy = 0.965 
| epoch = 40 | step =    70 | loss_pnn = 1.505 | loss_cn = 0.00024303 | acc_sim = 0.965 | acc_phy = 0.965 
| epoch = 40 | step =    80 | loss_pnn = 1.505 | loss_cn = 0.00024380 | acc_sim = 0.965 | acc_phy = 0.964 
| epoch = 40 | step =    90 | loss_pnn = 1.505 | loss_cn = 0.00024816 | acc_sim = 0.965 | acc_phy = 0.964 
| epoch = 40 | step =   100 | loss_pnn = 1.506 | loss_cn = 0.00025238 | acc_sim = 0.965 | acc_phy = 0.964 
| epoch = 40 | step =   110 | loss_pnn = 1.505 | loss_cn = 0.00025218 | acc_sim = 0.965 | acc_phy = 0.964 
| epoch = 40 | step =   120 | loss_pnn = 1.505 | loss_cn = 0.00024856 | acc_sim = 0.965 | acc_phy = 0.964 
Phy accuracy of the network on 10000 test images: 0.960


Current training epoch: 41, learning rate for pnn: 6.25e-05, learning rate for SEPN: 6.25e-05
| epoch = 41 | step =    10 | loss_pnn = 1.505 | loss_cn = 0.00022941 | acc_sim = 0.964 | acc_phy = 0.964 
| epoch = 41 | step =    20 | loss_pnn = 1.505 | loss_cn = 0.00022658 | acc_sim = 0.965 | acc_phy = 0.965 
| epoch = 41 | step =    30 | loss_pnn = 1.505 | loss_cn = 0.00022529 | acc_sim = 0.964 | acc_phy = 0.964 
| epoch = 41 | step =    40 | loss_pnn = 1.506 | loss_cn = 0.00023167 | acc_sim = 0.964 | acc_phy = 0.964 
| epoch = 41 | step =    50 | loss_pnn = 1.505 | loss_cn = 0.00023554 | acc_sim = 0.964 | acc_phy = 0.964 
| epoch = 41 | step =    60 | loss_pnn = 1.505 | loss_cn = 0.00023547 | acc_sim = 0.965 | acc_phy = 0.964 
| epoch = 41 | step =    70 | loss_pnn = 1.505 | loss_cn = 0.00023551 | acc_sim = 0.964 | acc_phy = 0.964 
| epoch = 41 | step =    80 | loss_pnn = 1.505 | loss_cn = 0.00023843 | acc_sim = 0.965 | acc_phy = 0.964 
| epoch = 41 | step =    90 | loss_pnn = 1.505 | loss_cn = 0.00023811 | acc_sim = 0.965 | acc_phy = 0.964 
| epoch = 41 | step =   100 | loss_pnn = 1.505 | loss_cn = 0.00023825 | acc_sim = 0.964 | acc_phy = 0.963 
| epoch = 41 | step =   110 | loss_pnn = 1.505 | loss_cn = 0.00023874 | acc_sim = 0.965 | acc_phy = 0.964 
| epoch = 41 | step =   120 | loss_pnn = 1.505 | loss_cn = 0.00023838 | acc_sim = 0.965 | acc_phy = 0.964 
Phy accuracy of the network on 10000 test images: 0.961


Current training epoch: 42, learning rate for pnn: 6.25e-05, learning rate for SEPN: 6.25e-05
| epoch = 42 | step =    10 | loss_pnn = 1.504 | loss_cn = 0.00021301 | acc_sim = 0.965 | acc_phy = 0.965 
| epoch = 42 | step =    20 | loss_pnn = 1.505 | loss_cn = 0.00021837 | acc_sim = 0.965 | acc_phy = 0.964 
| epoch = 42 | step =    30 | loss_pnn = 1.505 | loss_cn = 0.00022847 | acc_sim = 0.964 | acc_phy = 0.964 
| epoch = 42 | step =    40 | loss_pnn = 1.504 | loss_cn = 0.00023043 | acc_sim = 0.965 | acc_phy = 0.964 
| epoch = 42 | step =    50 | loss_pnn = 1.505 | loss_cn = 0.00023518 | acc_sim = 0.965 | acc_phy = 0.964 
| epoch = 42 | step =    60 | loss_pnn = 1.504 | loss_cn = 0.00023311 | acc_sim = 0.966 | acc_phy = 0.965 
| epoch = 42 | step =    70 | loss_pnn = 1.505 | loss_cn = 0.00023465 | acc_sim = 0.965 | acc_phy = 0.964 
| epoch = 42 | step =    80 | loss_pnn = 1.505 | loss_cn = 0.00023856 | acc_sim = 0.966 | acc_phy = 0.964 
| epoch = 42 | step =    90 | loss_pnn = 1.505 | loss_cn = 0.00023831 | acc_sim = 0.965 | acc_phy = 0.964 
| epoch = 42 | step =   100 | loss_pnn = 1.505 | loss_cn = 0.00023751 | acc_sim = 0.965 | acc_phy = 0.964 
| epoch = 42 | step =   110 | loss_pnn = 1.505 | loss_cn = 0.00024132 | acc_sim = 0.965 | acc_phy = 0.964 
| epoch = 42 | step =   120 | loss_pnn = 1.505 | loss_cn = 0.00023902 | acc_sim = 0.965 | acc_phy = 0.964 
Phy accuracy of the network on 10000 test images: 0.961


Current training epoch: 43, learning rate for pnn: 6.25e-05, learning rate for SEPN: 6.25e-05
| epoch = 43 | step =    10 | loss_pnn = 1.506 | loss_cn = 0.00022580 | acc_sim = 0.963 | acc_phy = 0.963 
| epoch = 43 | step =    20 | loss_pnn = 1.507 | loss_cn = 0.00023600 | acc_sim = 0.961 | acc_phy = 0.962 
| epoch = 43 | step =    30 | loss_pnn = 1.506 | loss_cn = 0.00023787 | acc_sim = 0.963 | acc_phy = 0.962 
| epoch = 43 | step =    40 | loss_pnn = 1.505 | loss_cn = 0.00023375 | acc_sim = 0.964 | acc_phy = 0.964 
| epoch = 43 | step =    50 | loss_pnn = 1.505 | loss_cn = 0.00023864 | acc_sim = 0.964 | acc_phy = 0.964 
| epoch = 43 | step =    60 | loss_pnn = 1.505 | loss_cn = 0.00024031 | acc_sim = 0.964 | acc_phy = 0.964 
| epoch = 43 | step =    70 | loss_pnn = 1.505 | loss_cn = 0.00023771 | acc_sim = 0.965 | acc_phy = 0.964 
| epoch = 43 | step =    80 | loss_pnn = 1.505 | loss_cn = 0.00023598 | acc_sim = 0.965 | acc_phy = 0.964 
| epoch = 43 | step =    90 | loss_pnn = 1.505 | loss_cn = 0.00023278 | acc_sim = 0.965 | acc_phy = 0.964 
| epoch = 43 | step =   100 | loss_pnn = 1.505 | loss_cn = 0.00023832 | acc_sim = 0.965 | acc_phy = 0.964 
| epoch = 43 | step =   110 | loss_pnn = 1.505 | loss_cn = 0.00023804 | acc_sim = 0.964 | acc_phy = 0.964 
| epoch = 43 | step =   120 | loss_pnn = 1.505 | loss_cn = 0.00023749 | acc_sim = 0.965 | acc_phy = 0.964 
Phy accuracy of the network on 10000 test images: 0.961


Current training epoch: 44, learning rate for pnn: 6.25e-05, learning rate for SEPN: 6.25e-05
| epoch = 44 | step =    10 | loss_pnn = 1.503 | loss_cn = 0.00023438 | acc_sim = 0.968 | acc_phy = 0.967 
| epoch = 44 | step =    20 | loss_pnn = 1.504 | loss_cn = 0.00023413 | acc_sim = 0.966 | acc_phy = 0.965 
| epoch = 44 | step =    30 | loss_pnn = 1.505 | loss_cn = 0.00023382 | acc_sim = 0.965 | acc_phy = 0.965 
| epoch = 44 | step =    40 | loss_pnn = 1.505 | loss_cn = 0.00022953 | acc_sim = 0.966 | acc_phy = 0.965 
| epoch = 44 | step =    50 | loss_pnn = 1.505 | loss_cn = 0.00022957 | acc_sim = 0.965 | acc_phy = 0.965 
| epoch = 44 | step =    60 | loss_pnn = 1.505 | loss_cn = 0.00023216 | acc_sim = 0.965 | acc_phy = 0.965 
| epoch = 44 | step =    70 | loss_pnn = 1.505 | loss_cn = 0.00023693 | acc_sim = 0.965 | acc_phy = 0.965 
| epoch = 44 | step =    80 | loss_pnn = 1.505 | loss_cn = 0.00023579 | acc_sim = 0.965 | acc_phy = 0.965 
| epoch = 44 | step =    90 | loss_pnn = 1.505 | loss_cn = 0.00023569 | acc_sim = 0.965 | acc_phy = 0.964 
| epoch = 44 | step =   100 | loss_pnn = 1.505 | loss_cn = 0.00023828 | acc_sim = 0.965 | acc_phy = 0.965 
| epoch = 44 | step =   110 | loss_pnn = 1.505 | loss_cn = 0.00023638 | acc_sim = 0.965 | acc_phy = 0.965 
| epoch = 44 | step =   120 | loss_pnn = 1.505 | loss_cn = 0.00023639 | acc_sim = 0.965 | acc_phy = 0.964 
Phy accuracy of the network on 10000 test images: 0.961


Current training epoch: 45, learning rate for pnn: 6.25e-05, learning rate for SEPN: 6.25e-05
| epoch = 45 | step =    10 | loss_pnn = 1.505 | loss_cn = 0.00022584 | acc_sim = 0.965 | acc_phy = 0.965 
| epoch = 45 | step =    20 | loss_pnn = 1.504 | loss_cn = 0.00022302 | acc_sim = 0.965 | acc_phy = 0.965 
| epoch = 45 | step =    30 | loss_pnn = 1.505 | loss_cn = 0.00022278 | acc_sim = 0.964 | acc_phy = 0.964 
| epoch = 45 | step =    40 | loss_pnn = 1.504 | loss_cn = 0.00022237 | acc_sim = 0.965 | acc_phy = 0.964 
| epoch = 45 | step =    50 | loss_pnn = 1.505 | loss_cn = 0.00022501 | acc_sim = 0.965 | acc_phy = 0.964 
| epoch = 45 | step =    60 | loss_pnn = 1.505 | loss_cn = 0.00022767 | acc_sim = 0.964 | acc_phy = 0.964 
| epoch = 45 | step =    70 | loss_pnn = 1.505 | loss_cn = 0.00022976 | acc_sim = 0.964 | acc_phy = 0.963 
| epoch = 45 | step =    80 | loss_pnn = 1.505 | loss_cn = 0.00023235 | acc_sim = 0.965 | acc_phy = 0.964 
| epoch = 45 | step =    90 | loss_pnn = 1.505 | loss_cn = 0.00023505 | acc_sim = 0.965 | acc_phy = 0.964 
| epoch = 45 | step =   100 | loss_pnn = 1.505 | loss_cn = 0.00023687 | acc_sim = 0.965 | acc_phy = 0.964 
| epoch = 45 | step =   110 | loss_pnn = 1.505 | loss_cn = 0.00023601 | acc_sim = 0.965 | acc_phy = 0.964 
| epoch = 45 | step =   120 | loss_pnn = 1.505 | loss_cn = 0.00023542 | acc_sim = 0.965 | acc_phy = 0.964 
Phy accuracy of the network on 10000 test images: 0.960


Current training epoch: 46, learning rate for pnn: 6.25e-05, learning rate for SEPN: 6.25e-05
| epoch = 46 | step =    10 | loss_pnn = 1.503 | loss_cn = 0.00023151 | acc_sim = 0.967 | acc_phy = 0.967 
| epoch = 46 | step =    20 | loss_pnn = 1.505 | loss_cn = 0.00022337 | acc_sim = 0.964 | acc_phy = 0.964 
| epoch = 46 | step =    30 | loss_pnn = 1.505 | loss_cn = 0.00022932 | acc_sim = 0.966 | acc_phy = 0.965 
| epoch = 46 | step =    40 | loss_pnn = 1.504 | loss_cn = 0.00023247 | acc_sim = 0.966 | acc_phy = 0.965 
| epoch = 46 | step =    50 | loss_pnn = 1.504 | loss_cn = 0.00023384 | acc_sim = 0.966 | acc_phy = 0.965 
| epoch = 46 | step =    60 | loss_pnn = 1.504 | loss_cn = 0.00023146 | acc_sim = 0.966 | acc_phy = 0.965 
| epoch = 46 | step =    70 | loss_pnn = 1.504 | loss_cn = 0.00023120 | acc_sim = 0.966 | acc_phy = 0.965 
| epoch = 46 | step =    80 | loss_pnn = 1.504 | loss_cn = 0.00023326 | acc_sim = 0.966 | acc_phy = 0.965 
| epoch = 46 | step =    90 | loss_pnn = 1.505 | loss_cn = 0.00023526 | acc_sim = 0.966 | acc_phy = 0.965 
| epoch = 46 | step =   100 | loss_pnn = 1.505 | loss_cn = 0.00023602 | acc_sim = 0.965 | acc_phy = 0.964 
| epoch = 46 | step =   110 | loss_pnn = 1.505 | loss_cn = 0.00023346 | acc_sim = 0.965 | acc_phy = 0.964 
| epoch = 46 | step =   120 | loss_pnn = 1.505 | loss_cn = 0.00023434 | acc_sim = 0.965 | acc_phy = 0.964 
Phy accuracy of the network on 10000 test images: 0.961


Current training epoch: 47, learning rate for pnn: 6.25e-05, learning rate for SEPN: 6.25e-05
| epoch = 47 | step =    10 | loss_pnn = 1.506 | loss_cn = 0.00023766 | acc_sim = 0.964 | acc_phy = 0.960 
| epoch = 47 | step =    20 | loss_pnn = 1.504 | loss_cn = 0.00022768 | acc_sim = 0.965 | acc_phy = 0.963 
| epoch = 47 | step =    30 | loss_pnn = 1.505 | loss_cn = 0.00023333 | acc_sim = 0.965 | acc_phy = 0.963 
| epoch = 47 | step =    40 | loss_pnn = 1.504 | loss_cn = 0.00022740 | acc_sim = 0.966 | acc_phy = 0.964 
| epoch = 47 | step =    50 | loss_pnn = 1.504 | loss_cn = 0.00023124 | acc_sim = 0.966 | acc_phy = 0.964 
| epoch = 47 | step =    60 | loss_pnn = 1.504 | loss_cn = 0.00023218 | acc_sim = 0.966 | acc_phy = 0.964 
| epoch = 47 | step =    70 | loss_pnn = 1.504 | loss_cn = 0.00023004 | acc_sim = 0.966 | acc_phy = 0.964 
| epoch = 47 | step =    80 | loss_pnn = 1.505 | loss_cn = 0.00023016 | acc_sim = 0.965 | acc_phy = 0.964 
| epoch = 47 | step =    90 | loss_pnn = 1.505 | loss_cn = 0.00023046 | acc_sim = 0.965 | acc_phy = 0.964 
| epoch = 47 | step =   100 | loss_pnn = 1.505 | loss_cn = 0.00023426 | acc_sim = 0.965 | acc_phy = 0.964 
| epoch = 47 | step =   110 | loss_pnn = 1.505 | loss_cn = 0.00023469 | acc_sim = 0.965 | acc_phy = 0.964 
| epoch = 47 | step =   120 | loss_pnn = 1.505 | loss_cn = 0.00023602 | acc_sim = 0.965 | acc_phy = 0.964 
Phy accuracy of the network on 10000 test images: 0.961


Current training epoch: 48, learning rate for pnn: 6.25e-05, learning rate for SEPN: 6.25e-05
| epoch = 48 | step =    10 | loss_pnn = 1.505 | loss_cn = 0.00023770 | acc_sim = 0.965 | acc_phy = 0.966 
| epoch = 48 | step =    20 | loss_pnn = 1.504 | loss_cn = 0.00023405 | acc_sim = 0.967 | acc_phy = 0.967 
| epoch = 48 | step =    30 | loss_pnn = 1.503 | loss_cn = 0.00022594 | acc_sim = 0.967 | acc_phy = 0.966 
| epoch = 48 | step =    40 | loss_pnn = 1.504 | loss_cn = 0.00022537 | acc_sim = 0.966 | acc_phy = 0.965 
| epoch = 48 | step =    50 | loss_pnn = 1.505 | loss_cn = 0.00022742 | acc_sim = 0.965 | acc_phy = 0.964 
| epoch = 48 | step =    60 | loss_pnn = 1.505 | loss_cn = 0.00022922 | acc_sim = 0.965 | acc_phy = 0.964 
| epoch = 48 | step =    70 | loss_pnn = 1.505 | loss_cn = 0.00022812 | acc_sim = 0.965 | acc_phy = 0.964 
| epoch = 48 | step =    80 | loss_pnn = 1.505 | loss_cn = 0.00023166 | acc_sim = 0.965 | acc_phy = 0.964 
| epoch = 48 | step =    90 | loss_pnn = 1.504 | loss_cn = 0.00023029 | acc_sim = 0.966 | acc_phy = 0.965 
| epoch = 48 | step =   100 | loss_pnn = 1.505 | loss_cn = 0.00023485 | acc_sim = 0.965 | acc_phy = 0.964 
| epoch = 48 | step =   110 | loss_pnn = 1.505 | loss_cn = 0.00023246 | acc_sim = 0.965 | acc_phy = 0.964 
| epoch = 48 | step =   120 | loss_pnn = 1.505 | loss_cn = 0.00023389 | acc_sim = 0.965 | acc_phy = 0.964 
Phy accuracy of the network on 10000 test images: 0.961


Current training epoch: 49, learning rate for pnn: 6.25e-05, learning rate for SEPN: 6.25e-05
| epoch = 49 | step =    10 | loss_pnn = 1.503 | loss_cn = 0.00021643 | acc_sim = 0.967 | acc_phy = 0.966 
| epoch = 49 | step =    20 | loss_pnn = 1.505 | loss_cn = 0.00022821 | acc_sim = 0.965 | acc_phy = 0.964 
| epoch = 49 | step =    30 | loss_pnn = 1.505 | loss_cn = 0.00022811 | acc_sim = 0.965 | acc_phy = 0.963 
| epoch = 49 | step =    40 | loss_pnn = 1.505 | loss_cn = 0.00022652 | acc_sim = 0.965 | acc_phy = 0.964 
| epoch = 49 | step =    50 | loss_pnn = 1.505 | loss_cn = 0.00022742 | acc_sim = 0.966 | acc_phy = 0.964 
| epoch = 49 | step =    60 | loss_pnn = 1.505 | loss_cn = 0.00023123 | acc_sim = 0.965 | acc_phy = 0.964 
| epoch = 49 | step =    70 | loss_pnn = 1.505 | loss_cn = 0.00023189 | acc_sim = 0.965 | acc_phy = 0.964 
| epoch = 49 | step =    80 | loss_pnn = 1.505 | loss_cn = 0.00023650 | acc_sim = 0.965 | acc_phy = 0.964 
| epoch = 49 | step =    90 | loss_pnn = 1.505 | loss_cn = 0.00023843 | acc_sim = 0.965 | acc_phy = 0.964 
| epoch = 49 | step =   100 | loss_pnn = 1.505 | loss_cn = 0.00023636 | acc_sim = 0.965 | acc_phy = 0.964 
| epoch = 49 | step =   110 | loss_pnn = 1.505 | loss_cn = 0.00023511 | acc_sim = 0.965 | acc_phy = 0.964 
| epoch = 49 | step =   120 | loss_pnn = 1.505 | loss_cn = 0.00023317 | acc_sim = 0.965 | acc_phy = 0.964 
Phy accuracy of the network on 10000 test images: 0.961


Current training epoch: 50, learning rate for pnn: 6.25e-05, learning rate for SEPN: 6.25e-05
| epoch = 50 | step =    10 | loss_pnn = 1.505 | loss_cn = 0.00022150 | acc_sim = 0.967 | acc_phy = 0.966 
| epoch = 50 | step =    20 | loss_pnn = 1.505 | loss_cn = 0.00023215 | acc_sim = 0.966 | acc_phy = 0.965 
| epoch = 50 | step =    30 | loss_pnn = 1.505 | loss_cn = 0.00023607 | acc_sim = 0.967 | acc_phy = 0.965 
| epoch = 50 | step =    40 | loss_pnn = 1.504 | loss_cn = 0.00023652 | acc_sim = 0.967 | acc_phy = 0.965 
| epoch = 50 | step =    50 | loss_pnn = 1.505 | loss_cn = 0.00023437 | acc_sim = 0.966 | acc_phy = 0.965 
| epoch = 50 | step =    60 | loss_pnn = 1.505 | loss_cn = 0.00023450 | acc_sim = 0.966 | acc_phy = 0.965 
| epoch = 50 | step =    70 | loss_pnn = 1.504 | loss_cn = 0.00023213 | acc_sim = 0.966 | acc_phy = 0.965 
| epoch = 50 | step =    80 | loss_pnn = 1.504 | loss_cn = 0.00022977 | acc_sim = 0.966 | acc_phy = 0.965 
| epoch = 50 | step =    90 | loss_pnn = 1.504 | loss_cn = 0.00022819 | acc_sim = 0.966 | acc_phy = 0.965 
| epoch = 50 | step =   100 | loss_pnn = 1.504 | loss_cn = 0.00022984 | acc_sim = 0.966 | acc_phy = 0.965 
| epoch = 50 | step =   110 | loss_pnn = 1.504 | loss_cn = 0.00023140 | acc_sim = 0.966 | acc_phy = 0.965 
| epoch = 50 | step =   120 | loss_pnn = 1.505 | loss_cn = 0.00023241 | acc_sim = 0.966 | acc_phy = 0.964 
Phy accuracy of the network on 10000 test images: 0.961

Finished training. Elapsed time of training = 2:24:58.923042
