Training new model from scratch......
--------------------------
Training with SEPN
--------------------------

Current training epoch: 1, learning rate for pnn: 0.001, 
| epoch = 1 | step =    10 | loss_pnn = 2.268 | loss_cn = 0.00000000 | acc_sim = 0.274 | acc_phy = 0.207 
| epoch = 1 | step =    20 | loss_pnn = 2.240 | loss_cn = 0.00000000 | acc_sim = 0.402 | acc_phy = 0.262 
| epoch = 1 | step =    30 | loss_pnn = 2.218 | loss_cn = 0.00000000 | acc_sim = 0.488 | acc_phy = 0.308 
| epoch = 1 | step =    40 | loss_pnn = 2.198 | loss_cn = 0.00000000 | acc_sim = 0.548 | acc_phy = 0.345 
| epoch = 1 | step =    50 | loss_pnn = 2.179 | loss_cn = 0.00000000 | acc_sim = 0.595 | acc_phy = 0.377 
| epoch = 1 | step =    60 | loss_pnn = 2.162 | loss_cn = 0.00000000 | acc_sim = 0.632 | acc_phy = 0.405 
| epoch = 1 | step =    70 | loss_pnn = 2.148 | loss_cn = 0.00000000 | acc_sim = 0.661 | acc_phy = 0.428 
| epoch = 1 | step =    80 | loss_pnn = 2.134 | loss_cn = 0.00000000 | acc_sim = 0.685 | acc_phy = 0.450 
| epoch = 1 | step =    90 | loss_pnn = 2.121 | loss_cn = 0.00000000 | acc_sim = 0.704 | acc_phy = 0.470 
| epoch = 1 | step =   100 | loss_pnn = 2.109 | loss_cn = 0.00000000 | acc_sim = 0.720 | acc_phy = 0.486 
| epoch = 1 | step =   110 | loss_pnn = 2.097 | loss_cn = 0.00000000 | acc_sim = 0.734 | acc_phy = 0.503 
| epoch = 1 | step =   120 | loss_pnn = 2.087 | loss_cn = 0.00000000 | acc_sim = 0.746 | acc_phy = 0.517 
Phy accuracy of the network on 10000 test images: 0.690


Current training epoch: 2, learning rate for pnn: 0.001, 
| epoch = 2 | step =    10 | loss_pnn = 1.949 | loss_cn = 0.00000000 | acc_sim = 0.888 | acc_phy = 0.701 
| epoch = 2 | step =    20 | loss_pnn = 1.948 | loss_cn = 0.00000000 | acc_sim = 0.887 | acc_phy = 0.699 
| epoch = 2 | step =    30 | loss_pnn = 1.942 | loss_cn = 0.00000000 | acc_sim = 0.888 | acc_phy = 0.702 
| epoch = 2 | step =    40 | loss_pnn = 1.939 | loss_cn = 0.00000000 | acc_sim = 0.890 | acc_phy = 0.703 
| epoch = 2 | step =    50 | loss_pnn = 1.934 | loss_cn = 0.00000000 | acc_sim = 0.892 | acc_phy = 0.708 
| epoch = 2 | step =    60 | loss_pnn = 1.929 | loss_cn = 0.00000000 | acc_sim = 0.894 | acc_phy = 0.712 
| epoch = 2 | step =    70 | loss_pnn = 1.925 | loss_cn = 0.00000000 | acc_sim = 0.896 | acc_phy = 0.715 
| epoch = 2 | step =    80 | loss_pnn = 1.921 | loss_cn = 0.00000000 | acc_sim = 0.897 | acc_phy = 0.718 
| epoch = 2 | step =    90 | loss_pnn = 1.917 | loss_cn = 0.00000000 | acc_sim = 0.897 | acc_phy = 0.721 
| epoch = 2 | step =   100 | loss_pnn = 1.914 | loss_cn = 0.00000000 | acc_sim = 0.899 | acc_phy = 0.724 
| epoch = 2 | step =   110 | loss_pnn = 1.911 | loss_cn = 0.00000000 | acc_sim = 0.900 | acc_phy = 0.726 
| epoch = 2 | step =   120 | loss_pnn = 1.907 | loss_cn = 0.00000000 | acc_sim = 0.901 | acc_phy = 0.729 
Phy accuracy of the network on 10000 test images: 0.755


Current training epoch: 3, learning rate for pnn: 0.001, 
| epoch = 3 | step =    10 | loss_pnn = 1.870 | loss_cn = 0.00000000 | acc_sim = 0.917 | acc_phy = 0.749 
| epoch = 3 | step =    20 | loss_pnn = 1.867 | loss_cn = 0.00000000 | acc_sim = 0.916 | acc_phy = 0.755 
| epoch = 3 | step =    30 | loss_pnn = 1.862 | loss_cn = 0.00000000 | acc_sim = 0.916 | acc_phy = 0.760 
| epoch = 3 | step =    40 | loss_pnn = 1.858 | loss_cn = 0.00000000 | acc_sim = 0.917 | acc_phy = 0.763 
| epoch = 3 | step =    50 | loss_pnn = 1.855 | loss_cn = 0.00000000 | acc_sim = 0.918 | acc_phy = 0.764 
| epoch = 3 | step =    60 | loss_pnn = 1.853 | loss_cn = 0.00000000 | acc_sim = 0.918 | acc_phy = 0.765 
| epoch = 3 | step =    70 | loss_pnn = 1.851 | loss_cn = 0.00000000 | acc_sim = 0.918 | acc_phy = 0.766 
| epoch = 3 | step =    80 | loss_pnn = 1.849 | loss_cn = 0.00000000 | acc_sim = 0.918 | acc_phy = 0.767 
| epoch = 3 | step =    90 | loss_pnn = 1.847 | loss_cn = 0.00000000 | acc_sim = 0.918 | acc_phy = 0.769 
| epoch = 3 | step =   100 | loss_pnn = 1.845 | loss_cn = 0.00000000 | acc_sim = 0.918 | acc_phy = 0.770 
| epoch = 3 | step =   110 | loss_pnn = 1.844 | loss_cn = 0.00000000 | acc_sim = 0.919 | acc_phy = 0.771 
| epoch = 3 | step =   120 | loss_pnn = 1.842 | loss_cn = 0.00000000 | acc_sim = 0.920 | acc_phy = 0.771 
Phy accuracy of the network on 10000 test images: 0.778


Current training epoch: 4, learning rate for pnn: 0.001, 
| epoch = 4 | step =    10 | loss_pnn = 1.825 | loss_cn = 0.00000000 | acc_sim = 0.923 | acc_phy = 0.777 
| epoch = 4 | step =    20 | loss_pnn = 1.819 | loss_cn = 0.00000000 | acc_sim = 0.925 | acc_phy = 0.784 
| epoch = 4 | step =    30 | loss_pnn = 1.818 | loss_cn = 0.00000000 | acc_sim = 0.924 | acc_phy = 0.783 
| epoch = 4 | step =    40 | loss_pnn = 1.816 | loss_cn = 0.00000000 | acc_sim = 0.925 | acc_phy = 0.784 
| epoch = 4 | step =    50 | loss_pnn = 1.815 | loss_cn = 0.00000000 | acc_sim = 0.926 | acc_phy = 0.785 
| epoch = 4 | step =    60 | loss_pnn = 1.814 | loss_cn = 0.00000000 | acc_sim = 0.927 | acc_phy = 0.785 
| epoch = 4 | step =    70 | loss_pnn = 1.814 | loss_cn = 0.00000000 | acc_sim = 0.927 | acc_phy = 0.784 
| epoch = 4 | step =    80 | loss_pnn = 1.812 | loss_cn = 0.00000000 | acc_sim = 0.927 | acc_phy = 0.785 
| epoch = 4 | step =    90 | loss_pnn = 1.811 | loss_cn = 0.00000000 | acc_sim = 0.927 | acc_phy = 0.784 
| epoch = 4 | step =   100 | loss_pnn = 1.809 | loss_cn = 0.00000000 | acc_sim = 0.928 | acc_phy = 0.786 
| epoch = 4 | step =   110 | loss_pnn = 1.809 | loss_cn = 0.00000000 | acc_sim = 0.928 | acc_phy = 0.786 
| epoch = 4 | step =   120 | loss_pnn = 1.808 | loss_cn = 0.00000000 | acc_sim = 0.928 | acc_phy = 0.787 
Phy accuracy of the network on 10000 test images: 0.813


Current training epoch: 5, learning rate for pnn: 0.001, 
| epoch = 5 | step =    10 | loss_pnn = 1.789 | loss_cn = 0.00000000 | acc_sim = 0.932 | acc_phy = 0.813 
| epoch = 5 | step =    20 | loss_pnn = 1.793 | loss_cn = 0.00000000 | acc_sim = 0.932 | acc_phy = 0.799 
| epoch = 5 | step =    30 | loss_pnn = 1.792 | loss_cn = 0.00000000 | acc_sim = 0.932 | acc_phy = 0.799 
| epoch = 5 | step =    40 | loss_pnn = 1.789 | loss_cn = 0.00000000 | acc_sim = 0.933 | acc_phy = 0.801 
| epoch = 5 | step =    50 | loss_pnn = 1.788 | loss_cn = 0.00000000 | acc_sim = 0.933 | acc_phy = 0.800 
| epoch = 5 | step =    60 | loss_pnn = 1.788 | loss_cn = 0.00000000 | acc_sim = 0.933 | acc_phy = 0.798 
| epoch = 5 | step =    70 | loss_pnn = 1.785 | loss_cn = 0.00000000 | acc_sim = 0.934 | acc_phy = 0.802 
| epoch = 5 | step =    80 | loss_pnn = 1.785 | loss_cn = 0.00000000 | acc_sim = 0.935 | acc_phy = 0.802 
| epoch = 5 | step =    90 | loss_pnn = 1.785 | loss_cn = 0.00000000 | acc_sim = 0.935 | acc_phy = 0.801 
| epoch = 5 | step =   100 | loss_pnn = 1.785 | loss_cn = 0.00000000 | acc_sim = 0.935 | acc_phy = 0.800 
| epoch = 5 | step =   110 | loss_pnn = 1.785 | loss_cn = 0.00000000 | acc_sim = 0.936 | acc_phy = 0.799 
| epoch = 5 | step =   120 | loss_pnn = 1.784 | loss_cn = 0.00000000 | acc_sim = 0.936 | acc_phy = 0.800 
Phy accuracy of the network on 10000 test images: 0.811


Current training epoch: 6, learning rate for pnn: 0.001, 
| epoch = 6 | step =    10 | loss_pnn = 1.769 | loss_cn = 0.00000000 | acc_sim = 0.939 | acc_phy = 0.815 
| epoch = 6 | step =    20 | loss_pnn = 1.769 | loss_cn = 0.00000000 | acc_sim = 0.942 | acc_phy = 0.807 
| epoch = 6 | step =    30 | loss_pnn = 1.772 | loss_cn = 0.00000000 | acc_sim = 0.942 | acc_phy = 0.802 
| epoch = 6 | step =    40 | loss_pnn = 1.771 | loss_cn = 0.00000000 | acc_sim = 0.942 | acc_phy = 0.805 
| epoch = 6 | step =    50 | loss_pnn = 1.771 | loss_cn = 0.00000000 | acc_sim = 0.942 | acc_phy = 0.806 
| epoch = 6 | step =    60 | loss_pnn = 1.769 | loss_cn = 0.00000000 | acc_sim = 0.942 | acc_phy = 0.807 
| epoch = 6 | step =    70 | loss_pnn = 1.768 | loss_cn = 0.00000000 | acc_sim = 0.941 | acc_phy = 0.806 
| epoch = 6 | step =    80 | loss_pnn = 1.768 | loss_cn = 0.00000000 | acc_sim = 0.942 | acc_phy = 0.804 
| epoch = 6 | step =    90 | loss_pnn = 1.768 | loss_cn = 0.00000000 | acc_sim = 0.942 | acc_phy = 0.803 
| epoch = 6 | step =   100 | loss_pnn = 1.767 | loss_cn = 0.00000000 | acc_sim = 0.941 | acc_phy = 0.804 
| epoch = 6 | step =   110 | loss_pnn = 1.766 | loss_cn = 0.00000000 | acc_sim = 0.941 | acc_phy = 0.804 
| epoch = 6 | step =   120 | loss_pnn = 1.765 | loss_cn = 0.00000000 | acc_sim = 0.941 | acc_phy = 0.805 
Phy accuracy of the network on 10000 test images: 0.826


Current training epoch: 7, learning rate for pnn: 0.001, 
| epoch = 7 | step =    10 | loss_pnn = 1.755 | loss_cn = 0.00000000 | acc_sim = 0.949 | acc_phy = 0.811 
| epoch = 7 | step =    20 | loss_pnn = 1.754 | loss_cn = 0.00000000 | acc_sim = 0.948 | acc_phy = 0.813 
| epoch = 7 | step =    30 | loss_pnn = 1.757 | loss_cn = 0.00000000 | acc_sim = 0.946 | acc_phy = 0.809 
| epoch = 7 | step =    40 | loss_pnn = 1.754 | loss_cn = 0.00000000 | acc_sim = 0.946 | acc_phy = 0.813 
| epoch = 7 | step =    50 | loss_pnn = 1.754 | loss_cn = 0.00000000 | acc_sim = 0.946 | acc_phy = 0.811 
| epoch = 7 | step =    60 | loss_pnn = 1.754 | loss_cn = 0.00000000 | acc_sim = 0.946 | acc_phy = 0.812 
| epoch = 7 | step =    70 | loss_pnn = 1.754 | loss_cn = 0.00000000 | acc_sim = 0.946 | acc_phy = 0.811 
| epoch = 7 | step =    80 | loss_pnn = 1.755 | loss_cn = 0.00000000 | acc_sim = 0.946 | acc_phy = 0.809 
| epoch = 7 | step =    90 | loss_pnn = 1.754 | loss_cn = 0.00000000 | acc_sim = 0.945 | acc_phy = 0.809 
| epoch = 7 | step =   100 | loss_pnn = 1.755 | loss_cn = 0.00000000 | acc_sim = 0.945 | acc_phy = 0.808 
| epoch = 7 | step =   110 | loss_pnn = 1.755 | loss_cn = 0.00000000 | acc_sim = 0.945 | acc_phy = 0.808 
| epoch = 7 | step =   120 | loss_pnn = 1.753 | loss_cn = 0.00000000 | acc_sim = 0.945 | acc_phy = 0.809 
Phy accuracy of the network on 10000 test images: 0.821


Current training epoch: 8, learning rate for pnn: 0.001, 
| epoch = 8 | step =    10 | loss_pnn = 1.750 | loss_cn = 0.00000000 | acc_sim = 0.943 | acc_phy = 0.810 
| epoch = 8 | step =    20 | loss_pnn = 1.740 | loss_cn = 0.00000000 | acc_sim = 0.945 | acc_phy = 0.820 
| epoch = 8 | step =    30 | loss_pnn = 1.741 | loss_cn = 0.00000000 | acc_sim = 0.946 | acc_phy = 0.818 
| epoch = 8 | step =    40 | loss_pnn = 1.742 | loss_cn = 0.00000000 | acc_sim = 0.945 | acc_phy = 0.817 
| epoch = 8 | step =    50 | loss_pnn = 1.742 | loss_cn = 0.00000000 | acc_sim = 0.946 | acc_phy = 0.817 
| epoch = 8 | step =    60 | loss_pnn = 1.743 | loss_cn = 0.00000000 | acc_sim = 0.946 | acc_phy = 0.816 
| epoch = 8 | step =    70 | loss_pnn = 1.741 | loss_cn = 0.00000000 | acc_sim = 0.947 | acc_phy = 0.817 
| epoch = 8 | step =    80 | loss_pnn = 1.742 | loss_cn = 0.00000000 | acc_sim = 0.947 | acc_phy = 0.816 
| epoch = 8 | step =    90 | loss_pnn = 1.741 | loss_cn = 0.00000000 | acc_sim = 0.947 | acc_phy = 0.817 
| epoch = 8 | step =   100 | loss_pnn = 1.741 | loss_cn = 0.00000000 | acc_sim = 0.947 | acc_phy = 0.817 
| epoch = 8 | step =   110 | loss_pnn = 1.740 | loss_cn = 0.00000000 | acc_sim = 0.948 | acc_phy = 0.818 
| epoch = 8 | step =   120 | loss_pnn = 1.739 | loss_cn = 0.00000000 | acc_sim = 0.948 | acc_phy = 0.818 
Phy accuracy of the network on 10000 test images: 0.831


Current training epoch: 9, learning rate for pnn: 0.001, 
| epoch = 9 | step =    10 | loss_pnn = 1.732 | loss_cn = 0.00000000 | acc_sim = 0.951 | acc_phy = 0.823 
| epoch = 9 | step =    20 | loss_pnn = 1.726 | loss_cn = 0.00000000 | acc_sim = 0.953 | acc_phy = 0.829 
| epoch = 9 | step =    30 | loss_pnn = 1.728 | loss_cn = 0.00000000 | acc_sim = 0.952 | acc_phy = 0.826 
| epoch = 9 | step =    40 | loss_pnn = 1.727 | loss_cn = 0.00000000 | acc_sim = 0.952 | acc_phy = 0.825 
| epoch = 9 | step =    50 | loss_pnn = 1.728 | loss_cn = 0.00000000 | acc_sim = 0.951 | acc_phy = 0.823 
| epoch = 9 | step =    60 | loss_pnn = 1.728 | loss_cn = 0.00000000 | acc_sim = 0.950 | acc_phy = 0.822 
| epoch = 9 | step =    70 | loss_pnn = 1.728 | loss_cn = 0.00000000 | acc_sim = 0.950 | acc_phy = 0.821 
| epoch = 9 | step =    80 | loss_pnn = 1.728 | loss_cn = 0.00000000 | acc_sim = 0.951 | acc_phy = 0.822 
| epoch = 9 | step =    90 | loss_pnn = 1.729 | loss_cn = 0.00000000 | acc_sim = 0.951 | acc_phy = 0.821 
| epoch = 9 | step =   100 | loss_pnn = 1.729 | loss_cn = 0.00000000 | acc_sim = 0.951 | acc_phy = 0.820 
| epoch = 9 | step =   110 | loss_pnn = 1.729 | loss_cn = 0.00000000 | acc_sim = 0.951 | acc_phy = 0.821 
| epoch = 9 | step =   120 | loss_pnn = 1.729 | loss_cn = 0.00000000 | acc_sim = 0.951 | acc_phy = 0.821 
Phy accuracy of the network on 10000 test images: 0.840


Current training epoch: 10, learning rate for pnn: 0.001, 
| epoch = 10 | step =    10 | loss_pnn = 1.728 | loss_cn = 0.00000000 | acc_sim = 0.954 | acc_phy = 0.823 
| epoch = 10 | step =    20 | loss_pnn = 1.730 | loss_cn = 0.00000000 | acc_sim = 0.953 | acc_phy = 0.818 
| epoch = 10 | step =    30 | loss_pnn = 1.727 | loss_cn = 0.00000000 | acc_sim = 0.952 | acc_phy = 0.820 
| epoch = 10 | step =    40 | loss_pnn = 1.726 | loss_cn = 0.00000000 | acc_sim = 0.953 | acc_phy = 0.821 
| epoch = 10 | step =    50 | loss_pnn = 1.726 | loss_cn = 0.00000000 | acc_sim = 0.953 | acc_phy = 0.822 
| epoch = 10 | step =    60 | loss_pnn = 1.727 | loss_cn = 0.00000000 | acc_sim = 0.953 | acc_phy = 0.820 
| epoch = 10 | step =    70 | loss_pnn = 1.728 | loss_cn = 0.00000000 | acc_sim = 0.953 | acc_phy = 0.818 
| epoch = 10 | step =    80 | loss_pnn = 1.726 | loss_cn = 0.00000000 | acc_sim = 0.952 | acc_phy = 0.820 
| epoch = 10 | step =    90 | loss_pnn = 1.725 | loss_cn = 0.00000000 | acc_sim = 0.952 | acc_phy = 0.821 
| epoch = 10 | step =   100 | loss_pnn = 1.725 | loss_cn = 0.00000000 | acc_sim = 0.952 | acc_phy = 0.822 
| epoch = 10 | step =   110 | loss_pnn = 1.724 | loss_cn = 0.00000000 | acc_sim = 0.953 | acc_phy = 0.821 
| epoch = 10 | step =   120 | loss_pnn = 1.723 | loss_cn = 0.00000000 | acc_sim = 0.953 | acc_phy = 0.823 
Phy accuracy of the network on 10000 test images: 0.836


Current training epoch: 11, learning rate for pnn: 0.0005, 
| epoch = 11 | step =    10 | loss_pnn = 1.722 | loss_cn = 0.00000000 | acc_sim = 0.953 | acc_phy = 0.811 
| epoch = 11 | step =    20 | loss_pnn = 1.715 | loss_cn = 0.00000000 | acc_sim = 0.955 | acc_phy = 0.825 
| epoch = 11 | step =    30 | loss_pnn = 1.714 | loss_cn = 0.00000000 | acc_sim = 0.954 | acc_phy = 0.826 
| epoch = 11 | step =    40 | loss_pnn = 1.716 | loss_cn = 0.00000000 | acc_sim = 0.954 | acc_phy = 0.825 
| epoch = 11 | step =    50 | loss_pnn = 1.715 | loss_cn = 0.00000000 | acc_sim = 0.954 | acc_phy = 0.826 
| epoch = 11 | step =    60 | loss_pnn = 1.716 | loss_cn = 0.00000000 | acc_sim = 0.955 | acc_phy = 0.825 
| epoch = 11 | step =    70 | loss_pnn = 1.716 | loss_cn = 0.00000000 | acc_sim = 0.955 | acc_phy = 0.825 
| epoch = 11 | step =    80 | loss_pnn = 1.715 | loss_cn = 0.00000000 | acc_sim = 0.956 | acc_phy = 0.826 
| epoch = 11 | step =    90 | loss_pnn = 1.716 | loss_cn = 0.00000000 | acc_sim = 0.956 | acc_phy = 0.826 
| epoch = 11 | step =   100 | loss_pnn = 1.716 | loss_cn = 0.00000000 | acc_sim = 0.956 | acc_phy = 0.826 
| epoch = 11 | step =   110 | loss_pnn = 1.716 | loss_cn = 0.00000000 | acc_sim = 0.956 | acc_phy = 0.826 
| epoch = 11 | step =   120 | loss_pnn = 1.716 | loss_cn = 0.00000000 | acc_sim = 0.956 | acc_phy = 0.825 
Phy accuracy of the network on 10000 test images: 0.838


Current training epoch: 12, learning rate for pnn: 0.0005, 
| epoch = 12 | step =    10 | loss_pnn = 1.714 | loss_cn = 0.00000000 | acc_sim = 0.954 | acc_phy = 0.828 
| epoch = 12 | step =    20 | loss_pnn = 1.717 | loss_cn = 0.00000000 | acc_sim = 0.955 | acc_phy = 0.823 
| epoch = 12 | step =    30 | loss_pnn = 1.718 | loss_cn = 0.00000000 | acc_sim = 0.957 | acc_phy = 0.822 
| epoch = 12 | step =    40 | loss_pnn = 1.718 | loss_cn = 0.00000000 | acc_sim = 0.956 | acc_phy = 0.822 
| epoch = 12 | step =    50 | loss_pnn = 1.716 | loss_cn = 0.00000000 | acc_sim = 0.956 | acc_phy = 0.823 
| epoch = 12 | step =    60 | loss_pnn = 1.716 | loss_cn = 0.00000000 | acc_sim = 0.956 | acc_phy = 0.824 
| epoch = 12 | step =    70 | loss_pnn = 1.717 | loss_cn = 0.00000000 | acc_sim = 0.956 | acc_phy = 0.823 
| epoch = 12 | step =    80 | loss_pnn = 1.716 | loss_cn = 0.00000000 | acc_sim = 0.956 | acc_phy = 0.824 
| epoch = 12 | step =    90 | loss_pnn = 1.716 | loss_cn = 0.00000000 | acc_sim = 0.956 | acc_phy = 0.824 
| epoch = 12 | step =   100 | loss_pnn = 1.716 | loss_cn = 0.00000000 | acc_sim = 0.956 | acc_phy = 0.824 
| epoch = 12 | step =   110 | loss_pnn = 1.715 | loss_cn = 0.00000000 | acc_sim = 0.956 | acc_phy = 0.824 
| epoch = 12 | step =   120 | loss_pnn = 1.715 | loss_cn = 0.00000000 | acc_sim = 0.957 | acc_phy = 0.824 
Phy accuracy of the network on 10000 test images: 0.844


Current training epoch: 13, learning rate for pnn: 0.0005, 
| epoch = 13 | step =    10 | loss_pnn = 1.704 | loss_cn = 0.00000000 | acc_sim = 0.956 | acc_phy = 0.840 
| epoch = 13 | step =    20 | loss_pnn = 1.709 | loss_cn = 0.00000000 | acc_sim = 0.956 | acc_phy = 0.832 
| epoch = 13 | step =    30 | loss_pnn = 1.710 | loss_cn = 0.00000000 | acc_sim = 0.957 | acc_phy = 0.831 
| epoch = 13 | step =    40 | loss_pnn = 1.709 | loss_cn = 0.00000000 | acc_sim = 0.955 | acc_phy = 0.829 
| epoch = 13 | step =    50 | loss_pnn = 1.710 | loss_cn = 0.00000000 | acc_sim = 0.957 | acc_phy = 0.829 
| epoch = 13 | step =    60 | loss_pnn = 1.711 | loss_cn = 0.00000000 | acc_sim = 0.956 | acc_phy = 0.827 
| epoch = 13 | step =    70 | loss_pnn = 1.710 | loss_cn = 0.00000000 | acc_sim = 0.957 | acc_phy = 0.828 
| epoch = 13 | step =    80 | loss_pnn = 1.709 | loss_cn = 0.00000000 | acc_sim = 0.957 | acc_phy = 0.829 
| epoch = 13 | step =    90 | loss_pnn = 1.709 | loss_cn = 0.00000000 | acc_sim = 0.957 | acc_phy = 0.829 
| epoch = 13 | step =   100 | loss_pnn = 1.709 | loss_cn = 0.00000000 | acc_sim = 0.957 | acc_phy = 0.829 
| epoch = 13 | step =   110 | loss_pnn = 1.709 | loss_cn = 0.00000000 | acc_sim = 0.957 | acc_phy = 0.829 
| epoch = 13 | step =   120 | loss_pnn = 1.709 | loss_cn = 0.00000000 | acc_sim = 0.957 | acc_phy = 0.830 
Phy accuracy of the network on 10000 test images: 0.843


Current training epoch: 14, learning rate for pnn: 0.0005, 
| epoch = 14 | step =    10 | loss_pnn = 1.711 | loss_cn = 0.00000000 | acc_sim = 0.958 | acc_phy = 0.824 
| epoch = 14 | step =    20 | loss_pnn = 1.710 | loss_cn = 0.00000000 | acc_sim = 0.957 | acc_phy = 0.828 
| epoch = 14 | step =    30 | loss_pnn = 1.708 | loss_cn = 0.00000000 | acc_sim = 0.957 | acc_phy = 0.830 
| epoch = 14 | step =    40 | loss_pnn = 1.709 | loss_cn = 0.00000000 | acc_sim = 0.958 | acc_phy = 0.828 
| epoch = 14 | step =    50 | loss_pnn = 1.708 | loss_cn = 0.00000000 | acc_sim = 0.958 | acc_phy = 0.829 
| epoch = 14 | step =    60 | loss_pnn = 1.708 | loss_cn = 0.00000000 | acc_sim = 0.957 | acc_phy = 0.830 
| epoch = 14 | step =    70 | loss_pnn = 1.708 | loss_cn = 0.00000000 | acc_sim = 0.957 | acc_phy = 0.829 
| epoch = 14 | step =    80 | loss_pnn = 1.708 | loss_cn = 0.00000000 | acc_sim = 0.958 | acc_phy = 0.830 
| epoch = 14 | step =    90 | loss_pnn = 1.708 | loss_cn = 0.00000000 | acc_sim = 0.958 | acc_phy = 0.830 
| epoch = 14 | step =   100 | loss_pnn = 1.708 | loss_cn = 0.00000000 | acc_sim = 0.958 | acc_phy = 0.830 
| epoch = 14 | step =   110 | loss_pnn = 1.708 | loss_cn = 0.00000000 | acc_sim = 0.958 | acc_phy = 0.830 
| epoch = 14 | step =   120 | loss_pnn = 1.708 | loss_cn = 0.00000000 | acc_sim = 0.958 | acc_phy = 0.829 
Phy accuracy of the network on 10000 test images: 0.836


Current training epoch: 15, learning rate for pnn: 0.0005, 
| epoch = 15 | step =    10 | loss_pnn = 1.707 | loss_cn = 0.00000000 | acc_sim = 0.958 | acc_phy = 0.828 
| epoch = 15 | step =    20 | loss_pnn = 1.708 | loss_cn = 0.00000000 | acc_sim = 0.958 | acc_phy = 0.827 
| epoch = 15 | step =    30 | loss_pnn = 1.709 | loss_cn = 0.00000000 | acc_sim = 0.958 | acc_phy = 0.826 
| epoch = 15 | step =    40 | loss_pnn = 1.709 | loss_cn = 0.00000000 | acc_sim = 0.959 | acc_phy = 0.828 
| epoch = 15 | step =    50 | loss_pnn = 1.708 | loss_cn = 0.00000000 | acc_sim = 0.958 | acc_phy = 0.829 
| epoch = 15 | step =    60 | loss_pnn = 1.708 | loss_cn = 0.00000000 | acc_sim = 0.959 | acc_phy = 0.831 
| epoch = 15 | step =    70 | loss_pnn = 1.707 | loss_cn = 0.00000000 | acc_sim = 0.959 | acc_phy = 0.831 
| epoch = 15 | step =    80 | loss_pnn = 1.707 | loss_cn = 0.00000000 | acc_sim = 0.958 | acc_phy = 0.830 
| epoch = 15 | step =    90 | loss_pnn = 1.707 | loss_cn = 0.00000000 | acc_sim = 0.958 | acc_phy = 0.830 
| epoch = 15 | step =   100 | loss_pnn = 1.706 | loss_cn = 0.00000000 | acc_sim = 0.959 | acc_phy = 0.831 
| epoch = 15 | step =   110 | loss_pnn = 1.707 | loss_cn = 0.00000000 | acc_sim = 0.959 | acc_phy = 0.830 
| epoch = 15 | step =   120 | loss_pnn = 1.707 | loss_cn = 0.00000000 | acc_sim = 0.959 | acc_phy = 0.829 
Phy accuracy of the network on 10000 test images: 0.837


Current training epoch: 16, learning rate for pnn: 0.0005, 
| epoch = 16 | step =    10 | loss_pnn = 1.703 | loss_cn = 0.00000000 | acc_sim = 0.961 | acc_phy = 0.838 
| epoch = 16 | step =    20 | loss_pnn = 1.700 | loss_cn = 0.00000000 | acc_sim = 0.962 | acc_phy = 0.840 
| epoch = 16 | step =    30 | loss_pnn = 1.703 | loss_cn = 0.00000000 | acc_sim = 0.961 | acc_phy = 0.834 
| epoch = 16 | step =    40 | loss_pnn = 1.703 | loss_cn = 0.00000000 | acc_sim = 0.960 | acc_phy = 0.833 
| epoch = 16 | step =    50 | loss_pnn = 1.704 | loss_cn = 0.00000000 | acc_sim = 0.960 | acc_phy = 0.832 
| epoch = 16 | step =    60 | loss_pnn = 1.705 | loss_cn = 0.00000000 | acc_sim = 0.960 | acc_phy = 0.830 
| epoch = 16 | step =    70 | loss_pnn = 1.704 | loss_cn = 0.00000000 | acc_sim = 0.960 | acc_phy = 0.831 
| epoch = 16 | step =    80 | loss_pnn = 1.705 | loss_cn = 0.00000000 | acc_sim = 0.960 | acc_phy = 0.830 
| epoch = 16 | step =    90 | loss_pnn = 1.705 | loss_cn = 0.00000000 | acc_sim = 0.960 | acc_phy = 0.830 
| epoch = 16 | step =   100 | loss_pnn = 1.705 | loss_cn = 0.00000000 | acc_sim = 0.960 | acc_phy = 0.830 
| epoch = 16 | step =   110 | loss_pnn = 1.705 | loss_cn = 0.00000000 | acc_sim = 0.960 | acc_phy = 0.831 
| epoch = 16 | step =   120 | loss_pnn = 1.705 | loss_cn = 0.00000000 | acc_sim = 0.960 | acc_phy = 0.831 
Phy accuracy of the network on 10000 test images: 0.843


Current training epoch: 17, learning rate for pnn: 0.0005, 
| epoch = 17 | step =    10 | loss_pnn = 1.699 | loss_cn = 0.00000000 | acc_sim = 0.960 | acc_phy = 0.834 
| epoch = 17 | step =    20 | loss_pnn = 1.695 | loss_cn = 0.00000000 | acc_sim = 0.964 | acc_phy = 0.841 
| epoch = 17 | step =    30 | loss_pnn = 1.698 | loss_cn = 0.00000000 | acc_sim = 0.962 | acc_phy = 0.836 
| epoch = 17 | step =    40 | loss_pnn = 1.699 | loss_cn = 0.00000000 | acc_sim = 0.961 | acc_phy = 0.835 
| epoch = 17 | step =    50 | loss_pnn = 1.699 | loss_cn = 0.00000000 | acc_sim = 0.961 | acc_phy = 0.836 
| epoch = 17 | step =    60 | loss_pnn = 1.700 | loss_cn = 0.00000000 | acc_sim = 0.961 | acc_phy = 0.834 
| epoch = 17 | step =    70 | loss_pnn = 1.701 | loss_cn = 0.00000000 | acc_sim = 0.961 | acc_phy = 0.833 
| epoch = 17 | step =    80 | loss_pnn = 1.701 | loss_cn = 0.00000000 | acc_sim = 0.961 | acc_phy = 0.833 
| epoch = 17 | step =    90 | loss_pnn = 1.701 | loss_cn = 0.00000000 | acc_sim = 0.960 | acc_phy = 0.833 
| epoch = 17 | step =   100 | loss_pnn = 1.701 | loss_cn = 0.00000000 | acc_sim = 0.960 | acc_phy = 0.833 
| epoch = 17 | step =   110 | loss_pnn = 1.701 | loss_cn = 0.00000000 | acc_sim = 0.961 | acc_phy = 0.834 
| epoch = 17 | step =   120 | loss_pnn = 1.701 | loss_cn = 0.00000000 | acc_sim = 0.960 | acc_phy = 0.834 
Phy accuracy of the network on 10000 test images: 0.842


Current training epoch: 18, learning rate for pnn: 0.0005, 
| epoch = 18 | step =    10 | loss_pnn = 1.708 | loss_cn = 0.00000000 | acc_sim = 0.961 | acc_phy = 0.829 
| epoch = 18 | step =    20 | loss_pnn = 1.705 | loss_cn = 0.00000000 | acc_sim = 0.961 | acc_phy = 0.830 
| epoch = 18 | step =    30 | loss_pnn = 1.704 | loss_cn = 0.00000000 | acc_sim = 0.962 | acc_phy = 0.829 
| epoch = 18 | step =    40 | loss_pnn = 1.703 | loss_cn = 0.00000000 | acc_sim = 0.963 | acc_phy = 0.831 
| epoch = 18 | step =    50 | loss_pnn = 1.704 | loss_cn = 0.00000000 | acc_sim = 0.962 | acc_phy = 0.831 
| epoch = 18 | step =    60 | loss_pnn = 1.703 | loss_cn = 0.00000000 | acc_sim = 0.962 | acc_phy = 0.832 
| epoch = 18 | step =    70 | loss_pnn = 1.703 | loss_cn = 0.00000000 | acc_sim = 0.962 | acc_phy = 0.832 
| epoch = 18 | step =    80 | loss_pnn = 1.702 | loss_cn = 0.00000000 | acc_sim = 0.962 | acc_phy = 0.832 
| epoch = 18 | step =    90 | loss_pnn = 1.702 | loss_cn = 0.00000000 | acc_sim = 0.962 | acc_phy = 0.833 
| epoch = 18 | step =   100 | loss_pnn = 1.701 | loss_cn = 0.00000000 | acc_sim = 0.962 | acc_phy = 0.834 
| epoch = 18 | step =   110 | loss_pnn = 1.701 | loss_cn = 0.00000000 | acc_sim = 0.962 | acc_phy = 0.834 
| epoch = 18 | step =   120 | loss_pnn = 1.702 | loss_cn = 0.00000000 | acc_sim = 0.962 | acc_phy = 0.834 
Phy accuracy of the network on 10000 test images: 0.838


Current training epoch: 19, learning rate for pnn: 0.0005, 
| epoch = 19 | step =    10 | loss_pnn = 1.701 | loss_cn = 0.00000000 | acc_sim = 0.960 | acc_phy = 0.834 
| epoch = 19 | step =    20 | loss_pnn = 1.701 | loss_cn = 0.00000000 | acc_sim = 0.960 | acc_phy = 0.835 
| epoch = 19 | step =    30 | loss_pnn = 1.699 | loss_cn = 0.00000000 | acc_sim = 0.962 | acc_phy = 0.835 
| epoch = 19 | step =    40 | loss_pnn = 1.701 | loss_cn = 0.00000000 | acc_sim = 0.961 | acc_phy = 0.832 
| epoch = 19 | step =    50 | loss_pnn = 1.701 | loss_cn = 0.00000000 | acc_sim = 0.962 | acc_phy = 0.833 
| epoch = 19 | step =    60 | loss_pnn = 1.700 | loss_cn = 0.00000000 | acc_sim = 0.962 | acc_phy = 0.834 
| epoch = 19 | step =    70 | loss_pnn = 1.701 | loss_cn = 0.00000000 | acc_sim = 0.961 | acc_phy = 0.834 
| epoch = 19 | step =    80 | loss_pnn = 1.701 | loss_cn = 0.00000000 | acc_sim = 0.961 | acc_phy = 0.834 
| epoch = 19 | step =    90 | loss_pnn = 1.700 | loss_cn = 0.00000000 | acc_sim = 0.961 | acc_phy = 0.835 
| epoch = 19 | step =   100 | loss_pnn = 1.700 | loss_cn = 0.00000000 | acc_sim = 0.962 | acc_phy = 0.835 
| epoch = 19 | step =   110 | loss_pnn = 1.700 | loss_cn = 0.00000000 | acc_sim = 0.962 | acc_phy = 0.835 
| epoch = 19 | step =   120 | loss_pnn = 1.700 | loss_cn = 0.00000000 | acc_sim = 0.962 | acc_phy = 0.834 
Phy accuracy of the network on 10000 test images: 0.838


Current training epoch: 20, learning rate for pnn: 0.0005, 
| epoch = 20 | step =    10 | loss_pnn = 1.691 | loss_cn = 0.00000000 | acc_sim = 0.969 | acc_phy = 0.841 
| epoch = 20 | step =    20 | loss_pnn = 1.695 | loss_cn = 0.00000000 | acc_sim = 0.965 | acc_phy = 0.839 
| epoch = 20 | step =    30 | loss_pnn = 1.696 | loss_cn = 0.00000000 | acc_sim = 0.967 | acc_phy = 0.837 
| epoch = 20 | step =    40 | loss_pnn = 1.698 | loss_cn = 0.00000000 | acc_sim = 0.965 | acc_phy = 0.836 
| epoch = 20 | step =    50 | loss_pnn = 1.697 | loss_cn = 0.00000000 | acc_sim = 0.965 | acc_phy = 0.837 
| epoch = 20 | step =    60 | loss_pnn = 1.697 | loss_cn = 0.00000000 | acc_sim = 0.965 | acc_phy = 0.839 
| epoch = 20 | step =    70 | loss_pnn = 1.697 | loss_cn = 0.00000000 | acc_sim = 0.964 | acc_phy = 0.838 
| epoch = 20 | step =    80 | loss_pnn = 1.698 | loss_cn = 0.00000000 | acc_sim = 0.963 | acc_phy = 0.837 
| epoch = 20 | step =    90 | loss_pnn = 1.698 | loss_cn = 0.00000000 | acc_sim = 0.963 | acc_phy = 0.837 
| epoch = 20 | step =   100 | loss_pnn = 1.699 | loss_cn = 0.00000000 | acc_sim = 0.963 | acc_phy = 0.836 
| epoch = 20 | step =   110 | loss_pnn = 1.698 | loss_cn = 0.00000000 | acc_sim = 0.963 | acc_phy = 0.836 
| epoch = 20 | step =   120 | loss_pnn = 1.699 | loss_cn = 0.00000000 | acc_sim = 0.963 | acc_phy = 0.836 
Phy accuracy of the network on 10000 test images: 0.838


Current training epoch: 21, learning rate for pnn: 0.00025, 
| epoch = 21 | step =    10 | loss_pnn = 1.701 | loss_cn = 0.00000000 | acc_sim = 0.962 | acc_phy = 0.835 
| epoch = 21 | step =    20 | loss_pnn = 1.695 | loss_cn = 0.00000000 | acc_sim = 0.963 | acc_phy = 0.842 
| epoch = 21 | step =    30 | loss_pnn = 1.696 | loss_cn = 0.00000000 | acc_sim = 0.962 | acc_phy = 0.841 
| epoch = 21 | step =    40 | loss_pnn = 1.699 | loss_cn = 0.00000000 | acc_sim = 0.963 | acc_phy = 0.838 
| epoch = 21 | step =    50 | loss_pnn = 1.699 | loss_cn = 0.00000000 | acc_sim = 0.963 | acc_phy = 0.838 
| epoch = 21 | step =    60 | loss_pnn = 1.698 | loss_cn = 0.00000000 | acc_sim = 0.964 | acc_phy = 0.839 
| epoch = 21 | step =    70 | loss_pnn = 1.698 | loss_cn = 0.00000000 | acc_sim = 0.964 | acc_phy = 0.838 
| epoch = 21 | step =    80 | loss_pnn = 1.696 | loss_cn = 0.00000000 | acc_sim = 0.965 | acc_phy = 0.839 
| epoch = 21 | step =    90 | loss_pnn = 1.696 | loss_cn = 0.00000000 | acc_sim = 0.965 | acc_phy = 0.840 
| epoch = 21 | step =   100 | loss_pnn = 1.696 | loss_cn = 0.00000000 | acc_sim = 0.964 | acc_phy = 0.839 
| epoch = 21 | step =   110 | loss_pnn = 1.697 | loss_cn = 0.00000000 | acc_sim = 0.964 | acc_phy = 0.838 
| epoch = 21 | step =   120 | loss_pnn = 1.697 | loss_cn = 0.00000000 | acc_sim = 0.964 | acc_phy = 0.838 
Phy accuracy of the network on 10000 test images: 0.842


Current training epoch: 22, learning rate for pnn: 0.00025, 
| epoch = 22 | step =    10 | loss_pnn = 1.695 | loss_cn = 0.00000000 | acc_sim = 0.964 | acc_phy = 0.840 
| epoch = 22 | step =    20 | loss_pnn = 1.699 | loss_cn = 0.00000000 | acc_sim = 0.962 | acc_phy = 0.835 
| epoch = 22 | step =    30 | loss_pnn = 1.697 | loss_cn = 0.00000000 | acc_sim = 0.964 | acc_phy = 0.838 
| epoch = 22 | step =    40 | loss_pnn = 1.696 | loss_cn = 0.00000000 | acc_sim = 0.963 | acc_phy = 0.838 
| epoch = 22 | step =    50 | loss_pnn = 1.697 | loss_cn = 0.00000000 | acc_sim = 0.964 | acc_phy = 0.837 
| epoch = 22 | step =    60 | loss_pnn = 1.698 | loss_cn = 0.00000000 | acc_sim = 0.963 | acc_phy = 0.837 
| epoch = 22 | step =    70 | loss_pnn = 1.698 | loss_cn = 0.00000000 | acc_sim = 0.963 | acc_phy = 0.837 
| epoch = 22 | step =    80 | loss_pnn = 1.698 | loss_cn = 0.00000000 | acc_sim = 0.964 | acc_phy = 0.837 
| epoch = 22 | step =    90 | loss_pnn = 1.698 | loss_cn = 0.00000000 | acc_sim = 0.964 | acc_phy = 0.837 
| epoch = 22 | step =   100 | loss_pnn = 1.698 | loss_cn = 0.00000000 | acc_sim = 0.964 | acc_phy = 0.837 
| epoch = 22 | step =   110 | loss_pnn = 1.697 | loss_cn = 0.00000000 | acc_sim = 0.964 | acc_phy = 0.838 
| epoch = 22 | step =   120 | loss_pnn = 1.697 | loss_cn = 0.00000000 | acc_sim = 0.964 | acc_phy = 0.838 
Phy accuracy of the network on 10000 test images: 0.838


Current training epoch: 23, learning rate for pnn: 0.00025, 
| epoch = 23 | step =    10 | loss_pnn = 1.692 | loss_cn = 0.00000000 | acc_sim = 0.963 | acc_phy = 0.840 
| epoch = 23 | step =    20 | loss_pnn = 1.696 | loss_cn = 0.00000000 | acc_sim = 0.965 | acc_phy = 0.839 
| epoch = 23 | step =    30 | loss_pnn = 1.698 | loss_cn = 0.00000000 | acc_sim = 0.964 | acc_phy = 0.837 
| epoch = 23 | step =    40 | loss_pnn = 1.698 | loss_cn = 0.00000000 | acc_sim = 0.964 | acc_phy = 0.837 
| epoch = 23 | step =    50 | loss_pnn = 1.698 | loss_cn = 0.00000000 | acc_sim = 0.964 | acc_phy = 0.838 
| epoch = 23 | step =    60 | loss_pnn = 1.697 | loss_cn = 0.00000000 | acc_sim = 0.965 | acc_phy = 0.839 
| epoch = 23 | step =    70 | loss_pnn = 1.696 | loss_cn = 0.00000000 | acc_sim = 0.965 | acc_phy = 0.840 
| epoch = 23 | step =    80 | loss_pnn = 1.696 | loss_cn = 0.00000000 | acc_sim = 0.964 | acc_phy = 0.839 
| epoch = 23 | step =    90 | loss_pnn = 1.696 | loss_cn = 0.00000000 | acc_sim = 0.964 | acc_phy = 0.838 
| epoch = 23 | step =   100 | loss_pnn = 1.696 | loss_cn = 0.00000000 | acc_sim = 0.965 | acc_phy = 0.838 
| epoch = 23 | step =   110 | loss_pnn = 1.696 | loss_cn = 0.00000000 | acc_sim = 0.964 | acc_phy = 0.839 
| epoch = 23 | step =   120 | loss_pnn = 1.697 | loss_cn = 0.00000000 | acc_sim = 0.964 | acc_phy = 0.838 
Phy accuracy of the network on 10000 test images: 0.843


Current training epoch: 24, learning rate for pnn: 0.00025, 
| epoch = 24 | step =    10 | loss_pnn = 1.694 | loss_cn = 0.00000000 | acc_sim = 0.964 | acc_phy = 0.843 
| epoch = 24 | step =    20 | loss_pnn = 1.696 | loss_cn = 0.00000000 | acc_sim = 0.964 | acc_phy = 0.841 
| epoch = 24 | step =    30 | loss_pnn = 1.696 | loss_cn = 0.00000000 | acc_sim = 0.965 | acc_phy = 0.842 
| epoch = 24 | step =    40 | loss_pnn = 1.695 | loss_cn = 0.00000000 | acc_sim = 0.966 | acc_phy = 0.843 
| epoch = 24 | step =    50 | loss_pnn = 1.695 | loss_cn = 0.00000000 | acc_sim = 0.966 | acc_phy = 0.842 
| epoch = 24 | step =    60 | loss_pnn = 1.694 | loss_cn = 0.00000000 | acc_sim = 0.966 | acc_phy = 0.842 
| epoch = 24 | step =    70 | loss_pnn = 1.693 | loss_cn = 0.00000000 | acc_sim = 0.966 | acc_phy = 0.843 
| epoch = 24 | step =    80 | loss_pnn = 1.694 | loss_cn = 0.00000000 | acc_sim = 0.966 | acc_phy = 0.842 
| epoch = 24 | step =    90 | loss_pnn = 1.695 | loss_cn = 0.00000000 | acc_sim = 0.966 | acc_phy = 0.841 
| epoch = 24 | step =   100 | loss_pnn = 1.696 | loss_cn = 0.00000000 | acc_sim = 0.965 | acc_phy = 0.839 
| epoch = 24 | step =   110 | loss_pnn = 1.697 | loss_cn = 0.00000000 | acc_sim = 0.965 | acc_phy = 0.839 
| epoch = 24 | step =   120 | loss_pnn = 1.697 | loss_cn = 0.00000000 | acc_sim = 0.965 | acc_phy = 0.839 
Phy accuracy of the network on 10000 test images: 0.841


Current training epoch: 25, learning rate for pnn: 0.00025, 
| epoch = 25 | step =    10 | loss_pnn = 1.699 | loss_cn = 0.00000000 | acc_sim = 0.967 | acc_phy = 0.836 
| epoch = 25 | step =    20 | loss_pnn = 1.696 | loss_cn = 0.00000000 | acc_sim = 0.967 | acc_phy = 0.840 
| epoch = 25 | step =    30 | loss_pnn = 1.697 | loss_cn = 0.00000000 | acc_sim = 0.965 | acc_phy = 0.838 
| epoch = 25 | step =    40 | loss_pnn = 1.698 | loss_cn = 0.00000000 | acc_sim = 0.965 | acc_phy = 0.837 
| epoch = 25 | step =    50 | loss_pnn = 1.698 | loss_cn = 0.00000000 | acc_sim = 0.965 | acc_phy = 0.836 
| epoch = 25 | step =    60 | loss_pnn = 1.698 | loss_cn = 0.00000000 | acc_sim = 0.964 | acc_phy = 0.837 
| epoch = 25 | step =    70 | loss_pnn = 1.697 | loss_cn = 0.00000000 | acc_sim = 0.964 | acc_phy = 0.839 
| epoch = 25 | step =    80 | loss_pnn = 1.696 | loss_cn = 0.00000000 | acc_sim = 0.965 | acc_phy = 0.841 
| epoch = 25 | step =    90 | loss_pnn = 1.696 | loss_cn = 0.00000000 | acc_sim = 0.965 | acc_phy = 0.841 
| epoch = 25 | step =   100 | loss_pnn = 1.697 | loss_cn = 0.00000000 | acc_sim = 0.965 | acc_phy = 0.840 
| epoch = 25 | step =   110 | loss_pnn = 1.697 | loss_cn = 0.00000000 | acc_sim = 0.965 | acc_phy = 0.840 
| epoch = 25 | step =   120 | loss_pnn = 1.697 | loss_cn = 0.00000000 | acc_sim = 0.965 | acc_phy = 0.840 
Phy accuracy of the network on 10000 test images: 0.844


Current training epoch: 26, learning rate for pnn: 0.00025, 
| epoch = 26 | step =    10 | loss_pnn = 1.699 | loss_cn = 0.00000000 | acc_sim = 0.962 | acc_phy = 0.837 
| epoch = 26 | step =    20 | loss_pnn = 1.694 | loss_cn = 0.00000000 | acc_sim = 0.964 | acc_phy = 0.839 
| epoch = 26 | step =    30 | loss_pnn = 1.692 | loss_cn = 0.00000000 | acc_sim = 0.964 | acc_phy = 0.844 
| epoch = 26 | step =    40 | loss_pnn = 1.692 | loss_cn = 0.00000000 | acc_sim = 0.965 | acc_phy = 0.844 
| epoch = 26 | step =    50 | loss_pnn = 1.692 | loss_cn = 0.00000000 | acc_sim = 0.966 | acc_phy = 0.844 
| epoch = 26 | step =    60 | loss_pnn = 1.695 | loss_cn = 0.00000000 | acc_sim = 0.966 | acc_phy = 0.841 
| epoch = 26 | step =    70 | loss_pnn = 1.696 | loss_cn = 0.00000000 | acc_sim = 0.965 | acc_phy = 0.840 
| epoch = 26 | step =    80 | loss_pnn = 1.695 | loss_cn = 0.00000000 | acc_sim = 0.965 | acc_phy = 0.841 
| epoch = 26 | step =    90 | loss_pnn = 1.695 | loss_cn = 0.00000000 | acc_sim = 0.965 | acc_phy = 0.841 
| epoch = 26 | step =   100 | loss_pnn = 1.696 | loss_cn = 0.00000000 | acc_sim = 0.965 | acc_phy = 0.839 
| epoch = 26 | step =   110 | loss_pnn = 1.696 | loss_cn = 0.00000000 | acc_sim = 0.965 | acc_phy = 0.840 
| epoch = 26 | step =   120 | loss_pnn = 1.696 | loss_cn = 0.00000000 | acc_sim = 0.965 | acc_phy = 0.839 
Phy accuracy of the network on 10000 test images: 0.840


Current training epoch: 27, learning rate for pnn: 0.00025, 
| epoch = 27 | step =    10 | loss_pnn = 1.697 | loss_cn = 0.00000000 | acc_sim = 0.969 | acc_phy = 0.838 
| epoch = 27 | step =    20 | loss_pnn = 1.699 | loss_cn = 0.00000000 | acc_sim = 0.969 | acc_phy = 0.835 
| epoch = 27 | step =    30 | loss_pnn = 1.701 | loss_cn = 0.00000000 | acc_sim = 0.967 | acc_phy = 0.832 
| epoch = 27 | step =    40 | loss_pnn = 1.701 | loss_cn = 0.00000000 | acc_sim = 0.967 | acc_phy = 0.832 
| epoch = 27 | step =    50 | loss_pnn = 1.698 | loss_cn = 0.00000000 | acc_sim = 0.966 | acc_phy = 0.836 
| epoch = 27 | step =    60 | loss_pnn = 1.697 | loss_cn = 0.00000000 | acc_sim = 0.966 | acc_phy = 0.837 
| epoch = 27 | step =    70 | loss_pnn = 1.697 | loss_cn = 0.00000000 | acc_sim = 0.965 | acc_phy = 0.838 
| epoch = 27 | step =    80 | loss_pnn = 1.697 | loss_cn = 0.00000000 | acc_sim = 0.965 | acc_phy = 0.838 
| epoch = 27 | step =    90 | loss_pnn = 1.697 | loss_cn = 0.00000000 | acc_sim = 0.965 | acc_phy = 0.838 
| epoch = 27 | step =   100 | loss_pnn = 1.698 | loss_cn = 0.00000000 | acc_sim = 0.965 | acc_phy = 0.838 
| epoch = 27 | step =   110 | loss_pnn = 1.697 | loss_cn = 0.00000000 | acc_sim = 0.965 | acc_phy = 0.839 
| epoch = 27 | step =   120 | loss_pnn = 1.697 | loss_cn = 0.00000000 | acc_sim = 0.966 | acc_phy = 0.839 
Phy accuracy of the network on 10000 test images: 0.840


Current training epoch: 28, learning rate for pnn: 0.00025, 
| epoch = 28 | step =    10 | loss_pnn = 1.698 | loss_cn = 0.00000000 | acc_sim = 0.966 | acc_phy = 0.832 
| epoch = 28 | step =    20 | loss_pnn = 1.695 | loss_cn = 0.00000000 | acc_sim = 0.968 | acc_phy = 0.837 
| epoch = 28 | step =    30 | loss_pnn = 1.693 | loss_cn = 0.00000000 | acc_sim = 0.968 | acc_phy = 0.839 
| epoch = 28 | step =    40 | loss_pnn = 1.695 | loss_cn = 0.00000000 | acc_sim = 0.968 | acc_phy = 0.837 
| epoch = 28 | step =    50 | loss_pnn = 1.696 | loss_cn = 0.00000000 | acc_sim = 0.968 | acc_phy = 0.837 
| epoch = 28 | step =    60 | loss_pnn = 1.696 | loss_cn = 0.00000000 | acc_sim = 0.967 | acc_phy = 0.838 
| epoch = 28 | step =    70 | loss_pnn = 1.696 | loss_cn = 0.00000000 | acc_sim = 0.967 | acc_phy = 0.839 
| epoch = 28 | step =    80 | loss_pnn = 1.696 | loss_cn = 0.00000000 | acc_sim = 0.967 | acc_phy = 0.839 
| epoch = 28 | step =    90 | loss_pnn = 1.697 | loss_cn = 0.00000000 | acc_sim = 0.966 | acc_phy = 0.839 
| epoch = 28 | step =   100 | loss_pnn = 1.696 | loss_cn = 0.00000000 | acc_sim = 0.966 | acc_phy = 0.840 
| epoch = 28 | step =   110 | loss_pnn = 1.696 | loss_cn = 0.00000000 | acc_sim = 0.966 | acc_phy = 0.840 
| epoch = 28 | step =   120 | loss_pnn = 1.696 | loss_cn = 0.00000000 | acc_sim = 0.966 | acc_phy = 0.839 
Phy accuracy of the network on 10000 test images: 0.841


Current training epoch: 29, learning rate for pnn: 0.00025, 
| epoch = 29 | step =    10 | loss_pnn = 1.701 | loss_cn = 0.00000000 | acc_sim = 0.965 | acc_phy = 0.832 
| epoch = 29 | step =    20 | loss_pnn = 1.698 | loss_cn = 0.00000000 | acc_sim = 0.968 | acc_phy = 0.835 
| epoch = 29 | step =    30 | loss_pnn = 1.700 | loss_cn = 0.00000000 | acc_sim = 0.966 | acc_phy = 0.832 
| epoch = 29 | step =    40 | loss_pnn = 1.699 | loss_cn = 0.00000000 | acc_sim = 0.966 | acc_phy = 0.835 
| epoch = 29 | step =    50 | loss_pnn = 1.698 | loss_cn = 0.00000000 | acc_sim = 0.966 | acc_phy = 0.837 
| epoch = 29 | step =    60 | loss_pnn = 1.698 | loss_cn = 0.00000000 | acc_sim = 0.966 | acc_phy = 0.836 
| epoch = 29 | step =    70 | loss_pnn = 1.697 | loss_cn = 0.00000000 | acc_sim = 0.967 | acc_phy = 0.838 
| epoch = 29 | step =    80 | loss_pnn = 1.697 | loss_cn = 0.00000000 | acc_sim = 0.966 | acc_phy = 0.838 
| epoch = 29 | step =    90 | loss_pnn = 1.697 | loss_cn = 0.00000000 | acc_sim = 0.966 | acc_phy = 0.839 
| epoch = 29 | step =   100 | loss_pnn = 1.696 | loss_cn = 0.00000000 | acc_sim = 0.966 | acc_phy = 0.840 
| epoch = 29 | step =   110 | loss_pnn = 1.697 | loss_cn = 0.00000000 | acc_sim = 0.966 | acc_phy = 0.840 
| epoch = 29 | step =   120 | loss_pnn = 1.696 | loss_cn = 0.00000000 | acc_sim = 0.966 | acc_phy = 0.840 
Phy accuracy of the network on 10000 test images: 0.843


Current training epoch: 30, learning rate for pnn: 0.00025, 
| epoch = 30 | step =    10 | loss_pnn = 1.691 | loss_cn = 0.00000000 | acc_sim = 0.970 | acc_phy = 0.843 
| epoch = 30 | step =    20 | loss_pnn = 1.694 | loss_cn = 0.00000000 | acc_sim = 0.967 | acc_phy = 0.841 
| epoch = 30 | step =    30 | loss_pnn = 1.693 | loss_cn = 0.00000000 | acc_sim = 0.967 | acc_phy = 0.842 
| epoch = 30 | step =    40 | loss_pnn = 1.696 | loss_cn = 0.00000000 | acc_sim = 0.966 | acc_phy = 0.839 
| epoch = 30 | step =    50 | loss_pnn = 1.696 | loss_cn = 0.00000000 | acc_sim = 0.966 | acc_phy = 0.838 
| epoch = 30 | step =    60 | loss_pnn = 1.696 | loss_cn = 0.00000000 | acc_sim = 0.966 | acc_phy = 0.838 
| epoch = 30 | step =    70 | loss_pnn = 1.696 | loss_cn = 0.00000000 | acc_sim = 0.966 | acc_phy = 0.838 
| epoch = 30 | step =    80 | loss_pnn = 1.695 | loss_cn = 0.00000000 | acc_sim = 0.966 | acc_phy = 0.838 
| epoch = 30 | step =    90 | loss_pnn = 1.695 | loss_cn = 0.00000000 | acc_sim = 0.966 | acc_phy = 0.839 
| epoch = 30 | step =   100 | loss_pnn = 1.696 | loss_cn = 0.00000000 | acc_sim = 0.967 | acc_phy = 0.839 
| epoch = 30 | step =   110 | loss_pnn = 1.696 | loss_cn = 0.00000000 | acc_sim = 0.967 | acc_phy = 0.840 
| epoch = 30 | step =   120 | loss_pnn = 1.696 | loss_cn = 0.00000000 | acc_sim = 0.967 | acc_phy = 0.840 
Phy accuracy of the network on 10000 test images: 0.842


Current training epoch: 31, learning rate for pnn: 0.000125, 
| epoch = 31 | step =    10 | loss_pnn = 1.697 | loss_cn = 0.00000000 | acc_sim = 0.967 | acc_phy = 0.842 
| epoch = 31 | step =    20 | loss_pnn = 1.697 | loss_cn = 0.00000000 | acc_sim = 0.967 | acc_phy = 0.842 
| epoch = 31 | step =    30 | loss_pnn = 1.698 | loss_cn = 0.00000000 | acc_sim = 0.969 | acc_phy = 0.840 
| epoch = 31 | step =    40 | loss_pnn = 1.697 | loss_cn = 0.00000000 | acc_sim = 0.968 | acc_phy = 0.841 
| epoch = 31 | step =    50 | loss_pnn = 1.698 | loss_cn = 0.00000000 | acc_sim = 0.968 | acc_phy = 0.841 
| epoch = 31 | step =    60 | loss_pnn = 1.698 | loss_cn = 0.00000000 | acc_sim = 0.967 | acc_phy = 0.841 
| epoch = 31 | step =    70 | loss_pnn = 1.697 | loss_cn = 0.00000000 | acc_sim = 0.967 | acc_phy = 0.842 
| epoch = 31 | step =    80 | loss_pnn = 1.698 | loss_cn = 0.00000000 | acc_sim = 0.967 | acc_phy = 0.841 
| epoch = 31 | step =    90 | loss_pnn = 1.697 | loss_cn = 0.00000000 | acc_sim = 0.967 | acc_phy = 0.841 
| epoch = 31 | step =   100 | loss_pnn = 1.696 | loss_cn = 0.00000000 | acc_sim = 0.967 | acc_phy = 0.841 
| epoch = 31 | step =   110 | loss_pnn = 1.697 | loss_cn = 0.00000000 | acc_sim = 0.967 | acc_phy = 0.842 
| epoch = 31 | step =   120 | loss_pnn = 1.697 | loss_cn = 0.00000000 | acc_sim = 0.967 | acc_phy = 0.841 
Phy accuracy of the network on 10000 test images: 0.842


Current training epoch: 32, learning rate for pnn: 0.000125, 
| epoch = 32 | step =    10 | loss_pnn = 1.691 | loss_cn = 0.00000000 | acc_sim = 0.970 | acc_phy = 0.849 
| epoch = 32 | step =    20 | loss_pnn = 1.697 | loss_cn = 0.00000000 | acc_sim = 0.968 | acc_phy = 0.840 
| epoch = 32 | step =    30 | loss_pnn = 1.695 | loss_cn = 0.00000000 | acc_sim = 0.967 | acc_phy = 0.841 
| epoch = 32 | step =    40 | loss_pnn = 1.695 | loss_cn = 0.00000000 | acc_sim = 0.967 | acc_phy = 0.843 
| epoch = 32 | step =    50 | loss_pnn = 1.694 | loss_cn = 0.00000000 | acc_sim = 0.967 | acc_phy = 0.843 
| epoch = 32 | step =    60 | loss_pnn = 1.695 | loss_cn = 0.00000000 | acc_sim = 0.967 | acc_phy = 0.842 
| epoch = 32 | step =    70 | loss_pnn = 1.695 | loss_cn = 0.00000000 | acc_sim = 0.968 | acc_phy = 0.841 
| epoch = 32 | step =    80 | loss_pnn = 1.696 | loss_cn = 0.00000000 | acc_sim = 0.968 | acc_phy = 0.841 
| epoch = 32 | step =    90 | loss_pnn = 1.696 | loss_cn = 0.00000000 | acc_sim = 0.967 | acc_phy = 0.842 
| epoch = 32 | step =   100 | loss_pnn = 1.695 | loss_cn = 0.00000000 | acc_sim = 0.967 | acc_phy = 0.842 
| epoch = 32 | step =   110 | loss_pnn = 1.696 | loss_cn = 0.00000000 | acc_sim = 0.967 | acc_phy = 0.841 
| epoch = 32 | step =   120 | loss_pnn = 1.696 | loss_cn = 0.00000000 | acc_sim = 0.967 | acc_phy = 0.841 
Phy accuracy of the network on 10000 test images: 0.844


Current training epoch: 33, learning rate for pnn: 0.000125, 
| epoch = 33 | step =    10 | loss_pnn = 1.700 | loss_cn = 0.00000000 | acc_sim = 0.967 | acc_phy = 0.838 
| epoch = 33 | step =    20 | loss_pnn = 1.698 | loss_cn = 0.00000000 | acc_sim = 0.968 | acc_phy = 0.839 
| epoch = 33 | step =    30 | loss_pnn = 1.698 | loss_cn = 0.00000000 | acc_sim = 0.968 | acc_phy = 0.839 
| epoch = 33 | step =    40 | loss_pnn = 1.695 | loss_cn = 0.00000000 | acc_sim = 0.969 | acc_phy = 0.842 
| epoch = 33 | step =    50 | loss_pnn = 1.695 | loss_cn = 0.00000000 | acc_sim = 0.969 | acc_phy = 0.843 
| epoch = 33 | step =    60 | loss_pnn = 1.695 | loss_cn = 0.00000000 | acc_sim = 0.968 | acc_phy = 0.842 
| epoch = 33 | step =    70 | loss_pnn = 1.695 | loss_cn = 0.00000000 | acc_sim = 0.968 | acc_phy = 0.843 
| epoch = 33 | step =    80 | loss_pnn = 1.695 | loss_cn = 0.00000000 | acc_sim = 0.968 | acc_phy = 0.843 
| epoch = 33 | step =    90 | loss_pnn = 1.696 | loss_cn = 0.00000000 | acc_sim = 0.967 | acc_phy = 0.842 
| epoch = 33 | step =   100 | loss_pnn = 1.696 | loss_cn = 0.00000000 | acc_sim = 0.967 | acc_phy = 0.842 
| epoch = 33 | step =   110 | loss_pnn = 1.696 | loss_cn = 0.00000000 | acc_sim = 0.967 | acc_phy = 0.841 
| epoch = 33 | step =   120 | loss_pnn = 1.696 | loss_cn = 0.00000000 | acc_sim = 0.968 | acc_phy = 0.842 
Phy accuracy of the network on 10000 test images: 0.845


Current training epoch: 34, learning rate for pnn: 0.000125, 
| epoch = 34 | step =    10 | loss_pnn = 1.699 | loss_cn = 0.00000000 | acc_sim = 0.968 | acc_phy = 0.843 
| epoch = 34 | step =    20 | loss_pnn = 1.699 | loss_cn = 0.00000000 | acc_sim = 0.966 | acc_phy = 0.839 
| epoch = 34 | step =    30 | loss_pnn = 1.701 | loss_cn = 0.00000000 | acc_sim = 0.966 | acc_phy = 0.835 
| epoch = 34 | step =    40 | loss_pnn = 1.700 | loss_cn = 0.00000000 | acc_sim = 0.967 | acc_phy = 0.837 
| epoch = 34 | step =    50 | loss_pnn = 1.698 | loss_cn = 0.00000000 | acc_sim = 0.967 | acc_phy = 0.839 
| epoch = 34 | step =    60 | loss_pnn = 1.698 | loss_cn = 0.00000000 | acc_sim = 0.968 | acc_phy = 0.839 
| epoch = 34 | step =    70 | loss_pnn = 1.697 | loss_cn = 0.00000000 | acc_sim = 0.968 | acc_phy = 0.840 
| epoch = 34 | step =    80 | loss_pnn = 1.697 | loss_cn = 0.00000000 | acc_sim = 0.968 | acc_phy = 0.840 
| epoch = 34 | step =    90 | loss_pnn = 1.697 | loss_cn = 0.00000000 | acc_sim = 0.968 | acc_phy = 0.840 
| epoch = 34 | step =   100 | loss_pnn = 1.697 | loss_cn = 0.00000000 | acc_sim = 0.968 | acc_phy = 0.841 
| epoch = 34 | step =   110 | loss_pnn = 1.697 | loss_cn = 0.00000000 | acc_sim = 0.968 | acc_phy = 0.841 
| epoch = 34 | step =   120 | loss_pnn = 1.697 | loss_cn = 0.00000000 | acc_sim = 0.968 | acc_phy = 0.841 
Phy accuracy of the network on 10000 test images: 0.842


Current training epoch: 35, learning rate for pnn: 0.000125, 
| epoch = 35 | step =    10 | loss_pnn = 1.692 | loss_cn = 0.00000000 | acc_sim = 0.969 | acc_phy = 0.846 
| epoch = 35 | step =    20 | loss_pnn = 1.695 | loss_cn = 0.00000000 | acc_sim = 0.970 | acc_phy = 0.842 
| epoch = 35 | step =    30 | loss_pnn = 1.697 | loss_cn = 0.00000000 | acc_sim = 0.968 | acc_phy = 0.839 
| epoch = 35 | step =    40 | loss_pnn = 1.696 | loss_cn = 0.00000000 | acc_sim = 0.969 | acc_phy = 0.841 
| epoch = 35 | step =    50 | loss_pnn = 1.696 | loss_cn = 0.00000000 | acc_sim = 0.968 | acc_phy = 0.842 
| epoch = 35 | step =    60 | loss_pnn = 1.697 | loss_cn = 0.00000000 | acc_sim = 0.967 | acc_phy = 0.841 
| epoch = 35 | step =    70 | loss_pnn = 1.698 | loss_cn = 0.00000000 | acc_sim = 0.967 | acc_phy = 0.841 
| epoch = 35 | step =    80 | loss_pnn = 1.697 | loss_cn = 0.00000000 | acc_sim = 0.967 | acc_phy = 0.842 
| epoch = 35 | step =    90 | loss_pnn = 1.697 | loss_cn = 0.00000000 | acc_sim = 0.967 | acc_phy = 0.842 
| epoch = 35 | step =   100 | loss_pnn = 1.697 | loss_cn = 0.00000000 | acc_sim = 0.967 | acc_phy = 0.842 
| epoch = 35 | step =   110 | loss_pnn = 1.697 | loss_cn = 0.00000000 | acc_sim = 0.968 | acc_phy = 0.841 
| epoch = 35 | step =   120 | loss_pnn = 1.697 | loss_cn = 0.00000000 | acc_sim = 0.968 | acc_phy = 0.841 
Phy accuracy of the network on 10000 test images: 0.843


Current training epoch: 36, learning rate for pnn: 0.000125, 
| epoch = 36 | step =    10 | loss_pnn = 1.694 | loss_cn = 0.00000000 | acc_sim = 0.968 | acc_phy = 0.845 
| epoch = 36 | step =    20 | loss_pnn = 1.696 | loss_cn = 0.00000000 | acc_sim = 0.967 | acc_phy = 0.843 
| epoch = 36 | step =    30 | loss_pnn = 1.696 | loss_cn = 0.00000000 | acc_sim = 0.968 | acc_phy = 0.843 
| epoch = 36 | step =    40 | loss_pnn = 1.694 | loss_cn = 0.00000000 | acc_sim = 0.967 | acc_phy = 0.845 
| epoch = 36 | step =    50 | loss_pnn = 1.693 | loss_cn = 0.00000000 | acc_sim = 0.968 | acc_phy = 0.847 
| epoch = 36 | step =    60 | loss_pnn = 1.695 | loss_cn = 0.00000000 | acc_sim = 0.967 | acc_phy = 0.845 
| epoch = 36 | step =    70 | loss_pnn = 1.694 | loss_cn = 0.00000000 | acc_sim = 0.968 | acc_phy = 0.845 
| epoch = 36 | step =    80 | loss_pnn = 1.695 | loss_cn = 0.00000000 | acc_sim = 0.968 | acc_phy = 0.843 
| epoch = 36 | step =    90 | loss_pnn = 1.695 | loss_cn = 0.00000000 | acc_sim = 0.969 | acc_phy = 0.843 
| epoch = 36 | step =   100 | loss_pnn = 1.695 | loss_cn = 0.00000000 | acc_sim = 0.968 | acc_phy = 0.844 
| epoch = 36 | step =   110 | loss_pnn = 1.695 | loss_cn = 0.00000000 | acc_sim = 0.968 | acc_phy = 0.843 
| epoch = 36 | step =   120 | loss_pnn = 1.695 | loss_cn = 0.00000000 | acc_sim = 0.968 | acc_phy = 0.843 
Phy accuracy of the network on 10000 test images: 0.841


Current training epoch: 37, learning rate for pnn: 0.000125, 
| epoch = 37 | step =    10 | loss_pnn = 1.704 | loss_cn = 0.00000000 | acc_sim = 0.963 | acc_phy = 0.831 
| epoch = 37 | step =    20 | loss_pnn = 1.701 | loss_cn = 0.00000000 | acc_sim = 0.966 | acc_phy = 0.837 
| epoch = 37 | step =    30 | loss_pnn = 1.700 | loss_cn = 0.00000000 | acc_sim = 0.967 | acc_phy = 0.837 
| epoch = 37 | step =    40 | loss_pnn = 1.700 | loss_cn = 0.00000000 | acc_sim = 0.968 | acc_phy = 0.838 
| epoch = 37 | step =    50 | loss_pnn = 1.699 | loss_cn = 0.00000000 | acc_sim = 0.968 | acc_phy = 0.839 
| epoch = 37 | step =    60 | loss_pnn = 1.698 | loss_cn = 0.00000000 | acc_sim = 0.968 | acc_phy = 0.841 
| epoch = 37 | step =    70 | loss_pnn = 1.697 | loss_cn = 0.00000000 | acc_sim = 0.968 | acc_phy = 0.841 
| epoch = 37 | step =    80 | loss_pnn = 1.697 | loss_cn = 0.00000000 | acc_sim = 0.969 | acc_phy = 0.842 
| epoch = 37 | step =    90 | loss_pnn = 1.697 | loss_cn = 0.00000000 | acc_sim = 0.968 | acc_phy = 0.841 
| epoch = 37 | step =   100 | loss_pnn = 1.697 | loss_cn = 0.00000000 | acc_sim = 0.968 | acc_phy = 0.842 
| epoch = 37 | step =   110 | loss_pnn = 1.697 | loss_cn = 0.00000000 | acc_sim = 0.968 | acc_phy = 0.841 
| epoch = 37 | step =   120 | loss_pnn = 1.697 | loss_cn = 0.00000000 | acc_sim = 0.968 | acc_phy = 0.841 
Phy accuracy of the network on 10000 test images: 0.841


Current training epoch: 38, learning rate for pnn: 0.000125, 
| epoch = 38 | step =    10 | loss_pnn = 1.701 | loss_cn = 0.00000000 | acc_sim = 0.965 | acc_phy = 0.833 
| epoch = 38 | step =    20 | loss_pnn = 1.696 | loss_cn = 0.00000000 | acc_sim = 0.967 | acc_phy = 0.843 
| epoch = 38 | step =    30 | loss_pnn = 1.698 | loss_cn = 0.00000000 | acc_sim = 0.968 | acc_phy = 0.841 
| epoch = 38 | step =    40 | loss_pnn = 1.697 | loss_cn = 0.00000000 | acc_sim = 0.969 | acc_phy = 0.841 
| epoch = 38 | step =    50 | loss_pnn = 1.696 | loss_cn = 0.00000000 | acc_sim = 0.969 | acc_phy = 0.844 
| epoch = 38 | step =    60 | loss_pnn = 1.697 | loss_cn = 0.00000000 | acc_sim = 0.968 | acc_phy = 0.843 
| epoch = 38 | step =    70 | loss_pnn = 1.697 | loss_cn = 0.00000000 | acc_sim = 0.968 | acc_phy = 0.843 
| epoch = 38 | step =    80 | loss_pnn = 1.698 | loss_cn = 0.00000000 | acc_sim = 0.968 | acc_phy = 0.843 
| epoch = 38 | step =    90 | loss_pnn = 1.698 | loss_cn = 0.00000000 | acc_sim = 0.968 | acc_phy = 0.842 
| epoch = 38 | step =   100 | loss_pnn = 1.697 | loss_cn = 0.00000000 | acc_sim = 0.968 | acc_phy = 0.842 
| epoch = 38 | step =   110 | loss_pnn = 1.697 | loss_cn = 0.00000000 | acc_sim = 0.968 | acc_phy = 0.842 
| epoch = 38 | step =   120 | loss_pnn = 1.697 | loss_cn = 0.00000000 | acc_sim = 0.968 | acc_phy = 0.842 
Phy accuracy of the network on 10000 test images: 0.843


Current training epoch: 39, learning rate for pnn: 0.000125, 
| epoch = 39 | step =    10 | loss_pnn = 1.698 | loss_cn = 0.00000000 | acc_sim = 0.969 | acc_phy = 0.845 
| epoch = 39 | step =    20 | loss_pnn = 1.694 | loss_cn = 0.00000000 | acc_sim = 0.971 | acc_phy = 0.846 
| epoch = 39 | step =    30 | loss_pnn = 1.695 | loss_cn = 0.00000000 | acc_sim = 0.970 | acc_phy = 0.845 
| epoch = 39 | step =    40 | loss_pnn = 1.697 | loss_cn = 0.00000000 | acc_sim = 0.969 | acc_phy = 0.843 
| epoch = 39 | step =    50 | loss_pnn = 1.698 | loss_cn = 0.00000000 | acc_sim = 0.968 | acc_phy = 0.842 
| epoch = 39 | step =    60 | loss_pnn = 1.697 | loss_cn = 0.00000000 | acc_sim = 0.969 | acc_phy = 0.842 
| epoch = 39 | step =    70 | loss_pnn = 1.697 | loss_cn = 0.00000000 | acc_sim = 0.968 | acc_phy = 0.841 
| epoch = 39 | step =    80 | loss_pnn = 1.697 | loss_cn = 0.00000000 | acc_sim = 0.968 | acc_phy = 0.842 
| epoch = 39 | step =    90 | loss_pnn = 1.697 | loss_cn = 0.00000000 | acc_sim = 0.968 | acc_phy = 0.842 
| epoch = 39 | step =   100 | loss_pnn = 1.697 | loss_cn = 0.00000000 | acc_sim = 0.968 | acc_phy = 0.841 
| epoch = 39 | step =   110 | loss_pnn = 1.698 | loss_cn = 0.00000000 | acc_sim = 0.968 | acc_phy = 0.840 
| epoch = 39 | step =   120 | loss_pnn = 1.698 | loss_cn = 0.00000000 | acc_sim = 0.968 | acc_phy = 0.841 
Phy accuracy of the network on 10000 test images: 0.845


Current training epoch: 40, learning rate for pnn: 0.000125, 
| epoch = 40 | step =    10 | loss_pnn = 1.698 | loss_cn = 0.00000000 | acc_sim = 0.966 | acc_phy = 0.842 
| epoch = 40 | step =    20 | loss_pnn = 1.695 | loss_cn = 0.00000000 | acc_sim = 0.968 | acc_phy = 0.848 
| epoch = 40 | step =    30 | loss_pnn = 1.699 | loss_cn = 0.00000000 | acc_sim = 0.968 | acc_phy = 0.842 
| epoch = 40 | step =    40 | loss_pnn = 1.699 | loss_cn = 0.00000000 | acc_sim = 0.969 | acc_phy = 0.841 
| epoch = 40 | step =    50 | loss_pnn = 1.698 | loss_cn = 0.00000000 | acc_sim = 0.970 | acc_phy = 0.842 
| epoch = 40 | step =    60 | loss_pnn = 1.697 | loss_cn = 0.00000000 | acc_sim = 0.970 | acc_phy = 0.844 
| epoch = 40 | step =    70 | loss_pnn = 1.697 | loss_cn = 0.00000000 | acc_sim = 0.970 | acc_phy = 0.843 
| epoch = 40 | step =    80 | loss_pnn = 1.698 | loss_cn = 0.00000000 | acc_sim = 0.970 | acc_phy = 0.842 
| epoch = 40 | step =    90 | loss_pnn = 1.698 | loss_cn = 0.00000000 | acc_sim = 0.969 | acc_phy = 0.841 
| epoch = 40 | step =   100 | loss_pnn = 1.698 | loss_cn = 0.00000000 | acc_sim = 0.969 | acc_phy = 0.842 
| epoch = 40 | step =   110 | loss_pnn = 1.698 | loss_cn = 0.00000000 | acc_sim = 0.969 | acc_phy = 0.841 
| epoch = 40 | step =   120 | loss_pnn = 1.698 | loss_cn = 0.00000000 | acc_sim = 0.968 | acc_phy = 0.841 
Phy accuracy of the network on 10000 test images: 0.846


Current training epoch: 41, learning rate for pnn: 6.25e-05, 
| epoch = 41 | step =    10 | loss_pnn = 1.698 | loss_cn = 0.00000000 | acc_sim = 0.968 | acc_phy = 0.837 
| epoch = 41 | step =    20 | loss_pnn = 1.699 | loss_cn = 0.00000000 | acc_sim = 0.968 | acc_phy = 0.841 
| epoch = 41 | step =    30 | loss_pnn = 1.699 | loss_cn = 0.00000000 | acc_sim = 0.968 | acc_phy = 0.842 
| epoch = 41 | step =    40 | loss_pnn = 1.697 | loss_cn = 0.00000000 | acc_sim = 0.968 | acc_phy = 0.843 
| epoch = 41 | step =    50 | loss_pnn = 1.698 | loss_cn = 0.00000000 | acc_sim = 0.968 | acc_phy = 0.841 
| epoch = 41 | step =    60 | loss_pnn = 1.698 | loss_cn = 0.00000000 | acc_sim = 0.968 | acc_phy = 0.842 
| epoch = 41 | step =    70 | loss_pnn = 1.697 | loss_cn = 0.00000000 | acc_sim = 0.968 | acc_phy = 0.842 
| epoch = 41 | step =    80 | loss_pnn = 1.697 | loss_cn = 0.00000000 | acc_sim = 0.968 | acc_phy = 0.844 
| epoch = 41 | step =    90 | loss_pnn = 1.697 | loss_cn = 0.00000000 | acc_sim = 0.968 | acc_phy = 0.844 
| epoch = 41 | step =   100 | loss_pnn = 1.696 | loss_cn = 0.00000000 | acc_sim = 0.968 | acc_phy = 0.844 
| epoch = 41 | step =   110 | loss_pnn = 1.696 | loss_cn = 0.00000000 | acc_sim = 0.968 | acc_phy = 0.844 
| epoch = 41 | step =   120 | loss_pnn = 1.696 | loss_cn = 0.00000000 | acc_sim = 0.969 | acc_phy = 0.843 
Phy accuracy of the network on 10000 test images: 0.842


Current training epoch: 42, learning rate for pnn: 6.25e-05, 
| epoch = 42 | step =    10 | loss_pnn = 1.699 | loss_cn = 0.00000000 | acc_sim = 0.972 | acc_phy = 0.841 
| epoch = 42 | step =    20 | loss_pnn = 1.700 | loss_cn = 0.00000000 | acc_sim = 0.969 | acc_phy = 0.840 
| epoch = 42 | step =    30 | loss_pnn = 1.697 | loss_cn = 0.00000000 | acc_sim = 0.970 | acc_phy = 0.842 
| epoch = 42 | step =    40 | loss_pnn = 1.697 | loss_cn = 0.00000000 | acc_sim = 0.969 | acc_phy = 0.843 
| epoch = 42 | step =    50 | loss_pnn = 1.697 | loss_cn = 0.00000000 | acc_sim = 0.968 | acc_phy = 0.842 
| epoch = 42 | step =    60 | loss_pnn = 1.698 | loss_cn = 0.00000000 | acc_sim = 0.968 | acc_phy = 0.841 
| epoch = 42 | step =    70 | loss_pnn = 1.698 | loss_cn = 0.00000000 | acc_sim = 0.968 | acc_phy = 0.840 
| epoch = 42 | step =    80 | loss_pnn = 1.697 | loss_cn = 0.00000000 | acc_sim = 0.969 | acc_phy = 0.842 
| epoch = 42 | step =    90 | loss_pnn = 1.696 | loss_cn = 0.00000000 | acc_sim = 0.969 | acc_phy = 0.843 
| epoch = 42 | step =   100 | loss_pnn = 1.697 | loss_cn = 0.00000000 | acc_sim = 0.969 | acc_phy = 0.842 
| epoch = 42 | step =   110 | loss_pnn = 1.697 | loss_cn = 0.00000000 | acc_sim = 0.969 | acc_phy = 0.843 
| epoch = 42 | step =   120 | loss_pnn = 1.697 | loss_cn = 0.00000000 | acc_sim = 0.969 | acc_phy = 0.842 
Phy accuracy of the network on 10000 test images: 0.844


Current training epoch: 43, learning rate for pnn: 6.25e-05, 
| epoch = 43 | step =    10 | loss_pnn = 1.699 | loss_cn = 0.00000000 | acc_sim = 0.968 | acc_phy = 0.840 
| epoch = 43 | step =    20 | loss_pnn = 1.700 | loss_cn = 0.00000000 | acc_sim = 0.968 | acc_phy = 0.839 
| epoch = 43 | step =    30 | loss_pnn = 1.700 | loss_cn = 0.00000000 | acc_sim = 0.967 | acc_phy = 0.840 
| epoch = 43 | step =    40 | loss_pnn = 1.697 | loss_cn = 0.00000000 | acc_sim = 0.969 | acc_phy = 0.844 
| epoch = 43 | step =    50 | loss_pnn = 1.696 | loss_cn = 0.00000000 | acc_sim = 0.969 | acc_phy = 0.845 
| epoch = 43 | step =    60 | loss_pnn = 1.696 | loss_cn = 0.00000000 | acc_sim = 0.969 | acc_phy = 0.843 
| epoch = 43 | step =    70 | loss_pnn = 1.696 | loss_cn = 0.00000000 | acc_sim = 0.969 | acc_phy = 0.843 
| epoch = 43 | step =    80 | loss_pnn = 1.697 | loss_cn = 0.00000000 | acc_sim = 0.969 | acc_phy = 0.843 
| epoch = 43 | step =    90 | loss_pnn = 1.697 | loss_cn = 0.00000000 | acc_sim = 0.969 | acc_phy = 0.843 
| epoch = 43 | step =   100 | loss_pnn = 1.697 | loss_cn = 0.00000000 | acc_sim = 0.969 | acc_phy = 0.843 
| epoch = 43 | step =   110 | loss_pnn = 1.697 | loss_cn = 0.00000000 | acc_sim = 0.969 | acc_phy = 0.843 
| epoch = 43 | step =   120 | loss_pnn = 1.697 | loss_cn = 0.00000000 | acc_sim = 0.969 | acc_phy = 0.842 
Phy accuracy of the network on 10000 test images: 0.843


Current training epoch: 44, learning rate for pnn: 6.25e-05, 
| epoch = 44 | step =    10 | loss_pnn = 1.698 | loss_cn = 0.00000000 | acc_sim = 0.967 | acc_phy = 0.841 
| epoch = 44 | step =    20 | loss_pnn = 1.698 | loss_cn = 0.00000000 | acc_sim = 0.969 | acc_phy = 0.839 
| epoch = 44 | step =    30 | loss_pnn = 1.699 | loss_cn = 0.00000000 | acc_sim = 0.967 | acc_phy = 0.839 
| epoch = 44 | step =    40 | loss_pnn = 1.699 | loss_cn = 0.00000000 | acc_sim = 0.968 | acc_phy = 0.840 
| epoch = 44 | step =    50 | loss_pnn = 1.698 | loss_cn = 0.00000000 | acc_sim = 0.968 | acc_phy = 0.842 
| epoch = 44 | step =    60 | loss_pnn = 1.697 | loss_cn = 0.00000000 | acc_sim = 0.969 | acc_phy = 0.842 
| epoch = 44 | step =    70 | loss_pnn = 1.698 | loss_cn = 0.00000000 | acc_sim = 0.968 | acc_phy = 0.841 
| epoch = 44 | step =    80 | loss_pnn = 1.698 | loss_cn = 0.00000000 | acc_sim = 0.968 | acc_phy = 0.841 
| epoch = 44 | step =    90 | loss_pnn = 1.697 | loss_cn = 0.00000000 | acc_sim = 0.968 | acc_phy = 0.842 
| epoch = 44 | step =   100 | loss_pnn = 1.697 | loss_cn = 0.00000000 | acc_sim = 0.969 | acc_phy = 0.843 
| epoch = 44 | step =   110 | loss_pnn = 1.697 | loss_cn = 0.00000000 | acc_sim = 0.969 | acc_phy = 0.842 
| epoch = 44 | step =   120 | loss_pnn = 1.697 | loss_cn = 0.00000000 | acc_sim = 0.969 | acc_phy = 0.842 
Phy accuracy of the network on 10000 test images: 0.842


Current training epoch: 45, learning rate for pnn: 6.25e-05, 
| epoch = 45 | step =    10 | loss_pnn = 1.700 | loss_cn = 0.00000000 | acc_sim = 0.972 | acc_phy = 0.836 
| epoch = 45 | step =    20 | loss_pnn = 1.700 | loss_cn = 0.00000000 | acc_sim = 0.971 | acc_phy = 0.838 
| epoch = 45 | step =    30 | loss_pnn = 1.700 | loss_cn = 0.00000000 | acc_sim = 0.970 | acc_phy = 0.841 
| epoch = 45 | step =    40 | loss_pnn = 1.699 | loss_cn = 0.00000000 | acc_sim = 0.970 | acc_phy = 0.843 
| epoch = 45 | step =    50 | loss_pnn = 1.698 | loss_cn = 0.00000000 | acc_sim = 0.969 | acc_phy = 0.843 
| epoch = 45 | step =    60 | loss_pnn = 1.697 | loss_cn = 0.00000000 | acc_sim = 0.970 | acc_phy = 0.844 
| epoch = 45 | step =    70 | loss_pnn = 1.698 | loss_cn = 0.00000000 | acc_sim = 0.969 | acc_phy = 0.844 
| epoch = 45 | step =    80 | loss_pnn = 1.698 | loss_cn = 0.00000000 | acc_sim = 0.969 | acc_phy = 0.843 
| epoch = 45 | step =    90 | loss_pnn = 1.697 | loss_cn = 0.00000000 | acc_sim = 0.969 | acc_phy = 0.844 
| epoch = 45 | step =   100 | loss_pnn = 1.697 | loss_cn = 0.00000000 | acc_sim = 0.969 | acc_phy = 0.844 
| epoch = 45 | step =   110 | loss_pnn = 1.697 | loss_cn = 0.00000000 | acc_sim = 0.969 | acc_phy = 0.843 
| epoch = 45 | step =   120 | loss_pnn = 1.698 | loss_cn = 0.00000000 | acc_sim = 0.969 | acc_phy = 0.842 
Phy accuracy of the network on 10000 test images: 0.841


Current training epoch: 46, learning rate for pnn: 6.25e-05, 
| epoch = 46 | step =    10 | loss_pnn = 1.698 | loss_cn = 0.00000000 | acc_sim = 0.968 | acc_phy = 0.847 
| epoch = 46 | step =    20 | loss_pnn = 1.699 | loss_cn = 0.00000000 | acc_sim = 0.969 | acc_phy = 0.843 
| epoch = 46 | step =    30 | loss_pnn = 1.700 | loss_cn = 0.00000000 | acc_sim = 0.968 | acc_phy = 0.842 
| epoch = 46 | step =    40 | loss_pnn = 1.698 | loss_cn = 0.00000000 | acc_sim = 0.969 | acc_phy = 0.842 
| epoch = 46 | step =    50 | loss_pnn = 1.698 | loss_cn = 0.00000000 | acc_sim = 0.970 | acc_phy = 0.843 
| epoch = 46 | step =    60 | loss_pnn = 1.700 | loss_cn = 0.00000000 | acc_sim = 0.969 | acc_phy = 0.841 
| epoch = 46 | step =    70 | loss_pnn = 1.699 | loss_cn = 0.00000000 | acc_sim = 0.970 | acc_phy = 0.840 
| epoch = 46 | step =    80 | loss_pnn = 1.700 | loss_cn = 0.00000000 | acc_sim = 0.969 | acc_phy = 0.840 
| epoch = 46 | step =    90 | loss_pnn = 1.700 | loss_cn = 0.00000000 | acc_sim = 0.969 | acc_phy = 0.840 
| epoch = 46 | step =   100 | loss_pnn = 1.700 | loss_cn = 0.00000000 | acc_sim = 0.969 | acc_phy = 0.840 
| epoch = 46 | step =   110 | loss_pnn = 1.699 | loss_cn = 0.00000000 | acc_sim = 0.969 | acc_phy = 0.841 
| epoch = 46 | step =   120 | loss_pnn = 1.699 | loss_cn = 0.00000000 | acc_sim = 0.969 | acc_phy = 0.842 
Phy accuracy of the network on 10000 test images: 0.843


Current training epoch: 47, learning rate for pnn: 6.25e-05, 
| epoch = 47 | step =    10 | loss_pnn = 1.701 | loss_cn = 0.00000000 | acc_sim = 0.970 | acc_phy = 0.840 
| epoch = 47 | step =    20 | loss_pnn = 1.700 | loss_cn = 0.00000000 | acc_sim = 0.971 | acc_phy = 0.838 
| epoch = 47 | step =    30 | loss_pnn = 1.697 | loss_cn = 0.00000000 | acc_sim = 0.972 | acc_phy = 0.841 
| epoch = 47 | step =    40 | loss_pnn = 1.698 | loss_cn = 0.00000000 | acc_sim = 0.971 | acc_phy = 0.841 
| epoch = 47 | step =    50 | loss_pnn = 1.698 | loss_cn = 0.00000000 | acc_sim = 0.970 | acc_phy = 0.842 
| epoch = 47 | step =    60 | loss_pnn = 1.697 | loss_cn = 0.00000000 | acc_sim = 0.969 | acc_phy = 0.842 
| epoch = 47 | step =    70 | loss_pnn = 1.698 | loss_cn = 0.00000000 | acc_sim = 0.969 | acc_phy = 0.841 
| epoch = 47 | step =    80 | loss_pnn = 1.697 | loss_cn = 0.00000000 | acc_sim = 0.969 | acc_phy = 0.841 
| epoch = 47 | step =    90 | loss_pnn = 1.698 | loss_cn = 0.00000000 | acc_sim = 0.969 | acc_phy = 0.842 
| epoch = 47 | step =   100 | loss_pnn = 1.698 | loss_cn = 0.00000000 | acc_sim = 0.969 | acc_phy = 0.842 
| epoch = 47 | step =   110 | loss_pnn = 1.698 | loss_cn = 0.00000000 | acc_sim = 0.969 | acc_phy = 0.842 
| epoch = 47 | step =   120 | loss_pnn = 1.698 | loss_cn = 0.00000000 | acc_sim = 0.969 | acc_phy = 0.842 
Phy accuracy of the network on 10000 test images: 0.844


Current training epoch: 48, learning rate for pnn: 6.25e-05, 
| epoch = 48 | step =    10 | loss_pnn = 1.703 | loss_cn = 0.00000000 | acc_sim = 0.969 | acc_phy = 0.836 
| epoch = 48 | step =    20 | loss_pnn = 1.702 | loss_cn = 0.00000000 | acc_sim = 0.971 | acc_phy = 0.838 
| epoch = 48 | step =    30 | loss_pnn = 1.700 | loss_cn = 0.00000000 | acc_sim = 0.971 | acc_phy = 0.840 
| epoch = 48 | step =    40 | loss_pnn = 1.698 | loss_cn = 0.00000000 | acc_sim = 0.970 | acc_phy = 0.842 
| epoch = 48 | step =    50 | loss_pnn = 1.699 | loss_cn = 0.00000000 | acc_sim = 0.969 | acc_phy = 0.842 
| epoch = 48 | step =    60 | loss_pnn = 1.698 | loss_cn = 0.00000000 | acc_sim = 0.969 | acc_phy = 0.843 
| epoch = 48 | step =    70 | loss_pnn = 1.698 | loss_cn = 0.00000000 | acc_sim = 0.969 | acc_phy = 0.843 
| epoch = 48 | step =    80 | loss_pnn = 1.698 | loss_cn = 0.00000000 | acc_sim = 0.970 | acc_phy = 0.843 
| epoch = 48 | step =    90 | loss_pnn = 1.698 | loss_cn = 0.00000000 | acc_sim = 0.969 | acc_phy = 0.843 
| epoch = 48 | step =   100 | loss_pnn = 1.697 | loss_cn = 0.00000000 | acc_sim = 0.970 | acc_phy = 0.843 
| epoch = 48 | step =   110 | loss_pnn = 1.698 | loss_cn = 0.00000000 | acc_sim = 0.970 | acc_phy = 0.843 
| epoch = 48 | step =   120 | loss_pnn = 1.698 | loss_cn = 0.00000000 | acc_sim = 0.969 | acc_phy = 0.842 
Phy accuracy of the network on 10000 test images: 0.844


Current training epoch: 49, learning rate for pnn: 6.25e-05, 
| epoch = 49 | step =    10 | loss_pnn = 1.694 | loss_cn = 0.00000000 | acc_sim = 0.970 | acc_phy = 0.846 
| epoch = 49 | step =    20 | loss_pnn = 1.695 | loss_cn = 0.00000000 | acc_sim = 0.969 | acc_phy = 0.844 
| epoch = 49 | step =    30 | loss_pnn = 1.695 | loss_cn = 0.00000000 | acc_sim = 0.968 | acc_phy = 0.844 
| epoch = 49 | step =    40 | loss_pnn = 1.696 | loss_cn = 0.00000000 | acc_sim = 0.968 | acc_phy = 0.843 
| epoch = 49 | step =    50 | loss_pnn = 1.695 | loss_cn = 0.00000000 | acc_sim = 0.968 | acc_phy = 0.844 
| epoch = 49 | step =    60 | loss_pnn = 1.696 | loss_cn = 0.00000000 | acc_sim = 0.968 | acc_phy = 0.843 
| epoch = 49 | step =    70 | loss_pnn = 1.696 | loss_cn = 0.00000000 | acc_sim = 0.968 | acc_phy = 0.844 
| epoch = 49 | step =    80 | loss_pnn = 1.697 | loss_cn = 0.00000000 | acc_sim = 0.969 | acc_phy = 0.843 
| epoch = 49 | step =    90 | loss_pnn = 1.697 | loss_cn = 0.00000000 | acc_sim = 0.969 | acc_phy = 0.843 
| epoch = 49 | step =   100 | loss_pnn = 1.697 | loss_cn = 0.00000000 | acc_sim = 0.969 | acc_phy = 0.843 
| epoch = 49 | step =   110 | loss_pnn = 1.697 | loss_cn = 0.00000000 | acc_sim = 0.969 | acc_phy = 0.843 
| epoch = 49 | step =   120 | loss_pnn = 1.698 | loss_cn = 0.00000000 | acc_sim = 0.969 | acc_phy = 0.843 
Phy accuracy of the network on 10000 test images: 0.841


Current training epoch: 50, learning rate for pnn: 6.25e-05, 
| epoch = 50 | step =    10 | loss_pnn = 1.696 | loss_cn = 0.00000000 | acc_sim = 0.971 | acc_phy = 0.847 
| epoch = 50 | step =    20 | loss_pnn = 1.694 | loss_cn = 0.00000000 | acc_sim = 0.968 | acc_phy = 0.847 
| epoch = 50 | step =    30 | loss_pnn = 1.697 | loss_cn = 0.00000000 | acc_sim = 0.969 | acc_phy = 0.843 
| epoch = 50 | step =    40 | loss_pnn = 1.696 | loss_cn = 0.00000000 | acc_sim = 0.970 | acc_phy = 0.844 
| epoch = 50 | step =    50 | loss_pnn = 1.697 | loss_cn = 0.00000000 | acc_sim = 0.970 | acc_phy = 0.844 
| epoch = 50 | step =    60 | loss_pnn = 1.698 | loss_cn = 0.00000000 | acc_sim = 0.970 | acc_phy = 0.843 
| epoch = 50 | step =    70 | loss_pnn = 1.697 | loss_cn = 0.00000000 | acc_sim = 0.970 | acc_phy = 0.844 
| epoch = 50 | step =    80 | loss_pnn = 1.697 | loss_cn = 0.00000000 | acc_sim = 0.970 | acc_phy = 0.844 
| epoch = 50 | step =    90 | loss_pnn = 1.698 | loss_cn = 0.00000000 | acc_sim = 0.970 | acc_phy = 0.842 
| epoch = 50 | step =   100 | loss_pnn = 1.699 | loss_cn = 0.00000000 | acc_sim = 0.970 | acc_phy = 0.841 
| epoch = 50 | step =   110 | loss_pnn = 1.699 | loss_cn = 0.00000000 | acc_sim = 0.970 | acc_phy = 0.841 
| epoch = 50 | step =   120 | loss_pnn = 1.699 | loss_cn = 0.00000000 | acc_sim = 0.969 | acc_phy = 0.841 
Phy accuracy of the network on 10000 test images: 0.843

Finished training. Elapsed time of training = 1:10:13.652486
