Training new model from scratch......
--------------------------
Training with SEPN
--------------------------

Current training epoch: 1, learning rate for pnn: 0.001, learning rate for SEPN: 0.001
| epoch = 1 | step =    10 | loss_pnn = 2.275 | loss_cn = 0.01951903 | acc_sim = 0.225 | acc_phy = 0.199 
| epoch = 1 | step =    20 | loss_pnn = 2.259 | loss_cn = 0.02020882 | acc_sim = 0.320 | acc_phy = 0.237 
| epoch = 1 | step =    30 | loss_pnn = 2.242 | loss_cn = 0.02117906 | acc_sim = 0.392 | acc_phy = 0.263 
| epoch = 1 | step =    40 | loss_pnn = 2.226 | loss_cn = 0.02205119 | acc_sim = 0.453 | acc_phy = 0.291 
| epoch = 1 | step =    50 | loss_pnn = 2.210 | loss_cn = 0.02241425 | acc_sim = 0.497 | acc_phy = 0.315 
| epoch = 1 | step =    60 | loss_pnn = 2.196 | loss_cn = 0.02217507 | acc_sim = 0.536 | acc_phy = 0.334 
| epoch = 1 | step =    70 | loss_pnn = 2.182 | loss_cn = 0.02168800 | acc_sim = 0.568 | acc_phy = 0.352 
| epoch = 1 | step =    80 | loss_pnn = 2.171 | loss_cn = 0.02119793 | acc_sim = 0.595 | acc_phy = 0.365 
| epoch = 1 | step =    90 | loss_pnn = 2.161 | loss_cn = 0.02069651 | acc_sim = 0.618 | acc_phy = 0.377 
| epoch = 1 | step =   100 | loss_pnn = 2.152 | loss_cn = 0.02021433 | acc_sim = 0.636 | acc_phy = 0.388 
| epoch = 1 | step =   110 | loss_pnn = 2.144 | loss_cn = 0.01974339 | acc_sim = 0.654 | acc_phy = 0.398 
| epoch = 1 | step =   120 | loss_pnn = 2.137 | loss_cn = 0.01929769 | acc_sim = 0.668 | acc_phy = 0.407 
Phy accuracy of the network on 10000 test images: 0.522


Current training epoch: 2, learning rate for pnn: 0.001, learning rate for SEPN: 0.001
| epoch = 2 | step =    10 | loss_pnn = 2.043 | loss_cn = 0.01395112 | acc_sim = 0.841 | acc_phy = 0.526 
| epoch = 2 | step =    20 | loss_pnn = 2.038 | loss_cn = 0.01373126 | acc_sim = 0.845 | acc_phy = 0.540 
| epoch = 2 | step =    30 | loss_pnn = 2.037 | loss_cn = 0.01351956 | acc_sim = 0.848 | acc_phy = 0.540 
| epoch = 2 | step =    40 | loss_pnn = 2.034 | loss_cn = 0.01329326 | acc_sim = 0.850 | acc_phy = 0.546 
| epoch = 2 | step =    50 | loss_pnn = 2.031 | loss_cn = 0.01309293 | acc_sim = 0.853 | acc_phy = 0.552 
| epoch = 2 | step =    60 | loss_pnn = 2.027 | loss_cn = 0.01295626 | acc_sim = 0.856 | acc_phy = 0.558 
| epoch = 2 | step =    70 | loss_pnn = 2.023 | loss_cn = 0.01280444 | acc_sim = 0.858 | acc_phy = 0.565 
| epoch = 2 | step =    80 | loss_pnn = 2.020 | loss_cn = 0.01266209 | acc_sim = 0.858 | acc_phy = 0.571 
| epoch = 2 | step =    90 | loss_pnn = 2.016 | loss_cn = 0.01255822 | acc_sim = 0.861 | acc_phy = 0.576 
| epoch = 2 | step =   100 | loss_pnn = 2.013 | loss_cn = 0.01243750 | acc_sim = 0.863 | acc_phy = 0.579 
| epoch = 2 | step =   110 | loss_pnn = 2.011 | loss_cn = 0.01233690 | acc_sim = 0.864 | acc_phy = 0.583 
| epoch = 2 | step =   120 | loss_pnn = 2.008 | loss_cn = 0.01224748 | acc_sim = 0.866 | acc_phy = 0.586 
Phy accuracy of the network on 10000 test images: 0.644


Current training epoch: 3, learning rate for pnn: 0.001, learning rate for SEPN: 0.001
| epoch = 3 | step =    10 | loss_pnn = 1.981 | loss_cn = 0.01104352 | acc_sim = 0.878 | acc_phy = 0.624 
| epoch = 3 | step =    20 | loss_pnn = 1.979 | loss_cn = 0.01102120 | acc_sim = 0.882 | acc_phy = 0.627 
| epoch = 3 | step =    30 | loss_pnn = 1.978 | loss_cn = 0.01098624 | acc_sim = 0.883 | acc_phy = 0.632 
| epoch = 3 | step =    40 | loss_pnn = 1.975 | loss_cn = 0.01088803 | acc_sim = 0.885 | acc_phy = 0.637 
| epoch = 3 | step =    50 | loss_pnn = 1.973 | loss_cn = 0.01081799 | acc_sim = 0.888 | acc_phy = 0.639 
| epoch = 3 | step =    60 | loss_pnn = 1.970 | loss_cn = 0.01075838 | acc_sim = 0.889 | acc_phy = 0.642 
| epoch = 3 | step =    70 | loss_pnn = 1.971 | loss_cn = 0.01071892 | acc_sim = 0.889 | acc_phy = 0.642 
| epoch = 3 | step =    80 | loss_pnn = 1.970 | loss_cn = 0.01065400 | acc_sim = 0.888 | acc_phy = 0.643 
| epoch = 3 | step =    90 | loss_pnn = 1.968 | loss_cn = 0.01060949 | acc_sim = 0.888 | acc_phy = 0.644 
| epoch = 3 | step =   100 | loss_pnn = 1.967 | loss_cn = 0.01056060 | acc_sim = 0.889 | acc_phy = 0.646 
| epoch = 3 | step =   110 | loss_pnn = 1.966 | loss_cn = 0.01050575 | acc_sim = 0.890 | acc_phy = 0.647 
| epoch = 3 | step =   120 | loss_pnn = 1.964 | loss_cn = 0.01045732 | acc_sim = 0.891 | acc_phy = 0.649 
Phy accuracy of the network on 10000 test images: 0.676


Current training epoch: 4, learning rate for pnn: 0.001, learning rate for SEPN: 0.001
| epoch = 4 | step =    10 | loss_pnn = 1.954 | loss_cn = 0.00969316 | acc_sim = 0.906 | acc_phy = 0.647 
| epoch = 4 | step =    20 | loss_pnn = 1.951 | loss_cn = 0.00966525 | acc_sim = 0.901 | acc_phy = 0.655 
| epoch = 4 | step =    30 | loss_pnn = 1.950 | loss_cn = 0.00960889 | acc_sim = 0.901 | acc_phy = 0.654 
| epoch = 4 | step =    40 | loss_pnn = 1.948 | loss_cn = 0.00956265 | acc_sim = 0.899 | acc_phy = 0.659 
| epoch = 4 | step =    50 | loss_pnn = 1.947 | loss_cn = 0.00950165 | acc_sim = 0.900 | acc_phy = 0.659 
| epoch = 4 | step =    60 | loss_pnn = 1.946 | loss_cn = 0.00951051 | acc_sim = 0.899 | acc_phy = 0.661 
| epoch = 4 | step =    70 | loss_pnn = 1.945 | loss_cn = 0.00947308 | acc_sim = 0.900 | acc_phy = 0.663 
| epoch = 4 | step =    80 | loss_pnn = 1.945 | loss_cn = 0.00944562 | acc_sim = 0.899 | acc_phy = 0.662 
| epoch = 4 | step =    90 | loss_pnn = 1.945 | loss_cn = 0.00940151 | acc_sim = 0.900 | acc_phy = 0.663 
| epoch = 4 | step =   100 | loss_pnn = 1.943 | loss_cn = 0.00935818 | acc_sim = 0.901 | acc_phy = 0.664 
| epoch = 4 | step =   110 | loss_pnn = 1.942 | loss_cn = 0.00932183 | acc_sim = 0.901 | acc_phy = 0.666 
| epoch = 4 | step =   120 | loss_pnn = 1.942 | loss_cn = 0.00928148 | acc_sim = 0.902 | acc_phy = 0.667 
Phy accuracy of the network on 10000 test images: 0.696


Current training epoch: 5, learning rate for pnn: 0.001, learning rate for SEPN: 0.001
| epoch = 5 | step =    10 | loss_pnn = 1.932 | loss_cn = 0.00881497 | acc_sim = 0.910 | acc_phy = 0.676 
| epoch = 5 | step =    20 | loss_pnn = 1.931 | loss_cn = 0.00887907 | acc_sim = 0.907 | acc_phy = 0.675 
| epoch = 5 | step =    30 | loss_pnn = 1.928 | loss_cn = 0.00884371 | acc_sim = 0.908 | acc_phy = 0.679 
| epoch = 5 | step =    40 | loss_pnn = 1.929 | loss_cn = 0.00879497 | acc_sim = 0.907 | acc_phy = 0.679 
| epoch = 5 | step =    50 | loss_pnn = 1.929 | loss_cn = 0.00877730 | acc_sim = 0.908 | acc_phy = 0.678 
| epoch = 5 | step =    60 | loss_pnn = 1.928 | loss_cn = 0.00873733 | acc_sim = 0.908 | acc_phy = 0.679 
| epoch = 5 | step =    70 | loss_pnn = 1.927 | loss_cn = 0.00871493 | acc_sim = 0.908 | acc_phy = 0.680 
| epoch = 5 | step =    80 | loss_pnn = 1.926 | loss_cn = 0.00867195 | acc_sim = 0.909 | acc_phy = 0.680 
| epoch = 5 | step =    90 | loss_pnn = 1.925 | loss_cn = 0.00864942 | acc_sim = 0.909 | acc_phy = 0.681 
| epoch = 5 | step =   100 | loss_pnn = 1.925 | loss_cn = 0.00862351 | acc_sim = 0.909 | acc_phy = 0.680 
| epoch = 5 | step =   110 | loss_pnn = 1.925 | loss_cn = 0.00860055 | acc_sim = 0.909 | acc_phy = 0.682 
| epoch = 5 | step =   120 | loss_pnn = 1.924 | loss_cn = 0.00855788 | acc_sim = 0.909 | acc_phy = 0.682 
Phy accuracy of the network on 10000 test images: 0.693


Current training epoch: 6, learning rate for pnn: 0.001, learning rate for SEPN: 0.001
| epoch = 6 | step =    10 | loss_pnn = 1.919 | loss_cn = 0.00832742 | acc_sim = 0.909 | acc_phy = 0.691 
| epoch = 6 | step =    20 | loss_pnn = 1.918 | loss_cn = 0.00830024 | acc_sim = 0.909 | acc_phy = 0.695 
| epoch = 6 | step =    30 | loss_pnn = 1.918 | loss_cn = 0.00822109 | acc_sim = 0.911 | acc_phy = 0.694 
| epoch = 6 | step =    40 | loss_pnn = 1.920 | loss_cn = 0.00818754 | acc_sim = 0.912 | acc_phy = 0.688 
| epoch = 6 | step =    50 | loss_pnn = 1.918 | loss_cn = 0.00815864 | acc_sim = 0.913 | acc_phy = 0.689 
| epoch = 6 | step =    60 | loss_pnn = 1.918 | loss_cn = 0.00812680 | acc_sim = 0.914 | acc_phy = 0.686 
| epoch = 6 | step =    70 | loss_pnn = 1.916 | loss_cn = 0.00809536 | acc_sim = 0.914 | acc_phy = 0.687 
| epoch = 6 | step =    80 | loss_pnn = 1.915 | loss_cn = 0.00811242 | acc_sim = 0.914 | acc_phy = 0.687 
| epoch = 6 | step =    90 | loss_pnn = 1.915 | loss_cn = 0.00811476 | acc_sim = 0.915 | acc_phy = 0.686 
| epoch = 6 | step =   100 | loss_pnn = 1.915 | loss_cn = 0.00809224 | acc_sim = 0.914 | acc_phy = 0.687 
| epoch = 6 | step =   110 | loss_pnn = 1.915 | loss_cn = 0.00807414 | acc_sim = 0.914 | acc_phy = 0.686 
| epoch = 6 | step =   120 | loss_pnn = 1.915 | loss_cn = 0.00805107 | acc_sim = 0.914 | acc_phy = 0.685 
Phy accuracy of the network on 10000 test images: 0.701


Current training epoch: 7, learning rate for pnn: 0.001, learning rate for SEPN: 0.001
| epoch = 7 | step =    10 | loss_pnn = 1.908 | loss_cn = 0.00764443 | acc_sim = 0.911 | acc_phy = 0.684 
| epoch = 7 | step =    20 | loss_pnn = 1.911 | loss_cn = 0.00764734 | acc_sim = 0.915 | acc_phy = 0.683 
| epoch = 7 | step =    30 | loss_pnn = 1.913 | loss_cn = 0.00762007 | acc_sim = 0.916 | acc_phy = 0.684 
| epoch = 7 | step =    40 | loss_pnn = 1.914 | loss_cn = 0.00766171 | acc_sim = 0.916 | acc_phy = 0.681 
| epoch = 7 | step =    50 | loss_pnn = 1.911 | loss_cn = 0.00768035 | acc_sim = 0.917 | acc_phy = 0.683 
| epoch = 7 | step =    60 | loss_pnn = 1.910 | loss_cn = 0.00767390 | acc_sim = 0.918 | acc_phy = 0.685 
| epoch = 7 | step =    70 | loss_pnn = 1.909 | loss_cn = 0.00769168 | acc_sim = 0.919 | acc_phy = 0.687 
| epoch = 7 | step =    80 | loss_pnn = 1.909 | loss_cn = 0.00771831 | acc_sim = 0.919 | acc_phy = 0.688 
| epoch = 7 | step =    90 | loss_pnn = 1.908 | loss_cn = 0.00771457 | acc_sim = 0.918 | acc_phy = 0.689 
| epoch = 7 | step =   100 | loss_pnn = 1.908 | loss_cn = 0.00772247 | acc_sim = 0.918 | acc_phy = 0.689 
| epoch = 7 | step =   110 | loss_pnn = 1.907 | loss_cn = 0.00772343 | acc_sim = 0.918 | acc_phy = 0.690 
| epoch = 7 | step =   120 | loss_pnn = 1.907 | loss_cn = 0.00771526 | acc_sim = 0.918 | acc_phy = 0.691 
Phy accuracy of the network on 10000 test images: 0.715


Current training epoch: 8, learning rate for pnn: 0.001, learning rate for SEPN: 0.001
| epoch = 8 | step =    10 | loss_pnn = 1.891 | loss_cn = 0.00737235 | acc_sim = 0.916 | acc_phy = 0.703 
| epoch = 8 | step =    20 | loss_pnn = 1.898 | loss_cn = 0.00752796 | acc_sim = 0.919 | acc_phy = 0.696 
| epoch = 8 | step =    30 | loss_pnn = 1.896 | loss_cn = 0.00750777 | acc_sim = 0.921 | acc_phy = 0.699 
| epoch = 8 | step =    40 | loss_pnn = 1.895 | loss_cn = 0.00746634 | acc_sim = 0.921 | acc_phy = 0.702 
| epoch = 8 | step =    50 | loss_pnn = 1.896 | loss_cn = 0.00746748 | acc_sim = 0.921 | acc_phy = 0.701 
| epoch = 8 | step =    60 | loss_pnn = 1.899 | loss_cn = 0.00747440 | acc_sim = 0.920 | acc_phy = 0.697 
| epoch = 8 | step =    70 | loss_pnn = 1.899 | loss_cn = 0.00747573 | acc_sim = 0.921 | acc_phy = 0.698 
| epoch = 8 | step =    80 | loss_pnn = 1.900 | loss_cn = 0.00745740 | acc_sim = 0.921 | acc_phy = 0.699 
| epoch = 8 | step =    90 | loss_pnn = 1.901 | loss_cn = 0.00743495 | acc_sim = 0.921 | acc_phy = 0.698 
| epoch = 8 | step =   100 | loss_pnn = 1.901 | loss_cn = 0.00743631 | acc_sim = 0.922 | acc_phy = 0.697 
| epoch = 8 | step =   110 | loss_pnn = 1.901 | loss_cn = 0.00743516 | acc_sim = 0.922 | acc_phy = 0.696 
| epoch = 8 | step =   120 | loss_pnn = 1.900 | loss_cn = 0.00742597 | acc_sim = 0.922 | acc_phy = 0.697 
Phy accuracy of the network on 10000 test images: 0.695


Current training epoch: 9, learning rate for pnn: 0.001, learning rate for SEPN: 0.001
| epoch = 9 | step =    10 | loss_pnn = 1.907 | loss_cn = 0.00739039 | acc_sim = 0.920 | acc_phy = 0.678 
| epoch = 9 | step =    20 | loss_pnn = 1.900 | loss_cn = 0.00734438 | acc_sim = 0.922 | acc_phy = 0.684 
| epoch = 9 | step =    30 | loss_pnn = 1.897 | loss_cn = 0.00729321 | acc_sim = 0.924 | acc_phy = 0.695 
| epoch = 9 | step =    40 | loss_pnn = 1.897 | loss_cn = 0.00730973 | acc_sim = 0.924 | acc_phy = 0.696 
| epoch = 9 | step =    50 | loss_pnn = 1.896 | loss_cn = 0.00731677 | acc_sim = 0.925 | acc_phy = 0.696 
| epoch = 9 | step =    60 | loss_pnn = 1.895 | loss_cn = 0.00730676 | acc_sim = 0.926 | acc_phy = 0.697 
| epoch = 9 | step =    70 | loss_pnn = 1.893 | loss_cn = 0.00727373 | acc_sim = 0.926 | acc_phy = 0.701 
| epoch = 9 | step =    80 | loss_pnn = 1.893 | loss_cn = 0.00726347 | acc_sim = 0.925 | acc_phy = 0.700 
| epoch = 9 | step =    90 | loss_pnn = 1.892 | loss_cn = 0.00723273 | acc_sim = 0.925 | acc_phy = 0.701 
| epoch = 9 | step =   100 | loss_pnn = 1.891 | loss_cn = 0.00720814 | acc_sim = 0.926 | acc_phy = 0.703 
| epoch = 9 | step =   110 | loss_pnn = 1.891 | loss_cn = 0.00719710 | acc_sim = 0.925 | acc_phy = 0.702 
| epoch = 9 | step =   120 | loss_pnn = 1.891 | loss_cn = 0.00721681 | acc_sim = 0.925 | acc_phy = 0.702 
Phy accuracy of the network on 10000 test images: 0.710


Current training epoch: 10, learning rate for pnn: 0.001, learning rate for SEPN: 0.001
| epoch = 10 | step =    10 | loss_pnn = 1.887 | loss_cn = 0.00731423 | acc_sim = 0.926 | acc_phy = 0.711 
| epoch = 10 | step =    20 | loss_pnn = 1.885 | loss_cn = 0.00732557 | acc_sim = 0.926 | acc_phy = 0.708 
| epoch = 10 | step =    30 | loss_pnn = 1.887 | loss_cn = 0.00723025 | acc_sim = 0.925 | acc_phy = 0.703 
| epoch = 10 | step =    40 | loss_pnn = 1.888 | loss_cn = 0.00717128 | acc_sim = 0.927 | acc_phy = 0.704 
| epoch = 10 | step =    50 | loss_pnn = 1.888 | loss_cn = 0.00714580 | acc_sim = 0.927 | acc_phy = 0.704 
| epoch = 10 | step =    60 | loss_pnn = 1.889 | loss_cn = 0.00708866 | acc_sim = 0.928 | acc_phy = 0.701 
| epoch = 10 | step =    70 | loss_pnn = 1.889 | loss_cn = 0.00705787 | acc_sim = 0.928 | acc_phy = 0.700 
| epoch = 10 | step =    80 | loss_pnn = 1.890 | loss_cn = 0.00705638 | acc_sim = 0.928 | acc_phy = 0.700 
| epoch = 10 | step =    90 | loss_pnn = 1.890 | loss_cn = 0.00706120 | acc_sim = 0.927 | acc_phy = 0.699 
| epoch = 10 | step =   100 | loss_pnn = 1.889 | loss_cn = 0.00704940 | acc_sim = 0.927 | acc_phy = 0.701 
| epoch = 10 | step =   110 | loss_pnn = 1.890 | loss_cn = 0.00704238 | acc_sim = 0.927 | acc_phy = 0.701 
| epoch = 10 | step =   120 | loss_pnn = 1.889 | loss_cn = 0.00702112 | acc_sim = 0.928 | acc_phy = 0.702 
Phy accuracy of the network on 10000 test images: 0.723


Current training epoch: 11, learning rate for pnn: 0.0005, learning rate for SEPN: 0.001
| epoch = 11 | step =    10 | loss_pnn = 1.872 | loss_cn = 0.00680408 | acc_sim = 0.932 | acc_phy = 0.724 
| epoch = 11 | step =    20 | loss_pnn = 1.875 | loss_cn = 0.00676659 | acc_sim = 0.932 | acc_phy = 0.720 
| epoch = 11 | step =    30 | loss_pnn = 1.875 | loss_cn = 0.00678657 | acc_sim = 0.931 | acc_phy = 0.716 
| epoch = 11 | step =    40 | loss_pnn = 1.877 | loss_cn = 0.00679610 | acc_sim = 0.929 | acc_phy = 0.714 
| epoch = 11 | step =    50 | loss_pnn = 1.876 | loss_cn = 0.00677820 | acc_sim = 0.930 | acc_phy = 0.714 
| epoch = 11 | step =    60 | loss_pnn = 1.877 | loss_cn = 0.00677807 | acc_sim = 0.930 | acc_phy = 0.713 
| epoch = 11 | step =    70 | loss_pnn = 1.877 | loss_cn = 0.00677066 | acc_sim = 0.930 | acc_phy = 0.711 
| epoch = 11 | step =    80 | loss_pnn = 1.877 | loss_cn = 0.00678091 | acc_sim = 0.930 | acc_phy = 0.711 
| epoch = 11 | step =    90 | loss_pnn = 1.877 | loss_cn = 0.00677626 | acc_sim = 0.931 | acc_phy = 0.711 
| epoch = 11 | step =   100 | loss_pnn = 1.877 | loss_cn = 0.00674784 | acc_sim = 0.931 | acc_phy = 0.711 
| epoch = 11 | step =   110 | loss_pnn = 1.877 | loss_cn = 0.00673010 | acc_sim = 0.932 | acc_phy = 0.711 
| epoch = 11 | step =   120 | loss_pnn = 1.877 | loss_cn = 0.00671819 | acc_sim = 0.932 | acc_phy = 0.710 
Phy accuracy of the network on 10000 test images: 0.716


Current training epoch: 12, learning rate for pnn: 0.0005, learning rate for SEPN: 0.001
| epoch = 12 | step =    10 | loss_pnn = 1.880 | loss_cn = 0.00654996 | acc_sim = 0.928 | acc_phy = 0.707 
| epoch = 12 | step =    20 | loss_pnn = 1.880 | loss_cn = 0.00652235 | acc_sim = 0.927 | acc_phy = 0.708 
| epoch = 12 | step =    30 | loss_pnn = 1.878 | loss_cn = 0.00648962 | acc_sim = 0.930 | acc_phy = 0.712 
| epoch = 12 | step =    40 | loss_pnn = 1.879 | loss_cn = 0.00649853 | acc_sim = 0.932 | acc_phy = 0.710 
| epoch = 12 | step =    50 | loss_pnn = 1.877 | loss_cn = 0.00647628 | acc_sim = 0.931 | acc_phy = 0.711 
| epoch = 12 | step =    60 | loss_pnn = 1.876 | loss_cn = 0.00647114 | acc_sim = 0.931 | acc_phy = 0.712 
| epoch = 12 | step =    70 | loss_pnn = 1.878 | loss_cn = 0.00648985 | acc_sim = 0.930 | acc_phy = 0.709 
| epoch = 12 | step =    80 | loss_pnn = 1.877 | loss_cn = 0.00649233 | acc_sim = 0.931 | acc_phy = 0.710 
| epoch = 12 | step =    90 | loss_pnn = 1.877 | loss_cn = 0.00649186 | acc_sim = 0.931 | acc_phy = 0.709 
| epoch = 12 | step =   100 | loss_pnn = 1.878 | loss_cn = 0.00649291 | acc_sim = 0.931 | acc_phy = 0.709 
| epoch = 12 | step =   110 | loss_pnn = 1.878 | loss_cn = 0.00649842 | acc_sim = 0.931 | acc_phy = 0.709 
| epoch = 12 | step =   120 | loss_pnn = 1.878 | loss_cn = 0.00649382 | acc_sim = 0.931 | acc_phy = 0.709 
Phy accuracy of the network on 10000 test images: 0.711


Current training epoch: 13, learning rate for pnn: 0.0005, learning rate for SEPN: 0.001
| epoch = 13 | step =    10 | loss_pnn = 1.887 | loss_cn = 0.00640533 | acc_sim = 0.938 | acc_phy = 0.698 
| epoch = 13 | step =    20 | loss_pnn = 1.876 | loss_cn = 0.00635014 | acc_sim = 0.933 | acc_phy = 0.715 
| epoch = 13 | step =    30 | loss_pnn = 1.879 | loss_cn = 0.00633347 | acc_sim = 0.935 | acc_phy = 0.712 
| epoch = 13 | step =    40 | loss_pnn = 1.879 | loss_cn = 0.00639773 | acc_sim = 0.935 | acc_phy = 0.711 
| epoch = 13 | step =    50 | loss_pnn = 1.877 | loss_cn = 0.00638763 | acc_sim = 0.935 | acc_phy = 0.711 
| epoch = 13 | step =    60 | loss_pnn = 1.876 | loss_cn = 0.00634752 | acc_sim = 0.933 | acc_phy = 0.713 
| epoch = 13 | step =    70 | loss_pnn = 1.876 | loss_cn = 0.00631999 | acc_sim = 0.934 | acc_phy = 0.713 
| epoch = 13 | step =    80 | loss_pnn = 1.875 | loss_cn = 0.00629564 | acc_sim = 0.933 | acc_phy = 0.713 
| epoch = 13 | step =    90 | loss_pnn = 1.875 | loss_cn = 0.00629183 | acc_sim = 0.934 | acc_phy = 0.713 
| epoch = 13 | step =   100 | loss_pnn = 1.876 | loss_cn = 0.00629233 | acc_sim = 0.933 | acc_phy = 0.712 
| epoch = 13 | step =   110 | loss_pnn = 1.876 | loss_cn = 0.00629270 | acc_sim = 0.933 | acc_phy = 0.712 
| epoch = 13 | step =   120 | loss_pnn = 1.876 | loss_cn = 0.00628513 | acc_sim = 0.933 | acc_phy = 0.711 
Phy accuracy of the network on 10000 test images: 0.706


Current training epoch: 14, learning rate for pnn: 0.0005, learning rate for SEPN: 0.001
| epoch = 14 | step =    10 | loss_pnn = 1.880 | loss_cn = 0.00612275 | acc_sim = 0.923 | acc_phy = 0.699 
| epoch = 14 | step =    20 | loss_pnn = 1.876 | loss_cn = 0.00608876 | acc_sim = 0.928 | acc_phy = 0.707 
| epoch = 14 | step =    30 | loss_pnn = 1.878 | loss_cn = 0.00611171 | acc_sim = 0.928 | acc_phy = 0.706 
| epoch = 14 | step =    40 | loss_pnn = 1.879 | loss_cn = 0.00611552 | acc_sim = 0.929 | acc_phy = 0.706 
| epoch = 14 | step =    50 | loss_pnn = 1.879 | loss_cn = 0.00612148 | acc_sim = 0.931 | acc_phy = 0.705 
| epoch = 14 | step =    60 | loss_pnn = 1.879 | loss_cn = 0.00613394 | acc_sim = 0.932 | acc_phy = 0.705 
| epoch = 14 | step =    70 | loss_pnn = 1.878 | loss_cn = 0.00613217 | acc_sim = 0.933 | acc_phy = 0.706 
| epoch = 14 | step =    80 | loss_pnn = 1.876 | loss_cn = 0.00612009 | acc_sim = 0.934 | acc_phy = 0.708 
| epoch = 14 | step =    90 | loss_pnn = 1.876 | loss_cn = 0.00611372 | acc_sim = 0.934 | acc_phy = 0.708 
| epoch = 14 | step =   100 | loss_pnn = 1.875 | loss_cn = 0.00610452 | acc_sim = 0.934 | acc_phy = 0.710 
| epoch = 14 | step =   110 | loss_pnn = 1.875 | loss_cn = 0.00609137 | acc_sim = 0.934 | acc_phy = 0.710 
| epoch = 14 | step =   120 | loss_pnn = 1.875 | loss_cn = 0.00608529 | acc_sim = 0.934 | acc_phy = 0.709 
Phy accuracy of the network on 10000 test images: 0.712


Current training epoch: 15, learning rate for pnn: 0.0005, learning rate for SEPN: 0.001
| epoch = 15 | step =    10 | loss_pnn = 1.869 | loss_cn = 0.00592631 | acc_sim = 0.933 | acc_phy = 0.714 
| epoch = 15 | step =    20 | loss_pnn = 1.870 | loss_cn = 0.00594527 | acc_sim = 0.933 | acc_phy = 0.711 
| epoch = 15 | step =    30 | loss_pnn = 1.868 | loss_cn = 0.00593707 | acc_sim = 0.933 | acc_phy = 0.712 
| epoch = 15 | step =    40 | loss_pnn = 1.869 | loss_cn = 0.00598006 | acc_sim = 0.934 | acc_phy = 0.711 
| epoch = 15 | step =    50 | loss_pnn = 1.869 | loss_cn = 0.00598838 | acc_sim = 0.934 | acc_phy = 0.711 
| epoch = 15 | step =    60 | loss_pnn = 1.870 | loss_cn = 0.00598643 | acc_sim = 0.934 | acc_phy = 0.710 
| epoch = 15 | step =    70 | loss_pnn = 1.870 | loss_cn = 0.00598989 | acc_sim = 0.935 | acc_phy = 0.711 
| epoch = 15 | step =    80 | loss_pnn = 1.870 | loss_cn = 0.00601290 | acc_sim = 0.934 | acc_phy = 0.711 
| epoch = 15 | step =    90 | loss_pnn = 1.870 | loss_cn = 0.00601450 | acc_sim = 0.935 | acc_phy = 0.712 
| epoch = 15 | step =   100 | loss_pnn = 1.870 | loss_cn = 0.00600476 | acc_sim = 0.934 | acc_phy = 0.712 
| epoch = 15 | step =   110 | loss_pnn = 1.870 | loss_cn = 0.00599633 | acc_sim = 0.935 | acc_phy = 0.712 
| epoch = 15 | step =   120 | loss_pnn = 1.871 | loss_cn = 0.00599824 | acc_sim = 0.935 | acc_phy = 0.711 
Phy accuracy of the network on 10000 test images: 0.715


Current training epoch: 16, learning rate for pnn: 0.0005, learning rate for SEPN: 0.001
| epoch = 16 | step =    10 | loss_pnn = 1.866 | loss_cn = 0.00579365 | acc_sim = 0.940 | acc_phy = 0.719 
| epoch = 16 | step =    20 | loss_pnn = 1.869 | loss_cn = 0.00575841 | acc_sim = 0.936 | acc_phy = 0.711 
| epoch = 16 | step =    30 | loss_pnn = 1.868 | loss_cn = 0.00582391 | acc_sim = 0.936 | acc_phy = 0.715 
| epoch = 16 | step =    40 | loss_pnn = 1.867 | loss_cn = 0.00585043 | acc_sim = 0.936 | acc_phy = 0.717 
| epoch = 16 | step =    50 | loss_pnn = 1.869 | loss_cn = 0.00587235 | acc_sim = 0.936 | acc_phy = 0.713 
| epoch = 16 | step =    60 | loss_pnn = 1.870 | loss_cn = 0.00588924 | acc_sim = 0.936 | acc_phy = 0.713 
| epoch = 16 | step =    70 | loss_pnn = 1.871 | loss_cn = 0.00590663 | acc_sim = 0.937 | acc_phy = 0.711 
| epoch = 16 | step =    80 | loss_pnn = 1.871 | loss_cn = 0.00589005 | acc_sim = 0.937 | acc_phy = 0.711 
| epoch = 16 | step =    90 | loss_pnn = 1.871 | loss_cn = 0.00588499 | acc_sim = 0.936 | acc_phy = 0.710 
| epoch = 16 | step =   100 | loss_pnn = 1.872 | loss_cn = 0.00587778 | acc_sim = 0.936 | acc_phy = 0.710 
| epoch = 16 | step =   110 | loss_pnn = 1.871 | loss_cn = 0.00585868 | acc_sim = 0.935 | acc_phy = 0.710 
| epoch = 16 | step =   120 | loss_pnn = 1.872 | loss_cn = 0.00586660 | acc_sim = 0.935 | acc_phy = 0.710 
Phy accuracy of the network on 10000 test images: 0.706


Current training epoch: 17, learning rate for pnn: 0.0005, learning rate for SEPN: 0.001
| epoch = 17 | step =    10 | loss_pnn = 1.863 | loss_cn = 0.00577553 | acc_sim = 0.938 | acc_phy = 0.720 
| epoch = 17 | step =    20 | loss_pnn = 1.865 | loss_cn = 0.00582695 | acc_sim = 0.934 | acc_phy = 0.716 
| epoch = 17 | step =    30 | loss_pnn = 1.867 | loss_cn = 0.00578994 | acc_sim = 0.934 | acc_phy = 0.714 
| epoch = 17 | step =    40 | loss_pnn = 1.868 | loss_cn = 0.00577244 | acc_sim = 0.933 | acc_phy = 0.713 
| epoch = 17 | step =    50 | loss_pnn = 1.868 | loss_cn = 0.00576144 | acc_sim = 0.934 | acc_phy = 0.713 
| epoch = 17 | step =    60 | loss_pnn = 1.869 | loss_cn = 0.00575434 | acc_sim = 0.935 | acc_phy = 0.711 
| epoch = 17 | step =    70 | loss_pnn = 1.868 | loss_cn = 0.00575597 | acc_sim = 0.934 | acc_phy = 0.713 
| epoch = 17 | step =    80 | loss_pnn = 1.867 | loss_cn = 0.00576004 | acc_sim = 0.934 | acc_phy = 0.715 
| epoch = 17 | step =    90 | loss_pnn = 1.868 | loss_cn = 0.00576950 | acc_sim = 0.935 | acc_phy = 0.713 
| epoch = 17 | step =   100 | loss_pnn = 1.867 | loss_cn = 0.00575581 | acc_sim = 0.935 | acc_phy = 0.714 
| epoch = 17 | step =   110 | loss_pnn = 1.868 | loss_cn = 0.00575157 | acc_sim = 0.935 | acc_phy = 0.712 
| epoch = 17 | step =   120 | loss_pnn = 1.868 | loss_cn = 0.00574387 | acc_sim = 0.935 | acc_phy = 0.712 
Phy accuracy of the network on 10000 test images: 0.710


Current training epoch: 18, learning rate for pnn: 0.0005, learning rate for SEPN: 0.001
| epoch = 18 | step =    10 | loss_pnn = 1.874 | loss_cn = 0.00561382 | acc_sim = 0.940 | acc_phy = 0.702 
| epoch = 18 | step =    20 | loss_pnn = 1.874 | loss_cn = 0.00558899 | acc_sim = 0.938 | acc_phy = 0.703 
| epoch = 18 | step =    30 | loss_pnn = 1.872 | loss_cn = 0.00566178 | acc_sim = 0.936 | acc_phy = 0.707 
| epoch = 18 | step =    40 | loss_pnn = 1.871 | loss_cn = 0.00570240 | acc_sim = 0.937 | acc_phy = 0.709 
| epoch = 18 | step =    50 | loss_pnn = 1.872 | loss_cn = 0.00571885 | acc_sim = 0.937 | acc_phy = 0.708 
| epoch = 18 | step =    60 | loss_pnn = 1.871 | loss_cn = 0.00571569 | acc_sim = 0.937 | acc_phy = 0.711 
| epoch = 18 | step =    70 | loss_pnn = 1.871 | loss_cn = 0.00569924 | acc_sim = 0.937 | acc_phy = 0.709 
| epoch = 18 | step =    80 | loss_pnn = 1.871 | loss_cn = 0.00571473 | acc_sim = 0.937 | acc_phy = 0.709 
| epoch = 18 | step =    90 | loss_pnn = 1.870 | loss_cn = 0.00571649 | acc_sim = 0.936 | acc_phy = 0.709 
| epoch = 18 | step =   100 | loss_pnn = 1.870 | loss_cn = 0.00571932 | acc_sim = 0.937 | acc_phy = 0.709 
| epoch = 18 | step =   110 | loss_pnn = 1.869 | loss_cn = 0.00571697 | acc_sim = 0.937 | acc_phy = 0.709 
| epoch = 18 | step =   120 | loss_pnn = 1.869 | loss_cn = 0.00569703 | acc_sim = 0.937 | acc_phy = 0.709 
Phy accuracy of the network on 10000 test images: 0.719


Current training epoch: 19, learning rate for pnn: 0.0005, learning rate for SEPN: 0.001
| epoch = 19 | step =    10 | loss_pnn = 1.854 | loss_cn = 0.00547294 | acc_sim = 0.943 | acc_phy = 0.724 
| epoch = 19 | step =    20 | loss_pnn = 1.860 | loss_cn = 0.00556716 | acc_sim = 0.939 | acc_phy = 0.717 
| epoch = 19 | step =    30 | loss_pnn = 1.860 | loss_cn = 0.00555666 | acc_sim = 0.938 | acc_phy = 0.717 
| epoch = 19 | step =    40 | loss_pnn = 1.862 | loss_cn = 0.00558163 | acc_sim = 0.937 | acc_phy = 0.716 
| epoch = 19 | step =    50 | loss_pnn = 1.863 | loss_cn = 0.00559993 | acc_sim = 0.937 | acc_phy = 0.713 
| epoch = 19 | step =    60 | loss_pnn = 1.864 | loss_cn = 0.00562611 | acc_sim = 0.938 | acc_phy = 0.712 
| epoch = 19 | step =    70 | loss_pnn = 1.864 | loss_cn = 0.00562426 | acc_sim = 0.937 | acc_phy = 0.712 
| epoch = 19 | step =    80 | loss_pnn = 1.864 | loss_cn = 0.00561378 | acc_sim = 0.937 | acc_phy = 0.711 
| epoch = 19 | step =    90 | loss_pnn = 1.864 | loss_cn = 0.00560319 | acc_sim = 0.937 | acc_phy = 0.712 
| epoch = 19 | step =   100 | loss_pnn = 1.864 | loss_cn = 0.00560609 | acc_sim = 0.937 | acc_phy = 0.712 
| epoch = 19 | step =   110 | loss_pnn = 1.864 | loss_cn = 0.00559354 | acc_sim = 0.937 | acc_phy = 0.713 
| epoch = 19 | step =   120 | loss_pnn = 1.864 | loss_cn = 0.00558605 | acc_sim = 0.937 | acc_phy = 0.712 
Phy accuracy of the network on 10000 test images: 0.707


Current training epoch: 20, learning rate for pnn: 0.0005, learning rate for SEPN: 0.001
| epoch = 20 | step =    10 | loss_pnn = 1.868 | loss_cn = 0.00538155 | acc_sim = 0.934 | acc_phy = 0.706 
| epoch = 20 | step =    20 | loss_pnn = 1.867 | loss_cn = 0.00539720 | acc_sim = 0.935 | acc_phy = 0.705 
| epoch = 20 | step =    30 | loss_pnn = 1.867 | loss_cn = 0.00545184 | acc_sim = 0.937 | acc_phy = 0.704 
| epoch = 20 | step =    40 | loss_pnn = 1.865 | loss_cn = 0.00545341 | acc_sim = 0.938 | acc_phy = 0.706 
| epoch = 20 | step =    50 | loss_pnn = 1.865 | loss_cn = 0.00549211 | acc_sim = 0.937 | acc_phy = 0.708 
| epoch = 20 | step =    60 | loss_pnn = 1.865 | loss_cn = 0.00550542 | acc_sim = 0.937 | acc_phy = 0.708 
| epoch = 20 | step =    70 | loss_pnn = 1.865 | loss_cn = 0.00549519 | acc_sim = 0.937 | acc_phy = 0.707 
| epoch = 20 | step =    80 | loss_pnn = 1.867 | loss_cn = 0.00551375 | acc_sim = 0.937 | acc_phy = 0.705 
| epoch = 20 | step =    90 | loss_pnn = 1.866 | loss_cn = 0.00550854 | acc_sim = 0.937 | acc_phy = 0.706 
| epoch = 20 | step =   100 | loss_pnn = 1.867 | loss_cn = 0.00552465 | acc_sim = 0.937 | acc_phy = 0.706 
| epoch = 20 | step =   110 | loss_pnn = 1.866 | loss_cn = 0.00552096 | acc_sim = 0.937 | acc_phy = 0.706 
| epoch = 20 | step =   120 | loss_pnn = 1.866 | loss_cn = 0.00551807 | acc_sim = 0.937 | acc_phy = 0.707 
Phy accuracy of the network on 10000 test images: 0.710


Current training epoch: 21, learning rate for pnn: 0.00025, learning rate for SEPN: 0.0005
| epoch = 21 | step =    10 | loss_pnn = 1.869 | loss_cn = 0.00544173 | acc_sim = 0.723 | acc_phy = 0.700 
| epoch = 21 | step =    20 | loss_pnn = 1.862 | loss_cn = 0.00539183 | acc_sim = 0.730 | acc_phy = 0.709 
| epoch = 21 | step =    30 | loss_pnn = 1.855 | loss_cn = 0.00538075 | acc_sim = 0.735 | acc_phy = 0.716 
| epoch = 21 | step =    40 | loss_pnn = 1.848 | loss_cn = 0.00538531 | acc_sim = 0.742 | acc_phy = 0.724 
| epoch = 21 | step =    50 | loss_pnn = 1.843 | loss_cn = 0.00542641 | acc_sim = 0.747 | acc_phy = 0.731 
| epoch = 21 | step =    60 | loss_pnn = 1.837 | loss_cn = 0.00543722 | acc_sim = 0.754 | acc_phy = 0.737 
| epoch = 21 | step =    70 | loss_pnn = 1.831 | loss_cn = 0.00545448 | acc_sim = 0.762 | acc_phy = 0.743 
| epoch = 21 | step =    80 | loss_pnn = 1.825 | loss_cn = 0.00546166 | acc_sim = 0.768 | acc_phy = 0.750 
| epoch = 21 | step =    90 | loss_pnn = 1.820 | loss_cn = 0.00547598 | acc_sim = 0.772 | acc_phy = 0.755 
| epoch = 21 | step =   100 | loss_pnn = 1.815 | loss_cn = 0.00548794 | acc_sim = 0.778 | acc_phy = 0.761 
| epoch = 21 | step =   110 | loss_pnn = 1.811 | loss_cn = 0.00550355 | acc_sim = 0.782 | acc_phy = 0.764 
| epoch = 21 | step =   120 | loss_pnn = 1.807 | loss_cn = 0.00551217 | acc_sim = 0.785 | acc_phy = 0.767 
Phy accuracy of the network on 10000 test images: 0.814


Current training epoch: 22, learning rate for pnn: 0.00025, learning rate for SEPN: 0.0005
| epoch = 22 | step =    10 | loss_pnn = 1.761 | loss_cn = 0.00582590 | acc_sim = 0.837 | acc_phy = 0.820 
| epoch = 22 | step =    20 | loss_pnn = 1.756 | loss_cn = 0.00573975 | acc_sim = 0.839 | acc_phy = 0.820 
| epoch = 22 | step =    30 | loss_pnn = 1.752 | loss_cn = 0.00566576 | acc_sim = 0.838 | acc_phy = 0.822 
| epoch = 22 | step =    40 | loss_pnn = 1.750 | loss_cn = 0.00564387 | acc_sim = 0.839 | acc_phy = 0.823 
| epoch = 22 | step =    50 | loss_pnn = 1.748 | loss_cn = 0.00563845 | acc_sim = 0.840 | acc_phy = 0.824 
| epoch = 22 | step =    60 | loss_pnn = 1.745 | loss_cn = 0.00563008 | acc_sim = 0.842 | acc_phy = 0.825 
| epoch = 22 | step =    70 | loss_pnn = 1.743 | loss_cn = 0.00562176 | acc_sim = 0.843 | acc_phy = 0.827 
| epoch = 22 | step =    80 | loss_pnn = 1.742 | loss_cn = 0.00562954 | acc_sim = 0.843 | acc_phy = 0.826 
| epoch = 22 | step =    90 | loss_pnn = 1.740 | loss_cn = 0.00562908 | acc_sim = 0.844 | acc_phy = 0.827 
| epoch = 22 | step =   100 | loss_pnn = 1.739 | loss_cn = 0.00562027 | acc_sim = 0.845 | acc_phy = 0.829 
| epoch = 22 | step =   110 | loss_pnn = 1.737 | loss_cn = 0.00560652 | acc_sim = 0.846 | acc_phy = 0.830 
| epoch = 22 | step =   120 | loss_pnn = 1.735 | loss_cn = 0.00560404 | acc_sim = 0.847 | acc_phy = 0.832 
Phy accuracy of the network on 10000 test images: 0.841


Current training epoch: 23, learning rate for pnn: 0.00025, learning rate for SEPN: 0.0005
| epoch = 23 | step =    10 | loss_pnn = 1.720 | loss_cn = 0.00558019 | acc_sim = 0.856 | acc_phy = 0.843 
| epoch = 23 | step =    20 | loss_pnn = 1.719 | loss_cn = 0.00552067 | acc_sim = 0.857 | acc_phy = 0.844 
| epoch = 23 | step =    30 | loss_pnn = 1.720 | loss_cn = 0.00554096 | acc_sim = 0.857 | acc_phy = 0.842 
| epoch = 23 | step =    40 | loss_pnn = 1.718 | loss_cn = 0.00552992 | acc_sim = 0.858 | acc_phy = 0.844 
| epoch = 23 | step =    50 | loss_pnn = 1.715 | loss_cn = 0.00551235 | acc_sim = 0.860 | acc_phy = 0.846 
| epoch = 23 | step =    60 | loss_pnn = 1.715 | loss_cn = 0.00553092 | acc_sim = 0.860 | acc_phy = 0.845 
| epoch = 23 | step =    70 | loss_pnn = 1.715 | loss_cn = 0.00555104 | acc_sim = 0.859 | acc_phy = 0.845 
| epoch = 23 | step =    80 | loss_pnn = 1.714 | loss_cn = 0.00554919 | acc_sim = 0.860 | acc_phy = 0.845 
| epoch = 23 | step =    90 | loss_pnn = 1.714 | loss_cn = 0.00554924 | acc_sim = 0.860 | acc_phy = 0.846 
| epoch = 23 | step =   100 | loss_pnn = 1.713 | loss_cn = 0.00555623 | acc_sim = 0.860 | acc_phy = 0.846 
| epoch = 23 | step =   110 | loss_pnn = 1.713 | loss_cn = 0.00553955 | acc_sim = 0.860 | acc_phy = 0.846 
| epoch = 23 | step =   120 | loss_pnn = 1.712 | loss_cn = 0.00553797 | acc_sim = 0.860 | acc_phy = 0.846 
Phy accuracy of the network on 10000 test images: 0.849


Current training epoch: 24, learning rate for pnn: 0.00025, learning rate for SEPN: 0.0005
| epoch = 24 | step =    10 | loss_pnn = 1.709 | loss_cn = 0.00556536 | acc_sim = 0.855 | acc_phy = 0.842 
| epoch = 24 | step =    20 | loss_pnn = 1.707 | loss_cn = 0.00553552 | acc_sim = 0.858 | acc_phy = 0.844 
| epoch = 24 | step =    30 | loss_pnn = 1.707 | loss_cn = 0.00554497 | acc_sim = 0.860 | acc_phy = 0.845 
| epoch = 24 | step =    40 | loss_pnn = 1.705 | loss_cn = 0.00553356 | acc_sim = 0.863 | acc_phy = 0.848 
| epoch = 24 | step =    50 | loss_pnn = 1.705 | loss_cn = 0.00552228 | acc_sim = 0.864 | acc_phy = 0.849 
| epoch = 24 | step =    60 | loss_pnn = 1.704 | loss_cn = 0.00549979 | acc_sim = 0.863 | acc_phy = 0.850 
| epoch = 24 | step =    70 | loss_pnn = 1.704 | loss_cn = 0.00549095 | acc_sim = 0.863 | acc_phy = 0.850 
| epoch = 24 | step =    80 | loss_pnn = 1.704 | loss_cn = 0.00548634 | acc_sim = 0.864 | acc_phy = 0.849 
| epoch = 24 | step =    90 | loss_pnn = 1.704 | loss_cn = 0.00549004 | acc_sim = 0.864 | acc_phy = 0.850 
| epoch = 24 | step =   100 | loss_pnn = 1.703 | loss_cn = 0.00548231 | acc_sim = 0.864 | acc_phy = 0.851 
| epoch = 24 | step =   110 | loss_pnn = 1.703 | loss_cn = 0.00548017 | acc_sim = 0.864 | acc_phy = 0.850 
| epoch = 24 | step =   120 | loss_pnn = 1.703 | loss_cn = 0.00547859 | acc_sim = 0.865 | acc_phy = 0.851 
Phy accuracy of the network on 10000 test images: 0.853


Current training epoch: 25, learning rate for pnn: 0.00025, learning rate for SEPN: 0.0005
| epoch = 25 | step =    10 | loss_pnn = 1.697 | loss_cn = 0.00530721 | acc_sim = 0.867 | acc_phy = 0.858 
| epoch = 25 | step =    20 | loss_pnn = 1.699 | loss_cn = 0.00533765 | acc_sim = 0.865 | acc_phy = 0.855 
| epoch = 25 | step =    30 | loss_pnn = 1.700 | loss_cn = 0.00538437 | acc_sim = 0.865 | acc_phy = 0.854 
| epoch = 25 | step =    40 | loss_pnn = 1.700 | loss_cn = 0.00540408 | acc_sim = 0.865 | acc_phy = 0.852 
| epoch = 25 | step =    50 | loss_pnn = 1.700 | loss_cn = 0.00543645 | acc_sim = 0.865 | acc_phy = 0.852 
| epoch = 25 | step =    60 | loss_pnn = 1.700 | loss_cn = 0.00541882 | acc_sim = 0.866 | acc_phy = 0.852 
| epoch = 25 | step =    70 | loss_pnn = 1.700 | loss_cn = 0.00541917 | acc_sim = 0.867 | acc_phy = 0.852 
| epoch = 25 | step =    80 | loss_pnn = 1.699 | loss_cn = 0.00541059 | acc_sim = 0.866 | acc_phy = 0.853 
| epoch = 25 | step =    90 | loss_pnn = 1.699 | loss_cn = 0.00540334 | acc_sim = 0.866 | acc_phy = 0.852 
| epoch = 25 | step =   100 | loss_pnn = 1.699 | loss_cn = 0.00540747 | acc_sim = 0.866 | acc_phy = 0.852 
| epoch = 25 | step =   110 | loss_pnn = 1.699 | loss_cn = 0.00540321 | acc_sim = 0.867 | acc_phy = 0.853 
| epoch = 25 | step =   120 | loss_pnn = 1.699 | loss_cn = 0.00538983 | acc_sim = 0.867 | acc_phy = 0.853 
Phy accuracy of the network on 10000 test images: 0.856


Current training epoch: 26, learning rate for pnn: 0.00025, learning rate for SEPN: 0.0005
| epoch = 26 | step =    10 | loss_pnn = 1.696 | loss_cn = 0.00523702 | acc_sim = 0.868 | acc_phy = 0.854 
| epoch = 26 | step =    20 | loss_pnn = 1.693 | loss_cn = 0.00525702 | acc_sim = 0.873 | acc_phy = 0.860 
| epoch = 26 | step =    30 | loss_pnn = 1.694 | loss_cn = 0.00526834 | acc_sim = 0.873 | acc_phy = 0.859 
| epoch = 26 | step =    40 | loss_pnn = 1.697 | loss_cn = 0.00530566 | acc_sim = 0.869 | acc_phy = 0.856 
| epoch = 26 | step =    50 | loss_pnn = 1.697 | loss_cn = 0.00530130 | acc_sim = 0.870 | acc_phy = 0.856 
| epoch = 26 | step =    60 | loss_pnn = 1.697 | loss_cn = 0.00530150 | acc_sim = 0.869 | acc_phy = 0.856 
| epoch = 26 | step =    70 | loss_pnn = 1.698 | loss_cn = 0.00530949 | acc_sim = 0.868 | acc_phy = 0.855 
| epoch = 26 | step =    80 | loss_pnn = 1.698 | loss_cn = 0.00529665 | acc_sim = 0.867 | acc_phy = 0.853 
| epoch = 26 | step =    90 | loss_pnn = 1.698 | loss_cn = 0.00529134 | acc_sim = 0.868 | acc_phy = 0.854 
| epoch = 26 | step =   100 | loss_pnn = 1.698 | loss_cn = 0.00529953 | acc_sim = 0.868 | acc_phy = 0.854 
| epoch = 26 | step =   110 | loss_pnn = 1.698 | loss_cn = 0.00530378 | acc_sim = 0.868 | acc_phy = 0.855 
| epoch = 26 | step =   120 | loss_pnn = 1.698 | loss_cn = 0.00529558 | acc_sim = 0.868 | acc_phy = 0.855 
Phy accuracy of the network on 10000 test images: 0.856


Current training epoch: 27, learning rate for pnn: 0.00025, learning rate for SEPN: 0.0005
| epoch = 27 | step =    10 | loss_pnn = 1.696 | loss_cn = 0.00517613 | acc_sim = 0.866 | acc_phy = 0.856 
| epoch = 27 | step =    20 | loss_pnn = 1.698 | loss_cn = 0.00524877 | acc_sim = 0.867 | acc_phy = 0.854 
| epoch = 27 | step =    30 | loss_pnn = 1.700 | loss_cn = 0.00527483 | acc_sim = 0.864 | acc_phy = 0.852 
| epoch = 27 | step =    40 | loss_pnn = 1.699 | loss_cn = 0.00525631 | acc_sim = 0.864 | acc_phy = 0.852 
| epoch = 27 | step =    50 | loss_pnn = 1.698 | loss_cn = 0.00523069 | acc_sim = 0.865 | acc_phy = 0.853 
| epoch = 27 | step =    60 | loss_pnn = 1.697 | loss_cn = 0.00520390 | acc_sim = 0.867 | acc_phy = 0.855 
| epoch = 27 | step =    70 | loss_pnn = 1.697 | loss_cn = 0.00521828 | acc_sim = 0.867 | acc_phy = 0.854 
| epoch = 27 | step =    80 | loss_pnn = 1.697 | loss_cn = 0.00522831 | acc_sim = 0.867 | acc_phy = 0.854 
| epoch = 27 | step =    90 | loss_pnn = 1.697 | loss_cn = 0.00522541 | acc_sim = 0.868 | acc_phy = 0.855 
| epoch = 27 | step =   100 | loss_pnn = 1.697 | loss_cn = 0.00522350 | acc_sim = 0.868 | acc_phy = 0.855 
| epoch = 27 | step =   110 | loss_pnn = 1.697 | loss_cn = 0.00522093 | acc_sim = 0.868 | acc_phy = 0.856 
| epoch = 27 | step =   120 | loss_pnn = 1.696 | loss_cn = 0.00521946 | acc_sim = 0.869 | acc_phy = 0.856 
Phy accuracy of the network on 10000 test images: 0.857


Current training epoch: 28, learning rate for pnn: 0.00025, learning rate for SEPN: 0.0005
| epoch = 28 | step =    10 | loss_pnn = 1.694 | loss_cn = 0.00512458 | acc_sim = 0.872 | acc_phy = 0.860 
| epoch = 28 | step =    20 | loss_pnn = 1.698 | loss_cn = 0.00526008 | acc_sim = 0.866 | acc_phy = 0.854 
| epoch = 28 | step =    30 | loss_pnn = 1.696 | loss_cn = 0.00520286 | acc_sim = 0.869 | acc_phy = 0.857 
| epoch = 28 | step =    40 | loss_pnn = 1.695 | loss_cn = 0.00518596 | acc_sim = 0.870 | acc_phy = 0.857 
| epoch = 28 | step =    50 | loss_pnn = 1.696 | loss_cn = 0.00518935 | acc_sim = 0.869 | acc_phy = 0.857 
| epoch = 28 | step =    60 | loss_pnn = 1.696 | loss_cn = 0.00519002 | acc_sim = 0.869 | acc_phy = 0.858 
| epoch = 28 | step =    70 | loss_pnn = 1.696 | loss_cn = 0.00518830 | acc_sim = 0.869 | acc_phy = 0.857 
| epoch = 28 | step =    80 | loss_pnn = 1.696 | loss_cn = 0.00518832 | acc_sim = 0.869 | acc_phy = 0.858 
| epoch = 28 | step =    90 | loss_pnn = 1.695 | loss_cn = 0.00517631 | acc_sim = 0.870 | acc_phy = 0.858 
| epoch = 28 | step =   100 | loss_pnn = 1.695 | loss_cn = 0.00516946 | acc_sim = 0.870 | acc_phy = 0.858 
| epoch = 28 | step =   110 | loss_pnn = 1.695 | loss_cn = 0.00517130 | acc_sim = 0.870 | acc_phy = 0.858 
| epoch = 28 | step =   120 | loss_pnn = 1.695 | loss_cn = 0.00517263 | acc_sim = 0.871 | acc_phy = 0.858 
Phy accuracy of the network on 10000 test images: 0.860


Current training epoch: 29, learning rate for pnn: 0.00025, learning rate for SEPN: 0.0005
| epoch = 29 | step =    10 | loss_pnn = 1.699 | loss_cn = 0.00512557 | acc_sim = 0.870 | acc_phy = 0.858 
| epoch = 29 | step =    20 | loss_pnn = 1.695 | loss_cn = 0.00509784 | acc_sim = 0.875 | acc_phy = 0.861 
| epoch = 29 | step =    30 | loss_pnn = 1.698 | loss_cn = 0.00513364 | acc_sim = 0.871 | acc_phy = 0.857 
| epoch = 29 | step =    40 | loss_pnn = 1.697 | loss_cn = 0.00512712 | acc_sim = 0.871 | acc_phy = 0.857 
| epoch = 29 | step =    50 | loss_pnn = 1.697 | loss_cn = 0.00511728 | acc_sim = 0.872 | acc_phy = 0.858 
| epoch = 29 | step =    60 | loss_pnn = 1.697 | loss_cn = 0.00511301 | acc_sim = 0.871 | acc_phy = 0.858 
| epoch = 29 | step =    70 | loss_pnn = 1.697 | loss_cn = 0.00511923 | acc_sim = 0.872 | acc_phy = 0.859 
| epoch = 29 | step =    80 | loss_pnn = 1.697 | loss_cn = 0.00512292 | acc_sim = 0.871 | acc_phy = 0.858 
| epoch = 29 | step =    90 | loss_pnn = 1.696 | loss_cn = 0.00512620 | acc_sim = 0.871 | acc_phy = 0.859 
| epoch = 29 | step =   100 | loss_pnn = 1.696 | loss_cn = 0.00511279 | acc_sim = 0.871 | acc_phy = 0.859 
| epoch = 29 | step =   110 | loss_pnn = 1.696 | loss_cn = 0.00511845 | acc_sim = 0.871 | acc_phy = 0.859 
| epoch = 29 | step =   120 | loss_pnn = 1.696 | loss_cn = 0.00511651 | acc_sim = 0.872 | acc_phy = 0.859 
Phy accuracy of the network on 10000 test images: 0.861


Current training epoch: 30, learning rate for pnn: 0.00025, learning rate for SEPN: 0.0005
| epoch = 30 | step =    10 | loss_pnn = 1.693 | loss_cn = 0.00500708 | acc_sim = 0.873 | acc_phy = 0.862 
| epoch = 30 | step =    20 | loss_pnn = 1.693 | loss_cn = 0.00500312 | acc_sim = 0.873 | acc_phy = 0.862 
| epoch = 30 | step =    30 | loss_pnn = 1.695 | loss_cn = 0.00500760 | acc_sim = 0.873 | acc_phy = 0.862 
| epoch = 30 | step =    40 | loss_pnn = 1.697 | loss_cn = 0.00499900 | acc_sim = 0.871 | acc_phy = 0.860 
| epoch = 30 | step =    50 | loss_pnn = 1.697 | loss_cn = 0.00502744 | acc_sim = 0.871 | acc_phy = 0.860 
| epoch = 30 | step =    60 | loss_pnn = 1.698 | loss_cn = 0.00503759 | acc_sim = 0.871 | acc_phy = 0.860 
| epoch = 30 | step =    70 | loss_pnn = 1.698 | loss_cn = 0.00504435 | acc_sim = 0.872 | acc_phy = 0.860 
| epoch = 30 | step =    80 | loss_pnn = 1.699 | loss_cn = 0.00504427 | acc_sim = 0.872 | acc_phy = 0.860 
| epoch = 30 | step =    90 | loss_pnn = 1.700 | loss_cn = 0.00505213 | acc_sim = 0.871 | acc_phy = 0.859 
| epoch = 30 | step =   100 | loss_pnn = 1.700 | loss_cn = 0.00505270 | acc_sim = 0.871 | acc_phy = 0.858 
| epoch = 30 | step =   110 | loss_pnn = 1.700 | loss_cn = 0.00505630 | acc_sim = 0.871 | acc_phy = 0.859 
| epoch = 30 | step =   120 | loss_pnn = 1.701 | loss_cn = 0.00505493 | acc_sim = 0.871 | acc_phy = 0.859 
Phy accuracy of the network on 10000 test images: 0.860


Current training epoch: 31, learning rate for pnn: 0.000125, learning rate for SEPN: 0.0005
| epoch = 31 | step =    10 | loss_pnn = 1.704 | loss_cn = 0.00498891 | acc_sim = 0.874 | acc_phy = 0.865 
| epoch = 31 | step =    20 | loss_pnn = 1.706 | loss_cn = 0.00497080 | acc_sim = 0.869 | acc_phy = 0.859 
| epoch = 31 | step =    30 | loss_pnn = 1.704 | loss_cn = 0.00497560 | acc_sim = 0.871 | acc_phy = 0.860 
| epoch = 31 | step =    40 | loss_pnn = 1.705 | loss_cn = 0.00501038 | acc_sim = 0.870 | acc_phy = 0.858 
| epoch = 31 | step =    50 | loss_pnn = 1.705 | loss_cn = 0.00500048 | acc_sim = 0.871 | acc_phy = 0.857 
| epoch = 31 | step =    60 | loss_pnn = 1.706 | loss_cn = 0.00499015 | acc_sim = 0.870 | acc_phy = 0.857 
| epoch = 31 | step =    70 | loss_pnn = 1.706 | loss_cn = 0.00498475 | acc_sim = 0.870 | acc_phy = 0.857 
| epoch = 31 | step =    80 | loss_pnn = 1.706 | loss_cn = 0.00498336 | acc_sim = 0.870 | acc_phy = 0.858 
| epoch = 31 | step =    90 | loss_pnn = 1.706 | loss_cn = 0.00497232 | acc_sim = 0.871 | acc_phy = 0.858 
| epoch = 31 | step =   100 | loss_pnn = 1.707 | loss_cn = 0.00497267 | acc_sim = 0.870 | acc_phy = 0.857 
| epoch = 31 | step =   110 | loss_pnn = 1.707 | loss_cn = 0.00496020 | acc_sim = 0.869 | acc_phy = 0.857 
| epoch = 31 | step =   120 | loss_pnn = 1.707 | loss_cn = 0.00495908 | acc_sim = 0.870 | acc_phy = 0.857 
Phy accuracy of the network on 10000 test images: 0.857


Current training epoch: 32, learning rate for pnn: 0.000125, learning rate for SEPN: 0.0005
| epoch = 32 | step =    10 | loss_pnn = 1.713 | loss_cn = 0.00492037 | acc_sim = 0.861 | acc_phy = 0.855 
| epoch = 32 | step =    20 | loss_pnn = 1.711 | loss_cn = 0.00492636 | acc_sim = 0.866 | acc_phy = 0.856 
| epoch = 32 | step =    30 | loss_pnn = 1.711 | loss_cn = 0.00490726 | acc_sim = 0.866 | acc_phy = 0.856 
| epoch = 32 | step =    40 | loss_pnn = 1.710 | loss_cn = 0.00488287 | acc_sim = 0.869 | acc_phy = 0.857 
| epoch = 32 | step =    50 | loss_pnn = 1.710 | loss_cn = 0.00488802 | acc_sim = 0.869 | acc_phy = 0.857 
| epoch = 32 | step =    60 | loss_pnn = 1.709 | loss_cn = 0.00486090 | acc_sim = 0.870 | acc_phy = 0.858 
| epoch = 32 | step =    70 | loss_pnn = 1.710 | loss_cn = 0.00484619 | acc_sim = 0.868 | acc_phy = 0.856 
| epoch = 32 | step =    80 | loss_pnn = 1.711 | loss_cn = 0.00485048 | acc_sim = 0.869 | acc_phy = 0.856 
| epoch = 32 | step =    90 | loss_pnn = 1.711 | loss_cn = 0.00484494 | acc_sim = 0.869 | acc_phy = 0.856 
| epoch = 32 | step =   100 | loss_pnn = 1.711 | loss_cn = 0.00484257 | acc_sim = 0.868 | acc_phy = 0.856 
| epoch = 32 | step =   110 | loss_pnn = 1.712 | loss_cn = 0.00483687 | acc_sim = 0.868 | acc_phy = 0.856 
| epoch = 32 | step =   120 | loss_pnn = 1.711 | loss_cn = 0.00482339 | acc_sim = 0.869 | acc_phy = 0.856 
Phy accuracy of the network on 10000 test images: 0.855


Current training epoch: 33, learning rate for pnn: 0.000125, learning rate for SEPN: 0.0005
| epoch = 33 | step =    10 | loss_pnn = 1.714 | loss_cn = 0.00468161 | acc_sim = 0.866 | acc_phy = 0.854 
| epoch = 33 | step =    20 | loss_pnn = 1.716 | loss_cn = 0.00475661 | acc_sim = 0.866 | acc_phy = 0.852 
| epoch = 33 | step =    30 | loss_pnn = 1.714 | loss_cn = 0.00472373 | acc_sim = 0.867 | acc_phy = 0.854 
| epoch = 33 | step =    40 | loss_pnn = 1.714 | loss_cn = 0.00471569 | acc_sim = 0.866 | acc_phy = 0.854 
| epoch = 33 | step =    50 | loss_pnn = 1.715 | loss_cn = 0.00472171 | acc_sim = 0.866 | acc_phy = 0.854 
| epoch = 33 | step =    60 | loss_pnn = 1.714 | loss_cn = 0.00473157 | acc_sim = 0.867 | acc_phy = 0.854 
| epoch = 33 | step =    70 | loss_pnn = 1.714 | loss_cn = 0.00471716 | acc_sim = 0.867 | acc_phy = 0.855 
| epoch = 33 | step =    80 | loss_pnn = 1.714 | loss_cn = 0.00471338 | acc_sim = 0.867 | acc_phy = 0.855 
| epoch = 33 | step =    90 | loss_pnn = 1.713 | loss_cn = 0.00471195 | acc_sim = 0.868 | acc_phy = 0.856 
| epoch = 33 | step =   100 | loss_pnn = 1.713 | loss_cn = 0.00470768 | acc_sim = 0.867 | acc_phy = 0.856 
| epoch = 33 | step =   110 | loss_pnn = 1.714 | loss_cn = 0.00472793 | acc_sim = 0.867 | acc_phy = 0.855 
| epoch = 33 | step =   120 | loss_pnn = 1.714 | loss_cn = 0.00473073 | acc_sim = 0.867 | acc_phy = 0.855 
Phy accuracy of the network on 10000 test images: 0.855


Current training epoch: 34, learning rate for pnn: 0.000125, learning rate for SEPN: 0.0005
| epoch = 34 | step =    10 | loss_pnn = 1.719 | loss_cn = 0.00475456 | acc_sim = 0.864 | acc_phy = 0.853 
| epoch = 34 | step =    20 | loss_pnn = 1.716 | loss_cn = 0.00469369 | acc_sim = 0.867 | acc_phy = 0.855 
| epoch = 34 | step =    30 | loss_pnn = 1.717 | loss_cn = 0.00471070 | acc_sim = 0.866 | acc_phy = 0.854 
| epoch = 34 | step =    40 | loss_pnn = 1.716 | loss_cn = 0.00467965 | acc_sim = 0.867 | acc_phy = 0.854 
| epoch = 34 | step =    50 | loss_pnn = 1.716 | loss_cn = 0.00471536 | acc_sim = 0.867 | acc_phy = 0.854 
| epoch = 34 | step =    60 | loss_pnn = 1.716 | loss_cn = 0.00470931 | acc_sim = 0.867 | acc_phy = 0.854 
| epoch = 34 | step =    70 | loss_pnn = 1.716 | loss_cn = 0.00469545 | acc_sim = 0.868 | acc_phy = 0.855 
| epoch = 34 | step =    80 | loss_pnn = 1.716 | loss_cn = 0.00467655 | acc_sim = 0.868 | acc_phy = 0.855 
| epoch = 34 | step =    90 | loss_pnn = 1.717 | loss_cn = 0.00467265 | acc_sim = 0.867 | acc_phy = 0.854 
| epoch = 34 | step =   100 | loss_pnn = 1.717 | loss_cn = 0.00468078 | acc_sim = 0.867 | acc_phy = 0.854 
| epoch = 34 | step =   110 | loss_pnn = 1.717 | loss_cn = 0.00466728 | acc_sim = 0.866 | acc_phy = 0.854 
| epoch = 34 | step =   120 | loss_pnn = 1.717 | loss_cn = 0.00465696 | acc_sim = 0.867 | acc_phy = 0.854 
Phy accuracy of the network on 10000 test images: 0.854


Current training epoch: 35, learning rate for pnn: 0.000125, learning rate for SEPN: 0.0005
| epoch = 35 | step =    10 | loss_pnn = 1.722 | loss_cn = 0.00453665 | acc_sim = 0.863 | acc_phy = 0.848 
| epoch = 35 | step =    20 | loss_pnn = 1.720 | loss_cn = 0.00452522 | acc_sim = 0.866 | acc_phy = 0.851 
| epoch = 35 | step =    30 | loss_pnn = 1.720 | loss_cn = 0.00457639 | acc_sim = 0.866 | acc_phy = 0.852 
| epoch = 35 | step =    40 | loss_pnn = 1.719 | loss_cn = 0.00457550 | acc_sim = 0.866 | acc_phy = 0.853 
| epoch = 35 | step =    50 | loss_pnn = 1.719 | loss_cn = 0.00457154 | acc_sim = 0.867 | acc_phy = 0.853 
| epoch = 35 | step =    60 | loss_pnn = 1.719 | loss_cn = 0.00456330 | acc_sim = 0.867 | acc_phy = 0.854 
| epoch = 35 | step =    70 | loss_pnn = 1.718 | loss_cn = 0.00456999 | acc_sim = 0.867 | acc_phy = 0.853 
| epoch = 35 | step =    80 | loss_pnn = 1.719 | loss_cn = 0.00456816 | acc_sim = 0.866 | acc_phy = 0.852 
| epoch = 35 | step =    90 | loss_pnn = 1.719 | loss_cn = 0.00457836 | acc_sim = 0.865 | acc_phy = 0.852 
| epoch = 35 | step =   100 | loss_pnn = 1.719 | loss_cn = 0.00458088 | acc_sim = 0.866 | acc_phy = 0.852 
| epoch = 35 | step =   110 | loss_pnn = 1.719 | loss_cn = 0.00458630 | acc_sim = 0.865 | acc_phy = 0.852 
| epoch = 35 | step =   120 | loss_pnn = 1.719 | loss_cn = 0.00458876 | acc_sim = 0.865 | acc_phy = 0.852 
Phy accuracy of the network on 10000 test images: 0.854


Current training epoch: 36, learning rate for pnn: 0.000125, learning rate for SEPN: 0.0005
| epoch = 36 | step =    10 | loss_pnn = 1.717 | loss_cn = 0.00442233 | acc_sim = 0.865 | acc_phy = 0.851 
| epoch = 36 | step =    20 | loss_pnn = 1.718 | loss_cn = 0.00448844 | acc_sim = 0.865 | acc_phy = 0.852 
| epoch = 36 | step =    30 | loss_pnn = 1.718 | loss_cn = 0.00449763 | acc_sim = 0.865 | acc_phy = 0.852 
| epoch = 36 | step =    40 | loss_pnn = 1.717 | loss_cn = 0.00449361 | acc_sim = 0.866 | acc_phy = 0.854 
| epoch = 36 | step =    50 | loss_pnn = 1.717 | loss_cn = 0.00449969 | acc_sim = 0.866 | acc_phy = 0.854 
| epoch = 36 | step =    60 | loss_pnn = 1.718 | loss_cn = 0.00449322 | acc_sim = 0.866 | acc_phy = 0.853 
| epoch = 36 | step =    70 | loss_pnn = 1.719 | loss_cn = 0.00451086 | acc_sim = 0.864 | acc_phy = 0.851 
| epoch = 36 | step =    80 | loss_pnn = 1.719 | loss_cn = 0.00451497 | acc_sim = 0.864 | acc_phy = 0.851 
| epoch = 36 | step =    90 | loss_pnn = 1.719 | loss_cn = 0.00451038 | acc_sim = 0.865 | acc_phy = 0.852 
| epoch = 36 | step =   100 | loss_pnn = 1.719 | loss_cn = 0.00451485 | acc_sim = 0.865 | acc_phy = 0.852 
| epoch = 36 | step =   110 | loss_pnn = 1.719 | loss_cn = 0.00452822 | acc_sim = 0.864 | acc_phy = 0.851 
| epoch = 36 | step =   120 | loss_pnn = 1.719 | loss_cn = 0.00452629 | acc_sim = 0.864 | acc_phy = 0.851 
Phy accuracy of the network on 10000 test images: 0.854


Current training epoch: 37, learning rate for pnn: 0.000125, learning rate for SEPN: 0.0005
| epoch = 37 | step =    10 | loss_pnn = 1.719 | loss_cn = 0.00444576 | acc_sim = 0.862 | acc_phy = 0.847 
| epoch = 37 | step =    20 | loss_pnn = 1.718 | loss_cn = 0.00439531 | acc_sim = 0.862 | acc_phy = 0.848 
| epoch = 37 | step =    30 | loss_pnn = 1.718 | loss_cn = 0.00440403 | acc_sim = 0.864 | acc_phy = 0.849 
| epoch = 37 | step =    40 | loss_pnn = 1.719 | loss_cn = 0.00443271 | acc_sim = 0.864 | acc_phy = 0.849 
| epoch = 37 | step =    50 | loss_pnn = 1.719 | loss_cn = 0.00444099 | acc_sim = 0.864 | acc_phy = 0.850 
| epoch = 37 | step =    60 | loss_pnn = 1.718 | loss_cn = 0.00444300 | acc_sim = 0.865 | acc_phy = 0.851 
| epoch = 37 | step =    70 | loss_pnn = 1.717 | loss_cn = 0.00443966 | acc_sim = 0.866 | acc_phy = 0.851 
| epoch = 37 | step =    80 | loss_pnn = 1.718 | loss_cn = 0.00444855 | acc_sim = 0.864 | acc_phy = 0.850 
| epoch = 37 | step =    90 | loss_pnn = 1.718 | loss_cn = 0.00444910 | acc_sim = 0.865 | acc_phy = 0.851 
| epoch = 37 | step =   100 | loss_pnn = 1.718 | loss_cn = 0.00444994 | acc_sim = 0.865 | acc_phy = 0.851 
| epoch = 37 | step =   110 | loss_pnn = 1.718 | loss_cn = 0.00444961 | acc_sim = 0.865 | acc_phy = 0.851 
| epoch = 37 | step =   120 | loss_pnn = 1.718 | loss_cn = 0.00445590 | acc_sim = 0.864 | acc_phy = 0.851 
Phy accuracy of the network on 10000 test images: 0.853


Current training epoch: 38, learning rate for pnn: 0.000125, learning rate for SEPN: 0.0005
| epoch = 38 | step =    10 | loss_pnn = 1.711 | loss_cn = 0.00438884 | acc_sim = 0.874 | acc_phy = 0.857 
| epoch = 38 | step =    20 | loss_pnn = 1.715 | loss_cn = 0.00437905 | acc_sim = 0.870 | acc_phy = 0.854 
| epoch = 38 | step =    30 | loss_pnn = 1.716 | loss_cn = 0.00437471 | acc_sim = 0.867 | acc_phy = 0.853 
| epoch = 38 | step =    40 | loss_pnn = 1.716 | loss_cn = 0.00438140 | acc_sim = 0.868 | acc_phy = 0.853 
| epoch = 38 | step =    50 | loss_pnn = 1.717 | loss_cn = 0.00439572 | acc_sim = 0.867 | acc_phy = 0.853 
| epoch = 38 | step =    60 | loss_pnn = 1.716 | loss_cn = 0.00439505 | acc_sim = 0.868 | acc_phy = 0.854 
| epoch = 38 | step =    70 | loss_pnn = 1.717 | loss_cn = 0.00440734 | acc_sim = 0.867 | acc_phy = 0.853 
| epoch = 38 | step =    80 | loss_pnn = 1.717 | loss_cn = 0.00440188 | acc_sim = 0.866 | acc_phy = 0.852 
| epoch = 38 | step =    90 | loss_pnn = 1.717 | loss_cn = 0.00439918 | acc_sim = 0.865 | acc_phy = 0.852 
| epoch = 38 | step =   100 | loss_pnn = 1.718 | loss_cn = 0.00439868 | acc_sim = 0.865 | acc_phy = 0.851 
| epoch = 38 | step =   110 | loss_pnn = 1.718 | loss_cn = 0.00441197 | acc_sim = 0.865 | acc_phy = 0.851 
| epoch = 38 | step =   120 | loss_pnn = 1.718 | loss_cn = 0.00441147 | acc_sim = 0.864 | acc_phy = 0.851 
Phy accuracy of the network on 10000 test images: 0.853


Current training epoch: 39, learning rate for pnn: 0.000125, learning rate for SEPN: 0.0005
| epoch = 39 | step =    10 | loss_pnn = 1.716 | loss_cn = 0.00441141 | acc_sim = 0.869 | acc_phy = 0.857 
| epoch = 39 | step =    20 | loss_pnn = 1.721 | loss_cn = 0.00441841 | acc_sim = 0.864 | acc_phy = 0.850 
| epoch = 39 | step =    30 | loss_pnn = 1.720 | loss_cn = 0.00443652 | acc_sim = 0.863 | acc_phy = 0.849 
| epoch = 39 | step =    40 | loss_pnn = 1.720 | loss_cn = 0.00443623 | acc_sim = 0.865 | acc_phy = 0.850 
| epoch = 39 | step =    50 | loss_pnn = 1.720 | loss_cn = 0.00442701 | acc_sim = 0.864 | acc_phy = 0.850 
| epoch = 39 | step =    60 | loss_pnn = 1.720 | loss_cn = 0.00443419 | acc_sim = 0.863 | acc_phy = 0.849 
| epoch = 39 | step =    70 | loss_pnn = 1.719 | loss_cn = 0.00442630 | acc_sim = 0.864 | acc_phy = 0.850 
| epoch = 39 | step =    80 | loss_pnn = 1.719 | loss_cn = 0.00442395 | acc_sim = 0.864 | acc_phy = 0.850 
| epoch = 39 | step =    90 | loss_pnn = 1.719 | loss_cn = 0.00442267 | acc_sim = 0.864 | acc_phy = 0.850 
| epoch = 39 | step =   100 | loss_pnn = 1.719 | loss_cn = 0.00441311 | acc_sim = 0.863 | acc_phy = 0.850 
| epoch = 39 | step =   110 | loss_pnn = 1.719 | loss_cn = 0.00440723 | acc_sim = 0.864 | acc_phy = 0.850 
| epoch = 39 | step =   120 | loss_pnn = 1.720 | loss_cn = 0.00440671 | acc_sim = 0.863 | acc_phy = 0.850 
Phy accuracy of the network on 10000 test images: 0.851


Current training epoch: 40, learning rate for pnn: 0.000125, learning rate for SEPN: 0.0005
| epoch = 40 | step =    10 | loss_pnn = 1.724 | loss_cn = 0.00424870 | acc_sim = 0.861 | acc_phy = 0.846 
| epoch = 40 | step =    20 | loss_pnn = 1.723 | loss_cn = 0.00427596 | acc_sim = 0.861 | acc_phy = 0.848 
| epoch = 40 | step =    30 | loss_pnn = 1.724 | loss_cn = 0.00432647 | acc_sim = 0.862 | acc_phy = 0.848 
| epoch = 40 | step =    40 | loss_pnn = 1.725 | loss_cn = 0.00434644 | acc_sim = 0.862 | acc_phy = 0.848 
| epoch = 40 | step =    50 | loss_pnn = 1.725 | loss_cn = 0.00433602 | acc_sim = 0.862 | acc_phy = 0.848 
| epoch = 40 | step =    60 | loss_pnn = 1.726 | loss_cn = 0.00434655 | acc_sim = 0.861 | acc_phy = 0.846 
| epoch = 40 | step =    70 | loss_pnn = 1.728 | loss_cn = 0.00435487 | acc_sim = 0.860 | acc_phy = 0.844 
| epoch = 40 | step =    80 | loss_pnn = 1.728 | loss_cn = 0.00435767 | acc_sim = 0.860 | acc_phy = 0.844 
| epoch = 40 | step =    90 | loss_pnn = 1.729 | loss_cn = 0.00435718 | acc_sim = 0.859 | acc_phy = 0.844 
| epoch = 40 | step =   100 | loss_pnn = 1.730 | loss_cn = 0.00436827 | acc_sim = 0.858 | acc_phy = 0.842 
| epoch = 40 | step =   110 | loss_pnn = 1.730 | loss_cn = 0.00437338 | acc_sim = 0.858 | acc_phy = 0.842 
| epoch = 40 | step =   120 | loss_pnn = 1.730 | loss_cn = 0.00437234 | acc_sim = 0.858 | acc_phy = 0.842 
Phy accuracy of the network on 10000 test images: 0.833


Current training epoch: 41, learning rate for pnn: 6.25e-05, learning rate for SEPN: 0.00025
| epoch = 41 | step =    10 | loss_pnn = 1.735 | loss_cn = 0.00433531 | acc_sim = 0.852 | acc_phy = 0.836 
| epoch = 41 | step =    20 | loss_pnn = 1.734 | loss_cn = 0.00429765 | acc_sim = 0.854 | acc_phy = 0.837 
| epoch = 41 | step =    30 | loss_pnn = 1.736 | loss_cn = 0.00430831 | acc_sim = 0.852 | acc_phy = 0.835 
| epoch = 41 | step =    40 | loss_pnn = 1.738 | loss_cn = 0.00434890 | acc_sim = 0.847 | acc_phy = 0.830 
| epoch = 41 | step =    50 | loss_pnn = 1.739 | loss_cn = 0.00435730 | acc_sim = 0.846 | acc_phy = 0.829 
| epoch = 41 | step =    60 | loss_pnn = 1.738 | loss_cn = 0.00434343 | acc_sim = 0.847 | acc_phy = 0.830 
| epoch = 41 | step =    70 | loss_pnn = 1.738 | loss_cn = 0.00433976 | acc_sim = 0.846 | acc_phy = 0.828 
| epoch = 41 | step =    80 | loss_pnn = 1.739 | loss_cn = 0.00433617 | acc_sim = 0.845 | acc_phy = 0.827 
| epoch = 41 | step =    90 | loss_pnn = 1.740 | loss_cn = 0.00433445 | acc_sim = 0.843 | acc_phy = 0.826 
| epoch = 41 | step =   100 | loss_pnn = 1.740 | loss_cn = 0.00433333 | acc_sim = 0.843 | acc_phy = 0.826 
| epoch = 41 | step =   110 | loss_pnn = 1.740 | loss_cn = 0.00433805 | acc_sim = 0.842 | acc_phy = 0.824 
| epoch = 41 | step =   120 | loss_pnn = 1.740 | loss_cn = 0.00433506 | acc_sim = 0.842 | acc_phy = 0.824 
Phy accuracy of the network on 10000 test images: 0.814


Current training epoch: 42, learning rate for pnn: 6.25e-05, learning rate for SEPN: 0.00025
| epoch = 42 | step =    10 | loss_pnn = 1.744 | loss_cn = 0.00427534 | acc_sim = 0.827 | acc_phy = 0.812 
| epoch = 42 | step =    20 | loss_pnn = 1.744 | loss_cn = 0.00429863 | acc_sim = 0.829 | acc_phy = 0.811 
| epoch = 42 | step =    30 | loss_pnn = 1.746 | loss_cn = 0.00432802 | acc_sim = 0.827 | acc_phy = 0.810 
| epoch = 42 | step =    40 | loss_pnn = 1.745 | loss_cn = 0.00430615 | acc_sim = 0.826 | acc_phy = 0.809 
| epoch = 42 | step =    50 | loss_pnn = 1.745 | loss_cn = 0.00431190 | acc_sim = 0.827 | acc_phy = 0.809 
| epoch = 42 | step =    60 | loss_pnn = 1.745 | loss_cn = 0.00429975 | acc_sim = 0.827 | acc_phy = 0.810 
| epoch = 42 | step =    70 | loss_pnn = 1.744 | loss_cn = 0.00430189 | acc_sim = 0.827 | acc_phy = 0.810 
| epoch = 42 | step =    80 | loss_pnn = 1.745 | loss_cn = 0.00431206 | acc_sim = 0.826 | acc_phy = 0.809 
| epoch = 42 | step =    90 | loss_pnn = 1.746 | loss_cn = 0.00431625 | acc_sim = 0.825 | acc_phy = 0.808 
| epoch = 42 | step =   100 | loss_pnn = 1.746 | loss_cn = 0.00431953 | acc_sim = 0.824 | acc_phy = 0.807 
| epoch = 42 | step =   110 | loss_pnn = 1.747 | loss_cn = 0.00431957 | acc_sim = 0.823 | acc_phy = 0.806 
| epoch = 42 | step =   120 | loss_pnn = 1.746 | loss_cn = 0.00431738 | acc_sim = 0.823 | acc_phy = 0.807 
Phy accuracy of the network on 10000 test images: 0.800


Current training epoch: 43, learning rate for pnn: 6.25e-05, learning rate for SEPN: 0.00025
| epoch = 43 | step =    10 | loss_pnn = 1.742 | loss_cn = 0.00425163 | acc_sim = 0.822 | acc_phy = 0.807 
| epoch = 43 | step =    20 | loss_pnn = 1.742 | loss_cn = 0.00423893 | acc_sim = 0.821 | acc_phy = 0.804 
| epoch = 43 | step =    30 | loss_pnn = 1.747 | loss_cn = 0.00428834 | acc_sim = 0.814 | acc_phy = 0.801 
| epoch = 43 | step =    40 | loss_pnn = 1.746 | loss_cn = 0.00428770 | acc_sim = 0.816 | acc_phy = 0.802 
| epoch = 43 | step =    50 | loss_pnn = 1.748 | loss_cn = 0.00430098 | acc_sim = 0.813 | acc_phy = 0.800 
| epoch = 43 | step =    60 | loss_pnn = 1.748 | loss_cn = 0.00431743 | acc_sim = 0.813 | acc_phy = 0.799 
| epoch = 43 | step =    70 | loss_pnn = 1.749 | loss_cn = 0.00432824 | acc_sim = 0.812 | acc_phy = 0.799 
| epoch = 43 | step =    80 | loss_pnn = 1.749 | loss_cn = 0.00433232 | acc_sim = 0.811 | acc_phy = 0.798 
| epoch = 43 | step =    90 | loss_pnn = 1.750 | loss_cn = 0.00433955 | acc_sim = 0.810 | acc_phy = 0.796 
| epoch = 43 | step =   100 | loss_pnn = 1.751 | loss_cn = 0.00434326 | acc_sim = 0.809 | acc_phy = 0.796 
| epoch = 43 | step =   110 | loss_pnn = 1.751 | loss_cn = 0.00434617 | acc_sim = 0.809 | acc_phy = 0.795 
| epoch = 43 | step =   120 | loss_pnn = 1.751 | loss_cn = 0.00433834 | acc_sim = 0.809 | acc_phy = 0.796 
Phy accuracy of the network on 10000 test images: 0.794


Current training epoch: 44, learning rate for pnn: 6.25e-05, learning rate for SEPN: 0.00025
| epoch = 44 | step =    10 | loss_pnn = 1.754 | loss_cn = 0.00442332 | acc_sim = 0.803 | acc_phy = 0.791 
| epoch = 44 | step =    20 | loss_pnn = 1.753 | loss_cn = 0.00436935 | acc_sim = 0.807 | acc_phy = 0.796 
| epoch = 44 | step =    30 | loss_pnn = 1.753 | loss_cn = 0.00435660 | acc_sim = 0.806 | acc_phy = 0.795 
| epoch = 44 | step =    40 | loss_pnn = 1.755 | loss_cn = 0.00438843 | acc_sim = 0.805 | acc_phy = 0.793 
| epoch = 44 | step =    50 | loss_pnn = 1.755 | loss_cn = 0.00437624 | acc_sim = 0.804 | acc_phy = 0.792 
| epoch = 44 | step =    60 | loss_pnn = 1.755 | loss_cn = 0.00437693 | acc_sim = 0.804 | acc_phy = 0.792 
| epoch = 44 | step =    70 | loss_pnn = 1.756 | loss_cn = 0.00438823 | acc_sim = 0.802 | acc_phy = 0.790 
| epoch = 44 | step =    80 | loss_pnn = 1.756 | loss_cn = 0.00439704 | acc_sim = 0.802 | acc_phy = 0.789 
| epoch = 44 | step =    90 | loss_pnn = 1.756 | loss_cn = 0.00439418 | acc_sim = 0.802 | acc_phy = 0.790 
| epoch = 44 | step =   100 | loss_pnn = 1.756 | loss_cn = 0.00440245 | acc_sim = 0.801 | acc_phy = 0.789 
| epoch = 44 | step =   110 | loss_pnn = 1.756 | loss_cn = 0.00440938 | acc_sim = 0.801 | acc_phy = 0.789 
| epoch = 44 | step =   120 | loss_pnn = 1.756 | loss_cn = 0.00439942 | acc_sim = 0.801 | acc_phy = 0.790 
Phy accuracy of the network on 10000 test images: 0.792


Current training epoch: 45, learning rate for pnn: 6.25e-05, learning rate for SEPN: 0.00025
| epoch = 45 | step =    10 | loss_pnn = 1.758 | loss_cn = 0.00429747 | acc_sim = 0.796 | acc_phy = 0.784 
| epoch = 45 | step =    20 | loss_pnn = 1.755 | loss_cn = 0.00431553 | acc_sim = 0.802 | acc_phy = 0.792 
| epoch = 45 | step =    30 | loss_pnn = 1.756 | loss_cn = 0.00437731 | acc_sim = 0.800 | acc_phy = 0.791 
| epoch = 45 | step =    40 | loss_pnn = 1.758 | loss_cn = 0.00441380 | acc_sim = 0.800 | acc_phy = 0.788 
| epoch = 45 | step =    50 | loss_pnn = 1.757 | loss_cn = 0.00442218 | acc_sim = 0.800 | acc_phy = 0.789 
| epoch = 45 | step =    60 | loss_pnn = 1.757 | loss_cn = 0.00441859 | acc_sim = 0.801 | acc_phy = 0.790 
| epoch = 45 | step =    70 | loss_pnn = 1.757 | loss_cn = 0.00442051 | acc_sim = 0.801 | acc_phy = 0.790 
| epoch = 45 | step =    80 | loss_pnn = 1.756 | loss_cn = 0.00443236 | acc_sim = 0.803 | acc_phy = 0.791 
| epoch = 45 | step =    90 | loss_pnn = 1.756 | loss_cn = 0.00443127 | acc_sim = 0.804 | acc_phy = 0.792 
| epoch = 45 | step =   100 | loss_pnn = 1.756 | loss_cn = 0.00443846 | acc_sim = 0.804 | acc_phy = 0.793 
| epoch = 45 | step =   110 | loss_pnn = 1.757 | loss_cn = 0.00444103 | acc_sim = 0.803 | acc_phy = 0.792 
| epoch = 45 | step =   120 | loss_pnn = 1.756 | loss_cn = 0.00444786 | acc_sim = 0.803 | acc_phy = 0.792 
Phy accuracy of the network on 10000 test images: 0.793


Current training epoch: 46, learning rate for pnn: 6.25e-05, learning rate for SEPN: 0.00025
| epoch = 46 | step =    10 | loss_pnn = 1.758 | loss_cn = 0.00444109 | acc_sim = 0.803 | acc_phy = 0.790 
| epoch = 46 | step =    20 | loss_pnn = 1.757 | loss_cn = 0.00441293 | acc_sim = 0.807 | acc_phy = 0.791 
| epoch = 46 | step =    30 | loss_pnn = 1.757 | loss_cn = 0.00443045 | acc_sim = 0.808 | acc_phy = 0.792 
| epoch = 46 | step =    40 | loss_pnn = 1.756 | loss_cn = 0.00443005 | acc_sim = 0.809 | acc_phy = 0.793 
| epoch = 46 | step =    50 | loss_pnn = 1.755 | loss_cn = 0.00442217 | acc_sim = 0.810 | acc_phy = 0.794 
| epoch = 46 | step =    60 | loss_pnn = 1.754 | loss_cn = 0.00441693 | acc_sim = 0.811 | acc_phy = 0.795 
| epoch = 46 | step =    70 | loss_pnn = 1.753 | loss_cn = 0.00443349 | acc_sim = 0.813 | acc_phy = 0.796 
| epoch = 46 | step =    80 | loss_pnn = 1.753 | loss_cn = 0.00443106 | acc_sim = 0.814 | acc_phy = 0.797 
| epoch = 46 | step =    90 | loss_pnn = 1.752 | loss_cn = 0.00442709 | acc_sim = 0.814 | acc_phy = 0.797 
| epoch = 46 | step =   100 | loss_pnn = 1.752 | loss_cn = 0.00443341 | acc_sim = 0.814 | acc_phy = 0.798 
| epoch = 46 | step =   110 | loss_pnn = 1.752 | loss_cn = 0.00442696 | acc_sim = 0.814 | acc_phy = 0.797 
| epoch = 46 | step =   120 | loss_pnn = 1.753 | loss_cn = 0.00442743 | acc_sim = 0.814 | acc_phy = 0.797 
Phy accuracy of the network on 10000 test images: 0.797


Current training epoch: 47, learning rate for pnn: 6.25e-05, learning rate for SEPN: 0.00025
| epoch = 47 | step =    10 | loss_pnn = 1.753 | loss_cn = 0.00441694 | acc_sim = 0.812 | acc_phy = 0.795 
| epoch = 47 | step =    20 | loss_pnn = 1.749 | loss_cn = 0.00438331 | acc_sim = 0.816 | acc_phy = 0.799 
| epoch = 47 | step =    30 | loss_pnn = 1.746 | loss_cn = 0.00436479 | acc_sim = 0.823 | acc_phy = 0.805 
| epoch = 47 | step =    40 | loss_pnn = 1.746 | loss_cn = 0.00435657 | acc_sim = 0.822 | acc_phy = 0.804 
| epoch = 47 | step =    50 | loss_pnn = 1.747 | loss_cn = 0.00438793 | acc_sim = 0.821 | acc_phy = 0.803 
| epoch = 47 | step =    60 | loss_pnn = 1.747 | loss_cn = 0.00437332 | acc_sim = 0.821 | acc_phy = 0.803 
| epoch = 47 | step =    70 | loss_pnn = 1.746 | loss_cn = 0.00437210 | acc_sim = 0.823 | acc_phy = 0.804 
| epoch = 47 | step =    80 | loss_pnn = 1.747 | loss_cn = 0.00437775 | acc_sim = 0.822 | acc_phy = 0.804 
| epoch = 47 | step =    90 | loss_pnn = 1.746 | loss_cn = 0.00436756 | acc_sim = 0.823 | acc_phy = 0.805 
| epoch = 47 | step =   100 | loss_pnn = 1.746 | loss_cn = 0.00436752 | acc_sim = 0.824 | acc_phy = 0.805 
| epoch = 47 | step =   110 | loss_pnn = 1.746 | loss_cn = 0.00437202 | acc_sim = 0.825 | acc_phy = 0.806 
| epoch = 47 | step =   120 | loss_pnn = 1.746 | loss_cn = 0.00438226 | acc_sim = 0.825 | acc_phy = 0.806 
Phy accuracy of the network on 10000 test images: 0.811


Current training epoch: 48, learning rate for pnn: 6.25e-05, learning rate for SEPN: 0.00025
| epoch = 48 | step =    10 | loss_pnn = 1.736 | loss_cn = 0.00438802 | acc_sim = 0.835 | acc_phy = 0.821 
| epoch = 48 | step =    20 | loss_pnn = 1.739 | loss_cn = 0.00433063 | acc_sim = 0.830 | acc_phy = 0.819 
| epoch = 48 | step =    30 | loss_pnn = 1.742 | loss_cn = 0.00434841 | acc_sim = 0.828 | acc_phy = 0.815 
| epoch = 48 | step =    40 | loss_pnn = 1.742 | loss_cn = 0.00436474 | acc_sim = 0.829 | acc_phy = 0.815 
| epoch = 48 | step =    50 | loss_pnn = 1.740 | loss_cn = 0.00435347 | acc_sim = 0.831 | acc_phy = 0.817 
| epoch = 48 | step =    60 | loss_pnn = 1.739 | loss_cn = 0.00435451 | acc_sim = 0.832 | acc_phy = 0.817 
| epoch = 48 | step =    70 | loss_pnn = 1.739 | loss_cn = 0.00435203 | acc_sim = 0.833 | acc_phy = 0.819 
| epoch = 48 | step =    80 | loss_pnn = 1.738 | loss_cn = 0.00433632 | acc_sim = 0.835 | acc_phy = 0.820 
| epoch = 48 | step =    90 | loss_pnn = 1.737 | loss_cn = 0.00432841 | acc_sim = 0.836 | acc_phy = 0.821 
| epoch = 48 | step =   100 | loss_pnn = 1.738 | loss_cn = 0.00433645 | acc_sim = 0.836 | acc_phy = 0.821 
| epoch = 48 | step =   110 | loss_pnn = 1.737 | loss_cn = 0.00433326 | acc_sim = 0.838 | acc_phy = 0.823 
| epoch = 48 | step =   120 | loss_pnn = 1.736 | loss_cn = 0.00432586 | acc_sim = 0.838 | acc_phy = 0.824 
Phy accuracy of the network on 10000 test images: 0.832


Current training epoch: 49, learning rate for pnn: 6.25e-05, learning rate for SEPN: 0.00025
| epoch = 49 | step =    10 | loss_pnn = 1.729 | loss_cn = 0.00421451 | acc_sim = 0.845 | acc_phy = 0.837 
| epoch = 49 | step =    20 | loss_pnn = 1.730 | loss_cn = 0.00424876 | acc_sim = 0.844 | acc_phy = 0.833 
| epoch = 49 | step =    30 | loss_pnn = 1.727 | loss_cn = 0.00424533 | acc_sim = 0.849 | acc_phy = 0.837 
| epoch = 49 | step =    40 | loss_pnn = 1.727 | loss_cn = 0.00427086 | acc_sim = 0.849 | acc_phy = 0.837 
| epoch = 49 | step =    50 | loss_pnn = 1.728 | loss_cn = 0.00427648 | acc_sim = 0.848 | acc_phy = 0.835 
| epoch = 49 | step =    60 | loss_pnn = 1.729 | loss_cn = 0.00427348 | acc_sim = 0.848 | acc_phy = 0.834 
| epoch = 49 | step =    70 | loss_pnn = 1.728 | loss_cn = 0.00425781 | acc_sim = 0.849 | acc_phy = 0.836 
| epoch = 49 | step =    80 | loss_pnn = 1.728 | loss_cn = 0.00426840 | acc_sim = 0.849 | acc_phy = 0.835 
| epoch = 49 | step =    90 | loss_pnn = 1.727 | loss_cn = 0.00425580 | acc_sim = 0.850 | acc_phy = 0.836 
| epoch = 49 | step =   100 | loss_pnn = 1.726 | loss_cn = 0.00425358 | acc_sim = 0.850 | acc_phy = 0.837 
| epoch = 49 | step =   110 | loss_pnn = 1.726 | loss_cn = 0.00424655 | acc_sim = 0.850 | acc_phy = 0.838 
| epoch = 49 | step =   120 | loss_pnn = 1.725 | loss_cn = 0.00423617 | acc_sim = 0.850 | acc_phy = 0.838 
Phy accuracy of the network on 10000 test images: 0.842


Current training epoch: 50, learning rate for pnn: 6.25e-05, learning rate for SEPN: 0.00025
| epoch = 50 | step =    10 | loss_pnn = 1.715 | loss_cn = 0.00409149 | acc_sim = 0.857 | acc_phy = 0.848 
| epoch = 50 | step =    20 | loss_pnn = 1.718 | loss_cn = 0.00416951 | acc_sim = 0.854 | acc_phy = 0.844 
| epoch = 50 | step =    30 | loss_pnn = 1.719 | loss_cn = 0.00414811 | acc_sim = 0.853 | acc_phy = 0.843 
| epoch = 50 | step =    40 | loss_pnn = 1.717 | loss_cn = 0.00413574 | acc_sim = 0.854 | acc_phy = 0.845 
| epoch = 50 | step =    50 | loss_pnn = 1.717 | loss_cn = 0.00413283 | acc_sim = 0.854 | acc_phy = 0.845 
| epoch = 50 | step =    60 | loss_pnn = 1.716 | loss_cn = 0.00413138 | acc_sim = 0.856 | acc_phy = 0.846 
| epoch = 50 | step =    70 | loss_pnn = 1.716 | loss_cn = 0.00413689 | acc_sim = 0.856 | acc_phy = 0.846 
| epoch = 50 | step =    80 | loss_pnn = 1.715 | loss_cn = 0.00412989 | acc_sim = 0.856 | acc_phy = 0.846 
| epoch = 50 | step =    90 | loss_pnn = 1.715 | loss_cn = 0.00413717 | acc_sim = 0.856 | acc_phy = 0.846 
| epoch = 50 | step =   100 | loss_pnn = 1.715 | loss_cn = 0.00414302 | acc_sim = 0.856 | acc_phy = 0.845 
| epoch = 50 | step =   110 | loss_pnn = 1.715 | loss_cn = 0.00414291 | acc_sim = 0.856 | acc_phy = 0.846 
| epoch = 50 | step =   120 | loss_pnn = 1.714 | loss_cn = 0.00415081 | acc_sim = 0.857 | acc_phy = 0.846 
Phy accuracy of the network on 10000 test images: 0.850

Finished training. Elapsed time of training = 3:35:36.451525.
Best accuracy on test images: 0.8614.
