Training new model from scratch......
--------------------------
Training with Compensating Network
--------------------------

Current training epoch: 1, learning rate for onn: 0.001, 
| epoch = 1 | step =    10 | loss_onn = 2.287 | loss_cn = 0.00000000 | acc_sim = 0.209 | acc_phy = 0.138 
| epoch = 1 | step =    20 | loss_onn = 2.251 | loss_cn = 0.00000000 | acc_sim = 0.334 | acc_phy = 0.199 
| epoch = 1 | step =    30 | loss_onn = 2.210 | loss_cn = 0.00000000 | acc_sim = 0.440 | acc_phy = 0.294 
| epoch = 1 | step =    40 | loss_onn = 2.178 | loss_cn = 0.00000000 | acc_sim = 0.503 | acc_phy = 0.350 
| epoch = 1 | step =    50 | loss_onn = 2.151 | loss_cn = 0.00000000 | acc_sim = 0.544 | acc_phy = 0.392 
| epoch = 1 | step =    60 | loss_onn = 2.128 | loss_cn = 0.00000000 | acc_sim = 0.575 | acc_phy = 0.423 
| epoch = 1 | step =    70 | loss_onn = 2.108 | loss_cn = 0.00000000 | acc_sim = 0.599 | acc_phy = 0.448 
| epoch = 1 | step =    80 | loss_onn = 2.092 | loss_cn = 0.00000000 | acc_sim = 0.617 | acc_phy = 0.467 
| epoch = 1 | step =    90 | loss_onn = 2.078 | loss_cn = 0.00000000 | acc_sim = 0.632 | acc_phy = 0.484 
| epoch = 1 | step =   100 | loss_onn = 2.065 | loss_cn = 0.00000000 | acc_sim = 0.645 | acc_phy = 0.496 
| epoch = 1 | step =   110 | loss_onn = 2.054 | loss_cn = 0.00000000 | acc_sim = 0.656 | acc_phy = 0.509 
| epoch = 1 | step =   120 | loss_onn = 2.044 | loss_cn = 0.00000000 | acc_sim = 0.666 | acc_phy = 0.518 
Phy accuracy of the network on 10000 test images: 0.614


Current training epoch: 2, learning rate for onn: 0.001, 
| epoch = 2 | step =    10 | loss_onn = 1.940 | loss_cn = 0.00000000 | acc_sim = 0.765 | acc_phy = 0.610 
| epoch = 2 | step =    20 | loss_onn = 1.928 | loss_cn = 0.00000000 | acc_sim = 0.775 | acc_phy = 0.623 
| epoch = 2 | step =    30 | loss_onn = 1.921 | loss_cn = 0.00000000 | acc_sim = 0.774 | acc_phy = 0.628 
| epoch = 2 | step =    40 | loss_onn = 1.916 | loss_cn = 0.00000000 | acc_sim = 0.777 | acc_phy = 0.630 
| epoch = 2 | step =    50 | loss_onn = 1.911 | loss_cn = 0.00000000 | acc_sim = 0.780 | acc_phy = 0.635 
| epoch = 2 | step =    60 | loss_onn = 1.907 | loss_cn = 0.00000000 | acc_sim = 0.782 | acc_phy = 0.638 
| epoch = 2 | step =    70 | loss_onn = 1.903 | loss_cn = 0.00000000 | acc_sim = 0.783 | acc_phy = 0.640 
| epoch = 2 | step =    80 | loss_onn = 1.899 | loss_cn = 0.00000000 | acc_sim = 0.786 | acc_phy = 0.644 
| epoch = 2 | step =    90 | loss_onn = 1.895 | loss_cn = 0.00000000 | acc_sim = 0.789 | acc_phy = 0.646 
| epoch = 2 | step =   100 | loss_onn = 1.892 | loss_cn = 0.00000000 | acc_sim = 0.790 | acc_phy = 0.648 
| epoch = 2 | step =   110 | loss_onn = 1.890 | loss_cn = 0.00000000 | acc_sim = 0.792 | acc_phy = 0.648 
| epoch = 2 | step =   120 | loss_onn = 1.886 | loss_cn = 0.00000000 | acc_sim = 0.793 | acc_phy = 0.650 
Phy accuracy of the network on 10000 test images: 0.663


Current training epoch: 3, learning rate for onn: 0.001, 
| epoch = 3 | step =    10 | loss_onn = 1.858 | loss_cn = 0.00000000 | acc_sim = 0.807 | acc_phy = 0.667 
| epoch = 3 | step =    20 | loss_onn = 1.853 | loss_cn = 0.00000000 | acc_sim = 0.807 | acc_phy = 0.670 
| epoch = 3 | step =    30 | loss_onn = 1.852 | loss_cn = 0.00000000 | acc_sim = 0.809 | acc_phy = 0.668 
| epoch = 3 | step =    40 | loss_onn = 1.848 | loss_cn = 0.00000000 | acc_sim = 0.810 | acc_phy = 0.671 
| epoch = 3 | step =    50 | loss_onn = 1.846 | loss_cn = 0.00000000 | acc_sim = 0.811 | acc_phy = 0.671 
| epoch = 3 | step =    60 | loss_onn = 1.845 | loss_cn = 0.00000000 | acc_sim = 0.811 | acc_phy = 0.674 
| epoch = 3 | step =    70 | loss_onn = 1.844 | loss_cn = 0.00000000 | acc_sim = 0.812 | acc_phy = 0.675 
| epoch = 3 | step =    80 | loss_onn = 1.843 | loss_cn = 0.00000000 | acc_sim = 0.813 | acc_phy = 0.675 
| epoch = 3 | step =    90 | loss_onn = 1.842 | loss_cn = 0.00000000 | acc_sim = 0.813 | acc_phy = 0.675 
| epoch = 3 | step =   100 | loss_onn = 1.841 | loss_cn = 0.00000000 | acc_sim = 0.814 | acc_phy = 0.675 
| epoch = 3 | step =   110 | loss_onn = 1.840 | loss_cn = 0.00000000 | acc_sim = 0.815 | acc_phy = 0.676 
| epoch = 3 | step =   120 | loss_onn = 1.839 | loss_cn = 0.00000000 | acc_sim = 0.816 | acc_phy = 0.677 
Phy accuracy of the network on 10000 test images: 0.685


Current training epoch: 4, learning rate for onn: 0.001, 
| epoch = 4 | step =    10 | loss_onn = 1.832 | loss_cn = 0.00000000 | acc_sim = 0.826 | acc_phy = 0.672 
| epoch = 4 | step =    20 | loss_onn = 1.825 | loss_cn = 0.00000000 | acc_sim = 0.826 | acc_phy = 0.683 
| epoch = 4 | step =    30 | loss_onn = 1.824 | loss_cn = 0.00000000 | acc_sim = 0.828 | acc_phy = 0.686 
| epoch = 4 | step =    40 | loss_onn = 1.825 | loss_cn = 0.00000000 | acc_sim = 0.825 | acc_phy = 0.686 
| epoch = 4 | step =    50 | loss_onn = 1.824 | loss_cn = 0.00000000 | acc_sim = 0.825 | acc_phy = 0.687 
| epoch = 4 | step =    60 | loss_onn = 1.824 | loss_cn = 0.00000000 | acc_sim = 0.828 | acc_phy = 0.687 
| epoch = 4 | step =    70 | loss_onn = 1.823 | loss_cn = 0.00000000 | acc_sim = 0.828 | acc_phy = 0.689 
| epoch = 4 | step =    80 | loss_onn = 1.822 | loss_cn = 0.00000000 | acc_sim = 0.828 | acc_phy = 0.691 
| epoch = 4 | step =    90 | loss_onn = 1.822 | loss_cn = 0.00000000 | acc_sim = 0.828 | acc_phy = 0.691 
| epoch = 4 | step =   100 | loss_onn = 1.821 | loss_cn = 0.00000000 | acc_sim = 0.828 | acc_phy = 0.692 
| epoch = 4 | step =   110 | loss_onn = 1.821 | loss_cn = 0.00000000 | acc_sim = 0.827 | acc_phy = 0.691 
| epoch = 4 | step =   120 | loss_onn = 1.820 | loss_cn = 0.00000000 | acc_sim = 0.827 | acc_phy = 0.692 
Phy accuracy of the network on 10000 test images: 0.705


Current training epoch: 5, learning rate for onn: 0.001, 
| epoch = 5 | step =    10 | loss_onn = 1.812 | loss_cn = 0.00000000 | acc_sim = 0.836 | acc_phy = 0.700 
| epoch = 5 | step =    20 | loss_onn = 1.814 | loss_cn = 0.00000000 | acc_sim = 0.831 | acc_phy = 0.697 
| epoch = 5 | step =    30 | loss_onn = 1.813 | loss_cn = 0.00000000 | acc_sim = 0.833 | acc_phy = 0.698 
| epoch = 5 | step =    40 | loss_onn = 1.811 | loss_cn = 0.00000000 | acc_sim = 0.834 | acc_phy = 0.704 
| epoch = 5 | step =    50 | loss_onn = 1.812 | loss_cn = 0.00000000 | acc_sim = 0.834 | acc_phy = 0.701 
| epoch = 5 | step =    60 | loss_onn = 1.810 | loss_cn = 0.00000000 | acc_sim = 0.832 | acc_phy = 0.703 
| epoch = 5 | step =    70 | loss_onn = 1.811 | loss_cn = 0.00000000 | acc_sim = 0.832 | acc_phy = 0.702 
| epoch = 5 | step =    80 | loss_onn = 1.810 | loss_cn = 0.00000000 | acc_sim = 0.833 | acc_phy = 0.702 
| epoch = 5 | step =    90 | loss_onn = 1.810 | loss_cn = 0.00000000 | acc_sim = 0.833 | acc_phy = 0.702 
| epoch = 5 | step =   100 | loss_onn = 1.809 | loss_cn = 0.00000000 | acc_sim = 0.832 | acc_phy = 0.703 
| epoch = 5 | step =   110 | loss_onn = 1.808 | loss_cn = 0.00000000 | acc_sim = 0.833 | acc_phy = 0.704 
| epoch = 5 | step =   120 | loss_onn = 1.809 | loss_cn = 0.00000000 | acc_sim = 0.833 | acc_phy = 0.703 
Phy accuracy of the network on 10000 test images: 0.694


Current training epoch: 6, learning rate for onn: 0.001, 
| epoch = 6 | step =    10 | loss_onn = 1.804 | loss_cn = 0.00000000 | acc_sim = 0.832 | acc_phy = 0.704 
| epoch = 6 | step =    20 | loss_onn = 1.804 | loss_cn = 0.00000000 | acc_sim = 0.837 | acc_phy = 0.702 
| epoch = 6 | step =    30 | loss_onn = 1.803 | loss_cn = 0.00000000 | acc_sim = 0.837 | acc_phy = 0.704 
| epoch = 6 | step =    40 | loss_onn = 1.802 | loss_cn = 0.00000000 | acc_sim = 0.839 | acc_phy = 0.708 
| epoch = 6 | step =    50 | loss_onn = 1.802 | loss_cn = 0.00000000 | acc_sim = 0.839 | acc_phy = 0.710 
| epoch = 6 | step =    60 | loss_onn = 1.803 | loss_cn = 0.00000000 | acc_sim = 0.839 | acc_phy = 0.708 
| epoch = 6 | step =    70 | loss_onn = 1.802 | loss_cn = 0.00000000 | acc_sim = 0.839 | acc_phy = 0.708 
| epoch = 6 | step =    80 | loss_onn = 1.802 | loss_cn = 0.00000000 | acc_sim = 0.840 | acc_phy = 0.709 
| epoch = 6 | step =    90 | loss_onn = 1.802 | loss_cn = 0.00000000 | acc_sim = 0.841 | acc_phy = 0.709 
| epoch = 6 | step =   100 | loss_onn = 1.801 | loss_cn = 0.00000000 | acc_sim = 0.840 | acc_phy = 0.710 
| epoch = 6 | step =   110 | loss_onn = 1.802 | loss_cn = 0.00000000 | acc_sim = 0.840 | acc_phy = 0.709 
| epoch = 6 | step =   120 | loss_onn = 1.802 | loss_cn = 0.00000000 | acc_sim = 0.840 | acc_phy = 0.709 
Phy accuracy of the network on 10000 test images: 0.711


Current training epoch: 7, learning rate for onn: 0.001, 
| epoch = 7 | step =    10 | loss_onn = 1.799 | loss_cn = 0.00000000 | acc_sim = 0.836 | acc_phy = 0.711 
| epoch = 7 | step =    20 | loss_onn = 1.802 | loss_cn = 0.00000000 | acc_sim = 0.838 | acc_phy = 0.707 
| epoch = 7 | step =    30 | loss_onn = 1.800 | loss_cn = 0.00000000 | acc_sim = 0.844 | acc_phy = 0.712 
| epoch = 7 | step =    40 | loss_onn = 1.802 | loss_cn = 0.00000000 | acc_sim = 0.842 | acc_phy = 0.707 
| epoch = 7 | step =    50 | loss_onn = 1.800 | loss_cn = 0.00000000 | acc_sim = 0.844 | acc_phy = 0.711 
| epoch = 7 | step =    60 | loss_onn = 1.801 | loss_cn = 0.00000000 | acc_sim = 0.844 | acc_phy = 0.708 
| epoch = 7 | step =    70 | loss_onn = 1.800 | loss_cn = 0.00000000 | acc_sim = 0.845 | acc_phy = 0.711 
| epoch = 7 | step =    80 | loss_onn = 1.799 | loss_cn = 0.00000000 | acc_sim = 0.844 | acc_phy = 0.711 
| epoch = 7 | step =    90 | loss_onn = 1.798 | loss_cn = 0.00000000 | acc_sim = 0.845 | acc_phy = 0.712 
| epoch = 7 | step =   100 | loss_onn = 1.798 | loss_cn = 0.00000000 | acc_sim = 0.845 | acc_phy = 0.712 
| epoch = 7 | step =   110 | loss_onn = 1.798 | loss_cn = 0.00000000 | acc_sim = 0.845 | acc_phy = 0.712 
| epoch = 7 | step =   120 | loss_onn = 1.798 | loss_cn = 0.00000000 | acc_sim = 0.845 | acc_phy = 0.712 
Phy accuracy of the network on 10000 test images: 0.687


Current training epoch: 8, learning rate for onn: 0.001, 
| epoch = 8 | step =    10 | loss_onn = 1.801 | loss_cn = 0.00000000 | acc_sim = 0.846 | acc_phy = 0.697 
| epoch = 8 | step =    20 | loss_onn = 1.800 | loss_cn = 0.00000000 | acc_sim = 0.845 | acc_phy = 0.701 
| epoch = 8 | step =    30 | loss_onn = 1.802 | loss_cn = 0.00000000 | acc_sim = 0.845 | acc_phy = 0.701 
| epoch = 8 | step =    40 | loss_onn = 1.799 | loss_cn = 0.00000000 | acc_sim = 0.847 | acc_phy = 0.705 
| epoch = 8 | step =    50 | loss_onn = 1.798 | loss_cn = 0.00000000 | acc_sim = 0.847 | acc_phy = 0.706 
| epoch = 8 | step =    60 | loss_onn = 1.796 | loss_cn = 0.00000000 | acc_sim = 0.847 | acc_phy = 0.707 
| epoch = 8 | step =    70 | loss_onn = 1.795 | loss_cn = 0.00000000 | acc_sim = 0.846 | acc_phy = 0.707 
| epoch = 8 | step =    80 | loss_onn = 1.797 | loss_cn = 0.00000000 | acc_sim = 0.846 | acc_phy = 0.706 
| epoch = 8 | step =    90 | loss_onn = 1.796 | loss_cn = 0.00000000 | acc_sim = 0.846 | acc_phy = 0.707 
| epoch = 8 | step =   100 | loss_onn = 1.796 | loss_cn = 0.00000000 | acc_sim = 0.847 | acc_phy = 0.708 
| epoch = 8 | step =   110 | loss_onn = 1.795 | loss_cn = 0.00000000 | acc_sim = 0.848 | acc_phy = 0.709 
| epoch = 8 | step =   120 | loss_onn = 1.794 | loss_cn = 0.00000000 | acc_sim = 0.848 | acc_phy = 0.709 
Phy accuracy of the network on 10000 test images: 0.701


Current training epoch: 9, learning rate for onn: 0.001, 
| epoch = 9 | step =    10 | loss_onn = 1.792 | loss_cn = 0.00000000 | acc_sim = 0.845 | acc_phy = 0.713 
| epoch = 9 | step =    20 | loss_onn = 1.788 | loss_cn = 0.00000000 | acc_sim = 0.850 | acc_phy = 0.714 
| epoch = 9 | step =    30 | loss_onn = 1.791 | loss_cn = 0.00000000 | acc_sim = 0.850 | acc_phy = 0.707 
| epoch = 9 | step =    40 | loss_onn = 1.790 | loss_cn = 0.00000000 | acc_sim = 0.850 | acc_phy = 0.708 
| epoch = 9 | step =    50 | loss_onn = 1.789 | loss_cn = 0.00000000 | acc_sim = 0.850 | acc_phy = 0.710 
| epoch = 9 | step =    60 | loss_onn = 1.789 | loss_cn = 0.00000000 | acc_sim = 0.848 | acc_phy = 0.710 
| epoch = 9 | step =    70 | loss_onn = 1.790 | loss_cn = 0.00000000 | acc_sim = 0.849 | acc_phy = 0.709 
| epoch = 9 | step =    80 | loss_onn = 1.789 | loss_cn = 0.00000000 | acc_sim = 0.849 | acc_phy = 0.710 
| epoch = 9 | step =    90 | loss_onn = 1.788 | loss_cn = 0.00000000 | acc_sim = 0.850 | acc_phy = 0.711 
| epoch = 9 | step =   100 | loss_onn = 1.788 | loss_cn = 0.00000000 | acc_sim = 0.850 | acc_phy = 0.712 
| epoch = 9 | step =   110 | loss_onn = 1.788 | loss_cn = 0.00000000 | acc_sim = 0.851 | acc_phy = 0.711 
| epoch = 9 | step =   120 | loss_onn = 1.788 | loss_cn = 0.00000000 | acc_sim = 0.851 | acc_phy = 0.710 
Phy accuracy of the network on 10000 test images: 0.672


Current training epoch: 10, learning rate for onn: 0.001, 
| epoch = 10 | step =    10 | loss_onn = 1.794 | loss_cn = 0.00000000 | acc_sim = 0.852 | acc_phy = 0.693 
| epoch = 10 | step =    20 | loss_onn = 1.790 | loss_cn = 0.00000000 | acc_sim = 0.856 | acc_phy = 0.703 
| epoch = 10 | step =    30 | loss_onn = 1.790 | loss_cn = 0.00000000 | acc_sim = 0.856 | acc_phy = 0.702 
| epoch = 10 | step =    40 | loss_onn = 1.793 | loss_cn = 0.00000000 | acc_sim = 0.855 | acc_phy = 0.699 
| epoch = 10 | step =    50 | loss_onn = 1.791 | loss_cn = 0.00000000 | acc_sim = 0.855 | acc_phy = 0.702 
| epoch = 10 | step =    60 | loss_onn = 1.791 | loss_cn = 0.00000000 | acc_sim = 0.855 | acc_phy = 0.702 
| epoch = 10 | step =    70 | loss_onn = 1.790 | loss_cn = 0.00000000 | acc_sim = 0.855 | acc_phy = 0.702 
| epoch = 10 | step =    80 | loss_onn = 1.790 | loss_cn = 0.00000000 | acc_sim = 0.854 | acc_phy = 0.703 
| epoch = 10 | step =    90 | loss_onn = 1.790 | loss_cn = 0.00000000 | acc_sim = 0.853 | acc_phy = 0.704 
| epoch = 10 | step =   100 | loss_onn = 1.790 | loss_cn = 0.00000000 | acc_sim = 0.853 | acc_phy = 0.703 
| epoch = 10 | step =   110 | loss_onn = 1.790 | loss_cn = 0.00000000 | acc_sim = 0.853 | acc_phy = 0.704 
| epoch = 10 | step =   120 | loss_onn = 1.790 | loss_cn = 0.00000000 | acc_sim = 0.853 | acc_phy = 0.703 
Phy accuracy of the network on 10000 test images: 0.677


Current training epoch: 11, learning rate for onn: 0.0005, 
| epoch = 11 | step =    10 | loss_onn = 1.784 | loss_cn = 0.00000000 | acc_sim = 0.859 | acc_phy = 0.709 
| epoch = 11 | step =    20 | loss_onn = 1.781 | loss_cn = 0.00000000 | acc_sim = 0.857 | acc_phy = 0.715 
| epoch = 11 | step =    30 | loss_onn = 1.782 | loss_cn = 0.00000000 | acc_sim = 0.856 | acc_phy = 0.712 
| epoch = 11 | step =    40 | loss_onn = 1.785 | loss_cn = 0.00000000 | acc_sim = 0.853 | acc_phy = 0.708 
| epoch = 11 | step =    50 | loss_onn = 1.786 | loss_cn = 0.00000000 | acc_sim = 0.855 | acc_phy = 0.706 
| epoch = 11 | step =    60 | loss_onn = 1.786 | loss_cn = 0.00000000 | acc_sim = 0.855 | acc_phy = 0.707 
| epoch = 11 | step =    70 | loss_onn = 1.787 | loss_cn = 0.00000000 | acc_sim = 0.855 | acc_phy = 0.705 
| epoch = 11 | step =    80 | loss_onn = 1.786 | loss_cn = 0.00000000 | acc_sim = 0.856 | acc_phy = 0.706 
| epoch = 11 | step =    90 | loss_onn = 1.786 | loss_cn = 0.00000000 | acc_sim = 0.857 | acc_phy = 0.704 
| epoch = 11 | step =   100 | loss_onn = 1.786 | loss_cn = 0.00000000 | acc_sim = 0.858 | acc_phy = 0.705 
| epoch = 11 | step =   110 | loss_onn = 1.787 | loss_cn = 0.00000000 | acc_sim = 0.858 | acc_phy = 0.704 
| epoch = 11 | step =   120 | loss_onn = 1.787 | loss_cn = 0.00000000 | acc_sim = 0.858 | acc_phy = 0.704 
Phy accuracy of the network on 10000 test images: 0.701


Current training epoch: 12, learning rate for onn: 0.0005, 
| epoch = 12 | step =    10 | loss_onn = 1.779 | loss_cn = 0.00000000 | acc_sim = 0.858 | acc_phy = 0.712 
| epoch = 12 | step =    20 | loss_onn = 1.784 | loss_cn = 0.00000000 | acc_sim = 0.859 | acc_phy = 0.706 
| epoch = 12 | step =    30 | loss_onn = 1.788 | loss_cn = 0.00000000 | acc_sim = 0.860 | acc_phy = 0.702 
| epoch = 12 | step =    40 | loss_onn = 1.789 | loss_cn = 0.00000000 | acc_sim = 0.858 | acc_phy = 0.701 
| epoch = 12 | step =    50 | loss_onn = 1.787 | loss_cn = 0.00000000 | acc_sim = 0.859 | acc_phy = 0.703 
| epoch = 12 | step =    60 | loss_onn = 1.788 | loss_cn = 0.00000000 | acc_sim = 0.860 | acc_phy = 0.702 
| epoch = 12 | step =    70 | loss_onn = 1.787 | loss_cn = 0.00000000 | acc_sim = 0.859 | acc_phy = 0.703 
| epoch = 12 | step =    80 | loss_onn = 1.787 | loss_cn = 0.00000000 | acc_sim = 0.860 | acc_phy = 0.703 
| epoch = 12 | step =    90 | loss_onn = 1.787 | loss_cn = 0.00000000 | acc_sim = 0.859 | acc_phy = 0.703 
| epoch = 12 | step =   100 | loss_onn = 1.787 | loss_cn = 0.00000000 | acc_sim = 0.859 | acc_phy = 0.704 
| epoch = 12 | step =   110 | loss_onn = 1.787 | loss_cn = 0.00000000 | acc_sim = 0.858 | acc_phy = 0.703 
| epoch = 12 | step =   120 | loss_onn = 1.787 | loss_cn = 0.00000000 | acc_sim = 0.859 | acc_phy = 0.703 
Phy accuracy of the network on 10000 test images: 0.671


Current training epoch: 13, learning rate for onn: 0.0005, 
| epoch = 13 | step =    10 | loss_onn = 1.793 | loss_cn = 0.00000000 | acc_sim = 0.861 | acc_phy = 0.695 
| epoch = 13 | step =    20 | loss_onn = 1.782 | loss_cn = 0.00000000 | acc_sim = 0.862 | acc_phy = 0.710 
| epoch = 13 | step =    30 | loss_onn = 1.787 | loss_cn = 0.00000000 | acc_sim = 0.859 | acc_phy = 0.705 
| epoch = 13 | step =    40 | loss_onn = 1.787 | loss_cn = 0.00000000 | acc_sim = 0.857 | acc_phy = 0.704 
| epoch = 13 | step =    50 | loss_onn = 1.786 | loss_cn = 0.00000000 | acc_sim = 0.857 | acc_phy = 0.704 
| epoch = 13 | step =    60 | loss_onn = 1.786 | loss_cn = 0.00000000 | acc_sim = 0.858 | acc_phy = 0.703 
| epoch = 13 | step =    70 | loss_onn = 1.785 | loss_cn = 0.00000000 | acc_sim = 0.859 | acc_phy = 0.703 
| epoch = 13 | step =    80 | loss_onn = 1.786 | loss_cn = 0.00000000 | acc_sim = 0.858 | acc_phy = 0.702 
| epoch = 13 | step =    90 | loss_onn = 1.786 | loss_cn = 0.00000000 | acc_sim = 0.859 | acc_phy = 0.702 
| epoch = 13 | step =   100 | loss_onn = 1.786 | loss_cn = 0.00000000 | acc_sim = 0.859 | acc_phy = 0.702 
| epoch = 13 | step =   110 | loss_onn = 1.786 | loss_cn = 0.00000000 | acc_sim = 0.859 | acc_phy = 0.702 
| epoch = 13 | step =   120 | loss_onn = 1.786 | loss_cn = 0.00000000 | acc_sim = 0.859 | acc_phy = 0.701 
Phy accuracy of the network on 10000 test images: 0.687


Current training epoch: 14, learning rate for onn: 0.0005, 
| epoch = 14 | step =    10 | loss_onn = 1.793 | loss_cn = 0.00000000 | acc_sim = 0.858 | acc_phy = 0.693 
| epoch = 14 | step =    20 | loss_onn = 1.798 | loss_cn = 0.00000000 | acc_sim = 0.857 | acc_phy = 0.685 
| epoch = 14 | step =    30 | loss_onn = 1.792 | loss_cn = 0.00000000 | acc_sim = 0.860 | acc_phy = 0.694 
| epoch = 14 | step =    40 | loss_onn = 1.792 | loss_cn = 0.00000000 | acc_sim = 0.861 | acc_phy = 0.694 
| epoch = 14 | step =    50 | loss_onn = 1.792 | loss_cn = 0.00000000 | acc_sim = 0.861 | acc_phy = 0.693 
| epoch = 14 | step =    60 | loss_onn = 1.791 | loss_cn = 0.00000000 | acc_sim = 0.860 | acc_phy = 0.694 
| epoch = 14 | step =    70 | loss_onn = 1.790 | loss_cn = 0.00000000 | acc_sim = 0.860 | acc_phy = 0.695 
| epoch = 14 | step =    80 | loss_onn = 1.791 | loss_cn = 0.00000000 | acc_sim = 0.860 | acc_phy = 0.694 
| epoch = 14 | step =    90 | loss_onn = 1.790 | loss_cn = 0.00000000 | acc_sim = 0.861 | acc_phy = 0.695 
| epoch = 14 | step =   100 | loss_onn = 1.788 | loss_cn = 0.00000000 | acc_sim = 0.861 | acc_phy = 0.697 
| epoch = 14 | step =   110 | loss_onn = 1.789 | loss_cn = 0.00000000 | acc_sim = 0.861 | acc_phy = 0.697 
| epoch = 14 | step =   120 | loss_onn = 1.789 | loss_cn = 0.00000000 | acc_sim = 0.861 | acc_phy = 0.697 
Phy accuracy of the network on 10000 test images: 0.677


Current training epoch: 15, learning rate for onn: 0.0005, 
| epoch = 15 | step =    10 | loss_onn = 1.776 | loss_cn = 0.00000000 | acc_sim = 0.867 | acc_phy = 0.710 
| epoch = 15 | step =    20 | loss_onn = 1.781 | loss_cn = 0.00000000 | acc_sim = 0.862 | acc_phy = 0.706 
| epoch = 15 | step =    30 | loss_onn = 1.787 | loss_cn = 0.00000000 | acc_sim = 0.861 | acc_phy = 0.698 
| epoch = 15 | step =    40 | loss_onn = 1.786 | loss_cn = 0.00000000 | acc_sim = 0.863 | acc_phy = 0.699 
| epoch = 15 | step =    50 | loss_onn = 1.786 | loss_cn = 0.00000000 | acc_sim = 0.863 | acc_phy = 0.699 
| epoch = 15 | step =    60 | loss_onn = 1.785 | loss_cn = 0.00000000 | acc_sim = 0.862 | acc_phy = 0.701 
| epoch = 15 | step =    70 | loss_onn = 1.785 | loss_cn = 0.00000000 | acc_sim = 0.862 | acc_phy = 0.701 
| epoch = 15 | step =    80 | loss_onn = 1.785 | loss_cn = 0.00000000 | acc_sim = 0.861 | acc_phy = 0.701 
| epoch = 15 | step =    90 | loss_onn = 1.785 | loss_cn = 0.00000000 | acc_sim = 0.862 | acc_phy = 0.701 
| epoch = 15 | step =   100 | loss_onn = 1.785 | loss_cn = 0.00000000 | acc_sim = 0.861 | acc_phy = 0.701 
| epoch = 15 | step =   110 | loss_onn = 1.786 | loss_cn = 0.00000000 | acc_sim = 0.860 | acc_phy = 0.700 
| epoch = 15 | step =   120 | loss_onn = 1.786 | loss_cn = 0.00000000 | acc_sim = 0.861 | acc_phy = 0.700 
Phy accuracy of the network on 10000 test images: 0.699


Current training epoch: 16, learning rate for onn: 0.0005, 
| epoch = 16 | step =    10 | loss_onn = 1.778 | loss_cn = 0.00000000 | acc_sim = 0.866 | acc_phy = 0.716 
| epoch = 16 | step =    20 | loss_onn = 1.787 | loss_cn = 0.00000000 | acc_sim = 0.862 | acc_phy = 0.701 
| epoch = 16 | step =    30 | loss_onn = 1.787 | loss_cn = 0.00000000 | acc_sim = 0.862 | acc_phy = 0.699 
| epoch = 16 | step =    40 | loss_onn = 1.784 | loss_cn = 0.00000000 | acc_sim = 0.863 | acc_phy = 0.704 
| epoch = 16 | step =    50 | loss_onn = 1.785 | loss_cn = 0.00000000 | acc_sim = 0.862 | acc_phy = 0.701 
| epoch = 16 | step =    60 | loss_onn = 1.785 | loss_cn = 0.00000000 | acc_sim = 0.862 | acc_phy = 0.702 
| epoch = 16 | step =    70 | loss_onn = 1.785 | loss_cn = 0.00000000 | acc_sim = 0.863 | acc_phy = 0.702 
| epoch = 16 | step =    80 | loss_onn = 1.784 | loss_cn = 0.00000000 | acc_sim = 0.863 | acc_phy = 0.702 
| epoch = 16 | step =    90 | loss_onn = 1.784 | loss_cn = 0.00000000 | acc_sim = 0.863 | acc_phy = 0.701 
| epoch = 16 | step =   100 | loss_onn = 1.785 | loss_cn = 0.00000000 | acc_sim = 0.863 | acc_phy = 0.700 
| epoch = 16 | step =   110 | loss_onn = 1.786 | loss_cn = 0.00000000 | acc_sim = 0.862 | acc_phy = 0.698 
| epoch = 16 | step =   120 | loss_onn = 1.786 | loss_cn = 0.00000000 | acc_sim = 0.862 | acc_phy = 0.699 
Phy accuracy of the network on 10000 test images: 0.697


Current training epoch: 17, learning rate for onn: 0.0005, 
| epoch = 17 | step =    10 | loss_onn = 1.784 | loss_cn = 0.00000000 | acc_sim = 0.860 | acc_phy = 0.699 
| epoch = 17 | step =    20 | loss_onn = 1.787 | loss_cn = 0.00000000 | acc_sim = 0.862 | acc_phy = 0.694 
| epoch = 17 | step =    30 | loss_onn = 1.786 | loss_cn = 0.00000000 | acc_sim = 0.861 | acc_phy = 0.695 
| epoch = 17 | step =    40 | loss_onn = 1.788 | loss_cn = 0.00000000 | acc_sim = 0.863 | acc_phy = 0.693 
| epoch = 17 | step =    50 | loss_onn = 1.790 | loss_cn = 0.00000000 | acc_sim = 0.863 | acc_phy = 0.691 
| epoch = 17 | step =    60 | loss_onn = 1.789 | loss_cn = 0.00000000 | acc_sim = 0.863 | acc_phy = 0.692 
| epoch = 17 | step =    70 | loss_onn = 1.788 | loss_cn = 0.00000000 | acc_sim = 0.862 | acc_phy = 0.694 
| epoch = 17 | step =    80 | loss_onn = 1.789 | loss_cn = 0.00000000 | acc_sim = 0.861 | acc_phy = 0.694 
| epoch = 17 | step =    90 | loss_onn = 1.787 | loss_cn = 0.00000000 | acc_sim = 0.862 | acc_phy = 0.697 
| epoch = 17 | step =   100 | loss_onn = 1.786 | loss_cn = 0.00000000 | acc_sim = 0.862 | acc_phy = 0.698 
| epoch = 17 | step =   110 | loss_onn = 1.786 | loss_cn = 0.00000000 | acc_sim = 0.862 | acc_phy = 0.698 
| epoch = 17 | step =   120 | loss_onn = 1.786 | loss_cn = 0.00000000 | acc_sim = 0.862 | acc_phy = 0.697 
Phy accuracy of the network on 10000 test images: 0.673


Current training epoch: 18, learning rate for onn: 0.0005, 
| epoch = 18 | step =    10 | loss_onn = 1.787 | loss_cn = 0.00000000 | acc_sim = 0.868 | acc_phy = 0.692 
| epoch = 18 | step =    20 | loss_onn = 1.792 | loss_cn = 0.00000000 | acc_sim = 0.863 | acc_phy = 0.685 
| epoch = 18 | step =    30 | loss_onn = 1.792 | loss_cn = 0.00000000 | acc_sim = 0.864 | acc_phy = 0.686 
| epoch = 18 | step =    40 | loss_onn = 1.790 | loss_cn = 0.00000000 | acc_sim = 0.861 | acc_phy = 0.689 
| epoch = 18 | step =    50 | loss_onn = 1.791 | loss_cn = 0.00000000 | acc_sim = 0.861 | acc_phy = 0.688 
| epoch = 18 | step =    60 | loss_onn = 1.788 | loss_cn = 0.00000000 | acc_sim = 0.863 | acc_phy = 0.693 
| epoch = 18 | step =    70 | loss_onn = 1.788 | loss_cn = 0.00000000 | acc_sim = 0.862 | acc_phy = 0.694 
| epoch = 18 | step =    80 | loss_onn = 1.788 | loss_cn = 0.00000000 | acc_sim = 0.862 | acc_phy = 0.693 
| epoch = 18 | step =    90 | loss_onn = 1.787 | loss_cn = 0.00000000 | acc_sim = 0.862 | acc_phy = 0.695 
| epoch = 18 | step =   100 | loss_onn = 1.786 | loss_cn = 0.00000000 | acc_sim = 0.862 | acc_phy = 0.695 
| epoch = 18 | step =   110 | loss_onn = 1.787 | loss_cn = 0.00000000 | acc_sim = 0.862 | acc_phy = 0.694 
| epoch = 18 | step =   120 | loss_onn = 1.787 | loss_cn = 0.00000000 | acc_sim = 0.863 | acc_phy = 0.695 
Phy accuracy of the network on 10000 test images: 0.682


Current training epoch: 19, learning rate for onn: 0.0005, 
| epoch = 19 | step =    10 | loss_onn = 1.788 | loss_cn = 0.00000000 | acc_sim = 0.864 | acc_phy = 0.691 
| epoch = 19 | step =    20 | loss_onn = 1.784 | loss_cn = 0.00000000 | acc_sim = 0.864 | acc_phy = 0.697 
| epoch = 19 | step =    30 | loss_onn = 1.785 | loss_cn = 0.00000000 | acc_sim = 0.865 | acc_phy = 0.698 
| epoch = 19 | step =    40 | loss_onn = 1.783 | loss_cn = 0.00000000 | acc_sim = 0.865 | acc_phy = 0.702 
| epoch = 19 | step =    50 | loss_onn = 1.782 | loss_cn = 0.00000000 | acc_sim = 0.864 | acc_phy = 0.704 
| epoch = 19 | step =    60 | loss_onn = 1.784 | loss_cn = 0.00000000 | acc_sim = 0.863 | acc_phy = 0.701 
| epoch = 19 | step =    70 | loss_onn = 1.785 | loss_cn = 0.00000000 | acc_sim = 0.863 | acc_phy = 0.699 
| epoch = 19 | step =    80 | loss_onn = 1.787 | loss_cn = 0.00000000 | acc_sim = 0.863 | acc_phy = 0.696 
| epoch = 19 | step =    90 | loss_onn = 1.786 | loss_cn = 0.00000000 | acc_sim = 0.863 | acc_phy = 0.696 
| epoch = 19 | step =   100 | loss_onn = 1.786 | loss_cn = 0.00000000 | acc_sim = 0.863 | acc_phy = 0.696 
| epoch = 19 | step =   110 | loss_onn = 1.786 | loss_cn = 0.00000000 | acc_sim = 0.863 | acc_phy = 0.696 
| epoch = 19 | step =   120 | loss_onn = 1.785 | loss_cn = 0.00000000 | acc_sim = 0.862 | acc_phy = 0.697 
Phy accuracy of the network on 10000 test images: 0.692


Current training epoch: 20, learning rate for onn: 0.0005, 
| epoch = 20 | step =    10 | loss_onn = 1.785 | loss_cn = 0.00000000 | acc_sim = 0.872 | acc_phy = 0.697 
| epoch = 20 | step =    20 | loss_onn = 1.783 | loss_cn = 0.00000000 | acc_sim = 0.868 | acc_phy = 0.700 
| epoch = 20 | step =    30 | loss_onn = 1.782 | loss_cn = 0.00000000 | acc_sim = 0.867 | acc_phy = 0.699 
| epoch = 20 | step =    40 | loss_onn = 1.782 | loss_cn = 0.00000000 | acc_sim = 0.866 | acc_phy = 0.700 
| epoch = 20 | step =    50 | loss_onn = 1.783 | loss_cn = 0.00000000 | acc_sim = 0.865 | acc_phy = 0.700 
| epoch = 20 | step =    60 | loss_onn = 1.783 | loss_cn = 0.00000000 | acc_sim = 0.866 | acc_phy = 0.699 
| epoch = 20 | step =    70 | loss_onn = 1.784 | loss_cn = 0.00000000 | acc_sim = 0.867 | acc_phy = 0.697 
| epoch = 20 | step =    80 | loss_onn = 1.784 | loss_cn = 0.00000000 | acc_sim = 0.866 | acc_phy = 0.697 
| epoch = 20 | step =    90 | loss_onn = 1.783 | loss_cn = 0.00000000 | acc_sim = 0.866 | acc_phy = 0.698 
| epoch = 20 | step =   100 | loss_onn = 1.784 | loss_cn = 0.00000000 | acc_sim = 0.865 | acc_phy = 0.698 
| epoch = 20 | step =   110 | loss_onn = 1.784 | loss_cn = 0.00000000 | acc_sim = 0.865 | acc_phy = 0.698 
| epoch = 20 | step =   120 | loss_onn = 1.783 | loss_cn = 0.00000000 | acc_sim = 0.864 | acc_phy = 0.698 
Phy accuracy of the network on 10000 test images: 0.680


Current training epoch: 21, learning rate for onn: 0.00025, 
| epoch = 21 | step =    10 | loss_onn = 1.794 | loss_cn = 0.00000000 | acc_sim = 0.860 | acc_phy = 0.682 
| epoch = 21 | step =    20 | loss_onn = 1.785 | loss_cn = 0.00000000 | acc_sim = 0.866 | acc_phy = 0.695 
| epoch = 21 | step =    30 | loss_onn = 1.785 | loss_cn = 0.00000000 | acc_sim = 0.866 | acc_phy = 0.696 
| epoch = 21 | step =    40 | loss_onn = 1.787 | loss_cn = 0.00000000 | acc_sim = 0.864 | acc_phy = 0.693 
| epoch = 21 | step =    50 | loss_onn = 1.786 | loss_cn = 0.00000000 | acc_sim = 0.863 | acc_phy = 0.694 
| epoch = 21 | step =    60 | loss_onn = 1.786 | loss_cn = 0.00000000 | acc_sim = 0.864 | acc_phy = 0.694 
| epoch = 21 | step =    70 | loss_onn = 1.786 | loss_cn = 0.00000000 | acc_sim = 0.865 | acc_phy = 0.693 
| epoch = 21 | step =    80 | loss_onn = 1.786 | loss_cn = 0.00000000 | acc_sim = 0.865 | acc_phy = 0.694 
| epoch = 21 | step =    90 | loss_onn = 1.786 | loss_cn = 0.00000000 | acc_sim = 0.865 | acc_phy = 0.693 
| epoch = 21 | step =   100 | loss_onn = 1.785 | loss_cn = 0.00000000 | acc_sim = 0.865 | acc_phy = 0.695 
| epoch = 21 | step =   110 | loss_onn = 1.785 | loss_cn = 0.00000000 | acc_sim = 0.866 | acc_phy = 0.694 
| epoch = 21 | step =   120 | loss_onn = 1.784 | loss_cn = 0.00000000 | acc_sim = 0.867 | acc_phy = 0.696 
Phy accuracy of the network on 10000 test images: 0.676


Current training epoch: 22, learning rate for onn: 0.00025, 
| epoch = 22 | step =    10 | loss_onn = 1.791 | loss_cn = 0.00000000 | acc_sim = 0.867 | acc_phy = 0.691 
| epoch = 22 | step =    20 | loss_onn = 1.784 | loss_cn = 0.00000000 | acc_sim = 0.866 | acc_phy = 0.699 
| epoch = 22 | step =    30 | loss_onn = 1.782 | loss_cn = 0.00000000 | acc_sim = 0.867 | acc_phy = 0.702 
| epoch = 22 | step =    40 | loss_onn = 1.783 | loss_cn = 0.00000000 | acc_sim = 0.866 | acc_phy = 0.700 
| epoch = 22 | step =    50 | loss_onn = 1.782 | loss_cn = 0.00000000 | acc_sim = 0.865 | acc_phy = 0.700 
| epoch = 22 | step =    60 | loss_onn = 1.783 | loss_cn = 0.00000000 | acc_sim = 0.864 | acc_phy = 0.697 
| epoch = 22 | step =    70 | loss_onn = 1.782 | loss_cn = 0.00000000 | acc_sim = 0.865 | acc_phy = 0.697 
| epoch = 22 | step =    80 | loss_onn = 1.783 | loss_cn = 0.00000000 | acc_sim = 0.865 | acc_phy = 0.696 
| epoch = 22 | step =    90 | loss_onn = 1.783 | loss_cn = 0.00000000 | acc_sim = 0.865 | acc_phy = 0.696 
| epoch = 22 | step =   100 | loss_onn = 1.784 | loss_cn = 0.00000000 | acc_sim = 0.866 | acc_phy = 0.695 
| epoch = 22 | step =   110 | loss_onn = 1.784 | loss_cn = 0.00000000 | acc_sim = 0.866 | acc_phy = 0.696 
| epoch = 22 | step =   120 | loss_onn = 1.783 | loss_cn = 0.00000000 | acc_sim = 0.867 | acc_phy = 0.696 
Phy accuracy of the network on 10000 test images: 0.692


Current training epoch: 23, learning rate for onn: 0.00025, 
| epoch = 23 | step =    10 | loss_onn = 1.792 | loss_cn = 0.00000000 | acc_sim = 0.863 | acc_phy = 0.690 
| epoch = 23 | step =    20 | loss_onn = 1.791 | loss_cn = 0.00000000 | acc_sim = 0.860 | acc_phy = 0.688 
| epoch = 23 | step =    30 | loss_onn = 1.789 | loss_cn = 0.00000000 | acc_sim = 0.861 | acc_phy = 0.688 
| epoch = 23 | step =    40 | loss_onn = 1.786 | loss_cn = 0.00000000 | acc_sim = 0.863 | acc_phy = 0.694 
| epoch = 23 | step =    50 | loss_onn = 1.787 | loss_cn = 0.00000000 | acc_sim = 0.863 | acc_phy = 0.693 
| epoch = 23 | step =    60 | loss_onn = 1.786 | loss_cn = 0.00000000 | acc_sim = 0.865 | acc_phy = 0.694 
| epoch = 23 | step =    70 | loss_onn = 1.784 | loss_cn = 0.00000000 | acc_sim = 0.865 | acc_phy = 0.696 
| epoch = 23 | step =    80 | loss_onn = 1.784 | loss_cn = 0.00000000 | acc_sim = 0.866 | acc_phy = 0.697 
| epoch = 23 | step =    90 | loss_onn = 1.784 | loss_cn = 0.00000000 | acc_sim = 0.867 | acc_phy = 0.696 
| epoch = 23 | step =   100 | loss_onn = 1.784 | loss_cn = 0.00000000 | acc_sim = 0.867 | acc_phy = 0.696 
| epoch = 23 | step =   110 | loss_onn = 1.783 | loss_cn = 0.00000000 | acc_sim = 0.867 | acc_phy = 0.698 
| epoch = 23 | step =   120 | loss_onn = 1.784 | loss_cn = 0.00000000 | acc_sim = 0.867 | acc_phy = 0.696 
Phy accuracy of the network on 10000 test images: 0.678


Current training epoch: 24, learning rate for onn: 0.00025, 
| epoch = 24 | step =    10 | loss_onn = 1.787 | loss_cn = 0.00000000 | acc_sim = 0.868 | acc_phy = 0.693 
| epoch = 24 | step =    20 | loss_onn = 1.782 | loss_cn = 0.00000000 | acc_sim = 0.869 | acc_phy = 0.699 
| epoch = 24 | step =    30 | loss_onn = 1.784 | loss_cn = 0.00000000 | acc_sim = 0.868 | acc_phy = 0.698 
| epoch = 24 | step =    40 | loss_onn = 1.781 | loss_cn = 0.00000000 | acc_sim = 0.870 | acc_phy = 0.702 
| epoch = 24 | step =    50 | loss_onn = 1.783 | loss_cn = 0.00000000 | acc_sim = 0.870 | acc_phy = 0.698 
| epoch = 24 | step =    60 | loss_onn = 1.783 | loss_cn = 0.00000000 | acc_sim = 0.869 | acc_phy = 0.697 
| epoch = 24 | step =    70 | loss_onn = 1.784 | loss_cn = 0.00000000 | acc_sim = 0.867 | acc_phy = 0.698 
| epoch = 24 | step =    80 | loss_onn = 1.783 | loss_cn = 0.00000000 | acc_sim = 0.868 | acc_phy = 0.698 
| epoch = 24 | step =    90 | loss_onn = 1.783 | loss_cn = 0.00000000 | acc_sim = 0.868 | acc_phy = 0.697 
| epoch = 24 | step =   100 | loss_onn = 1.783 | loss_cn = 0.00000000 | acc_sim = 0.867 | acc_phy = 0.698 
| epoch = 24 | step =   110 | loss_onn = 1.783 | loss_cn = 0.00000000 | acc_sim = 0.867 | acc_phy = 0.698 
| epoch = 24 | step =   120 | loss_onn = 1.783 | loss_cn = 0.00000000 | acc_sim = 0.867 | acc_phy = 0.697 
Phy accuracy of the network on 10000 test images: 0.687


Current training epoch: 25, learning rate for onn: 0.00025, 
| epoch = 25 | step =    10 | loss_onn = 1.782 | loss_cn = 0.00000000 | acc_sim = 0.870 | acc_phy = 0.706 
| epoch = 25 | step =    20 | loss_onn = 1.780 | loss_cn = 0.00000000 | acc_sim = 0.870 | acc_phy = 0.706 
| epoch = 25 | step =    30 | loss_onn = 1.783 | loss_cn = 0.00000000 | acc_sim = 0.869 | acc_phy = 0.701 
| epoch = 25 | step =    40 | loss_onn = 1.784 | loss_cn = 0.00000000 | acc_sim = 0.868 | acc_phy = 0.699 
| epoch = 25 | step =    50 | loss_onn = 1.785 | loss_cn = 0.00000000 | acc_sim = 0.868 | acc_phy = 0.697 
| epoch = 25 | step =    60 | loss_onn = 1.785 | loss_cn = 0.00000000 | acc_sim = 0.868 | acc_phy = 0.696 
| epoch = 25 | step =    70 | loss_onn = 1.785 | loss_cn = 0.00000000 | acc_sim = 0.867 | acc_phy = 0.696 
| epoch = 25 | step =    80 | loss_onn = 1.784 | loss_cn = 0.00000000 | acc_sim = 0.867 | acc_phy = 0.697 
| epoch = 25 | step =    90 | loss_onn = 1.784 | loss_cn = 0.00000000 | acc_sim = 0.867 | acc_phy = 0.696 
| epoch = 25 | step =   100 | loss_onn = 1.785 | loss_cn = 0.00000000 | acc_sim = 0.868 | acc_phy = 0.695 
| epoch = 25 | step =   110 | loss_onn = 1.784 | loss_cn = 0.00000000 | acc_sim = 0.867 | acc_phy = 0.696 
| epoch = 25 | step =   120 | loss_onn = 1.784 | loss_cn = 0.00000000 | acc_sim = 0.867 | acc_phy = 0.696 
Phy accuracy of the network on 10000 test images: 0.690


Current training epoch: 26, learning rate for onn: 0.00025, 
| epoch = 26 | step =    10 | loss_onn = 1.779 | loss_cn = 0.00000000 | acc_sim = 0.868 | acc_phy = 0.702 
| epoch = 26 | step =    20 | loss_onn = 1.784 | loss_cn = 0.00000000 | acc_sim = 0.871 | acc_phy = 0.693 
| epoch = 26 | step =    30 | loss_onn = 1.781 | loss_cn = 0.00000000 | acc_sim = 0.871 | acc_phy = 0.698 
| epoch = 26 | step =    40 | loss_onn = 1.781 | loss_cn = 0.00000000 | acc_sim = 0.871 | acc_phy = 0.700 
| epoch = 26 | step =    50 | loss_onn = 1.780 | loss_cn = 0.00000000 | acc_sim = 0.869 | acc_phy = 0.700 
| epoch = 26 | step =    60 | loss_onn = 1.781 | loss_cn = 0.00000000 | acc_sim = 0.870 | acc_phy = 0.698 
| epoch = 26 | step =    70 | loss_onn = 1.780 | loss_cn = 0.00000000 | acc_sim = 0.869 | acc_phy = 0.699 
| epoch = 26 | step =    80 | loss_onn = 1.782 | loss_cn = 0.00000000 | acc_sim = 0.868 | acc_phy = 0.697 
| epoch = 26 | step =    90 | loss_onn = 1.782 | loss_cn = 0.00000000 | acc_sim = 0.868 | acc_phy = 0.697 
| epoch = 26 | step =   100 | loss_onn = 1.783 | loss_cn = 0.00000000 | acc_sim = 0.867 | acc_phy = 0.696 
| epoch = 26 | step =   110 | loss_onn = 1.783 | loss_cn = 0.00000000 | acc_sim = 0.868 | acc_phy = 0.696 
| epoch = 26 | step =   120 | loss_onn = 1.783 | loss_cn = 0.00000000 | acc_sim = 0.868 | acc_phy = 0.697 
Phy accuracy of the network on 10000 test images: 0.675


Current training epoch: 27, learning rate for onn: 0.00025, 
| epoch = 27 | step =    10 | loss_onn = 1.790 | loss_cn = 0.00000000 | acc_sim = 0.868 | acc_phy = 0.683 
| epoch = 27 | step =    20 | loss_onn = 1.789 | loss_cn = 0.00000000 | acc_sim = 0.866 | acc_phy = 0.687 
| epoch = 27 | step =    30 | loss_onn = 1.788 | loss_cn = 0.00000000 | acc_sim = 0.869 | acc_phy = 0.692 
| epoch = 27 | step =    40 | loss_onn = 1.788 | loss_cn = 0.00000000 | acc_sim = 0.868 | acc_phy = 0.691 
| epoch = 27 | step =    50 | loss_onn = 1.787 | loss_cn = 0.00000000 | acc_sim = 0.868 | acc_phy = 0.692 
| epoch = 27 | step =    60 | loss_onn = 1.786 | loss_cn = 0.00000000 | acc_sim = 0.868 | acc_phy = 0.693 
| epoch = 27 | step =    70 | loss_onn = 1.786 | loss_cn = 0.00000000 | acc_sim = 0.868 | acc_phy = 0.693 
| epoch = 27 | step =    80 | loss_onn = 1.787 | loss_cn = 0.00000000 | acc_sim = 0.867 | acc_phy = 0.692 
| epoch = 27 | step =    90 | loss_onn = 1.786 | loss_cn = 0.00000000 | acc_sim = 0.868 | acc_phy = 0.694 
| epoch = 27 | step =   100 | loss_onn = 1.786 | loss_cn = 0.00000000 | acc_sim = 0.868 | acc_phy = 0.694 
| epoch = 27 | step =   110 | loss_onn = 1.785 | loss_cn = 0.00000000 | acc_sim = 0.868 | acc_phy = 0.694 
| epoch = 27 | step =   120 | loss_onn = 1.785 | loss_cn = 0.00000000 | acc_sim = 0.868 | acc_phy = 0.695 
Phy accuracy of the network on 10000 test images: 0.690


Current training epoch: 28, learning rate for onn: 0.00025, 
| epoch = 28 | step =    10 | loss_onn = 1.783 | loss_cn = 0.00000000 | acc_sim = 0.864 | acc_phy = 0.696 
| epoch = 28 | step =    20 | loss_onn = 1.778 | loss_cn = 0.00000000 | acc_sim = 0.867 | acc_phy = 0.701 
| epoch = 28 | step =    30 | loss_onn = 1.778 | loss_cn = 0.00000000 | acc_sim = 0.869 | acc_phy = 0.701 
| epoch = 28 | step =    40 | loss_onn = 1.779 | loss_cn = 0.00000000 | acc_sim = 0.870 | acc_phy = 0.701 
| epoch = 28 | step =    50 | loss_onn = 1.779 | loss_cn = 0.00000000 | acc_sim = 0.871 | acc_phy = 0.701 
| epoch = 28 | step =    60 | loss_onn = 1.780 | loss_cn = 0.00000000 | acc_sim = 0.870 | acc_phy = 0.700 
| epoch = 28 | step =    70 | loss_onn = 1.782 | loss_cn = 0.00000000 | acc_sim = 0.870 | acc_phy = 0.696 
| epoch = 28 | step =    80 | loss_onn = 1.782 | loss_cn = 0.00000000 | acc_sim = 0.870 | acc_phy = 0.697 
| epoch = 28 | step =    90 | loss_onn = 1.782 | loss_cn = 0.00000000 | acc_sim = 0.869 | acc_phy = 0.697 
| epoch = 28 | step =   100 | loss_onn = 1.783 | loss_cn = 0.00000000 | acc_sim = 0.868 | acc_phy = 0.696 
| epoch = 28 | step =   110 | loss_onn = 1.783 | loss_cn = 0.00000000 | acc_sim = 0.868 | acc_phy = 0.697 
| epoch = 28 | step =   120 | loss_onn = 1.783 | loss_cn = 0.00000000 | acc_sim = 0.868 | acc_phy = 0.697 
Phy accuracy of the network on 10000 test images: 0.679


Current training epoch: 29, learning rate for onn: 0.00025, 
| epoch = 29 | step =    10 | loss_onn = 1.784 | loss_cn = 0.00000000 | acc_sim = 0.870 | acc_phy = 0.692 
| epoch = 29 | step =    20 | loss_onn = 1.785 | loss_cn = 0.00000000 | acc_sim = 0.869 | acc_phy = 0.694 
| epoch = 29 | step =    30 | loss_onn = 1.783 | loss_cn = 0.00000000 | acc_sim = 0.867 | acc_phy = 0.696 
| epoch = 29 | step =    40 | loss_onn = 1.783 | loss_cn = 0.00000000 | acc_sim = 0.867 | acc_phy = 0.697 
| epoch = 29 | step =    50 | loss_onn = 1.783 | loss_cn = 0.00000000 | acc_sim = 0.867 | acc_phy = 0.698 
| epoch = 29 | step =    60 | loss_onn = 1.784 | loss_cn = 0.00000000 | acc_sim = 0.868 | acc_phy = 0.695 
| epoch = 29 | step =    70 | loss_onn = 1.784 | loss_cn = 0.00000000 | acc_sim = 0.868 | acc_phy = 0.696 
| epoch = 29 | step =    80 | loss_onn = 1.784 | loss_cn = 0.00000000 | acc_sim = 0.868 | acc_phy = 0.696 
| epoch = 29 | step =    90 | loss_onn = 1.783 | loss_cn = 0.00000000 | acc_sim = 0.868 | acc_phy = 0.697 
| epoch = 29 | step =   100 | loss_onn = 1.784 | loss_cn = 0.00000000 | acc_sim = 0.868 | acc_phy = 0.696 
| epoch = 29 | step =   110 | loss_onn = 1.783 | loss_cn = 0.00000000 | acc_sim = 0.869 | acc_phy = 0.697 
| epoch = 29 | step =   120 | loss_onn = 1.783 | loss_cn = 0.00000000 | acc_sim = 0.869 | acc_phy = 0.696 
Phy accuracy of the network on 10000 test images: 0.678


Current training epoch: 30, learning rate for onn: 0.00025, 
| epoch = 30 | step =    10 | loss_onn = 1.776 | loss_cn = 0.00000000 | acc_sim = 0.869 | acc_phy = 0.705 
| epoch = 30 | step =    20 | loss_onn = 1.778 | loss_cn = 0.00000000 | acc_sim = 0.868 | acc_phy = 0.703 
| epoch = 30 | step =    30 | loss_onn = 1.779 | loss_cn = 0.00000000 | acc_sim = 0.867 | acc_phy = 0.701 
| epoch = 30 | step =    40 | loss_onn = 1.780 | loss_cn = 0.00000000 | acc_sim = 0.867 | acc_phy = 0.701 
| epoch = 30 | step =    50 | loss_onn = 1.781 | loss_cn = 0.00000000 | acc_sim = 0.868 | acc_phy = 0.700 
| epoch = 30 | step =    60 | loss_onn = 1.780 | loss_cn = 0.00000000 | acc_sim = 0.868 | acc_phy = 0.700 
| epoch = 30 | step =    70 | loss_onn = 1.781 | loss_cn = 0.00000000 | acc_sim = 0.868 | acc_phy = 0.698 
| epoch = 30 | step =    80 | loss_onn = 1.783 | loss_cn = 0.00000000 | acc_sim = 0.868 | acc_phy = 0.696 
| epoch = 30 | step =    90 | loss_onn = 1.782 | loss_cn = 0.00000000 | acc_sim = 0.868 | acc_phy = 0.697 
| epoch = 30 | step =   100 | loss_onn = 1.783 | loss_cn = 0.00000000 | acc_sim = 0.868 | acc_phy = 0.697 
| epoch = 30 | step =   110 | loss_onn = 1.782 | loss_cn = 0.00000000 | acc_sim = 0.868 | acc_phy = 0.697 
| epoch = 30 | step =   120 | loss_onn = 1.783 | loss_cn = 0.00000000 | acc_sim = 0.868 | acc_phy = 0.696 
Phy accuracy of the network on 10000 test images: 0.673


Current training epoch: 31, learning rate for onn: 0.000125, 
| epoch = 31 | step =    10 | loss_onn = 1.782 | loss_cn = 0.00000000 | acc_sim = 0.873 | acc_phy = 0.697 
| epoch = 31 | step =    20 | loss_onn = 1.781 | loss_cn = 0.00000000 | acc_sim = 0.868 | acc_phy = 0.701 
| epoch = 31 | step =    30 | loss_onn = 1.784 | loss_cn = 0.00000000 | acc_sim = 0.867 | acc_phy = 0.697 
| epoch = 31 | step =    40 | loss_onn = 1.783 | loss_cn = 0.00000000 | acc_sim = 0.868 | acc_phy = 0.697 
| epoch = 31 | step =    50 | loss_onn = 1.782 | loss_cn = 0.00000000 | acc_sim = 0.868 | acc_phy = 0.698 
| epoch = 31 | step =    60 | loss_onn = 1.782 | loss_cn = 0.00000000 | acc_sim = 0.869 | acc_phy = 0.698 
| epoch = 31 | step =    70 | loss_onn = 1.781 | loss_cn = 0.00000000 | acc_sim = 0.870 | acc_phy = 0.699 
| epoch = 31 | step =    80 | loss_onn = 1.783 | loss_cn = 0.00000000 | acc_sim = 0.869 | acc_phy = 0.697 
| epoch = 31 | step =    90 | loss_onn = 1.782 | loss_cn = 0.00000000 | acc_sim = 0.869 | acc_phy = 0.697 
| epoch = 31 | step =   100 | loss_onn = 1.782 | loss_cn = 0.00000000 | acc_sim = 0.870 | acc_phy = 0.697 
| epoch = 31 | step =   110 | loss_onn = 1.782 | loss_cn = 0.00000000 | acc_sim = 0.870 | acc_phy = 0.697 
| epoch = 31 | step =   120 | loss_onn = 1.782 | loss_cn = 0.00000000 | acc_sim = 0.870 | acc_phy = 0.698 
Phy accuracy of the network on 10000 test images: 0.681


Current training epoch: 32, learning rate for onn: 0.000125, 
| epoch = 32 | step =    10 | loss_onn = 1.782 | loss_cn = 0.00000000 | acc_sim = 0.875 | acc_phy = 0.694 
| epoch = 32 | step =    20 | loss_onn = 1.777 | loss_cn = 0.00000000 | acc_sim = 0.874 | acc_phy = 0.701 
| epoch = 32 | step =    30 | loss_onn = 1.779 | loss_cn = 0.00000000 | acc_sim = 0.872 | acc_phy = 0.700 
| epoch = 32 | step =    40 | loss_onn = 1.781 | loss_cn = 0.00000000 | acc_sim = 0.872 | acc_phy = 0.698 
| epoch = 32 | step =    50 | loss_onn = 1.781 | loss_cn = 0.00000000 | acc_sim = 0.870 | acc_phy = 0.698 
| epoch = 32 | step =    60 | loss_onn = 1.784 | loss_cn = 0.00000000 | acc_sim = 0.869 | acc_phy = 0.694 
| epoch = 32 | step =    70 | loss_onn = 1.783 | loss_cn = 0.00000000 | acc_sim = 0.870 | acc_phy = 0.696 
| epoch = 32 | step =    80 | loss_onn = 1.783 | loss_cn = 0.00000000 | acc_sim = 0.871 | acc_phy = 0.697 
| epoch = 32 | step =    90 | loss_onn = 1.782 | loss_cn = 0.00000000 | acc_sim = 0.870 | acc_phy = 0.698 
| epoch = 32 | step =   100 | loss_onn = 1.783 | loss_cn = 0.00000000 | acc_sim = 0.871 | acc_phy = 0.697 
| epoch = 32 | step =   110 | loss_onn = 1.784 | loss_cn = 0.00000000 | acc_sim = 0.870 | acc_phy = 0.695 
| epoch = 32 | step =   120 | loss_onn = 1.783 | loss_cn = 0.00000000 | acc_sim = 0.870 | acc_phy = 0.696 
Phy accuracy of the network on 10000 test images: 0.686


Current training epoch: 33, learning rate for onn: 0.000125, 
| epoch = 33 | step =    10 | loss_onn = 1.776 | loss_cn = 0.00000000 | acc_sim = 0.873 | acc_phy = 0.706 
| epoch = 33 | step =    20 | loss_onn = 1.777 | loss_cn = 0.00000000 | acc_sim = 0.873 | acc_phy = 0.705 
| epoch = 33 | step =    30 | loss_onn = 1.782 | loss_cn = 0.00000000 | acc_sim = 0.872 | acc_phy = 0.698 
| epoch = 33 | step =    40 | loss_onn = 1.782 | loss_cn = 0.00000000 | acc_sim = 0.870 | acc_phy = 0.697 
| epoch = 33 | step =    50 | loss_onn = 1.782 | loss_cn = 0.00000000 | acc_sim = 0.871 | acc_phy = 0.697 
| epoch = 33 | step =    60 | loss_onn = 1.781 | loss_cn = 0.00000000 | acc_sim = 0.870 | acc_phy = 0.697 
| epoch = 33 | step =    70 | loss_onn = 1.783 | loss_cn = 0.00000000 | acc_sim = 0.869 | acc_phy = 0.696 
| epoch = 33 | step =    80 | loss_onn = 1.783 | loss_cn = 0.00000000 | acc_sim = 0.869 | acc_phy = 0.696 
| epoch = 33 | step =    90 | loss_onn = 1.783 | loss_cn = 0.00000000 | acc_sim = 0.870 | acc_phy = 0.696 
| epoch = 33 | step =   100 | loss_onn = 1.782 | loss_cn = 0.00000000 | acc_sim = 0.870 | acc_phy = 0.697 
| epoch = 33 | step =   110 | loss_onn = 1.782 | loss_cn = 0.00000000 | acc_sim = 0.870 | acc_phy = 0.697 
| epoch = 33 | step =   120 | loss_onn = 1.782 | loss_cn = 0.00000000 | acc_sim = 0.870 | acc_phy = 0.697 
Phy accuracy of the network on 10000 test images: 0.681


Current training epoch: 34, learning rate for onn: 0.000125, 
| epoch = 34 | step =    10 | loss_onn = 1.782 | loss_cn = 0.00000000 | acc_sim = 0.868 | acc_phy = 0.690 
| epoch = 34 | step =    20 | loss_onn = 1.787 | loss_cn = 0.00000000 | acc_sim = 0.868 | acc_phy = 0.690 
| epoch = 34 | step =    30 | loss_onn = 1.786 | loss_cn = 0.00000000 | acc_sim = 0.868 | acc_phy = 0.692 
| epoch = 34 | step =    40 | loss_onn = 1.784 | loss_cn = 0.00000000 | acc_sim = 0.869 | acc_phy = 0.694 
| epoch = 34 | step =    50 | loss_onn = 1.783 | loss_cn = 0.00000000 | acc_sim = 0.870 | acc_phy = 0.695 
| epoch = 34 | step =    60 | loss_onn = 1.783 | loss_cn = 0.00000000 | acc_sim = 0.869 | acc_phy = 0.695 
| epoch = 34 | step =    70 | loss_onn = 1.782 | loss_cn = 0.00000000 | acc_sim = 0.869 | acc_phy = 0.696 
| epoch = 34 | step =    80 | loss_onn = 1.782 | loss_cn = 0.00000000 | acc_sim = 0.870 | acc_phy = 0.697 
| epoch = 34 | step =    90 | loss_onn = 1.782 | loss_cn = 0.00000000 | acc_sim = 0.870 | acc_phy = 0.697 
| epoch = 34 | step =   100 | loss_onn = 1.782 | loss_cn = 0.00000000 | acc_sim = 0.870 | acc_phy = 0.698 
| epoch = 34 | step =   110 | loss_onn = 1.782 | loss_cn = 0.00000000 | acc_sim = 0.870 | acc_phy = 0.697 
| epoch = 34 | step =   120 | loss_onn = 1.782 | loss_cn = 0.00000000 | acc_sim = 0.870 | acc_phy = 0.697 
Phy accuracy of the network on 10000 test images: 0.680


Current training epoch: 35, learning rate for onn: 0.000125, 
| epoch = 35 | step =    10 | loss_onn = 1.793 | loss_cn = 0.00000000 | acc_sim = 0.862 | acc_phy = 0.686 
| epoch = 35 | step =    20 | loss_onn = 1.789 | loss_cn = 0.00000000 | acc_sim = 0.865 | acc_phy = 0.692 
| epoch = 35 | step =    30 | loss_onn = 1.788 | loss_cn = 0.00000000 | acc_sim = 0.865 | acc_phy = 0.690 
| epoch = 35 | step =    40 | loss_onn = 1.786 | loss_cn = 0.00000000 | acc_sim = 0.868 | acc_phy = 0.691 
| epoch = 35 | step =    50 | loss_onn = 1.786 | loss_cn = 0.00000000 | acc_sim = 0.868 | acc_phy = 0.691 
| epoch = 35 | step =    60 | loss_onn = 1.784 | loss_cn = 0.00000000 | acc_sim = 0.870 | acc_phy = 0.694 
| epoch = 35 | step =    70 | loss_onn = 1.783 | loss_cn = 0.00000000 | acc_sim = 0.870 | acc_phy = 0.697 
| epoch = 35 | step =    80 | loss_onn = 1.783 | loss_cn = 0.00000000 | acc_sim = 0.870 | acc_phy = 0.698 
| epoch = 35 | step =    90 | loss_onn = 1.782 | loss_cn = 0.00000000 | acc_sim = 0.870 | acc_phy = 0.698 
| epoch = 35 | step =   100 | loss_onn = 1.782 | loss_cn = 0.00000000 | acc_sim = 0.870 | acc_phy = 0.698 
| epoch = 35 | step =   110 | loss_onn = 1.782 | loss_cn = 0.00000000 | acc_sim = 0.870 | acc_phy = 0.698 
| epoch = 35 | step =   120 | loss_onn = 1.782 | loss_cn = 0.00000000 | acc_sim = 0.870 | acc_phy = 0.698 
Phy accuracy of the network on 10000 test images: 0.684


Current training epoch: 36, learning rate for onn: 0.000125, 
| epoch = 36 | step =    10 | loss_onn = 1.785 | loss_cn = 0.00000000 | acc_sim = 0.871 | acc_phy = 0.693 
| epoch = 36 | step =    20 | loss_onn = 1.785 | loss_cn = 0.00000000 | acc_sim = 0.872 | acc_phy = 0.694 
| epoch = 36 | step =    30 | loss_onn = 1.784 | loss_cn = 0.00000000 | acc_sim = 0.871 | acc_phy = 0.693 
| epoch = 36 | step =    40 | loss_onn = 1.784 | loss_cn = 0.00000000 | acc_sim = 0.872 | acc_phy = 0.694 
| epoch = 36 | step =    50 | loss_onn = 1.784 | loss_cn = 0.00000000 | acc_sim = 0.872 | acc_phy = 0.694 
| epoch = 36 | step =    60 | loss_onn = 1.784 | loss_cn = 0.00000000 | acc_sim = 0.872 | acc_phy = 0.695 
| epoch = 36 | step =    70 | loss_onn = 1.783 | loss_cn = 0.00000000 | acc_sim = 0.871 | acc_phy = 0.696 
| epoch = 36 | step =    80 | loss_onn = 1.782 | loss_cn = 0.00000000 | acc_sim = 0.871 | acc_phy = 0.697 
| epoch = 36 | step =    90 | loss_onn = 1.781 | loss_cn = 0.00000000 | acc_sim = 0.871 | acc_phy = 0.699 
| epoch = 36 | step =   100 | loss_onn = 1.782 | loss_cn = 0.00000000 | acc_sim = 0.870 | acc_phy = 0.697 
| epoch = 36 | step =   110 | loss_onn = 1.783 | loss_cn = 0.00000000 | acc_sim = 0.870 | acc_phy = 0.697 
| epoch = 36 | step =   120 | loss_onn = 1.783 | loss_cn = 0.00000000 | acc_sim = 0.870 | acc_phy = 0.696 
Phy accuracy of the network on 10000 test images: 0.686


Current training epoch: 37, learning rate for onn: 0.000125, 
| epoch = 37 | step =    10 | loss_onn = 1.781 | loss_cn = 0.00000000 | acc_sim = 0.870 | acc_phy = 0.694 
| epoch = 37 | step =    20 | loss_onn = 1.784 | loss_cn = 0.00000000 | acc_sim = 0.873 | acc_phy = 0.694 
| epoch = 37 | step =    30 | loss_onn = 1.784 | loss_cn = 0.00000000 | acc_sim = 0.871 | acc_phy = 0.693 
| epoch = 37 | step =    40 | loss_onn = 1.784 | loss_cn = 0.00000000 | acc_sim = 0.869 | acc_phy = 0.692 
| epoch = 37 | step =    50 | loss_onn = 1.783 | loss_cn = 0.00000000 | acc_sim = 0.870 | acc_phy = 0.694 
| epoch = 37 | step =    60 | loss_onn = 1.783 | loss_cn = 0.00000000 | acc_sim = 0.870 | acc_phy = 0.695 
| epoch = 37 | step =    70 | loss_onn = 1.783 | loss_cn = 0.00000000 | acc_sim = 0.870 | acc_phy = 0.695 
| epoch = 37 | step =    80 | loss_onn = 1.783 | loss_cn = 0.00000000 | acc_sim = 0.871 | acc_phy = 0.696 
| epoch = 37 | step =    90 | loss_onn = 1.782 | loss_cn = 0.00000000 | acc_sim = 0.871 | acc_phy = 0.697 
| epoch = 37 | step =   100 | loss_onn = 1.782 | loss_cn = 0.00000000 | acc_sim = 0.870 | acc_phy = 0.697 
| epoch = 37 | step =   110 | loss_onn = 1.782 | loss_cn = 0.00000000 | acc_sim = 0.871 | acc_phy = 0.697 
| epoch = 37 | step =   120 | loss_onn = 1.782 | loss_cn = 0.00000000 | acc_sim = 0.870 | acc_phy = 0.697 
Phy accuracy of the network on 10000 test images: 0.683


Current training epoch: 38, learning rate for onn: 0.000125, 
| epoch = 38 | step =    10 | loss_onn = 1.775 | loss_cn = 0.00000000 | acc_sim = 0.873 | acc_phy = 0.704 
| epoch = 38 | step =    20 | loss_onn = 1.778 | loss_cn = 0.00000000 | acc_sim = 0.875 | acc_phy = 0.703 
| epoch = 38 | step =    30 | loss_onn = 1.778 | loss_cn = 0.00000000 | acc_sim = 0.872 | acc_phy = 0.702 
| epoch = 38 | step =    40 | loss_onn = 1.780 | loss_cn = 0.00000000 | acc_sim = 0.871 | acc_phy = 0.698 
| epoch = 38 | step =    50 | loss_onn = 1.780 | loss_cn = 0.00000000 | acc_sim = 0.872 | acc_phy = 0.700 
| epoch = 38 | step =    60 | loss_onn = 1.781 | loss_cn = 0.00000000 | acc_sim = 0.872 | acc_phy = 0.698 
| epoch = 38 | step =    70 | loss_onn = 1.782 | loss_cn = 0.00000000 | acc_sim = 0.872 | acc_phy = 0.697 
| epoch = 38 | step =    80 | loss_onn = 1.783 | loss_cn = 0.00000000 | acc_sim = 0.871 | acc_phy = 0.697 
| epoch = 38 | step =    90 | loss_onn = 1.782 | loss_cn = 0.00000000 | acc_sim = 0.871 | acc_phy = 0.698 
| epoch = 38 | step =   100 | loss_onn = 1.782 | loss_cn = 0.00000000 | acc_sim = 0.871 | acc_phy = 0.698 
| epoch = 38 | step =   110 | loss_onn = 1.782 | loss_cn = 0.00000000 | acc_sim = 0.871 | acc_phy = 0.698 
| epoch = 38 | step =   120 | loss_onn = 1.782 | loss_cn = 0.00000000 | acc_sim = 0.870 | acc_phy = 0.698 
Phy accuracy of the network on 10000 test images: 0.681


Current training epoch: 39, learning rate for onn: 0.000125, 
| epoch = 39 | step =    10 | loss_onn = 1.793 | loss_cn = 0.00000000 | acc_sim = 0.865 | acc_phy = 0.680 
| epoch = 39 | step =    20 | loss_onn = 1.791 | loss_cn = 0.00000000 | acc_sim = 0.865 | acc_phy = 0.686 
| epoch = 39 | step =    30 | loss_onn = 1.786 | loss_cn = 0.00000000 | acc_sim = 0.867 | acc_phy = 0.693 
| epoch = 39 | step =    40 | loss_onn = 1.785 | loss_cn = 0.00000000 | acc_sim = 0.868 | acc_phy = 0.694 
| epoch = 39 | step =    50 | loss_onn = 1.784 | loss_cn = 0.00000000 | acc_sim = 0.870 | acc_phy = 0.695 
| epoch = 39 | step =    60 | loss_onn = 1.784 | loss_cn = 0.00000000 | acc_sim = 0.869 | acc_phy = 0.694 
| epoch = 39 | step =    70 | loss_onn = 1.783 | loss_cn = 0.00000000 | acc_sim = 0.870 | acc_phy = 0.695 
| epoch = 39 | step =    80 | loss_onn = 1.783 | loss_cn = 0.00000000 | acc_sim = 0.870 | acc_phy = 0.696 
| epoch = 39 | step =    90 | loss_onn = 1.783 | loss_cn = 0.00000000 | acc_sim = 0.870 | acc_phy = 0.696 
| epoch = 39 | step =   100 | loss_onn = 1.783 | loss_cn = 0.00000000 | acc_sim = 0.870 | acc_phy = 0.696 
| epoch = 39 | step =   110 | loss_onn = 1.784 | loss_cn = 0.00000000 | acc_sim = 0.870 | acc_phy = 0.695 
| epoch = 39 | step =   120 | loss_onn = 1.784 | loss_cn = 0.00000000 | acc_sim = 0.870 | acc_phy = 0.695 
Phy accuracy of the network on 10000 test images: 0.684


Current training epoch: 40, learning rate for onn: 0.000125, 
| epoch = 40 | step =    10 | loss_onn = 1.785 | loss_cn = 0.00000000 | acc_sim = 0.871 | acc_phy = 0.691 
| epoch = 40 | step =    20 | loss_onn = 1.783 | loss_cn = 0.00000000 | acc_sim = 0.870 | acc_phy = 0.694 
| epoch = 40 | step =    30 | loss_onn = 1.783 | loss_cn = 0.00000000 | acc_sim = 0.872 | acc_phy = 0.696 
| epoch = 40 | step =    40 | loss_onn = 1.781 | loss_cn = 0.00000000 | acc_sim = 0.871 | acc_phy = 0.698 
| epoch = 40 | step =    50 | loss_onn = 1.782 | loss_cn = 0.00000000 | acc_sim = 0.871 | acc_phy = 0.697 
| epoch = 40 | step =    60 | loss_onn = 1.783 | loss_cn = 0.00000000 | acc_sim = 0.870 | acc_phy = 0.697 
| epoch = 40 | step =    70 | loss_onn = 1.782 | loss_cn = 0.00000000 | acc_sim = 0.871 | acc_phy = 0.698 
| epoch = 40 | step =    80 | loss_onn = 1.781 | loss_cn = 0.00000000 | acc_sim = 0.870 | acc_phy = 0.698 
| epoch = 40 | step =    90 | loss_onn = 1.781 | loss_cn = 0.00000000 | acc_sim = 0.870 | acc_phy = 0.698 
| epoch = 40 | step =   100 | loss_onn = 1.782 | loss_cn = 0.00000000 | acc_sim = 0.870 | acc_phy = 0.698 
| epoch = 40 | step =   110 | loss_onn = 1.782 | loss_cn = 0.00000000 | acc_sim = 0.870 | acc_phy = 0.697 
| epoch = 40 | step =   120 | loss_onn = 1.782 | loss_cn = 0.00000000 | acc_sim = 0.871 | acc_phy = 0.697 
Phy accuracy of the network on 10000 test images: 0.674


Current training epoch: 41, learning rate for onn: 6.25e-05, 
| epoch = 41 | step =    10 | loss_onn = 1.788 | loss_cn = 0.00000000 | acc_sim = 0.875 | acc_phy = 0.693 
| epoch = 41 | step =    20 | loss_onn = 1.785 | loss_cn = 0.00000000 | acc_sim = 0.874 | acc_phy = 0.694 
| epoch = 41 | step =    30 | loss_onn = 1.786 | loss_cn = 0.00000000 | acc_sim = 0.873 | acc_phy = 0.692 
| epoch = 41 | step =    40 | loss_onn = 1.783 | loss_cn = 0.00000000 | acc_sim = 0.872 | acc_phy = 0.697 
| epoch = 41 | step =    50 | loss_onn = 1.784 | loss_cn = 0.00000000 | acc_sim = 0.871 | acc_phy = 0.696 
| epoch = 41 | step =    60 | loss_onn = 1.784 | loss_cn = 0.00000000 | acc_sim = 0.872 | acc_phy = 0.695 
| epoch = 41 | step =    70 | loss_onn = 1.783 | loss_cn = 0.00000000 | acc_sim = 0.872 | acc_phy = 0.696 
| epoch = 41 | step =    80 | loss_onn = 1.783 | loss_cn = 0.00000000 | acc_sim = 0.872 | acc_phy = 0.696 
| epoch = 41 | step =    90 | loss_onn = 1.783 | loss_cn = 0.00000000 | acc_sim = 0.872 | acc_phy = 0.696 
| epoch = 41 | step =   100 | loss_onn = 1.783 | loss_cn = 0.00000000 | acc_sim = 0.872 | acc_phy = 0.696 
| epoch = 41 | step =   110 | loss_onn = 1.782 | loss_cn = 0.00000000 | acc_sim = 0.871 | acc_phy = 0.697 
| epoch = 41 | step =   120 | loss_onn = 1.782 | loss_cn = 0.00000000 | acc_sim = 0.871 | acc_phy = 0.697 
Phy accuracy of the network on 10000 test images: 0.678


Current training epoch: 42, learning rate for onn: 6.25e-05, 
| epoch = 42 | step =    10 | loss_onn = 1.782 | loss_cn = 0.00000000 | acc_sim = 0.867 | acc_phy = 0.695 
| epoch = 42 | step =    20 | loss_onn = 1.785 | loss_cn = 0.00000000 | acc_sim = 0.866 | acc_phy = 0.691 
| epoch = 42 | step =    30 | loss_onn = 1.784 | loss_cn = 0.00000000 | acc_sim = 0.871 | acc_phy = 0.692 
| epoch = 42 | step =    40 | loss_onn = 1.784 | loss_cn = 0.00000000 | acc_sim = 0.872 | acc_phy = 0.694 
| epoch = 42 | step =    50 | loss_onn = 1.783 | loss_cn = 0.00000000 | acc_sim = 0.872 | acc_phy = 0.696 
| epoch = 42 | step =    60 | loss_onn = 1.782 | loss_cn = 0.00000000 | acc_sim = 0.871 | acc_phy = 0.696 
| epoch = 42 | step =    70 | loss_onn = 1.783 | loss_cn = 0.00000000 | acc_sim = 0.871 | acc_phy = 0.696 
| epoch = 42 | step =    80 | loss_onn = 1.782 | loss_cn = 0.00000000 | acc_sim = 0.871 | acc_phy = 0.697 
| epoch = 42 | step =    90 | loss_onn = 1.782 | loss_cn = 0.00000000 | acc_sim = 0.871 | acc_phy = 0.697 
| epoch = 42 | step =   100 | loss_onn = 1.783 | loss_cn = 0.00000000 | acc_sim = 0.871 | acc_phy = 0.696 
| epoch = 42 | step =   110 | loss_onn = 1.783 | loss_cn = 0.00000000 | acc_sim = 0.872 | acc_phy = 0.695 
| epoch = 42 | step =   120 | loss_onn = 1.783 | loss_cn = 0.00000000 | acc_sim = 0.871 | acc_phy = 0.696 
Phy accuracy of the network on 10000 test images: 0.685


Current training epoch: 43, learning rate for onn: 6.25e-05, 
| epoch = 43 | step =    10 | loss_onn = 1.782 | loss_cn = 0.00000000 | acc_sim = 0.877 | acc_phy = 0.703 
| epoch = 43 | step =    20 | loss_onn = 1.780 | loss_cn = 0.00000000 | acc_sim = 0.873 | acc_phy = 0.702 
| epoch = 43 | step =    30 | loss_onn = 1.780 | loss_cn = 0.00000000 | acc_sim = 0.872 | acc_phy = 0.701 
| epoch = 43 | step =    40 | loss_onn = 1.780 | loss_cn = 0.00000000 | acc_sim = 0.871 | acc_phy = 0.701 
| epoch = 43 | step =    50 | loss_onn = 1.782 | loss_cn = 0.00000000 | acc_sim = 0.871 | acc_phy = 0.699 
| epoch = 43 | step =    60 | loss_onn = 1.783 | loss_cn = 0.00000000 | acc_sim = 0.872 | acc_phy = 0.697 
| epoch = 43 | step =    70 | loss_onn = 1.782 | loss_cn = 0.00000000 | acc_sim = 0.872 | acc_phy = 0.698 
| epoch = 43 | step =    80 | loss_onn = 1.783 | loss_cn = 0.00000000 | acc_sim = 0.871 | acc_phy = 0.697 
| epoch = 43 | step =    90 | loss_onn = 1.783 | loss_cn = 0.00000000 | acc_sim = 0.870 | acc_phy = 0.697 
| epoch = 43 | step =   100 | loss_onn = 1.782 | loss_cn = 0.00000000 | acc_sim = 0.871 | acc_phy = 0.697 
| epoch = 43 | step =   110 | loss_onn = 1.782 | loss_cn = 0.00000000 | acc_sim = 0.871 | acc_phy = 0.697 
| epoch = 43 | step =   120 | loss_onn = 1.782 | loss_cn = 0.00000000 | acc_sim = 0.871 | acc_phy = 0.697 
Phy accuracy of the network on 10000 test images: 0.677


Current training epoch: 44, learning rate for onn: 6.25e-05, 
| epoch = 44 | step =    10 | loss_onn = 1.792 | loss_cn = 0.00000000 | acc_sim = 0.858 | acc_phy = 0.687 
| epoch = 44 | step =    20 | loss_onn = 1.783 | loss_cn = 0.00000000 | acc_sim = 0.866 | acc_phy = 0.696 
| epoch = 44 | step =    30 | loss_onn = 1.782 | loss_cn = 0.00000000 | acc_sim = 0.869 | acc_phy = 0.696 
| epoch = 44 | step =    40 | loss_onn = 1.782 | loss_cn = 0.00000000 | acc_sim = 0.870 | acc_phy = 0.697 
| epoch = 44 | step =    50 | loss_onn = 1.783 | loss_cn = 0.00000000 | acc_sim = 0.872 | acc_phy = 0.696 
| epoch = 44 | step =    60 | loss_onn = 1.783 | loss_cn = 0.00000000 | acc_sim = 0.871 | acc_phy = 0.696 
| epoch = 44 | step =    70 | loss_onn = 1.783 | loss_cn = 0.00000000 | acc_sim = 0.871 | acc_phy = 0.696 
| epoch = 44 | step =    80 | loss_onn = 1.783 | loss_cn = 0.00000000 | acc_sim = 0.871 | acc_phy = 0.697 
| epoch = 44 | step =    90 | loss_onn = 1.784 | loss_cn = 0.00000000 | acc_sim = 0.870 | acc_phy = 0.696 
| epoch = 44 | step =   100 | loss_onn = 1.783 | loss_cn = 0.00000000 | acc_sim = 0.871 | acc_phy = 0.696 
| epoch = 44 | step =   110 | loss_onn = 1.783 | loss_cn = 0.00000000 | acc_sim = 0.871 | acc_phy = 0.696 
| epoch = 44 | step =   120 | loss_onn = 1.782 | loss_cn = 0.00000000 | acc_sim = 0.872 | acc_phy = 0.697 
Phy accuracy of the network on 10000 test images: 0.679


Current training epoch: 45, learning rate for onn: 6.25e-05, 
| epoch = 45 | step =    10 | loss_onn = 1.783 | loss_cn = 0.00000000 | acc_sim = 0.871 | acc_phy = 0.694 
| epoch = 45 | step =    20 | loss_onn = 1.784 | loss_cn = 0.00000000 | acc_sim = 0.871 | acc_phy = 0.695 
| epoch = 45 | step =    30 | loss_onn = 1.782 | loss_cn = 0.00000000 | acc_sim = 0.872 | acc_phy = 0.698 
| epoch = 45 | step =    40 | loss_onn = 1.783 | loss_cn = 0.00000000 | acc_sim = 0.871 | acc_phy = 0.696 
| epoch = 45 | step =    50 | loss_onn = 1.783 | loss_cn = 0.00000000 | acc_sim = 0.871 | acc_phy = 0.696 
| epoch = 45 | step =    60 | loss_onn = 1.784 | loss_cn = 0.00000000 | acc_sim = 0.871 | acc_phy = 0.695 
| epoch = 45 | step =    70 | loss_onn = 1.783 | loss_cn = 0.00000000 | acc_sim = 0.871 | acc_phy = 0.696 
| epoch = 45 | step =    80 | loss_onn = 1.782 | loss_cn = 0.00000000 | acc_sim = 0.871 | acc_phy = 0.697 
| epoch = 45 | step =    90 | loss_onn = 1.783 | loss_cn = 0.00000000 | acc_sim = 0.872 | acc_phy = 0.697 
| epoch = 45 | step =   100 | loss_onn = 1.783 | loss_cn = 0.00000000 | acc_sim = 0.872 | acc_phy = 0.696 
| epoch = 45 | step =   110 | loss_onn = 1.783 | loss_cn = 0.00000000 | acc_sim = 0.872 | acc_phy = 0.696 
| epoch = 45 | step =   120 | loss_onn = 1.783 | loss_cn = 0.00000000 | acc_sim = 0.872 | acc_phy = 0.696 
Phy accuracy of the network on 10000 test images: 0.685


Current training epoch: 46, learning rate for onn: 6.25e-05, 
| epoch = 46 | step =    10 | loss_onn = 1.783 | loss_cn = 0.00000000 | acc_sim = 0.870 | acc_phy = 0.701 
| epoch = 46 | step =    20 | loss_onn = 1.784 | loss_cn = 0.00000000 | acc_sim = 0.872 | acc_phy = 0.696 
| epoch = 46 | step =    30 | loss_onn = 1.783 | loss_cn = 0.00000000 | acc_sim = 0.872 | acc_phy = 0.697 
| epoch = 46 | step =    40 | loss_onn = 1.785 | loss_cn = 0.00000000 | acc_sim = 0.871 | acc_phy = 0.693 
| epoch = 46 | step =    50 | loss_onn = 1.785 | loss_cn = 0.00000000 | acc_sim = 0.870 | acc_phy = 0.693 
| epoch = 46 | step =    60 | loss_onn = 1.785 | loss_cn = 0.00000000 | acc_sim = 0.870 | acc_phy = 0.693 
| epoch = 46 | step =    70 | loss_onn = 1.784 | loss_cn = 0.00000000 | acc_sim = 0.870 | acc_phy = 0.694 
| epoch = 46 | step =    80 | loss_onn = 1.783 | loss_cn = 0.00000000 | acc_sim = 0.870 | acc_phy = 0.695 
| epoch = 46 | step =    90 | loss_onn = 1.782 | loss_cn = 0.00000000 | acc_sim = 0.871 | acc_phy = 0.697 
| epoch = 46 | step =   100 | loss_onn = 1.782 | loss_cn = 0.00000000 | acc_sim = 0.871 | acc_phy = 0.696 
| epoch = 46 | step =   110 | loss_onn = 1.782 | loss_cn = 0.00000000 | acc_sim = 0.871 | acc_phy = 0.696 
| epoch = 46 | step =   120 | loss_onn = 1.782 | loss_cn = 0.00000000 | acc_sim = 0.871 | acc_phy = 0.697 
Phy accuracy of the network on 10000 test images: 0.679


Current training epoch: 47, learning rate for onn: 6.25e-05, 
| epoch = 47 | step =    10 | loss_onn = 1.779 | loss_cn = 0.00000000 | acc_sim = 0.874 | acc_phy = 0.703 
| epoch = 47 | step =    20 | loss_onn = 1.782 | loss_cn = 0.00000000 | acc_sim = 0.871 | acc_phy = 0.697 
| epoch = 47 | step =    30 | loss_onn = 1.783 | loss_cn = 0.00000000 | acc_sim = 0.870 | acc_phy = 0.695 
| epoch = 47 | step =    40 | loss_onn = 1.782 | loss_cn = 0.00000000 | acc_sim = 0.871 | acc_phy = 0.696 
| epoch = 47 | step =    50 | loss_onn = 1.782 | loss_cn = 0.00000000 | acc_sim = 0.872 | acc_phy = 0.697 
| epoch = 47 | step =    60 | loss_onn = 1.783 | loss_cn = 0.00000000 | acc_sim = 0.871 | acc_phy = 0.696 
| epoch = 47 | step =    70 | loss_onn = 1.783 | loss_cn = 0.00000000 | acc_sim = 0.872 | acc_phy = 0.695 
| epoch = 47 | step =    80 | loss_onn = 1.783 | loss_cn = 0.00000000 | acc_sim = 0.873 | acc_phy = 0.694 
| epoch = 47 | step =    90 | loss_onn = 1.783 | loss_cn = 0.00000000 | acc_sim = 0.873 | acc_phy = 0.695 
| epoch = 47 | step =   100 | loss_onn = 1.783 | loss_cn = 0.00000000 | acc_sim = 0.872 | acc_phy = 0.694 
| epoch = 47 | step =   110 | loss_onn = 1.783 | loss_cn = 0.00000000 | acc_sim = 0.872 | acc_phy = 0.695 
| epoch = 47 | step =   120 | loss_onn = 1.783 | loss_cn = 0.00000000 | acc_sim = 0.872 | acc_phy = 0.696 
Phy accuracy of the network on 10000 test images: 0.685


Current training epoch: 48, learning rate for onn: 6.25e-05, 
| epoch = 48 | step =    10 | loss_onn = 1.775 | loss_cn = 0.00000000 | acc_sim = 0.878 | acc_phy = 0.705 
| epoch = 48 | step =    20 | loss_onn = 1.778 | loss_cn = 0.00000000 | acc_sim = 0.873 | acc_phy = 0.703 
| epoch = 48 | step =    30 | loss_onn = 1.778 | loss_cn = 0.00000000 | acc_sim = 0.874 | acc_phy = 0.702 
| epoch = 48 | step =    40 | loss_onn = 1.779 | loss_cn = 0.00000000 | acc_sim = 0.873 | acc_phy = 0.701 
| epoch = 48 | step =    50 | loss_onn = 1.781 | loss_cn = 0.00000000 | acc_sim = 0.874 | acc_phy = 0.699 
| epoch = 48 | step =    60 | loss_onn = 1.781 | loss_cn = 0.00000000 | acc_sim = 0.873 | acc_phy = 0.698 
| epoch = 48 | step =    70 | loss_onn = 1.782 | loss_cn = 0.00000000 | acc_sim = 0.872 | acc_phy = 0.697 
| epoch = 48 | step =    80 | loss_onn = 1.782 | loss_cn = 0.00000000 | acc_sim = 0.872 | acc_phy = 0.697 
| epoch = 48 | step =    90 | loss_onn = 1.783 | loss_cn = 0.00000000 | acc_sim = 0.871 | acc_phy = 0.696 
| epoch = 48 | step =   100 | loss_onn = 1.782 | loss_cn = 0.00000000 | acc_sim = 0.872 | acc_phy = 0.697 
| epoch = 48 | step =   110 | loss_onn = 1.783 | loss_cn = 0.00000000 | acc_sim = 0.872 | acc_phy = 0.696 
| epoch = 48 | step =   120 | loss_onn = 1.783 | loss_cn = 0.00000000 | acc_sim = 0.872 | acc_phy = 0.696 
Phy accuracy of the network on 10000 test images: 0.682


Current training epoch: 49, learning rate for onn: 6.25e-05, 
| epoch = 49 | step =    10 | loss_onn = 1.777 | loss_cn = 0.00000000 | acc_sim = 0.866 | acc_phy = 0.705 
| epoch = 49 | step =    20 | loss_onn = 1.779 | loss_cn = 0.00000000 | acc_sim = 0.864 | acc_phy = 0.702 
| epoch = 49 | step =    30 | loss_onn = 1.780 | loss_cn = 0.00000000 | acc_sim = 0.870 | acc_phy = 0.699 
| epoch = 49 | step =    40 | loss_onn = 1.782 | loss_cn = 0.00000000 | acc_sim = 0.871 | acc_phy = 0.697 
| epoch = 49 | step =    50 | loss_onn = 1.781 | loss_cn = 0.00000000 | acc_sim = 0.873 | acc_phy = 0.698 
| epoch = 49 | step =    60 | loss_onn = 1.782 | loss_cn = 0.00000000 | acc_sim = 0.872 | acc_phy = 0.698 
| epoch = 49 | step =    70 | loss_onn = 1.781 | loss_cn = 0.00000000 | acc_sim = 0.871 | acc_phy = 0.698 
| epoch = 49 | step =    80 | loss_onn = 1.782 | loss_cn = 0.00000000 | acc_sim = 0.871 | acc_phy = 0.698 
| epoch = 49 | step =    90 | loss_onn = 1.781 | loss_cn = 0.00000000 | acc_sim = 0.872 | acc_phy = 0.698 
| epoch = 49 | step =   100 | loss_onn = 1.782 | loss_cn = 0.00000000 | acc_sim = 0.872 | acc_phy = 0.697 
| epoch = 49 | step =   110 | loss_onn = 1.782 | loss_cn = 0.00000000 | acc_sim = 0.871 | acc_phy = 0.697 
| epoch = 49 | step =   120 | loss_onn = 1.782 | loss_cn = 0.00000000 | acc_sim = 0.872 | acc_phy = 0.697 
Phy accuracy of the network on 10000 test images: 0.679


Current training epoch: 50, learning rate for onn: 6.25e-05, 
| epoch = 50 | step =    10 | loss_onn = 1.781 | loss_cn = 0.00000000 | acc_sim = 0.871 | acc_phy = 0.697 
| epoch = 50 | step =    20 | loss_onn = 1.782 | loss_cn = 0.00000000 | acc_sim = 0.868 | acc_phy = 0.697 
| epoch = 50 | step =    30 | loss_onn = 1.782 | loss_cn = 0.00000000 | acc_sim = 0.872 | acc_phy = 0.698 
| epoch = 50 | step =    40 | loss_onn = 1.782 | loss_cn = 0.00000000 | acc_sim = 0.872 | acc_phy = 0.696 
| epoch = 50 | step =    50 | loss_onn = 1.782 | loss_cn = 0.00000000 | acc_sim = 0.873 | acc_phy = 0.697 
| epoch = 50 | step =    60 | loss_onn = 1.781 | loss_cn = 0.00000000 | acc_sim = 0.874 | acc_phy = 0.698 
| epoch = 50 | step =    70 | loss_onn = 1.782 | loss_cn = 0.00000000 | acc_sim = 0.874 | acc_phy = 0.697 
| epoch = 50 | step =    80 | loss_onn = 1.782 | loss_cn = 0.00000000 | acc_sim = 0.873 | acc_phy = 0.697 
| epoch = 50 | step =    90 | loss_onn = 1.782 | loss_cn = 0.00000000 | acc_sim = 0.874 | acc_phy = 0.698 
| epoch = 50 | step =   100 | loss_onn = 1.782 | loss_cn = 0.00000000 | acc_sim = 0.872 | acc_phy = 0.697 
| epoch = 50 | step =   110 | loss_onn = 1.782 | loss_cn = 0.00000000 | acc_sim = 0.872 | acc_phy = 0.697 
| epoch = 50 | step =   120 | loss_onn = 1.782 | loss_cn = 0.00000000 | acc_sim = 0.872 | acc_phy = 0.696 
Phy accuracy of the network on 10000 test images: 0.680

Finished training. Elapsed time of training = 1:10:26.045297
