Training new model from scratch......
--------------------------
Training with Compensating Network
--------------------------

Current training epoch: 1, learning rate for onn: 0.001, learning rate for compensating network: 0.001
| epoch = 1 | step =    10 | loss_onn = 2.280 | loss_cn = 0.01772034 | acc_sim = 0.241 | acc_phy = 0.164 
| epoch = 1 | step =    20 | loss_onn = 2.253 | loss_cn = 0.01643089 | acc_sim = 0.326 | acc_phy = 0.234 
| epoch = 1 | step =    30 | loss_onn = 2.230 | loss_cn = 0.01618321 | acc_sim = 0.389 | acc_phy = 0.288 
| epoch = 1 | step =    40 | loss_onn = 2.210 | loss_cn = 0.01599563 | acc_sim = 0.443 | acc_phy = 0.330 
| epoch = 1 | step =    50 | loss_onn = 2.192 | loss_cn = 0.01561680 | acc_sim = 0.485 | acc_phy = 0.365 
| epoch = 1 | step =    60 | loss_onn = 2.176 | loss_cn = 0.01518475 | acc_sim = 0.521 | acc_phy = 0.396 
| epoch = 1 | step =    70 | loss_onn = 2.159 | loss_cn = 0.01481564 | acc_sim = 0.551 | acc_phy = 0.423 
| epoch = 1 | step =    80 | loss_onn = 2.145 | loss_cn = 0.01451799 | acc_sim = 0.578 | acc_phy = 0.447 
| epoch = 1 | step =    90 | loss_onn = 2.132 | loss_cn = 0.01422630 | acc_sim = 0.602 | acc_phy = 0.469 
| epoch = 1 | step =   100 | loss_onn = 2.120 | loss_cn = 0.01397881 | acc_sim = 0.622 | acc_phy = 0.488 
| epoch = 1 | step =   110 | loss_onn = 2.110 | loss_cn = 0.01372532 | acc_sim = 0.640 | acc_phy = 0.504 
| epoch = 1 | step =   120 | loss_onn = 2.100 | loss_cn = 0.01354503 | acc_sim = 0.656 | acc_phy = 0.518 
Phy accuracy of the network on 10000 test images: 0.685


Current training epoch: 2, learning rate for onn: 0.001, learning rate for compensating network: 0.001
| epoch = 2 | step =    10 | loss_onn = 1.983 | loss_cn = 0.01079221 | acc_sim = 0.832 | acc_phy = 0.680 
| epoch = 2 | step =    20 | loss_onn = 1.979 | loss_cn = 0.01059862 | acc_sim = 0.842 | acc_phy = 0.689 
| epoch = 2 | step =    30 | loss_onn = 1.978 | loss_cn = 0.01040911 | acc_sim = 0.846 | acc_phy = 0.686 
| epoch = 2 | step =    40 | loss_onn = 1.977 | loss_cn = 0.01022140 | acc_sim = 0.846 | acc_phy = 0.683 
| epoch = 2 | step =    50 | loss_onn = 1.973 | loss_cn = 0.01016386 | acc_sim = 0.848 | acc_phy = 0.685 
| epoch = 2 | step =    60 | loss_onn = 1.969 | loss_cn = 0.01002747 | acc_sim = 0.850 | acc_phy = 0.687 
| epoch = 2 | step =    70 | loss_onn = 1.966 | loss_cn = 0.00988774 | acc_sim = 0.853 | acc_phy = 0.690 
| epoch = 2 | step =    80 | loss_onn = 1.963 | loss_cn = 0.00980284 | acc_sim = 0.854 | acc_phy = 0.691 
| epoch = 2 | step =    90 | loss_onn = 1.959 | loss_cn = 0.00967740 | acc_sim = 0.856 | acc_phy = 0.694 
| epoch = 2 | step =   100 | loss_onn = 1.955 | loss_cn = 0.00957436 | acc_sim = 0.858 | acc_phy = 0.696 
| epoch = 2 | step =   110 | loss_onn = 1.952 | loss_cn = 0.00949330 | acc_sim = 0.860 | acc_phy = 0.697 
| epoch = 2 | step =   120 | loss_onn = 1.950 | loss_cn = 0.00939316 | acc_sim = 0.862 | acc_phy = 0.697 
Phy accuracy of the network on 10000 test images: 0.720


Current training epoch: 3, learning rate for onn: 0.001, learning rate for compensating network: 0.001
| epoch = 3 | step =    10 | loss_onn = 1.922 | loss_cn = 0.00807166 | acc_sim = 0.884 | acc_phy = 0.711 
| epoch = 3 | step =    20 | loss_onn = 1.917 | loss_cn = 0.00803911 | acc_sim = 0.888 | acc_phy = 0.714 
| epoch = 3 | step =    30 | loss_onn = 1.915 | loss_cn = 0.00792553 | acc_sim = 0.887 | acc_phy = 0.716 
| epoch = 3 | step =    40 | loss_onn = 1.914 | loss_cn = 0.00804317 | acc_sim = 0.888 | acc_phy = 0.715 
| epoch = 3 | step =    50 | loss_onn = 1.910 | loss_cn = 0.00797812 | acc_sim = 0.888 | acc_phy = 0.718 
| epoch = 3 | step =    60 | loss_onn = 1.909 | loss_cn = 0.00790639 | acc_sim = 0.890 | acc_phy = 0.718 
| epoch = 3 | step =    70 | loss_onn = 1.907 | loss_cn = 0.00786929 | acc_sim = 0.889 | acc_phy = 0.719 
| epoch = 3 | step =    80 | loss_onn = 1.902 | loss_cn = 0.00780545 | acc_sim = 0.890 | acc_phy = 0.722 
| epoch = 3 | step =    90 | loss_onn = 1.900 | loss_cn = 0.00775417 | acc_sim = 0.891 | acc_phy = 0.724 
| epoch = 3 | step =   100 | loss_onn = 1.898 | loss_cn = 0.00777914 | acc_sim = 0.891 | acc_phy = 0.726 
| epoch = 3 | step =   110 | loss_onn = 1.897 | loss_cn = 0.00773249 | acc_sim = 0.892 | acc_phy = 0.727 
| epoch = 3 | step =   120 | loss_onn = 1.894 | loss_cn = 0.00768233 | acc_sim = 0.892 | acc_phy = 0.727 
Phy accuracy of the network on 10000 test images: 0.745


Current training epoch: 4, learning rate for onn: 0.001, learning rate for compensating network: 0.001
| epoch = 4 | step =    10 | loss_onn = 1.871 | loss_cn = 0.00716703 | acc_sim = 0.904 | acc_phy = 0.726 
| epoch = 4 | step =    20 | loss_onn = 1.873 | loss_cn = 0.00719088 | acc_sim = 0.904 | acc_phy = 0.729 
| epoch = 4 | step =    30 | loss_onn = 1.869 | loss_cn = 0.00711414 | acc_sim = 0.904 | acc_phy = 0.731 
| epoch = 4 | step =    40 | loss_onn = 1.867 | loss_cn = 0.00696286 | acc_sim = 0.906 | acc_phy = 0.732 
| epoch = 4 | step =    50 | loss_onn = 1.864 | loss_cn = 0.00691929 | acc_sim = 0.907 | acc_phy = 0.735 
| epoch = 4 | step =    60 | loss_onn = 1.861 | loss_cn = 0.00684479 | acc_sim = 0.907 | acc_phy = 0.737 
| epoch = 4 | step =    70 | loss_onn = 1.859 | loss_cn = 0.00677022 | acc_sim = 0.907 | acc_phy = 0.739 
| epoch = 4 | step =    80 | loss_onn = 1.859 | loss_cn = 0.00675551 | acc_sim = 0.907 | acc_phy = 0.739 
| epoch = 4 | step =    90 | loss_onn = 1.857 | loss_cn = 0.00673167 | acc_sim = 0.908 | acc_phy = 0.739 
| epoch = 4 | step =   100 | loss_onn = 1.855 | loss_cn = 0.00671965 | acc_sim = 0.909 | acc_phy = 0.741 
| epoch = 4 | step =   110 | loss_onn = 1.853 | loss_cn = 0.00671731 | acc_sim = 0.909 | acc_phy = 0.743 
| epoch = 4 | step =   120 | loss_onn = 1.851 | loss_cn = 0.00669551 | acc_sim = 0.910 | acc_phy = 0.744 
Phy accuracy of the network on 10000 test images: 0.757


Current training epoch: 5, learning rate for onn: 0.001, learning rate for compensating network: 0.001
| epoch = 5 | step =    10 | loss_onn = 1.830 | loss_cn = 0.00585613 | acc_sim = 0.921 | acc_phy = 0.753 
| epoch = 5 | step =    20 | loss_onn = 1.832 | loss_cn = 0.00616126 | acc_sim = 0.916 | acc_phy = 0.752 
| epoch = 5 | step =    30 | loss_onn = 1.835 | loss_cn = 0.00609083 | acc_sim = 0.918 | acc_phy = 0.746 
| epoch = 5 | step =    40 | loss_onn = 1.832 | loss_cn = 0.00603049 | acc_sim = 0.919 | acc_phy = 0.747 
| epoch = 5 | step =    50 | loss_onn = 1.831 | loss_cn = 0.00606021 | acc_sim = 0.919 | acc_phy = 0.747 
| epoch = 5 | step =    60 | loss_onn = 1.830 | loss_cn = 0.00608710 | acc_sim = 0.918 | acc_phy = 0.748 
| epoch = 5 | step =    70 | loss_onn = 1.828 | loss_cn = 0.00602499 | acc_sim = 0.919 | acc_phy = 0.749 
| epoch = 5 | step =    80 | loss_onn = 1.828 | loss_cn = 0.00600634 | acc_sim = 0.918 | acc_phy = 0.748 
| epoch = 5 | step =    90 | loss_onn = 1.826 | loss_cn = 0.00599542 | acc_sim = 0.918 | acc_phy = 0.749 
| epoch = 5 | step =   100 | loss_onn = 1.827 | loss_cn = 0.00598323 | acc_sim = 0.918 | acc_phy = 0.747 
| epoch = 5 | step =   110 | loss_onn = 1.826 | loss_cn = 0.00595290 | acc_sim = 0.918 | acc_phy = 0.748 
| epoch = 5 | step =   120 | loss_onn = 1.825 | loss_cn = 0.00597370 | acc_sim = 0.918 | acc_phy = 0.748 
Phy accuracy of the network on 10000 test images: 0.769


Current training epoch: 6, learning rate for onn: 0.001, learning rate for compensating network: 0.001
| epoch = 6 | step =    10 | loss_onn = 1.807 | loss_cn = 0.00558091 | acc_sim = 0.929 | acc_phy = 0.754 
| epoch = 6 | step =    20 | loss_onn = 1.813 | loss_cn = 0.00544088 | acc_sim = 0.927 | acc_phy = 0.746 
| epoch = 6 | step =    30 | loss_onn = 1.812 | loss_cn = 0.00543937 | acc_sim = 0.926 | acc_phy = 0.748 
| epoch = 6 | step =    40 | loss_onn = 1.810 | loss_cn = 0.00553311 | acc_sim = 0.925 | acc_phy = 0.748 
| epoch = 6 | step =    50 | loss_onn = 1.809 | loss_cn = 0.00559586 | acc_sim = 0.925 | acc_phy = 0.749 
| epoch = 6 | step =    60 | loss_onn = 1.807 | loss_cn = 0.00554475 | acc_sim = 0.925 | acc_phy = 0.750 
| epoch = 6 | step =    70 | loss_onn = 1.805 | loss_cn = 0.00548090 | acc_sim = 0.924 | acc_phy = 0.751 
| epoch = 6 | step =    80 | loss_onn = 1.805 | loss_cn = 0.00545607 | acc_sim = 0.924 | acc_phy = 0.751 
| epoch = 6 | step =    90 | loss_onn = 1.805 | loss_cn = 0.00543649 | acc_sim = 0.924 | acc_phy = 0.752 
| epoch = 6 | step =   100 | loss_onn = 1.803 | loss_cn = 0.00540162 | acc_sim = 0.924 | acc_phy = 0.753 
| epoch = 6 | step =   110 | loss_onn = 1.804 | loss_cn = 0.00539140 | acc_sim = 0.924 | acc_phy = 0.751 
| epoch = 6 | step =   120 | loss_onn = 1.803 | loss_cn = 0.00537710 | acc_sim = 0.923 | acc_phy = 0.752 
Phy accuracy of the network on 10000 test images: 0.770


Current training epoch: 7, learning rate for onn: 0.001, learning rate for compensating network: 0.001
| epoch = 7 | step =    10 | loss_onn = 1.790 | loss_cn = 0.00497427 | acc_sim = 0.925 | acc_phy = 0.755 
| epoch = 7 | step =    20 | loss_onn = 1.788 | loss_cn = 0.00497893 | acc_sim = 0.926 | acc_phy = 0.758 
| epoch = 7 | step =    30 | loss_onn = 1.788 | loss_cn = 0.00497754 | acc_sim = 0.924 | acc_phy = 0.760 
| epoch = 7 | step =    40 | loss_onn = 1.785 | loss_cn = 0.00498849 | acc_sim = 0.925 | acc_phy = 0.763 
| epoch = 7 | step =    50 | loss_onn = 1.783 | loss_cn = 0.00509889 | acc_sim = 0.927 | acc_phy = 0.765 
| epoch = 7 | step =    60 | loss_onn = 1.783 | loss_cn = 0.00514096 | acc_sim = 0.927 | acc_phy = 0.764 
| epoch = 7 | step =    70 | loss_onn = 1.783 | loss_cn = 0.00508809 | acc_sim = 0.928 | acc_phy = 0.764 
| epoch = 7 | step =    80 | loss_onn = 1.782 | loss_cn = 0.00504231 | acc_sim = 0.928 | acc_phy = 0.765 
| epoch = 7 | step =    90 | loss_onn = 1.782 | loss_cn = 0.00502112 | acc_sim = 0.928 | acc_phy = 0.764 
| epoch = 7 | step =   100 | loss_onn = 1.781 | loss_cn = 0.00504316 | acc_sim = 0.928 | acc_phy = 0.764 
| epoch = 7 | step =   110 | loss_onn = 1.781 | loss_cn = 0.00502959 | acc_sim = 0.928 | acc_phy = 0.765 
| epoch = 7 | step =   120 | loss_onn = 1.781 | loss_cn = 0.00501802 | acc_sim = 0.928 | acc_phy = 0.764 
Phy accuracy of the network on 10000 test images: 0.772


Current training epoch: 8, learning rate for onn: 0.001, learning rate for compensating network: 0.001
| epoch = 8 | step =    10 | loss_onn = 1.786 | loss_cn = 0.00451437 | acc_sim = 0.933 | acc_phy = 0.752 
| epoch = 8 | step =    20 | loss_onn = 1.779 | loss_cn = 0.00450613 | acc_sim = 0.928 | acc_phy = 0.759 
| epoch = 8 | step =    30 | loss_onn = 1.779 | loss_cn = 0.00458585 | acc_sim = 0.928 | acc_phy = 0.758 
| epoch = 8 | step =    40 | loss_onn = 1.779 | loss_cn = 0.00458176 | acc_sim = 0.927 | acc_phy = 0.760 
| epoch = 8 | step =    50 | loss_onn = 1.778 | loss_cn = 0.00459469 | acc_sim = 0.929 | acc_phy = 0.759 
| epoch = 8 | step =    60 | loss_onn = 1.777 | loss_cn = 0.00459255 | acc_sim = 0.928 | acc_phy = 0.759 
| epoch = 8 | step =    70 | loss_onn = 1.777 | loss_cn = 0.00459160 | acc_sim = 0.929 | acc_phy = 0.759 
| epoch = 8 | step =    80 | loss_onn = 1.777 | loss_cn = 0.00462827 | acc_sim = 0.930 | acc_phy = 0.760 
| epoch = 8 | step =    90 | loss_onn = 1.776 | loss_cn = 0.00462294 | acc_sim = 0.931 | acc_phy = 0.761 
| epoch = 8 | step =   100 | loss_onn = 1.774 | loss_cn = 0.00459445 | acc_sim = 0.931 | acc_phy = 0.763 
| epoch = 8 | step =   110 | loss_onn = 1.773 | loss_cn = 0.00461443 | acc_sim = 0.931 | acc_phy = 0.762 
| epoch = 8 | step =   120 | loss_onn = 1.773 | loss_cn = 0.00462525 | acc_sim = 0.931 | acc_phy = 0.764 
Phy accuracy of the network on 10000 test images: 0.793


Current training epoch: 9, learning rate for onn: 0.001, learning rate for compensating network: 0.001
| epoch = 9 | step =    10 | loss_onn = 1.760 | loss_cn = 0.00468597 | acc_sim = 0.930 | acc_phy = 0.774 
| epoch = 9 | step =    20 | loss_onn = 1.760 | loss_cn = 0.00470880 | acc_sim = 0.932 | acc_phy = 0.777 
| epoch = 9 | step =    30 | loss_onn = 1.760 | loss_cn = 0.00461419 | acc_sim = 0.931 | acc_phy = 0.775 
| epoch = 9 | step =    40 | loss_onn = 1.760 | loss_cn = 0.00451934 | acc_sim = 0.931 | acc_phy = 0.774 
| epoch = 9 | step =    50 | loss_onn = 1.759 | loss_cn = 0.00450646 | acc_sim = 0.931 | acc_phy = 0.775 
| epoch = 9 | step =    60 | loss_onn = 1.760 | loss_cn = 0.00445741 | acc_sim = 0.932 | acc_phy = 0.773 
| epoch = 9 | step =    70 | loss_onn = 1.760 | loss_cn = 0.00444046 | acc_sim = 0.932 | acc_phy = 0.772 
| epoch = 9 | step =    80 | loss_onn = 1.761 | loss_cn = 0.00440813 | acc_sim = 0.932 | acc_phy = 0.771 
| epoch = 9 | step =    90 | loss_onn = 1.761 | loss_cn = 0.00444549 | acc_sim = 0.932 | acc_phy = 0.770 
| epoch = 9 | step =   100 | loss_onn = 1.762 | loss_cn = 0.00448503 | acc_sim = 0.933 | acc_phy = 0.768 
| epoch = 9 | step =   110 | loss_onn = 1.762 | loss_cn = 0.00447261 | acc_sim = 0.933 | acc_phy = 0.767 
| epoch = 9 | step =   120 | loss_onn = 1.762 | loss_cn = 0.00444572 | acc_sim = 0.933 | acc_phy = 0.769 
Phy accuracy of the network on 10000 test images: 0.791


Current training epoch: 10, learning rate for onn: 0.001, learning rate for compensating network: 0.001
| epoch = 10 | step =    10 | loss_onn = 1.758 | loss_cn = 0.00424600 | acc_sim = 0.936 | acc_phy = 0.775 
| epoch = 10 | step =    20 | loss_onn = 1.754 | loss_cn = 0.00407879 | acc_sim = 0.936 | acc_phy = 0.779 
| epoch = 10 | step =    30 | loss_onn = 1.755 | loss_cn = 0.00410332 | acc_sim = 0.936 | acc_phy = 0.780 
| epoch = 10 | step =    40 | loss_onn = 1.756 | loss_cn = 0.00407752 | acc_sim = 0.936 | acc_phy = 0.779 
| epoch = 10 | step =    50 | loss_onn = 1.755 | loss_cn = 0.00412738 | acc_sim = 0.936 | acc_phy = 0.779 
| epoch = 10 | step =    60 | loss_onn = 1.755 | loss_cn = 0.00421659 | acc_sim = 0.935 | acc_phy = 0.779 
| epoch = 10 | step =    70 | loss_onn = 1.757 | loss_cn = 0.00420818 | acc_sim = 0.935 | acc_phy = 0.776 
| epoch = 10 | step =    80 | loss_onn = 1.757 | loss_cn = 0.00418067 | acc_sim = 0.936 | acc_phy = 0.775 
| epoch = 10 | step =    90 | loss_onn = 1.756 | loss_cn = 0.00416107 | acc_sim = 0.936 | acc_phy = 0.776 
| epoch = 10 | step =   100 | loss_onn = 1.756 | loss_cn = 0.00415984 | acc_sim = 0.935 | acc_phy = 0.775 
| epoch = 10 | step =   110 | loss_onn = 1.755 | loss_cn = 0.00416203 | acc_sim = 0.935 | acc_phy = 0.775 
| epoch = 10 | step =   120 | loss_onn = 1.755 | loss_cn = 0.00415352 | acc_sim = 0.935 | acc_phy = 0.774 
Phy accuracy of the network on 10000 test images: 0.780


Current training epoch: 11, learning rate for onn: 0.0005, learning rate for compensating network: 0.0005
| epoch = 11 | step =    10 | loss_onn = 1.751 | loss_cn = 0.00351226 | acc_sim = 0.937 | acc_phy = 0.772 
| epoch = 11 | step =    20 | loss_onn = 1.749 | loss_cn = 0.00349408 | acc_sim = 0.939 | acc_phy = 0.776 
| epoch = 11 | step =    30 | loss_onn = 1.747 | loss_cn = 0.00346350 | acc_sim = 0.939 | acc_phy = 0.778 
| epoch = 11 | step =    40 | loss_onn = 1.749 | loss_cn = 0.00345231 | acc_sim = 0.939 | acc_phy = 0.777 
| epoch = 11 | step =    50 | loss_onn = 1.748 | loss_cn = 0.00344343 | acc_sim = 0.939 | acc_phy = 0.779 
| epoch = 11 | step =    60 | loss_onn = 1.747 | loss_cn = 0.00345509 | acc_sim = 0.939 | acc_phy = 0.778 
| epoch = 11 | step =    70 | loss_onn = 1.746 | loss_cn = 0.00345738 | acc_sim = 0.939 | acc_phy = 0.781 
| epoch = 11 | step =    80 | loss_onn = 1.745 | loss_cn = 0.00343547 | acc_sim = 0.939 | acc_phy = 0.783 
| epoch = 11 | step =    90 | loss_onn = 1.744 | loss_cn = 0.00342957 | acc_sim = 0.939 | acc_phy = 0.784 
| epoch = 11 | step =   100 | loss_onn = 1.745 | loss_cn = 0.00342705 | acc_sim = 0.939 | acc_phy = 0.782 
| epoch = 11 | step =   110 | loss_onn = 1.745 | loss_cn = 0.00342386 | acc_sim = 0.939 | acc_phy = 0.782 
| epoch = 11 | step =   120 | loss_onn = 1.746 | loss_cn = 0.00342526 | acc_sim = 0.939 | acc_phy = 0.781 
Phy accuracy of the network on 10000 test images: 0.786


Current training epoch: 12, learning rate for onn: 0.0005, learning rate for compensating network: 0.0005
| epoch = 12 | step =    10 | loss_onn = 1.749 | loss_cn = 0.00338704 | acc_sim = 0.940 | acc_phy = 0.772 
| epoch = 12 | step =    20 | loss_onn = 1.755 | loss_cn = 0.00336872 | acc_sim = 0.938 | acc_phy = 0.766 
| epoch = 12 | step =    30 | loss_onn = 1.753 | loss_cn = 0.00337948 | acc_sim = 0.939 | acc_phy = 0.769 
| epoch = 12 | step =    40 | loss_onn = 1.751 | loss_cn = 0.00336576 | acc_sim = 0.940 | acc_phy = 0.771 
| epoch = 12 | step =    50 | loss_onn = 1.750 | loss_cn = 0.00335285 | acc_sim = 0.939 | acc_phy = 0.771 
| epoch = 12 | step =    60 | loss_onn = 1.749 | loss_cn = 0.00336381 | acc_sim = 0.940 | acc_phy = 0.772 
| epoch = 12 | step =    70 | loss_onn = 1.751 | loss_cn = 0.00337250 | acc_sim = 0.940 | acc_phy = 0.771 
| epoch = 12 | step =    80 | loss_onn = 1.750 | loss_cn = 0.00335964 | acc_sim = 0.940 | acc_phy = 0.773 
| epoch = 12 | step =    90 | loss_onn = 1.750 | loss_cn = 0.00335194 | acc_sim = 0.940 | acc_phy = 0.772 
| epoch = 12 | step =   100 | loss_onn = 1.750 | loss_cn = 0.00333824 | acc_sim = 0.941 | acc_phy = 0.772 
| epoch = 12 | step =   110 | loss_onn = 1.750 | loss_cn = 0.00334498 | acc_sim = 0.941 | acc_phy = 0.772 
| epoch = 12 | step =   120 | loss_onn = 1.750 | loss_cn = 0.00335575 | acc_sim = 0.941 | acc_phy = 0.772 
Phy accuracy of the network on 10000 test images: 0.785


Current training epoch: 13, learning rate for onn: 0.0005, learning rate for compensating network: 0.0005
| epoch = 13 | step =    10 | loss_onn = 1.744 | loss_cn = 0.00350028 | acc_sim = 0.937 | acc_phy = 0.778 
| epoch = 13 | step =    20 | loss_onn = 1.746 | loss_cn = 0.00340979 | acc_sim = 0.941 | acc_phy = 0.775 
| epoch = 13 | step =    30 | loss_onn = 1.745 | loss_cn = 0.00341200 | acc_sim = 0.942 | acc_phy = 0.773 
| epoch = 13 | step =    40 | loss_onn = 1.748 | loss_cn = 0.00341320 | acc_sim = 0.941 | acc_phy = 0.769 
| epoch = 13 | step =    50 | loss_onn = 1.750 | loss_cn = 0.00339491 | acc_sim = 0.940 | acc_phy = 0.769 
| epoch = 13 | step =    60 | loss_onn = 1.749 | loss_cn = 0.00338050 | acc_sim = 0.940 | acc_phy = 0.770 
| epoch = 13 | step =    70 | loss_onn = 1.750 | loss_cn = 0.00338379 | acc_sim = 0.939 | acc_phy = 0.769 
| epoch = 13 | step =    80 | loss_onn = 1.749 | loss_cn = 0.00337623 | acc_sim = 0.940 | acc_phy = 0.770 
| epoch = 13 | step =    90 | loss_onn = 1.749 | loss_cn = 0.00335309 | acc_sim = 0.939 | acc_phy = 0.771 
| epoch = 13 | step =   100 | loss_onn = 1.748 | loss_cn = 0.00334373 | acc_sim = 0.939 | acc_phy = 0.772 
| epoch = 13 | step =   110 | loss_onn = 1.748 | loss_cn = 0.00333061 | acc_sim = 0.940 | acc_phy = 0.772 
| epoch = 13 | step =   120 | loss_onn = 1.748 | loss_cn = 0.00333408 | acc_sim = 0.940 | acc_phy = 0.772 
Phy accuracy of the network on 10000 test images: 0.782


Current training epoch: 14, learning rate for onn: 0.0005, learning rate for compensating network: 0.0005
| epoch = 14 | step =    10 | loss_onn = 1.753 | loss_cn = 0.00329096 | acc_sim = 0.944 | acc_phy = 0.761 
| epoch = 14 | step =    20 | loss_onn = 1.754 | loss_cn = 0.00322042 | acc_sim = 0.941 | acc_phy = 0.761 
| epoch = 14 | step =    30 | loss_onn = 1.751 | loss_cn = 0.00324322 | acc_sim = 0.942 | acc_phy = 0.766 
| epoch = 14 | step =    40 | loss_onn = 1.747 | loss_cn = 0.00322481 | acc_sim = 0.942 | acc_phy = 0.772 
| epoch = 14 | step =    50 | loss_onn = 1.746 | loss_cn = 0.00322153 | acc_sim = 0.942 | acc_phy = 0.773 
| epoch = 14 | step =    60 | loss_onn = 1.744 | loss_cn = 0.00324786 | acc_sim = 0.942 | acc_phy = 0.775 
| epoch = 14 | step =    70 | loss_onn = 1.745 | loss_cn = 0.00325210 | acc_sim = 0.941 | acc_phy = 0.774 
| epoch = 14 | step =    80 | loss_onn = 1.745 | loss_cn = 0.00324748 | acc_sim = 0.941 | acc_phy = 0.774 
| epoch = 14 | step =    90 | loss_onn = 1.745 | loss_cn = 0.00325203 | acc_sim = 0.941 | acc_phy = 0.774 
| epoch = 14 | step =   100 | loss_onn = 1.746 | loss_cn = 0.00328762 | acc_sim = 0.941 | acc_phy = 0.773 
| epoch = 14 | step =   110 | loss_onn = 1.745 | loss_cn = 0.00329160 | acc_sim = 0.941 | acc_phy = 0.774 
| epoch = 14 | step =   120 | loss_onn = 1.745 | loss_cn = 0.00331599 | acc_sim = 0.941 | acc_phy = 0.774 
Phy accuracy of the network on 10000 test images: 0.783


Current training epoch: 15, learning rate for onn: 0.0005, learning rate for compensating network: 0.0005
| epoch = 15 | step =    10 | loss_onn = 1.743 | loss_cn = 0.00314802 | acc_sim = 0.943 | acc_phy = 0.775 
| epoch = 15 | step =    20 | loss_onn = 1.751 | loss_cn = 0.00321730 | acc_sim = 0.940 | acc_phy = 0.767 
| epoch = 15 | step =    30 | loss_onn = 1.751 | loss_cn = 0.00317264 | acc_sim = 0.939 | acc_phy = 0.767 
| epoch = 15 | step =    40 | loss_onn = 1.749 | loss_cn = 0.00318245 | acc_sim = 0.939 | acc_phy = 0.769 
| epoch = 15 | step =    50 | loss_onn = 1.750 | loss_cn = 0.00320043 | acc_sim = 0.940 | acc_phy = 0.767 
| epoch = 15 | step =    60 | loss_onn = 1.747 | loss_cn = 0.00317289 | acc_sim = 0.940 | acc_phy = 0.769 
| epoch = 15 | step =    70 | loss_onn = 1.745 | loss_cn = 0.00318614 | acc_sim = 0.941 | acc_phy = 0.771 
| epoch = 15 | step =    80 | loss_onn = 1.745 | loss_cn = 0.00319351 | acc_sim = 0.941 | acc_phy = 0.771 
| epoch = 15 | step =    90 | loss_onn = 1.744 | loss_cn = 0.00321040 | acc_sim = 0.941 | acc_phy = 0.772 
| epoch = 15 | step =   100 | loss_onn = 1.745 | loss_cn = 0.00320606 | acc_sim = 0.942 | acc_phy = 0.772 
| epoch = 15 | step =   110 | loss_onn = 1.744 | loss_cn = 0.00320812 | acc_sim = 0.942 | acc_phy = 0.773 
| epoch = 15 | step =   120 | loss_onn = 1.744 | loss_cn = 0.00319961 | acc_sim = 0.942 | acc_phy = 0.773 
Phy accuracy of the network on 10000 test images: 0.787


Current training epoch: 16, learning rate for onn: 0.0005, learning rate for compensating network: 0.0005
| epoch = 16 | step =    10 | loss_onn = 1.740 | loss_cn = 0.00329519 | acc_sim = 0.785 | acc_phy = 0.780 
| epoch = 16 | step =    20 | loss_onn = 1.723 | loss_cn = 0.00320107 | acc_sim = 0.798 | acc_phy = 0.793 
| epoch = 16 | step =    30 | loss_onn = 1.708 | loss_cn = 0.00330897 | acc_sim = 0.810 | acc_phy = 0.805 
| epoch = 16 | step =    40 | loss_onn = 1.695 | loss_cn = 0.00347972 | acc_sim = 0.821 | acc_phy = 0.816 
| epoch = 16 | step =    50 | loss_onn = 1.685 | loss_cn = 0.00352601 | acc_sim = 0.831 | acc_phy = 0.826 
| epoch = 16 | step =    60 | loss_onn = 1.676 | loss_cn = 0.00356686 | acc_sim = 0.838 | acc_phy = 0.833 
| epoch = 16 | step =    70 | loss_onn = 1.668 | loss_cn = 0.00354147 | acc_sim = 0.845 | acc_phy = 0.840 
| epoch = 16 | step =    80 | loss_onn = 1.663 | loss_cn = 0.00362836 | acc_sim = 0.849 | acc_phy = 0.843 
| epoch = 16 | step =    90 | loss_onn = 1.658 | loss_cn = 0.00361164 | acc_sim = 0.853 | acc_phy = 0.847 
| epoch = 16 | step =   100 | loss_onn = 1.653 | loss_cn = 0.00360072 | acc_sim = 0.857 | acc_phy = 0.852 
| epoch = 16 | step =   110 | loss_onn = 1.649 | loss_cn = 0.00358651 | acc_sim = 0.860 | acc_phy = 0.855 
| epoch = 16 | step =   120 | loss_onn = 1.645 | loss_cn = 0.00356927 | acc_sim = 0.863 | acc_phy = 0.858 
Phy accuracy of the network on 10000 test images: 0.896


Current training epoch: 17, learning rate for onn: 0.0005, learning rate for compensating network: 0.0005
| epoch = 17 | step =    10 | loss_onn = 1.602 | loss_cn = 0.00332366 | acc_sim = 0.898 | acc_phy = 0.891 
| epoch = 17 | step =    20 | loss_onn = 1.601 | loss_cn = 0.00343037 | acc_sim = 0.899 | acc_phy = 0.894 
| epoch = 17 | step =    30 | loss_onn = 1.597 | loss_cn = 0.00334194 | acc_sim = 0.905 | acc_phy = 0.898 
| epoch = 17 | step =    40 | loss_onn = 1.596 | loss_cn = 0.00329470 | acc_sim = 0.903 | acc_phy = 0.899 
| epoch = 17 | step =    50 | loss_onn = 1.596 | loss_cn = 0.00330416 | acc_sim = 0.904 | acc_phy = 0.899 
| epoch = 17 | step =    60 | loss_onn = 1.595 | loss_cn = 0.00334746 | acc_sim = 0.905 | acc_phy = 0.899 
| epoch = 17 | step =    70 | loss_onn = 1.594 | loss_cn = 0.00331452 | acc_sim = 0.905 | acc_phy = 0.900 
| epoch = 17 | step =    80 | loss_onn = 1.593 | loss_cn = 0.00328627 | acc_sim = 0.906 | acc_phy = 0.901 
| epoch = 17 | step =    90 | loss_onn = 1.592 | loss_cn = 0.00327392 | acc_sim = 0.906 | acc_phy = 0.902 
| epoch = 17 | step =   100 | loss_onn = 1.592 | loss_cn = 0.00327695 | acc_sim = 0.907 | acc_phy = 0.902 
| epoch = 17 | step =   110 | loss_onn = 1.591 | loss_cn = 0.00326508 | acc_sim = 0.908 | acc_phy = 0.902 
| epoch = 17 | step =   120 | loss_onn = 1.590 | loss_cn = 0.00326319 | acc_sim = 0.908 | acc_phy = 0.903 
Phy accuracy of the network on 10000 test images: 0.913


Current training epoch: 18, learning rate for onn: 0.0005, learning rate for compensating network: 0.0005
| epoch = 18 | step =    10 | loss_onn = 1.579 | loss_cn = 0.00315511 | acc_sim = 0.918 | acc_phy = 0.911 
| epoch = 18 | step =    20 | loss_onn = 1.579 | loss_cn = 0.00306717 | acc_sim = 0.916 | acc_phy = 0.909 
| epoch = 18 | step =    30 | loss_onn = 1.579 | loss_cn = 0.00312177 | acc_sim = 0.916 | acc_phy = 0.909 
| epoch = 18 | step =    40 | loss_onn = 1.578 | loss_cn = 0.00308389 | acc_sim = 0.918 | acc_phy = 0.911 
| epoch = 18 | step =    50 | loss_onn = 1.577 | loss_cn = 0.00311055 | acc_sim = 0.917 | acc_phy = 0.911 
| epoch = 18 | step =    60 | loss_onn = 1.577 | loss_cn = 0.00312904 | acc_sim = 0.917 | acc_phy = 0.912 
| epoch = 18 | step =    70 | loss_onn = 1.576 | loss_cn = 0.00312061 | acc_sim = 0.918 | acc_phy = 0.913 
| epoch = 18 | step =    80 | loss_onn = 1.576 | loss_cn = 0.00312931 | acc_sim = 0.919 | acc_phy = 0.913 
| epoch = 18 | step =    90 | loss_onn = 1.576 | loss_cn = 0.00311626 | acc_sim = 0.918 | acc_phy = 0.913 
| epoch = 18 | step =   100 | loss_onn = 1.575 | loss_cn = 0.00310637 | acc_sim = 0.918 | acc_phy = 0.913 
| epoch = 18 | step =   110 | loss_onn = 1.575 | loss_cn = 0.00308866 | acc_sim = 0.919 | acc_phy = 0.914 
| epoch = 18 | step =   120 | loss_onn = 1.574 | loss_cn = 0.00312709 | acc_sim = 0.919 | acc_phy = 0.914 
Phy accuracy of the network on 10000 test images: 0.919


Current training epoch: 19, learning rate for onn: 0.0005, learning rate for compensating network: 0.0005
| epoch = 19 | step =    10 | loss_onn = 1.567 | loss_cn = 0.00304901 | acc_sim = 0.926 | acc_phy = 0.920 
| epoch = 19 | step =    20 | loss_onn = 1.566 | loss_cn = 0.00298626 | acc_sim = 0.927 | acc_phy = 0.920 
| epoch = 19 | step =    30 | loss_onn = 1.568 | loss_cn = 0.00295224 | acc_sim = 0.925 | acc_phy = 0.918 
| epoch = 19 | step =    40 | loss_onn = 1.569 | loss_cn = 0.00297617 | acc_sim = 0.923 | acc_phy = 0.917 
| epoch = 19 | step =    50 | loss_onn = 1.570 | loss_cn = 0.00295971 | acc_sim = 0.921 | acc_phy = 0.916 
| epoch = 19 | step =    60 | loss_onn = 1.569 | loss_cn = 0.00296042 | acc_sim = 0.921 | acc_phy = 0.917 
| epoch = 19 | step =    70 | loss_onn = 1.569 | loss_cn = 0.00296227 | acc_sim = 0.922 | acc_phy = 0.917 
| epoch = 19 | step =    80 | loss_onn = 1.568 | loss_cn = 0.00294141 | acc_sim = 0.922 | acc_phy = 0.918 
| epoch = 19 | step =    90 | loss_onn = 1.568 | loss_cn = 0.00292687 | acc_sim = 0.922 | acc_phy = 0.918 
| epoch = 19 | step =   100 | loss_onn = 1.567 | loss_cn = 0.00292513 | acc_sim = 0.923 | acc_phy = 0.919 
| epoch = 19 | step =   110 | loss_onn = 1.567 | loss_cn = 0.00291634 | acc_sim = 0.923 | acc_phy = 0.919 
| epoch = 19 | step =   120 | loss_onn = 1.567 | loss_cn = 0.00292390 | acc_sim = 0.923 | acc_phy = 0.919 
Phy accuracy of the network on 10000 test images: 0.924


Current training epoch: 20, learning rate for onn: 0.0005, learning rate for compensating network: 0.0005
| epoch = 20 | step =    10 | loss_onn = 1.569 | loss_cn = 0.00306337 | acc_sim = 0.922 | acc_phy = 0.914 
| epoch = 20 | step =    20 | loss_onn = 1.568 | loss_cn = 0.00296648 | acc_sim = 0.923 | acc_phy = 0.917 
| epoch = 20 | step =    30 | loss_onn = 1.567 | loss_cn = 0.00289923 | acc_sim = 0.924 | acc_phy = 0.919 
| epoch = 20 | step =    40 | loss_onn = 1.567 | loss_cn = 0.00287700 | acc_sim = 0.925 | acc_phy = 0.920 
| epoch = 20 | step =    50 | loss_onn = 1.566 | loss_cn = 0.00288212 | acc_sim = 0.926 | acc_phy = 0.922 
| epoch = 20 | step =    60 | loss_onn = 1.565 | loss_cn = 0.00289165 | acc_sim = 0.926 | acc_phy = 0.922 
| epoch = 20 | step =    70 | loss_onn = 1.566 | loss_cn = 0.00289778 | acc_sim = 0.925 | acc_phy = 0.921 
| epoch = 20 | step =    80 | loss_onn = 1.566 | loss_cn = 0.00290612 | acc_sim = 0.925 | acc_phy = 0.922 
| epoch = 20 | step =    90 | loss_onn = 1.566 | loss_cn = 0.00291931 | acc_sim = 0.926 | acc_phy = 0.922 
| epoch = 20 | step =   100 | loss_onn = 1.566 | loss_cn = 0.00293152 | acc_sim = 0.926 | acc_phy = 0.923 
| epoch = 20 | step =   110 | loss_onn = 1.565 | loss_cn = 0.00294972 | acc_sim = 0.926 | acc_phy = 0.923 
| epoch = 20 | step =   120 | loss_onn = 1.565 | loss_cn = 0.00293718 | acc_sim = 0.926 | acc_phy = 0.923 
Phy accuracy of the network on 10000 test images: 0.926


Current training epoch: 21, learning rate for onn: 0.00025, learning rate for compensating network: 0.00025
| epoch = 21 | step =    10 | loss_onn = 1.562 | loss_cn = 0.00257217 | acc_sim = 0.931 | acc_phy = 0.928 
| epoch = 21 | step =    20 | loss_onn = 1.565 | loss_cn = 0.00256154 | acc_sim = 0.927 | acc_phy = 0.923 
| epoch = 21 | step =    30 | loss_onn = 1.564 | loss_cn = 0.00255607 | acc_sim = 0.928 | acc_phy = 0.925 
| epoch = 21 | step =    40 | loss_onn = 1.564 | loss_cn = 0.00258340 | acc_sim = 0.928 | acc_phy = 0.925 
| epoch = 21 | step =    50 | loss_onn = 1.564 | loss_cn = 0.00258896 | acc_sim = 0.929 | acc_phy = 0.925 
| epoch = 21 | step =    60 | loss_onn = 1.566 | loss_cn = 0.00262337 | acc_sim = 0.927 | acc_phy = 0.924 
| epoch = 21 | step =    70 | loss_onn = 1.566 | loss_cn = 0.00264111 | acc_sim = 0.927 | acc_phy = 0.923 
| epoch = 21 | step =    80 | loss_onn = 1.566 | loss_cn = 0.00265823 | acc_sim = 0.927 | acc_phy = 0.924 
| epoch = 21 | step =    90 | loss_onn = 1.567 | loss_cn = 0.00266971 | acc_sim = 0.927 | acc_phy = 0.923 
| epoch = 21 | step =   100 | loss_onn = 1.567 | loss_cn = 0.00267144 | acc_sim = 0.927 | acc_phy = 0.923 
| epoch = 21 | step =   110 | loss_onn = 1.566 | loss_cn = 0.00266569 | acc_sim = 0.928 | acc_phy = 0.924 
| epoch = 21 | step =   120 | loss_onn = 1.567 | loss_cn = 0.00266825 | acc_sim = 0.928 | acc_phy = 0.924 
Phy accuracy of the network on 10000 test images: 0.927


Current training epoch: 22, learning rate for onn: 0.00025, learning rate for compensating network: 0.00025
| epoch = 22 | step =    10 | loss_onn = 1.563 | loss_cn = 0.00264655 | acc_sim = 0.931 | acc_phy = 0.929 
| epoch = 22 | step =    20 | loss_onn = 1.565 | loss_cn = 0.00265911 | acc_sim = 0.930 | acc_phy = 0.928 
| epoch = 22 | step =    30 | loss_onn = 1.566 | loss_cn = 0.00266040 | acc_sim = 0.928 | acc_phy = 0.926 
| epoch = 22 | step =    40 | loss_onn = 1.566 | loss_cn = 0.00266538 | acc_sim = 0.928 | acc_phy = 0.927 
| epoch = 22 | step =    50 | loss_onn = 1.567 | loss_cn = 0.00268386 | acc_sim = 0.927 | acc_phy = 0.926 
| epoch = 22 | step =    60 | loss_onn = 1.567 | loss_cn = 0.00269198 | acc_sim = 0.928 | acc_phy = 0.926 
| epoch = 22 | step =    70 | loss_onn = 1.568 | loss_cn = 0.00271553 | acc_sim = 0.927 | acc_phy = 0.925 
| epoch = 22 | step =    80 | loss_onn = 1.567 | loss_cn = 0.00271747 | acc_sim = 0.928 | acc_phy = 0.926 
| epoch = 22 | step =    90 | loss_onn = 1.567 | loss_cn = 0.00272112 | acc_sim = 0.928 | acc_phy = 0.926 
| epoch = 22 | step =   100 | loss_onn = 1.567 | loss_cn = 0.00272696 | acc_sim = 0.928 | acc_phy = 0.926 
| epoch = 22 | step =   110 | loss_onn = 1.568 | loss_cn = 0.00274333 | acc_sim = 0.928 | acc_phy = 0.925 
| epoch = 22 | step =   120 | loss_onn = 1.567 | loss_cn = 0.00273580 | acc_sim = 0.928 | acc_phy = 0.925 
Phy accuracy of the network on 10000 test images: 0.928


Current training epoch: 23, learning rate for onn: 0.00025, learning rate for compensating network: 0.00025
| epoch = 23 | step =    10 | loss_onn = 1.570 | loss_cn = 0.00276082 | acc_sim = 0.924 | acc_phy = 0.920 
| epoch = 23 | step =    20 | loss_onn = 1.567 | loss_cn = 0.00267392 | acc_sim = 0.927 | acc_phy = 0.924 
| epoch = 23 | step =    30 | loss_onn = 1.566 | loss_cn = 0.00265696 | acc_sim = 0.928 | acc_phy = 0.927 
| epoch = 23 | step =    40 | loss_onn = 1.567 | loss_cn = 0.00263103 | acc_sim = 0.927 | acc_phy = 0.925 
| epoch = 23 | step =    50 | loss_onn = 1.566 | loss_cn = 0.00261715 | acc_sim = 0.928 | acc_phy = 0.926 
| epoch = 23 | step =    60 | loss_onn = 1.566 | loss_cn = 0.00261234 | acc_sim = 0.928 | acc_phy = 0.926 
| epoch = 23 | step =    70 | loss_onn = 1.566 | loss_cn = 0.00262906 | acc_sim = 0.928 | acc_phy = 0.926 
| epoch = 23 | step =    80 | loss_onn = 1.566 | loss_cn = 0.00262890 | acc_sim = 0.929 | acc_phy = 0.926 
| epoch = 23 | step =    90 | loss_onn = 1.565 | loss_cn = 0.00262598 | acc_sim = 0.929 | acc_phy = 0.927 
| epoch = 23 | step =   100 | loss_onn = 1.565 | loss_cn = 0.00261340 | acc_sim = 0.930 | acc_phy = 0.927 
| epoch = 23 | step =   110 | loss_onn = 1.565 | loss_cn = 0.00261917 | acc_sim = 0.930 | acc_phy = 0.927 
| epoch = 23 | step =   120 | loss_onn = 1.565 | loss_cn = 0.00262305 | acc_sim = 0.930 | acc_phy = 0.927 
Phy accuracy of the network on 10000 test images: 0.930


Current training epoch: 24, learning rate for onn: 0.00025, learning rate for compensating network: 0.00025
| epoch = 24 | step =    10 | loss_onn = 1.565 | loss_cn = 0.00255001 | acc_sim = 0.928 | acc_phy = 0.927 
| epoch = 24 | step =    20 | loss_onn = 1.566 | loss_cn = 0.00251683 | acc_sim = 0.928 | acc_phy = 0.926 
| epoch = 24 | step =    30 | loss_onn = 1.563 | loss_cn = 0.00247143 | acc_sim = 0.930 | acc_phy = 0.929 
| epoch = 24 | step =    40 | loss_onn = 1.563 | loss_cn = 0.00249053 | acc_sim = 0.931 | acc_phy = 0.930 
| epoch = 24 | step =    50 | loss_onn = 1.564 | loss_cn = 0.00251392 | acc_sim = 0.931 | acc_phy = 0.929 
| epoch = 24 | step =    60 | loss_onn = 1.564 | loss_cn = 0.00252194 | acc_sim = 0.931 | acc_phy = 0.929 
| epoch = 24 | step =    70 | loss_onn = 1.564 | loss_cn = 0.00253041 | acc_sim = 0.931 | acc_phy = 0.929 
| epoch = 24 | step =    80 | loss_onn = 1.564 | loss_cn = 0.00253323 | acc_sim = 0.931 | acc_phy = 0.929 
| epoch = 24 | step =    90 | loss_onn = 1.564 | loss_cn = 0.00253167 | acc_sim = 0.931 | acc_phy = 0.929 
| epoch = 24 | step =   100 | loss_onn = 1.564 | loss_cn = 0.00253439 | acc_sim = 0.931 | acc_phy = 0.929 
| epoch = 24 | step =   110 | loss_onn = 1.563 | loss_cn = 0.00252907 | acc_sim = 0.932 | acc_phy = 0.929 
| epoch = 24 | step =   120 | loss_onn = 1.563 | loss_cn = 0.00253433 | acc_sim = 0.931 | acc_phy = 0.929 
Phy accuracy of the network on 10000 test images: 0.932


Current training epoch: 25, learning rate for onn: 0.00025, learning rate for compensating network: 0.00025
| epoch = 25 | step =    10 | loss_onn = 1.565 | loss_cn = 0.00258468 | acc_sim = 0.932 | acc_phy = 0.927 
| epoch = 25 | step =    20 | loss_onn = 1.566 | loss_cn = 0.00260980 | acc_sim = 0.930 | acc_phy = 0.926 
| epoch = 25 | step =    30 | loss_onn = 1.565 | loss_cn = 0.00261134 | acc_sim = 0.932 | acc_phy = 0.927 
| epoch = 25 | step =    40 | loss_onn = 1.565 | loss_cn = 0.00260202 | acc_sim = 0.932 | acc_phy = 0.928 
| epoch = 25 | step =    50 | loss_onn = 1.565 | loss_cn = 0.00260326 | acc_sim = 0.933 | acc_phy = 0.929 
| epoch = 25 | step =    60 | loss_onn = 1.564 | loss_cn = 0.00259611 | acc_sim = 0.933 | acc_phy = 0.929 
| epoch = 25 | step =    70 | loss_onn = 1.565 | loss_cn = 0.00259352 | acc_sim = 0.933 | acc_phy = 0.929 
| epoch = 25 | step =    80 | loss_onn = 1.564 | loss_cn = 0.00258597 | acc_sim = 0.933 | acc_phy = 0.930 
| epoch = 25 | step =    90 | loss_onn = 1.564 | loss_cn = 0.00258574 | acc_sim = 0.933 | acc_phy = 0.930 
| epoch = 25 | step =   100 | loss_onn = 1.565 | loss_cn = 0.00259926 | acc_sim = 0.933 | acc_phy = 0.930 
| epoch = 25 | step =   110 | loss_onn = 1.565 | loss_cn = 0.00260107 | acc_sim = 0.932 | acc_phy = 0.930 
| epoch = 25 | step =   120 | loss_onn = 1.565 | loss_cn = 0.00261284 | acc_sim = 0.933 | acc_phy = 0.930 
Phy accuracy of the network on 10000 test images: 0.932


Current training epoch: 26, learning rate for onn: 0.00025, learning rate for compensating network: 0.00025
| epoch = 26 | step =    10 | loss_onn = 1.571 | loss_cn = 0.00267119 | acc_sim = 0.929 | acc_phy = 0.926 
| epoch = 26 | step =    20 | loss_onn = 1.569 | loss_cn = 0.00263085 | acc_sim = 0.932 | acc_phy = 0.929 
| epoch = 26 | step =    30 | loss_onn = 1.571 | loss_cn = 0.00264395 | acc_sim = 0.931 | acc_phy = 0.928 
| epoch = 26 | step =    40 | loss_onn = 1.571 | loss_cn = 0.00263464 | acc_sim = 0.932 | acc_phy = 0.929 
| epoch = 26 | step =    50 | loss_onn = 1.571 | loss_cn = 0.00264655 | acc_sim = 0.932 | acc_phy = 0.929 
| epoch = 26 | step =    60 | loss_onn = 1.571 | loss_cn = 0.00268296 | acc_sim = 0.933 | acc_phy = 0.930 
| epoch = 26 | step =    70 | loss_onn = 1.571 | loss_cn = 0.00267301 | acc_sim = 0.933 | acc_phy = 0.930 
| epoch = 26 | step =    80 | loss_onn = 1.571 | loss_cn = 0.00268188 | acc_sim = 0.933 | acc_phy = 0.930 
| epoch = 26 | step =    90 | loss_onn = 1.571 | loss_cn = 0.00267498 | acc_sim = 0.934 | acc_phy = 0.931 
| epoch = 26 | step =   100 | loss_onn = 1.571 | loss_cn = 0.00267595 | acc_sim = 0.934 | acc_phy = 0.931 
| epoch = 26 | step =   110 | loss_onn = 1.572 | loss_cn = 0.00272009 | acc_sim = 0.933 | acc_phy = 0.930 
| epoch = 26 | step =   120 | loss_onn = 1.572 | loss_cn = 0.00272824 | acc_sim = 0.933 | acc_phy = 0.930 
Phy accuracy of the network on 10000 test images: 0.932


Current training epoch: 27, learning rate for onn: 0.00025, learning rate for compensating network: 0.00025
| epoch = 27 | step =    10 | loss_onn = 1.569 | loss_cn = 0.00255568 | acc_sim = 0.940 | acc_phy = 0.940 
| epoch = 27 | step =    20 | loss_onn = 1.575 | loss_cn = 0.00262300 | acc_sim = 0.935 | acc_phy = 0.933 
| epoch = 27 | step =    30 | loss_onn = 1.576 | loss_cn = 0.00268852 | acc_sim = 0.935 | acc_phy = 0.933 
| epoch = 27 | step =    40 | loss_onn = 1.578 | loss_cn = 0.00270794 | acc_sim = 0.933 | acc_phy = 0.932 
| epoch = 27 | step =    50 | loss_onn = 1.578 | loss_cn = 0.00270120 | acc_sim = 0.934 | acc_phy = 0.933 
| epoch = 27 | step =    60 | loss_onn = 1.579 | loss_cn = 0.00273025 | acc_sim = 0.933 | acc_phy = 0.932 
| epoch = 27 | step =    70 | loss_onn = 1.580 | loss_cn = 0.00273161 | acc_sim = 0.933 | acc_phy = 0.932 
| epoch = 27 | step =    80 | loss_onn = 1.580 | loss_cn = 0.00273227 | acc_sim = 0.933 | acc_phy = 0.932 
| epoch = 27 | step =    90 | loss_onn = 1.580 | loss_cn = 0.00274132 | acc_sim = 0.933 | acc_phy = 0.931 
| epoch = 27 | step =   100 | loss_onn = 1.580 | loss_cn = 0.00273771 | acc_sim = 0.932 | acc_phy = 0.931 
| epoch = 27 | step =   110 | loss_onn = 1.580 | loss_cn = 0.00272854 | acc_sim = 0.932 | acc_phy = 0.931 
| epoch = 27 | step =   120 | loss_onn = 1.580 | loss_cn = 0.00272603 | acc_sim = 0.932 | acc_phy = 0.931 
Phy accuracy of the network on 10000 test images: 0.933


Current training epoch: 28, learning rate for onn: 0.00025, learning rate for compensating network: 0.00025
| epoch = 28 | step =    10 | loss_onn = 1.579 | loss_cn = 0.00261417 | acc_sim = 0.930 | acc_phy = 0.932 
| epoch = 28 | step =    20 | loss_onn = 1.577 | loss_cn = 0.00263059 | acc_sim = 0.932 | acc_phy = 0.931 
| epoch = 28 | step =    30 | loss_onn = 1.577 | loss_cn = 0.00258268 | acc_sim = 0.932 | acc_phy = 0.931 
| epoch = 28 | step =    40 | loss_onn = 1.576 | loss_cn = 0.00257872 | acc_sim = 0.932 | acc_phy = 0.931 
| epoch = 28 | step =    50 | loss_onn = 1.575 | loss_cn = 0.00257977 | acc_sim = 0.933 | acc_phy = 0.931 
| epoch = 28 | step =    60 | loss_onn = 1.575 | loss_cn = 0.00258219 | acc_sim = 0.934 | acc_phy = 0.932 
| epoch = 28 | step =    70 | loss_onn = 1.574 | loss_cn = 0.00257653 | acc_sim = 0.934 | acc_phy = 0.932 
| epoch = 28 | step =    80 | loss_onn = 1.574 | loss_cn = 0.00258292 | acc_sim = 0.933 | acc_phy = 0.931 
| epoch = 28 | step =    90 | loss_onn = 1.574 | loss_cn = 0.00257309 | acc_sim = 0.933 | acc_phy = 0.931 
| epoch = 28 | step =   100 | loss_onn = 1.573 | loss_cn = 0.00255562 | acc_sim = 0.934 | acc_phy = 0.932 
| epoch = 28 | step =   110 | loss_onn = 1.573 | loss_cn = 0.00255256 | acc_sim = 0.934 | acc_phy = 0.932 
| epoch = 28 | step =   120 | loss_onn = 1.573 | loss_cn = 0.00254754 | acc_sim = 0.934 | acc_phy = 0.932 
Phy accuracy of the network on 10000 test images: 0.935


Current training epoch: 29, learning rate for onn: 0.00025, learning rate for compensating network: 0.00025
| epoch = 29 | step =    10 | loss_onn = 1.576 | loss_cn = 0.00255644 | acc_sim = 0.933 | acc_phy = 0.930 
| epoch = 29 | step =    20 | loss_onn = 1.575 | loss_cn = 0.00248499 | acc_sim = 0.934 | acc_phy = 0.931 
| epoch = 29 | step =    30 | loss_onn = 1.573 | loss_cn = 0.00244616 | acc_sim = 0.935 | acc_phy = 0.933 
| epoch = 29 | step =    40 | loss_onn = 1.572 | loss_cn = 0.00243516 | acc_sim = 0.936 | acc_phy = 0.934 
| epoch = 29 | step =    50 | loss_onn = 1.572 | loss_cn = 0.00245736 | acc_sim = 0.936 | acc_phy = 0.934 
| epoch = 29 | step =    60 | loss_onn = 1.573 | loss_cn = 0.00246204 | acc_sim = 0.936 | acc_phy = 0.934 
| epoch = 29 | step =    70 | loss_onn = 1.572 | loss_cn = 0.00245434 | acc_sim = 0.936 | acc_phy = 0.934 
| epoch = 29 | step =    80 | loss_onn = 1.572 | loss_cn = 0.00244201 | acc_sim = 0.935 | acc_phy = 0.933 
| epoch = 29 | step =    90 | loss_onn = 1.572 | loss_cn = 0.00243301 | acc_sim = 0.935 | acc_phy = 0.933 
| epoch = 29 | step =   100 | loss_onn = 1.571 | loss_cn = 0.00242013 | acc_sim = 0.935 | acc_phy = 0.933 
| epoch = 29 | step =   110 | loss_onn = 1.571 | loss_cn = 0.00241397 | acc_sim = 0.935 | acc_phy = 0.933 
| epoch = 29 | step =   120 | loss_onn = 1.570 | loss_cn = 0.00241147 | acc_sim = 0.936 | acc_phy = 0.933 
Phy accuracy of the network on 10000 test images: 0.936


Current training epoch: 30, learning rate for onn: 0.00025, learning rate for compensating network: 0.00025
| epoch = 30 | step =    10 | loss_onn = 1.561 | loss_cn = 0.00221244 | acc_sim = 0.937 | acc_phy = 0.936 
| epoch = 30 | step =    20 | loss_onn = 1.562 | loss_cn = 0.00223652 | acc_sim = 0.936 | acc_phy = 0.936 
| epoch = 30 | step =    30 | loss_onn = 1.562 | loss_cn = 0.00222617 | acc_sim = 0.935 | acc_phy = 0.935 
| epoch = 30 | step =    40 | loss_onn = 1.562 | loss_cn = 0.00223754 | acc_sim = 0.936 | acc_phy = 0.935 
| epoch = 30 | step =    50 | loss_onn = 1.561 | loss_cn = 0.00224632 | acc_sim = 0.937 | acc_phy = 0.936 
| epoch = 30 | step =    60 | loss_onn = 1.562 | loss_cn = 0.00225985 | acc_sim = 0.936 | acc_phy = 0.935 
| epoch = 30 | step =    70 | loss_onn = 1.562 | loss_cn = 0.00227219 | acc_sim = 0.936 | acc_phy = 0.935 
| epoch = 30 | step =    80 | loss_onn = 1.562 | loss_cn = 0.00227218 | acc_sim = 0.936 | acc_phy = 0.935 
| epoch = 30 | step =    90 | loss_onn = 1.561 | loss_cn = 0.00227848 | acc_sim = 0.936 | acc_phy = 0.936 
| epoch = 30 | step =   100 | loss_onn = 1.561 | loss_cn = 0.00228880 | acc_sim = 0.936 | acc_phy = 0.936 
| epoch = 30 | step =   110 | loss_onn = 1.561 | loss_cn = 0.00229389 | acc_sim = 0.937 | acc_phy = 0.935 
| epoch = 30 | step =   120 | loss_onn = 1.561 | loss_cn = 0.00230070 | acc_sim = 0.937 | acc_phy = 0.935 
Phy accuracy of the network on 10000 test images: 0.937


Current training epoch: 31, learning rate for onn: 0.000125, learning rate for compensating network: 0.000125
| epoch = 31 | step =    10 | loss_onn = 1.559 | loss_cn = 0.00212382 | acc_sim = 0.940 | acc_phy = 0.937 
| epoch = 31 | step =    20 | loss_onn = 1.560 | loss_cn = 0.00217105 | acc_sim = 0.938 | acc_phy = 0.936 
| epoch = 31 | step =    30 | loss_onn = 1.561 | loss_cn = 0.00214183 | acc_sim = 0.937 | acc_phy = 0.935 
| epoch = 31 | step =    40 | loss_onn = 1.560 | loss_cn = 0.00214237 | acc_sim = 0.939 | acc_phy = 0.936 
| epoch = 31 | step =    50 | loss_onn = 1.560 | loss_cn = 0.00214026 | acc_sim = 0.939 | acc_phy = 0.936 
| epoch = 31 | step =    60 | loss_onn = 1.560 | loss_cn = 0.00214076 | acc_sim = 0.939 | acc_phy = 0.936 
| epoch = 31 | step =    70 | loss_onn = 1.560 | loss_cn = 0.00213943 | acc_sim = 0.939 | acc_phy = 0.937 
| epoch = 31 | step =    80 | loss_onn = 1.560 | loss_cn = 0.00216113 | acc_sim = 0.939 | acc_phy = 0.936 
| epoch = 31 | step =    90 | loss_onn = 1.560 | loss_cn = 0.00216308 | acc_sim = 0.939 | acc_phy = 0.937 
| epoch = 31 | step =   100 | loss_onn = 1.560 | loss_cn = 0.00216582 | acc_sim = 0.938 | acc_phy = 0.936 
| epoch = 31 | step =   110 | loss_onn = 1.560 | loss_cn = 0.00215408 | acc_sim = 0.938 | acc_phy = 0.937 
| epoch = 31 | step =   120 | loss_onn = 1.560 | loss_cn = 0.00215981 | acc_sim = 0.938 | acc_phy = 0.936 
Phy accuracy of the network on 10000 test images: 0.938


Current training epoch: 32, learning rate for onn: 0.000125, learning rate for compensating network: 0.000125
| epoch = 32 | step =    10 | loss_onn = 1.567 | loss_cn = 0.00221504 | acc_sim = 0.932 | acc_phy = 0.928 
| epoch = 32 | step =    20 | loss_onn = 1.560 | loss_cn = 0.00216654 | acc_sim = 0.938 | acc_phy = 0.935 
| epoch = 32 | step =    30 | loss_onn = 1.561 | loss_cn = 0.00216479 | acc_sim = 0.938 | acc_phy = 0.935 
| epoch = 32 | step =    40 | loss_onn = 1.562 | loss_cn = 0.00216977 | acc_sim = 0.937 | acc_phy = 0.935 
| epoch = 32 | step =    50 | loss_onn = 1.560 | loss_cn = 0.00216391 | acc_sim = 0.939 | acc_phy = 0.937 
| epoch = 32 | step =    60 | loss_onn = 1.560 | loss_cn = 0.00215659 | acc_sim = 0.939 | acc_phy = 0.937 
| epoch = 32 | step =    70 | loss_onn = 1.561 | loss_cn = 0.00216029 | acc_sim = 0.939 | acc_phy = 0.937 
| epoch = 32 | step =    80 | loss_onn = 1.560 | loss_cn = 0.00216135 | acc_sim = 0.939 | acc_phy = 0.937 
| epoch = 32 | step =    90 | loss_onn = 1.560 | loss_cn = 0.00215201 | acc_sim = 0.939 | acc_phy = 0.937 
| epoch = 32 | step =   100 | loss_onn = 1.560 | loss_cn = 0.00214433 | acc_sim = 0.940 | acc_phy = 0.938 
| epoch = 32 | step =   110 | loss_onn = 1.560 | loss_cn = 0.00214678 | acc_sim = 0.939 | acc_phy = 0.937 
| epoch = 32 | step =   120 | loss_onn = 1.560 | loss_cn = 0.00214739 | acc_sim = 0.939 | acc_phy = 0.937 
Phy accuracy of the network on 10000 test images: 0.938


Current training epoch: 33, learning rate for onn: 0.000125, learning rate for compensating network: 0.000125
| epoch = 33 | step =    10 | loss_onn = 1.561 | loss_cn = 0.00217726 | acc_sim = 0.938 | acc_phy = 0.936 
| epoch = 33 | step =    20 | loss_onn = 1.563 | loss_cn = 0.00217772 | acc_sim = 0.938 | acc_phy = 0.936 
| epoch = 33 | step =    30 | loss_onn = 1.563 | loss_cn = 0.00216067 | acc_sim = 0.937 | acc_phy = 0.936 
| epoch = 33 | step =    40 | loss_onn = 1.562 | loss_cn = 0.00213774 | acc_sim = 0.938 | acc_phy = 0.937 
| epoch = 33 | step =    50 | loss_onn = 1.562 | loss_cn = 0.00212571 | acc_sim = 0.938 | acc_phy = 0.937 
| epoch = 33 | step =    60 | loss_onn = 1.562 | loss_cn = 0.00212105 | acc_sim = 0.937 | acc_phy = 0.936 
| epoch = 33 | step =    70 | loss_onn = 1.562 | loss_cn = 0.00213579 | acc_sim = 0.938 | acc_phy = 0.937 
| epoch = 33 | step =    80 | loss_onn = 1.561 | loss_cn = 0.00212030 | acc_sim = 0.938 | acc_phy = 0.937 
| epoch = 33 | step =    90 | loss_onn = 1.561 | loss_cn = 0.00211830 | acc_sim = 0.939 | acc_phy = 0.937 
| epoch = 33 | step =   100 | loss_onn = 1.562 | loss_cn = 0.00211867 | acc_sim = 0.939 | acc_phy = 0.937 
| epoch = 33 | step =   110 | loss_onn = 1.561 | loss_cn = 0.00212231 | acc_sim = 0.939 | acc_phy = 0.937 
| epoch = 33 | step =   120 | loss_onn = 1.561 | loss_cn = 0.00212517 | acc_sim = 0.939 | acc_phy = 0.937 
Phy accuracy of the network on 10000 test images: 0.938


Current training epoch: 34, learning rate for onn: 0.000125, learning rate for compensating network: 0.000125
| epoch = 34 | step =    10 | loss_onn = 1.561 | loss_cn = 0.00208552 | acc_sim = 0.942 | acc_phy = 0.942 
| epoch = 34 | step =    20 | loss_onn = 1.560 | loss_cn = 0.00209370 | acc_sim = 0.942 | acc_phy = 0.940 
| epoch = 34 | step =    30 | loss_onn = 1.560 | loss_cn = 0.00207488 | acc_sim = 0.942 | acc_phy = 0.941 
| epoch = 34 | step =    40 | loss_onn = 1.561 | loss_cn = 0.00209650 | acc_sim = 0.941 | acc_phy = 0.940 
| epoch = 34 | step =    50 | loss_onn = 1.562 | loss_cn = 0.00210433 | acc_sim = 0.939 | acc_phy = 0.937 
| epoch = 34 | step =    60 | loss_onn = 1.562 | loss_cn = 0.00209760 | acc_sim = 0.940 | acc_phy = 0.938 
| epoch = 34 | step =    70 | loss_onn = 1.562 | loss_cn = 0.00210066 | acc_sim = 0.940 | acc_phy = 0.938 
| epoch = 34 | step =    80 | loss_onn = 1.562 | loss_cn = 0.00210590 | acc_sim = 0.939 | acc_phy = 0.937 
| epoch = 34 | step =    90 | loss_onn = 1.562 | loss_cn = 0.00210366 | acc_sim = 0.939 | acc_phy = 0.937 
| epoch = 34 | step =   100 | loss_onn = 1.561 | loss_cn = 0.00210139 | acc_sim = 0.940 | acc_phy = 0.938 
| epoch = 34 | step =   110 | loss_onn = 1.561 | loss_cn = 0.00209906 | acc_sim = 0.940 | acc_phy = 0.938 
| epoch = 34 | step =   120 | loss_onn = 1.561 | loss_cn = 0.00209689 | acc_sim = 0.940 | acc_phy = 0.938 
Phy accuracy of the network on 10000 test images: 0.939


Current training epoch: 35, learning rate for onn: 0.000125, learning rate for compensating network: 0.000125
| epoch = 35 | step =    10 | loss_onn = 1.564 | loss_cn = 0.00205297 | acc_sim = 0.935 | acc_phy = 0.932 
| epoch = 35 | step =    20 | loss_onn = 1.562 | loss_cn = 0.00209139 | acc_sim = 0.938 | acc_phy = 0.936 
| epoch = 35 | step =    30 | loss_onn = 1.562 | loss_cn = 0.00206838 | acc_sim = 0.938 | acc_phy = 0.936 
| epoch = 35 | step =    40 | loss_onn = 1.561 | loss_cn = 0.00206469 | acc_sim = 0.939 | acc_phy = 0.937 
| epoch = 35 | step =    50 | loss_onn = 1.560 | loss_cn = 0.00205753 | acc_sim = 0.940 | acc_phy = 0.938 
| epoch = 35 | step =    60 | loss_onn = 1.560 | loss_cn = 0.00207229 | acc_sim = 0.940 | acc_phy = 0.938 
| epoch = 35 | step =    70 | loss_onn = 1.560 | loss_cn = 0.00207710 | acc_sim = 0.940 | acc_phy = 0.938 
| epoch = 35 | step =    80 | loss_onn = 1.560 | loss_cn = 0.00207496 | acc_sim = 0.940 | acc_phy = 0.939 
| epoch = 35 | step =    90 | loss_onn = 1.560 | loss_cn = 0.00207676 | acc_sim = 0.941 | acc_phy = 0.939 
| epoch = 35 | step =   100 | loss_onn = 1.560 | loss_cn = 0.00209093 | acc_sim = 0.940 | acc_phy = 0.939 
| epoch = 35 | step =   110 | loss_onn = 1.560 | loss_cn = 0.00209760 | acc_sim = 0.940 | acc_phy = 0.939 
| epoch = 35 | step =   120 | loss_onn = 1.560 | loss_cn = 0.00209777 | acc_sim = 0.940 | acc_phy = 0.938 
Phy accuracy of the network on 10000 test images: 0.938


Current training epoch: 36, learning rate for onn: 0.000125, learning rate for compensating network: 0.000125
| epoch = 36 | step =    10 | loss_onn = 1.565 | loss_cn = 0.00209554 | acc_sim = 0.937 | acc_phy = 0.938 
| epoch = 36 | step =    20 | loss_onn = 1.563 | loss_cn = 0.00210926 | acc_sim = 0.939 | acc_phy = 0.937 
| epoch = 36 | step =    30 | loss_onn = 1.562 | loss_cn = 0.00211691 | acc_sim = 0.940 | acc_phy = 0.938 
| epoch = 36 | step =    40 | loss_onn = 1.561 | loss_cn = 0.00210795 | acc_sim = 0.941 | acc_phy = 0.939 
| epoch = 36 | step =    50 | loss_onn = 1.561 | loss_cn = 0.00211685 | acc_sim = 0.941 | acc_phy = 0.939 
| epoch = 36 | step =    60 | loss_onn = 1.562 | loss_cn = 0.00212648 | acc_sim = 0.940 | acc_phy = 0.938 
| epoch = 36 | step =    70 | loss_onn = 1.562 | loss_cn = 0.00212027 | acc_sim = 0.940 | acc_phy = 0.938 
| epoch = 36 | step =    80 | loss_onn = 1.562 | loss_cn = 0.00211328 | acc_sim = 0.940 | acc_phy = 0.938 
| epoch = 36 | step =    90 | loss_onn = 1.561 | loss_cn = 0.00212065 | acc_sim = 0.941 | acc_phy = 0.939 
| epoch = 36 | step =   100 | loss_onn = 1.561 | loss_cn = 0.00212037 | acc_sim = 0.941 | acc_phy = 0.939 
| epoch = 36 | step =   110 | loss_onn = 1.562 | loss_cn = 0.00213016 | acc_sim = 0.941 | acc_phy = 0.939 
| epoch = 36 | step =   120 | loss_onn = 1.562 | loss_cn = 0.00213548 | acc_sim = 0.941 | acc_phy = 0.939 
Phy accuracy of the network on 10000 test images: 0.938


Current training epoch: 37, learning rate for onn: 0.000125, learning rate for compensating network: 0.000125
| epoch = 37 | step =    10 | loss_onn = 1.566 | loss_cn = 0.00219396 | acc_sim = 0.942 | acc_phy = 0.938 
| epoch = 37 | step =    20 | loss_onn = 1.565 | loss_cn = 0.00213453 | acc_sim = 0.942 | acc_phy = 0.940 
| epoch = 37 | step =    30 | loss_onn = 1.562 | loss_cn = 0.00211239 | acc_sim = 0.943 | acc_phy = 0.941 
| epoch = 37 | step =    40 | loss_onn = 1.564 | loss_cn = 0.00211478 | acc_sim = 0.942 | acc_phy = 0.939 
| epoch = 37 | step =    50 | loss_onn = 1.565 | loss_cn = 0.00212910 | acc_sim = 0.940 | acc_phy = 0.938 
| epoch = 37 | step =    60 | loss_onn = 1.564 | loss_cn = 0.00213888 | acc_sim = 0.941 | acc_phy = 0.939 
| epoch = 37 | step =    70 | loss_onn = 1.564 | loss_cn = 0.00214306 | acc_sim = 0.941 | acc_phy = 0.939 
| epoch = 37 | step =    80 | loss_onn = 1.564 | loss_cn = 0.00215129 | acc_sim = 0.942 | acc_phy = 0.940 
| epoch = 37 | step =    90 | loss_onn = 1.564 | loss_cn = 0.00216156 | acc_sim = 0.942 | acc_phy = 0.940 
| epoch = 37 | step =   100 | loss_onn = 1.565 | loss_cn = 0.00217256 | acc_sim = 0.941 | acc_phy = 0.939 
| epoch = 37 | step =   110 | loss_onn = 1.565 | loss_cn = 0.00217952 | acc_sim = 0.941 | acc_phy = 0.939 
| epoch = 37 | step =   120 | loss_onn = 1.565 | loss_cn = 0.00219236 | acc_sim = 0.941 | acc_phy = 0.939 
Phy accuracy of the network on 10000 test images: 0.939


Current training epoch: 38, learning rate for onn: 0.000125, learning rate for compensating network: 0.000125
| epoch = 38 | step =    10 | loss_onn = 1.567 | loss_cn = 0.00223708 | acc_sim = 0.943 | acc_phy = 0.939 
| epoch = 38 | step =    20 | loss_onn = 1.568 | loss_cn = 0.00224476 | acc_sim = 0.944 | acc_phy = 0.940 
| epoch = 38 | step =    30 | loss_onn = 1.569 | loss_cn = 0.00226409 | acc_sim = 0.941 | acc_phy = 0.938 
| epoch = 38 | step =    40 | loss_onn = 1.570 | loss_cn = 0.00227552 | acc_sim = 0.941 | acc_phy = 0.938 
| epoch = 38 | step =    50 | loss_onn = 1.570 | loss_cn = 0.00227746 | acc_sim = 0.941 | acc_phy = 0.939 
| epoch = 38 | step =    60 | loss_onn = 1.572 | loss_cn = 0.00230036 | acc_sim = 0.941 | acc_phy = 0.938 
| epoch = 38 | step =    70 | loss_onn = 1.573 | loss_cn = 0.00232714 | acc_sim = 0.941 | acc_phy = 0.939 
| epoch = 38 | step =    80 | loss_onn = 1.574 | loss_cn = 0.00235968 | acc_sim = 0.941 | acc_phy = 0.939 
| epoch = 38 | step =    90 | loss_onn = 1.575 | loss_cn = 0.00237000 | acc_sim = 0.941 | acc_phy = 0.939 
| epoch = 38 | step =   100 | loss_onn = 1.576 | loss_cn = 0.00238662 | acc_sim = 0.940 | acc_phy = 0.938 
| epoch = 38 | step =   110 | loss_onn = 1.577 | loss_cn = 0.00239852 | acc_sim = 0.940 | acc_phy = 0.938 
| epoch = 38 | step =   120 | loss_onn = 1.579 | loss_cn = 0.00242138 | acc_sim = 0.939 | acc_phy = 0.937 
Phy accuracy of the network on 10000 test images: 0.932


Current training epoch: 39, learning rate for onn: 0.000125, learning rate for compensating network: 0.000125
| epoch = 39 | step =    10 | loss_onn = 1.603 | loss_cn = 0.00275707 | acc_sim = 0.924 | acc_phy = 0.923 
| epoch = 39 | step =    20 | loss_onn = 1.600 | loss_cn = 0.00269891 | acc_sim = 0.927 | acc_phy = 0.927 
| epoch = 39 | step =    30 | loss_onn = 1.599 | loss_cn = 0.00276453 | acc_sim = 0.927 | acc_phy = 0.927 
| epoch = 39 | step =    40 | loss_onn = 1.598 | loss_cn = 0.00281107 | acc_sim = 0.927 | acc_phy = 0.925 
| epoch = 39 | step =    50 | loss_onn = 1.597 | loss_cn = 0.00282060 | acc_sim = 0.928 | acc_phy = 0.926 
| epoch = 39 | step =    60 | loss_onn = 1.596 | loss_cn = 0.00285439 | acc_sim = 0.930 | acc_phy = 0.927 
| epoch = 39 | step =    70 | loss_onn = 1.595 | loss_cn = 0.00285745 | acc_sim = 0.931 | acc_phy = 0.929 
| epoch = 39 | step =    80 | loss_onn = 1.593 | loss_cn = 0.00285099 | acc_sim = 0.932 | acc_phy = 0.930 
| epoch = 39 | step =    90 | loss_onn = 1.590 | loss_cn = 0.00280176 | acc_sim = 0.934 | acc_phy = 0.931 
| epoch = 39 | step =   100 | loss_onn = 1.588 | loss_cn = 0.00274510 | acc_sim = 0.934 | acc_phy = 0.932 
| epoch = 39 | step =   110 | loss_onn = 1.586 | loss_cn = 0.00270395 | acc_sim = 0.935 | acc_phy = 0.932 
| epoch = 39 | step =   120 | loss_onn = 1.585 | loss_cn = 0.00265735 | acc_sim = 0.935 | acc_phy = 0.933 
Phy accuracy of the network on 10000 test images: 0.938


Current training epoch: 40, learning rate for onn: 0.000125, learning rate for compensating network: 0.000125
| epoch = 40 | step =    10 | loss_onn = 1.564 | loss_cn = 0.00211697 | acc_sim = 0.936 | acc_phy = 0.937 
| epoch = 40 | step =    20 | loss_onn = 1.562 | loss_cn = 0.00214587 | acc_sim = 0.938 | acc_phy = 0.937 
| epoch = 40 | step =    30 | loss_onn = 1.561 | loss_cn = 0.00212024 | acc_sim = 0.939 | acc_phy = 0.937 
| epoch = 40 | step =    40 | loss_onn = 1.560 | loss_cn = 0.00209901 | acc_sim = 0.940 | acc_phy = 0.938 
| epoch = 40 | step =    50 | loss_onn = 1.559 | loss_cn = 0.00207282 | acc_sim = 0.940 | acc_phy = 0.939 
| epoch = 40 | step =    60 | loss_onn = 1.558 | loss_cn = 0.00207151 | acc_sim = 0.941 | acc_phy = 0.939 
| epoch = 40 | step =    70 | loss_onn = 1.558 | loss_cn = 0.00207547 | acc_sim = 0.941 | acc_phy = 0.939 
| epoch = 40 | step =    80 | loss_onn = 1.558 | loss_cn = 0.00207615 | acc_sim = 0.941 | acc_phy = 0.939 
| epoch = 40 | step =    90 | loss_onn = 1.558 | loss_cn = 0.00207715 | acc_sim = 0.941 | acc_phy = 0.939 
| epoch = 40 | step =   100 | loss_onn = 1.557 | loss_cn = 0.00207338 | acc_sim = 0.941 | acc_phy = 0.940 
| epoch = 40 | step =   110 | loss_onn = 1.557 | loss_cn = 0.00207356 | acc_sim = 0.941 | acc_phy = 0.939 
| epoch = 40 | step =   120 | loss_onn = 1.557 | loss_cn = 0.00207173 | acc_sim = 0.941 | acc_phy = 0.939 
Phy accuracy of the network on 10000 test images: 0.940


Current training epoch: 41, learning rate for onn: 6.25e-05, learning rate for compensating network: 6.25e-05
| epoch = 41 | step =    10 | loss_onn = 1.553 | loss_cn = 0.00191633 | acc_sim = 0.945 | acc_phy = 0.942 
| epoch = 41 | step =    20 | loss_onn = 1.551 | loss_cn = 0.00189605 | acc_sim = 0.947 | acc_phy = 0.944 
| epoch = 41 | step =    30 | loss_onn = 1.552 | loss_cn = 0.00191100 | acc_sim = 0.944 | acc_phy = 0.943 
| epoch = 41 | step =    40 | loss_onn = 1.553 | loss_cn = 0.00190625 | acc_sim = 0.944 | acc_phy = 0.942 
| epoch = 41 | step =    50 | loss_onn = 1.552 | loss_cn = 0.00190025 | acc_sim = 0.944 | acc_phy = 0.942 
| epoch = 41 | step =    60 | loss_onn = 1.552 | loss_cn = 0.00190327 | acc_sim = 0.944 | acc_phy = 0.942 
| epoch = 41 | step =    70 | loss_onn = 1.553 | loss_cn = 0.00190452 | acc_sim = 0.942 | acc_phy = 0.940 
| epoch = 41 | step =    80 | loss_onn = 1.553 | loss_cn = 0.00190436 | acc_sim = 0.942 | acc_phy = 0.941 
| epoch = 41 | step =    90 | loss_onn = 1.553 | loss_cn = 0.00191049 | acc_sim = 0.942 | acc_phy = 0.940 
| epoch = 41 | step =   100 | loss_onn = 1.553 | loss_cn = 0.00190509 | acc_sim = 0.943 | acc_phy = 0.941 
| epoch = 41 | step =   110 | loss_onn = 1.552 | loss_cn = 0.00190327 | acc_sim = 0.943 | acc_phy = 0.941 
| epoch = 41 | step =   120 | loss_onn = 1.552 | loss_cn = 0.00190805 | acc_sim = 0.943 | acc_phy = 0.941 
Phy accuracy of the network on 10000 test images: 0.940


Current training epoch: 42, learning rate for onn: 6.25e-05, learning rate for compensating network: 6.25e-05
| epoch = 42 | step =    10 | loss_onn = 1.553 | loss_cn = 0.00193639 | acc_sim = 0.940 | acc_phy = 0.936 
| epoch = 42 | step =    20 | loss_onn = 1.555 | loss_cn = 0.00194461 | acc_sim = 0.941 | acc_phy = 0.937 
| epoch = 42 | step =    30 | loss_onn = 1.553 | loss_cn = 0.00193440 | acc_sim = 0.942 | acc_phy = 0.939 
| epoch = 42 | step =    40 | loss_onn = 1.551 | loss_cn = 0.00191697 | acc_sim = 0.944 | acc_phy = 0.941 
| epoch = 42 | step =    50 | loss_onn = 1.551 | loss_cn = 0.00190477 | acc_sim = 0.944 | acc_phy = 0.942 
| epoch = 42 | step =    60 | loss_onn = 1.551 | loss_cn = 0.00190364 | acc_sim = 0.943 | acc_phy = 0.941 
| epoch = 42 | step =    70 | loss_onn = 1.551 | loss_cn = 0.00190426 | acc_sim = 0.944 | acc_phy = 0.942 
| epoch = 42 | step =    80 | loss_onn = 1.551 | loss_cn = 0.00190026 | acc_sim = 0.944 | acc_phy = 0.942 
| epoch = 42 | step =    90 | loss_onn = 1.550 | loss_cn = 0.00188758 | acc_sim = 0.944 | acc_phy = 0.942 
| epoch = 42 | step =   100 | loss_onn = 1.551 | loss_cn = 0.00189256 | acc_sim = 0.943 | acc_phy = 0.941 
| epoch = 42 | step =   110 | loss_onn = 1.551 | loss_cn = 0.00190223 | acc_sim = 0.943 | acc_phy = 0.941 
| epoch = 42 | step =   120 | loss_onn = 1.551 | loss_cn = 0.00190372 | acc_sim = 0.943 | acc_phy = 0.941 
Phy accuracy of the network on 10000 test images: 0.940


Current training epoch: 43, learning rate for onn: 6.25e-05, learning rate for compensating network: 6.25e-05
| epoch = 43 | step =    10 | loss_onn = 1.550 | loss_cn = 0.00190779 | acc_sim = 0.941 | acc_phy = 0.940 
| epoch = 43 | step =    20 | loss_onn = 1.551 | loss_cn = 0.00186574 | acc_sim = 0.942 | acc_phy = 0.940 
| epoch = 43 | step =    30 | loss_onn = 1.551 | loss_cn = 0.00186987 | acc_sim = 0.942 | acc_phy = 0.940 
| epoch = 43 | step =    40 | loss_onn = 1.551 | loss_cn = 0.00188329 | acc_sim = 0.943 | acc_phy = 0.941 
| epoch = 43 | step =    50 | loss_onn = 1.551 | loss_cn = 0.00187683 | acc_sim = 0.943 | acc_phy = 0.941 
| epoch = 43 | step =    60 | loss_onn = 1.551 | loss_cn = 0.00188335 | acc_sim = 0.942 | acc_phy = 0.941 
| epoch = 43 | step =    70 | loss_onn = 1.551 | loss_cn = 0.00188243 | acc_sim = 0.942 | acc_phy = 0.941 
| epoch = 43 | step =    80 | loss_onn = 1.550 | loss_cn = 0.00188116 | acc_sim = 0.943 | acc_phy = 0.941 
| epoch = 43 | step =    90 | loss_onn = 1.550 | loss_cn = 0.00188210 | acc_sim = 0.944 | acc_phy = 0.942 
| epoch = 43 | step =   100 | loss_onn = 1.550 | loss_cn = 0.00187798 | acc_sim = 0.944 | acc_phy = 0.942 
| epoch = 43 | step =   110 | loss_onn = 1.550 | loss_cn = 0.00188733 | acc_sim = 0.943 | acc_phy = 0.942 
| epoch = 43 | step =   120 | loss_onn = 1.550 | loss_cn = 0.00189419 | acc_sim = 0.943 | acc_phy = 0.942 
Phy accuracy of the network on 10000 test images: 0.941


Current training epoch: 44, learning rate for onn: 6.25e-05, learning rate for compensating network: 6.25e-05
| epoch = 44 | step =    10 | loss_onn = 1.550 | loss_cn = 0.00187162 | acc_sim = 0.945 | acc_phy = 0.943 
| epoch = 44 | step =    20 | loss_onn = 1.550 | loss_cn = 0.00188314 | acc_sim = 0.946 | acc_phy = 0.944 
| epoch = 44 | step =    30 | loss_onn = 1.550 | loss_cn = 0.00190632 | acc_sim = 0.945 | acc_phy = 0.942 
| epoch = 44 | step =    40 | loss_onn = 1.550 | loss_cn = 0.00189285 | acc_sim = 0.945 | acc_phy = 0.942 
| epoch = 44 | step =    50 | loss_onn = 1.551 | loss_cn = 0.00190944 | acc_sim = 0.944 | acc_phy = 0.941 
| epoch = 44 | step =    60 | loss_onn = 1.551 | loss_cn = 0.00190742 | acc_sim = 0.944 | acc_phy = 0.941 
| epoch = 44 | step =    70 | loss_onn = 1.551 | loss_cn = 0.00190210 | acc_sim = 0.943 | acc_phy = 0.941 
| epoch = 44 | step =    80 | loss_onn = 1.551 | loss_cn = 0.00190248 | acc_sim = 0.943 | acc_phy = 0.941 
| epoch = 44 | step =    90 | loss_onn = 1.550 | loss_cn = 0.00189467 | acc_sim = 0.944 | acc_phy = 0.941 
| epoch = 44 | step =   100 | loss_onn = 1.550 | loss_cn = 0.00189228 | acc_sim = 0.944 | acc_phy = 0.942 
| epoch = 44 | step =   110 | loss_onn = 1.550 | loss_cn = 0.00189529 | acc_sim = 0.944 | acc_phy = 0.942 
| epoch = 44 | step =   120 | loss_onn = 1.550 | loss_cn = 0.00189660 | acc_sim = 0.944 | acc_phy = 0.942 
Phy accuracy of the network on 10000 test images: 0.941


Current training epoch: 45, learning rate for onn: 6.25e-05, learning rate for compensating network: 6.25e-05
| epoch = 45 | step =    10 | loss_onn = 1.554 | loss_cn = 0.00189640 | acc_sim = 0.938 | acc_phy = 0.937 
| epoch = 45 | step =    20 | loss_onn = 1.554 | loss_cn = 0.00191953 | acc_sim = 0.939 | acc_phy = 0.938 
| epoch = 45 | step =    30 | loss_onn = 1.553 | loss_cn = 0.00191773 | acc_sim = 0.941 | acc_phy = 0.939 
| epoch = 45 | step =    40 | loss_onn = 1.551 | loss_cn = 0.00191485 | acc_sim = 0.944 | acc_phy = 0.942 
| epoch = 45 | step =    50 | loss_onn = 1.551 | loss_cn = 0.00191080 | acc_sim = 0.944 | acc_phy = 0.942 
| epoch = 45 | step =    60 | loss_onn = 1.551 | loss_cn = 0.00190341 | acc_sim = 0.943 | acc_phy = 0.942 
| epoch = 45 | step =    70 | loss_onn = 1.551 | loss_cn = 0.00190659 | acc_sim = 0.943 | acc_phy = 0.942 
| epoch = 45 | step =    80 | loss_onn = 1.551 | loss_cn = 0.00190393 | acc_sim = 0.943 | acc_phy = 0.942 
| epoch = 45 | step =    90 | loss_onn = 1.550 | loss_cn = 0.00190070 | acc_sim = 0.944 | acc_phy = 0.942 
| epoch = 45 | step =   100 | loss_onn = 1.550 | loss_cn = 0.00190411 | acc_sim = 0.944 | acc_phy = 0.942 
| epoch = 45 | step =   110 | loss_onn = 1.550 | loss_cn = 0.00190441 | acc_sim = 0.944 | acc_phy = 0.942 
| epoch = 45 | step =   120 | loss_onn = 1.549 | loss_cn = 0.00189841 | acc_sim = 0.945 | acc_phy = 0.943 
Phy accuracy of the network on 10000 test images: 0.942


Current training epoch: 46, learning rate for onn: 6.25e-05, learning rate for compensating network: 6.25e-05
| epoch = 46 | step =    10 | loss_onn = 1.547 | loss_cn = 0.00187199 | acc_sim = 0.946 | acc_phy = 0.944 
| epoch = 46 | step =    20 | loss_onn = 1.549 | loss_cn = 0.00189574 | acc_sim = 0.945 | acc_phy = 0.943 
| epoch = 46 | step =    30 | loss_onn = 1.549 | loss_cn = 0.00190339 | acc_sim = 0.944 | acc_phy = 0.943 
| epoch = 46 | step =    40 | loss_onn = 1.548 | loss_cn = 0.00188976 | acc_sim = 0.946 | acc_phy = 0.944 
| epoch = 46 | step =    50 | loss_onn = 1.548 | loss_cn = 0.00187504 | acc_sim = 0.946 | acc_phy = 0.944 
| epoch = 46 | step =    60 | loss_onn = 1.549 | loss_cn = 0.00188485 | acc_sim = 0.946 | acc_phy = 0.943 
| epoch = 46 | step =    70 | loss_onn = 1.549 | loss_cn = 0.00189701 | acc_sim = 0.945 | acc_phy = 0.942 
| epoch = 46 | step =    80 | loss_onn = 1.549 | loss_cn = 0.00189380 | acc_sim = 0.945 | acc_phy = 0.942 
| epoch = 46 | step =    90 | loss_onn = 1.549 | loss_cn = 0.00189576 | acc_sim = 0.945 | acc_phy = 0.942 
| epoch = 46 | step =   100 | loss_onn = 1.549 | loss_cn = 0.00189594 | acc_sim = 0.945 | acc_phy = 0.943 
| epoch = 46 | step =   110 | loss_onn = 1.549 | loss_cn = 0.00189080 | acc_sim = 0.945 | acc_phy = 0.943 
| epoch = 46 | step =   120 | loss_onn = 1.549 | loss_cn = 0.00189581 | acc_sim = 0.945 | acc_phy = 0.943 
Phy accuracy of the network on 10000 test images: 0.942


Current training epoch: 47, learning rate for onn: 6.25e-05, learning rate for compensating network: 6.25e-05
| epoch = 47 | step =    10 | loss_onn = 1.547 | loss_cn = 0.00183750 | acc_sim = 0.949 | acc_phy = 0.945 
| epoch = 47 | step =    20 | loss_onn = 1.550 | loss_cn = 0.00186860 | acc_sim = 0.944 | acc_phy = 0.941 
| epoch = 47 | step =    30 | loss_onn = 1.550 | loss_cn = 0.00187983 | acc_sim = 0.945 | acc_phy = 0.942 
| epoch = 47 | step =    40 | loss_onn = 1.550 | loss_cn = 0.00189651 | acc_sim = 0.945 | acc_phy = 0.942 
| epoch = 47 | step =    50 | loss_onn = 1.550 | loss_cn = 0.00189560 | acc_sim = 0.944 | acc_phy = 0.941 
| epoch = 47 | step =    60 | loss_onn = 1.550 | loss_cn = 0.00188401 | acc_sim = 0.944 | acc_phy = 0.942 
| epoch = 47 | step =    70 | loss_onn = 1.550 | loss_cn = 0.00189137 | acc_sim = 0.944 | acc_phy = 0.942 
| epoch = 47 | step =    80 | loss_onn = 1.550 | loss_cn = 0.00189299 | acc_sim = 0.944 | acc_phy = 0.942 
| epoch = 47 | step =    90 | loss_onn = 1.550 | loss_cn = 0.00189426 | acc_sim = 0.944 | acc_phy = 0.942 
| epoch = 47 | step =   100 | loss_onn = 1.549 | loss_cn = 0.00188817 | acc_sim = 0.945 | acc_phy = 0.943 
| epoch = 47 | step =   110 | loss_onn = 1.549 | loss_cn = 0.00188799 | acc_sim = 0.945 | acc_phy = 0.943 
| epoch = 47 | step =   120 | loss_onn = 1.549 | loss_cn = 0.00188576 | acc_sim = 0.945 | acc_phy = 0.943 
Phy accuracy of the network on 10000 test images: 0.943


Current training epoch: 48, learning rate for onn: 6.25e-05, learning rate for compensating network: 6.25e-05
| epoch = 48 | step =    10 | loss_onn = 1.552 | loss_cn = 0.00189609 | acc_sim = 0.943 | acc_phy = 0.942 
| epoch = 48 | step =    20 | loss_onn = 1.551 | loss_cn = 0.00187325 | acc_sim = 0.944 | acc_phy = 0.942 
| epoch = 48 | step =    30 | loss_onn = 1.550 | loss_cn = 0.00185578 | acc_sim = 0.945 | acc_phy = 0.943 
| epoch = 48 | step =    40 | loss_onn = 1.549 | loss_cn = 0.00185649 | acc_sim = 0.946 | acc_phy = 0.944 
| epoch = 48 | step =    50 | loss_onn = 1.548 | loss_cn = 0.00185474 | acc_sim = 0.947 | acc_phy = 0.944 
| epoch = 48 | step =    60 | loss_onn = 1.549 | loss_cn = 0.00188029 | acc_sim = 0.946 | acc_phy = 0.943 
| epoch = 48 | step =    70 | loss_onn = 1.549 | loss_cn = 0.00187464 | acc_sim = 0.946 | acc_phy = 0.944 
| epoch = 48 | step =    80 | loss_onn = 1.549 | loss_cn = 0.00187196 | acc_sim = 0.946 | acc_phy = 0.944 
| epoch = 48 | step =    90 | loss_onn = 1.549 | loss_cn = 0.00187124 | acc_sim = 0.946 | acc_phy = 0.944 
| epoch = 48 | step =   100 | loss_onn = 1.549 | loss_cn = 0.00187181 | acc_sim = 0.945 | acc_phy = 0.943 
| epoch = 48 | step =   110 | loss_onn = 1.549 | loss_cn = 0.00187733 | acc_sim = 0.945 | acc_phy = 0.944 
| epoch = 48 | step =   120 | loss_onn = 1.549 | loss_cn = 0.00188040 | acc_sim = 0.946 | acc_phy = 0.944 
Phy accuracy of the network on 10000 test images: 0.943


Current training epoch: 49, learning rate for onn: 6.25e-05, learning rate for compensating network: 6.25e-05
| epoch = 49 | step =    10 | loss_onn = 1.550 | loss_cn = 0.00183496 | acc_sim = 0.943 | acc_phy = 0.943 
| epoch = 49 | step =    20 | loss_onn = 1.548 | loss_cn = 0.00183842 | acc_sim = 0.946 | acc_phy = 0.945 
| epoch = 49 | step =    30 | loss_onn = 1.547 | loss_cn = 0.00182398 | acc_sim = 0.947 | acc_phy = 0.946 
| epoch = 49 | step =    40 | loss_onn = 1.547 | loss_cn = 0.00182722 | acc_sim = 0.948 | acc_phy = 0.946 
| epoch = 49 | step =    50 | loss_onn = 1.548 | loss_cn = 0.00183659 | acc_sim = 0.947 | acc_phy = 0.946 
| epoch = 49 | step =    60 | loss_onn = 1.549 | loss_cn = 0.00185235 | acc_sim = 0.946 | acc_phy = 0.944 
| epoch = 49 | step =    70 | loss_onn = 1.549 | loss_cn = 0.00184947 | acc_sim = 0.946 | acc_phy = 0.944 
| epoch = 49 | step =    80 | loss_onn = 1.549 | loss_cn = 0.00184968 | acc_sim = 0.947 | acc_phy = 0.944 
| epoch = 49 | step =    90 | loss_onn = 1.549 | loss_cn = 0.00185525 | acc_sim = 0.946 | acc_phy = 0.944 
| epoch = 49 | step =   100 | loss_onn = 1.549 | loss_cn = 0.00186013 | acc_sim = 0.947 | acc_phy = 0.945 
| epoch = 49 | step =   110 | loss_onn = 1.549 | loss_cn = 0.00185941 | acc_sim = 0.947 | acc_phy = 0.945 
| epoch = 49 | step =   120 | loss_onn = 1.550 | loss_cn = 0.00186837 | acc_sim = 0.946 | acc_phy = 0.944 
Phy accuracy of the network on 10000 test images: 0.943


Current training epoch: 50, learning rate for onn: 6.25e-05, learning rate for compensating network: 6.25e-05
| epoch = 50 | step =    10 | loss_onn = 1.547 | loss_cn = 0.00183987 | acc_sim = 0.951 | acc_phy = 0.947 
| epoch = 50 | step =    20 | loss_onn = 1.548 | loss_cn = 0.00184053 | acc_sim = 0.949 | acc_phy = 0.947 
| epoch = 50 | step =    30 | loss_onn = 1.550 | loss_cn = 0.00185900 | acc_sim = 0.946 | acc_phy = 0.944 
| epoch = 50 | step =    40 | loss_onn = 1.550 | loss_cn = 0.00186144 | acc_sim = 0.945 | acc_phy = 0.943 
| epoch = 50 | step =    50 | loss_onn = 1.550 | loss_cn = 0.00186024 | acc_sim = 0.946 | acc_phy = 0.944 
| epoch = 50 | step =    60 | loss_onn = 1.550 | loss_cn = 0.00186894 | acc_sim = 0.945 | acc_phy = 0.943 
| epoch = 50 | step =    70 | loss_onn = 1.550 | loss_cn = 0.00186525 | acc_sim = 0.945 | acc_phy = 0.944 
| epoch = 50 | step =    80 | loss_onn = 1.550 | loss_cn = 0.00186434 | acc_sim = 0.945 | acc_phy = 0.944 
| epoch = 50 | step =    90 | loss_onn = 1.550 | loss_cn = 0.00185976 | acc_sim = 0.945 | acc_phy = 0.944 
| epoch = 50 | step =   100 | loss_onn = 1.550 | loss_cn = 0.00186215 | acc_sim = 0.945 | acc_phy = 0.944 
| epoch = 50 | step =   110 | loss_onn = 1.550 | loss_cn = 0.00186837 | acc_sim = 0.946 | acc_phy = 0.944 
| epoch = 50 | step =   120 | loss_onn = 1.550 | loss_cn = 0.00186807 | acc_sim = 0.946 | acc_phy = 0.944 
Phy accuracy of the network on 10000 test images: 0.944

Finished training. Elapsed time of training = 5:16:35.631081.
Best accuracy on test images: 0.9436000000000002.
