Training new model from scratch......
--------------------------
Training with SEPN
--------------------------

Current training epoch: 1, learning rate for pnn: 0.001, 
| epoch = 1 | step =    10 | loss_pnn = 2.287 | loss_cn = 0.00000000 | acc_sim = 0.258 | acc_phy = 0.143 
| epoch = 1 | step =    20 | loss_pnn = 2.272 | loss_cn = 0.00000000 | acc_sim = 0.393 | acc_phy = 0.189 
| epoch = 1 | step =    30 | loss_pnn = 2.253 | loss_cn = 0.00000000 | acc_sim = 0.476 | acc_phy = 0.244 
| epoch = 1 | step =    40 | loss_pnn = 2.236 | loss_cn = 0.00000000 | acc_sim = 0.534 | acc_phy = 0.285 
| epoch = 1 | step =    50 | loss_pnn = 2.219 | loss_cn = 0.00000000 | acc_sim = 0.577 | acc_phy = 0.316 
| epoch = 1 | step =    60 | loss_pnn = 2.201 | loss_cn = 0.00000000 | acc_sim = 0.613 | acc_phy = 0.341 
| epoch = 1 | step =    70 | loss_pnn = 2.187 | loss_cn = 0.00000000 | acc_sim = 0.642 | acc_phy = 0.362 
| epoch = 1 | step =    80 | loss_pnn = 2.173 | loss_cn = 0.00000000 | acc_sim = 0.667 | acc_phy = 0.380 
| epoch = 1 | step =    90 | loss_pnn = 2.160 | loss_cn = 0.00000000 | acc_sim = 0.688 | acc_phy = 0.398 
| epoch = 1 | step =   100 | loss_pnn = 2.148 | loss_cn = 0.00000000 | acc_sim = 0.705 | acc_phy = 0.414 
| epoch = 1 | step =   110 | loss_pnn = 2.138 | loss_cn = 0.00000000 | acc_sim = 0.720 | acc_phy = 0.428 
| epoch = 1 | step =   120 | loss_pnn = 2.128 | loss_cn = 0.00000000 | acc_sim = 0.732 | acc_phy = 0.442 
Phy accuracy of the network on 10000 test images: 0.442


Current training epoch: 2, learning rate for pnn: 0.001, 
| epoch = 2 | step =    10 | loss_pnn = 1.999 | loss_cn = 0.00000000 | acc_sim = 0.882 | acc_phy = 0.604 
| epoch = 2 | step =    20 | loss_pnn = 1.994 | loss_cn = 0.00000000 | acc_sim = 0.885 | acc_phy = 0.611 
| epoch = 2 | step =    30 | loss_pnn = 1.987 | loss_cn = 0.00000000 | acc_sim = 0.885 | acc_phy = 0.620 
| epoch = 2 | step =    40 | loss_pnn = 1.984 | loss_cn = 0.00000000 | acc_sim = 0.887 | acc_phy = 0.624 
| epoch = 2 | step =    50 | loss_pnn = 1.981 | loss_cn = 0.00000000 | acc_sim = 0.888 | acc_phy = 0.627 
| epoch = 2 | step =    60 | loss_pnn = 1.976 | loss_cn = 0.00000000 | acc_sim = 0.891 | acc_phy = 0.631 
| epoch = 2 | step =    70 | loss_pnn = 1.972 | loss_cn = 0.00000000 | acc_sim = 0.893 | acc_phy = 0.635 
| epoch = 2 | step =    80 | loss_pnn = 1.966 | loss_cn = 0.00000000 | acc_sim = 0.894 | acc_phy = 0.640 
| epoch = 2 | step =    90 | loss_pnn = 1.962 | loss_cn = 0.00000000 | acc_sim = 0.895 | acc_phy = 0.645 
| epoch = 2 | step =   100 | loss_pnn = 1.957 | loss_cn = 0.00000000 | acc_sim = 0.897 | acc_phy = 0.649 
| epoch = 2 | step =   110 | loss_pnn = 1.952 | loss_cn = 0.00000000 | acc_sim = 0.898 | acc_phy = 0.653 
| epoch = 2 | step =   120 | loss_pnn = 1.947 | loss_cn = 0.00000000 | acc_sim = 0.899 | acc_phy = 0.657 
Phy accuracy of the network on 10000 test images: 0.657


Current training epoch: 3, learning rate for pnn: 0.001, 
| epoch = 3 | step =    10 | loss_pnn = 1.894 | loss_cn = 0.00000000 | acc_sim = 0.915 | acc_phy = 0.699 
| epoch = 3 | step =    20 | loss_pnn = 1.883 | loss_cn = 0.00000000 | acc_sim = 0.917 | acc_phy = 0.707 
| epoch = 3 | step =    30 | loss_pnn = 1.882 | loss_cn = 0.00000000 | acc_sim = 0.915 | acc_phy = 0.708 
| epoch = 3 | step =    40 | loss_pnn = 1.882 | loss_cn = 0.00000000 | acc_sim = 0.916 | acc_phy = 0.708 
| epoch = 3 | step =    50 | loss_pnn = 1.880 | loss_cn = 0.00000000 | acc_sim = 0.918 | acc_phy = 0.708 
| epoch = 3 | step =    60 | loss_pnn = 1.877 | loss_cn = 0.00000000 | acc_sim = 0.917 | acc_phy = 0.710 
| epoch = 3 | step =    70 | loss_pnn = 1.873 | loss_cn = 0.00000000 | acc_sim = 0.918 | acc_phy = 0.713 
| epoch = 3 | step =    80 | loss_pnn = 1.871 | loss_cn = 0.00000000 | acc_sim = 0.918 | acc_phy = 0.714 
| epoch = 3 | step =    90 | loss_pnn = 1.868 | loss_cn = 0.00000000 | acc_sim = 0.919 | acc_phy = 0.716 
| epoch = 3 | step =   100 | loss_pnn = 1.867 | loss_cn = 0.00000000 | acc_sim = 0.920 | acc_phy = 0.717 
| epoch = 3 | step =   110 | loss_pnn = 1.865 | loss_cn = 0.00000000 | acc_sim = 0.921 | acc_phy = 0.717 
| epoch = 3 | step =   120 | loss_pnn = 1.862 | loss_cn = 0.00000000 | acc_sim = 0.922 | acc_phy = 0.720 
Phy accuracy of the network on 10000 test images: 0.720


Current training epoch: 4, learning rate for pnn: 0.001, 
| epoch = 4 | step =    10 | loss_pnn = 1.839 | loss_cn = 0.00000000 | acc_sim = 0.934 | acc_phy = 0.728 
| epoch = 4 | step =    20 | loss_pnn = 1.841 | loss_cn = 0.00000000 | acc_sim = 0.928 | acc_phy = 0.727 
| epoch = 4 | step =    30 | loss_pnn = 1.837 | loss_cn = 0.00000000 | acc_sim = 0.931 | acc_phy = 0.732 
| epoch = 4 | step =    40 | loss_pnn = 1.835 | loss_cn = 0.00000000 | acc_sim = 0.931 | acc_phy = 0.732 
| epoch = 4 | step =    50 | loss_pnn = 1.831 | loss_cn = 0.00000000 | acc_sim = 0.931 | acc_phy = 0.735 
| epoch = 4 | step =    60 | loss_pnn = 1.830 | loss_cn = 0.00000000 | acc_sim = 0.932 | acc_phy = 0.735 
| epoch = 4 | step =    70 | loss_pnn = 1.829 | loss_cn = 0.00000000 | acc_sim = 0.933 | acc_phy = 0.736 
| epoch = 4 | step =    80 | loss_pnn = 1.828 | loss_cn = 0.00000000 | acc_sim = 0.933 | acc_phy = 0.736 
| epoch = 4 | step =    90 | loss_pnn = 1.826 | loss_cn = 0.00000000 | acc_sim = 0.934 | acc_phy = 0.737 
| epoch = 4 | step =   100 | loss_pnn = 1.827 | loss_cn = 0.00000000 | acc_sim = 0.933 | acc_phy = 0.735 
| epoch = 4 | step =   110 | loss_pnn = 1.827 | loss_cn = 0.00000000 | acc_sim = 0.933 | acc_phy = 0.734 
| epoch = 4 | step =   120 | loss_pnn = 1.826 | loss_cn = 0.00000000 | acc_sim = 0.934 | acc_phy = 0.734 
Phy accuracy of the network on 10000 test images: 0.734


Current training epoch: 5, learning rate for pnn: 0.001, 
| epoch = 5 | step =    10 | loss_pnn = 1.817 | loss_cn = 0.00000000 | acc_sim = 0.944 | acc_phy = 0.732 
| epoch = 5 | step =    20 | loss_pnn = 1.816 | loss_cn = 0.00000000 | acc_sim = 0.943 | acc_phy = 0.733 
| epoch = 5 | step =    30 | loss_pnn = 1.815 | loss_cn = 0.00000000 | acc_sim = 0.941 | acc_phy = 0.736 
| epoch = 5 | step =    40 | loss_pnn = 1.813 | loss_cn = 0.00000000 | acc_sim = 0.939 | acc_phy = 0.738 
| epoch = 5 | step =    50 | loss_pnn = 1.815 | loss_cn = 0.00000000 | acc_sim = 0.940 | acc_phy = 0.736 
| epoch = 5 | step =    60 | loss_pnn = 1.815 | loss_cn = 0.00000000 | acc_sim = 0.940 | acc_phy = 0.735 
| epoch = 5 | step =    70 | loss_pnn = 1.815 | loss_cn = 0.00000000 | acc_sim = 0.940 | acc_phy = 0.734 
| epoch = 5 | step =    80 | loss_pnn = 1.816 | loss_cn = 0.00000000 | acc_sim = 0.941 | acc_phy = 0.732 
| epoch = 5 | step =    90 | loss_pnn = 1.816 | loss_cn = 0.00000000 | acc_sim = 0.941 | acc_phy = 0.730 
| epoch = 5 | step =   100 | loss_pnn = 1.815 | loss_cn = 0.00000000 | acc_sim = 0.942 | acc_phy = 0.731 
| epoch = 5 | step =   110 | loss_pnn = 1.815 | loss_cn = 0.00000000 | acc_sim = 0.941 | acc_phy = 0.731 
| epoch = 5 | step =   120 | loss_pnn = 1.814 | loss_cn = 0.00000000 | acc_sim = 0.941 | acc_phy = 0.732 
Phy accuracy of the network on 10000 test images: 0.732


Current training epoch: 6, learning rate for pnn: 0.001, 
| epoch = 6 | step =    10 | loss_pnn = 1.811 | loss_cn = 0.00000000 | acc_sim = 0.945 | acc_phy = 0.723 
| epoch = 6 | step =    20 | loss_pnn = 1.809 | loss_cn = 0.00000000 | acc_sim = 0.946 | acc_phy = 0.726 
| epoch = 6 | step =    30 | loss_pnn = 1.809 | loss_cn = 0.00000000 | acc_sim = 0.945 | acc_phy = 0.728 
| epoch = 6 | step =    40 | loss_pnn = 1.807 | loss_cn = 0.00000000 | acc_sim = 0.944 | acc_phy = 0.730 
| epoch = 6 | step =    50 | loss_pnn = 1.805 | loss_cn = 0.00000000 | acc_sim = 0.945 | acc_phy = 0.730 
| epoch = 6 | step =    60 | loss_pnn = 1.805 | loss_cn = 0.00000000 | acc_sim = 0.945 | acc_phy = 0.731 
| epoch = 6 | step =    70 | loss_pnn = 1.804 | loss_cn = 0.00000000 | acc_sim = 0.945 | acc_phy = 0.732 
| epoch = 6 | step =    80 | loss_pnn = 1.804 | loss_cn = 0.00000000 | acc_sim = 0.945 | acc_phy = 0.733 
| epoch = 6 | step =    90 | loss_pnn = 1.806 | loss_cn = 0.00000000 | acc_sim = 0.945 | acc_phy = 0.730 
| epoch = 6 | step =   100 | loss_pnn = 1.805 | loss_cn = 0.00000000 | acc_sim = 0.946 | acc_phy = 0.730 
| epoch = 6 | step =   110 | loss_pnn = 1.805 | loss_cn = 0.00000000 | acc_sim = 0.946 | acc_phy = 0.730 
| epoch = 6 | step =   120 | loss_pnn = 1.805 | loss_cn = 0.00000000 | acc_sim = 0.946 | acc_phy = 0.729 
Phy accuracy of the network on 10000 test images: 0.729


Current training epoch: 7, learning rate for pnn: 0.001, 
| epoch = 7 | step =    10 | loss_pnn = 1.801 | loss_cn = 0.00000000 | acc_sim = 0.946 | acc_phy = 0.730 
| epoch = 7 | step =    20 | loss_pnn = 1.800 | loss_cn = 0.00000000 | acc_sim = 0.948 | acc_phy = 0.732 
| epoch = 7 | step =    30 | loss_pnn = 1.799 | loss_cn = 0.00000000 | acc_sim = 0.949 | acc_phy = 0.730 
| epoch = 7 | step =    40 | loss_pnn = 1.798 | loss_cn = 0.00000000 | acc_sim = 0.949 | acc_phy = 0.733 
| epoch = 7 | step =    50 | loss_pnn = 1.797 | loss_cn = 0.00000000 | acc_sim = 0.949 | acc_phy = 0.734 
| epoch = 7 | step =    60 | loss_pnn = 1.799 | loss_cn = 0.00000000 | acc_sim = 0.949 | acc_phy = 0.731 
| epoch = 7 | step =    70 | loss_pnn = 1.800 | loss_cn = 0.00000000 | acc_sim = 0.949 | acc_phy = 0.729 
| epoch = 7 | step =    80 | loss_pnn = 1.801 | loss_cn = 0.00000000 | acc_sim = 0.950 | acc_phy = 0.728 
| epoch = 7 | step =    90 | loss_pnn = 1.802 | loss_cn = 0.00000000 | acc_sim = 0.949 | acc_phy = 0.727 
| epoch = 7 | step =   100 | loss_pnn = 1.802 | loss_cn = 0.00000000 | acc_sim = 0.949 | acc_phy = 0.727 
| epoch = 7 | step =   110 | loss_pnn = 1.802 | loss_cn = 0.00000000 | acc_sim = 0.949 | acc_phy = 0.728 
| epoch = 7 | step =   120 | loss_pnn = 1.802 | loss_cn = 0.00000000 | acc_sim = 0.950 | acc_phy = 0.727 
Phy accuracy of the network on 10000 test images: 0.727


Current training epoch: 8, learning rate for pnn: 0.001, 
| epoch = 8 | step =    10 | loss_pnn = 1.807 | loss_cn = 0.00000000 | acc_sim = 0.953 | acc_phy = 0.714 
| epoch = 8 | step =    20 | loss_pnn = 1.808 | loss_cn = 0.00000000 | acc_sim = 0.952 | acc_phy = 0.713 
| epoch = 8 | step =    30 | loss_pnn = 1.801 | loss_cn = 0.00000000 | acc_sim = 0.952 | acc_phy = 0.720 
| epoch = 8 | step =    40 | loss_pnn = 1.801 | loss_cn = 0.00000000 | acc_sim = 0.952 | acc_phy = 0.722 
| epoch = 8 | step =    50 | loss_pnn = 1.798 | loss_cn = 0.00000000 | acc_sim = 0.952 | acc_phy = 0.725 
| epoch = 8 | step =    60 | loss_pnn = 1.798 | loss_cn = 0.00000000 | acc_sim = 0.952 | acc_phy = 0.727 
| epoch = 8 | step =    70 | loss_pnn = 1.799 | loss_cn = 0.00000000 | acc_sim = 0.952 | acc_phy = 0.726 
| epoch = 8 | step =    80 | loss_pnn = 1.798 | loss_cn = 0.00000000 | acc_sim = 0.953 | acc_phy = 0.726 
| epoch = 8 | step =    90 | loss_pnn = 1.797 | loss_cn = 0.00000000 | acc_sim = 0.952 | acc_phy = 0.727 
| epoch = 8 | step =   100 | loss_pnn = 1.798 | loss_cn = 0.00000000 | acc_sim = 0.952 | acc_phy = 0.726 
| epoch = 8 | step =   110 | loss_pnn = 1.798 | loss_cn = 0.00000000 | acc_sim = 0.952 | acc_phy = 0.726 
| epoch = 8 | step =   120 | loss_pnn = 1.798 | loss_cn = 0.00000000 | acc_sim = 0.952 | acc_phy = 0.724 
Phy accuracy of the network on 10000 test images: 0.724


Current training epoch: 9, learning rate for pnn: 0.001, 
| epoch = 9 | step =    10 | loss_pnn = 1.806 | loss_cn = 0.00000000 | acc_sim = 0.956 | acc_phy = 0.709 
| epoch = 9 | step =    20 | loss_pnn = 1.803 | loss_cn = 0.00000000 | acc_sim = 0.957 | acc_phy = 0.718 
| epoch = 9 | step =    30 | loss_pnn = 1.800 | loss_cn = 0.00000000 | acc_sim = 0.955 | acc_phy = 0.722 
| epoch = 9 | step =    40 | loss_pnn = 1.800 | loss_cn = 0.00000000 | acc_sim = 0.955 | acc_phy = 0.723 
| epoch = 9 | step =    50 | loss_pnn = 1.798 | loss_cn = 0.00000000 | acc_sim = 0.954 | acc_phy = 0.726 
| epoch = 9 | step =    60 | loss_pnn = 1.798 | loss_cn = 0.00000000 | acc_sim = 0.954 | acc_phy = 0.725 
| epoch = 9 | step =    70 | loss_pnn = 1.797 | loss_cn = 0.00000000 | acc_sim = 0.955 | acc_phy = 0.726 
| epoch = 9 | step =    80 | loss_pnn = 1.797 | loss_cn = 0.00000000 | acc_sim = 0.955 | acc_phy = 0.727 
| epoch = 9 | step =    90 | loss_pnn = 1.797 | loss_cn = 0.00000000 | acc_sim = 0.955 | acc_phy = 0.727 
| epoch = 9 | step =   100 | loss_pnn = 1.797 | loss_cn = 0.00000000 | acc_sim = 0.955 | acc_phy = 0.727 
| epoch = 9 | step =   110 | loss_pnn = 1.797 | loss_cn = 0.00000000 | acc_sim = 0.955 | acc_phy = 0.727 
| epoch = 9 | step =   120 | loss_pnn = 1.797 | loss_cn = 0.00000000 | acc_sim = 0.955 | acc_phy = 0.727 
Phy accuracy of the network on 10000 test images: 0.727


Current training epoch: 10, learning rate for pnn: 0.001, 
| epoch = 10 | step =    10 | loss_pnn = 1.789 | loss_cn = 0.00000000 | acc_sim = 0.961 | acc_phy = 0.735 
| epoch = 10 | step =    20 | loss_pnn = 1.788 | loss_cn = 0.00000000 | acc_sim = 0.960 | acc_phy = 0.734 
| epoch = 10 | step =    30 | loss_pnn = 1.789 | loss_cn = 0.00000000 | acc_sim = 0.959 | acc_phy = 0.732 
| epoch = 10 | step =    40 | loss_pnn = 1.792 | loss_cn = 0.00000000 | acc_sim = 0.959 | acc_phy = 0.729 
| epoch = 10 | step =    50 | loss_pnn = 1.795 | loss_cn = 0.00000000 | acc_sim = 0.958 | acc_phy = 0.726 
| epoch = 10 | step =    60 | loss_pnn = 1.796 | loss_cn = 0.00000000 | acc_sim = 0.958 | acc_phy = 0.724 
| epoch = 10 | step =    70 | loss_pnn = 1.796 | loss_cn = 0.00000000 | acc_sim = 0.958 | acc_phy = 0.724 
| epoch = 10 | step =    80 | loss_pnn = 1.795 | loss_cn = 0.00000000 | acc_sim = 0.957 | acc_phy = 0.726 
| epoch = 10 | step =    90 | loss_pnn = 1.796 | loss_cn = 0.00000000 | acc_sim = 0.957 | acc_phy = 0.726 
| epoch = 10 | step =   100 | loss_pnn = 1.797 | loss_cn = 0.00000000 | acc_sim = 0.957 | acc_phy = 0.725 
| epoch = 10 | step =   110 | loss_pnn = 1.798 | loss_cn = 0.00000000 | acc_sim = 0.957 | acc_phy = 0.724 
| epoch = 10 | step =   120 | loss_pnn = 1.798 | loss_cn = 0.00000000 | acc_sim = 0.958 | acc_phy = 0.724 
Phy accuracy of the network on 10000 test images: 0.724


Current training epoch: 11, learning rate for pnn: 0.0005, 
| epoch = 11 | step =    10 | loss_pnn = 1.810 | loss_cn = 0.00000000 | acc_sim = 0.960 | acc_phy = 0.717 
| epoch = 11 | step =    20 | loss_pnn = 1.800 | loss_cn = 0.00000000 | acc_sim = 0.959 | acc_phy = 0.727 
| epoch = 11 | step =    30 | loss_pnn = 1.802 | loss_cn = 0.00000000 | acc_sim = 0.958 | acc_phy = 0.723 
| epoch = 11 | step =    40 | loss_pnn = 1.802 | loss_cn = 0.00000000 | acc_sim = 0.958 | acc_phy = 0.722 
| epoch = 11 | step =    50 | loss_pnn = 1.801 | loss_cn = 0.00000000 | acc_sim = 0.959 | acc_phy = 0.723 
| epoch = 11 | step =    60 | loss_pnn = 1.799 | loss_cn = 0.00000000 | acc_sim = 0.959 | acc_phy = 0.724 
| epoch = 11 | step =    70 | loss_pnn = 1.800 | loss_cn = 0.00000000 | acc_sim = 0.959 | acc_phy = 0.724 
| epoch = 11 | step =    80 | loss_pnn = 1.800 | loss_cn = 0.00000000 | acc_sim = 0.959 | acc_phy = 0.723 
| epoch = 11 | step =    90 | loss_pnn = 1.799 | loss_cn = 0.00000000 | acc_sim = 0.959 | acc_phy = 0.724 
| epoch = 11 | step =   100 | loss_pnn = 1.799 | loss_cn = 0.00000000 | acc_sim = 0.960 | acc_phy = 0.724 
| epoch = 11 | step =   110 | loss_pnn = 1.799 | loss_cn = 0.00000000 | acc_sim = 0.959 | acc_phy = 0.725 
| epoch = 11 | step =   120 | loss_pnn = 1.799 | loss_cn = 0.00000000 | acc_sim = 0.959 | acc_phy = 0.725 
Phy accuracy of the network on 10000 test images: 0.725


Current training epoch: 12, learning rate for pnn: 0.0005, 
| epoch = 12 | step =    10 | loss_pnn = 1.800 | loss_cn = 0.00000000 | acc_sim = 0.963 | acc_phy = 0.718 
| epoch = 12 | step =    20 | loss_pnn = 1.801 | loss_cn = 0.00000000 | acc_sim = 0.962 | acc_phy = 0.718 
| epoch = 12 | step =    30 | loss_pnn = 1.800 | loss_cn = 0.00000000 | acc_sim = 0.961 | acc_phy = 0.720 
| epoch = 12 | step =    40 | loss_pnn = 1.799 | loss_cn = 0.00000000 | acc_sim = 0.961 | acc_phy = 0.722 
| epoch = 12 | step =    50 | loss_pnn = 1.798 | loss_cn = 0.00000000 | acc_sim = 0.962 | acc_phy = 0.727 
| epoch = 12 | step =    60 | loss_pnn = 1.797 | loss_cn = 0.00000000 | acc_sim = 0.961 | acc_phy = 0.728 
| epoch = 12 | step =    70 | loss_pnn = 1.797 | loss_cn = 0.00000000 | acc_sim = 0.961 | acc_phy = 0.726 
| epoch = 12 | step =    80 | loss_pnn = 1.799 | loss_cn = 0.00000000 | acc_sim = 0.960 | acc_phy = 0.724 
| epoch = 12 | step =    90 | loss_pnn = 1.800 | loss_cn = 0.00000000 | acc_sim = 0.960 | acc_phy = 0.723 
| epoch = 12 | step =   100 | loss_pnn = 1.800 | loss_cn = 0.00000000 | acc_sim = 0.960 | acc_phy = 0.723 
| epoch = 12 | step =   110 | loss_pnn = 1.800 | loss_cn = 0.00000000 | acc_sim = 0.961 | acc_phy = 0.723 
| epoch = 12 | step =   120 | loss_pnn = 1.800 | loss_cn = 0.00000000 | acc_sim = 0.961 | acc_phy = 0.723 
Phy accuracy of the network on 10000 test images: 0.723


Current training epoch: 13, learning rate for pnn: 0.0005, 
| epoch = 13 | step =    10 | loss_pnn = 1.802 | loss_cn = 0.00000000 | acc_sim = 0.960 | acc_phy = 0.717 
| epoch = 13 | step =    20 | loss_pnn = 1.802 | loss_cn = 0.00000000 | acc_sim = 0.960 | acc_phy = 0.718 
| epoch = 13 | step =    30 | loss_pnn = 1.802 | loss_cn = 0.00000000 | acc_sim = 0.961 | acc_phy = 0.717 
| epoch = 13 | step =    40 | loss_pnn = 1.804 | loss_cn = 0.00000000 | acc_sim = 0.958 | acc_phy = 0.716 
| epoch = 13 | step =    50 | loss_pnn = 1.803 | loss_cn = 0.00000000 | acc_sim = 0.959 | acc_phy = 0.717 
| epoch = 13 | step =    60 | loss_pnn = 1.802 | loss_cn = 0.00000000 | acc_sim = 0.960 | acc_phy = 0.718 
| epoch = 13 | step =    70 | loss_pnn = 1.800 | loss_cn = 0.00000000 | acc_sim = 0.960 | acc_phy = 0.721 
| epoch = 13 | step =    80 | loss_pnn = 1.801 | loss_cn = 0.00000000 | acc_sim = 0.961 | acc_phy = 0.720 
| epoch = 13 | step =    90 | loss_pnn = 1.800 | loss_cn = 0.00000000 | acc_sim = 0.961 | acc_phy = 0.721 
| epoch = 13 | step =   100 | loss_pnn = 1.800 | loss_cn = 0.00000000 | acc_sim = 0.961 | acc_phy = 0.721 
| epoch = 13 | step =   110 | loss_pnn = 1.800 | loss_cn = 0.00000000 | acc_sim = 0.961 | acc_phy = 0.722 
| epoch = 13 | step =   120 | loss_pnn = 1.800 | loss_cn = 0.00000000 | acc_sim = 0.961 | acc_phy = 0.723 
Phy accuracy of the network on 10000 test images: 0.723


Current training epoch: 14, learning rate for pnn: 0.0005, 
| epoch = 14 | step =    10 | loss_pnn = 1.807 | loss_cn = 0.00000000 | acc_sim = 0.962 | acc_phy = 0.715 
| epoch = 14 | step =    20 | loss_pnn = 1.805 | loss_cn = 0.00000000 | acc_sim = 0.961 | acc_phy = 0.717 
| epoch = 14 | step =    30 | loss_pnn = 1.809 | loss_cn = 0.00000000 | acc_sim = 0.962 | acc_phy = 0.715 
| epoch = 14 | step =    40 | loss_pnn = 1.805 | loss_cn = 0.00000000 | acc_sim = 0.963 | acc_phy = 0.718 
| epoch = 14 | step =    50 | loss_pnn = 1.804 | loss_cn = 0.00000000 | acc_sim = 0.962 | acc_phy = 0.719 
| epoch = 14 | step =    60 | loss_pnn = 1.805 | loss_cn = 0.00000000 | acc_sim = 0.962 | acc_phy = 0.717 
| epoch = 14 | step =    70 | loss_pnn = 1.806 | loss_cn = 0.00000000 | acc_sim = 0.962 | acc_phy = 0.716 
| epoch = 14 | step =    80 | loss_pnn = 1.806 | loss_cn = 0.00000000 | acc_sim = 0.961 | acc_phy = 0.716 
| epoch = 14 | step =    90 | loss_pnn = 1.805 | loss_cn = 0.00000000 | acc_sim = 0.962 | acc_phy = 0.717 
| epoch = 14 | step =   100 | loss_pnn = 1.805 | loss_cn = 0.00000000 | acc_sim = 0.962 | acc_phy = 0.717 
| epoch = 14 | step =   110 | loss_pnn = 1.805 | loss_cn = 0.00000000 | acc_sim = 0.962 | acc_phy = 0.717 
| epoch = 14 | step =   120 | loss_pnn = 1.805 | loss_cn = 0.00000000 | acc_sim = 0.962 | acc_phy = 0.717 
Phy accuracy of the network on 10000 test images: 0.717


Current training epoch: 15, learning rate for pnn: 0.0005, 
| epoch = 15 | step =    10 | loss_pnn = 1.808 | loss_cn = 0.00000000 | acc_sim = 0.965 | acc_phy = 0.717 
| epoch = 15 | step =    20 | loss_pnn = 1.808 | loss_cn = 0.00000000 | acc_sim = 0.964 | acc_phy = 0.720 
| epoch = 15 | step =    30 | loss_pnn = 1.806 | loss_cn = 0.00000000 | acc_sim = 0.963 | acc_phy = 0.722 
| epoch = 15 | step =    40 | loss_pnn = 1.804 | loss_cn = 0.00000000 | acc_sim = 0.962 | acc_phy = 0.725 
| epoch = 15 | step =    50 | loss_pnn = 1.804 | loss_cn = 0.00000000 | acc_sim = 0.961 | acc_phy = 0.724 
| epoch = 15 | step =    60 | loss_pnn = 1.806 | loss_cn = 0.00000000 | acc_sim = 0.962 | acc_phy = 0.721 
| epoch = 15 | step =    70 | loss_pnn = 1.806 | loss_cn = 0.00000000 | acc_sim = 0.962 | acc_phy = 0.720 
| epoch = 15 | step =    80 | loss_pnn = 1.805 | loss_cn = 0.00000000 | acc_sim = 0.962 | acc_phy = 0.721 
| epoch = 15 | step =    90 | loss_pnn = 1.805 | loss_cn = 0.00000000 | acc_sim = 0.962 | acc_phy = 0.720 
| epoch = 15 | step =   100 | loss_pnn = 1.805 | loss_cn = 0.00000000 | acc_sim = 0.962 | acc_phy = 0.721 
| epoch = 15 | step =   110 | loss_pnn = 1.805 | loss_cn = 0.00000000 | acc_sim = 0.962 | acc_phy = 0.721 
| epoch = 15 | step =   120 | loss_pnn = 1.805 | loss_cn = 0.00000000 | acc_sim = 0.962 | acc_phy = 0.720 
Phy accuracy of the network on 10000 test images: 0.720


Current training epoch: 16, learning rate for pnn: 0.0005, 
| epoch = 16 | step =    10 | loss_pnn = 1.812 | loss_cn = 0.00000000 | acc_sim = 0.965 | acc_phy = 0.714 
| epoch = 16 | step =    20 | loss_pnn = 1.807 | loss_cn = 0.00000000 | acc_sim = 0.966 | acc_phy = 0.718 
| epoch = 16 | step =    30 | loss_pnn = 1.807 | loss_cn = 0.00000000 | acc_sim = 0.963 | acc_phy = 0.718 
| epoch = 16 | step =    40 | loss_pnn = 1.807 | loss_cn = 0.00000000 | acc_sim = 0.963 | acc_phy = 0.717 
| epoch = 16 | step =    50 | loss_pnn = 1.807 | loss_cn = 0.00000000 | acc_sim = 0.963 | acc_phy = 0.717 
| epoch = 16 | step =    60 | loss_pnn = 1.806 | loss_cn = 0.00000000 | acc_sim = 0.963 | acc_phy = 0.717 
| epoch = 16 | step =    70 | loss_pnn = 1.807 | loss_cn = 0.00000000 | acc_sim = 0.963 | acc_phy = 0.716 
| epoch = 16 | step =    80 | loss_pnn = 1.807 | loss_cn = 0.00000000 | acc_sim = 0.963 | acc_phy = 0.716 
| epoch = 16 | step =    90 | loss_pnn = 1.807 | loss_cn = 0.00000000 | acc_sim = 0.963 | acc_phy = 0.717 
| epoch = 16 | step =   100 | loss_pnn = 1.807 | loss_cn = 0.00000000 | acc_sim = 0.963 | acc_phy = 0.717 
| epoch = 16 | step =   110 | loss_pnn = 1.807 | loss_cn = 0.00000000 | acc_sim = 0.964 | acc_phy = 0.717 
| epoch = 16 | step =   120 | loss_pnn = 1.806 | loss_cn = 0.00000000 | acc_sim = 0.964 | acc_phy = 0.718 
Phy accuracy of the network on 10000 test images: 0.718


Current training epoch: 17, learning rate for pnn: 0.0005, 
| epoch = 17 | step =    10 | loss_pnn = 1.802 | loss_cn = 0.00000000 | acc_sim = 0.963 | acc_phy = 0.719 
| epoch = 17 | step =    20 | loss_pnn = 1.803 | loss_cn = 0.00000000 | acc_sim = 0.965 | acc_phy = 0.722 
| epoch = 17 | step =    30 | loss_pnn = 1.802 | loss_cn = 0.00000000 | acc_sim = 0.965 | acc_phy = 0.725 
| epoch = 17 | step =    40 | loss_pnn = 1.800 | loss_cn = 0.00000000 | acc_sim = 0.964 | acc_phy = 0.726 
| epoch = 17 | step =    50 | loss_pnn = 1.801 | loss_cn = 0.00000000 | acc_sim = 0.964 | acc_phy = 0.726 
| epoch = 17 | step =    60 | loss_pnn = 1.802 | loss_cn = 0.00000000 | acc_sim = 0.964 | acc_phy = 0.725 
| epoch = 17 | step =    70 | loss_pnn = 1.804 | loss_cn = 0.00000000 | acc_sim = 0.964 | acc_phy = 0.723 
| epoch = 17 | step =    80 | loss_pnn = 1.806 | loss_cn = 0.00000000 | acc_sim = 0.964 | acc_phy = 0.720 
| epoch = 17 | step =    90 | loss_pnn = 1.807 | loss_cn = 0.00000000 | acc_sim = 0.964 | acc_phy = 0.720 
| epoch = 17 | step =   100 | loss_pnn = 1.807 | loss_cn = 0.00000000 | acc_sim = 0.964 | acc_phy = 0.719 
| epoch = 17 | step =   110 | loss_pnn = 1.806 | loss_cn = 0.00000000 | acc_sim = 0.964 | acc_phy = 0.719 
| epoch = 17 | step =   120 | loss_pnn = 1.807 | loss_cn = 0.00000000 | acc_sim = 0.964 | acc_phy = 0.719 
Phy accuracy of the network on 10000 test images: 0.719


Current training epoch: 18, learning rate for pnn: 0.0005, 
| epoch = 18 | step =    10 | loss_pnn = 1.809 | loss_cn = 0.00000000 | acc_sim = 0.966 | acc_phy = 0.708 
| epoch = 18 | step =    20 | loss_pnn = 1.806 | loss_cn = 0.00000000 | acc_sim = 0.967 | acc_phy = 0.716 
| epoch = 18 | step =    30 | loss_pnn = 1.804 | loss_cn = 0.00000000 | acc_sim = 0.966 | acc_phy = 0.718 
| epoch = 18 | step =    40 | loss_pnn = 1.804 | loss_cn = 0.00000000 | acc_sim = 0.966 | acc_phy = 0.718 
| epoch = 18 | step =    50 | loss_pnn = 1.805 | loss_cn = 0.00000000 | acc_sim = 0.966 | acc_phy = 0.716 
| epoch = 18 | step =    60 | loss_pnn = 1.805 | loss_cn = 0.00000000 | acc_sim = 0.965 | acc_phy = 0.717 
| epoch = 18 | step =    70 | loss_pnn = 1.806 | loss_cn = 0.00000000 | acc_sim = 0.965 | acc_phy = 0.717 
| epoch = 18 | step =    80 | loss_pnn = 1.806 | loss_cn = 0.00000000 | acc_sim = 0.965 | acc_phy = 0.719 
| epoch = 18 | step =    90 | loss_pnn = 1.806 | loss_cn = 0.00000000 | acc_sim = 0.965 | acc_phy = 0.719 
| epoch = 18 | step =   100 | loss_pnn = 1.807 | loss_cn = 0.00000000 | acc_sim = 0.965 | acc_phy = 0.718 
| epoch = 18 | step =   110 | loss_pnn = 1.807 | loss_cn = 0.00000000 | acc_sim = 0.964 | acc_phy = 0.718 
| epoch = 18 | step =   120 | loss_pnn = 1.807 | loss_cn = 0.00000000 | acc_sim = 0.964 | acc_phy = 0.718 
Phy accuracy of the network on 10000 test images: 0.718


Current training epoch: 19, learning rate for pnn: 0.0005, 
| epoch = 19 | step =    10 | loss_pnn = 1.808 | loss_cn = 0.00000000 | acc_sim = 0.963 | acc_phy = 0.724 
| epoch = 19 | step =    20 | loss_pnn = 1.803 | loss_cn = 0.00000000 | acc_sim = 0.967 | acc_phy = 0.730 
| epoch = 19 | step =    30 | loss_pnn = 1.805 | loss_cn = 0.00000000 | acc_sim = 0.964 | acc_phy = 0.727 
| epoch = 19 | step =    40 | loss_pnn = 1.806 | loss_cn = 0.00000000 | acc_sim = 0.966 | acc_phy = 0.725 
| epoch = 19 | step =    50 | loss_pnn = 1.805 | loss_cn = 0.00000000 | acc_sim = 0.965 | acc_phy = 0.725 
| epoch = 19 | step =    60 | loss_pnn = 1.806 | loss_cn = 0.00000000 | acc_sim = 0.966 | acc_phy = 0.724 
| epoch = 19 | step =    70 | loss_pnn = 1.808 | loss_cn = 0.00000000 | acc_sim = 0.965 | acc_phy = 0.721 
| epoch = 19 | step =    80 | loss_pnn = 1.809 | loss_cn = 0.00000000 | acc_sim = 0.965 | acc_phy = 0.719 
| epoch = 19 | step =    90 | loss_pnn = 1.810 | loss_cn = 0.00000000 | acc_sim = 0.965 | acc_phy = 0.718 
| epoch = 19 | step =   100 | loss_pnn = 1.810 | loss_cn = 0.00000000 | acc_sim = 0.965 | acc_phy = 0.718 
| epoch = 19 | step =   110 | loss_pnn = 1.810 | loss_cn = 0.00000000 | acc_sim = 0.966 | acc_phy = 0.717 
| epoch = 19 | step =   120 | loss_pnn = 1.809 | loss_cn = 0.00000000 | acc_sim = 0.965 | acc_phy = 0.717 
Phy accuracy of the network on 10000 test images: 0.717


Current training epoch: 20, learning rate for pnn: 0.0005, 
| epoch = 20 | step =    10 | loss_pnn = 1.806 | loss_cn = 0.00000000 | acc_sim = 0.968 | acc_phy = 0.727 
| epoch = 20 | step =    20 | loss_pnn = 1.807 | loss_cn = 0.00000000 | acc_sim = 0.968 | acc_phy = 0.724 
| epoch = 20 | step =    30 | loss_pnn = 1.806 | loss_cn = 0.00000000 | acc_sim = 0.968 | acc_phy = 0.723 
| epoch = 20 | step =    40 | loss_pnn = 1.808 | loss_cn = 0.00000000 | acc_sim = 0.968 | acc_phy = 0.719 
| epoch = 20 | step =    50 | loss_pnn = 1.809 | loss_cn = 0.00000000 | acc_sim = 0.967 | acc_phy = 0.718 
| epoch = 20 | step =    60 | loss_pnn = 1.810 | loss_cn = 0.00000000 | acc_sim = 0.966 | acc_phy = 0.716 
| epoch = 20 | step =    70 | loss_pnn = 1.811 | loss_cn = 0.00000000 | acc_sim = 0.966 | acc_phy = 0.716 
| epoch = 20 | step =    80 | loss_pnn = 1.811 | loss_cn = 0.00000000 | acc_sim = 0.967 | acc_phy = 0.716 
| epoch = 20 | step =    90 | loss_pnn = 1.811 | loss_cn = 0.00000000 | acc_sim = 0.966 | acc_phy = 0.715 
| epoch = 20 | step =   100 | loss_pnn = 1.812 | loss_cn = 0.00000000 | acc_sim = 0.966 | acc_phy = 0.715 
| epoch = 20 | step =   110 | loss_pnn = 1.812 | loss_cn = 0.00000000 | acc_sim = 0.966 | acc_phy = 0.715 
| epoch = 20 | step =   120 | loss_pnn = 1.811 | loss_cn = 0.00000000 | acc_sim = 0.966 | acc_phy = 0.715 
Phy accuracy of the network on 10000 test images: 0.715


Current training epoch: 21, learning rate for pnn: 0.00025, 
| epoch = 21 | step =    10 | loss_pnn = 1.815 | loss_cn = 0.00000000 | acc_sim = 0.963 | acc_phy = 0.709 
| epoch = 21 | step =    20 | loss_pnn = 1.809 | loss_cn = 0.00000000 | acc_sim = 0.967 | acc_phy = 0.717 
| epoch = 21 | step =    30 | loss_pnn = 1.810 | loss_cn = 0.00000000 | acc_sim = 0.966 | acc_phy = 0.718 
| epoch = 21 | step =    40 | loss_pnn = 1.809 | loss_cn = 0.00000000 | acc_sim = 0.967 | acc_phy = 0.716 
| epoch = 21 | step =    50 | loss_pnn = 1.810 | loss_cn = 0.00000000 | acc_sim = 0.967 | acc_phy = 0.715 
| epoch = 21 | step =    60 | loss_pnn = 1.812 | loss_cn = 0.00000000 | acc_sim = 0.967 | acc_phy = 0.714 
| epoch = 21 | step =    70 | loss_pnn = 1.811 | loss_cn = 0.00000000 | acc_sim = 0.966 | acc_phy = 0.716 
| epoch = 21 | step =    80 | loss_pnn = 1.811 | loss_cn = 0.00000000 | acc_sim = 0.967 | acc_phy = 0.716 
| epoch = 21 | step =    90 | loss_pnn = 1.811 | loss_cn = 0.00000000 | acc_sim = 0.967 | acc_phy = 0.715 
| epoch = 21 | step =   100 | loss_pnn = 1.811 | loss_cn = 0.00000000 | acc_sim = 0.967 | acc_phy = 0.715 
| epoch = 21 | step =   110 | loss_pnn = 1.812 | loss_cn = 0.00000000 | acc_sim = 0.967 | acc_phy = 0.715 
| epoch = 21 | step =   120 | loss_pnn = 1.812 | loss_cn = 0.00000000 | acc_sim = 0.967 | acc_phy = 0.715 
Phy accuracy of the network on 10000 test images: 0.715


Current training epoch: 22, learning rate for pnn: 0.00025, 
| epoch = 22 | step =    10 | loss_pnn = 1.813 | loss_cn = 0.00000000 | acc_sim = 0.970 | acc_phy = 0.714 
| epoch = 22 | step =    20 | loss_pnn = 1.811 | loss_cn = 0.00000000 | acc_sim = 0.968 | acc_phy = 0.720 
| epoch = 22 | step =    30 | loss_pnn = 1.813 | loss_cn = 0.00000000 | acc_sim = 0.966 | acc_phy = 0.718 
| epoch = 22 | step =    40 | loss_pnn = 1.812 | loss_cn = 0.00000000 | acc_sim = 0.967 | acc_phy = 0.719 
| epoch = 22 | step =    50 | loss_pnn = 1.812 | loss_cn = 0.00000000 | acc_sim = 0.967 | acc_phy = 0.719 
| epoch = 22 | step =    60 | loss_pnn = 1.812 | loss_cn = 0.00000000 | acc_sim = 0.968 | acc_phy = 0.718 
| epoch = 22 | step =    70 | loss_pnn = 1.813 | loss_cn = 0.00000000 | acc_sim = 0.967 | acc_phy = 0.716 
| epoch = 22 | step =    80 | loss_pnn = 1.813 | loss_cn = 0.00000000 | acc_sim = 0.967 | acc_phy = 0.715 
| epoch = 22 | step =    90 | loss_pnn = 1.814 | loss_cn = 0.00000000 | acc_sim = 0.968 | acc_phy = 0.715 
| epoch = 22 | step =   100 | loss_pnn = 1.814 | loss_cn = 0.00000000 | acc_sim = 0.967 | acc_phy = 0.714 
| epoch = 22 | step =   110 | loss_pnn = 1.815 | loss_cn = 0.00000000 | acc_sim = 0.968 | acc_phy = 0.714 
| epoch = 22 | step =   120 | loss_pnn = 1.815 | loss_cn = 0.00000000 | acc_sim = 0.967 | acc_phy = 0.714 
Phy accuracy of the network on 10000 test images: 0.714


Current training epoch: 23, learning rate for pnn: 0.00025, 
| epoch = 23 | step =    10 | loss_pnn = 1.808 | loss_cn = 0.00000000 | acc_sim = 0.968 | acc_phy = 0.720 
| epoch = 23 | step =    20 | loss_pnn = 1.816 | loss_cn = 0.00000000 | acc_sim = 0.968 | acc_phy = 0.712 
| epoch = 23 | step =    30 | loss_pnn = 1.819 | loss_cn = 0.00000000 | acc_sim = 0.967 | acc_phy = 0.708 
| epoch = 23 | step =    40 | loss_pnn = 1.817 | loss_cn = 0.00000000 | acc_sim = 0.968 | acc_phy = 0.712 
| epoch = 23 | step =    50 | loss_pnn = 1.816 | loss_cn = 0.00000000 | acc_sim = 0.967 | acc_phy = 0.714 
| epoch = 23 | step =    60 | loss_pnn = 1.816 | loss_cn = 0.00000000 | acc_sim = 0.967 | acc_phy = 0.714 
| epoch = 23 | step =    70 | loss_pnn = 1.816 | loss_cn = 0.00000000 | acc_sim = 0.967 | acc_phy = 0.714 
| epoch = 23 | step =    80 | loss_pnn = 1.815 | loss_cn = 0.00000000 | acc_sim = 0.967 | acc_phy = 0.714 
| epoch = 23 | step =    90 | loss_pnn = 1.815 | loss_cn = 0.00000000 | acc_sim = 0.968 | acc_phy = 0.714 
| epoch = 23 | step =   100 | loss_pnn = 1.815 | loss_cn = 0.00000000 | acc_sim = 0.968 | acc_phy = 0.715 
| epoch = 23 | step =   110 | loss_pnn = 1.814 | loss_cn = 0.00000000 | acc_sim = 0.967 | acc_phy = 0.715 
| epoch = 23 | step =   120 | loss_pnn = 1.815 | loss_cn = 0.00000000 | acc_sim = 0.967 | acc_phy = 0.715 
Phy accuracy of the network on 10000 test images: 0.715


Current training epoch: 24, learning rate for pnn: 0.00025, 
| epoch = 24 | step =    10 | loss_pnn = 1.818 | loss_cn = 0.00000000 | acc_sim = 0.970 | acc_phy = 0.708 
| epoch = 24 | step =    20 | loss_pnn = 1.816 | loss_cn = 0.00000000 | acc_sim = 0.968 | acc_phy = 0.711 
| epoch = 24 | step =    30 | loss_pnn = 1.819 | loss_cn = 0.00000000 | acc_sim = 0.967 | acc_phy = 0.708 
| epoch = 24 | step =    40 | loss_pnn = 1.818 | loss_cn = 0.00000000 | acc_sim = 0.968 | acc_phy = 0.710 
| epoch = 24 | step =    50 | loss_pnn = 1.818 | loss_cn = 0.00000000 | acc_sim = 0.967 | acc_phy = 0.711 
| epoch = 24 | step =    60 | loss_pnn = 1.818 | loss_cn = 0.00000000 | acc_sim = 0.967 | acc_phy = 0.711 
| epoch = 24 | step =    70 | loss_pnn = 1.817 | loss_cn = 0.00000000 | acc_sim = 0.968 | acc_phy = 0.712 
| epoch = 24 | step =    80 | loss_pnn = 1.817 | loss_cn = 0.00000000 | acc_sim = 0.968 | acc_phy = 0.713 
| epoch = 24 | step =    90 | loss_pnn = 1.816 | loss_cn = 0.00000000 | acc_sim = 0.968 | acc_phy = 0.714 
| epoch = 24 | step =   100 | loss_pnn = 1.815 | loss_cn = 0.00000000 | acc_sim = 0.967 | acc_phy = 0.715 
| epoch = 24 | step =   110 | loss_pnn = 1.815 | loss_cn = 0.00000000 | acc_sim = 0.967 | acc_phy = 0.714 
| epoch = 24 | step =   120 | loss_pnn = 1.816 | loss_cn = 0.00000000 | acc_sim = 0.967 | acc_phy = 0.714 
Phy accuracy of the network on 10000 test images: 0.714


Current training epoch: 25, learning rate for pnn: 0.00025, 
| epoch = 25 | step =    10 | loss_pnn = 1.814 | loss_cn = 0.00000000 | acc_sim = 0.967 | acc_phy = 0.714 
| epoch = 25 | step =    20 | loss_pnn = 1.820 | loss_cn = 0.00000000 | acc_sim = 0.968 | acc_phy = 0.708 
| epoch = 25 | step =    30 | loss_pnn = 1.820 | loss_cn = 0.00000000 | acc_sim = 0.966 | acc_phy = 0.707 
| epoch = 25 | step =    40 | loss_pnn = 1.819 | loss_cn = 0.00000000 | acc_sim = 0.967 | acc_phy = 0.709 
| epoch = 25 | step =    50 | loss_pnn = 1.819 | loss_cn = 0.00000000 | acc_sim = 0.967 | acc_phy = 0.709 
| epoch = 25 | step =    60 | loss_pnn = 1.817 | loss_cn = 0.00000000 | acc_sim = 0.968 | acc_phy = 0.711 
| epoch = 25 | step =    70 | loss_pnn = 1.817 | loss_cn = 0.00000000 | acc_sim = 0.968 | acc_phy = 0.713 
| epoch = 25 | step =    80 | loss_pnn = 1.818 | loss_cn = 0.00000000 | acc_sim = 0.968 | acc_phy = 0.712 
| epoch = 25 | step =    90 | loss_pnn = 1.819 | loss_cn = 0.00000000 | acc_sim = 0.968 | acc_phy = 0.711 
| epoch = 25 | step =   100 | loss_pnn = 1.818 | loss_cn = 0.00000000 | acc_sim = 0.968 | acc_phy = 0.712 
| epoch = 25 | step =   110 | loss_pnn = 1.818 | loss_cn = 0.00000000 | acc_sim = 0.968 | acc_phy = 0.712 
| epoch = 25 | step =   120 | loss_pnn = 1.818 | loss_cn = 0.00000000 | acc_sim = 0.968 | acc_phy = 0.712 
Phy accuracy of the network on 10000 test images: 0.712


Current training epoch: 26, learning rate for pnn: 0.00025, 
| epoch = 26 | step =    10 | loss_pnn = 1.816 | loss_cn = 0.00000000 | acc_sim = 0.972 | acc_phy = 0.713 
| epoch = 26 | step =    20 | loss_pnn = 1.820 | loss_cn = 0.00000000 | acc_sim = 0.969 | acc_phy = 0.706 
| epoch = 26 | step =    30 | loss_pnn = 1.820 | loss_cn = 0.00000000 | acc_sim = 0.969 | acc_phy = 0.708 
| epoch = 26 | step =    40 | loss_pnn = 1.820 | loss_cn = 0.00000000 | acc_sim = 0.968 | acc_phy = 0.708 
| epoch = 26 | step =    50 | loss_pnn = 1.822 | loss_cn = 0.00000000 | acc_sim = 0.968 | acc_phy = 0.705 
| epoch = 26 | step =    60 | loss_pnn = 1.821 | loss_cn = 0.00000000 | acc_sim = 0.968 | acc_phy = 0.705 
| epoch = 26 | step =    70 | loss_pnn = 1.820 | loss_cn = 0.00000000 | acc_sim = 0.968 | acc_phy = 0.708 
| epoch = 26 | step =    80 | loss_pnn = 1.820 | loss_cn = 0.00000000 | acc_sim = 0.969 | acc_phy = 0.708 
| epoch = 26 | step =    90 | loss_pnn = 1.819 | loss_cn = 0.00000000 | acc_sim = 0.968 | acc_phy = 0.710 
| epoch = 26 | step =   100 | loss_pnn = 1.819 | loss_cn = 0.00000000 | acc_sim = 0.968 | acc_phy = 0.711 
| epoch = 26 | step =   110 | loss_pnn = 1.818 | loss_cn = 0.00000000 | acc_sim = 0.968 | acc_phy = 0.712 
| epoch = 26 | step =   120 | loss_pnn = 1.817 | loss_cn = 0.00000000 | acc_sim = 0.968 | acc_phy = 0.712 
Phy accuracy of the network on 10000 test images: 0.712


Current training epoch: 27, learning rate for pnn: 0.00025, 
| epoch = 27 | step =    10 | loss_pnn = 1.822 | loss_cn = 0.00000000 | acc_sim = 0.970 | acc_phy = 0.701 
| epoch = 27 | step =    20 | loss_pnn = 1.813 | loss_cn = 0.00000000 | acc_sim = 0.972 | acc_phy = 0.715 
| epoch = 27 | step =    30 | loss_pnn = 1.815 | loss_cn = 0.00000000 | acc_sim = 0.970 | acc_phy = 0.714 
| epoch = 27 | step =    40 | loss_pnn = 1.818 | loss_cn = 0.00000000 | acc_sim = 0.968 | acc_phy = 0.712 
| epoch = 27 | step =    50 | loss_pnn = 1.817 | loss_cn = 0.00000000 | acc_sim = 0.968 | acc_phy = 0.713 
| epoch = 27 | step =    60 | loss_pnn = 1.818 | loss_cn = 0.00000000 | acc_sim = 0.968 | acc_phy = 0.713 
| epoch = 27 | step =    70 | loss_pnn = 1.818 | loss_cn = 0.00000000 | acc_sim = 0.968 | acc_phy = 0.712 
| epoch = 27 | step =    80 | loss_pnn = 1.819 | loss_cn = 0.00000000 | acc_sim = 0.968 | acc_phy = 0.710 
| epoch = 27 | step =    90 | loss_pnn = 1.819 | loss_cn = 0.00000000 | acc_sim = 0.968 | acc_phy = 0.710 
| epoch = 27 | step =   100 | loss_pnn = 1.819 | loss_cn = 0.00000000 | acc_sim = 0.969 | acc_phy = 0.710 
| epoch = 27 | step =   110 | loss_pnn = 1.819 | loss_cn = 0.00000000 | acc_sim = 0.968 | acc_phy = 0.710 
| epoch = 27 | step =   120 | loss_pnn = 1.819 | loss_cn = 0.00000000 | acc_sim = 0.969 | acc_phy = 0.710 
Phy accuracy of the network on 10000 test images: 0.710


Current training epoch: 28, learning rate for pnn: 0.00025, 
| epoch = 28 | step =    10 | loss_pnn = 1.816 | loss_cn = 0.00000000 | acc_sim = 0.973 | acc_phy = 0.712 
| epoch = 28 | step =    20 | loss_pnn = 1.813 | loss_cn = 0.00000000 | acc_sim = 0.971 | acc_phy = 0.719 
| epoch = 28 | step =    30 | loss_pnn = 1.813 | loss_cn = 0.00000000 | acc_sim = 0.969 | acc_phy = 0.721 
| epoch = 28 | step =    40 | loss_pnn = 1.814 | loss_cn = 0.00000000 | acc_sim = 0.970 | acc_phy = 0.719 
| epoch = 28 | step =    50 | loss_pnn = 1.813 | loss_cn = 0.00000000 | acc_sim = 0.970 | acc_phy = 0.719 
| epoch = 28 | step =    60 | loss_pnn = 1.814 | loss_cn = 0.00000000 | acc_sim = 0.969 | acc_phy = 0.718 
| epoch = 28 | step =    70 | loss_pnn = 1.816 | loss_cn = 0.00000000 | acc_sim = 0.969 | acc_phy = 0.715 
| epoch = 28 | step =    80 | loss_pnn = 1.817 | loss_cn = 0.00000000 | acc_sim = 0.969 | acc_phy = 0.713 
| epoch = 28 | step =    90 | loss_pnn = 1.816 | loss_cn = 0.00000000 | acc_sim = 0.969 | acc_phy = 0.714 
| epoch = 28 | step =   100 | loss_pnn = 1.817 | loss_cn = 0.00000000 | acc_sim = 0.969 | acc_phy = 0.714 
| epoch = 28 | step =   110 | loss_pnn = 1.817 | loss_cn = 0.00000000 | acc_sim = 0.969 | acc_phy = 0.714 
| epoch = 28 | step =   120 | loss_pnn = 1.818 | loss_cn = 0.00000000 | acc_sim = 0.969 | acc_phy = 0.713 
Phy accuracy of the network on 10000 test images: 0.713


Current training epoch: 29, learning rate for pnn: 0.00025, 
| epoch = 29 | step =    10 | loss_pnn = 1.822 | loss_cn = 0.00000000 | acc_sim = 0.971 | acc_phy = 0.710 
| epoch = 29 | step =    20 | loss_pnn = 1.820 | loss_cn = 0.00000000 | acc_sim = 0.970 | acc_phy = 0.709 
| epoch = 29 | step =    30 | loss_pnn = 1.821 | loss_cn = 0.00000000 | acc_sim = 0.969 | acc_phy = 0.710 
| epoch = 29 | step =    40 | loss_pnn = 1.819 | loss_cn = 0.00000000 | acc_sim = 0.969 | acc_phy = 0.713 
| epoch = 29 | step =    50 | loss_pnn = 1.819 | loss_cn = 0.00000000 | acc_sim = 0.969 | acc_phy = 0.713 
| epoch = 29 | step =    60 | loss_pnn = 1.820 | loss_cn = 0.00000000 | acc_sim = 0.969 | acc_phy = 0.712 
| epoch = 29 | step =    70 | loss_pnn = 1.820 | loss_cn = 0.00000000 | acc_sim = 0.968 | acc_phy = 0.712 
| epoch = 29 | step =    80 | loss_pnn = 1.821 | loss_cn = 0.00000000 | acc_sim = 0.969 | acc_phy = 0.711 
| epoch = 29 | step =    90 | loss_pnn = 1.821 | loss_cn = 0.00000000 | acc_sim = 0.968 | acc_phy = 0.711 
| epoch = 29 | step =   100 | loss_pnn = 1.821 | loss_cn = 0.00000000 | acc_sim = 0.969 | acc_phy = 0.710 
| epoch = 29 | step =   110 | loss_pnn = 1.822 | loss_cn = 0.00000000 | acc_sim = 0.968 | acc_phy = 0.710 
| epoch = 29 | step =   120 | loss_pnn = 1.822 | loss_cn = 0.00000000 | acc_sim = 0.968 | acc_phy = 0.709 
Phy accuracy of the network on 10000 test images: 0.709


Current training epoch: 30, learning rate for pnn: 0.00025, 
| epoch = 30 | step =    10 | loss_pnn = 1.820 | loss_cn = 0.00000000 | acc_sim = 0.970 | acc_phy = 0.709 
| epoch = 30 | step =    20 | loss_pnn = 1.816 | loss_cn = 0.00000000 | acc_sim = 0.971 | acc_phy = 0.716 
| epoch = 30 | step =    30 | loss_pnn = 1.816 | loss_cn = 0.00000000 | acc_sim = 0.970 | acc_phy = 0.715 
| epoch = 30 | step =    40 | loss_pnn = 1.817 | loss_cn = 0.00000000 | acc_sim = 0.971 | acc_phy = 0.715 
| epoch = 30 | step =    50 | loss_pnn = 1.816 | loss_cn = 0.00000000 | acc_sim = 0.971 | acc_phy = 0.716 
| epoch = 30 | step =    60 | loss_pnn = 1.818 | loss_cn = 0.00000000 | acc_sim = 0.970 | acc_phy = 0.713 
| epoch = 30 | step =    70 | loss_pnn = 1.819 | loss_cn = 0.00000000 | acc_sim = 0.970 | acc_phy = 0.712 
| epoch = 30 | step =    80 | loss_pnn = 1.819 | loss_cn = 0.00000000 | acc_sim = 0.970 | acc_phy = 0.712 
| epoch = 30 | step =    90 | loss_pnn = 1.819 | loss_cn = 0.00000000 | acc_sim = 0.969 | acc_phy = 0.711 
| epoch = 30 | step =   100 | loss_pnn = 1.820 | loss_cn = 0.00000000 | acc_sim = 0.969 | acc_phy = 0.711 
| epoch = 30 | step =   110 | loss_pnn = 1.820 | loss_cn = 0.00000000 | acc_sim = 0.969 | acc_phy = 0.711 
| epoch = 30 | step =   120 | loss_pnn = 1.820 | loss_cn = 0.00000000 | acc_sim = 0.969 | acc_phy = 0.711 
Phy accuracy of the network on 10000 test images: 0.711


Current training epoch: 31, learning rate for pnn: 0.000125, 
| epoch = 31 | step =    10 | loss_pnn = 1.820 | loss_cn = 0.00000000 | acc_sim = 0.971 | acc_phy = 0.718 
| epoch = 31 | step =    20 | loss_pnn = 1.818 | loss_cn = 0.00000000 | acc_sim = 0.970 | acc_phy = 0.718 
| epoch = 31 | step =    30 | loss_pnn = 1.820 | loss_cn = 0.00000000 | acc_sim = 0.969 | acc_phy = 0.712 
| epoch = 31 | step =    40 | loss_pnn = 1.822 | loss_cn = 0.00000000 | acc_sim = 0.967 | acc_phy = 0.709 
| epoch = 31 | step =    50 | loss_pnn = 1.822 | loss_cn = 0.00000000 | acc_sim = 0.968 | acc_phy = 0.710 
| epoch = 31 | step =    60 | loss_pnn = 1.823 | loss_cn = 0.00000000 | acc_sim = 0.969 | acc_phy = 0.710 
| epoch = 31 | step =    70 | loss_pnn = 1.823 | loss_cn = 0.00000000 | acc_sim = 0.969 | acc_phy = 0.709 
| epoch = 31 | step =    80 | loss_pnn = 1.823 | loss_cn = 0.00000000 | acc_sim = 0.969 | acc_phy = 0.709 
| epoch = 31 | step =    90 | loss_pnn = 1.823 | loss_cn = 0.00000000 | acc_sim = 0.969 | acc_phy = 0.710 
| epoch = 31 | step =   100 | loss_pnn = 1.823 | loss_cn = 0.00000000 | acc_sim = 0.969 | acc_phy = 0.709 
| epoch = 31 | step =   110 | loss_pnn = 1.823 | loss_cn = 0.00000000 | acc_sim = 0.969 | acc_phy = 0.710 
| epoch = 31 | step =   120 | loss_pnn = 1.822 | loss_cn = 0.00000000 | acc_sim = 0.970 | acc_phy = 0.710 
Phy accuracy of the network on 10000 test images: 0.710


Current training epoch: 32, learning rate for pnn: 0.000125, 
| epoch = 32 | step =    10 | loss_pnn = 1.819 | loss_cn = 0.00000000 | acc_sim = 0.968 | acc_phy = 0.716 
| epoch = 32 | step =    20 | loss_pnn = 1.822 | loss_cn = 0.00000000 | acc_sim = 0.968 | acc_phy = 0.709 
| epoch = 32 | step =    30 | loss_pnn = 1.826 | loss_cn = 0.00000000 | acc_sim = 0.967 | acc_phy = 0.705 
| epoch = 32 | step =    40 | loss_pnn = 1.824 | loss_cn = 0.00000000 | acc_sim = 0.968 | acc_phy = 0.708 
| epoch = 32 | step =    50 | loss_pnn = 1.823 | loss_cn = 0.00000000 | acc_sim = 0.967 | acc_phy = 0.709 
| epoch = 32 | step =    60 | loss_pnn = 1.823 | loss_cn = 0.00000000 | acc_sim = 0.968 | acc_phy = 0.711 
| epoch = 32 | step =    70 | loss_pnn = 1.822 | loss_cn = 0.00000000 | acc_sim = 0.969 | acc_phy = 0.711 
| epoch = 32 | step =    80 | loss_pnn = 1.822 | loss_cn = 0.00000000 | acc_sim = 0.969 | acc_phy = 0.711 
| epoch = 32 | step =    90 | loss_pnn = 1.822 | loss_cn = 0.00000000 | acc_sim = 0.969 | acc_phy = 0.711 
| epoch = 32 | step =   100 | loss_pnn = 1.823 | loss_cn = 0.00000000 | acc_sim = 0.970 | acc_phy = 0.710 
| epoch = 32 | step =   110 | loss_pnn = 1.822 | loss_cn = 0.00000000 | acc_sim = 0.970 | acc_phy = 0.710 
| epoch = 32 | step =   120 | loss_pnn = 1.823 | loss_cn = 0.00000000 | acc_sim = 0.970 | acc_phy = 0.710 
Phy accuracy of the network on 10000 test images: 0.710


Current training epoch: 33, learning rate for pnn: 0.000125, 
| epoch = 33 | step =    10 | loss_pnn = 1.824 | loss_cn = 0.00000000 | acc_sim = 0.966 | acc_phy = 0.705 
| epoch = 33 | step =    20 | loss_pnn = 1.822 | loss_cn = 0.00000000 | acc_sim = 0.970 | acc_phy = 0.710 
| epoch = 33 | step =    30 | loss_pnn = 1.822 | loss_cn = 0.00000000 | acc_sim = 0.969 | acc_phy = 0.710 
| epoch = 33 | step =    40 | loss_pnn = 1.821 | loss_cn = 0.00000000 | acc_sim = 0.970 | acc_phy = 0.713 
| epoch = 33 | step =    50 | loss_pnn = 1.822 | loss_cn = 0.00000000 | acc_sim = 0.969 | acc_phy = 0.711 
| epoch = 33 | step =    60 | loss_pnn = 1.822 | loss_cn = 0.00000000 | acc_sim = 0.969 | acc_phy = 0.712 
| epoch = 33 | step =    70 | loss_pnn = 1.822 | loss_cn = 0.00000000 | acc_sim = 0.969 | acc_phy = 0.711 
| epoch = 33 | step =    80 | loss_pnn = 1.822 | loss_cn = 0.00000000 | acc_sim = 0.969 | acc_phy = 0.711 
| epoch = 33 | step =    90 | loss_pnn = 1.823 | loss_cn = 0.00000000 | acc_sim = 0.969 | acc_phy = 0.710 
| epoch = 33 | step =   100 | loss_pnn = 1.824 | loss_cn = 0.00000000 | acc_sim = 0.969 | acc_phy = 0.709 
| epoch = 33 | step =   110 | loss_pnn = 1.823 | loss_cn = 0.00000000 | acc_sim = 0.969 | acc_phy = 0.711 
| epoch = 33 | step =   120 | loss_pnn = 1.823 | loss_cn = 0.00000000 | acc_sim = 0.970 | acc_phy = 0.710 
Phy accuracy of the network on 10000 test images: 0.710


Current training epoch: 34, learning rate for pnn: 0.000125, 
| epoch = 34 | step =    10 | loss_pnn = 1.819 | loss_cn = 0.00000000 | acc_sim = 0.970 | acc_phy = 0.715 
| epoch = 34 | step =    20 | loss_pnn = 1.822 | loss_cn = 0.00000000 | acc_sim = 0.970 | acc_phy = 0.708 
| epoch = 34 | step =    30 | loss_pnn = 1.823 | loss_cn = 0.00000000 | acc_sim = 0.970 | acc_phy = 0.708 
| epoch = 34 | step =    40 | loss_pnn = 1.824 | loss_cn = 0.00000000 | acc_sim = 0.969 | acc_phy = 0.709 
| epoch = 34 | step =    50 | loss_pnn = 1.824 | loss_cn = 0.00000000 | acc_sim = 0.969 | acc_phy = 0.709 
| epoch = 34 | step =    60 | loss_pnn = 1.823 | loss_cn = 0.00000000 | acc_sim = 0.969 | acc_phy = 0.709 
| epoch = 34 | step =    70 | loss_pnn = 1.823 | loss_cn = 0.00000000 | acc_sim = 0.969 | acc_phy = 0.709 
| epoch = 34 | step =    80 | loss_pnn = 1.823 | loss_cn = 0.00000000 | acc_sim = 0.969 | acc_phy = 0.709 
| epoch = 34 | step =    90 | loss_pnn = 1.823 | loss_cn = 0.00000000 | acc_sim = 0.969 | acc_phy = 0.709 
| epoch = 34 | step =   100 | loss_pnn = 1.823 | loss_cn = 0.00000000 | acc_sim = 0.969 | acc_phy = 0.709 
| epoch = 34 | step =   110 | loss_pnn = 1.823 | loss_cn = 0.00000000 | acc_sim = 0.969 | acc_phy = 0.709 
| epoch = 34 | step =   120 | loss_pnn = 1.824 | loss_cn = 0.00000000 | acc_sim = 0.970 | acc_phy = 0.709 
Phy accuracy of the network on 10000 test images: 0.709


Current training epoch: 35, learning rate for pnn: 0.000125, 
| epoch = 35 | step =    10 | loss_pnn = 1.824 | loss_cn = 0.00000000 | acc_sim = 0.966 | acc_phy = 0.708 
| epoch = 35 | step =    20 | loss_pnn = 1.824 | loss_cn = 0.00000000 | acc_sim = 0.967 | acc_phy = 0.708 
| epoch = 35 | step =    30 | loss_pnn = 1.825 | loss_cn = 0.00000000 | acc_sim = 0.967 | acc_phy = 0.709 
| epoch = 35 | step =    40 | loss_pnn = 1.822 | loss_cn = 0.00000000 | acc_sim = 0.969 | acc_phy = 0.712 
| epoch = 35 | step =    50 | loss_pnn = 1.824 | loss_cn = 0.00000000 | acc_sim = 0.969 | acc_phy = 0.709 
| epoch = 35 | step =    60 | loss_pnn = 1.824 | loss_cn = 0.00000000 | acc_sim = 0.969 | acc_phy = 0.710 
| epoch = 35 | step =    70 | loss_pnn = 1.823 | loss_cn = 0.00000000 | acc_sim = 0.969 | acc_phy = 0.710 
| epoch = 35 | step =    80 | loss_pnn = 1.823 | loss_cn = 0.00000000 | acc_sim = 0.970 | acc_phy = 0.710 
| epoch = 35 | step =    90 | loss_pnn = 1.824 | loss_cn = 0.00000000 | acc_sim = 0.970 | acc_phy = 0.709 
| epoch = 35 | step =   100 | loss_pnn = 1.825 | loss_cn = 0.00000000 | acc_sim = 0.970 | acc_phy = 0.708 
| epoch = 35 | step =   110 | loss_pnn = 1.824 | loss_cn = 0.00000000 | acc_sim = 0.970 | acc_phy = 0.709 
| epoch = 35 | step =   120 | loss_pnn = 1.824 | loss_cn = 0.00000000 | acc_sim = 0.970 | acc_phy = 0.709 
Phy accuracy of the network on 10000 test images: 0.709


Current training epoch: 36, learning rate for pnn: 0.000125, 
| epoch = 36 | step =    10 | loss_pnn = 1.820 | loss_cn = 0.00000000 | acc_sim = 0.972 | acc_phy = 0.713 
| epoch = 36 | step =    20 | loss_pnn = 1.824 | loss_cn = 0.00000000 | acc_sim = 0.968 | acc_phy = 0.707 
| epoch = 36 | step =    30 | loss_pnn = 1.825 | loss_cn = 0.00000000 | acc_sim = 0.968 | acc_phy = 0.707 
| epoch = 36 | step =    40 | loss_pnn = 1.825 | loss_cn = 0.00000000 | acc_sim = 0.969 | acc_phy = 0.707 
| epoch = 36 | step =    50 | loss_pnn = 1.824 | loss_cn = 0.00000000 | acc_sim = 0.968 | acc_phy = 0.708 
| epoch = 36 | step =    60 | loss_pnn = 1.824 | loss_cn = 0.00000000 | acc_sim = 0.969 | acc_phy = 0.709 
| epoch = 36 | step =    70 | loss_pnn = 1.824 | loss_cn = 0.00000000 | acc_sim = 0.969 | acc_phy = 0.708 
| epoch = 36 | step =    80 | loss_pnn = 1.825 | loss_cn = 0.00000000 | acc_sim = 0.970 | acc_phy = 0.708 
| epoch = 36 | step =    90 | loss_pnn = 1.825 | loss_cn = 0.00000000 | acc_sim = 0.970 | acc_phy = 0.709 
| epoch = 36 | step =   100 | loss_pnn = 1.825 | loss_cn = 0.00000000 | acc_sim = 0.970 | acc_phy = 0.708 
| epoch = 36 | step =   110 | loss_pnn = 1.825 | loss_cn = 0.00000000 | acc_sim = 0.970 | acc_phy = 0.707 
| epoch = 36 | step =   120 | loss_pnn = 1.825 | loss_cn = 0.00000000 | acc_sim = 0.970 | acc_phy = 0.707 
Phy accuracy of the network on 10000 test images: 0.707


Current training epoch: 37, learning rate for pnn: 0.000125, 
| epoch = 37 | step =    10 | loss_pnn = 1.823 | loss_cn = 0.00000000 | acc_sim = 0.976 | acc_phy = 0.705 
| epoch = 37 | step =    20 | loss_pnn = 1.828 | loss_cn = 0.00000000 | acc_sim = 0.972 | acc_phy = 0.703 
| epoch = 37 | step =    30 | loss_pnn = 1.827 | loss_cn = 0.00000000 | acc_sim = 0.971 | acc_phy = 0.703 
| epoch = 37 | step =    40 | loss_pnn = 1.826 | loss_cn = 0.00000000 | acc_sim = 0.970 | acc_phy = 0.705 
| epoch = 37 | step =    50 | loss_pnn = 1.826 | loss_cn = 0.00000000 | acc_sim = 0.970 | acc_phy = 0.708 
| epoch = 37 | step =    60 | loss_pnn = 1.825 | loss_cn = 0.00000000 | acc_sim = 0.970 | acc_phy = 0.709 
| epoch = 37 | step =    70 | loss_pnn = 1.825 | loss_cn = 0.00000000 | acc_sim = 0.970 | acc_phy = 0.709 
| epoch = 37 | step =    80 | loss_pnn = 1.824 | loss_cn = 0.00000000 | acc_sim = 0.969 | acc_phy = 0.710 
| epoch = 37 | step =    90 | loss_pnn = 1.825 | loss_cn = 0.00000000 | acc_sim = 0.970 | acc_phy = 0.710 
| epoch = 37 | step =   100 | loss_pnn = 1.825 | loss_cn = 0.00000000 | acc_sim = 0.969 | acc_phy = 0.710 
| epoch = 37 | step =   110 | loss_pnn = 1.825 | loss_cn = 0.00000000 | acc_sim = 0.970 | acc_phy = 0.709 
| epoch = 37 | step =   120 | loss_pnn = 1.825 | loss_cn = 0.00000000 | acc_sim = 0.970 | acc_phy = 0.709 
Phy accuracy of the network on 10000 test images: 0.709


Current training epoch: 38, learning rate for pnn: 0.000125, 
| epoch = 38 | step =    10 | loss_pnn = 1.823 | loss_cn = 0.00000000 | acc_sim = 0.975 | acc_phy = 0.707 
| epoch = 38 | step =    20 | loss_pnn = 1.829 | loss_cn = 0.00000000 | acc_sim = 0.970 | acc_phy = 0.702 
| epoch = 38 | step =    30 | loss_pnn = 1.826 | loss_cn = 0.00000000 | acc_sim = 0.970 | acc_phy = 0.706 
| epoch = 38 | step =    40 | loss_pnn = 1.824 | loss_cn = 0.00000000 | acc_sim = 0.970 | acc_phy = 0.710 
| epoch = 38 | step =    50 | loss_pnn = 1.823 | loss_cn = 0.00000000 | acc_sim = 0.971 | acc_phy = 0.710 
| epoch = 38 | step =    60 | loss_pnn = 1.824 | loss_cn = 0.00000000 | acc_sim = 0.971 | acc_phy = 0.709 
| epoch = 38 | step =    70 | loss_pnn = 1.824 | loss_cn = 0.00000000 | acc_sim = 0.971 | acc_phy = 0.710 
| epoch = 38 | step =    80 | loss_pnn = 1.824 | loss_cn = 0.00000000 | acc_sim = 0.971 | acc_phy = 0.709 
| epoch = 38 | step =    90 | loss_pnn = 1.824 | loss_cn = 0.00000000 | acc_sim = 0.970 | acc_phy = 0.709 
| epoch = 38 | step =   100 | loss_pnn = 1.824 | loss_cn = 0.00000000 | acc_sim = 0.970 | acc_phy = 0.708 
| epoch = 38 | step =   110 | loss_pnn = 1.825 | loss_cn = 0.00000000 | acc_sim = 0.970 | acc_phy = 0.708 
| epoch = 38 | step =   120 | loss_pnn = 1.825 | loss_cn = 0.00000000 | acc_sim = 0.970 | acc_phy = 0.708 
Phy accuracy of the network on 10000 test images: 0.708


Current training epoch: 39, learning rate for pnn: 0.000125, 
| epoch = 39 | step =    10 | loss_pnn = 1.823 | loss_cn = 0.00000000 | acc_sim = 0.973 | acc_phy = 0.706 
| epoch = 39 | step =    20 | loss_pnn = 1.827 | loss_cn = 0.00000000 | acc_sim = 0.971 | acc_phy = 0.702 
| epoch = 39 | step =    30 | loss_pnn = 1.826 | loss_cn = 0.00000000 | acc_sim = 0.972 | acc_phy = 0.706 
| epoch = 39 | step =    40 | loss_pnn = 1.827 | loss_cn = 0.00000000 | acc_sim = 0.970 | acc_phy = 0.706 
| epoch = 39 | step =    50 | loss_pnn = 1.826 | loss_cn = 0.00000000 | acc_sim = 0.971 | acc_phy = 0.706 
| epoch = 39 | step =    60 | loss_pnn = 1.826 | loss_cn = 0.00000000 | acc_sim = 0.971 | acc_phy = 0.707 
| epoch = 39 | step =    70 | loss_pnn = 1.826 | loss_cn = 0.00000000 | acc_sim = 0.971 | acc_phy = 0.708 
| epoch = 39 | step =    80 | loss_pnn = 1.826 | loss_cn = 0.00000000 | acc_sim = 0.970 | acc_phy = 0.707 
| epoch = 39 | step =    90 | loss_pnn = 1.826 | loss_cn = 0.00000000 | acc_sim = 0.970 | acc_phy = 0.708 
| epoch = 39 | step =   100 | loss_pnn = 1.826 | loss_cn = 0.00000000 | acc_sim = 0.970 | acc_phy = 0.708 
| epoch = 39 | step =   110 | loss_pnn = 1.826 | loss_cn = 0.00000000 | acc_sim = 0.970 | acc_phy = 0.708 
| epoch = 39 | step =   120 | loss_pnn = 1.826 | loss_cn = 0.00000000 | acc_sim = 0.970 | acc_phy = 0.707 
Phy accuracy of the network on 10000 test images: 0.707


Current training epoch: 40, learning rate for pnn: 0.000125, 
| epoch = 40 | step =    10 | loss_pnn = 1.829 | loss_cn = 0.00000000 | acc_sim = 0.970 | acc_phy = 0.704 
| epoch = 40 | step =    20 | loss_pnn = 1.825 | loss_cn = 0.00000000 | acc_sim = 0.970 | acc_phy = 0.713 
| epoch = 40 | step =    30 | loss_pnn = 1.823 | loss_cn = 0.00000000 | acc_sim = 0.970 | acc_phy = 0.713 
| epoch = 40 | step =    40 | loss_pnn = 1.824 | loss_cn = 0.00000000 | acc_sim = 0.970 | acc_phy = 0.711 
| epoch = 40 | step =    50 | loss_pnn = 1.828 | loss_cn = 0.00000000 | acc_sim = 0.971 | acc_phy = 0.707 
| epoch = 40 | step =    60 | loss_pnn = 1.827 | loss_cn = 0.00000000 | acc_sim = 0.970 | acc_phy = 0.707 
| epoch = 40 | step =    70 | loss_pnn = 1.828 | loss_cn = 0.00000000 | acc_sim = 0.970 | acc_phy = 0.706 
| epoch = 40 | step =    80 | loss_pnn = 1.828 | loss_cn = 0.00000000 | acc_sim = 0.970 | acc_phy = 0.706 
| epoch = 40 | step =    90 | loss_pnn = 1.827 | loss_cn = 0.00000000 | acc_sim = 0.970 | acc_phy = 0.707 
| epoch = 40 | step =   100 | loss_pnn = 1.826 | loss_cn = 0.00000000 | acc_sim = 0.970 | acc_phy = 0.708 
| epoch = 40 | step =   110 | loss_pnn = 1.826 | loss_cn = 0.00000000 | acc_sim = 0.970 | acc_phy = 0.708 
| epoch = 40 | step =   120 | loss_pnn = 1.825 | loss_cn = 0.00000000 | acc_sim = 0.971 | acc_phy = 0.709 
Phy accuracy of the network on 10000 test images: 0.709


Current training epoch: 41, learning rate for pnn: 6.25e-05, 
| epoch = 41 | step =    10 | loss_pnn = 1.820 | loss_cn = 0.00000000 | acc_sim = 0.973 | acc_phy = 0.716 
| epoch = 41 | step =    20 | loss_pnn = 1.822 | loss_cn = 0.00000000 | acc_sim = 0.972 | acc_phy = 0.715 
| epoch = 41 | step =    30 | loss_pnn = 1.825 | loss_cn = 0.00000000 | acc_sim = 0.972 | acc_phy = 0.711 
| epoch = 41 | step =    40 | loss_pnn = 1.827 | loss_cn = 0.00000000 | acc_sim = 0.971 | acc_phy = 0.708 
| epoch = 41 | step =    50 | loss_pnn = 1.828 | loss_cn = 0.00000000 | acc_sim = 0.971 | acc_phy = 0.707 
| epoch = 41 | step =    60 | loss_pnn = 1.827 | loss_cn = 0.00000000 | acc_sim = 0.970 | acc_phy = 0.708 
| epoch = 41 | step =    70 | loss_pnn = 1.828 | loss_cn = 0.00000000 | acc_sim = 0.970 | acc_phy = 0.707 
| epoch = 41 | step =    80 | loss_pnn = 1.829 | loss_cn = 0.00000000 | acc_sim = 0.970 | acc_phy = 0.706 
| epoch = 41 | step =    90 | loss_pnn = 1.829 | loss_cn = 0.00000000 | acc_sim = 0.970 | acc_phy = 0.706 
| epoch = 41 | step =   100 | loss_pnn = 1.828 | loss_cn = 0.00000000 | acc_sim = 0.971 | acc_phy = 0.707 
| epoch = 41 | step =   110 | loss_pnn = 1.827 | loss_cn = 0.00000000 | acc_sim = 0.971 | acc_phy = 0.707 
| epoch = 41 | step =   120 | loss_pnn = 1.827 | loss_cn = 0.00000000 | acc_sim = 0.971 | acc_phy = 0.707 
Phy accuracy of the network on 10000 test images: 0.707


Current training epoch: 42, learning rate for pnn: 6.25e-05, 
| epoch = 42 | step =    10 | loss_pnn = 1.828 | loss_cn = 0.00000000 | acc_sim = 0.969 | acc_phy = 0.706 
| epoch = 42 | step =    20 | loss_pnn = 1.829 | loss_cn = 0.00000000 | acc_sim = 0.970 | acc_phy = 0.706 
| epoch = 42 | step =    30 | loss_pnn = 1.829 | loss_cn = 0.00000000 | acc_sim = 0.970 | acc_phy = 0.704 
| epoch = 42 | step =    40 | loss_pnn = 1.828 | loss_cn = 0.00000000 | acc_sim = 0.969 | acc_phy = 0.705 
| epoch = 42 | step =    50 | loss_pnn = 1.829 | loss_cn = 0.00000000 | acc_sim = 0.970 | acc_phy = 0.705 
| epoch = 42 | step =    60 | loss_pnn = 1.828 | loss_cn = 0.00000000 | acc_sim = 0.970 | acc_phy = 0.705 
| epoch = 42 | step =    70 | loss_pnn = 1.828 | loss_cn = 0.00000000 | acc_sim = 0.971 | acc_phy = 0.706 
| epoch = 42 | step =    80 | loss_pnn = 1.828 | loss_cn = 0.00000000 | acc_sim = 0.970 | acc_phy = 0.706 
| epoch = 42 | step =    90 | loss_pnn = 1.829 | loss_cn = 0.00000000 | acc_sim = 0.970 | acc_phy = 0.705 
| epoch = 42 | step =   100 | loss_pnn = 1.828 | loss_cn = 0.00000000 | acc_sim = 0.971 | acc_phy = 0.706 
| epoch = 42 | step =   110 | loss_pnn = 1.828 | loss_cn = 0.00000000 | acc_sim = 0.971 | acc_phy = 0.707 
| epoch = 42 | step =   120 | loss_pnn = 1.827 | loss_cn = 0.00000000 | acc_sim = 0.971 | acc_phy = 0.707 
Phy accuracy of the network on 10000 test images: 0.707


Current training epoch: 43, learning rate for pnn: 6.25e-05, 
| epoch = 43 | step =    10 | loss_pnn = 1.820 | loss_cn = 0.00000000 | acc_sim = 0.973 | acc_phy = 0.710 
| epoch = 43 | step =    20 | loss_pnn = 1.824 | loss_cn = 0.00000000 | acc_sim = 0.971 | acc_phy = 0.706 
| epoch = 43 | step =    30 | loss_pnn = 1.826 | loss_cn = 0.00000000 | acc_sim = 0.970 | acc_phy = 0.705 
| epoch = 43 | step =    40 | loss_pnn = 1.825 | loss_cn = 0.00000000 | acc_sim = 0.970 | acc_phy = 0.707 
| epoch = 43 | step =    50 | loss_pnn = 1.826 | loss_cn = 0.00000000 | acc_sim = 0.970 | acc_phy = 0.708 
| epoch = 43 | step =    60 | loss_pnn = 1.826 | loss_cn = 0.00000000 | acc_sim = 0.970 | acc_phy = 0.708 
| epoch = 43 | step =    70 | loss_pnn = 1.826 | loss_cn = 0.00000000 | acc_sim = 0.970 | acc_phy = 0.709 
| epoch = 43 | step =    80 | loss_pnn = 1.825 | loss_cn = 0.00000000 | acc_sim = 0.971 | acc_phy = 0.710 
| epoch = 43 | step =    90 | loss_pnn = 1.826 | loss_cn = 0.00000000 | acc_sim = 0.970 | acc_phy = 0.708 
| epoch = 43 | step =   100 | loss_pnn = 1.827 | loss_cn = 0.00000000 | acc_sim = 0.971 | acc_phy = 0.707 
| epoch = 43 | step =   110 | loss_pnn = 1.827 | loss_cn = 0.00000000 | acc_sim = 0.971 | acc_phy = 0.708 
| epoch = 43 | step =   120 | loss_pnn = 1.826 | loss_cn = 0.00000000 | acc_sim = 0.971 | acc_phy = 0.708 
Phy accuracy of the network on 10000 test images: 0.708


Current training epoch: 44, learning rate for pnn: 6.25e-05, 
| epoch = 44 | step =    10 | loss_pnn = 1.818 | loss_cn = 0.00000000 | acc_sim = 0.972 | acc_phy = 0.716 
| epoch = 44 | step =    20 | loss_pnn = 1.821 | loss_cn = 0.00000000 | acc_sim = 0.971 | acc_phy = 0.714 
| epoch = 44 | step =    30 | loss_pnn = 1.826 | loss_cn = 0.00000000 | acc_sim = 0.971 | acc_phy = 0.708 
| epoch = 44 | step =    40 | loss_pnn = 1.829 | loss_cn = 0.00000000 | acc_sim = 0.971 | acc_phy = 0.705 
| epoch = 44 | step =    50 | loss_pnn = 1.828 | loss_cn = 0.00000000 | acc_sim = 0.971 | acc_phy = 0.705 
| epoch = 44 | step =    60 | loss_pnn = 1.830 | loss_cn = 0.00000000 | acc_sim = 0.970 | acc_phy = 0.703 
| epoch = 44 | step =    70 | loss_pnn = 1.829 | loss_cn = 0.00000000 | acc_sim = 0.971 | acc_phy = 0.704 
| epoch = 44 | step =    80 | loss_pnn = 1.829 | loss_cn = 0.00000000 | acc_sim = 0.971 | acc_phy = 0.705 
| epoch = 44 | step =    90 | loss_pnn = 1.828 | loss_cn = 0.00000000 | acc_sim = 0.971 | acc_phy = 0.707 
| epoch = 44 | step =   100 | loss_pnn = 1.828 | loss_cn = 0.00000000 | acc_sim = 0.971 | acc_phy = 0.707 
| epoch = 44 | step =   110 | loss_pnn = 1.828 | loss_cn = 0.00000000 | acc_sim = 0.971 | acc_phy = 0.706 
| epoch = 44 | step =   120 | loss_pnn = 1.829 | loss_cn = 0.00000000 | acc_sim = 0.971 | acc_phy = 0.706 
Phy accuracy of the network on 10000 test images: 0.706


Current training epoch: 45, learning rate for pnn: 6.25e-05, 
| epoch = 45 | step =    10 | loss_pnn = 1.831 | loss_cn = 0.00000000 | acc_sim = 0.966 | acc_phy = 0.701 
| epoch = 45 | step =    20 | loss_pnn = 1.832 | loss_cn = 0.00000000 | acc_sim = 0.970 | acc_phy = 0.701 
| epoch = 45 | step =    30 | loss_pnn = 1.830 | loss_cn = 0.00000000 | acc_sim = 0.970 | acc_phy = 0.704 
| epoch = 45 | step =    40 | loss_pnn = 1.828 | loss_cn = 0.00000000 | acc_sim = 0.971 | acc_phy = 0.706 
| epoch = 45 | step =    50 | loss_pnn = 1.828 | loss_cn = 0.00000000 | acc_sim = 0.971 | acc_phy = 0.706 
| epoch = 45 | step =    60 | loss_pnn = 1.828 | loss_cn = 0.00000000 | acc_sim = 0.971 | acc_phy = 0.707 
| epoch = 45 | step =    70 | loss_pnn = 1.827 | loss_cn = 0.00000000 | acc_sim = 0.970 | acc_phy = 0.708 
| epoch = 45 | step =    80 | loss_pnn = 1.827 | loss_cn = 0.00000000 | acc_sim = 0.971 | acc_phy = 0.707 
| epoch = 45 | step =    90 | loss_pnn = 1.829 | loss_cn = 0.00000000 | acc_sim = 0.971 | acc_phy = 0.705 
| epoch = 45 | step =   100 | loss_pnn = 1.828 | loss_cn = 0.00000000 | acc_sim = 0.971 | acc_phy = 0.706 
| epoch = 45 | step =   110 | loss_pnn = 1.828 | loss_cn = 0.00000000 | acc_sim = 0.971 | acc_phy = 0.706 
| epoch = 45 | step =   120 | loss_pnn = 1.828 | loss_cn = 0.00000000 | acc_sim = 0.971 | acc_phy = 0.707 
Phy accuracy of the network on 10000 test images: 0.707


Current training epoch: 46, learning rate for pnn: 6.25e-05, 
| epoch = 46 | step =    10 | loss_pnn = 1.830 | loss_cn = 0.00000000 | acc_sim = 0.970 | acc_phy = 0.703 
| epoch = 46 | step =    20 | loss_pnn = 1.828 | loss_cn = 0.00000000 | acc_sim = 0.972 | acc_phy = 0.706 
| epoch = 46 | step =    30 | loss_pnn = 1.828 | loss_cn = 0.00000000 | acc_sim = 0.971 | acc_phy = 0.705 
| epoch = 46 | step =    40 | loss_pnn = 1.829 | loss_cn = 0.00000000 | acc_sim = 0.971 | acc_phy = 0.705 
| epoch = 46 | step =    50 | loss_pnn = 1.829 | loss_cn = 0.00000000 | acc_sim = 0.971 | acc_phy = 0.706 
| epoch = 46 | step =    60 | loss_pnn = 1.828 | loss_cn = 0.00000000 | acc_sim = 0.970 | acc_phy = 0.707 
| epoch = 46 | step =    70 | loss_pnn = 1.828 | loss_cn = 0.00000000 | acc_sim = 0.971 | acc_phy = 0.708 
| epoch = 46 | step =    80 | loss_pnn = 1.828 | loss_cn = 0.00000000 | acc_sim = 0.971 | acc_phy = 0.708 
| epoch = 46 | step =    90 | loss_pnn = 1.828 | loss_cn = 0.00000000 | acc_sim = 0.971 | acc_phy = 0.708 
| epoch = 46 | step =   100 | loss_pnn = 1.828 | loss_cn = 0.00000000 | acc_sim = 0.971 | acc_phy = 0.708 
| epoch = 46 | step =   110 | loss_pnn = 1.828 | loss_cn = 0.00000000 | acc_sim = 0.971 | acc_phy = 0.707 
| epoch = 46 | step =   120 | loss_pnn = 1.828 | loss_cn = 0.00000000 | acc_sim = 0.971 | acc_phy = 0.707 
Phy accuracy of the network on 10000 test images: 0.707


Current training epoch: 47, learning rate for pnn: 6.25e-05, 
| epoch = 47 | step =    10 | loss_pnn = 1.834 | loss_cn = 0.00000000 | acc_sim = 0.972 | acc_phy = 0.693 
| epoch = 47 | step =    20 | loss_pnn = 1.830 | loss_cn = 0.00000000 | acc_sim = 0.971 | acc_phy = 0.702 
| epoch = 47 | step =    30 | loss_pnn = 1.831 | loss_cn = 0.00000000 | acc_sim = 0.970 | acc_phy = 0.704 
| epoch = 47 | step =    40 | loss_pnn = 1.830 | loss_cn = 0.00000000 | acc_sim = 0.971 | acc_phy = 0.703 
| epoch = 47 | step =    50 | loss_pnn = 1.831 | loss_cn = 0.00000000 | acc_sim = 0.971 | acc_phy = 0.703 
| epoch = 47 | step =    60 | loss_pnn = 1.829 | loss_cn = 0.00000000 | acc_sim = 0.971 | acc_phy = 0.704 
| epoch = 47 | step =    70 | loss_pnn = 1.829 | loss_cn = 0.00000000 | acc_sim = 0.971 | acc_phy = 0.704 
| epoch = 47 | step =    80 | loss_pnn = 1.829 | loss_cn = 0.00000000 | acc_sim = 0.970 | acc_phy = 0.705 
| epoch = 47 | step =    90 | loss_pnn = 1.829 | loss_cn = 0.00000000 | acc_sim = 0.971 | acc_phy = 0.705 
| epoch = 47 | step =   100 | loss_pnn = 1.829 | loss_cn = 0.00000000 | acc_sim = 0.971 | acc_phy = 0.705 
| epoch = 47 | step =   110 | loss_pnn = 1.829 | loss_cn = 0.00000000 | acc_sim = 0.971 | acc_phy = 0.706 
| epoch = 47 | step =   120 | loss_pnn = 1.829 | loss_cn = 0.00000000 | acc_sim = 0.971 | acc_phy = 0.706 
Phy accuracy of the network on 10000 test images: 0.706


Current training epoch: 48, learning rate for pnn: 6.25e-05, 
| epoch = 48 | step =    10 | loss_pnn = 1.823 | loss_cn = 0.00000000 | acc_sim = 0.970 | acc_phy = 0.712 
| epoch = 48 | step =    20 | loss_pnn = 1.827 | loss_cn = 0.00000000 | acc_sim = 0.969 | acc_phy = 0.706 
| epoch = 48 | step =    30 | loss_pnn = 1.829 | loss_cn = 0.00000000 | acc_sim = 0.970 | acc_phy = 0.704 
| epoch = 48 | step =    40 | loss_pnn = 1.829 | loss_cn = 0.00000000 | acc_sim = 0.971 | acc_phy = 0.704 
| epoch = 48 | step =    50 | loss_pnn = 1.828 | loss_cn = 0.00000000 | acc_sim = 0.971 | acc_phy = 0.706 
| epoch = 48 | step =    60 | loss_pnn = 1.827 | loss_cn = 0.00000000 | acc_sim = 0.971 | acc_phy = 0.707 
| epoch = 48 | step =    70 | loss_pnn = 1.827 | loss_cn = 0.00000000 | acc_sim = 0.971 | acc_phy = 0.707 
| epoch = 48 | step =    80 | loss_pnn = 1.827 | loss_cn = 0.00000000 | acc_sim = 0.971 | acc_phy = 0.708 
| epoch = 48 | step =    90 | loss_pnn = 1.829 | loss_cn = 0.00000000 | acc_sim = 0.971 | acc_phy = 0.706 
| epoch = 48 | step =   100 | loss_pnn = 1.829 | loss_cn = 0.00000000 | acc_sim = 0.971 | acc_phy = 0.706 
| epoch = 48 | step =   110 | loss_pnn = 1.828 | loss_cn = 0.00000000 | acc_sim = 0.970 | acc_phy = 0.706 
| epoch = 48 | step =   120 | loss_pnn = 1.828 | loss_cn = 0.00000000 | acc_sim = 0.971 | acc_phy = 0.706 
Phy accuracy of the network on 10000 test images: 0.706


Current training epoch: 49, learning rate for pnn: 6.25e-05, 
| epoch = 49 | step =    10 | loss_pnn = 1.827 | loss_cn = 0.00000000 | acc_sim = 0.973 | acc_phy = 0.711 
| epoch = 49 | step =    20 | loss_pnn = 1.828 | loss_cn = 0.00000000 | acc_sim = 0.971 | acc_phy = 0.711 
| epoch = 49 | step =    30 | loss_pnn = 1.826 | loss_cn = 0.00000000 | acc_sim = 0.972 | acc_phy = 0.713 
| epoch = 49 | step =    40 | loss_pnn = 1.827 | loss_cn = 0.00000000 | acc_sim = 0.972 | acc_phy = 0.710 
| epoch = 49 | step =    50 | loss_pnn = 1.829 | loss_cn = 0.00000000 | acc_sim = 0.972 | acc_phy = 0.708 
| epoch = 49 | step =    60 | loss_pnn = 1.829 | loss_cn = 0.00000000 | acc_sim = 0.972 | acc_phy = 0.708 
| epoch = 49 | step =    70 | loss_pnn = 1.830 | loss_cn = 0.00000000 | acc_sim = 0.972 | acc_phy = 0.707 
| epoch = 49 | step =    80 | loss_pnn = 1.829 | loss_cn = 0.00000000 | acc_sim = 0.972 | acc_phy = 0.708 
| epoch = 49 | step =    90 | loss_pnn = 1.827 | loss_cn = 0.00000000 | acc_sim = 0.971 | acc_phy = 0.709 
| epoch = 49 | step =   100 | loss_pnn = 1.827 | loss_cn = 0.00000000 | acc_sim = 0.971 | acc_phy = 0.709 
| epoch = 49 | step =   110 | loss_pnn = 1.828 | loss_cn = 0.00000000 | acc_sim = 0.971 | acc_phy = 0.708 
| epoch = 49 | step =   120 | loss_pnn = 1.828 | loss_cn = 0.00000000 | acc_sim = 0.971 | acc_phy = 0.707 
Phy accuracy of the network on 10000 test images: 0.707


Current training epoch: 50, learning rate for pnn: 6.25e-05, 
| epoch = 50 | step =    10 | loss_pnn = 1.835 | loss_cn = 0.00000000 | acc_sim = 0.970 | acc_phy = 0.698 
| epoch = 50 | step =    20 | loss_pnn = 1.829 | loss_cn = 0.00000000 | acc_sim = 0.972 | acc_phy = 0.704 
| epoch = 50 | step =    30 | loss_pnn = 1.831 | loss_cn = 0.00000000 | acc_sim = 0.973 | acc_phy = 0.702 
| epoch = 50 | step =    40 | loss_pnn = 1.831 | loss_cn = 0.00000000 | acc_sim = 0.972 | acc_phy = 0.703 
| epoch = 50 | step =    50 | loss_pnn = 1.829 | loss_cn = 0.00000000 | acc_sim = 0.973 | acc_phy = 0.705 
| epoch = 50 | step =    60 | loss_pnn = 1.830 | loss_cn = 0.00000000 | acc_sim = 0.972 | acc_phy = 0.704 
| epoch = 50 | step =    70 | loss_pnn = 1.830 | loss_cn = 0.00000000 | acc_sim = 0.972 | acc_phy = 0.704 
| epoch = 50 | step =    80 | loss_pnn = 1.830 | loss_cn = 0.00000000 | acc_sim = 0.972 | acc_phy = 0.705 
| epoch = 50 | step =    90 | loss_pnn = 1.829 | loss_cn = 0.00000000 | acc_sim = 0.971 | acc_phy = 0.706 
| epoch = 50 | step =   100 | loss_pnn = 1.829 | loss_cn = 0.00000000 | acc_sim = 0.971 | acc_phy = 0.707 
| epoch = 50 | step =   110 | loss_pnn = 1.828 | loss_cn = 0.00000000 | acc_sim = 0.971 | acc_phy = 0.707 
| epoch = 50 | step =   120 | loss_pnn = 1.829 | loss_cn = 0.00000000 | acc_sim = 0.971 | acc_phy = 0.707 
Phy accuracy of the network on 10000 test images: 0.707

Finished training. Elapsed time of training = 1:29:13.926027
