Training new model from scratch......
--------------------------
Training with SEPN
--------------------------

Current training epoch: 1, learning rate for pnn: 0.001, learning rate for SEPN: 0.001
| epoch = 1 | step =    10 | loss_pnn = 2.294 | loss_cn = 0.00913376 | acc_sim = 0.355 | acc_phy = 0.136 
| epoch = 1 | step =    20 | loss_pnn = 2.282 | loss_cn = 0.00889311 | acc_sim = 0.458 | acc_phy = 0.157 
| epoch = 1 | step =    30 | loss_pnn = 2.274 | loss_cn = 0.00900175 | acc_sim = 0.520 | acc_phy = 0.179 
| epoch = 1 | step =    40 | loss_pnn = 2.268 | loss_cn = 0.00905652 | acc_sim = 0.564 | acc_phy = 0.194 
| epoch = 1 | step =    50 | loss_pnn = 2.261 | loss_cn = 0.00901576 | acc_sim = 0.600 | acc_phy = 0.212 
| epoch = 1 | step =    60 | loss_pnn = 2.255 | loss_cn = 0.00885941 | acc_sim = 0.627 | acc_phy = 0.225 
| epoch = 1 | step =    70 | loss_pnn = 2.250 | loss_cn = 0.00871528 | acc_sim = 0.650 | acc_phy = 0.235 
| epoch = 1 | step =    80 | loss_pnn = 2.246 | loss_cn = 0.00857448 | acc_sim = 0.668 | acc_phy = 0.241 
| epoch = 1 | step =    90 | loss_pnn = 2.242 | loss_cn = 0.00846005 | acc_sim = 0.685 | acc_phy = 0.248 
| epoch = 1 | step =   100 | loss_pnn = 2.240 | loss_cn = 0.00835594 | acc_sim = 0.698 | acc_phy = 0.252 
| epoch = 1 | step =   110 | loss_pnn = 2.237 | loss_cn = 0.00824413 | acc_sim = 0.710 | acc_phy = 0.256 
| epoch = 1 | step =   120 | loss_pnn = 2.235 | loss_cn = 0.00816182 | acc_sim = 0.720 | acc_phy = 0.260 
Phy accuracy of the network on 10000 test images: 0.288


Current training epoch: 2, learning rate for pnn: 0.001, learning rate for SEPN: 0.001
| epoch = 2 | step =    10 | loss_pnn = 2.211 | loss_cn = 0.00687347 | acc_sim = 0.844 | acc_phy = 0.295 
| epoch = 2 | step =    20 | loss_pnn = 2.211 | loss_cn = 0.00673968 | acc_sim = 0.847 | acc_phy = 0.292 
| epoch = 2 | step =    30 | loss_pnn = 2.209 | loss_cn = 0.00666579 | acc_sim = 0.849 | acc_phy = 0.296 
| epoch = 2 | step =    40 | loss_pnn = 2.208 | loss_cn = 0.00658006 | acc_sim = 0.849 | acc_phy = 0.297 
| epoch = 2 | step =    50 | loss_pnn = 2.208 | loss_cn = 0.00651534 | acc_sim = 0.850 | acc_phy = 0.297 
| epoch = 2 | step =    60 | loss_pnn = 2.208 | loss_cn = 0.00643474 | acc_sim = 0.853 | acc_phy = 0.297 
| epoch = 2 | step =    70 | loss_pnn = 2.207 | loss_cn = 0.00634730 | acc_sim = 0.855 | acc_phy = 0.296 
| epoch = 2 | step =    80 | loss_pnn = 2.207 | loss_cn = 0.00627245 | acc_sim = 0.857 | acc_phy = 0.294 
| epoch = 2 | step =    90 | loss_pnn = 2.206 | loss_cn = 0.00622460 | acc_sim = 0.860 | acc_phy = 0.294 
| epoch = 2 | step =   100 | loss_pnn = 2.206 | loss_cn = 0.00616286 | acc_sim = 0.861 | acc_phy = 0.295 
| epoch = 2 | step =   110 | loss_pnn = 2.205 | loss_cn = 0.00611775 | acc_sim = 0.862 | acc_phy = 0.295 
| epoch = 2 | step =   120 | loss_pnn = 2.205 | loss_cn = 0.00606910 | acc_sim = 0.863 | acc_phy = 0.294 
Phy accuracy of the network on 10000 test images: 0.294


Current training epoch: 3, learning rate for pnn: 0.001, learning rate for SEPN: 0.001
| epoch = 3 | step =    10 | loss_pnn = 2.201 | loss_cn = 0.00550117 | acc_sim = 0.881 | acc_phy = 0.289 
| epoch = 3 | step =    20 | loss_pnn = 2.204 | loss_cn = 0.00543503 | acc_sim = 0.881 | acc_phy = 0.286 
| epoch = 3 | step =    30 | loss_pnn = 2.203 | loss_cn = 0.00542295 | acc_sim = 0.885 | acc_phy = 0.288 
| epoch = 3 | step =    40 | loss_pnn = 2.203 | loss_cn = 0.00537915 | acc_sim = 0.885 | acc_phy = 0.292 
| epoch = 3 | step =    50 | loss_pnn = 2.202 | loss_cn = 0.00537918 | acc_sim = 0.887 | acc_phy = 0.294 
| epoch = 3 | step =    60 | loss_pnn = 2.201 | loss_cn = 0.00535552 | acc_sim = 0.888 | acc_phy = 0.295 
| epoch = 3 | step =    70 | loss_pnn = 2.201 | loss_cn = 0.00531550 | acc_sim = 0.887 | acc_phy = 0.293 
| epoch = 3 | step =    80 | loss_pnn = 2.200 | loss_cn = 0.00530997 | acc_sim = 0.887 | acc_phy = 0.295 
| epoch = 3 | step =    90 | loss_pnn = 2.198 | loss_cn = 0.00528925 | acc_sim = 0.887 | acc_phy = 0.297 
| epoch = 3 | step =   100 | loss_pnn = 2.198 | loss_cn = 0.00526510 | acc_sim = 0.888 | acc_phy = 0.298 
| epoch = 3 | step =   110 | loss_pnn = 2.198 | loss_cn = 0.00523844 | acc_sim = 0.889 | acc_phy = 0.298 
| epoch = 3 | step =   120 | loss_pnn = 2.197 | loss_cn = 0.00522759 | acc_sim = 0.889 | acc_phy = 0.298 
Phy accuracy of the network on 10000 test images: 0.306


Current training epoch: 4, learning rate for pnn: 0.001, learning rate for SEPN: 0.001
| epoch = 4 | step =    10 | loss_pnn = 2.187 | loss_cn = 0.00504655 | acc_sim = 0.904 | acc_phy = 0.311 
| epoch = 4 | step =    20 | loss_pnn = 2.189 | loss_cn = 0.00508163 | acc_sim = 0.904 | acc_phy = 0.305 
| epoch = 4 | step =    30 | loss_pnn = 2.190 | loss_cn = 0.00503422 | acc_sim = 0.904 | acc_phy = 0.305 
| epoch = 4 | step =    40 | loss_pnn = 2.190 | loss_cn = 0.00501315 | acc_sim = 0.903 | acc_phy = 0.304 
| epoch = 4 | step =    50 | loss_pnn = 2.191 | loss_cn = 0.00497609 | acc_sim = 0.903 | acc_phy = 0.303 
| epoch = 4 | step =    60 | loss_pnn = 2.191 | loss_cn = 0.00496797 | acc_sim = 0.904 | acc_phy = 0.301 
| epoch = 4 | step =    70 | loss_pnn = 2.190 | loss_cn = 0.00493905 | acc_sim = 0.904 | acc_phy = 0.304 
| epoch = 4 | step =    80 | loss_pnn = 2.189 | loss_cn = 0.00494551 | acc_sim = 0.905 | acc_phy = 0.303 
| epoch = 4 | step =    90 | loss_pnn = 2.188 | loss_cn = 0.00491437 | acc_sim = 0.905 | acc_phy = 0.304 
| epoch = 4 | step =   100 | loss_pnn = 2.188 | loss_cn = 0.00491560 | acc_sim = 0.905 | acc_phy = 0.303 
| epoch = 4 | step =   110 | loss_pnn = 2.188 | loss_cn = 0.00490161 | acc_sim = 0.906 | acc_phy = 0.303 
| epoch = 4 | step =   120 | loss_pnn = 2.187 | loss_cn = 0.00488961 | acc_sim = 0.906 | acc_phy = 0.303 
Phy accuracy of the network on 10000 test images: 0.301


Current training epoch: 5, learning rate for pnn: 0.001, learning rate for SEPN: 0.001
| epoch = 5 | step =    10 | loss_pnn = 2.184 | loss_cn = 0.00473331 | acc_sim = 0.918 | acc_phy = 0.299 
| epoch = 5 | step =    20 | loss_pnn = 2.182 | loss_cn = 0.00482699 | acc_sim = 0.918 | acc_phy = 0.301 
| epoch = 5 | step =    30 | loss_pnn = 2.182 | loss_cn = 0.00477292 | acc_sim = 0.915 | acc_phy = 0.304 
| epoch = 5 | step =    40 | loss_pnn = 2.182 | loss_cn = 0.00474930 | acc_sim = 0.915 | acc_phy = 0.302 
| epoch = 5 | step =    50 | loss_pnn = 2.182 | loss_cn = 0.00472809 | acc_sim = 0.915 | acc_phy = 0.300 
| epoch = 5 | step =    60 | loss_pnn = 2.182 | loss_cn = 0.00471321 | acc_sim = 0.915 | acc_phy = 0.302 
| epoch = 5 | step =    70 | loss_pnn = 2.182 | loss_cn = 0.00470207 | acc_sim = 0.915 | acc_phy = 0.300 
| epoch = 5 | step =    80 | loss_pnn = 2.182 | loss_cn = 0.00468961 | acc_sim = 0.916 | acc_phy = 0.299 
| epoch = 5 | step =    90 | loss_pnn = 2.182 | loss_cn = 0.00467499 | acc_sim = 0.916 | acc_phy = 0.298 
| epoch = 5 | step =   100 | loss_pnn = 2.181 | loss_cn = 0.00465935 | acc_sim = 0.916 | acc_phy = 0.298 
| epoch = 5 | step =   110 | loss_pnn = 2.181 | loss_cn = 0.00463445 | acc_sim = 0.916 | acc_phy = 0.297 
| epoch = 5 | step =   120 | loss_pnn = 2.181 | loss_cn = 0.00461857 | acc_sim = 0.916 | acc_phy = 0.297 
Phy accuracy of the network on 10000 test images: 0.296


Current training epoch: 6, learning rate for pnn: 0.001, learning rate for SEPN: 0.001
| epoch = 6 | step =    10 | loss_pnn = 2.178 | loss_cn = 0.00451893 | acc_sim = 0.922 | acc_phy = 0.299 
| epoch = 6 | step =    20 | loss_pnn = 2.175 | loss_cn = 0.00450859 | acc_sim = 0.920 | acc_phy = 0.300 
| epoch = 6 | step =    30 | loss_pnn = 2.180 | loss_cn = 0.00448073 | acc_sim = 0.920 | acc_phy = 0.293 
| epoch = 6 | step =    40 | loss_pnn = 2.181 | loss_cn = 0.00444778 | acc_sim = 0.920 | acc_phy = 0.291 
| epoch = 6 | step =    50 | loss_pnn = 2.180 | loss_cn = 0.00443467 | acc_sim = 0.921 | acc_phy = 0.292 
| epoch = 6 | step =    60 | loss_pnn = 2.180 | loss_cn = 0.00443787 | acc_sim = 0.922 | acc_phy = 0.291 
| epoch = 6 | step =    70 | loss_pnn = 2.181 | loss_cn = 0.00441538 | acc_sim = 0.922 | acc_phy = 0.290 
| epoch = 6 | step =    80 | loss_pnn = 2.180 | loss_cn = 0.00439385 | acc_sim = 0.923 | acc_phy = 0.290 
| epoch = 6 | step =    90 | loss_pnn = 2.180 | loss_cn = 0.00437701 | acc_sim = 0.923 | acc_phy = 0.290 
| epoch = 6 | step =   100 | loss_pnn = 2.179 | loss_cn = 0.00436184 | acc_sim = 0.923 | acc_phy = 0.290 
| epoch = 6 | step =   110 | loss_pnn = 2.179 | loss_cn = 0.00436335 | acc_sim = 0.923 | acc_phy = 0.290 
| epoch = 6 | step =   120 | loss_pnn = 2.179 | loss_cn = 0.00437054 | acc_sim = 0.923 | acc_phy = 0.289 
Phy accuracy of the network on 10000 test images: 0.281


Current training epoch: 7, learning rate for pnn: 0.001, learning rate for SEPN: 0.001
| epoch = 7 | step =    10 | loss_pnn = 2.183 | loss_cn = 0.00416130 | acc_sim = 0.932 | acc_phy = 0.269 
| epoch = 7 | step =    20 | loss_pnn = 2.178 | loss_cn = 0.00419721 | acc_sim = 0.929 | acc_phy = 0.280 
| epoch = 7 | step =    30 | loss_pnn = 2.182 | loss_cn = 0.00422450 | acc_sim = 0.926 | acc_phy = 0.274 
| epoch = 7 | step =    40 | loss_pnn = 2.181 | loss_cn = 0.00420278 | acc_sim = 0.926 | acc_phy = 0.273 
| epoch = 7 | step =    50 | loss_pnn = 2.181 | loss_cn = 0.00420638 | acc_sim = 0.926 | acc_phy = 0.276 
| epoch = 7 | step =    60 | loss_pnn = 2.181 | loss_cn = 0.00421998 | acc_sim = 0.927 | acc_phy = 0.276 
| epoch = 7 | step =    70 | loss_pnn = 2.180 | loss_cn = 0.00423955 | acc_sim = 0.927 | acc_phy = 0.277 
| epoch = 7 | step =    80 | loss_pnn = 2.180 | loss_cn = 0.00425562 | acc_sim = 0.927 | acc_phy = 0.279 
| epoch = 7 | step =    90 | loss_pnn = 2.180 | loss_cn = 0.00425427 | acc_sim = 0.927 | acc_phy = 0.279 
| epoch = 7 | step =   100 | loss_pnn = 2.179 | loss_cn = 0.00426326 | acc_sim = 0.927 | acc_phy = 0.280 
| epoch = 7 | step =   110 | loss_pnn = 2.180 | loss_cn = 0.00425914 | acc_sim = 0.927 | acc_phy = 0.280 
| epoch = 7 | step =   120 | loss_pnn = 2.179 | loss_cn = 0.00424675 | acc_sim = 0.927 | acc_phy = 0.280 
Phy accuracy of the network on 10000 test images: 0.272


Current training epoch: 8, learning rate for pnn: 0.001, learning rate for SEPN: 0.001
| epoch = 8 | step =    10 | loss_pnn = 2.181 | loss_cn = 0.00419740 | acc_sim = 0.931 | acc_phy = 0.277 
| epoch = 8 | step =    20 | loss_pnn = 2.185 | loss_cn = 0.00425224 | acc_sim = 0.929 | acc_phy = 0.271 
| epoch = 8 | step =    30 | loss_pnn = 2.186 | loss_cn = 0.00425881 | acc_sim = 0.928 | acc_phy = 0.270 
| epoch = 8 | step =    40 | loss_pnn = 2.185 | loss_cn = 0.00423591 | acc_sim = 0.928 | acc_phy = 0.271 
| epoch = 8 | step =    50 | loss_pnn = 2.184 | loss_cn = 0.00421628 | acc_sim = 0.929 | acc_phy = 0.272 
| epoch = 8 | step =    60 | loss_pnn = 2.183 | loss_cn = 0.00419281 | acc_sim = 0.930 | acc_phy = 0.274 
| epoch = 8 | step =    70 | loss_pnn = 2.183 | loss_cn = 0.00417596 | acc_sim = 0.930 | acc_phy = 0.274 
| epoch = 8 | step =    80 | loss_pnn = 2.183 | loss_cn = 0.00415645 | acc_sim = 0.932 | acc_phy = 0.273 
| epoch = 8 | step =    90 | loss_pnn = 2.184 | loss_cn = 0.00414509 | acc_sim = 0.932 | acc_phy = 0.272 
| epoch = 8 | step =   100 | loss_pnn = 2.184 | loss_cn = 0.00412895 | acc_sim = 0.932 | acc_phy = 0.271 
| epoch = 8 | step =   110 | loss_pnn = 2.184 | loss_cn = 0.00411283 | acc_sim = 0.932 | acc_phy = 0.270 
| epoch = 8 | step =   120 | loss_pnn = 2.184 | loss_cn = 0.00412260 | acc_sim = 0.932 | acc_phy = 0.271 
Phy accuracy of the network on 10000 test images: 0.271


Current training epoch: 9, learning rate for pnn: 0.001, learning rate for SEPN: 0.001
| epoch = 9 | step =    10 | loss_pnn = 2.183 | loss_cn = 0.00409436 | acc_sim = 0.934 | acc_phy = 0.269 
| epoch = 9 | step =    20 | loss_pnn = 2.184 | loss_cn = 0.00400017 | acc_sim = 0.935 | acc_phy = 0.267 
| epoch = 9 | step =    30 | loss_pnn = 2.183 | loss_cn = 0.00393860 | acc_sim = 0.935 | acc_phy = 0.268 
| epoch = 9 | step =    40 | loss_pnn = 2.186 | loss_cn = 0.00399000 | acc_sim = 0.935 | acc_phy = 0.264 
| epoch = 9 | step =    50 | loss_pnn = 2.185 | loss_cn = 0.00400935 | acc_sim = 0.935 | acc_phy = 0.265 
| epoch = 9 | step =    60 | loss_pnn = 2.186 | loss_cn = 0.00399707 | acc_sim = 0.934 | acc_phy = 0.265 
| epoch = 9 | step =    70 | loss_pnn = 2.187 | loss_cn = 0.00397059 | acc_sim = 0.935 | acc_phy = 0.264 
| epoch = 9 | step =    80 | loss_pnn = 2.187 | loss_cn = 0.00397467 | acc_sim = 0.934 | acc_phy = 0.265 
| epoch = 9 | step =    90 | loss_pnn = 2.187 | loss_cn = 0.00399031 | acc_sim = 0.933 | acc_phy = 0.264 
| epoch = 9 | step =   100 | loss_pnn = 2.187 | loss_cn = 0.00398490 | acc_sim = 0.934 | acc_phy = 0.265 
| epoch = 9 | step =   110 | loss_pnn = 2.187 | loss_cn = 0.00398563 | acc_sim = 0.934 | acc_phy = 0.264 
| epoch = 9 | step =   120 | loss_pnn = 2.188 | loss_cn = 0.00398245 | acc_sim = 0.934 | acc_phy = 0.264 
Phy accuracy of the network on 10000 test images: 0.252


Current training epoch: 10, learning rate for pnn: 0.001, learning rate for SEPN: 0.001
| epoch = 10 | step =    10 | loss_pnn = 2.185 | loss_cn = 0.00388421 | acc_sim = 0.940 | acc_phy = 0.255 
| epoch = 10 | step =    20 | loss_pnn = 2.185 | loss_cn = 0.00385934 | acc_sim = 0.939 | acc_phy = 0.259 
| epoch = 10 | step =    30 | loss_pnn = 2.187 | loss_cn = 0.00386255 | acc_sim = 0.939 | acc_phy = 0.259 
| epoch = 10 | step =    40 | loss_pnn = 2.189 | loss_cn = 0.00388750 | acc_sim = 0.938 | acc_phy = 0.258 
| epoch = 10 | step =    50 | loss_pnn = 2.189 | loss_cn = 0.00389362 | acc_sim = 0.938 | acc_phy = 0.258 
| epoch = 10 | step =    60 | loss_pnn = 2.189 | loss_cn = 0.00386219 | acc_sim = 0.938 | acc_phy = 0.259 
| epoch = 10 | step =    70 | loss_pnn = 2.190 | loss_cn = 0.00384658 | acc_sim = 0.937 | acc_phy = 0.258 
| epoch = 10 | step =    80 | loss_pnn = 2.191 | loss_cn = 0.00385757 | acc_sim = 0.937 | acc_phy = 0.255 
| epoch = 10 | step =    90 | loss_pnn = 2.192 | loss_cn = 0.00386499 | acc_sim = 0.937 | acc_phy = 0.254 
| epoch = 10 | step =   100 | loss_pnn = 2.193 | loss_cn = 0.00385722 | acc_sim = 0.937 | acc_phy = 0.253 
| epoch = 10 | step =   110 | loss_pnn = 2.192 | loss_cn = 0.00385678 | acc_sim = 0.936 | acc_phy = 0.254 
| epoch = 10 | step =   120 | loss_pnn = 2.192 | loss_cn = 0.00384480 | acc_sim = 0.936 | acc_phy = 0.254 
Phy accuracy of the network on 10000 test images: 0.243


Current training epoch: 11, learning rate for pnn: 0.0005, learning rate for SEPN: 0.001
| epoch = 11 | step =    10 | loss_pnn = 2.194 | loss_cn = 0.00387953 | acc_sim = 0.936 | acc_phy = 0.246 
| epoch = 11 | step =    20 | loss_pnn = 2.197 | loss_cn = 0.00384606 | acc_sim = 0.936 | acc_phy = 0.246 
| epoch = 11 | step =    30 | loss_pnn = 2.197 | loss_cn = 0.00385720 | acc_sim = 0.937 | acc_phy = 0.246 
| epoch = 11 | step =    40 | loss_pnn = 2.197 | loss_cn = 0.00381009 | acc_sim = 0.937 | acc_phy = 0.245 
| epoch = 11 | step =    50 | loss_pnn = 2.196 | loss_cn = 0.00376778 | acc_sim = 0.937 | acc_phy = 0.248 
| epoch = 11 | step =    60 | loss_pnn = 2.195 | loss_cn = 0.00374111 | acc_sim = 0.937 | acc_phy = 0.250 
| epoch = 11 | step =    70 | loss_pnn = 2.196 | loss_cn = 0.00373355 | acc_sim = 0.938 | acc_phy = 0.249 
| epoch = 11 | step =    80 | loss_pnn = 2.197 | loss_cn = 0.00371533 | acc_sim = 0.938 | acc_phy = 0.247 
| epoch = 11 | step =    90 | loss_pnn = 2.197 | loss_cn = 0.00369230 | acc_sim = 0.937 | acc_phy = 0.246 
| epoch = 11 | step =   100 | loss_pnn = 2.196 | loss_cn = 0.00367745 | acc_sim = 0.938 | acc_phy = 0.247 
| epoch = 11 | step =   110 | loss_pnn = 2.197 | loss_cn = 0.00366693 | acc_sim = 0.938 | acc_phy = 0.246 
| epoch = 11 | step =   120 | loss_pnn = 2.197 | loss_cn = 0.00365919 | acc_sim = 0.939 | acc_phy = 0.246 
Phy accuracy of the network on 10000 test images: 0.243


Current training epoch: 12, learning rate for pnn: 0.0005, learning rate for SEPN: 0.001
| epoch = 12 | step =    10 | loss_pnn = 2.205 | loss_cn = 0.00347116 | acc_sim = 0.945 | acc_phy = 0.244 
| epoch = 12 | step =    20 | loss_pnn = 2.202 | loss_cn = 0.00346800 | acc_sim = 0.942 | acc_phy = 0.245 
| epoch = 12 | step =    30 | loss_pnn = 2.201 | loss_cn = 0.00349714 | acc_sim = 0.942 | acc_phy = 0.245 
| epoch = 12 | step =    40 | loss_pnn = 2.200 | loss_cn = 0.00350443 | acc_sim = 0.942 | acc_phy = 0.246 
| epoch = 12 | step =    50 | loss_pnn = 2.199 | loss_cn = 0.00350987 | acc_sim = 0.942 | acc_phy = 0.247 
| epoch = 12 | step =    60 | loss_pnn = 2.200 | loss_cn = 0.00351748 | acc_sim = 0.942 | acc_phy = 0.246 
| epoch = 12 | step =    70 | loss_pnn = 2.200 | loss_cn = 0.00350950 | acc_sim = 0.941 | acc_phy = 0.245 
| epoch = 12 | step =    80 | loss_pnn = 2.199 | loss_cn = 0.00351428 | acc_sim = 0.940 | acc_phy = 0.246 
| epoch = 12 | step =    90 | loss_pnn = 2.199 | loss_cn = 0.00351119 | acc_sim = 0.940 | acc_phy = 0.246 
| epoch = 12 | step =   100 | loss_pnn = 2.199 | loss_cn = 0.00350586 | acc_sim = 0.940 | acc_phy = 0.245 
| epoch = 12 | step =   110 | loss_pnn = 2.199 | loss_cn = 0.00350142 | acc_sim = 0.939 | acc_phy = 0.245 
| epoch = 12 | step =   120 | loss_pnn = 2.198 | loss_cn = 0.00349413 | acc_sim = 0.939 | acc_phy = 0.246 
Phy accuracy of the network on 10000 test images: 0.239


Current training epoch: 13, learning rate for pnn: 0.0005, learning rate for SEPN: 0.001
| epoch = 13 | step =    10 | loss_pnn = 2.191 | loss_cn = 0.00345937 | acc_sim = 0.940 | acc_phy = 0.256 
| epoch = 13 | step =    20 | loss_pnn = 2.195 | loss_cn = 0.00337421 | acc_sim = 0.941 | acc_phy = 0.250 
| epoch = 13 | step =    30 | loss_pnn = 2.197 | loss_cn = 0.00337232 | acc_sim = 0.939 | acc_phy = 0.249 
| epoch = 13 | step =    40 | loss_pnn = 2.196 | loss_cn = 0.00338337 | acc_sim = 0.940 | acc_phy = 0.248 
| epoch = 13 | step =    50 | loss_pnn = 2.197 | loss_cn = 0.00337377 | acc_sim = 0.940 | acc_phy = 0.247 
| epoch = 13 | step =    60 | loss_pnn = 2.197 | loss_cn = 0.00340336 | acc_sim = 0.940 | acc_phy = 0.247 
| epoch = 13 | step =    70 | loss_pnn = 2.197 | loss_cn = 0.00342584 | acc_sim = 0.941 | acc_phy = 0.247 
| epoch = 13 | step =    80 | loss_pnn = 2.198 | loss_cn = 0.00343120 | acc_sim = 0.941 | acc_phy = 0.246 
| epoch = 13 | step =    90 | loss_pnn = 2.198 | loss_cn = 0.00341906 | acc_sim = 0.941 | acc_phy = 0.245 
| epoch = 13 | step =   100 | loss_pnn = 2.199 | loss_cn = 0.00341433 | acc_sim = 0.940 | acc_phy = 0.245 
| epoch = 13 | step =   110 | loss_pnn = 2.200 | loss_cn = 0.00341988 | acc_sim = 0.940 | acc_phy = 0.243 
| epoch = 13 | step =   120 | loss_pnn = 2.200 | loss_cn = 0.00341966 | acc_sim = 0.941 | acc_phy = 0.243 
Phy accuracy of the network on 10000 test images: 0.233


Current training epoch: 14, learning rate for pnn: 0.0005, learning rate for SEPN: 0.001
| epoch = 14 | step =    10 | loss_pnn = 2.199 | loss_cn = 0.00338258 | acc_sim = 0.939 | acc_phy = 0.247 
| epoch = 14 | step =    20 | loss_pnn = 2.199 | loss_cn = 0.00336453 | acc_sim = 0.941 | acc_phy = 0.245 
| epoch = 14 | step =    30 | loss_pnn = 2.201 | loss_cn = 0.00338697 | acc_sim = 0.941 | acc_phy = 0.243 
| epoch = 14 | step =    40 | loss_pnn = 2.201 | loss_cn = 0.00338250 | acc_sim = 0.941 | acc_phy = 0.242 
| epoch = 14 | step =    50 | loss_pnn = 2.201 | loss_cn = 0.00338119 | acc_sim = 0.942 | acc_phy = 0.241 
| epoch = 14 | step =    60 | loss_pnn = 2.201 | loss_cn = 0.00337455 | acc_sim = 0.942 | acc_phy = 0.241 
| epoch = 14 | step =    70 | loss_pnn = 2.202 | loss_cn = 0.00337816 | acc_sim = 0.942 | acc_phy = 0.241 
| epoch = 14 | step =    80 | loss_pnn = 2.201 | loss_cn = 0.00338810 | acc_sim = 0.942 | acc_phy = 0.242 
| epoch = 14 | step =    90 | loss_pnn = 2.202 | loss_cn = 0.00337360 | acc_sim = 0.942 | acc_phy = 0.241 
| epoch = 14 | step =   100 | loss_pnn = 2.202 | loss_cn = 0.00338179 | acc_sim = 0.942 | acc_phy = 0.241 
| epoch = 14 | step =   110 | loss_pnn = 2.202 | loss_cn = 0.00336890 | acc_sim = 0.942 | acc_phy = 0.240 
| epoch = 14 | step =   120 | loss_pnn = 2.202 | loss_cn = 0.00336655 | acc_sim = 0.942 | acc_phy = 0.240 
Phy accuracy of the network on 10000 test images: 0.232


Current training epoch: 15, learning rate for pnn: 0.0005, learning rate for SEPN: 0.001
| epoch = 15 | step =    10 | loss_pnn = 2.202 | loss_cn = 0.00322353 | acc_sim = 0.948 | acc_phy = 0.242 
| epoch = 15 | step =    20 | loss_pnn = 2.201 | loss_cn = 0.00324057 | acc_sim = 0.945 | acc_phy = 0.243 
| epoch = 15 | step =    30 | loss_pnn = 2.201 | loss_cn = 0.00326959 | acc_sim = 0.945 | acc_phy = 0.242 
| epoch = 15 | step =    40 | loss_pnn = 2.202 | loss_cn = 0.00330721 | acc_sim = 0.945 | acc_phy = 0.241 
| epoch = 15 | step =    50 | loss_pnn = 2.203 | loss_cn = 0.00332145 | acc_sim = 0.944 | acc_phy = 0.239 
| epoch = 15 | step =    60 | loss_pnn = 2.203 | loss_cn = 0.00332870 | acc_sim = 0.943 | acc_phy = 0.239 
| epoch = 15 | step =    70 | loss_pnn = 2.203 | loss_cn = 0.00332366 | acc_sim = 0.943 | acc_phy = 0.240 
| epoch = 15 | step =    80 | loss_pnn = 2.203 | loss_cn = 0.00333467 | acc_sim = 0.943 | acc_phy = 0.239 
| epoch = 15 | step =    90 | loss_pnn = 2.203 | loss_cn = 0.00333145 | acc_sim = 0.943 | acc_phy = 0.239 
| epoch = 15 | step =   100 | loss_pnn = 2.203 | loss_cn = 0.00332289 | acc_sim = 0.942 | acc_phy = 0.239 
| epoch = 15 | step =   110 | loss_pnn = 2.204 | loss_cn = 0.00331275 | acc_sim = 0.943 | acc_phy = 0.238 
| epoch = 15 | step =   120 | loss_pnn = 2.204 | loss_cn = 0.00331440 | acc_sim = 0.943 | acc_phy = 0.238 
Phy accuracy of the network on 10000 test images: 0.235


Current training epoch: 16, learning rate for pnn: 0.0005, learning rate for SEPN: 0.001
| epoch = 16 | step =    10 | loss_pnn = 2.205 | loss_cn = 0.00334235 | acc_sim = 0.944 | acc_phy = 0.233 
| epoch = 16 | step =    20 | loss_pnn = 2.204 | loss_cn = 0.00326186 | acc_sim = 0.940 | acc_phy = 0.239 
| epoch = 16 | step =    30 | loss_pnn = 2.204 | loss_cn = 0.00324658 | acc_sim = 0.941 | acc_phy = 0.237 
| epoch = 16 | step =    40 | loss_pnn = 2.203 | loss_cn = 0.00324410 | acc_sim = 0.941 | acc_phy = 0.238 
| epoch = 16 | step =    50 | loss_pnn = 2.202 | loss_cn = 0.00323687 | acc_sim = 0.943 | acc_phy = 0.240 
| epoch = 16 | step =    60 | loss_pnn = 2.203 | loss_cn = 0.00322803 | acc_sim = 0.943 | acc_phy = 0.239 
| epoch = 16 | step =    70 | loss_pnn = 2.202 | loss_cn = 0.00322716 | acc_sim = 0.943 | acc_phy = 0.240 
| epoch = 16 | step =    80 | loss_pnn = 2.203 | loss_cn = 0.00321855 | acc_sim = 0.943 | acc_phy = 0.240 
| epoch = 16 | step =    90 | loss_pnn = 2.203 | loss_cn = 0.00322495 | acc_sim = 0.943 | acc_phy = 0.239 
| epoch = 16 | step =   100 | loss_pnn = 2.204 | loss_cn = 0.00322871 | acc_sim = 0.943 | acc_phy = 0.238 
| epoch = 16 | step =   110 | loss_pnn = 2.203 | loss_cn = 0.00323384 | acc_sim = 0.943 | acc_phy = 0.238 
| epoch = 16 | step =   120 | loss_pnn = 2.204 | loss_cn = 0.00323699 | acc_sim = 0.943 | acc_phy = 0.238 
Phy accuracy of the network on 10000 test images: 0.226


Current training epoch: 17, learning rate for pnn: 0.0005, learning rate for SEPN: 0.001
| epoch = 17 | step =    10 | loss_pnn = 2.205 | loss_cn = 0.00325159 | acc_sim = 0.941 | acc_phy = 0.232 
| epoch = 17 | step =    20 | loss_pnn = 2.206 | loss_cn = 0.00330591 | acc_sim = 0.943 | acc_phy = 0.233 
| epoch = 17 | step =    30 | loss_pnn = 2.206 | loss_cn = 0.00326235 | acc_sim = 0.943 | acc_phy = 0.235 
| epoch = 17 | step =    40 | loss_pnn = 2.205 | loss_cn = 0.00326316 | acc_sim = 0.944 | acc_phy = 0.236 
| epoch = 17 | step =    50 | loss_pnn = 2.205 | loss_cn = 0.00325446 | acc_sim = 0.944 | acc_phy = 0.236 
| epoch = 17 | step =    60 | loss_pnn = 2.205 | loss_cn = 0.00324491 | acc_sim = 0.945 | acc_phy = 0.235 
| epoch = 17 | step =    70 | loss_pnn = 2.205 | loss_cn = 0.00325204 | acc_sim = 0.944 | acc_phy = 0.236 
| epoch = 17 | step =    80 | loss_pnn = 2.205 | loss_cn = 0.00325395 | acc_sim = 0.944 | acc_phy = 0.237 
| epoch = 17 | step =    90 | loss_pnn = 2.205 | loss_cn = 0.00325887 | acc_sim = 0.943 | acc_phy = 0.237 
| epoch = 17 | step =   100 | loss_pnn = 2.205 | loss_cn = 0.00326339 | acc_sim = 0.943 | acc_phy = 0.237 
| epoch = 17 | step =   110 | loss_pnn = 2.206 | loss_cn = 0.00325799 | acc_sim = 0.944 | acc_phy = 0.237 
| epoch = 17 | step =   120 | loss_pnn = 2.205 | loss_cn = 0.00324745 | acc_sim = 0.943 | acc_phy = 0.237 
Phy accuracy of the network on 10000 test images: 0.226


Current training epoch: 18, learning rate for pnn: 0.0005, learning rate for SEPN: 0.001
| epoch = 18 | step =    10 | loss_pnn = 2.204 | loss_cn = 0.00312920 | acc_sim = 0.941 | acc_phy = 0.239 
| epoch = 18 | step =    20 | loss_pnn = 2.207 | loss_cn = 0.00315306 | acc_sim = 0.941 | acc_phy = 0.236 
| epoch = 18 | step =    30 | loss_pnn = 2.206 | loss_cn = 0.00316727 | acc_sim = 0.944 | acc_phy = 0.237 
| epoch = 18 | step =    40 | loss_pnn = 2.205 | loss_cn = 0.00318064 | acc_sim = 0.944 | acc_phy = 0.239 
| epoch = 18 | step =    50 | loss_pnn = 2.205 | loss_cn = 0.00318414 | acc_sim = 0.944 | acc_phy = 0.238 
| epoch = 18 | step =    60 | loss_pnn = 2.205 | loss_cn = 0.00317062 | acc_sim = 0.945 | acc_phy = 0.238 
| epoch = 18 | step =    70 | loss_pnn = 2.206 | loss_cn = 0.00317955 | acc_sim = 0.945 | acc_phy = 0.237 
| epoch = 18 | step =    80 | loss_pnn = 2.206 | loss_cn = 0.00318065 | acc_sim = 0.944 | acc_phy = 0.236 
| epoch = 18 | step =    90 | loss_pnn = 2.207 | loss_cn = 0.00316678 | acc_sim = 0.944 | acc_phy = 0.236 
| epoch = 18 | step =   100 | loss_pnn = 2.207 | loss_cn = 0.00316907 | acc_sim = 0.944 | acc_phy = 0.236 
| epoch = 18 | step =   110 | loss_pnn = 2.206 | loss_cn = 0.00317274 | acc_sim = 0.944 | acc_phy = 0.236 
| epoch = 18 | step =   120 | loss_pnn = 2.206 | loss_cn = 0.00317581 | acc_sim = 0.944 | acc_phy = 0.237 
Phy accuracy of the network on 10000 test images: 0.224


Current training epoch: 19, learning rate for pnn: 0.0005, learning rate for SEPN: 0.001
| epoch = 19 | step =    10 | loss_pnn = 2.211 | loss_cn = 0.00319608 | acc_sim = 0.945 | acc_phy = 0.234 
| epoch = 19 | step =    20 | loss_pnn = 2.209 | loss_cn = 0.00315974 | acc_sim = 0.943 | acc_phy = 0.235 
| epoch = 19 | step =    30 | loss_pnn = 2.210 | loss_cn = 0.00317769 | acc_sim = 0.943 | acc_phy = 0.236 
| epoch = 19 | step =    40 | loss_pnn = 2.209 | loss_cn = 0.00316112 | acc_sim = 0.944 | acc_phy = 0.234 
| epoch = 19 | step =    50 | loss_pnn = 2.208 | loss_cn = 0.00316189 | acc_sim = 0.944 | acc_phy = 0.234 
| epoch = 19 | step =    60 | loss_pnn = 2.209 | loss_cn = 0.00315284 | acc_sim = 0.945 | acc_phy = 0.234 
| epoch = 19 | step =    70 | loss_pnn = 2.208 | loss_cn = 0.00316190 | acc_sim = 0.944 | acc_phy = 0.234 
| epoch = 19 | step =    80 | loss_pnn = 2.209 | loss_cn = 0.00315267 | acc_sim = 0.945 | acc_phy = 0.234 
| epoch = 19 | step =    90 | loss_pnn = 2.208 | loss_cn = 0.00316344 | acc_sim = 0.945 | acc_phy = 0.235 
| epoch = 19 | step =   100 | loss_pnn = 2.207 | loss_cn = 0.00316613 | acc_sim = 0.945 | acc_phy = 0.235 
| epoch = 19 | step =   110 | loss_pnn = 2.207 | loss_cn = 0.00316769 | acc_sim = 0.945 | acc_phy = 0.236 
| epoch = 19 | step =   120 | loss_pnn = 2.207 | loss_cn = 0.00316830 | acc_sim = 0.945 | acc_phy = 0.236 
Phy accuracy of the network on 10000 test images: 0.228


Current training epoch: 20, learning rate for pnn: 0.0005, learning rate for SEPN: 0.001
| epoch = 20 | step =    10 | loss_pnn = 2.205 | loss_cn = 0.00312811 | acc_sim = 0.946 | acc_phy = 0.240 
| epoch = 20 | step =    20 | loss_pnn = 2.200 | loss_cn = 0.00309716 | acc_sim = 0.945 | acc_phy = 0.248 
| epoch = 20 | step =    30 | loss_pnn = 2.204 | loss_cn = 0.00310808 | acc_sim = 0.945 | acc_phy = 0.242 
| epoch = 20 | step =    40 | loss_pnn = 2.205 | loss_cn = 0.00306671 | acc_sim = 0.946 | acc_phy = 0.240 
| epoch = 20 | step =    50 | loss_pnn = 2.204 | loss_cn = 0.00306942 | acc_sim = 0.946 | acc_phy = 0.241 
| epoch = 20 | step =    60 | loss_pnn = 2.205 | loss_cn = 0.00307459 | acc_sim = 0.946 | acc_phy = 0.239 
| epoch = 20 | step =    70 | loss_pnn = 2.205 | loss_cn = 0.00307797 | acc_sim = 0.946 | acc_phy = 0.239 
| epoch = 20 | step =    80 | loss_pnn = 2.205 | loss_cn = 0.00310592 | acc_sim = 0.945 | acc_phy = 0.238 
| epoch = 20 | step =    90 | loss_pnn = 2.204 | loss_cn = 0.00309286 | acc_sim = 0.945 | acc_phy = 0.239 
| epoch = 20 | step =   100 | loss_pnn = 2.204 | loss_cn = 0.00311659 | acc_sim = 0.945 | acc_phy = 0.240 
| epoch = 20 | step =   110 | loss_pnn = 2.204 | loss_cn = 0.00311375 | acc_sim = 0.946 | acc_phy = 0.239 
| epoch = 20 | step =   120 | loss_pnn = 2.205 | loss_cn = 0.00312428 | acc_sim = 0.946 | acc_phy = 0.238 
Phy accuracy of the network on 10000 test images: 0.225


Current training epoch: 21, learning rate for pnn: 0.00025, learning rate for SEPN: 0.0005
| epoch = 21 | step =    10 | loss_pnn = 2.207 | loss_cn = 0.00327456 | acc_sim = 0.245 | acc_phy = 0.237 
| epoch = 21 | step =    20 | loss_pnn = 2.210 | loss_cn = 0.00320652 | acc_sim = 0.243 | acc_phy = 0.235 
| epoch = 21 | step =    30 | loss_pnn = 2.208 | loss_cn = 0.00317247 | acc_sim = 0.247 | acc_phy = 0.237 
| epoch = 21 | step =    40 | loss_pnn = 2.208 | loss_cn = 0.00317539 | acc_sim = 0.247 | acc_phy = 0.237 
| epoch = 21 | step =    50 | loss_pnn = 2.208 | loss_cn = 0.00316171 | acc_sim = 0.246 | acc_phy = 0.237 
| epoch = 21 | step =    60 | loss_pnn = 2.207 | loss_cn = 0.00314571 | acc_sim = 0.247 | acc_phy = 0.238 
| epoch = 21 | step =    70 | loss_pnn = 2.206 | loss_cn = 0.00312959 | acc_sim = 0.248 | acc_phy = 0.238 
| epoch = 21 | step =    80 | loss_pnn = 2.207 | loss_cn = 0.00311942 | acc_sim = 0.247 | acc_phy = 0.237 
| epoch = 21 | step =    90 | loss_pnn = 2.206 | loss_cn = 0.00311193 | acc_sim = 0.249 | acc_phy = 0.239 
| epoch = 21 | step =   100 | loss_pnn = 2.206 | loss_cn = 0.00310806 | acc_sim = 0.249 | acc_phy = 0.240 
| epoch = 21 | step =   110 | loss_pnn = 2.205 | loss_cn = 0.00311650 | acc_sim = 0.251 | acc_phy = 0.241 
| epoch = 21 | step =   120 | loss_pnn = 2.204 | loss_cn = 0.00310578 | acc_sim = 0.253 | acc_phy = 0.243 
Phy accuracy of the network on 10000 test images: 0.241


Current training epoch: 22, learning rate for pnn: 0.00025, learning rate for SEPN: 0.0005
| epoch = 22 | step =    10 | loss_pnn = 2.203 | loss_cn = 0.00311724 | acc_sim = 0.256 | acc_phy = 0.246 
| epoch = 22 | step =    20 | loss_pnn = 2.203 | loss_cn = 0.00308015 | acc_sim = 0.260 | acc_phy = 0.247 
| epoch = 22 | step =    30 | loss_pnn = 2.202 | loss_cn = 0.00310656 | acc_sim = 0.260 | acc_phy = 0.248 
| epoch = 22 | step =    40 | loss_pnn = 2.201 | loss_cn = 0.00309037 | acc_sim = 0.261 | acc_phy = 0.249 
| epoch = 22 | step =    50 | loss_pnn = 2.200 | loss_cn = 0.00310812 | acc_sim = 0.263 | acc_phy = 0.251 
| epoch = 22 | step =    60 | loss_pnn = 2.200 | loss_cn = 0.00310222 | acc_sim = 0.265 | acc_phy = 0.253 
| epoch = 22 | step =    70 | loss_pnn = 2.199 | loss_cn = 0.00310441 | acc_sim = 0.265 | acc_phy = 0.253 
| epoch = 22 | step =    80 | loss_pnn = 2.199 | loss_cn = 0.00310224 | acc_sim = 0.265 | acc_phy = 0.253 
| epoch = 22 | step =    90 | loss_pnn = 2.199 | loss_cn = 0.00308744 | acc_sim = 0.265 | acc_phy = 0.253 
| epoch = 22 | step =   100 | loss_pnn = 2.199 | loss_cn = 0.00308329 | acc_sim = 0.265 | acc_phy = 0.253 
| epoch = 22 | step =   110 | loss_pnn = 2.198 | loss_cn = 0.00308144 | acc_sim = 0.266 | acc_phy = 0.254 
| epoch = 22 | step =   120 | loss_pnn = 2.198 | loss_cn = 0.00309588 | acc_sim = 0.266 | acc_phy = 0.255 
Phy accuracy of the network on 10000 test images: 0.252


Current training epoch: 23, learning rate for pnn: 0.00025, learning rate for SEPN: 0.0005
| epoch = 23 | step =    10 | loss_pnn = 2.191 | loss_cn = 0.00309766 | acc_sim = 0.274 | acc_phy = 0.262 
| epoch = 23 | step =    20 | loss_pnn = 2.191 | loss_cn = 0.00307559 | acc_sim = 0.280 | acc_phy = 0.264 
| epoch = 23 | step =    30 | loss_pnn = 2.192 | loss_cn = 0.00311330 | acc_sim = 0.276 | acc_phy = 0.263 
| epoch = 23 | step =    40 | loss_pnn = 2.192 | loss_cn = 0.00309682 | acc_sim = 0.274 | acc_phy = 0.262 
| epoch = 23 | step =    50 | loss_pnn = 2.193 | loss_cn = 0.00310370 | acc_sim = 0.275 | acc_phy = 0.263 
| epoch = 23 | step =    60 | loss_pnn = 2.193 | loss_cn = 0.00310712 | acc_sim = 0.275 | acc_phy = 0.264 
| epoch = 23 | step =    70 | loss_pnn = 2.192 | loss_cn = 0.00312593 | acc_sim = 0.276 | acc_phy = 0.265 
| epoch = 23 | step =    80 | loss_pnn = 2.192 | loss_cn = 0.00314277 | acc_sim = 0.277 | acc_phy = 0.265 
| epoch = 23 | step =    90 | loss_pnn = 2.192 | loss_cn = 0.00313823 | acc_sim = 0.278 | acc_phy = 0.265 
| epoch = 23 | step =   100 | loss_pnn = 2.192 | loss_cn = 0.00314130 | acc_sim = 0.278 | acc_phy = 0.265 
| epoch = 23 | step =   110 | loss_pnn = 2.192 | loss_cn = 0.00314085 | acc_sim = 0.278 | acc_phy = 0.265 
| epoch = 23 | step =   120 | loss_pnn = 2.192 | loss_cn = 0.00314075 | acc_sim = 0.279 | acc_phy = 0.266 
Phy accuracy of the network on 10000 test images: 0.265


Current training epoch: 24, learning rate for pnn: 0.00025, learning rate for SEPN: 0.0005
| epoch = 24 | step =    10 | loss_pnn = 2.184 | loss_cn = 0.00310850 | acc_sim = 0.301 | acc_phy = 0.277 
| epoch = 24 | step =    20 | loss_pnn = 2.189 | loss_cn = 0.00312577 | acc_sim = 0.291 | acc_phy = 0.272 
| epoch = 24 | step =    30 | loss_pnn = 2.190 | loss_cn = 0.00311485 | acc_sim = 0.289 | acc_phy = 0.273 
| epoch = 24 | step =    40 | loss_pnn = 2.189 | loss_cn = 0.00311941 | acc_sim = 0.290 | acc_phy = 0.273 
| epoch = 24 | step =    50 | loss_pnn = 2.189 | loss_cn = 0.00314118 | acc_sim = 0.290 | acc_phy = 0.273 
| epoch = 24 | step =    60 | loss_pnn = 2.189 | loss_cn = 0.00313556 | acc_sim = 0.288 | acc_phy = 0.272 
| epoch = 24 | step =    70 | loss_pnn = 2.188 | loss_cn = 0.00313429 | acc_sim = 0.290 | acc_phy = 0.274 
| epoch = 24 | step =    80 | loss_pnn = 2.188 | loss_cn = 0.00314691 | acc_sim = 0.290 | acc_phy = 0.274 
| epoch = 24 | step =    90 | loss_pnn = 2.187 | loss_cn = 0.00316528 | acc_sim = 0.291 | acc_phy = 0.275 
| epoch = 24 | step =   100 | loss_pnn = 2.187 | loss_cn = 0.00316995 | acc_sim = 0.291 | acc_phy = 0.276 
| epoch = 24 | step =   110 | loss_pnn = 2.187 | loss_cn = 0.00317519 | acc_sim = 0.292 | acc_phy = 0.277 
| epoch = 24 | step =   120 | loss_pnn = 2.186 | loss_cn = 0.00317339 | acc_sim = 0.293 | acc_phy = 0.278 
Phy accuracy of the network on 10000 test images: 0.278


Current training epoch: 25, learning rate for pnn: 0.00025, learning rate for SEPN: 0.0005
| epoch = 25 | step =    10 | loss_pnn = 2.186 | loss_cn = 0.00310196 | acc_sim = 0.300 | acc_phy = 0.280 
| epoch = 25 | step =    20 | loss_pnn = 2.184 | loss_cn = 0.00314222 | acc_sim = 0.302 | acc_phy = 0.282 
| epoch = 25 | step =    30 | loss_pnn = 2.183 | loss_cn = 0.00317877 | acc_sim = 0.302 | acc_phy = 0.283 
| epoch = 25 | step =    40 | loss_pnn = 2.183 | loss_cn = 0.00318917 | acc_sim = 0.301 | acc_phy = 0.283 
| epoch = 25 | step =    50 | loss_pnn = 2.183 | loss_cn = 0.00319844 | acc_sim = 0.301 | acc_phy = 0.283 
| epoch = 25 | step =    60 | loss_pnn = 2.182 | loss_cn = 0.00320240 | acc_sim = 0.302 | acc_phy = 0.286 
| epoch = 25 | step =    70 | loss_pnn = 2.181 | loss_cn = 0.00321352 | acc_sim = 0.304 | acc_phy = 0.288 
| epoch = 25 | step =    80 | loss_pnn = 2.182 | loss_cn = 0.00321424 | acc_sim = 0.303 | acc_phy = 0.287 
| epoch = 25 | step =    90 | loss_pnn = 2.182 | loss_cn = 0.00322428 | acc_sim = 0.303 | acc_phy = 0.287 
| epoch = 25 | step =   100 | loss_pnn = 2.182 | loss_cn = 0.00322709 | acc_sim = 0.303 | acc_phy = 0.288 
| epoch = 25 | step =   110 | loss_pnn = 2.181 | loss_cn = 0.00322833 | acc_sim = 0.305 | acc_phy = 0.289 
| epoch = 25 | step =   120 | loss_pnn = 2.181 | loss_cn = 0.00321785 | acc_sim = 0.305 | acc_phy = 0.290 
Phy accuracy of the network on 10000 test images: 0.289


Current training epoch: 26, learning rate for pnn: 0.00025, learning rate for SEPN: 0.0005
| epoch = 26 | step =    10 | loss_pnn = 2.171 | loss_cn = 0.00313739 | acc_sim = 0.321 | acc_phy = 0.305 
| epoch = 26 | step =    20 | loss_pnn = 2.175 | loss_cn = 0.00318522 | acc_sim = 0.313 | acc_phy = 0.298 
| epoch = 26 | step =    30 | loss_pnn = 2.176 | loss_cn = 0.00318720 | acc_sim = 0.315 | acc_phy = 0.297 
| epoch = 26 | step =    40 | loss_pnn = 2.176 | loss_cn = 0.00319673 | acc_sim = 0.314 | acc_phy = 0.300 
| epoch = 26 | step =    50 | loss_pnn = 2.176 | loss_cn = 0.00321151 | acc_sim = 0.314 | acc_phy = 0.300 
| epoch = 26 | step =    60 | loss_pnn = 2.177 | loss_cn = 0.00324390 | acc_sim = 0.315 | acc_phy = 0.300 
| epoch = 26 | step =    70 | loss_pnn = 2.176 | loss_cn = 0.00323982 | acc_sim = 0.317 | acc_phy = 0.301 
| epoch = 26 | step =    80 | loss_pnn = 2.176 | loss_cn = 0.00324461 | acc_sim = 0.318 | acc_phy = 0.301 
| epoch = 26 | step =    90 | loss_pnn = 2.176 | loss_cn = 0.00324128 | acc_sim = 0.318 | acc_phy = 0.301 
| epoch = 26 | step =   100 | loss_pnn = 2.176 | loss_cn = 0.00324800 | acc_sim = 0.319 | acc_phy = 0.300 
| epoch = 26 | step =   110 | loss_pnn = 2.176 | loss_cn = 0.00324898 | acc_sim = 0.319 | acc_phy = 0.300 
| epoch = 26 | step =   120 | loss_pnn = 2.176 | loss_cn = 0.00324887 | acc_sim = 0.320 | acc_phy = 0.301 
Phy accuracy of the network on 10000 test images: 0.298


Current training epoch: 27, learning rate for pnn: 0.00025, learning rate for SEPN: 0.0005
| epoch = 27 | step =    10 | loss_pnn = 2.179 | loss_cn = 0.00321261 | acc_sim = 0.323 | acc_phy = 0.298 
| epoch = 27 | step =    20 | loss_pnn = 2.177 | loss_cn = 0.00327611 | acc_sim = 0.324 | acc_phy = 0.302 
| epoch = 27 | step =    30 | loss_pnn = 2.174 | loss_cn = 0.00324839 | acc_sim = 0.328 | acc_phy = 0.303 
| epoch = 27 | step =    40 | loss_pnn = 2.173 | loss_cn = 0.00322151 | acc_sim = 0.328 | acc_phy = 0.306 
| epoch = 27 | step =    50 | loss_pnn = 2.173 | loss_cn = 0.00320620 | acc_sim = 0.329 | acc_phy = 0.307 
| epoch = 27 | step =    60 | loss_pnn = 2.173 | loss_cn = 0.00321239 | acc_sim = 0.328 | acc_phy = 0.307 
| epoch = 27 | step =    70 | loss_pnn = 2.173 | loss_cn = 0.00323169 | acc_sim = 0.329 | acc_phy = 0.307 
| epoch = 27 | step =    80 | loss_pnn = 2.173 | loss_cn = 0.00324195 | acc_sim = 0.327 | acc_phy = 0.306 
| epoch = 27 | step =    90 | loss_pnn = 2.173 | loss_cn = 0.00323910 | acc_sim = 0.328 | acc_phy = 0.306 
| epoch = 27 | step =   100 | loss_pnn = 2.173 | loss_cn = 0.00324406 | acc_sim = 0.329 | acc_phy = 0.308 
| epoch = 27 | step =   110 | loss_pnn = 2.172 | loss_cn = 0.00324415 | acc_sim = 0.330 | acc_phy = 0.309 
| epoch = 27 | step =   120 | loss_pnn = 2.171 | loss_cn = 0.00324754 | acc_sim = 0.331 | acc_phy = 0.309 
Phy accuracy of the network on 10000 test images: 0.308


Current training epoch: 28, learning rate for pnn: 0.00025, learning rate for SEPN: 0.0005
| epoch = 28 | step =    10 | loss_pnn = 2.174 | loss_cn = 0.00328102 | acc_sim = 0.332 | acc_phy = 0.309 
| epoch = 28 | step =    20 | loss_pnn = 2.168 | loss_cn = 0.00321702 | acc_sim = 0.337 | acc_phy = 0.318 
| epoch = 28 | step =    30 | loss_pnn = 2.169 | loss_cn = 0.00321977 | acc_sim = 0.335 | acc_phy = 0.315 
| epoch = 28 | step =    40 | loss_pnn = 2.168 | loss_cn = 0.00320110 | acc_sim = 0.339 | acc_phy = 0.318 
| epoch = 28 | step =    50 | loss_pnn = 2.168 | loss_cn = 0.00321997 | acc_sim = 0.339 | acc_phy = 0.319 
| epoch = 28 | step =    60 | loss_pnn = 2.168 | loss_cn = 0.00321659 | acc_sim = 0.338 | acc_phy = 0.318 
| epoch = 28 | step =    70 | loss_pnn = 2.168 | loss_cn = 0.00324818 | acc_sim = 0.338 | acc_phy = 0.318 
| epoch = 28 | step =    80 | loss_pnn = 2.168 | loss_cn = 0.00326040 | acc_sim = 0.338 | acc_phy = 0.318 
| epoch = 28 | step =    90 | loss_pnn = 2.168 | loss_cn = 0.00327060 | acc_sim = 0.339 | acc_phy = 0.318 
| epoch = 28 | step =   100 | loss_pnn = 2.168 | loss_cn = 0.00327933 | acc_sim = 0.339 | acc_phy = 0.317 
| epoch = 28 | step =   110 | loss_pnn = 2.168 | loss_cn = 0.00328564 | acc_sim = 0.339 | acc_phy = 0.317 
| epoch = 28 | step =   120 | loss_pnn = 2.167 | loss_cn = 0.00327538 | acc_sim = 0.340 | acc_phy = 0.318 
Phy accuracy of the network on 10000 test images: 0.313


Current training epoch: 29, learning rate for pnn: 0.00025, learning rate for SEPN: 0.0005
| epoch = 29 | step =    10 | loss_pnn = 2.169 | loss_cn = 0.00324351 | acc_sim = 0.340 | acc_phy = 0.318 
| epoch = 29 | step =    20 | loss_pnn = 2.168 | loss_cn = 0.00325458 | acc_sim = 0.338 | acc_phy = 0.320 
| epoch = 29 | step =    30 | loss_pnn = 2.165 | loss_cn = 0.00323021 | acc_sim = 0.344 | acc_phy = 0.324 
| epoch = 29 | step =    40 | loss_pnn = 2.165 | loss_cn = 0.00320698 | acc_sim = 0.345 | acc_phy = 0.323 
| epoch = 29 | step =    50 | loss_pnn = 2.166 | loss_cn = 0.00322088 | acc_sim = 0.344 | acc_phy = 0.322 
| epoch = 29 | step =    60 | loss_pnn = 2.165 | loss_cn = 0.00324146 | acc_sim = 0.346 | acc_phy = 0.324 
| epoch = 29 | step =    70 | loss_pnn = 2.164 | loss_cn = 0.00322791 | acc_sim = 0.347 | acc_phy = 0.324 
| epoch = 29 | step =    80 | loss_pnn = 2.164 | loss_cn = 0.00324058 | acc_sim = 0.347 | acc_phy = 0.324 
| epoch = 29 | step =    90 | loss_pnn = 2.163 | loss_cn = 0.00325401 | acc_sim = 0.348 | acc_phy = 0.325 
| epoch = 29 | step =   100 | loss_pnn = 2.163 | loss_cn = 0.00326248 | acc_sim = 0.348 | acc_phy = 0.326 
| epoch = 29 | step =   110 | loss_pnn = 2.163 | loss_cn = 0.00327951 | acc_sim = 0.347 | acc_phy = 0.325 
| epoch = 29 | step =   120 | loss_pnn = 2.164 | loss_cn = 0.00328854 | acc_sim = 0.346 | acc_phy = 0.324 
Phy accuracy of the network on 10000 test images: 0.321


Current training epoch: 30, learning rate for pnn: 0.00025, learning rate for SEPN: 0.0005
| epoch = 30 | step =    10 | loss_pnn = 2.165 | loss_cn = 0.00340941 | acc_sim = 0.342 | acc_phy = 0.321 
| epoch = 30 | step =    20 | loss_pnn = 2.166 | loss_cn = 0.00335124 | acc_sim = 0.346 | acc_phy = 0.321 
| epoch = 30 | step =    30 | loss_pnn = 2.164 | loss_cn = 0.00332071 | acc_sim = 0.352 | acc_phy = 0.326 
| epoch = 30 | step =    40 | loss_pnn = 2.164 | loss_cn = 0.00331294 | acc_sim = 0.351 | acc_phy = 0.326 
| epoch = 30 | step =    50 | loss_pnn = 2.163 | loss_cn = 0.00330102 | acc_sim = 0.353 | acc_phy = 0.328 
| epoch = 30 | step =    60 | loss_pnn = 2.164 | loss_cn = 0.00330864 | acc_sim = 0.353 | acc_phy = 0.327 
| epoch = 30 | step =    70 | loss_pnn = 2.163 | loss_cn = 0.00331204 | acc_sim = 0.351 | acc_phy = 0.327 
| epoch = 30 | step =    80 | loss_pnn = 2.163 | loss_cn = 0.00331230 | acc_sim = 0.352 | acc_phy = 0.328 
| epoch = 30 | step =    90 | loss_pnn = 2.162 | loss_cn = 0.00329290 | acc_sim = 0.353 | acc_phy = 0.330 
| epoch = 30 | step =   100 | loss_pnn = 2.161 | loss_cn = 0.00327870 | acc_sim = 0.354 | acc_phy = 0.330 
| epoch = 30 | step =   110 | loss_pnn = 2.161 | loss_cn = 0.00327680 | acc_sim = 0.354 | acc_phy = 0.330 
| epoch = 30 | step =   120 | loss_pnn = 2.161 | loss_cn = 0.00328061 | acc_sim = 0.354 | acc_phy = 0.330 
Phy accuracy of the network on 10000 test images: 0.326


Current training epoch: 31, learning rate for pnn: 0.000125, learning rate for SEPN: 0.0005
| epoch = 31 | step =    10 | loss_pnn = 2.159 | loss_cn = 0.00314617 | acc_sim = 0.358 | acc_phy = 0.336 
| epoch = 31 | step =    20 | loss_pnn = 2.158 | loss_cn = 0.00321977 | acc_sim = 0.359 | acc_phy = 0.336 
| epoch = 31 | step =    30 | loss_pnn = 2.161 | loss_cn = 0.00321412 | acc_sim = 0.358 | acc_phy = 0.333 
| epoch = 31 | step =    40 | loss_pnn = 2.162 | loss_cn = 0.00322186 | acc_sim = 0.356 | acc_phy = 0.331 
| epoch = 31 | step =    50 | loss_pnn = 2.161 | loss_cn = 0.00322379 | acc_sim = 0.356 | acc_phy = 0.331 
| epoch = 31 | step =    60 | loss_pnn = 2.161 | loss_cn = 0.00322059 | acc_sim = 0.356 | acc_phy = 0.332 
| epoch = 31 | step =    70 | loss_pnn = 2.161 | loss_cn = 0.00323085 | acc_sim = 0.357 | acc_phy = 0.332 
| epoch = 31 | step =    80 | loss_pnn = 2.161 | loss_cn = 0.00322874 | acc_sim = 0.357 | acc_phy = 0.333 
| epoch = 31 | step =    90 | loss_pnn = 2.160 | loss_cn = 0.00322707 | acc_sim = 0.357 | acc_phy = 0.333 
| epoch = 31 | step =   100 | loss_pnn = 2.161 | loss_cn = 0.00321991 | acc_sim = 0.357 | acc_phy = 0.333 
| epoch = 31 | step =   110 | loss_pnn = 2.161 | loss_cn = 0.00321263 | acc_sim = 0.356 | acc_phy = 0.332 
| epoch = 31 | step =   120 | loss_pnn = 2.160 | loss_cn = 0.00322063 | acc_sim = 0.357 | acc_phy = 0.333 
Phy accuracy of the network on 10000 test images: 0.328


Current training epoch: 32, learning rate for pnn: 0.000125, learning rate for SEPN: 0.0005
| epoch = 32 | step =    10 | loss_pnn = 2.162 | loss_cn = 0.00313612 | acc_sim = 0.356 | acc_phy = 0.333 
| epoch = 32 | step =    20 | loss_pnn = 2.162 | loss_cn = 0.00315372 | acc_sim = 0.353 | acc_phy = 0.333 
| epoch = 32 | step =    30 | loss_pnn = 2.161 | loss_cn = 0.00315427 | acc_sim = 0.357 | acc_phy = 0.333 
| epoch = 32 | step =    40 | loss_pnn = 2.161 | loss_cn = 0.00316962 | acc_sim = 0.358 | acc_phy = 0.333 
| epoch = 32 | step =    50 | loss_pnn = 2.160 | loss_cn = 0.00315611 | acc_sim = 0.359 | acc_phy = 0.333 
| epoch = 32 | step =    60 | loss_pnn = 2.159 | loss_cn = 0.00315562 | acc_sim = 0.360 | acc_phy = 0.335 
| epoch = 32 | step =    70 | loss_pnn = 2.160 | loss_cn = 0.00315618 | acc_sim = 0.359 | acc_phy = 0.333 
| epoch = 32 | step =    80 | loss_pnn = 2.160 | loss_cn = 0.00317043 | acc_sim = 0.359 | acc_phy = 0.335 
| epoch = 32 | step =    90 | loss_pnn = 2.159 | loss_cn = 0.00317294 | acc_sim = 0.360 | acc_phy = 0.336 
| epoch = 32 | step =   100 | loss_pnn = 2.160 | loss_cn = 0.00317914 | acc_sim = 0.359 | acc_phy = 0.335 
| epoch = 32 | step =   110 | loss_pnn = 2.160 | loss_cn = 0.00317492 | acc_sim = 0.359 | acc_phy = 0.335 
| epoch = 32 | step =   120 | loss_pnn = 2.160 | loss_cn = 0.00317884 | acc_sim = 0.358 | acc_phy = 0.335 
Phy accuracy of the network on 10000 test images: 0.330


Current training epoch: 33, learning rate for pnn: 0.000125, learning rate for SEPN: 0.0005
| epoch = 33 | step =    10 | loss_pnn = 2.159 | loss_cn = 0.00315880 | acc_sim = 0.355 | acc_phy = 0.330 
| epoch = 33 | step =    20 | loss_pnn = 2.159 | loss_cn = 0.00314661 | acc_sim = 0.353 | acc_phy = 0.330 
| epoch = 33 | step =    30 | loss_pnn = 2.160 | loss_cn = 0.00313978 | acc_sim = 0.353 | acc_phy = 0.333 
| epoch = 33 | step =    40 | loss_pnn = 2.161 | loss_cn = 0.00313577 | acc_sim = 0.352 | acc_phy = 0.331 
| epoch = 33 | step =    50 | loss_pnn = 2.161 | loss_cn = 0.00312865 | acc_sim = 0.353 | acc_phy = 0.330 
| epoch = 33 | step =    60 | loss_pnn = 2.161 | loss_cn = 0.00312266 | acc_sim = 0.354 | acc_phy = 0.331 
| epoch = 33 | step =    70 | loss_pnn = 2.162 | loss_cn = 0.00312893 | acc_sim = 0.354 | acc_phy = 0.332 
| epoch = 33 | step =    80 | loss_pnn = 2.161 | loss_cn = 0.00313260 | acc_sim = 0.356 | acc_phy = 0.333 
| epoch = 33 | step =    90 | loss_pnn = 2.161 | loss_cn = 0.00314188 | acc_sim = 0.356 | acc_phy = 0.334 
| epoch = 33 | step =   100 | loss_pnn = 2.160 | loss_cn = 0.00314052 | acc_sim = 0.357 | acc_phy = 0.334 
| epoch = 33 | step =   110 | loss_pnn = 2.160 | loss_cn = 0.00313963 | acc_sim = 0.357 | acc_phy = 0.335 
| epoch = 33 | step =   120 | loss_pnn = 2.160 | loss_cn = 0.00314290 | acc_sim = 0.357 | acc_phy = 0.335 
Phy accuracy of the network on 10000 test images: 0.332


Current training epoch: 34, learning rate for pnn: 0.000125, learning rate for SEPN: 0.0005
| epoch = 34 | step =    10 | loss_pnn = 2.157 | loss_cn = 0.00318218 | acc_sim = 0.355 | acc_phy = 0.337 
| epoch = 34 | step =    20 | loss_pnn = 2.160 | loss_cn = 0.00315408 | acc_sim = 0.357 | acc_phy = 0.335 
| epoch = 34 | step =    30 | loss_pnn = 2.160 | loss_cn = 0.00318077 | acc_sim = 0.356 | acc_phy = 0.334 
| epoch = 34 | step =    40 | loss_pnn = 2.160 | loss_cn = 0.00317468 | acc_sim = 0.357 | acc_phy = 0.334 
| epoch = 34 | step =    50 | loss_pnn = 2.161 | loss_cn = 0.00315003 | acc_sim = 0.355 | acc_phy = 0.334 
| epoch = 34 | step =    60 | loss_pnn = 2.161 | loss_cn = 0.00316175 | acc_sim = 0.355 | acc_phy = 0.333 
| epoch = 34 | step =    70 | loss_pnn = 2.160 | loss_cn = 0.00316507 | acc_sim = 0.357 | acc_phy = 0.335 
| epoch = 34 | step =    80 | loss_pnn = 2.160 | loss_cn = 0.00314459 | acc_sim = 0.356 | acc_phy = 0.335 
| epoch = 34 | step =    90 | loss_pnn = 2.160 | loss_cn = 0.00314420 | acc_sim = 0.356 | acc_phy = 0.335 
| epoch = 34 | step =   100 | loss_pnn = 2.160 | loss_cn = 0.00314155 | acc_sim = 0.356 | acc_phy = 0.336 
| epoch = 34 | step =   110 | loss_pnn = 2.160 | loss_cn = 0.00313336 | acc_sim = 0.356 | acc_phy = 0.336 
| epoch = 34 | step =   120 | loss_pnn = 2.160 | loss_cn = 0.00313173 | acc_sim = 0.356 | acc_phy = 0.335 
Phy accuracy of the network on 10000 test images: 0.332


Current training epoch: 35, learning rate for pnn: 0.000125, learning rate for SEPN: 0.0005
| epoch = 35 | step =    10 | loss_pnn = 2.157 | loss_cn = 0.00303148 | acc_sim = 0.367 | acc_phy = 0.336 
| epoch = 35 | step =    20 | loss_pnn = 2.159 | loss_cn = 0.00304604 | acc_sim = 0.364 | acc_phy = 0.335 
| epoch = 35 | step =    30 | loss_pnn = 2.160 | loss_cn = 0.00305273 | acc_sim = 0.361 | acc_phy = 0.336 
| epoch = 35 | step =    40 | loss_pnn = 2.160 | loss_cn = 0.00306961 | acc_sim = 0.361 | acc_phy = 0.336 
| epoch = 35 | step =    50 | loss_pnn = 2.159 | loss_cn = 0.00306078 | acc_sim = 0.360 | acc_phy = 0.336 
| epoch = 35 | step =    60 | loss_pnn = 2.160 | loss_cn = 0.00306547 | acc_sim = 0.359 | acc_phy = 0.334 
| epoch = 35 | step =    70 | loss_pnn = 2.160 | loss_cn = 0.00307216 | acc_sim = 0.357 | acc_phy = 0.334 
| epoch = 35 | step =    80 | loss_pnn = 2.161 | loss_cn = 0.00307942 | acc_sim = 0.356 | acc_phy = 0.333 
| epoch = 35 | step =    90 | loss_pnn = 2.162 | loss_cn = 0.00307531 | acc_sim = 0.355 | acc_phy = 0.333 
| epoch = 35 | step =   100 | loss_pnn = 2.161 | loss_cn = 0.00306711 | acc_sim = 0.356 | acc_phy = 0.334 
| epoch = 35 | step =   110 | loss_pnn = 2.161 | loss_cn = 0.00306599 | acc_sim = 0.356 | acc_phy = 0.334 
| epoch = 35 | step =   120 | loss_pnn = 2.161 | loss_cn = 0.00307788 | acc_sim = 0.357 | acc_phy = 0.335 
Phy accuracy of the network on 10000 test images: 0.332


Current training epoch: 36, learning rate for pnn: 0.000125, learning rate for SEPN: 0.0005
| epoch = 36 | step =    10 | loss_pnn = 2.167 | loss_cn = 0.00315760 | acc_sim = 0.344 | acc_phy = 0.326 
| epoch = 36 | step =    20 | loss_pnn = 2.161 | loss_cn = 0.00309100 | acc_sim = 0.356 | acc_phy = 0.336 
| epoch = 36 | step =    30 | loss_pnn = 2.161 | loss_cn = 0.00307440 | acc_sim = 0.354 | acc_phy = 0.334 
| epoch = 36 | step =    40 | loss_pnn = 2.162 | loss_cn = 0.00307497 | acc_sim = 0.353 | acc_phy = 0.335 
| epoch = 36 | step =    50 | loss_pnn = 2.164 | loss_cn = 0.00305197 | acc_sim = 0.350 | acc_phy = 0.332 
| epoch = 36 | step =    60 | loss_pnn = 2.164 | loss_cn = 0.00306528 | acc_sim = 0.352 | acc_phy = 0.332 
| epoch = 36 | step =    70 | loss_pnn = 2.163 | loss_cn = 0.00305541 | acc_sim = 0.353 | acc_phy = 0.333 
| epoch = 36 | step =    80 | loss_pnn = 2.162 | loss_cn = 0.00305661 | acc_sim = 0.354 | acc_phy = 0.333 
| epoch = 36 | step =    90 | loss_pnn = 2.162 | loss_cn = 0.00306930 | acc_sim = 0.354 | acc_phy = 0.333 
| epoch = 36 | step =   100 | loss_pnn = 2.162 | loss_cn = 0.00306293 | acc_sim = 0.354 | acc_phy = 0.334 
| epoch = 36 | step =   110 | loss_pnn = 2.162 | loss_cn = 0.00306371 | acc_sim = 0.354 | acc_phy = 0.334 
| epoch = 36 | step =   120 | loss_pnn = 2.162 | loss_cn = 0.00306327 | acc_sim = 0.354 | acc_phy = 0.334 
Phy accuracy of the network on 10000 test images: 0.330


Current training epoch: 37, learning rate for pnn: 0.000125, learning rate for SEPN: 0.0005
| epoch = 37 | step =    10 | loss_pnn = 2.159 | loss_cn = 0.00300117 | acc_sim = 0.355 | acc_phy = 0.341 
| epoch = 37 | step =    20 | loss_pnn = 2.164 | loss_cn = 0.00303147 | acc_sim = 0.346 | acc_phy = 0.329 
| epoch = 37 | step =    30 | loss_pnn = 2.166 | loss_cn = 0.00306034 | acc_sim = 0.345 | acc_phy = 0.327 
| epoch = 37 | step =    40 | loss_pnn = 2.163 | loss_cn = 0.00304887 | acc_sim = 0.349 | acc_phy = 0.332 
| epoch = 37 | step =    50 | loss_pnn = 2.163 | loss_cn = 0.00305641 | acc_sim = 0.350 | acc_phy = 0.332 
| epoch = 37 | step =    60 | loss_pnn = 2.163 | loss_cn = 0.00305646 | acc_sim = 0.350 | acc_phy = 0.332 
| epoch = 37 | step =    70 | loss_pnn = 2.163 | loss_cn = 0.00304930 | acc_sim = 0.351 | acc_phy = 0.332 
| epoch = 37 | step =    80 | loss_pnn = 2.162 | loss_cn = 0.00305564 | acc_sim = 0.352 | acc_phy = 0.333 
| epoch = 37 | step =    90 | loss_pnn = 2.162 | loss_cn = 0.00306315 | acc_sim = 0.353 | acc_phy = 0.333 
| epoch = 37 | step =   100 | loss_pnn = 2.162 | loss_cn = 0.00306564 | acc_sim = 0.352 | acc_phy = 0.334 
| epoch = 37 | step =   110 | loss_pnn = 2.162 | loss_cn = 0.00306599 | acc_sim = 0.352 | acc_phy = 0.333 
| epoch = 37 | step =   120 | loss_pnn = 2.162 | loss_cn = 0.00306657 | acc_sim = 0.352 | acc_phy = 0.333 
Phy accuracy of the network on 10000 test images: 0.330


Current training epoch: 38, learning rate for pnn: 0.000125, learning rate for SEPN: 0.0005
| epoch = 38 | step =    10 | loss_pnn = 2.157 | loss_cn = 0.00309303 | acc_sim = 0.355 | acc_phy = 0.341 
| epoch = 38 | step =    20 | loss_pnn = 2.159 | loss_cn = 0.00304730 | acc_sim = 0.351 | acc_phy = 0.338 
| epoch = 38 | step =    30 | loss_pnn = 2.163 | loss_cn = 0.00305053 | acc_sim = 0.349 | acc_phy = 0.335 
| epoch = 38 | step =    40 | loss_pnn = 2.163 | loss_cn = 0.00304919 | acc_sim = 0.348 | acc_phy = 0.333 
| epoch = 38 | step =    50 | loss_pnn = 2.162 | loss_cn = 0.00305022 | acc_sim = 0.350 | acc_phy = 0.335 
| epoch = 38 | step =    60 | loss_pnn = 2.162 | loss_cn = 0.00305881 | acc_sim = 0.350 | acc_phy = 0.334 
| epoch = 38 | step =    70 | loss_pnn = 2.163 | loss_cn = 0.00306165 | acc_sim = 0.350 | acc_phy = 0.333 
| epoch = 38 | step =    80 | loss_pnn = 2.163 | loss_cn = 0.00306258 | acc_sim = 0.349 | acc_phy = 0.333 
| epoch = 38 | step =    90 | loss_pnn = 2.163 | loss_cn = 0.00305723 | acc_sim = 0.348 | acc_phy = 0.333 
| epoch = 38 | step =   100 | loss_pnn = 2.163 | loss_cn = 0.00305758 | acc_sim = 0.348 | acc_phy = 0.333 
| epoch = 38 | step =   110 | loss_pnn = 2.163 | loss_cn = 0.00305375 | acc_sim = 0.348 | acc_phy = 0.333 
| epoch = 38 | step =   120 | loss_pnn = 2.163 | loss_cn = 0.00304969 | acc_sim = 0.348 | acc_phy = 0.332 
Phy accuracy of the network on 10000 test images: 0.330


Current training epoch: 39, learning rate for pnn: 0.000125, learning rate for SEPN: 0.0005
| epoch = 39 | step =    10 | loss_pnn = 2.165 | loss_cn = 0.00298909 | acc_sim = 0.349 | acc_phy = 0.334 
| epoch = 39 | step =    20 | loss_pnn = 2.163 | loss_cn = 0.00299351 | acc_sim = 0.351 | acc_phy = 0.333 
| epoch = 39 | step =    30 | loss_pnn = 2.162 | loss_cn = 0.00299641 | acc_sim = 0.349 | acc_phy = 0.334 
| epoch = 39 | step =    40 | loss_pnn = 2.163 | loss_cn = 0.00299231 | acc_sim = 0.347 | acc_phy = 0.333 
| epoch = 39 | step =    50 | loss_pnn = 2.163 | loss_cn = 0.00298660 | acc_sim = 0.348 | acc_phy = 0.333 
| epoch = 39 | step =    60 | loss_pnn = 2.163 | loss_cn = 0.00299773 | acc_sim = 0.347 | acc_phy = 0.333 
| epoch = 39 | step =    70 | loss_pnn = 2.163 | loss_cn = 0.00300562 | acc_sim = 0.347 | acc_phy = 0.333 
| epoch = 39 | step =    80 | loss_pnn = 2.163 | loss_cn = 0.00301196 | acc_sim = 0.347 | acc_phy = 0.334 
| epoch = 39 | step =    90 | loss_pnn = 2.163 | loss_cn = 0.00300655 | acc_sim = 0.347 | acc_phy = 0.334 
| epoch = 39 | step =   100 | loss_pnn = 2.164 | loss_cn = 0.00300536 | acc_sim = 0.346 | acc_phy = 0.333 
| epoch = 39 | step =   110 | loss_pnn = 2.164 | loss_cn = 0.00300686 | acc_sim = 0.346 | acc_phy = 0.332 
| epoch = 39 | step =   120 | loss_pnn = 2.164 | loss_cn = 0.00300980 | acc_sim = 0.346 | acc_phy = 0.332 
Phy accuracy of the network on 10000 test images: 0.329


Current training epoch: 40, learning rate for pnn: 0.000125, learning rate for SEPN: 0.0005
| epoch = 40 | step =    10 | loss_pnn = 2.163 | loss_cn = 0.00302302 | acc_sim = 0.351 | acc_phy = 0.339 
| epoch = 40 | step =    20 | loss_pnn = 2.163 | loss_cn = 0.00297335 | acc_sim = 0.351 | acc_phy = 0.335 
| epoch = 40 | step =    30 | loss_pnn = 2.165 | loss_cn = 0.00296437 | acc_sim = 0.345 | acc_phy = 0.331 
| epoch = 40 | step =    40 | loss_pnn = 2.164 | loss_cn = 0.00297591 | acc_sim = 0.347 | acc_phy = 0.332 
| epoch = 40 | step =    50 | loss_pnn = 2.166 | loss_cn = 0.00297975 | acc_sim = 0.344 | acc_phy = 0.329 
| epoch = 40 | step =    60 | loss_pnn = 2.164 | loss_cn = 0.00299076 | acc_sim = 0.345 | acc_phy = 0.331 
| epoch = 40 | step =    70 | loss_pnn = 2.165 | loss_cn = 0.00300122 | acc_sim = 0.344 | acc_phy = 0.330 
| epoch = 40 | step =    80 | loss_pnn = 2.166 | loss_cn = 0.00301438 | acc_sim = 0.344 | acc_phy = 0.330 
| epoch = 40 | step =    90 | loss_pnn = 2.165 | loss_cn = 0.00301690 | acc_sim = 0.345 | acc_phy = 0.331 
| epoch = 40 | step =   100 | loss_pnn = 2.164 | loss_cn = 0.00301449 | acc_sim = 0.346 | acc_phy = 0.333 
| epoch = 40 | step =   110 | loss_pnn = 2.164 | loss_cn = 0.00301221 | acc_sim = 0.346 | acc_phy = 0.333 
| epoch = 40 | step =   120 | loss_pnn = 2.165 | loss_cn = 0.00302256 | acc_sim = 0.345 | acc_phy = 0.332 
Phy accuracy of the network on 10000 test images: 0.329


Current training epoch: 41, learning rate for pnn: 6.25e-05, learning rate for SEPN: 0.00025
| epoch = 41 | step =    10 | loss_pnn = 2.171 | loss_cn = 0.00296757 | acc_sim = 0.334 | acc_phy = 0.322 
| epoch = 41 | step =    20 | loss_pnn = 2.166 | loss_cn = 0.00298391 | acc_sim = 0.343 | acc_phy = 0.331 
| epoch = 41 | step =    30 | loss_pnn = 2.166 | loss_cn = 0.00299957 | acc_sim = 0.342 | acc_phy = 0.330 
| epoch = 41 | step =    40 | loss_pnn = 2.167 | loss_cn = 0.00298863 | acc_sim = 0.343 | acc_phy = 0.330 
| epoch = 41 | step =    50 | loss_pnn = 2.166 | loss_cn = 0.00297802 | acc_sim = 0.344 | acc_phy = 0.331 
| epoch = 41 | step =    60 | loss_pnn = 2.166 | loss_cn = 0.00296825 | acc_sim = 0.343 | acc_phy = 0.330 
| epoch = 41 | step =    70 | loss_pnn = 2.166 | loss_cn = 0.00296856 | acc_sim = 0.343 | acc_phy = 0.330 
| epoch = 41 | step =    80 | loss_pnn = 2.166 | loss_cn = 0.00296967 | acc_sim = 0.345 | acc_phy = 0.331 
| epoch = 41 | step =    90 | loss_pnn = 2.166 | loss_cn = 0.00296340 | acc_sim = 0.345 | acc_phy = 0.331 
| epoch = 41 | step =   100 | loss_pnn = 2.166 | loss_cn = 0.00296789 | acc_sim = 0.343 | acc_phy = 0.330 
| epoch = 41 | step =   110 | loss_pnn = 2.166 | loss_cn = 0.00296666 | acc_sim = 0.345 | acc_phy = 0.330 
| epoch = 41 | step =   120 | loss_pnn = 2.165 | loss_cn = 0.00296009 | acc_sim = 0.346 | acc_phy = 0.332 
Phy accuracy of the network on 10000 test images: 0.329


Current training epoch: 42, learning rate for pnn: 6.25e-05, learning rate for SEPN: 0.00025
| epoch = 42 | step =    10 | loss_pnn = 2.169 | loss_cn = 0.00291931 | acc_sim = 0.343 | acc_phy = 0.330 
| epoch = 42 | step =    20 | loss_pnn = 2.172 | loss_cn = 0.00293387 | acc_sim = 0.338 | acc_phy = 0.321 
| epoch = 42 | step =    30 | loss_pnn = 2.170 | loss_cn = 0.00293009 | acc_sim = 0.342 | acc_phy = 0.324 
| epoch = 42 | step =    40 | loss_pnn = 2.169 | loss_cn = 0.00293571 | acc_sim = 0.343 | acc_phy = 0.326 
| epoch = 42 | step =    50 | loss_pnn = 2.169 | loss_cn = 0.00294958 | acc_sim = 0.342 | acc_phy = 0.326 
| epoch = 42 | step =    60 | loss_pnn = 2.169 | loss_cn = 0.00295005 | acc_sim = 0.342 | acc_phy = 0.327 
| epoch = 42 | step =    70 | loss_pnn = 2.168 | loss_cn = 0.00295680 | acc_sim = 0.342 | acc_phy = 0.327 
| epoch = 42 | step =    80 | loss_pnn = 2.168 | loss_cn = 0.00296369 | acc_sim = 0.341 | acc_phy = 0.328 
| epoch = 42 | step =    90 | loss_pnn = 2.167 | loss_cn = 0.00295598 | acc_sim = 0.344 | acc_phy = 0.329 
| epoch = 42 | step =   100 | loss_pnn = 2.166 | loss_cn = 0.00295820 | acc_sim = 0.344 | acc_phy = 0.331 
| epoch = 42 | step =   110 | loss_pnn = 2.166 | loss_cn = 0.00296087 | acc_sim = 0.345 | acc_phy = 0.331 
| epoch = 42 | step =   120 | loss_pnn = 2.165 | loss_cn = 0.00295806 | acc_sim = 0.345 | acc_phy = 0.332 
Phy accuracy of the network on 10000 test images: 0.330


Current training epoch: 43, learning rate for pnn: 6.25e-05, learning rate for SEPN: 0.00025
| epoch = 43 | step =    10 | loss_pnn = 2.165 | loss_cn = 0.00295303 | acc_sim = 0.353 | acc_phy = 0.335 
| epoch = 43 | step =    20 | loss_pnn = 2.164 | loss_cn = 0.00294546 | acc_sim = 0.350 | acc_phy = 0.337 
| epoch = 43 | step =    30 | loss_pnn = 2.166 | loss_cn = 0.00294799 | acc_sim = 0.346 | acc_phy = 0.334 
| epoch = 43 | step =    40 | loss_pnn = 2.165 | loss_cn = 0.00298065 | acc_sim = 0.346 | acc_phy = 0.334 
| epoch = 43 | step =    50 | loss_pnn = 2.165 | loss_cn = 0.00298238 | acc_sim = 0.347 | acc_phy = 0.334 
| epoch = 43 | step =    60 | loss_pnn = 2.165 | loss_cn = 0.00297976 | acc_sim = 0.346 | acc_phy = 0.332 
| epoch = 43 | step =    70 | loss_pnn = 2.165 | loss_cn = 0.00296803 | acc_sim = 0.345 | acc_phy = 0.332 
| epoch = 43 | step =    80 | loss_pnn = 2.165 | loss_cn = 0.00296464 | acc_sim = 0.346 | acc_phy = 0.332 
| epoch = 43 | step =    90 | loss_pnn = 2.165 | loss_cn = 0.00296686 | acc_sim = 0.347 | acc_phy = 0.333 
| epoch = 43 | step =   100 | loss_pnn = 2.166 | loss_cn = 0.00297447 | acc_sim = 0.345 | acc_phy = 0.331 
| epoch = 43 | step =   110 | loss_pnn = 2.166 | loss_cn = 0.00297132 | acc_sim = 0.345 | acc_phy = 0.332 
| epoch = 43 | step =   120 | loss_pnn = 2.166 | loss_cn = 0.00296027 | acc_sim = 0.346 | acc_phy = 0.332 
Phy accuracy of the network on 10000 test images: 0.330


Current training epoch: 44, learning rate for pnn: 6.25e-05, learning rate for SEPN: 0.00025
| epoch = 44 | step =    10 | loss_pnn = 2.162 | loss_cn = 0.00289955 | acc_sim = 0.351 | acc_phy = 0.338 
| epoch = 44 | step =    20 | loss_pnn = 2.166 | loss_cn = 0.00293349 | acc_sim = 0.350 | acc_phy = 0.332 
| epoch = 44 | step =    30 | loss_pnn = 2.166 | loss_cn = 0.00293326 | acc_sim = 0.349 | acc_phy = 0.334 
| epoch = 44 | step =    40 | loss_pnn = 2.166 | loss_cn = 0.00295747 | acc_sim = 0.347 | acc_phy = 0.332 
| epoch = 44 | step =    50 | loss_pnn = 2.165 | loss_cn = 0.00294993 | acc_sim = 0.348 | acc_phy = 0.334 
| epoch = 44 | step =    60 | loss_pnn = 2.165 | loss_cn = 0.00295944 | acc_sim = 0.347 | acc_phy = 0.334 
| epoch = 44 | step =    70 | loss_pnn = 2.165 | loss_cn = 0.00295829 | acc_sim = 0.348 | acc_phy = 0.335 
| epoch = 44 | step =    80 | loss_pnn = 2.165 | loss_cn = 0.00295951 | acc_sim = 0.348 | acc_phy = 0.335 
| epoch = 44 | step =    90 | loss_pnn = 2.165 | loss_cn = 0.00295800 | acc_sim = 0.347 | acc_phy = 0.333 
| epoch = 44 | step =   100 | loss_pnn = 2.166 | loss_cn = 0.00295767 | acc_sim = 0.346 | acc_phy = 0.332 
| epoch = 44 | step =   110 | loss_pnn = 2.165 | loss_cn = 0.00296369 | acc_sim = 0.347 | acc_phy = 0.333 
| epoch = 44 | step =   120 | loss_pnn = 2.166 | loss_cn = 0.00296601 | acc_sim = 0.347 | acc_phy = 0.333 
Phy accuracy of the network on 10000 test images: 0.331


Current training epoch: 45, learning rate for pnn: 6.25e-05, learning rate for SEPN: 0.00025
| epoch = 45 | step =    10 | loss_pnn = 2.170 | loss_cn = 0.00294040 | acc_sim = 0.342 | acc_phy = 0.332 
| epoch = 45 | step =    20 | loss_pnn = 2.167 | loss_cn = 0.00297006 | acc_sim = 0.347 | acc_phy = 0.337 
| epoch = 45 | step =    30 | loss_pnn = 2.166 | loss_cn = 0.00295548 | acc_sim = 0.351 | acc_phy = 0.337 
| epoch = 45 | step =    40 | loss_pnn = 2.165 | loss_cn = 0.00294325 | acc_sim = 0.350 | acc_phy = 0.337 
| epoch = 45 | step =    50 | loss_pnn = 2.166 | loss_cn = 0.00295643 | acc_sim = 0.349 | acc_phy = 0.336 
| epoch = 45 | step =    60 | loss_pnn = 2.165 | loss_cn = 0.00295939 | acc_sim = 0.349 | acc_phy = 0.336 
| epoch = 45 | step =    70 | loss_pnn = 2.165 | loss_cn = 0.00296071 | acc_sim = 0.350 | acc_phy = 0.337 
| epoch = 45 | step =    80 | loss_pnn = 2.165 | loss_cn = 0.00297422 | acc_sim = 0.350 | acc_phy = 0.336 
| epoch = 45 | step =    90 | loss_pnn = 2.165 | loss_cn = 0.00298853 | acc_sim = 0.349 | acc_phy = 0.335 
| epoch = 45 | step =   100 | loss_pnn = 2.165 | loss_cn = 0.00298389 | acc_sim = 0.348 | acc_phy = 0.335 
| epoch = 45 | step =   110 | loss_pnn = 2.166 | loss_cn = 0.00298359 | acc_sim = 0.347 | acc_phy = 0.334 
| epoch = 45 | step =   120 | loss_pnn = 2.166 | loss_cn = 0.00298171 | acc_sim = 0.348 | acc_phy = 0.334 
Phy accuracy of the network on 10000 test images: 0.333


Current training epoch: 46, learning rate for pnn: 6.25e-05, learning rate for SEPN: 0.00025
| epoch = 46 | step =    10 | loss_pnn = 2.166 | loss_cn = 0.00298337 | acc_sim = 0.343 | acc_phy = 0.333 
| epoch = 46 | step =    20 | loss_pnn = 2.169 | loss_cn = 0.00295614 | acc_sim = 0.343 | acc_phy = 0.331 
| epoch = 46 | step =    30 | loss_pnn = 2.167 | loss_cn = 0.00297262 | acc_sim = 0.346 | acc_phy = 0.332 
| epoch = 46 | step =    40 | loss_pnn = 2.167 | loss_cn = 0.00298643 | acc_sim = 0.346 | acc_phy = 0.333 
| epoch = 46 | step =    50 | loss_pnn = 2.166 | loss_cn = 0.00298744 | acc_sim = 0.347 | acc_phy = 0.334 
| epoch = 46 | step =    60 | loss_pnn = 2.166 | loss_cn = 0.00299005 | acc_sim = 0.348 | acc_phy = 0.335 
| epoch = 46 | step =    70 | loss_pnn = 2.166 | loss_cn = 0.00299444 | acc_sim = 0.348 | acc_phy = 0.336 
| epoch = 46 | step =    80 | loss_pnn = 2.167 | loss_cn = 0.00299537 | acc_sim = 0.348 | acc_phy = 0.335 
| epoch = 46 | step =    90 | loss_pnn = 2.167 | loss_cn = 0.00300082 | acc_sim = 0.348 | acc_phy = 0.335 
| epoch = 46 | step =   100 | loss_pnn = 2.167 | loss_cn = 0.00299745 | acc_sim = 0.347 | acc_phy = 0.334 
| epoch = 46 | step =   110 | loss_pnn = 2.167 | loss_cn = 0.00299632 | acc_sim = 0.347 | acc_phy = 0.334 
| epoch = 46 | step =   120 | loss_pnn = 2.166 | loss_cn = 0.00299152 | acc_sim = 0.348 | acc_phy = 0.336 
Phy accuracy of the network on 10000 test images: 0.332


Current training epoch: 47, learning rate for pnn: 6.25e-05, learning rate for SEPN: 0.00025
| epoch = 47 | step =    10 | loss_pnn = 2.166 | loss_cn = 0.00296750 | acc_sim = 0.343 | acc_phy = 0.329 
| epoch = 47 | step =    20 | loss_pnn = 2.169 | loss_cn = 0.00300623 | acc_sim = 0.341 | acc_phy = 0.329 
| epoch = 47 | step =    30 | loss_pnn = 2.167 | loss_cn = 0.00297636 | acc_sim = 0.345 | acc_phy = 0.333 
| epoch = 47 | step =    40 | loss_pnn = 2.166 | loss_cn = 0.00297774 | acc_sim = 0.348 | acc_phy = 0.335 
| epoch = 47 | step =    50 | loss_pnn = 2.166 | loss_cn = 0.00297787 | acc_sim = 0.347 | acc_phy = 0.335 
| epoch = 47 | step =    60 | loss_pnn = 2.166 | loss_cn = 0.00299490 | acc_sim = 0.348 | acc_phy = 0.336 
| epoch = 47 | step =    70 | loss_pnn = 2.166 | loss_cn = 0.00298603 | acc_sim = 0.349 | acc_phy = 0.337 
| epoch = 47 | step =    80 | loss_pnn = 2.166 | loss_cn = 0.00298119 | acc_sim = 0.349 | acc_phy = 0.337 
| epoch = 47 | step =    90 | loss_pnn = 2.166 | loss_cn = 0.00298891 | acc_sim = 0.349 | acc_phy = 0.337 
| epoch = 47 | step =   100 | loss_pnn = 2.166 | loss_cn = 0.00298114 | acc_sim = 0.350 | acc_phy = 0.337 
| epoch = 47 | step =   110 | loss_pnn = 2.166 | loss_cn = 0.00298092 | acc_sim = 0.350 | acc_phy = 0.337 
| epoch = 47 | step =   120 | loss_pnn = 2.166 | loss_cn = 0.00298361 | acc_sim = 0.350 | acc_phy = 0.337 
Phy accuracy of the network on 10000 test images: 0.332


Current training epoch: 48, learning rate for pnn: 6.25e-05, learning rate for SEPN: 0.00025
| epoch = 48 | step =    10 | loss_pnn = 2.164 | loss_cn = 0.00295133 | acc_sim = 0.354 | acc_phy = 0.339 
| epoch = 48 | step =    20 | loss_pnn = 2.166 | loss_cn = 0.00294931 | acc_sim = 0.349 | acc_phy = 0.338 
| epoch = 48 | step =    30 | loss_pnn = 2.164 | loss_cn = 0.00293132 | acc_sim = 0.352 | acc_phy = 0.340 
| epoch = 48 | step =    40 | loss_pnn = 2.165 | loss_cn = 0.00295921 | acc_sim = 0.352 | acc_phy = 0.341 
| epoch = 48 | step =    50 | loss_pnn = 2.165 | loss_cn = 0.00294982 | acc_sim = 0.351 | acc_phy = 0.340 
| epoch = 48 | step =    60 | loss_pnn = 2.166 | loss_cn = 0.00295743 | acc_sim = 0.351 | acc_phy = 0.339 
| epoch = 48 | step =    70 | loss_pnn = 2.165 | loss_cn = 0.00296473 | acc_sim = 0.352 | acc_phy = 0.339 
| epoch = 48 | step =    80 | loss_pnn = 2.166 | loss_cn = 0.00298084 | acc_sim = 0.351 | acc_phy = 0.338 
| epoch = 48 | step =    90 | loss_pnn = 2.166 | loss_cn = 0.00298745 | acc_sim = 0.351 | acc_phy = 0.339 
| epoch = 48 | step =   100 | loss_pnn = 2.166 | loss_cn = 0.00298951 | acc_sim = 0.351 | acc_phy = 0.338 
| epoch = 48 | step =   110 | loss_pnn = 2.166 | loss_cn = 0.00299479 | acc_sim = 0.351 | acc_phy = 0.338 
| epoch = 48 | step =   120 | loss_pnn = 2.166 | loss_cn = 0.00298996 | acc_sim = 0.351 | acc_phy = 0.338 
Phy accuracy of the network on 10000 test images: 0.332


Current training epoch: 49, learning rate for pnn: 6.25e-05, learning rate for SEPN: 0.00025
| epoch = 49 | step =    10 | loss_pnn = 2.163 | loss_cn = 0.00306941 | acc_sim = 0.358 | acc_phy = 0.343 
| epoch = 49 | step =    20 | loss_pnn = 2.164 | loss_cn = 0.00301944 | acc_sim = 0.354 | acc_phy = 0.342 
| epoch = 49 | step =    30 | loss_pnn = 2.165 | loss_cn = 0.00302185 | acc_sim = 0.352 | acc_phy = 0.341 
| epoch = 49 | step =    40 | loss_pnn = 2.165 | loss_cn = 0.00302529 | acc_sim = 0.353 | acc_phy = 0.340 
| epoch = 49 | step =    50 | loss_pnn = 2.165 | loss_cn = 0.00301463 | acc_sim = 0.354 | acc_phy = 0.341 
| epoch = 49 | step =    60 | loss_pnn = 2.166 | loss_cn = 0.00300603 | acc_sim = 0.352 | acc_phy = 0.340 
| epoch = 49 | step =    70 | loss_pnn = 2.166 | loss_cn = 0.00300279 | acc_sim = 0.352 | acc_phy = 0.339 
| epoch = 49 | step =    80 | loss_pnn = 2.166 | loss_cn = 0.00299957 | acc_sim = 0.351 | acc_phy = 0.339 
| epoch = 49 | step =    90 | loss_pnn = 2.167 | loss_cn = 0.00299707 | acc_sim = 0.352 | acc_phy = 0.339 
| epoch = 49 | step =   100 | loss_pnn = 2.167 | loss_cn = 0.00299635 | acc_sim = 0.351 | acc_phy = 0.339 
| epoch = 49 | step =   110 | loss_pnn = 2.167 | loss_cn = 0.00300355 | acc_sim = 0.352 | acc_phy = 0.340 
| epoch = 49 | step =   120 | loss_pnn = 2.166 | loss_cn = 0.00300282 | acc_sim = 0.352 | acc_phy = 0.340 
Phy accuracy of the network on 10000 test images: 0.333


Current training epoch: 50, learning rate for pnn: 6.25e-05, learning rate for SEPN: 0.00025
| epoch = 50 | step =    10 | loss_pnn = 2.156 | loss_cn = 0.00297938 | acc_sim = 0.366 | acc_phy = 0.352 
| epoch = 50 | step =    20 | loss_pnn = 2.159 | loss_cn = 0.00300434 | acc_sim = 0.367 | acc_phy = 0.352 
| epoch = 50 | step =    30 | loss_pnn = 2.162 | loss_cn = 0.00303895 | acc_sim = 0.363 | acc_phy = 0.347 
| epoch = 50 | step =    40 | loss_pnn = 2.164 | loss_cn = 0.00302807 | acc_sim = 0.358 | acc_phy = 0.343 
| epoch = 50 | step =    50 | loss_pnn = 2.165 | loss_cn = 0.00303605 | acc_sim = 0.357 | acc_phy = 0.343 
| epoch = 50 | step =    60 | loss_pnn = 2.166 | loss_cn = 0.00302778 | acc_sim = 0.356 | acc_phy = 0.342 
| epoch = 50 | step =    70 | loss_pnn = 2.165 | loss_cn = 0.00302142 | acc_sim = 0.357 | acc_phy = 0.342 
| epoch = 50 | step =    80 | loss_pnn = 2.165 | loss_cn = 0.00300934 | acc_sim = 0.357 | acc_phy = 0.343 
| epoch = 50 | step =    90 | loss_pnn = 2.165 | loss_cn = 0.00301678 | acc_sim = 0.356 | acc_phy = 0.342 
| epoch = 50 | step =   100 | loss_pnn = 2.166 | loss_cn = 0.00301986 | acc_sim = 0.355 | acc_phy = 0.342 
| epoch = 50 | step =   110 | loss_pnn = 2.165 | loss_cn = 0.00301311 | acc_sim = 0.356 | acc_phy = 0.342 
| epoch = 50 | step =   120 | loss_pnn = 2.166 | loss_cn = 0.00301300 | acc_sim = 0.355 | acc_phy = 0.341 
Phy accuracy of the network on 10000 test images: 0.335

Finished training. Elapsed time of training = 3:36:40.598298.
Best accuracy on test images: 0.3349.
