Training new model from scratch......
--------------------------
Training with SEPN
--------------------------

Current training epoch: 1, learning rate for pnn: 0.001, learning rate for SEPN: 0.001
| epoch = 1 | step =    10 | loss_pnn = 2.307 | loss_cn = 0.00886592 | acc_sim = 0.173 | acc_phy = 0.099 
| epoch = 1 | step =    20 | loss_pnn = 2.299 | loss_cn = 0.00865625 | acc_sim = 0.194 | acc_phy = 0.126 
| epoch = 1 | step =    30 | loss_pnn = 2.290 | loss_cn = 0.00845727 | acc_sim = 0.183 | acc_phy = 0.136 
| epoch = 1 | step =    40 | loss_pnn = 2.282 | loss_cn = 0.00824508 | acc_sim = 0.171 | acc_phy = 0.143 
| epoch = 1 | step =    50 | loss_pnn = 2.276 | loss_cn = 0.00805040 | acc_sim = 0.162 | acc_phy = 0.148 
| epoch = 1 | step =    60 | loss_pnn = 2.270 | loss_cn = 0.00790171 | acc_sim = 0.158 | acc_phy = 0.153 
| epoch = 1 | step =    70 | loss_pnn = 2.266 | loss_cn = 0.00771307 | acc_sim = 0.163 | acc_phy = 0.159 
| epoch = 1 | step =    80 | loss_pnn = 2.261 | loss_cn = 0.00752731 | acc_sim = 0.175 | acc_phy = 0.168 
| epoch = 1 | step =    90 | loss_pnn = 2.257 | loss_cn = 0.00741806 | acc_sim = 0.191 | acc_phy = 0.179 
| epoch = 1 | step =   100 | loss_pnn = 2.251 | loss_cn = 0.00730806 | acc_sim = 0.211 | acc_phy = 0.193 
| epoch = 1 | step =   110 | loss_pnn = 2.244 | loss_cn = 0.00722492 | acc_sim = 0.228 | acc_phy = 0.208 
| epoch = 1 | step =   120 | loss_pnn = 2.238 | loss_cn = 0.00718322 | acc_sim = 0.242 | acc_phy = 0.220 

Current training epoch: 2, learning rate for pnn: 0.001, learning rate for SEPN: 0.001
| epoch = 2 | step =    10 | loss_pnn = 2.148 | loss_cn = 0.00620198 | acc_sim = 0.404 | acc_phy = 0.368 
| epoch = 2 | step =    20 | loss_pnn = 2.145 | loss_cn = 0.00598339 | acc_sim = 0.395 | acc_phy = 0.366 
| epoch = 2 | step =    30 | loss_pnn = 2.136 | loss_cn = 0.00569070 | acc_sim = 0.400 | acc_phy = 0.372 
| epoch = 2 | step =    40 | loss_pnn = 2.127 | loss_cn = 0.00550719 | acc_sim = 0.409 | acc_phy = 0.380 
| epoch = 2 | step =    50 | loss_pnn = 2.119 | loss_cn = 0.00542067 | acc_sim = 0.416 | acc_phy = 0.387 
| epoch = 2 | step =    60 | loss_pnn = 2.108 | loss_cn = 0.00534992 | acc_sim = 0.428 | acc_phy = 0.398 
| epoch = 2 | step =    70 | loss_pnn = 2.098 | loss_cn = 0.00528309 | acc_sim = 0.437 | acc_phy = 0.408 
| epoch = 2 | step =    80 | loss_pnn = 2.087 | loss_cn = 0.00518885 | acc_sim = 0.448 | acc_phy = 0.419 
| epoch = 2 | step =    90 | loss_pnn = 2.077 | loss_cn = 0.00513597 | acc_sim = 0.455 | acc_phy = 0.427 
| epoch = 2 | step =   100 | loss_pnn = 2.067 | loss_cn = 0.00511279 | acc_sim = 0.465 | acc_phy = 0.437 
| epoch = 2 | step =   110 | loss_pnn = 2.058 | loss_cn = 0.00509020 | acc_sim = 0.477 | acc_phy = 0.447 
| epoch = 2 | step =   120 | loss_pnn = 2.049 | loss_cn = 0.00507417 | acc_sim = 0.488 | acc_phy = 0.456 

Current training epoch: 3, learning rate for pnn: 0.001, learning rate for SEPN: 0.001
| epoch = 3 | step =    10 | loss_pnn = 1.943 | loss_cn = 0.00504458 | acc_sim = 0.616 | acc_phy = 0.574 
| epoch = 3 | step =    20 | loss_pnn = 1.934 | loss_cn = 0.00507004 | acc_sim = 0.624 | acc_phy = 0.584 
| epoch = 3 | step =    30 | loss_pnn = 1.927 | loss_cn = 0.00506640 | acc_sim = 0.627 | acc_phy = 0.591 
| epoch = 3 | step =    40 | loss_pnn = 1.916 | loss_cn = 0.00499530 | acc_sim = 0.635 | acc_phy = 0.601 
| epoch = 3 | step =    50 | loss_pnn = 1.904 | loss_cn = 0.00494352 | acc_sim = 0.647 | acc_phy = 0.612 
| epoch = 3 | step =    60 | loss_pnn = 1.888 | loss_cn = 0.00482696 | acc_sim = 0.665 | acc_phy = 0.630 
| epoch = 3 | step =    70 | loss_pnn = 1.877 | loss_cn = 0.00475662 | acc_sim = 0.677 | acc_phy = 0.641 
| epoch = 3 | step =    80 | loss_pnn = 1.866 | loss_cn = 0.00470693 | acc_sim = 0.688 | acc_phy = 0.653 
| epoch = 3 | step =    90 | loss_pnn = 1.855 | loss_cn = 0.00465492 | acc_sim = 0.697 | acc_phy = 0.663 
| epoch = 3 | step =   100 | loss_pnn = 1.845 | loss_cn = 0.00459799 | acc_sim = 0.704 | acc_phy = 0.671 
| epoch = 3 | step =   110 | loss_pnn = 1.837 | loss_cn = 0.00454313 | acc_sim = 0.712 | acc_phy = 0.680 
| epoch = 3 | step =   120 | loss_pnn = 1.828 | loss_cn = 0.00448293 | acc_sim = 0.718 | acc_phy = 0.687 

Current training epoch: 4, learning rate for pnn: 0.001, learning rate for SEPN: 0.001
| epoch = 4 | step =    10 | loss_pnn = 1.741 | loss_cn = 0.00369598 | acc_sim = 0.778 | acc_phy = 0.761 
| epoch = 4 | step =    20 | loss_pnn = 1.734 | loss_cn = 0.00371183 | acc_sim = 0.786 | acc_phy = 0.768 
| epoch = 4 | step =    30 | loss_pnn = 1.730 | loss_cn = 0.00370546 | acc_sim = 0.789 | acc_phy = 0.772 
| epoch = 4 | step =    40 | loss_pnn = 1.725 | loss_cn = 0.00367916 | acc_sim = 0.793 | acc_phy = 0.777 
| epoch = 4 | step =    50 | loss_pnn = 1.723 | loss_cn = 0.00362403 | acc_sim = 0.794 | acc_phy = 0.778 
| epoch = 4 | step =    60 | loss_pnn = 1.722 | loss_cn = 0.00363150 | acc_sim = 0.794 | acc_phy = 0.778 
| epoch = 4 | step =    70 | loss_pnn = 1.719 | loss_cn = 0.00357941 | acc_sim = 0.795 | acc_phy = 0.780 
| epoch = 4 | step =    80 | loss_pnn = 1.718 | loss_cn = 0.00357296 | acc_sim = 0.796 | acc_phy = 0.780 
| epoch = 4 | step =    90 | loss_pnn = 1.715 | loss_cn = 0.00354487 | acc_sim = 0.797 | acc_phy = 0.782 
| epoch = 4 | step =   100 | loss_pnn = 1.713 | loss_cn = 0.00354463 | acc_sim = 0.798 | acc_phy = 0.784 
| epoch = 4 | step =   110 | loss_pnn = 1.711 | loss_cn = 0.00353173 | acc_sim = 0.800 | acc_phy = 0.785 
| epoch = 4 | step =   120 | loss_pnn = 1.709 | loss_cn = 0.00351660 | acc_sim = 0.801 | acc_phy = 0.786 

Current training epoch: 5, learning rate for pnn: 0.001, learning rate for SEPN: 0.001
| epoch = 5 | step =    10 | loss_pnn = 1.685 | loss_cn = 0.00338686 | acc_sim = 0.823 | acc_phy = 0.803 
| epoch = 5 | step =    20 | loss_pnn = 1.680 | loss_cn = 0.00330693 | acc_sim = 0.829 | acc_phy = 0.810 
| epoch = 5 | step =    30 | loss_pnn = 1.679 | loss_cn = 0.00329646 | acc_sim = 0.832 | acc_phy = 0.812 
| epoch = 5 | step =    40 | loss_pnn = 1.676 | loss_cn = 0.00331726 | acc_sim = 0.836 | acc_phy = 0.816 
| epoch = 5 | step =    50 | loss_pnn = 1.675 | loss_cn = 0.00332599 | acc_sim = 0.837 | acc_phy = 0.819 
| epoch = 5 | step =    60 | loss_pnn = 1.674 | loss_cn = 0.00331663 | acc_sim = 0.840 | acc_phy = 0.822 
| epoch = 5 | step =    70 | loss_pnn = 1.673 | loss_cn = 0.00330797 | acc_sim = 0.842 | acc_phy = 0.825 
| epoch = 5 | step =    80 | loss_pnn = 1.671 | loss_cn = 0.00330907 | acc_sim = 0.845 | acc_phy = 0.827 
| epoch = 5 | step =    90 | loss_pnn = 1.671 | loss_cn = 0.00330987 | acc_sim = 0.848 | acc_phy = 0.830 
| epoch = 5 | step =   100 | loss_pnn = 1.671 | loss_cn = 0.00335150 | acc_sim = 0.850 | acc_phy = 0.833 
| epoch = 5 | step =   110 | loss_pnn = 1.674 | loss_cn = 0.00348106 | acc_sim = 0.845 | acc_phy = 0.829 
| epoch = 5 | step =   120 | loss_pnn = 1.678 | loss_cn = 0.00366757 | acc_sim = 0.839 | acc_phy = 0.824 

Current training epoch: 6, learning rate for pnn: 0.001, learning rate for SEPN: 0.001
| epoch = 6 | step =    10 | loss_pnn = 1.675 | loss_cn = 0.00446894 | acc_sim = 0.867 | acc_phy = 0.849 
| epoch = 6 | step =    20 | loss_pnn = 1.663 | loss_cn = 0.00417595 | acc_sim = 0.871 | acc_phy = 0.854 
| epoch = 6 | step =    30 | loss_pnn = 1.658 | loss_cn = 0.00397152 | acc_sim = 0.870 | acc_phy = 0.855 
| epoch = 6 | step =    40 | loss_pnn = 1.655 | loss_cn = 0.00379054 | acc_sim = 0.868 | acc_phy = 0.854 
| epoch = 6 | step =    50 | loss_pnn = 1.653 | loss_cn = 0.00366424 | acc_sim = 0.868 | acc_phy = 0.855 
| epoch = 6 | step =    60 | loss_pnn = 1.650 | loss_cn = 0.00354968 | acc_sim = 0.870 | acc_phy = 0.857 
| epoch = 6 | step =    70 | loss_pnn = 1.647 | loss_cn = 0.00347357 | acc_sim = 0.872 | acc_phy = 0.859 
| epoch = 6 | step =    80 | loss_pnn = 1.646 | loss_cn = 0.00342103 | acc_sim = 0.872 | acc_phy = 0.860 
| epoch = 6 | step =    90 | loss_pnn = 1.644 | loss_cn = 0.00340190 | acc_sim = 0.873 | acc_phy = 0.861 
| epoch = 6 | step =   100 | loss_pnn = 1.643 | loss_cn = 0.00335258 | acc_sim = 0.874 | acc_phy = 0.862 
| epoch = 6 | step =   110 | loss_pnn = 1.642 | loss_cn = 0.00332112 | acc_sim = 0.874 | acc_phy = 0.862 
| epoch = 6 | step =   120 | loss_pnn = 1.642 | loss_cn = 0.00329001 | acc_sim = 0.875 | acc_phy = 0.863 

Current training epoch: 7, learning rate for pnn: 0.001, learning rate for SEPN: 0.001
| epoch = 7 | step =    10 | loss_pnn = 1.630 | loss_cn = 0.00273655 | acc_sim = 0.886 | acc_phy = 0.873 
| epoch = 7 | step =    20 | loss_pnn = 1.629 | loss_cn = 0.00274362 | acc_sim = 0.887 | acc_phy = 0.875 
| epoch = 7 | step =    30 | loss_pnn = 1.630 | loss_cn = 0.00275731 | acc_sim = 0.886 | acc_phy = 0.876 
| epoch = 7 | step =    40 | loss_pnn = 1.630 | loss_cn = 0.00272239 | acc_sim = 0.887 | acc_phy = 0.876 
| epoch = 7 | step =    50 | loss_pnn = 1.630 | loss_cn = 0.00271523 | acc_sim = 0.888 | acc_phy = 0.876 
| epoch = 7 | step =    60 | loss_pnn = 1.631 | loss_cn = 0.00271386 | acc_sim = 0.888 | acc_phy = 0.876 
| epoch = 7 | step =    70 | loss_pnn = 1.630 | loss_cn = 0.00267313 | acc_sim = 0.889 | acc_phy = 0.878 
| epoch = 7 | step =    80 | loss_pnn = 1.630 | loss_cn = 0.00268320 | acc_sim = 0.891 | acc_phy = 0.880 
| epoch = 7 | step =    90 | loss_pnn = 1.630 | loss_cn = 0.00268145 | acc_sim = 0.891 | acc_phy = 0.879 
| epoch = 7 | step =   100 | loss_pnn = 1.631 | loss_cn = 0.00272165 | acc_sim = 0.890 | acc_phy = 0.879 
| epoch = 7 | step =   110 | loss_pnn = 1.632 | loss_cn = 0.00273758 | acc_sim = 0.890 | acc_phy = 0.879 
| epoch = 7 | step =   120 | loss_pnn = 1.632 | loss_cn = 0.00274627 | acc_sim = 0.891 | acc_phy = 0.879 

Current training epoch: 8, learning rate for pnn: 0.001, learning rate for SEPN: 0.001
| epoch = 8 | step =    10 | loss_pnn = 1.633 | loss_cn = 0.00290231 | acc_sim = 0.894 | acc_phy = 0.882 
| epoch = 8 | step =    20 | loss_pnn = 1.631 | loss_cn = 0.00279458 | acc_sim = 0.894 | acc_phy = 0.883 
| epoch = 8 | step =    30 | loss_pnn = 1.631 | loss_cn = 0.00274142 | acc_sim = 0.893 | acc_phy = 0.883 
| epoch = 8 | step =    40 | loss_pnn = 1.630 | loss_cn = 0.00278001 | acc_sim = 0.895 | acc_phy = 0.884 
| epoch = 8 | step =    50 | loss_pnn = 1.629 | loss_cn = 0.00280882 | acc_sim = 0.896 | acc_phy = 0.886 
| epoch = 8 | step =    60 | loss_pnn = 1.631 | loss_cn = 0.00285516 | acc_sim = 0.896 | acc_phy = 0.885 
| epoch = 8 | step =    70 | loss_pnn = 1.636 | loss_cn = 0.00294403 | acc_sim = 0.888 | acc_phy = 0.878 
| epoch = 8 | step =    80 | loss_pnn = 1.640 | loss_cn = 0.00299392 | acc_sim = 0.880 | acc_phy = 0.871 
| epoch = 8 | step =    90 | loss_pnn = 1.644 | loss_cn = 0.00303076 | acc_sim = 0.875 | acc_phy = 0.866 
| epoch = 8 | step =   100 | loss_pnn = 1.646 | loss_cn = 0.00306534 | acc_sim = 0.876 | acc_phy = 0.866 
| epoch = 8 | step =   110 | loss_pnn = 1.646 | loss_cn = 0.00304874 | acc_sim = 0.878 | acc_phy = 0.867 
| epoch = 8 | step =   120 | loss_pnn = 1.646 | loss_cn = 0.00304165 | acc_sim = 0.879 | acc_phy = 0.868 

Current training epoch: 9, learning rate for pnn: 0.001, learning rate for SEPN: 0.001
| epoch = 9 | step =    10 | loss_pnn = 1.631 | loss_cn = 0.00259519 | acc_sim = 0.895 | acc_phy = 0.885 
| epoch = 9 | step =    20 | loss_pnn = 1.629 | loss_cn = 0.00261555 | acc_sim = 0.896 | acc_phy = 0.883 
| epoch = 9 | step =    30 | loss_pnn = 1.627 | loss_cn = 0.00257166 | acc_sim = 0.896 | acc_phy = 0.883 
| epoch = 9 | step =    40 | loss_pnn = 1.627 | loss_cn = 0.00257838 | acc_sim = 0.894 | acc_phy = 0.881 
| epoch = 9 | step =    50 | loss_pnn = 1.626 | loss_cn = 0.00259072 | acc_sim = 0.895 | acc_phy = 0.882 
| epoch = 9 | step =    60 | loss_pnn = 1.624 | loss_cn = 0.00259212 | acc_sim = 0.895 | acc_phy = 0.883 
| epoch = 9 | step =    70 | loss_pnn = 1.623 | loss_cn = 0.00257790 | acc_sim = 0.896 | acc_phy = 0.883 
| epoch = 9 | step =    80 | loss_pnn = 1.622 | loss_cn = 0.00255691 | acc_sim = 0.896 | acc_phy = 0.884 
| epoch = 9 | step =    90 | loss_pnn = 1.620 | loss_cn = 0.00255371 | acc_sim = 0.896 | acc_phy = 0.885 
| epoch = 9 | step =   100 | loss_pnn = 1.619 | loss_cn = 0.00253863 | acc_sim = 0.897 | acc_phy = 0.885 
| epoch = 9 | step =   110 | loss_pnn = 1.618 | loss_cn = 0.00253189 | acc_sim = 0.896 | acc_phy = 0.886 
| epoch = 9 | step =   120 | loss_pnn = 1.618 | loss_cn = 0.00252971 | acc_sim = 0.897 | acc_phy = 0.886 

Current training epoch: 10, learning rate for pnn: 0.001, learning rate for SEPN: 0.001
| epoch = 10 | step =    10 | loss_pnn = 1.613 | loss_cn = 0.00262970 | acc_sim = 0.896 | acc_phy = 0.885 
| epoch = 10 | step =    20 | loss_pnn = 1.613 | loss_cn = 0.00252588 | acc_sim = 0.897 | acc_phy = 0.886 
| epoch = 10 | step =    30 | loss_pnn = 1.613 | loss_cn = 0.00247537 | acc_sim = 0.896 | acc_phy = 0.886 
| epoch = 10 | step =    40 | loss_pnn = 1.613 | loss_cn = 0.00243827 | acc_sim = 0.897 | acc_phy = 0.886 
| epoch = 10 | step =    50 | loss_pnn = 1.612 | loss_cn = 0.00240528 | acc_sim = 0.898 | acc_phy = 0.888 
| epoch = 10 | step =    60 | loss_pnn = 1.615 | loss_cn = 0.00247720 | acc_sim = 0.896 | acc_phy = 0.886 
| epoch = 10 | step =    70 | loss_pnn = 1.614 | loss_cn = 0.00247421 | acc_sim = 0.897 | acc_phy = 0.887 
| epoch = 10 | step =    80 | loss_pnn = 1.614 | loss_cn = 0.00247107 | acc_sim = 0.897 | acc_phy = 0.888 
| epoch = 10 | step =    90 | loss_pnn = 1.615 | loss_cn = 0.00248008 | acc_sim = 0.898 | acc_phy = 0.887 
| epoch = 10 | step =   100 | loss_pnn = 1.615 | loss_cn = 0.00244647 | acc_sim = 0.898 | acc_phy = 0.888 
| epoch = 10 | step =   110 | loss_pnn = 1.615 | loss_cn = 0.00244822 | acc_sim = 0.898 | acc_phy = 0.888 
| epoch = 10 | step =   120 | loss_pnn = 1.616 | loss_cn = 0.00245964 | acc_sim = 0.898 | acc_phy = 0.888 

Current training epoch: 11, learning rate for pnn: 0.0005, learning rate for SEPN: 0.0005
| epoch = 11 | step =    10 | loss_pnn = 1.625 | loss_cn = 0.00228236 | acc_sim = 0.892 | acc_phy = 0.881 
| epoch = 11 | step =    20 | loss_pnn = 1.621 | loss_cn = 0.00231865 | acc_sim = 0.896 | acc_phy = 0.885 
| epoch = 11 | step =    30 | loss_pnn = 1.619 | loss_cn = 0.00234402 | acc_sim = 0.900 | acc_phy = 0.889 
| epoch = 11 | step =    40 | loss_pnn = 1.618 | loss_cn = 0.00234238 | acc_sim = 0.901 | acc_phy = 0.891 
| epoch = 11 | step =    50 | loss_pnn = 1.619 | loss_cn = 0.00235455 | acc_sim = 0.900 | acc_phy = 0.890 
| epoch = 11 | step =    60 | loss_pnn = 1.618 | loss_cn = 0.00235118 | acc_sim = 0.901 | acc_phy = 0.891 
| epoch = 11 | step =    70 | loss_pnn = 1.619 | loss_cn = 0.00238203 | acc_sim = 0.901 | acc_phy = 0.891 
| epoch = 11 | step =    80 | loss_pnn = 1.620 | loss_cn = 0.00239828 | acc_sim = 0.901 | acc_phy = 0.891 
| epoch = 11 | step =    90 | loss_pnn = 1.621 | loss_cn = 0.00245563 | acc_sim = 0.901 | acc_phy = 0.891 
| epoch = 11 | step =   100 | loss_pnn = 1.622 | loss_cn = 0.00251549 | acc_sim = 0.902 | acc_phy = 0.892 
| epoch = 11 | step =   110 | loss_pnn = 1.626 | loss_cn = 0.00259677 | acc_sim = 0.898 | acc_phy = 0.887 
| epoch = 11 | step =   120 | loss_pnn = 1.630 | loss_cn = 0.00266318 | acc_sim = 0.891 | acc_phy = 0.881 

Current training epoch: 12, learning rate for pnn: 0.0005, learning rate for SEPN: 0.0005
| epoch = 12 | step =    10 | loss_pnn = 1.678 | loss_cn = 0.00343920 | acc_sim = 0.833 | acc_phy = 0.816 
| epoch = 12 | step =    20 | loss_pnn = 1.675 | loss_cn = 0.00341087 | acc_sim = 0.853 | acc_phy = 0.832 
| epoch = 12 | step =    30 | loss_pnn = 1.672 | loss_cn = 0.00324348 | acc_sim = 0.866 | acc_phy = 0.843 
| epoch = 12 | step =    40 | loss_pnn = 1.669 | loss_cn = 0.00316408 | acc_sim = 0.871 | acc_phy = 0.853 
| epoch = 12 | step =    50 | loss_pnn = 1.666 | loss_cn = 0.00312455 | acc_sim = 0.876 | acc_phy = 0.860 
| epoch = 12 | step =    60 | loss_pnn = 1.663 | loss_cn = 0.00309651 | acc_sim = 0.880 | acc_phy = 0.865 
| epoch = 12 | step =    70 | loss_pnn = 1.660 | loss_cn = 0.00306305 | acc_sim = 0.884 | acc_phy = 0.870 
| epoch = 12 | step =    80 | loss_pnn = 1.657 | loss_cn = 0.00305366 | acc_sim = 0.886 | acc_phy = 0.873 
| epoch = 12 | step =    90 | loss_pnn = 1.656 | loss_cn = 0.00304909 | acc_sim = 0.887 | acc_phy = 0.874 
| epoch = 12 | step =   100 | loss_pnn = 1.654 | loss_cn = 0.00302361 | acc_sim = 0.889 | acc_phy = 0.877 
| epoch = 12 | step =   110 | loss_pnn = 1.653 | loss_cn = 0.00301741 | acc_sim = 0.890 | acc_phy = 0.878 
| epoch = 12 | step =   120 | loss_pnn = 1.651 | loss_cn = 0.00300209 | acc_sim = 0.891 | acc_phy = 0.879 

Current training epoch: 13, learning rate for pnn: 0.0005, learning rate for SEPN: 0.0005
| epoch = 13 | step =    10 | loss_pnn = 1.642 | loss_cn = 0.00291110 | acc_sim = 0.904 | acc_phy = 0.892 
| epoch = 13 | step =    20 | loss_pnn = 1.638 | loss_cn = 0.00288029 | acc_sim = 0.911 | acc_phy = 0.897 
| epoch = 13 | step =    30 | loss_pnn = 1.639 | loss_cn = 0.00282655 | acc_sim = 0.911 | acc_phy = 0.897 
| epoch = 13 | step =    40 | loss_pnn = 1.640 | loss_cn = 0.00282473 | acc_sim = 0.910 | acc_phy = 0.896 
| epoch = 13 | step =    50 | loss_pnn = 1.643 | loss_cn = 0.00285406 | acc_sim = 0.908 | acc_phy = 0.895 
| epoch = 13 | step =    60 | loss_pnn = 1.644 | loss_cn = 0.00285754 | acc_sim = 0.909 | acc_phy = 0.896 
| epoch = 13 | step =    70 | loss_pnn = 1.648 | loss_cn = 0.00289582 | acc_sim = 0.906 | acc_phy = 0.890 
| epoch = 13 | step =    80 | loss_pnn = 1.651 | loss_cn = 0.00294513 | acc_sim = 0.899 | acc_phy = 0.881 
| epoch = 13 | step =    90 | loss_pnn = 1.654 | loss_cn = 0.00299834 | acc_sim = 0.893 | acc_phy = 0.872 
| epoch = 13 | step =   100 | loss_pnn = 1.659 | loss_cn = 0.00307555 | acc_sim = 0.887 | acc_phy = 0.862 
| epoch = 13 | step =   110 | loss_pnn = 1.664 | loss_cn = 0.00313299 | acc_sim = 0.880 | acc_phy = 0.849 
| epoch = 13 | step =   120 | loss_pnn = 1.669 | loss_cn = 0.00321473 | acc_sim = 0.871 | acc_phy = 0.838 

Current training epoch: 14, learning rate for pnn: 0.0005, learning rate for SEPN: 0.0005
| epoch = 14 | step =    10 | loss_pnn = 1.732 | loss_cn = 0.00403813 | acc_sim = 0.777 | acc_phy = 0.719 
| epoch = 14 | step =    20 | loss_pnn = 1.729 | loss_cn = 0.00397358 | acc_sim = 0.760 | acc_phy = 0.718 
| epoch = 14 | step =    30 | loss_pnn = 1.729 | loss_cn = 0.00392365 | acc_sim = 0.752 | acc_phy = 0.719 
| epoch = 14 | step =    40 | loss_pnn = 1.731 | loss_cn = 0.00393321 | acc_sim = 0.746 | acc_phy = 0.718 
| epoch = 14 | step =    50 | loss_pnn = 1.732 | loss_cn = 0.00396908 | acc_sim = 0.742 | acc_phy = 0.717 
| epoch = 14 | step =    60 | loss_pnn = 1.734 | loss_cn = 0.00400428 | acc_sim = 0.739 | acc_phy = 0.716 
| epoch = 14 | step =    70 | loss_pnn = 1.737 | loss_cn = 0.00405028 | acc_sim = 0.737 | acc_phy = 0.715 
| epoch = 14 | step =    80 | loss_pnn = 1.739 | loss_cn = 0.00407586 | acc_sim = 0.736 | acc_phy = 0.715 
| epoch = 14 | step =    90 | loss_pnn = 1.740 | loss_cn = 0.00411762 | acc_sim = 0.736 | acc_phy = 0.716 
| epoch = 14 | step =   100 | loss_pnn = 1.741 | loss_cn = 0.00416582 | acc_sim = 0.735 | acc_phy = 0.715 
| epoch = 14 | step =   110 | loss_pnn = 1.742 | loss_cn = 0.00420285 | acc_sim = 0.735 | acc_phy = 0.715 
| epoch = 14 | step =   120 | loss_pnn = 1.743 | loss_cn = 0.00419248 | acc_sim = 0.736 | acc_phy = 0.715 

Current training epoch: 15, learning rate for pnn: 0.0005, learning rate for SEPN: 0.0005
| epoch = 15 | step =    10 | loss_pnn = 1.754 | loss_cn = 0.00424722 | acc_sim = 0.735 | acc_phy = 0.714 
| epoch = 15 | step =    20 | loss_pnn = 1.757 | loss_cn = 0.00400047 | acc_sim = 0.730 | acc_phy = 0.710 
| epoch = 15 | step =    30 | loss_pnn = 1.752 | loss_cn = 0.00387934 | acc_sim = 0.740 | acc_phy = 0.723 
| epoch = 15 | step =    40 | loss_pnn = 1.747 | loss_cn = 0.00384021 | acc_sim = 0.758 | acc_phy = 0.743 
| epoch = 15 | step =    50 | loss_pnn = 1.743 | loss_cn = 0.00385553 | acc_sim = 0.769 | acc_phy = 0.755 
| epoch = 15 | step =    60 | loss_pnn = 1.736 | loss_cn = 0.00379659 | acc_sim = 0.781 | acc_phy = 0.766 
| epoch = 15 | step =    70 | loss_pnn = 1.731 | loss_cn = 0.00376393 | acc_sim = 0.789 | acc_phy = 0.774 
| epoch = 15 | step =    80 | loss_pnn = 1.727 | loss_cn = 0.00375358 | acc_sim = 0.795 | acc_phy = 0.779 
| epoch = 15 | step =    90 | loss_pnn = 1.724 | loss_cn = 0.00373690 | acc_sim = 0.800 | acc_phy = 0.784 
| epoch = 15 | step =   100 | loss_pnn = 1.721 | loss_cn = 0.00374006 | acc_sim = 0.803 | acc_phy = 0.787 
| epoch = 15 | step =   110 | loss_pnn = 1.719 | loss_cn = 0.00373144 | acc_sim = 0.806 | acc_phy = 0.789 
| epoch = 15 | step =   120 | loss_pnn = 1.717 | loss_cn = 0.00371903 | acc_sim = 0.807 | acc_phy = 0.791 

Current training epoch: 16, learning rate for pnn: 0.0005, learning rate for SEPN: 0.0005
| epoch = 16 | step =    10 | loss_pnn = 1.689 | loss_cn = 0.00339406 | acc_sim = 0.837 | acc_phy = 0.817 
| epoch = 16 | step =    20 | loss_pnn = 1.689 | loss_cn = 0.00335090 | acc_sim = 0.835 | acc_phy = 0.816 
| epoch = 16 | step =    30 | loss_pnn = 1.689 | loss_cn = 0.00333529 | acc_sim = 0.832 | acc_phy = 0.814 
| epoch = 16 | step =    40 | loss_pnn = 1.688 | loss_cn = 0.00331840 | acc_sim = 0.831 | acc_phy = 0.814 
| epoch = 16 | step =    50 | loss_pnn = 1.688 | loss_cn = 0.00334059 | acc_sim = 0.833 | acc_phy = 0.812 
| epoch = 16 | step =    60 | loss_pnn = 1.685 | loss_cn = 0.00337238 | acc_sim = 0.837 | acc_phy = 0.813 
| epoch = 16 | step =    70 | loss_pnn = 1.682 | loss_cn = 0.00333511 | acc_sim = 0.843 | acc_phy = 0.820 
| epoch = 16 | step =    80 | loss_pnn = 1.677 | loss_cn = 0.00333681 | acc_sim = 0.849 | acc_phy = 0.829 
| epoch = 16 | step =    90 | loss_pnn = 1.673 | loss_cn = 0.00334483 | acc_sim = 0.855 | acc_phy = 0.835 
| epoch = 16 | step =   100 | loss_pnn = 1.670 | loss_cn = 0.00334276 | acc_sim = 0.859 | acc_phy = 0.840 
| epoch = 16 | step =   110 | loss_pnn = 1.667 | loss_cn = 0.00333051 | acc_sim = 0.863 | acc_phy = 0.845 
| epoch = 16 | step =   120 | loss_pnn = 1.664 | loss_cn = 0.00329989 | acc_sim = 0.867 | acc_phy = 0.849 

Current training epoch: 17, learning rate for pnn: 0.0005, learning rate for SEPN: 0.0005
| epoch = 17 | step =    10 | loss_pnn = 1.631 | loss_cn = 0.00298003 | acc_sim = 0.896 | acc_phy = 0.886 
| epoch = 17 | step =    20 | loss_pnn = 1.628 | loss_cn = 0.00292706 | acc_sim = 0.901 | acc_phy = 0.890 
| epoch = 17 | step =    30 | loss_pnn = 1.625 | loss_cn = 0.00284362 | acc_sim = 0.903 | acc_phy = 0.893 
| epoch = 17 | step =    40 | loss_pnn = 1.623 | loss_cn = 0.00280989 | acc_sim = 0.903 | acc_phy = 0.892 
| epoch = 17 | step =    50 | loss_pnn = 1.622 | loss_cn = 0.00275329 | acc_sim = 0.903 | acc_phy = 0.892 
| epoch = 17 | step =    60 | loss_pnn = 1.622 | loss_cn = 0.00275555 | acc_sim = 0.902 | acc_phy = 0.891 
| epoch = 17 | step =    70 | loss_pnn = 1.621 | loss_cn = 0.00270129 | acc_sim = 0.903 | acc_phy = 0.892 
| epoch = 17 | step =    80 | loss_pnn = 1.619 | loss_cn = 0.00267234 | acc_sim = 0.904 | acc_phy = 0.893 
| epoch = 17 | step =    90 | loss_pnn = 1.618 | loss_cn = 0.00266751 | acc_sim = 0.905 | acc_phy = 0.893 
| epoch = 17 | step =   100 | loss_pnn = 1.617 | loss_cn = 0.00263759 | acc_sim = 0.905 | acc_phy = 0.894 
| epoch = 17 | step =   110 | loss_pnn = 1.617 | loss_cn = 0.00262234 | acc_sim = 0.904 | acc_phy = 0.893 
| epoch = 17 | step =   120 | loss_pnn = 1.616 | loss_cn = 0.00259445 | acc_sim = 0.905 | acc_phy = 0.894 

Current training epoch: 18, learning rate for pnn: 0.0005, learning rate for SEPN: 0.0005
| epoch = 18 | step =    10 | loss_pnn = 1.603 | loss_cn = 0.00225269 | acc_sim = 0.907 | acc_phy = 0.896 
| epoch = 18 | step =    20 | loss_pnn = 1.605 | loss_cn = 0.00226619 | acc_sim = 0.904 | acc_phy = 0.895 
| epoch = 18 | step =    30 | loss_pnn = 1.604 | loss_cn = 0.00227698 | acc_sim = 0.905 | acc_phy = 0.895 
| epoch = 18 | step =    40 | loss_pnn = 1.603 | loss_cn = 0.00222857 | acc_sim = 0.907 | acc_phy = 0.896 
| epoch = 18 | step =    50 | loss_pnn = 1.603 | loss_cn = 0.00222189 | acc_sim = 0.907 | acc_phy = 0.896 
| epoch = 18 | step =    60 | loss_pnn = 1.603 | loss_cn = 0.00220293 | acc_sim = 0.906 | acc_phy = 0.896 
| epoch = 18 | step =    70 | loss_pnn = 1.603 | loss_cn = 0.00219377 | acc_sim = 0.906 | acc_phy = 0.897 
| epoch = 18 | step =    80 | loss_pnn = 1.602 | loss_cn = 0.00217118 | acc_sim = 0.908 | acc_phy = 0.898 
| epoch = 18 | step =    90 | loss_pnn = 1.602 | loss_cn = 0.00218455 | acc_sim = 0.908 | acc_phy = 0.898 
| epoch = 18 | step =   100 | loss_pnn = 1.602 | loss_cn = 0.00216716 | acc_sim = 0.908 | acc_phy = 0.898 
| epoch = 18 | step =   110 | loss_pnn = 1.601 | loss_cn = 0.00215804 | acc_sim = 0.908 | acc_phy = 0.899 
| epoch = 18 | step =   120 | loss_pnn = 1.601 | loss_cn = 0.00215070 | acc_sim = 0.908 | acc_phy = 0.899 

Current training epoch: 19, learning rate for pnn: 0.0005, learning rate for SEPN: 0.0005
| epoch = 19 | step =    10 | loss_pnn = 1.596 | loss_cn = 0.00203868 | acc_sim = 0.911 | acc_phy = 0.901 
| epoch = 19 | step =    20 | loss_pnn = 1.599 | loss_cn = 0.00206547 | acc_sim = 0.909 | acc_phy = 0.898 
| epoch = 19 | step =    30 | loss_pnn = 1.596 | loss_cn = 0.00199843 | acc_sim = 0.911 | acc_phy = 0.900 
| epoch = 19 | step =    40 | loss_pnn = 1.597 | loss_cn = 0.00199203 | acc_sim = 0.910 | acc_phy = 0.899 
| epoch = 19 | step =    50 | loss_pnn = 1.595 | loss_cn = 0.00200298 | acc_sim = 0.911 | acc_phy = 0.900 
| epoch = 19 | step =    60 | loss_pnn = 1.595 | loss_cn = 0.00201762 | acc_sim = 0.911 | acc_phy = 0.901 
| epoch = 19 | step =    70 | loss_pnn = 1.595 | loss_cn = 0.00199581 | acc_sim = 0.910 | acc_phy = 0.901 
| epoch = 19 | step =    80 | loss_pnn = 1.595 | loss_cn = 0.00199355 | acc_sim = 0.910 | acc_phy = 0.900 
| epoch = 19 | step =    90 | loss_pnn = 1.595 | loss_cn = 0.00200656 | acc_sim = 0.910 | acc_phy = 0.900 
| epoch = 19 | step =   100 | loss_pnn = 1.594 | loss_cn = 0.00200104 | acc_sim = 0.911 | acc_phy = 0.901 
| epoch = 19 | step =   110 | loss_pnn = 1.593 | loss_cn = 0.00198757 | acc_sim = 0.911 | acc_phy = 0.902 
| epoch = 19 | step =   120 | loss_pnn = 1.593 | loss_cn = 0.00198888 | acc_sim = 0.911 | acc_phy = 0.902 

Current training epoch: 20, learning rate for pnn: 0.0005, learning rate for SEPN: 0.0005
| epoch = 20 | step =    10 | loss_pnn = 1.593 | loss_cn = 0.00204140 | acc_sim = 0.908 | acc_phy = 0.899 
| epoch = 20 | step =    20 | loss_pnn = 1.593 | loss_cn = 0.00198622 | acc_sim = 0.910 | acc_phy = 0.901 
| epoch = 20 | step =    30 | loss_pnn = 1.593 | loss_cn = 0.00195802 | acc_sim = 0.909 | acc_phy = 0.900 
| epoch = 20 | step =    40 | loss_pnn = 1.592 | loss_cn = 0.00192815 | acc_sim = 0.910 | acc_phy = 0.901 
| epoch = 20 | step =    50 | loss_pnn = 1.591 | loss_cn = 0.00192736 | acc_sim = 0.911 | acc_phy = 0.902 
| epoch = 20 | step =    60 | loss_pnn = 1.591 | loss_cn = 0.00191287 | acc_sim = 0.911 | acc_phy = 0.903 
| epoch = 20 | step =    70 | loss_pnn = 1.590 | loss_cn = 0.00190041 | acc_sim = 0.911 | acc_phy = 0.903 
| epoch = 20 | step =    80 | loss_pnn = 1.591 | loss_cn = 0.00189575 | acc_sim = 0.911 | acc_phy = 0.902 
| epoch = 20 | step =    90 | loss_pnn = 1.591 | loss_cn = 0.00189456 | acc_sim = 0.911 | acc_phy = 0.903 
| epoch = 20 | step =   100 | loss_pnn = 1.590 | loss_cn = 0.00189012 | acc_sim = 0.911 | acc_phy = 0.903 
| epoch = 20 | step =   110 | loss_pnn = 1.590 | loss_cn = 0.00189714 | acc_sim = 0.911 | acc_phy = 0.903 
| epoch = 20 | step =   120 | loss_pnn = 1.590 | loss_cn = 0.00188865 | acc_sim = 0.912 | acc_phy = 0.903 

Current training epoch: 21, learning rate for pnn: 0.00025, learning rate for SEPN: 0.00025
| epoch = 21 | step =    10 | loss_pnn = 1.590 | loss_cn = 0.00199496 | acc_sim = 0.913 | acc_phy = 0.904 
| epoch = 21 | step =    20 | loss_pnn = 1.588 | loss_cn = 0.00181633 | acc_sim = 0.915 | acc_phy = 0.906 
| epoch = 21 | step =    30 | loss_pnn = 1.589 | loss_cn = 0.00184409 | acc_sim = 0.914 | acc_phy = 0.905 
| epoch = 21 | step =    40 | loss_pnn = 1.588 | loss_cn = 0.00182100 | acc_sim = 0.915 | acc_phy = 0.905 
| epoch = 21 | step =    50 | loss_pnn = 1.589 | loss_cn = 0.00182078 | acc_sim = 0.914 | acc_phy = 0.904 
| epoch = 21 | step =    60 | loss_pnn = 1.588 | loss_cn = 0.00181494 | acc_sim = 0.914 | acc_phy = 0.905 
| epoch = 21 | step =    70 | loss_pnn = 1.587 | loss_cn = 0.00178617 | acc_sim = 0.915 | acc_phy = 0.906 
| epoch = 21 | step =    80 | loss_pnn = 1.587 | loss_cn = 0.00177588 | acc_sim = 0.915 | acc_phy = 0.906 
| epoch = 21 | step =    90 | loss_pnn = 1.587 | loss_cn = 0.00179457 | acc_sim = 0.915 | acc_phy = 0.906 
| epoch = 21 | step =   100 | loss_pnn = 1.587 | loss_cn = 0.00179003 | acc_sim = 0.915 | acc_phy = 0.906 
| epoch = 21 | step =   110 | loss_pnn = 1.587 | loss_cn = 0.00178687 | acc_sim = 0.915 | acc_phy = 0.906 
| epoch = 21 | step =   120 | loss_pnn = 1.587 | loss_cn = 0.00177854 | acc_sim = 0.915 | acc_phy = 0.906 

Current training epoch: 22, learning rate for pnn: 0.00025, learning rate for SEPN: 0.00025
| epoch = 22 | step =    10 | loss_pnn = 1.587 | loss_cn = 0.00178729 | acc_sim = 0.914 | acc_phy = 0.905 
| epoch = 22 | step =    20 | loss_pnn = 1.589 | loss_cn = 0.00174944 | acc_sim = 0.911 | acc_phy = 0.903 
| epoch = 22 | step =    30 | loss_pnn = 1.586 | loss_cn = 0.00168375 | acc_sim = 0.915 | acc_phy = 0.906 
| epoch = 22 | step =    40 | loss_pnn = 1.585 | loss_cn = 0.00170440 | acc_sim = 0.916 | acc_phy = 0.907 
| epoch = 22 | step =    50 | loss_pnn = 1.585 | loss_cn = 0.00172509 | acc_sim = 0.916 | acc_phy = 0.907 
| epoch = 22 | step =    60 | loss_pnn = 1.587 | loss_cn = 0.00174212 | acc_sim = 0.915 | acc_phy = 0.905 
| epoch = 22 | step =    70 | loss_pnn = 1.587 | loss_cn = 0.00174777 | acc_sim = 0.914 | acc_phy = 0.904 
| epoch = 22 | step =    80 | loss_pnn = 1.587 | loss_cn = 0.00174328 | acc_sim = 0.914 | acc_phy = 0.905 
| epoch = 22 | step =    90 | loss_pnn = 1.587 | loss_cn = 0.00174218 | acc_sim = 0.914 | acc_phy = 0.905 
| epoch = 22 | step =   100 | loss_pnn = 1.587 | loss_cn = 0.00173927 | acc_sim = 0.914 | acc_phy = 0.905 
| epoch = 22 | step =   110 | loss_pnn = 1.587 | loss_cn = 0.00173091 | acc_sim = 0.914 | acc_phy = 0.906 
| epoch = 22 | step =   120 | loss_pnn = 1.586 | loss_cn = 0.00173551 | acc_sim = 0.914 | acc_phy = 0.906 

Current training epoch: 23, learning rate for pnn: 0.00025, learning rate for SEPN: 0.00025
| epoch = 23 | step =    10 | loss_pnn = 1.589 | loss_cn = 0.00174455 | acc_sim = 0.913 | acc_phy = 0.903 
| epoch = 23 | step =    20 | loss_pnn = 1.586 | loss_cn = 0.00173788 | acc_sim = 0.917 | acc_phy = 0.906 
| epoch = 23 | step =    30 | loss_pnn = 1.586 | loss_cn = 0.00170510 | acc_sim = 0.917 | acc_phy = 0.905 
| epoch = 23 | step =    40 | loss_pnn = 1.586 | loss_cn = 0.00168873 | acc_sim = 0.917 | acc_phy = 0.906 
| epoch = 23 | step =    50 | loss_pnn = 1.586 | loss_cn = 0.00169347 | acc_sim = 0.916 | acc_phy = 0.906 
| epoch = 23 | step =    60 | loss_pnn = 1.586 | loss_cn = 0.00171217 | acc_sim = 0.917 | acc_phy = 0.907 
| epoch = 23 | step =    70 | loss_pnn = 1.586 | loss_cn = 0.00171730 | acc_sim = 0.916 | acc_phy = 0.906 
| epoch = 23 | step =    80 | loss_pnn = 1.586 | loss_cn = 0.00172093 | acc_sim = 0.917 | acc_phy = 0.907 
| epoch = 23 | step =    90 | loss_pnn = 1.586 | loss_cn = 0.00171219 | acc_sim = 0.916 | acc_phy = 0.907 
| epoch = 23 | step =   100 | loss_pnn = 1.586 | loss_cn = 0.00171872 | acc_sim = 0.915 | acc_phy = 0.907 
| epoch = 23 | step =   110 | loss_pnn = 1.586 | loss_cn = 0.00172572 | acc_sim = 0.915 | acc_phy = 0.906 
| epoch = 23 | step =   120 | loss_pnn = 1.586 | loss_cn = 0.00172267 | acc_sim = 0.915 | acc_phy = 0.907 

Current training epoch: 24, learning rate for pnn: 0.00025, learning rate for SEPN: 0.00025
| epoch = 24 | step =    10 | loss_pnn = 1.591 | loss_cn = 0.00176898 | acc_sim = 0.912 | acc_phy = 0.903 
| epoch = 24 | step =    20 | loss_pnn = 1.589 | loss_cn = 0.00178804 | acc_sim = 0.913 | acc_phy = 0.905 
| epoch = 24 | step =    30 | loss_pnn = 1.586 | loss_cn = 0.00170793 | acc_sim = 0.916 | acc_phy = 0.907 
| epoch = 24 | step =    40 | loss_pnn = 1.587 | loss_cn = 0.00175274 | acc_sim = 0.915 | acc_phy = 0.907 
| epoch = 24 | step =    50 | loss_pnn = 1.586 | loss_cn = 0.00171995 | acc_sim = 0.915 | acc_phy = 0.907 
| epoch = 24 | step =    60 | loss_pnn = 1.587 | loss_cn = 0.00173655 | acc_sim = 0.914 | acc_phy = 0.906 
| epoch = 24 | step =    70 | loss_pnn = 1.586 | loss_cn = 0.00174035 | acc_sim = 0.915 | acc_phy = 0.906 
| epoch = 24 | step =    80 | loss_pnn = 1.586 | loss_cn = 0.00173608 | acc_sim = 0.915 | acc_phy = 0.907 
| epoch = 24 | step =    90 | loss_pnn = 1.586 | loss_cn = 0.00173616 | acc_sim = 0.915 | acc_phy = 0.907 
| epoch = 24 | step =   100 | loss_pnn = 1.586 | loss_cn = 0.00173379 | acc_sim = 0.915 | acc_phy = 0.907 
| epoch = 24 | step =   110 | loss_pnn = 1.586 | loss_cn = 0.00172852 | acc_sim = 0.915 | acc_phy = 0.907 
| epoch = 24 | step =   120 | loss_pnn = 1.585 | loss_cn = 0.00172806 | acc_sim = 0.915 | acc_phy = 0.907 

Current training epoch: 25, learning rate for pnn: 0.00025, learning rate for SEPN: 0.00025
| epoch = 25 | step =    10 | loss_pnn = 1.580 | loss_cn = 0.00156383 | acc_sim = 0.920 | acc_phy = 0.914 
| epoch = 25 | step =    20 | loss_pnn = 1.583 | loss_cn = 0.00157801 | acc_sim = 0.918 | acc_phy = 0.911 
| epoch = 25 | step =    30 | loss_pnn = 1.583 | loss_cn = 0.00168649 | acc_sim = 0.920 | acc_phy = 0.911 
| epoch = 25 | step =    40 | loss_pnn = 1.582 | loss_cn = 0.00164900 | acc_sim = 0.919 | acc_phy = 0.911 
| epoch = 25 | step =    50 | loss_pnn = 1.583 | loss_cn = 0.00165975 | acc_sim = 0.919 | acc_phy = 0.910 
| epoch = 25 | step =    60 | loss_pnn = 1.583 | loss_cn = 0.00166283 | acc_sim = 0.918 | acc_phy = 0.910 
| epoch = 25 | step =    70 | loss_pnn = 1.583 | loss_cn = 0.00166687 | acc_sim = 0.917 | acc_phy = 0.909 
| epoch = 25 | step =    80 | loss_pnn = 1.584 | loss_cn = 0.00167441 | acc_sim = 0.916 | acc_phy = 0.909 
| epoch = 25 | step =    90 | loss_pnn = 1.585 | loss_cn = 0.00171545 | acc_sim = 0.916 | acc_phy = 0.908 
| epoch = 25 | step =   100 | loss_pnn = 1.584 | loss_cn = 0.00171902 | acc_sim = 0.916 | acc_phy = 0.908 
| epoch = 25 | step =   110 | loss_pnn = 1.584 | loss_cn = 0.00172105 | acc_sim = 0.916 | acc_phy = 0.908 
| epoch = 25 | step =   120 | loss_pnn = 1.585 | loss_cn = 0.00173498 | acc_sim = 0.916 | acc_phy = 0.908 

Current training epoch: 26, learning rate for pnn: 0.00025, learning rate for SEPN: 0.00025
| epoch = 26 | step =    10 | loss_pnn = 1.585 | loss_cn = 0.00179697 | acc_sim = 0.914 | acc_phy = 0.908 
| epoch = 26 | step =    20 | loss_pnn = 1.585 | loss_cn = 0.00178335 | acc_sim = 0.916 | acc_phy = 0.908 
| epoch = 26 | step =    30 | loss_pnn = 1.585 | loss_cn = 0.00175356 | acc_sim = 0.914 | acc_phy = 0.908 
| epoch = 26 | step =    40 | loss_pnn = 1.584 | loss_cn = 0.00172927 | acc_sim = 0.914 | acc_phy = 0.908 
| epoch = 26 | step =    50 | loss_pnn = 1.586 | loss_cn = 0.00173995 | acc_sim = 0.913 | acc_phy = 0.906 
| epoch = 26 | step =    60 | loss_pnn = 1.586 | loss_cn = 0.00174595 | acc_sim = 0.913 | acc_phy = 0.906 
| epoch = 26 | step =    70 | loss_pnn = 1.585 | loss_cn = 0.00173573 | acc_sim = 0.914 | acc_phy = 0.907 
| epoch = 26 | step =    80 | loss_pnn = 1.584 | loss_cn = 0.00174165 | acc_sim = 0.915 | acc_phy = 0.907 
| epoch = 26 | step =    90 | loss_pnn = 1.584 | loss_cn = 0.00173559 | acc_sim = 0.915 | acc_phy = 0.907 
| epoch = 26 | step =   100 | loss_pnn = 1.584 | loss_cn = 0.00173965 | acc_sim = 0.916 | acc_phy = 0.907 
| epoch = 26 | step =   110 | loss_pnn = 1.584 | loss_cn = 0.00175179 | acc_sim = 0.915 | acc_phy = 0.907 
| epoch = 26 | step =   120 | loss_pnn = 1.584 | loss_cn = 0.00174786 | acc_sim = 0.916 | acc_phy = 0.908 

Current training epoch: 27, learning rate for pnn: 0.00025, learning rate for SEPN: 0.00025
| epoch = 27 | step =    10 | loss_pnn = 1.589 | loss_cn = 0.00186768 | acc_sim = 0.908 | acc_phy = 0.901 
| epoch = 27 | step =    20 | loss_pnn = 1.586 | loss_cn = 0.00178510 | acc_sim = 0.912 | acc_phy = 0.905 
| epoch = 27 | step =    30 | loss_pnn = 1.585 | loss_cn = 0.00179980 | acc_sim = 0.915 | acc_phy = 0.906 
| epoch = 27 | step =    40 | loss_pnn = 1.583 | loss_cn = 0.00176870 | acc_sim = 0.916 | acc_phy = 0.908 
| epoch = 27 | step =    50 | loss_pnn = 1.584 | loss_cn = 0.00176591 | acc_sim = 0.916 | acc_phy = 0.907 
| epoch = 27 | step =    60 | loss_pnn = 1.583 | loss_cn = 0.00174687 | acc_sim = 0.917 | acc_phy = 0.908 
| epoch = 27 | step =    70 | loss_pnn = 1.583 | loss_cn = 0.00174347 | acc_sim = 0.917 | acc_phy = 0.908 
| epoch = 27 | step =    80 | loss_pnn = 1.583 | loss_cn = 0.00175944 | acc_sim = 0.917 | acc_phy = 0.908 
| epoch = 27 | step =    90 | loss_pnn = 1.583 | loss_cn = 0.00175817 | acc_sim = 0.916 | acc_phy = 0.908 
| epoch = 27 | step =   100 | loss_pnn = 1.583 | loss_cn = 0.00177378 | acc_sim = 0.916 | acc_phy = 0.908 
| epoch = 27 | step =   110 | loss_pnn = 1.583 | loss_cn = 0.00176831 | acc_sim = 0.916 | acc_phy = 0.908 
| epoch = 27 | step =   120 | loss_pnn = 1.583 | loss_cn = 0.00175853 | acc_sim = 0.916 | acc_phy = 0.908 

Current training epoch: 28, learning rate for pnn: 0.00025, learning rate for SEPN: 0.00025
| epoch = 28 | step =    10 | loss_pnn = 1.582 | loss_cn = 0.00185436 | acc_sim = 0.920 | acc_phy = 0.910 
| epoch = 28 | step =    20 | loss_pnn = 1.579 | loss_cn = 0.00175336 | acc_sim = 0.920 | acc_phy = 0.913 
| epoch = 28 | step =    30 | loss_pnn = 1.581 | loss_cn = 0.00180875 | acc_sim = 0.917 | acc_phy = 0.910 
| epoch = 28 | step =    40 | loss_pnn = 1.582 | loss_cn = 0.00182656 | acc_sim = 0.918 | acc_phy = 0.910 
| epoch = 28 | step =    50 | loss_pnn = 1.582 | loss_cn = 0.00179822 | acc_sim = 0.918 | acc_phy = 0.909 
| epoch = 28 | step =    60 | loss_pnn = 1.582 | loss_cn = 0.00182252 | acc_sim = 0.918 | acc_phy = 0.908 
| epoch = 28 | step =    70 | loss_pnn = 1.582 | loss_cn = 0.00180347 | acc_sim = 0.917 | acc_phy = 0.908 
| epoch = 28 | step =    80 | loss_pnn = 1.582 | loss_cn = 0.00181138 | acc_sim = 0.917 | acc_phy = 0.908 
| epoch = 28 | step =    90 | loss_pnn = 1.583 | loss_cn = 0.00181698 | acc_sim = 0.916 | acc_phy = 0.907 
| epoch = 28 | step =   100 | loss_pnn = 1.582 | loss_cn = 0.00181092 | acc_sim = 0.917 | acc_phy = 0.908 
| epoch = 28 | step =   110 | loss_pnn = 1.582 | loss_cn = 0.00179664 | acc_sim = 0.917 | acc_phy = 0.908 
| epoch = 28 | step =   120 | loss_pnn = 1.582 | loss_cn = 0.00179727 | acc_sim = 0.916 | acc_phy = 0.908 

Current training epoch: 29, learning rate for pnn: 0.00025, learning rate for SEPN: 0.00025
| epoch = 29 | step =    10 | loss_pnn = 1.580 | loss_cn = 0.00176567 | acc_sim = 0.919 | acc_phy = 0.909 
| epoch = 29 | step =    20 | loss_pnn = 1.583 | loss_cn = 0.00177067 | acc_sim = 0.916 | acc_phy = 0.906 
| epoch = 29 | step =    30 | loss_pnn = 1.583 | loss_cn = 0.00178894 | acc_sim = 0.916 | acc_phy = 0.907 
| epoch = 29 | step =    40 | loss_pnn = 1.581 | loss_cn = 0.00176740 | acc_sim = 0.918 | acc_phy = 0.910 
| epoch = 29 | step =    50 | loss_pnn = 1.582 | loss_cn = 0.00178364 | acc_sim = 0.917 | acc_phy = 0.909 
| epoch = 29 | step =    60 | loss_pnn = 1.582 | loss_cn = 0.00179302 | acc_sim = 0.917 | acc_phy = 0.909 
| epoch = 29 | step =    70 | loss_pnn = 1.581 | loss_cn = 0.00178362 | acc_sim = 0.918 | acc_phy = 0.909 
| epoch = 29 | step =    80 | loss_pnn = 1.581 | loss_cn = 0.00178516 | acc_sim = 0.919 | acc_phy = 0.910 
| epoch = 29 | step =    90 | loss_pnn = 1.581 | loss_cn = 0.00178414 | acc_sim = 0.918 | acc_phy = 0.910 
| epoch = 29 | step =   100 | loss_pnn = 1.581 | loss_cn = 0.00178369 | acc_sim = 0.919 | acc_phy = 0.910 
| epoch = 29 | step =   110 | loss_pnn = 1.581 | loss_cn = 0.00179526 | acc_sim = 0.918 | acc_phy = 0.909 
| epoch = 29 | step =   120 | loss_pnn = 1.582 | loss_cn = 0.00179336 | acc_sim = 0.917 | acc_phy = 0.909 

Current training epoch: 30, learning rate for pnn: 0.00025, learning rate for SEPN: 0.00025
| epoch = 30 | step =    10 | loss_pnn = 1.577 | loss_cn = 0.00173663 | acc_sim = 0.923 | acc_phy = 0.914 
| epoch = 30 | step =    20 | loss_pnn = 1.580 | loss_cn = 0.00178989 | acc_sim = 0.921 | acc_phy = 0.910 
| epoch = 30 | step =    30 | loss_pnn = 1.581 | loss_cn = 0.00181377 | acc_sim = 0.919 | acc_phy = 0.909 
| epoch = 30 | step =    40 | loss_pnn = 1.582 | loss_cn = 0.00182256 | acc_sim = 0.918 | acc_phy = 0.909 
| epoch = 30 | step =    50 | loss_pnn = 1.580 | loss_cn = 0.00181164 | acc_sim = 0.920 | acc_phy = 0.910 
| epoch = 30 | step =    60 | loss_pnn = 1.580 | loss_cn = 0.00182391 | acc_sim = 0.920 | acc_phy = 0.911 
| epoch = 30 | step =    70 | loss_pnn = 1.580 | loss_cn = 0.00183815 | acc_sim = 0.921 | acc_phy = 0.911 
| epoch = 30 | step =    80 | loss_pnn = 1.581 | loss_cn = 0.00184028 | acc_sim = 0.920 | acc_phy = 0.910 
| epoch = 30 | step =    90 | loss_pnn = 1.582 | loss_cn = 0.00184427 | acc_sim = 0.919 | acc_phy = 0.909 
| epoch = 30 | step =   100 | loss_pnn = 1.581 | loss_cn = 0.00184469 | acc_sim = 0.919 | acc_phy = 0.910 
| epoch = 30 | step =   110 | loss_pnn = 1.581 | loss_cn = 0.00185929 | acc_sim = 0.919 | acc_phy = 0.910 
| epoch = 30 | step =   120 | loss_pnn = 1.582 | loss_cn = 0.00184994 | acc_sim = 0.918 | acc_phy = 0.909 

Current training epoch: 31, learning rate for pnn: 0.000125, learning rate for SEPN: 0.000125
| epoch = 31 | step =    10 | loss_pnn = 1.586 | loss_cn = 0.00196696 | acc_sim = 0.913 | acc_phy = 0.905 
| epoch = 31 | step =    20 | loss_pnn = 1.585 | loss_cn = 0.00193189 | acc_sim = 0.916 | acc_phy = 0.905 
| epoch = 31 | step =    30 | loss_pnn = 1.584 | loss_cn = 0.00189060 | acc_sim = 0.917 | acc_phy = 0.907 
| epoch = 31 | step =    40 | loss_pnn = 1.583 | loss_cn = 0.00187983 | acc_sim = 0.918 | acc_phy = 0.908 
| epoch = 31 | step =    50 | loss_pnn = 1.583 | loss_cn = 0.00187217 | acc_sim = 0.917 | acc_phy = 0.908 
| epoch = 31 | step =    60 | loss_pnn = 1.583 | loss_cn = 0.00185660 | acc_sim = 0.918 | acc_phy = 0.908 
| epoch = 31 | step =    70 | loss_pnn = 1.583 | loss_cn = 0.00184049 | acc_sim = 0.917 | acc_phy = 0.908 
| epoch = 31 | step =    80 | loss_pnn = 1.583 | loss_cn = 0.00184939 | acc_sim = 0.918 | acc_phy = 0.908 
| epoch = 31 | step =    90 | loss_pnn = 1.582 | loss_cn = 0.00183159 | acc_sim = 0.918 | acc_phy = 0.909 
| epoch = 31 | step =   100 | loss_pnn = 1.583 | loss_cn = 0.00184023 | acc_sim = 0.918 | acc_phy = 0.909 
| epoch = 31 | step =   110 | loss_pnn = 1.582 | loss_cn = 0.00183225 | acc_sim = 0.919 | acc_phy = 0.909 
| epoch = 31 | step =   120 | loss_pnn = 1.582 | loss_cn = 0.00183217 | acc_sim = 0.919 | acc_phy = 0.910 

Current training epoch: 32, learning rate for pnn: 0.000125, learning rate for SEPN: 0.000125
| epoch = 32 | step =    10 | loss_pnn = 1.580 | loss_cn = 0.00174574 | acc_sim = 0.921 | acc_phy = 0.913 
| epoch = 32 | step =    20 | loss_pnn = 1.580 | loss_cn = 0.00176034 | acc_sim = 0.921 | acc_phy = 0.914 
| epoch = 32 | step =    30 | loss_pnn = 1.581 | loss_cn = 0.00176891 | acc_sim = 0.920 | acc_phy = 0.912 
| epoch = 32 | step =    40 | loss_pnn = 1.581 | loss_cn = 0.00177266 | acc_sim = 0.920 | acc_phy = 0.912 
| epoch = 32 | step =    50 | loss_pnn = 1.582 | loss_cn = 0.00180511 | acc_sim = 0.919 | acc_phy = 0.911 
| epoch = 32 | step =    60 | loss_pnn = 1.582 | loss_cn = 0.00184103 | acc_sim = 0.919 | acc_phy = 0.910 
| epoch = 32 | step =    70 | loss_pnn = 1.583 | loss_cn = 0.00186097 | acc_sim = 0.918 | acc_phy = 0.909 
| epoch = 32 | step =    80 | loss_pnn = 1.583 | loss_cn = 0.00185431 | acc_sim = 0.918 | acc_phy = 0.908 
| epoch = 32 | step =    90 | loss_pnn = 1.583 | loss_cn = 0.00184952 | acc_sim = 0.919 | acc_phy = 0.909 
| epoch = 32 | step =   100 | loss_pnn = 1.583 | loss_cn = 0.00184629 | acc_sim = 0.919 | acc_phy = 0.909 
| epoch = 32 | step =   110 | loss_pnn = 1.582 | loss_cn = 0.00184359 | acc_sim = 0.919 | acc_phy = 0.910 
| epoch = 32 | step =   120 | loss_pnn = 1.582 | loss_cn = 0.00184982 | acc_sim = 0.919 | acc_phy = 0.910 

Current training epoch: 33, learning rate for pnn: 0.000125, learning rate for SEPN: 0.000125
| epoch = 33 | step =    10 | loss_pnn = 1.583 | loss_cn = 0.00185154 | acc_sim = 0.918 | acc_phy = 0.910 
| epoch = 33 | step =    20 | loss_pnn = 1.585 | loss_cn = 0.00193722 | acc_sim = 0.916 | acc_phy = 0.908 
| epoch = 33 | step =    30 | loss_pnn = 1.584 | loss_cn = 0.00190893 | acc_sim = 0.917 | acc_phy = 0.909 
| epoch = 33 | step =    40 | loss_pnn = 1.584 | loss_cn = 0.00190768 | acc_sim = 0.918 | acc_phy = 0.909 
| epoch = 33 | step =    50 | loss_pnn = 1.583 | loss_cn = 0.00190675 | acc_sim = 0.919 | acc_phy = 0.910 
| epoch = 33 | step =    60 | loss_pnn = 1.582 | loss_cn = 0.00189383 | acc_sim = 0.920 | acc_phy = 0.911 
| epoch = 33 | step =    70 | loss_pnn = 1.582 | loss_cn = 0.00188405 | acc_sim = 0.920 | acc_phy = 0.911 
| epoch = 33 | step =    80 | loss_pnn = 1.582 | loss_cn = 0.00188605 | acc_sim = 0.920 | acc_phy = 0.911 
| epoch = 33 | step =    90 | loss_pnn = 1.583 | loss_cn = 0.00189594 | acc_sim = 0.919 | acc_phy = 0.910 
| epoch = 33 | step =   100 | loss_pnn = 1.583 | loss_cn = 0.00190049 | acc_sim = 0.919 | acc_phy = 0.910 
| epoch = 33 | step =   110 | loss_pnn = 1.583 | loss_cn = 0.00189773 | acc_sim = 0.919 | acc_phy = 0.910 
| epoch = 33 | step =   120 | loss_pnn = 1.583 | loss_cn = 0.00188760 | acc_sim = 0.919 | acc_phy = 0.910 

Current training epoch: 34, learning rate for pnn: 0.000125, learning rate for SEPN: 0.000125
| epoch = 34 | step =    10 | loss_pnn = 1.582 | loss_cn = 0.00198936 | acc_sim = 0.920 | acc_phy = 0.912 
| epoch = 34 | step =    20 | loss_pnn = 1.582 | loss_cn = 0.00194905 | acc_sim = 0.921 | acc_phy = 0.913 
| epoch = 34 | step =    30 | loss_pnn = 1.584 | loss_cn = 0.00195975 | acc_sim = 0.918 | acc_phy = 0.910 
| epoch = 34 | step =    40 | loss_pnn = 1.583 | loss_cn = 0.00192351 | acc_sim = 0.919 | acc_phy = 0.910 
| epoch = 34 | step =    50 | loss_pnn = 1.583 | loss_cn = 0.00192502 | acc_sim = 0.919 | acc_phy = 0.911 
| epoch = 34 | step =    60 | loss_pnn = 1.584 | loss_cn = 0.00194973 | acc_sim = 0.919 | acc_phy = 0.910 
| epoch = 34 | step =    70 | loss_pnn = 1.585 | loss_cn = 0.00196852 | acc_sim = 0.919 | acc_phy = 0.910 
| epoch = 34 | step =    80 | loss_pnn = 1.585 | loss_cn = 0.00197510 | acc_sim = 0.919 | acc_phy = 0.910 
| epoch = 34 | step =    90 | loss_pnn = 1.584 | loss_cn = 0.00198412 | acc_sim = 0.919 | acc_phy = 0.910 
| epoch = 34 | step =   100 | loss_pnn = 1.585 | loss_cn = 0.00199571 | acc_sim = 0.919 | acc_phy = 0.910 
| epoch = 34 | step =   110 | loss_pnn = 1.585 | loss_cn = 0.00200627 | acc_sim = 0.919 | acc_phy = 0.910 
| epoch = 34 | step =   120 | loss_pnn = 1.585 | loss_cn = 0.00201987 | acc_sim = 0.919 | acc_phy = 0.910 

Current training epoch: 35, learning rate for pnn: 0.000125, learning rate for SEPN: 0.000125
| epoch = 35 | step =    10 | loss_pnn = 1.586 | loss_cn = 0.00209400 | acc_sim = 0.919 | acc_phy = 0.911 
| epoch = 35 | step =    20 | loss_pnn = 1.587 | loss_cn = 0.00213377 | acc_sim = 0.917 | acc_phy = 0.910 
| epoch = 35 | step =    30 | loss_pnn = 1.586 | loss_cn = 0.00209867 | acc_sim = 0.919 | acc_phy = 0.911 
| epoch = 35 | step =    40 | loss_pnn = 1.587 | loss_cn = 0.00212400 | acc_sim = 0.918 | acc_phy = 0.909 
| epoch = 35 | step =    50 | loss_pnn = 1.587 | loss_cn = 0.00215442 | acc_sim = 0.918 | acc_phy = 0.909 
| epoch = 35 | step =    60 | loss_pnn = 1.587 | loss_cn = 0.00215642 | acc_sim = 0.918 | acc_phy = 0.909 
| epoch = 35 | step =    70 | loss_pnn = 1.588 | loss_cn = 0.00216531 | acc_sim = 0.917 | acc_phy = 0.909 
| epoch = 35 | step =    80 | loss_pnn = 1.587 | loss_cn = 0.00215824 | acc_sim = 0.918 | acc_phy = 0.910 
| epoch = 35 | step =    90 | loss_pnn = 1.587 | loss_cn = 0.00214110 | acc_sim = 0.919 | acc_phy = 0.910 
| epoch = 35 | step =   100 | loss_pnn = 1.587 | loss_cn = 0.00213066 | acc_sim = 0.918 | acc_phy = 0.910 
| epoch = 35 | step =   110 | loss_pnn = 1.587 | loss_cn = 0.00214426 | acc_sim = 0.918 | acc_phy = 0.910 
| epoch = 35 | step =   120 | loss_pnn = 1.587 | loss_cn = 0.00214440 | acc_sim = 0.918 | acc_phy = 0.910 

Current training epoch: 36, learning rate for pnn: 0.000125, learning rate for SEPN: 0.000125
| epoch = 36 | step =    10 | loss_pnn = 1.583 | loss_cn = 0.00200685 | acc_sim = 0.921 | acc_phy = 0.909 
| epoch = 36 | step =    20 | loss_pnn = 1.585 | loss_cn = 0.00206211 | acc_sim = 0.920 | acc_phy = 0.908 
| epoch = 36 | step =    30 | loss_pnn = 1.585 | loss_cn = 0.00206204 | acc_sim = 0.920 | acc_phy = 0.909 
| epoch = 36 | step =    40 | loss_pnn = 1.586 | loss_cn = 0.00206624 | acc_sim = 0.919 | acc_phy = 0.909 
| epoch = 36 | step =    50 | loss_pnn = 1.586 | loss_cn = 0.00209343 | acc_sim = 0.919 | acc_phy = 0.909 
| epoch = 36 | step =    60 | loss_pnn = 1.586 | loss_cn = 0.00206304 | acc_sim = 0.919 | acc_phy = 0.910 
| epoch = 36 | step =    70 | loss_pnn = 1.585 | loss_cn = 0.00205791 | acc_sim = 0.920 | acc_phy = 0.911 
| epoch = 36 | step =    80 | loss_pnn = 1.585 | loss_cn = 0.00207579 | acc_sim = 0.920 | acc_phy = 0.911 
| epoch = 36 | step =    90 | loss_pnn = 1.586 | loss_cn = 0.00208914 | acc_sim = 0.919 | acc_phy = 0.911 
| epoch = 36 | step =   100 | loss_pnn = 1.586 | loss_cn = 0.00208790 | acc_sim = 0.919 | acc_phy = 0.911 
| epoch = 36 | step =   110 | loss_pnn = 1.587 | loss_cn = 0.00208373 | acc_sim = 0.918 | acc_phy = 0.910 
| epoch = 36 | step =   120 | loss_pnn = 1.586 | loss_cn = 0.00207162 | acc_sim = 0.919 | acc_phy = 0.910 

Current training epoch: 37, learning rate for pnn: 0.000125, learning rate for SEPN: 0.000125
| epoch = 37 | step =    10 | loss_pnn = 1.585 | loss_cn = 0.00209318 | acc_sim = 0.921 | acc_phy = 0.912 
| epoch = 37 | step =    20 | loss_pnn = 1.584 | loss_cn = 0.00207756 | acc_sim = 0.923 | acc_phy = 0.913 
| epoch = 37 | step =    30 | loss_pnn = 1.585 | loss_cn = 0.00208561 | acc_sim = 0.923 | acc_phy = 0.912 
| epoch = 37 | step =    40 | loss_pnn = 1.585 | loss_cn = 0.00209132 | acc_sim = 0.924 | acc_phy = 0.912 
| epoch = 37 | step =    50 | loss_pnn = 1.586 | loss_cn = 0.00208942 | acc_sim = 0.922 | acc_phy = 0.910 
| epoch = 37 | step =    60 | loss_pnn = 1.586 | loss_cn = 0.00206711 | acc_sim = 0.922 | acc_phy = 0.910 
| epoch = 37 | step =    70 | loss_pnn = 1.587 | loss_cn = 0.00207153 | acc_sim = 0.921 | acc_phy = 0.910 
| epoch = 37 | step =    80 | loss_pnn = 1.588 | loss_cn = 0.00206653 | acc_sim = 0.919 | acc_phy = 0.909 
| epoch = 37 | step =    90 | loss_pnn = 1.587 | loss_cn = 0.00206094 | acc_sim = 0.920 | acc_phy = 0.910 
| epoch = 37 | step =   100 | loss_pnn = 1.587 | loss_cn = 0.00206028 | acc_sim = 0.919 | acc_phy = 0.910 
| epoch = 37 | step =   110 | loss_pnn = 1.588 | loss_cn = 0.00205497 | acc_sim = 0.919 | acc_phy = 0.909 
| epoch = 37 | step =   120 | loss_pnn = 1.588 | loss_cn = 0.00204943 | acc_sim = 0.919 | acc_phy = 0.909 

Current training epoch: 38, learning rate for pnn: 0.000125, learning rate for SEPN: 0.000125
| epoch = 38 | step =    10 | loss_pnn = 1.589 | loss_cn = 0.00199418 | acc_sim = 0.915 | acc_phy = 0.906 
| epoch = 38 | step =    20 | loss_pnn = 1.589 | loss_cn = 0.00199348 | acc_sim = 0.917 | acc_phy = 0.907 
| epoch = 38 | step =    30 | loss_pnn = 1.589 | loss_cn = 0.00200028 | acc_sim = 0.918 | acc_phy = 0.908 
| epoch = 38 | step =    40 | loss_pnn = 1.589 | loss_cn = 0.00201809 | acc_sim = 0.918 | acc_phy = 0.908 
| epoch = 38 | step =    50 | loss_pnn = 1.589 | loss_cn = 0.00202734 | acc_sim = 0.918 | acc_phy = 0.908 
| epoch = 38 | step =    60 | loss_pnn = 1.589 | loss_cn = 0.00204373 | acc_sim = 0.918 | acc_phy = 0.909 
| epoch = 38 | step =    70 | loss_pnn = 1.590 | loss_cn = 0.00205326 | acc_sim = 0.917 | acc_phy = 0.907 
| epoch = 38 | step =    80 | loss_pnn = 1.590 | loss_cn = 0.00205501 | acc_sim = 0.916 | acc_phy = 0.907 
| epoch = 38 | step =    90 | loss_pnn = 1.589 | loss_cn = 0.00203742 | acc_sim = 0.918 | acc_phy = 0.908 
| epoch = 38 | step =   100 | loss_pnn = 1.588 | loss_cn = 0.00201445 | acc_sim = 0.918 | acc_phy = 0.909 
| epoch = 38 | step =   110 | loss_pnn = 1.588 | loss_cn = 0.00200207 | acc_sim = 0.918 | acc_phy = 0.909 
| epoch = 38 | step =   120 | loss_pnn = 1.588 | loss_cn = 0.00200097 | acc_sim = 0.919 | acc_phy = 0.909 

Current training epoch: 39, learning rate for pnn: 0.000125, learning rate for SEPN: 0.000125
| epoch = 39 | step =    10 | loss_pnn = 1.587 | loss_cn = 0.00203457 | acc_sim = 0.920 | acc_phy = 0.912 
| epoch = 39 | step =    20 | loss_pnn = 1.586 | loss_cn = 0.00202868 | acc_sim = 0.921 | acc_phy = 0.912 
| epoch = 39 | step =    30 | loss_pnn = 1.586 | loss_cn = 0.00198551 | acc_sim = 0.921 | acc_phy = 0.912 
| epoch = 39 | step =    40 | loss_pnn = 1.587 | loss_cn = 0.00195139 | acc_sim = 0.920 | acc_phy = 0.911 
| epoch = 39 | step =    50 | loss_pnn = 1.588 | loss_cn = 0.00197580 | acc_sim = 0.919 | acc_phy = 0.909 
| epoch = 39 | step =    60 | loss_pnn = 1.589 | loss_cn = 0.00197056 | acc_sim = 0.917 | acc_phy = 0.908 
| epoch = 39 | step =    70 | loss_pnn = 1.589 | loss_cn = 0.00197567 | acc_sim = 0.918 | acc_phy = 0.909 
| epoch = 39 | step =    80 | loss_pnn = 1.588 | loss_cn = 0.00197443 | acc_sim = 0.918 | acc_phy = 0.909 
| epoch = 39 | step =    90 | loss_pnn = 1.589 | loss_cn = 0.00197820 | acc_sim = 0.918 | acc_phy = 0.908 
| epoch = 39 | step =   100 | loss_pnn = 1.588 | loss_cn = 0.00196590 | acc_sim = 0.918 | acc_phy = 0.909 
| epoch = 39 | step =   110 | loss_pnn = 1.588 | loss_cn = 0.00196367 | acc_sim = 0.918 | acc_phy = 0.909 
| epoch = 39 | step =   120 | loss_pnn = 1.588 | loss_cn = 0.00194797 | acc_sim = 0.918 | acc_phy = 0.910 

Current training epoch: 40, learning rate for pnn: 0.000125, learning rate for SEPN: 0.000125
| epoch = 40 | step =    10 | loss_pnn = 1.589 | loss_cn = 0.00198572 | acc_sim = 0.919 | acc_phy = 0.909 
| epoch = 40 | step =    20 | loss_pnn = 1.587 | loss_cn = 0.00192038 | acc_sim = 0.920 | acc_phy = 0.911 
| epoch = 40 | step =    30 | loss_pnn = 1.587 | loss_cn = 0.00187885 | acc_sim = 0.918 | acc_phy = 0.910 
| epoch = 40 | step =    40 | loss_pnn = 1.588 | loss_cn = 0.00188552 | acc_sim = 0.918 | acc_phy = 0.909 
| epoch = 40 | step =    50 | loss_pnn = 1.586 | loss_cn = 0.00186384 | acc_sim = 0.919 | acc_phy = 0.911 
| epoch = 40 | step =    60 | loss_pnn = 1.586 | loss_cn = 0.00186460 | acc_sim = 0.919 | acc_phy = 0.911 
| epoch = 40 | step =    70 | loss_pnn = 1.587 | loss_cn = 0.00187434 | acc_sim = 0.918 | acc_phy = 0.910 
| epoch = 40 | step =    80 | loss_pnn = 1.587 | loss_cn = 0.00186358 | acc_sim = 0.918 | acc_phy = 0.910 
| epoch = 40 | step =    90 | loss_pnn = 1.587 | loss_cn = 0.00186415 | acc_sim = 0.918 | acc_phy = 0.910 
| epoch = 40 | step =   100 | loss_pnn = 1.587 | loss_cn = 0.00187830 | acc_sim = 0.919 | acc_phy = 0.910 
| epoch = 40 | step =   110 | loss_pnn = 1.587 | loss_cn = 0.00187541 | acc_sim = 0.918 | acc_phy = 0.910 
| epoch = 40 | step =   120 | loss_pnn = 1.587 | loss_cn = 0.00186615 | acc_sim = 0.918 | acc_phy = 0.910 

Current training epoch: 41, learning rate for pnn: 6.25e-05, learning rate for SEPN: 6.25e-05
| epoch = 41 | step =    10 | loss_pnn = 1.584 | loss_cn = 0.00169849 | acc_sim = 0.921 | acc_phy = 0.914 
| epoch = 41 | step =    20 | loss_pnn = 1.585 | loss_cn = 0.00173339 | acc_sim = 0.918 | acc_phy = 0.913 
| epoch = 41 | step =    30 | loss_pnn = 1.586 | loss_cn = 0.00176956 | acc_sim = 0.917 | acc_phy = 0.910 
| epoch = 41 | step =    40 | loss_pnn = 1.586 | loss_cn = 0.00177094 | acc_sim = 0.918 | acc_phy = 0.911 
| epoch = 41 | step =    50 | loss_pnn = 1.586 | loss_cn = 0.00175727 | acc_sim = 0.919 | acc_phy = 0.912 
| epoch = 41 | step =    60 | loss_pnn = 1.585 | loss_cn = 0.00174424 | acc_sim = 0.919 | acc_phy = 0.912 
| epoch = 41 | step =    70 | loss_pnn = 1.585 | loss_cn = 0.00174743 | acc_sim = 0.919 | acc_phy = 0.912 
| epoch = 41 | step =    80 | loss_pnn = 1.586 | loss_cn = 0.00176757 | acc_sim = 0.919 | acc_phy = 0.912 
| epoch = 41 | step =    90 | loss_pnn = 1.586 | loss_cn = 0.00177875 | acc_sim = 0.918 | acc_phy = 0.911 
| epoch = 41 | step =   100 | loss_pnn = 1.586 | loss_cn = 0.00179340 | acc_sim = 0.918 | acc_phy = 0.911 
| epoch = 41 | step =   110 | loss_pnn = 1.586 | loss_cn = 0.00178858 | acc_sim = 0.918 | acc_phy = 0.911 
| epoch = 41 | step =   120 | loss_pnn = 1.586 | loss_cn = 0.00178653 | acc_sim = 0.918 | acc_phy = 0.911 

Current training epoch: 42, learning rate for pnn: 6.25e-05, learning rate for SEPN: 6.25e-05
| epoch = 42 | step =    10 | loss_pnn = 1.589 | loss_cn = 0.00182775 | acc_sim = 0.917 | acc_phy = 0.908 
| epoch = 42 | step =    20 | loss_pnn = 1.585 | loss_cn = 0.00176572 | acc_sim = 0.920 | acc_phy = 0.911 
| epoch = 42 | step =    30 | loss_pnn = 1.587 | loss_cn = 0.00180987 | acc_sim = 0.919 | acc_phy = 0.910 
| epoch = 42 | step =    40 | loss_pnn = 1.586 | loss_cn = 0.00178413 | acc_sim = 0.920 | acc_phy = 0.910 
| epoch = 42 | step =    50 | loss_pnn = 1.587 | loss_cn = 0.00178312 | acc_sim = 0.919 | acc_phy = 0.909 
| epoch = 42 | step =    60 | loss_pnn = 1.587 | loss_cn = 0.00177713 | acc_sim = 0.918 | acc_phy = 0.909 
| epoch = 42 | step =    70 | loss_pnn = 1.586 | loss_cn = 0.00176803 | acc_sim = 0.919 | acc_phy = 0.910 
| epoch = 42 | step =    80 | loss_pnn = 1.586 | loss_cn = 0.00176189 | acc_sim = 0.919 | acc_phy = 0.910 
| epoch = 42 | step =    90 | loss_pnn = 1.586 | loss_cn = 0.00175991 | acc_sim = 0.919 | acc_phy = 0.910 
| epoch = 42 | step =   100 | loss_pnn = 1.586 | loss_cn = 0.00176497 | acc_sim = 0.919 | acc_phy = 0.910 
| epoch = 42 | step =   110 | loss_pnn = 1.586 | loss_cn = 0.00175751 | acc_sim = 0.919 | acc_phy = 0.910 
| epoch = 42 | step =   120 | loss_pnn = 1.586 | loss_cn = 0.00175233 | acc_sim = 0.919 | acc_phy = 0.910 

Current training epoch: 43, learning rate for pnn: 6.25e-05, learning rate for SEPN: 6.25e-05
| epoch = 43 | step =    10 | loss_pnn = 1.588 | loss_cn = 0.00185412 | acc_sim = 0.915 | acc_phy = 0.907 
| epoch = 43 | step =    20 | loss_pnn = 1.590 | loss_cn = 0.00175815 | acc_sim = 0.914 | acc_phy = 0.906 
| epoch = 43 | step =    30 | loss_pnn = 1.588 | loss_cn = 0.00172519 | acc_sim = 0.916 | acc_phy = 0.908 
| epoch = 43 | step =    40 | loss_pnn = 1.587 | loss_cn = 0.00176606 | acc_sim = 0.917 | acc_phy = 0.909 
| epoch = 43 | step =    50 | loss_pnn = 1.586 | loss_cn = 0.00175504 | acc_sim = 0.918 | acc_phy = 0.910 
| epoch = 43 | step =    60 | loss_pnn = 1.585 | loss_cn = 0.00173474 | acc_sim = 0.919 | acc_phy = 0.910 
| epoch = 43 | step =    70 | loss_pnn = 1.586 | loss_cn = 0.00171608 | acc_sim = 0.918 | acc_phy = 0.910 
| epoch = 43 | step =    80 | loss_pnn = 1.586 | loss_cn = 0.00174412 | acc_sim = 0.918 | acc_phy = 0.910 
| epoch = 43 | step =    90 | loss_pnn = 1.585 | loss_cn = 0.00172918 | acc_sim = 0.919 | acc_phy = 0.911 
| epoch = 43 | step =   100 | loss_pnn = 1.586 | loss_cn = 0.00173806 | acc_sim = 0.918 | acc_phy = 0.910 
| epoch = 43 | step =   110 | loss_pnn = 1.586 | loss_cn = 0.00173711 | acc_sim = 0.918 | acc_phy = 0.910 
| epoch = 43 | step =   120 | loss_pnn = 1.586 | loss_cn = 0.00172602 | acc_sim = 0.918 | acc_phy = 0.911 

Current training epoch: 44, learning rate for pnn: 6.25e-05, learning rate for SEPN: 6.25e-05
| epoch = 44 | step =    10 | loss_pnn = 1.593 | loss_cn = 0.00176064 | acc_sim = 0.912 | acc_phy = 0.900 
| epoch = 44 | step =    20 | loss_pnn = 1.587 | loss_cn = 0.00175322 | acc_sim = 0.918 | acc_phy = 0.908 
| epoch = 44 | step =    30 | loss_pnn = 1.586 | loss_cn = 0.00169054 | acc_sim = 0.918 | acc_phy = 0.909 
| epoch = 44 | step =    40 | loss_pnn = 1.586 | loss_cn = 0.00168852 | acc_sim = 0.918 | acc_phy = 0.909 
| epoch = 44 | step =    50 | loss_pnn = 1.586 | loss_cn = 0.00168170 | acc_sim = 0.918 | acc_phy = 0.910 
| epoch = 44 | step =    60 | loss_pnn = 1.585 | loss_cn = 0.00166550 | acc_sim = 0.918 | acc_phy = 0.911 
| epoch = 44 | step =    70 | loss_pnn = 1.585 | loss_cn = 0.00168462 | acc_sim = 0.918 | acc_phy = 0.911 
| epoch = 44 | step =    80 | loss_pnn = 1.585 | loss_cn = 0.00168325 | acc_sim = 0.919 | acc_phy = 0.911 
| epoch = 44 | step =    90 | loss_pnn = 1.585 | loss_cn = 0.00169391 | acc_sim = 0.919 | acc_phy = 0.911 
| epoch = 44 | step =   100 | loss_pnn = 1.586 | loss_cn = 0.00170592 | acc_sim = 0.918 | acc_phy = 0.910 
| epoch = 44 | step =   110 | loss_pnn = 1.585 | loss_cn = 0.00169513 | acc_sim = 0.919 | acc_phy = 0.911 
| epoch = 44 | step =   120 | loss_pnn = 1.585 | loss_cn = 0.00170358 | acc_sim = 0.919 | acc_phy = 0.911 

Current training epoch: 45, learning rate for pnn: 6.25e-05, learning rate for SEPN: 6.25e-05
| epoch = 45 | step =    10 | loss_pnn = 1.586 | loss_cn = 0.00169308 | acc_sim = 0.915 | acc_phy = 0.908 
| epoch = 45 | step =    20 | loss_pnn = 1.584 | loss_cn = 0.00163450 | acc_sim = 0.917 | acc_phy = 0.910 
| epoch = 45 | step =    30 | loss_pnn = 1.585 | loss_cn = 0.00166023 | acc_sim = 0.917 | acc_phy = 0.910 
| epoch = 45 | step =    40 | loss_pnn = 1.584 | loss_cn = 0.00166455 | acc_sim = 0.918 | acc_phy = 0.911 
| epoch = 45 | step =    50 | loss_pnn = 1.584 | loss_cn = 0.00167115 | acc_sim = 0.918 | acc_phy = 0.911 
| epoch = 45 | step =    60 | loss_pnn = 1.584 | loss_cn = 0.00164603 | acc_sim = 0.919 | acc_phy = 0.911 
| epoch = 45 | step =    70 | loss_pnn = 1.585 | loss_cn = 0.00166458 | acc_sim = 0.918 | acc_phy = 0.910 
| epoch = 45 | step =    80 | loss_pnn = 1.585 | loss_cn = 0.00167007 | acc_sim = 0.918 | acc_phy = 0.910 
| epoch = 45 | step =    90 | loss_pnn = 1.585 | loss_cn = 0.00168089 | acc_sim = 0.918 | acc_phy = 0.910 
| epoch = 45 | step =   100 | loss_pnn = 1.585 | loss_cn = 0.00167152 | acc_sim = 0.918 | acc_phy = 0.911 
| epoch = 45 | step =   110 | loss_pnn = 1.585 | loss_cn = 0.00168598 | acc_sim = 0.918 | acc_phy = 0.911 
| epoch = 45 | step =   120 | loss_pnn = 1.585 | loss_cn = 0.00168558 | acc_sim = 0.918 | acc_phy = 0.911 

Current training epoch: 46, learning rate for pnn: 6.25e-05, learning rate for SEPN: 6.25e-05
| epoch = 46 | step =    10 | loss_pnn = 1.590 | loss_cn = 0.00163122 | acc_sim = 0.911 | acc_phy = 0.904 
| epoch = 46 | step =    20 | loss_pnn = 1.587 | loss_cn = 0.00165275 | acc_sim = 0.917 | acc_phy = 0.909 
| epoch = 46 | step =    30 | loss_pnn = 1.589 | loss_cn = 0.00168911 | acc_sim = 0.915 | acc_phy = 0.906 
| epoch = 46 | step =    40 | loss_pnn = 1.587 | loss_cn = 0.00165892 | acc_sim = 0.917 | acc_phy = 0.910 
| epoch = 46 | step =    50 | loss_pnn = 1.585 | loss_cn = 0.00163285 | acc_sim = 0.918 | acc_phy = 0.911 
| epoch = 46 | step =    60 | loss_pnn = 1.585 | loss_cn = 0.00162966 | acc_sim = 0.919 | acc_phy = 0.911 
| epoch = 46 | step =    70 | loss_pnn = 1.585 | loss_cn = 0.00162340 | acc_sim = 0.919 | acc_phy = 0.912 
| epoch = 46 | step =    80 | loss_pnn = 1.585 | loss_cn = 0.00163566 | acc_sim = 0.919 | acc_phy = 0.911 
| epoch = 46 | step =    90 | loss_pnn = 1.585 | loss_cn = 0.00164977 | acc_sim = 0.918 | acc_phy = 0.910 
| epoch = 46 | step =   100 | loss_pnn = 1.585 | loss_cn = 0.00164828 | acc_sim = 0.918 | acc_phy = 0.911 
| epoch = 46 | step =   110 | loss_pnn = 1.585 | loss_cn = 0.00165442 | acc_sim = 0.919 | acc_phy = 0.911 
| epoch = 46 | step =   120 | loss_pnn = 1.585 | loss_cn = 0.00165627 | acc_sim = 0.919 | acc_phy = 0.911 

Current training epoch: 47, learning rate for pnn: 6.25e-05, learning rate for SEPN: 6.25e-05
| epoch = 47 | step =    10 | loss_pnn = 1.591 | loss_cn = 0.00188161 | acc_sim = 0.916 | acc_phy = 0.904 
| epoch = 47 | step =    20 | loss_pnn = 1.587 | loss_cn = 0.00178535 | acc_sim = 0.918 | acc_phy = 0.910 
| epoch = 47 | step =    30 | loss_pnn = 1.587 | loss_cn = 0.00171128 | acc_sim = 0.917 | acc_phy = 0.909 
| epoch = 47 | step =    40 | loss_pnn = 1.586 | loss_cn = 0.00167176 | acc_sim = 0.918 | acc_phy = 0.910 
| epoch = 47 | step =    50 | loss_pnn = 1.585 | loss_cn = 0.00164613 | acc_sim = 0.919 | acc_phy = 0.911 
| epoch = 47 | step =    60 | loss_pnn = 1.585 | loss_cn = 0.00164091 | acc_sim = 0.919 | acc_phy = 0.911 
| epoch = 47 | step =    70 | loss_pnn = 1.585 | loss_cn = 0.00164313 | acc_sim = 0.919 | acc_phy = 0.911 
| epoch = 47 | step =    80 | loss_pnn = 1.585 | loss_cn = 0.00163303 | acc_sim = 0.918 | acc_phy = 0.911 
| epoch = 47 | step =    90 | loss_pnn = 1.585 | loss_cn = 0.00164138 | acc_sim = 0.918 | acc_phy = 0.911 
| epoch = 47 | step =   100 | loss_pnn = 1.586 | loss_cn = 0.00165339 | acc_sim = 0.918 | acc_phy = 0.910 
| epoch = 47 | step =   110 | loss_pnn = 1.586 | loss_cn = 0.00165657 | acc_sim = 0.918 | acc_phy = 0.910 
| epoch = 47 | step =   120 | loss_pnn = 1.585 | loss_cn = 0.00164912 | acc_sim = 0.918 | acc_phy = 0.911 

Current training epoch: 48, learning rate for pnn: 6.25e-05, learning rate for SEPN: 6.25e-05
| epoch = 48 | step =    10 | loss_pnn = 1.583 | loss_cn = 0.00160306 | acc_sim = 0.918 | acc_phy = 0.915 
| epoch = 48 | step =    20 | loss_pnn = 1.583 | loss_cn = 0.00160417 | acc_sim = 0.919 | acc_phy = 0.914 
| epoch = 48 | step =    30 | loss_pnn = 1.584 | loss_cn = 0.00161058 | acc_sim = 0.918 | acc_phy = 0.912 
| epoch = 48 | step =    40 | loss_pnn = 1.586 | loss_cn = 0.00161770 | acc_sim = 0.916 | acc_phy = 0.910 
| epoch = 48 | step =    50 | loss_pnn = 1.585 | loss_cn = 0.00162149 | acc_sim = 0.917 | acc_phy = 0.911 
| epoch = 48 | step =    60 | loss_pnn = 1.585 | loss_cn = 0.00162359 | acc_sim = 0.917 | acc_phy = 0.911 
| epoch = 48 | step =    70 | loss_pnn = 1.586 | loss_cn = 0.00162924 | acc_sim = 0.917 | acc_phy = 0.910 
| epoch = 48 | step =    80 | loss_pnn = 1.586 | loss_cn = 0.00163436 | acc_sim = 0.917 | acc_phy = 0.910 
| epoch = 48 | step =    90 | loss_pnn = 1.586 | loss_cn = 0.00164703 | acc_sim = 0.917 | acc_phy = 0.909 
| epoch = 48 | step =   100 | loss_pnn = 1.586 | loss_cn = 0.00163918 | acc_sim = 0.918 | acc_phy = 0.910 
| epoch = 48 | step =   110 | loss_pnn = 1.585 | loss_cn = 0.00164020 | acc_sim = 0.918 | acc_phy = 0.911 
| epoch = 48 | step =   120 | loss_pnn = 1.585 | loss_cn = 0.00162174 | acc_sim = 0.919 | acc_phy = 0.911 

Current training epoch: 49, learning rate for pnn: 6.25e-05, learning rate for SEPN: 6.25e-05
| epoch = 49 | step =    10 | loss_pnn = 1.591 | loss_cn = 0.00163525 | acc_sim = 0.911 | acc_phy = 0.902 
| epoch = 49 | step =    20 | loss_pnn = 1.587 | loss_cn = 0.00161431 | acc_sim = 0.917 | acc_phy = 0.907 
| epoch = 49 | step =    30 | loss_pnn = 1.587 | loss_cn = 0.00165002 | acc_sim = 0.916 | acc_phy = 0.907 
| epoch = 49 | step =    40 | loss_pnn = 1.587 | loss_cn = 0.00164280 | acc_sim = 0.917 | acc_phy = 0.909 
| epoch = 49 | step =    50 | loss_pnn = 1.586 | loss_cn = 0.00163744 | acc_sim = 0.918 | acc_phy = 0.909 
| epoch = 49 | step =    60 | loss_pnn = 1.586 | loss_cn = 0.00164065 | acc_sim = 0.918 | acc_phy = 0.910 
| epoch = 49 | step =    70 | loss_pnn = 1.585 | loss_cn = 0.00163958 | acc_sim = 0.919 | acc_phy = 0.910 
| epoch = 49 | step =    80 | loss_pnn = 1.585 | loss_cn = 0.00163196 | acc_sim = 0.919 | acc_phy = 0.911 
| epoch = 49 | step =    90 | loss_pnn = 1.585 | loss_cn = 0.00162362 | acc_sim = 0.919 | acc_phy = 0.911 
| epoch = 49 | step =   100 | loss_pnn = 1.585 | loss_cn = 0.00160750 | acc_sim = 0.919 | acc_phy = 0.911 
| epoch = 49 | step =   110 | loss_pnn = 1.585 | loss_cn = 0.00160669 | acc_sim = 0.919 | acc_phy = 0.911 
| epoch = 49 | step =   120 | loss_pnn = 1.585 | loss_cn = 0.00160873 | acc_sim = 0.919 | acc_phy = 0.911 

Current training epoch: 50, learning rate for pnn: 6.25e-05, learning rate for SEPN: 6.25e-05
| epoch = 50 | step =    10 | loss_pnn = 1.588 | loss_cn = 0.00167659 | acc_sim = 0.915 | acc_phy = 0.905 
| epoch = 50 | step =    20 | loss_pnn = 1.585 | loss_cn = 0.00157169 | acc_sim = 0.917 | acc_phy = 0.909 
| epoch = 50 | step =    30 | loss_pnn = 1.584 | loss_cn = 0.00157129 | acc_sim = 0.919 | acc_phy = 0.912 
| epoch = 50 | step =    40 | loss_pnn = 1.585 | loss_cn = 0.00158711 | acc_sim = 0.919 | acc_phy = 0.910 
| epoch = 50 | step =    50 | loss_pnn = 1.584 | loss_cn = 0.00158622 | acc_sim = 0.920 | acc_phy = 0.912 
| epoch = 50 | step =    60 | loss_pnn = 1.584 | loss_cn = 0.00159309 | acc_sim = 0.920 | acc_phy = 0.911 
| epoch = 50 | step =    70 | loss_pnn = 1.584 | loss_cn = 0.00161035 | acc_sim = 0.919 | acc_phy = 0.911 
| epoch = 50 | step =    80 | loss_pnn = 1.584 | loss_cn = 0.00160228 | acc_sim = 0.919 | acc_phy = 0.911 
| epoch = 50 | step =    90 | loss_pnn = 1.584 | loss_cn = 0.00161032 | acc_sim = 0.919 | acc_phy = 0.911 
| epoch = 50 | step =   100 | loss_pnn = 1.584 | loss_cn = 0.00160205 | acc_sim = 0.919 | acc_phy = 0.911 
| epoch = 50 | step =   110 | loss_pnn = 1.585 | loss_cn = 0.00160070 | acc_sim = 0.919 | acc_phy = 0.911 
| epoch = 50 | step =   120 | loss_pnn = 1.584 | loss_cn = 0.00159854 | acc_sim = 0.919 | acc_phy = 0.911 
Finished training. Elapsed time of training = 1:39:40.068964
