Training new model from scratch......
--------------------------
Training with SEPN
--------------------------

Current training epoch: 1, learning rate for pnn: 0.001, learning rate for SEPN: 0.001
| epoch = 1 | step =    10 | loss_pnn = 2.297 | loss_cn = 0.02075762 | acc_sim = 0.229 | acc_phy = 0.102 
| epoch = 1 | step =    20 | loss_pnn = 2.267 | loss_cn = 0.01997869 | acc_sim = 0.306 | acc_phy = 0.178 
| epoch = 1 | step =    30 | loss_pnn = 2.242 | loss_cn = 0.01976935 | acc_sim = 0.374 | acc_phy = 0.233 
| epoch = 1 | step =    40 | loss_pnn = 2.222 | loss_cn = 0.01910912 | acc_sim = 0.431 | acc_phy = 0.272 
| epoch = 1 | step =    50 | loss_pnn = 2.206 | loss_cn = 0.01818827 | acc_sim = 0.485 | acc_phy = 0.300 
| epoch = 1 | step =    60 | loss_pnn = 2.193 | loss_cn = 0.01757274 | acc_sim = 0.529 | acc_phy = 0.322 
| epoch = 1 | step =    70 | loss_pnn = 2.179 | loss_cn = 0.01715895 | acc_sim = 0.566 | acc_phy = 0.343 
| epoch = 1 | step =    80 | loss_pnn = 2.168 | loss_cn = 0.01675600 | acc_sim = 0.595 | acc_phy = 0.360 
| epoch = 1 | step =    90 | loss_pnn = 2.157 | loss_cn = 0.01641411 | acc_sim = 0.620 | acc_phy = 0.376 
| epoch = 1 | step =   100 | loss_pnn = 2.147 | loss_cn = 0.01610755 | acc_sim = 0.640 | acc_phy = 0.390 
| epoch = 1 | step =   110 | loss_pnn = 2.138 | loss_cn = 0.01587118 | acc_sim = 0.659 | acc_phy = 0.402 
| epoch = 1 | step =   120 | loss_pnn = 2.129 | loss_cn = 0.01561276 | acc_sim = 0.674 | acc_phy = 0.413 
Phy accuracy of the network on 10000 test images: 0.568


Current training epoch: 2, learning rate for pnn: 0.001, learning rate for SEPN: 0.001
| epoch = 2 | step =    10 | loss_pnn = 2.020 | loss_cn = 0.01294242 | acc_sim = 0.854 | acc_phy = 0.571 
| epoch = 2 | step =    20 | loss_pnn = 2.015 | loss_cn = 0.01267792 | acc_sim = 0.859 | acc_phy = 0.569 
| epoch = 2 | step =    30 | loss_pnn = 2.009 | loss_cn = 0.01246103 | acc_sim = 0.859 | acc_phy = 0.578 
| epoch = 2 | step =    40 | loss_pnn = 2.002 | loss_cn = 0.01241186 | acc_sim = 0.860 | acc_phy = 0.583 
| epoch = 2 | step =    50 | loss_pnn = 1.995 | loss_cn = 0.01222184 | acc_sim = 0.863 | acc_phy = 0.592 
| epoch = 2 | step =    60 | loss_pnn = 1.990 | loss_cn = 0.01206597 | acc_sim = 0.863 | acc_phy = 0.595 
| epoch = 2 | step =    70 | loss_pnn = 1.987 | loss_cn = 0.01193536 | acc_sim = 0.865 | acc_phy = 0.597 
| epoch = 2 | step =    80 | loss_pnn = 1.981 | loss_cn = 0.01186341 | acc_sim = 0.866 | acc_phy = 0.603 
| epoch = 2 | step =    90 | loss_pnn = 1.975 | loss_cn = 0.01176472 | acc_sim = 0.868 | acc_phy = 0.609 
| epoch = 2 | step =   100 | loss_pnn = 1.970 | loss_cn = 0.01164019 | acc_sim = 0.870 | acc_phy = 0.614 
| epoch = 2 | step =   110 | loss_pnn = 1.966 | loss_cn = 0.01155998 | acc_sim = 0.872 | acc_phy = 0.618 
| epoch = 2 | step =   120 | loss_pnn = 1.962 | loss_cn = 0.01141257 | acc_sim = 0.873 | acc_phy = 0.620 
Phy accuracy of the network on 10000 test images: 0.655


Current training epoch: 3, learning rate for pnn: 0.001, learning rate for SEPN: 0.001
| epoch = 3 | step =    10 | loss_pnn = 1.909 | loss_cn = 0.00964355 | acc_sim = 0.895 | acc_phy = 0.664 
| epoch = 3 | step =    20 | loss_pnn = 1.915 | loss_cn = 0.01002211 | acc_sim = 0.892 | acc_phy = 0.660 
| epoch = 3 | step =    30 | loss_pnn = 1.910 | loss_cn = 0.00991036 | acc_sim = 0.893 | acc_phy = 0.667 
| epoch = 3 | step =    40 | loss_pnn = 1.906 | loss_cn = 0.00980615 | acc_sim = 0.894 | acc_phy = 0.672 
| epoch = 3 | step =    50 | loss_pnn = 1.904 | loss_cn = 0.00971184 | acc_sim = 0.894 | acc_phy = 0.675 
| epoch = 3 | step =    60 | loss_pnn = 1.902 | loss_cn = 0.00960085 | acc_sim = 0.895 | acc_phy = 0.677 
| epoch = 3 | step =    70 | loss_pnn = 1.899 | loss_cn = 0.00959753 | acc_sim = 0.895 | acc_phy = 0.679 
| epoch = 3 | step =    80 | loss_pnn = 1.898 | loss_cn = 0.00956120 | acc_sim = 0.896 | acc_phy = 0.680 
| epoch = 3 | step =    90 | loss_pnn = 1.895 | loss_cn = 0.00948707 | acc_sim = 0.896 | acc_phy = 0.681 
| epoch = 3 | step =   100 | loss_pnn = 1.893 | loss_cn = 0.00945374 | acc_sim = 0.897 | acc_phy = 0.681 
| epoch = 3 | step =   110 | loss_pnn = 1.891 | loss_cn = 0.00957620 | acc_sim = 0.897 | acc_phy = 0.682 
| epoch = 3 | step =   120 | loss_pnn = 1.890 | loss_cn = 0.00953164 | acc_sim = 0.898 | acc_phy = 0.682 
Phy accuracy of the network on 10000 test images: 0.683


Current training epoch: 4, learning rate for pnn: 0.001, learning rate for SEPN: 0.001
| epoch = 4 | step =    10 | loss_pnn = 1.870 | loss_cn = 0.00853698 | acc_sim = 0.906 | acc_phy = 0.683 
| epoch = 4 | step =    20 | loss_pnn = 1.867 | loss_cn = 0.00874737 | acc_sim = 0.910 | acc_phy = 0.692 
| epoch = 4 | step =    30 | loss_pnn = 1.866 | loss_cn = 0.00877575 | acc_sim = 0.909 | acc_phy = 0.691 
| epoch = 4 | step =    40 | loss_pnn = 1.867 | loss_cn = 0.00867277 | acc_sim = 0.908 | acc_phy = 0.688 
| epoch = 4 | step =    50 | loss_pnn = 1.866 | loss_cn = 0.00859487 | acc_sim = 0.908 | acc_phy = 0.689 
| epoch = 4 | step =    60 | loss_pnn = 1.863 | loss_cn = 0.00859058 | acc_sim = 0.909 | acc_phy = 0.692 
| epoch = 4 | step =    70 | loss_pnn = 1.861 | loss_cn = 0.00857553 | acc_sim = 0.908 | acc_phy = 0.695 
| epoch = 4 | step =    80 | loss_pnn = 1.860 | loss_cn = 0.00859921 | acc_sim = 0.909 | acc_phy = 0.696 
| epoch = 4 | step =    90 | loss_pnn = 1.858 | loss_cn = 0.00865886 | acc_sim = 0.909 | acc_phy = 0.698 
| epoch = 4 | step =   100 | loss_pnn = 1.857 | loss_cn = 0.00867089 | acc_sim = 0.909 | acc_phy = 0.699 
| epoch = 4 | step =   110 | loss_pnn = 1.856 | loss_cn = 0.00867566 | acc_sim = 0.910 | acc_phy = 0.700 
| epoch = 4 | step =   120 | loss_pnn = 1.856 | loss_cn = 0.00864947 | acc_sim = 0.910 | acc_phy = 0.699 
Phy accuracy of the network on 10000 test images: 0.740


Current training epoch: 5, learning rate for pnn: 0.001, learning rate for SEPN: 0.001
| epoch = 5 | step =    10 | loss_pnn = 1.835 | loss_cn = 0.00813808 | acc_sim = 0.909 | acc_phy = 0.731 
| epoch = 5 | step =    20 | loss_pnn = 1.838 | loss_cn = 0.00809950 | acc_sim = 0.913 | acc_phy = 0.723 
| epoch = 5 | step =    30 | loss_pnn = 1.840 | loss_cn = 0.00817013 | acc_sim = 0.915 | acc_phy = 0.718 
| epoch = 5 | step =    40 | loss_pnn = 1.838 | loss_cn = 0.00814846 | acc_sim = 0.915 | acc_phy = 0.718 
| epoch = 5 | step =    50 | loss_pnn = 1.837 | loss_cn = 0.00811982 | acc_sim = 0.916 | acc_phy = 0.719 
| epoch = 5 | step =    60 | loss_pnn = 1.835 | loss_cn = 0.00813756 | acc_sim = 0.916 | acc_phy = 0.720 
| epoch = 5 | step =    70 | loss_pnn = 1.834 | loss_cn = 0.00812783 | acc_sim = 0.916 | acc_phy = 0.720 
| epoch = 5 | step =    80 | loss_pnn = 1.832 | loss_cn = 0.00811464 | acc_sim = 0.917 | acc_phy = 0.722 
| epoch = 5 | step =    90 | loss_pnn = 1.833 | loss_cn = 0.00806957 | acc_sim = 0.916 | acc_phy = 0.720 
| epoch = 5 | step =   100 | loss_pnn = 1.832 | loss_cn = 0.00802517 | acc_sim = 0.917 | acc_phy = 0.721 
| epoch = 5 | step =   110 | loss_pnn = 1.832 | loss_cn = 0.00798769 | acc_sim = 0.917 | acc_phy = 0.722 
| epoch = 5 | step =   120 | loss_pnn = 1.831 | loss_cn = 0.00794239 | acc_sim = 0.917 | acc_phy = 0.722 
Phy accuracy of the network on 10000 test images: 0.713


Current training epoch: 6, learning rate for pnn: 0.001, learning rate for SEPN: 0.001
| epoch = 6 | step =    10 | loss_pnn = 1.826 | loss_cn = 0.00737090 | acc_sim = 0.923 | acc_phy = 0.721 
| epoch = 6 | step =    20 | loss_pnn = 1.823 | loss_cn = 0.00744303 | acc_sim = 0.921 | acc_phy = 0.724 
| epoch = 6 | step =    30 | loss_pnn = 1.816 | loss_cn = 0.00745122 | acc_sim = 0.921 | acc_phy = 0.729 
| epoch = 6 | step =    40 | loss_pnn = 1.814 | loss_cn = 0.00756733 | acc_sim = 0.922 | acc_phy = 0.732 
| epoch = 6 | step =    50 | loss_pnn = 1.811 | loss_cn = 0.00760936 | acc_sim = 0.923 | acc_phy = 0.735 
| epoch = 6 | step =    60 | loss_pnn = 1.812 | loss_cn = 0.00757133 | acc_sim = 0.923 | acc_phy = 0.734 
| epoch = 6 | step =    70 | loss_pnn = 1.813 | loss_cn = 0.00753601 | acc_sim = 0.923 | acc_phy = 0.733 
| epoch = 6 | step =    80 | loss_pnn = 1.812 | loss_cn = 0.00760154 | acc_sim = 0.922 | acc_phy = 0.733 
| epoch = 6 | step =    90 | loss_pnn = 1.812 | loss_cn = 0.00761475 | acc_sim = 0.923 | acc_phy = 0.733 
| epoch = 6 | step =   100 | loss_pnn = 1.812 | loss_cn = 0.00763501 | acc_sim = 0.922 | acc_phy = 0.731 
| epoch = 6 | step =   110 | loss_pnn = 1.813 | loss_cn = 0.00761052 | acc_sim = 0.922 | acc_phy = 0.731 
| epoch = 6 | step =   120 | loss_pnn = 1.812 | loss_cn = 0.00757776 | acc_sim = 0.922 | acc_phy = 0.732 
Phy accuracy of the network on 10000 test images: 0.732


Current training epoch: 7, learning rate for pnn: 0.001, learning rate for SEPN: 0.001
| epoch = 7 | step =    10 | loss_pnn = 1.798 | loss_cn = 0.00719286 | acc_sim = 0.933 | acc_phy = 0.744 
| epoch = 7 | step =    20 | loss_pnn = 1.796 | loss_cn = 0.00730708 | acc_sim = 0.929 | acc_phy = 0.746 
| epoch = 7 | step =    30 | loss_pnn = 1.799 | loss_cn = 0.00725858 | acc_sim = 0.927 | acc_phy = 0.743 
| epoch = 7 | step =    40 | loss_pnn = 1.800 | loss_cn = 0.00718710 | acc_sim = 0.927 | acc_phy = 0.740 
| epoch = 7 | step =    50 | loss_pnn = 1.801 | loss_cn = 0.00714809 | acc_sim = 0.927 | acc_phy = 0.740 
| epoch = 7 | step =    60 | loss_pnn = 1.799 | loss_cn = 0.00712752 | acc_sim = 0.927 | acc_phy = 0.743 
| epoch = 7 | step =    70 | loss_pnn = 1.798 | loss_cn = 0.00713110 | acc_sim = 0.928 | acc_phy = 0.745 
| epoch = 7 | step =    80 | loss_pnn = 1.796 | loss_cn = 0.00714793 | acc_sim = 0.927 | acc_phy = 0.746 
| epoch = 7 | step =    90 | loss_pnn = 1.797 | loss_cn = 0.00710745 | acc_sim = 0.927 | acc_phy = 0.743 
| epoch = 7 | step =   100 | loss_pnn = 1.797 | loss_cn = 0.00710319 | acc_sim = 0.926 | acc_phy = 0.741 
| epoch = 7 | step =   110 | loss_pnn = 1.798 | loss_cn = 0.00718869 | acc_sim = 0.926 | acc_phy = 0.740 
| epoch = 7 | step =   120 | loss_pnn = 1.797 | loss_cn = 0.00715749 | acc_sim = 0.926 | acc_phy = 0.741 
Phy accuracy of the network on 10000 test images: 0.738


Current training epoch: 8, learning rate for pnn: 0.001, learning rate for SEPN: 0.001
| epoch = 8 | step =    10 | loss_pnn = 1.781 | loss_cn = 0.00706010 | acc_sim = 0.933 | acc_phy = 0.755 
| epoch = 8 | step =    20 | loss_pnn = 1.788 | loss_cn = 0.00696726 | acc_sim = 0.930 | acc_phy = 0.748 
| epoch = 8 | step =    30 | loss_pnn = 1.786 | loss_cn = 0.00685519 | acc_sim = 0.932 | acc_phy = 0.753 
| epoch = 8 | step =    40 | loss_pnn = 1.786 | loss_cn = 0.00682887 | acc_sim = 0.930 | acc_phy = 0.754 
| epoch = 8 | step =    50 | loss_pnn = 1.782 | loss_cn = 0.00669313 | acc_sim = 0.931 | acc_phy = 0.758 
| epoch = 8 | step =    60 | loss_pnn = 1.782 | loss_cn = 0.00675825 | acc_sim = 0.930 | acc_phy = 0.757 
| epoch = 8 | step =    70 | loss_pnn = 1.780 | loss_cn = 0.00678218 | acc_sim = 0.931 | acc_phy = 0.758 
| epoch = 8 | step =    80 | loss_pnn = 1.781 | loss_cn = 0.00681590 | acc_sim = 0.930 | acc_phy = 0.757 
| epoch = 8 | step =    90 | loss_pnn = 1.780 | loss_cn = 0.00681374 | acc_sim = 0.930 | acc_phy = 0.758 
| epoch = 8 | step =   100 | loss_pnn = 1.782 | loss_cn = 0.00680666 | acc_sim = 0.929 | acc_phy = 0.755 
| epoch = 8 | step =   110 | loss_pnn = 1.781 | loss_cn = 0.00678330 | acc_sim = 0.929 | acc_phy = 0.755 
| epoch = 8 | step =   120 | loss_pnn = 1.782 | loss_cn = 0.00674318 | acc_sim = 0.929 | acc_phy = 0.754 
Phy accuracy of the network on 10000 test images: 0.771


Current training epoch: 9, learning rate for pnn: 0.001, learning rate for SEPN: 0.001
| epoch = 9 | step =    10 | loss_pnn = 1.768 | loss_cn = 0.00605638 | acc_sim = 0.934 | acc_phy = 0.763 
| epoch = 9 | step =    20 | loss_pnn = 1.772 | loss_cn = 0.00611660 | acc_sim = 0.931 | acc_phy = 0.757 
| epoch = 9 | step =    30 | loss_pnn = 1.774 | loss_cn = 0.00618046 | acc_sim = 0.931 | acc_phy = 0.756 
| epoch = 9 | step =    40 | loss_pnn = 1.776 | loss_cn = 0.00624933 | acc_sim = 0.930 | acc_phy = 0.753 
| epoch = 9 | step =    50 | loss_pnn = 1.774 | loss_cn = 0.00621670 | acc_sim = 0.931 | acc_phy = 0.755 
| epoch = 9 | step =    60 | loss_pnn = 1.773 | loss_cn = 0.00626371 | acc_sim = 0.931 | acc_phy = 0.755 
| epoch = 9 | step =    70 | loss_pnn = 1.772 | loss_cn = 0.00625452 | acc_sim = 0.931 | acc_phy = 0.757 
| epoch = 9 | step =    80 | loss_pnn = 1.773 | loss_cn = 0.00625778 | acc_sim = 0.931 | acc_phy = 0.756 
| epoch = 9 | step =    90 | loss_pnn = 1.772 | loss_cn = 0.00632488 | acc_sim = 0.930 | acc_phy = 0.758 
| epoch = 9 | step =   100 | loss_pnn = 1.772 | loss_cn = 0.00629854 | acc_sim = 0.930 | acc_phy = 0.759 
| epoch = 9 | step =   110 | loss_pnn = 1.771 | loss_cn = 0.00629952 | acc_sim = 0.930 | acc_phy = 0.759 
| epoch = 9 | step =   120 | loss_pnn = 1.771 | loss_cn = 0.00630469 | acc_sim = 0.931 | acc_phy = 0.758 
Phy accuracy of the network on 10000 test images: 0.761


Current training epoch: 10, learning rate for pnn: 0.001, learning rate for SEPN: 0.001
| epoch = 10 | step =    10 | loss_pnn = 1.761 | loss_cn = 0.00609219 | acc_sim = 0.938 | acc_phy = 0.764 
| epoch = 10 | step =    20 | loss_pnn = 1.768 | loss_cn = 0.00601584 | acc_sim = 0.933 | acc_phy = 0.755 
| epoch = 10 | step =    30 | loss_pnn = 1.770 | loss_cn = 0.00606360 | acc_sim = 0.935 | acc_phy = 0.754 
| epoch = 10 | step =    40 | loss_pnn = 1.768 | loss_cn = 0.00607827 | acc_sim = 0.934 | acc_phy = 0.759 
| epoch = 10 | step =    50 | loss_pnn = 1.769 | loss_cn = 0.00615076 | acc_sim = 0.932 | acc_phy = 0.758 
| epoch = 10 | step =    60 | loss_pnn = 1.767 | loss_cn = 0.00613731 | acc_sim = 0.934 | acc_phy = 0.760 
| epoch = 10 | step =    70 | loss_pnn = 1.768 | loss_cn = 0.00620228 | acc_sim = 0.933 | acc_phy = 0.758 
| epoch = 10 | step =    80 | loss_pnn = 1.768 | loss_cn = 0.00621575 | acc_sim = 0.932 | acc_phy = 0.759 
| epoch = 10 | step =    90 | loss_pnn = 1.767 | loss_cn = 0.00617797 | acc_sim = 0.933 | acc_phy = 0.760 
| epoch = 10 | step =   100 | loss_pnn = 1.767 | loss_cn = 0.00614966 | acc_sim = 0.933 | acc_phy = 0.760 
| epoch = 10 | step =   110 | loss_pnn = 1.766 | loss_cn = 0.00610447 | acc_sim = 0.932 | acc_phy = 0.760 
| epoch = 10 | step =   120 | loss_pnn = 1.765 | loss_cn = 0.00610695 | acc_sim = 0.933 | acc_phy = 0.762 
Phy accuracy of the network on 10000 test images: 0.782


Current training epoch: 11, learning rate for pnn: 0.0005, learning rate for SEPN: 0.0005
| epoch = 11 | step =    10 | loss_pnn = 1.759 | loss_cn = 0.00558913 | acc_sim = 0.931 | acc_phy = 0.773 
| epoch = 11 | step =    20 | loss_pnn = 1.764 | loss_cn = 0.00546651 | acc_sim = 0.932 | acc_phy = 0.764 
| epoch = 11 | step =    30 | loss_pnn = 1.763 | loss_cn = 0.00541726 | acc_sim = 0.932 | acc_phy = 0.762 
| epoch = 11 | step =    40 | loss_pnn = 1.765 | loss_cn = 0.00540732 | acc_sim = 0.933 | acc_phy = 0.758 
| epoch = 11 | step =    50 | loss_pnn = 1.763 | loss_cn = 0.00534375 | acc_sim = 0.934 | acc_phy = 0.761 
| epoch = 11 | step =    60 | loss_pnn = 1.763 | loss_cn = 0.00533032 | acc_sim = 0.934 | acc_phy = 0.759 
| epoch = 11 | step =    70 | loss_pnn = 1.763 | loss_cn = 0.00530831 | acc_sim = 0.934 | acc_phy = 0.759 
| epoch = 11 | step =    80 | loss_pnn = 1.763 | loss_cn = 0.00528111 | acc_sim = 0.934 | acc_phy = 0.759 
| epoch = 11 | step =    90 | loss_pnn = 1.763 | loss_cn = 0.00526725 | acc_sim = 0.935 | acc_phy = 0.759 
| epoch = 11 | step =   100 | loss_pnn = 1.763 | loss_cn = 0.00525910 | acc_sim = 0.935 | acc_phy = 0.761 
| epoch = 11 | step =   110 | loss_pnn = 1.762 | loss_cn = 0.00525562 | acc_sim = 0.935 | acc_phy = 0.761 
| epoch = 11 | step =   120 | loss_pnn = 1.762 | loss_cn = 0.00527191 | acc_sim = 0.935 | acc_phy = 0.762 
Phy accuracy of the network on 10000 test images: 0.771


Current training epoch: 12, learning rate for pnn: 0.0005, learning rate for SEPN: 0.0005
| epoch = 12 | step =    10 | loss_pnn = 1.767 | loss_cn = 0.00533178 | acc_sim = 0.934 | acc_phy = 0.751 
| epoch = 12 | step =    20 | loss_pnn = 1.761 | loss_cn = 0.00524622 | acc_sim = 0.935 | acc_phy = 0.760 
| epoch = 12 | step =    30 | loss_pnn = 1.760 | loss_cn = 0.00533214 | acc_sim = 0.937 | acc_phy = 0.763 
| epoch = 12 | step =    40 | loss_pnn = 1.759 | loss_cn = 0.00532404 | acc_sim = 0.936 | acc_phy = 0.763 
| epoch = 12 | step =    50 | loss_pnn = 1.758 | loss_cn = 0.00532088 | acc_sim = 0.935 | acc_phy = 0.765 
| epoch = 12 | step =    60 | loss_pnn = 1.758 | loss_cn = 0.00531395 | acc_sim = 0.935 | acc_phy = 0.765 
| epoch = 12 | step =    70 | loss_pnn = 1.761 | loss_cn = 0.00529024 | acc_sim = 0.935 | acc_phy = 0.760 
| epoch = 12 | step =    80 | loss_pnn = 1.759 | loss_cn = 0.00527017 | acc_sim = 0.935 | acc_phy = 0.763 
| epoch = 12 | step =    90 | loss_pnn = 1.759 | loss_cn = 0.00524665 | acc_sim = 0.935 | acc_phy = 0.762 
| epoch = 12 | step =   100 | loss_pnn = 1.760 | loss_cn = 0.00523580 | acc_sim = 0.935 | acc_phy = 0.762 
| epoch = 12 | step =   110 | loss_pnn = 1.760 | loss_cn = 0.00524500 | acc_sim = 0.936 | acc_phy = 0.762 
| epoch = 12 | step =   120 | loss_pnn = 1.760 | loss_cn = 0.00527011 | acc_sim = 0.935 | acc_phy = 0.762 
Phy accuracy of the network on 10000 test images: 0.764


Current training epoch: 13, learning rate for pnn: 0.0005, learning rate for SEPN: 0.0005
| epoch = 13 | step =    10 | loss_pnn = 1.766 | loss_cn = 0.00508993 | acc_sim = 0.940 | acc_phy = 0.751 
| epoch = 13 | step =    20 | loss_pnn = 1.759 | loss_cn = 0.00518793 | acc_sim = 0.935 | acc_phy = 0.758 
| epoch = 13 | step =    30 | loss_pnn = 1.757 | loss_cn = 0.00516096 | acc_sim = 0.936 | acc_phy = 0.760 
| epoch = 13 | step =    40 | loss_pnn = 1.756 | loss_cn = 0.00513657 | acc_sim = 0.937 | acc_phy = 0.761 
| epoch = 13 | step =    50 | loss_pnn = 1.757 | loss_cn = 0.00515063 | acc_sim = 0.938 | acc_phy = 0.760 
| epoch = 13 | step =    60 | loss_pnn = 1.758 | loss_cn = 0.00515814 | acc_sim = 0.938 | acc_phy = 0.759 
| epoch = 13 | step =    70 | loss_pnn = 1.756 | loss_cn = 0.00516362 | acc_sim = 0.938 | acc_phy = 0.762 
| epoch = 13 | step =    80 | loss_pnn = 1.757 | loss_cn = 0.00515958 | acc_sim = 0.938 | acc_phy = 0.762 
| epoch = 13 | step =    90 | loss_pnn = 1.756 | loss_cn = 0.00513481 | acc_sim = 0.937 | acc_phy = 0.762 
| epoch = 13 | step =   100 | loss_pnn = 1.757 | loss_cn = 0.00513649 | acc_sim = 0.936 | acc_phy = 0.762 
| epoch = 13 | step =   110 | loss_pnn = 1.757 | loss_cn = 0.00514971 | acc_sim = 0.937 | acc_phy = 0.763 
| epoch = 13 | step =   120 | loss_pnn = 1.757 | loss_cn = 0.00516253 | acc_sim = 0.936 | acc_phy = 0.764 
Phy accuracy of the network on 10000 test images: 0.779


Current training epoch: 14, learning rate for pnn: 0.0005, learning rate for SEPN: 0.0005
| epoch = 14 | step =    10 | loss_pnn = 1.750 | loss_cn = 0.00507091 | acc_sim = 0.937 | acc_phy = 0.772 
| epoch = 14 | step =    20 | loss_pnn = 1.753 | loss_cn = 0.00498938 | acc_sim = 0.933 | acc_phy = 0.770 
| epoch = 14 | step =    30 | loss_pnn = 1.753 | loss_cn = 0.00497827 | acc_sim = 0.934 | acc_phy = 0.771 
| epoch = 14 | step =    40 | loss_pnn = 1.756 | loss_cn = 0.00503232 | acc_sim = 0.934 | acc_phy = 0.766 
| epoch = 14 | step =    50 | loss_pnn = 1.752 | loss_cn = 0.00502817 | acc_sim = 0.937 | acc_phy = 0.770 
| epoch = 14 | step =    60 | loss_pnn = 1.750 | loss_cn = 0.00502633 | acc_sim = 0.936 | acc_phy = 0.773 
| epoch = 14 | step =    70 | loss_pnn = 1.750 | loss_cn = 0.00507637 | acc_sim = 0.937 | acc_phy = 0.773 
| epoch = 14 | step =    80 | loss_pnn = 1.749 | loss_cn = 0.00507839 | acc_sim = 0.937 | acc_phy = 0.774 
| epoch = 14 | step =    90 | loss_pnn = 1.749 | loss_cn = 0.00505925 | acc_sim = 0.937 | acc_phy = 0.774 
| epoch = 14 | step =   100 | loss_pnn = 1.750 | loss_cn = 0.00505388 | acc_sim = 0.937 | acc_phy = 0.773 
| epoch = 14 | step =   110 | loss_pnn = 1.750 | loss_cn = 0.00505122 | acc_sim = 0.937 | acc_phy = 0.773 
| epoch = 14 | step =   120 | loss_pnn = 1.752 | loss_cn = 0.00506863 | acc_sim = 0.937 | acc_phy = 0.770 
Phy accuracy of the network on 10000 test images: 0.742


Current training epoch: 15, learning rate for pnn: 0.0005, learning rate for SEPN: 0.0005
| epoch = 15 | step =    10 | loss_pnn = 1.766 | loss_cn = 0.00525062 | acc_sim = 0.938 | acc_phy = 0.750 
| epoch = 15 | step =    20 | loss_pnn = 1.760 | loss_cn = 0.00501302 | acc_sim = 0.935 | acc_phy = 0.759 
| epoch = 15 | step =    30 | loss_pnn = 1.758 | loss_cn = 0.00496556 | acc_sim = 0.934 | acc_phy = 0.761 
| epoch = 15 | step =    40 | loss_pnn = 1.759 | loss_cn = 0.00497118 | acc_sim = 0.935 | acc_phy = 0.761 
| epoch = 15 | step =    50 | loss_pnn = 1.756 | loss_cn = 0.00494563 | acc_sim = 0.936 | acc_phy = 0.764 
| epoch = 15 | step =    60 | loss_pnn = 1.757 | loss_cn = 0.00496812 | acc_sim = 0.937 | acc_phy = 0.762 
| epoch = 15 | step =    70 | loss_pnn = 1.757 | loss_cn = 0.00496819 | acc_sim = 0.937 | acc_phy = 0.761 
| epoch = 15 | step =    80 | loss_pnn = 1.756 | loss_cn = 0.00494589 | acc_sim = 0.938 | acc_phy = 0.763 
| epoch = 15 | step =    90 | loss_pnn = 1.755 | loss_cn = 0.00496548 | acc_sim = 0.938 | acc_phy = 0.764 
| epoch = 15 | step =   100 | loss_pnn = 1.755 | loss_cn = 0.00496863 | acc_sim = 0.938 | acc_phy = 0.763 
| epoch = 15 | step =   110 | loss_pnn = 1.755 | loss_cn = 0.00501303 | acc_sim = 0.937 | acc_phy = 0.763 
| epoch = 15 | step =   120 | loss_pnn = 1.754 | loss_cn = 0.00501499 | acc_sim = 0.938 | acc_phy = 0.764 
Phy accuracy of the network on 10000 test images: 0.779


Current training epoch: 16, learning rate for pnn: 0.0005, learning rate for SEPN: 0.0005
| epoch = 16 | step =    10 | loss_pnn = 1.742 | loss_cn = 0.00485089 | acc_sim = 0.786 | acc_phy = 0.777 
| epoch = 16 | step =    20 | loss_pnn = 1.735 | loss_cn = 0.00497774 | acc_sim = 0.793 | acc_phy = 0.785 
| epoch = 16 | step =    30 | loss_pnn = 1.722 | loss_cn = 0.00502075 | acc_sim = 0.805 | acc_phy = 0.795 
| epoch = 16 | step =    40 | loss_pnn = 1.710 | loss_cn = 0.00503927 | acc_sim = 0.816 | acc_phy = 0.804 
| epoch = 16 | step =    50 | loss_pnn = 1.701 | loss_cn = 0.00506738 | acc_sim = 0.825 | acc_phy = 0.813 
| epoch = 16 | step =    60 | loss_pnn = 1.694 | loss_cn = 0.00512803 | acc_sim = 0.831 | acc_phy = 0.820 
| epoch = 16 | step =    70 | loss_pnn = 1.687 | loss_cn = 0.00512988 | acc_sim = 0.837 | acc_phy = 0.827 
| epoch = 16 | step =    80 | loss_pnn = 1.682 | loss_cn = 0.00515950 | acc_sim = 0.842 | acc_phy = 0.830 
| epoch = 16 | step =    90 | loss_pnn = 1.677 | loss_cn = 0.00517974 | acc_sim = 0.846 | acc_phy = 0.835 
| epoch = 16 | step =   100 | loss_pnn = 1.673 | loss_cn = 0.00517727 | acc_sim = 0.849 | acc_phy = 0.838 
| epoch = 16 | step =   110 | loss_pnn = 1.669 | loss_cn = 0.00516365 | acc_sim = 0.853 | acc_phy = 0.842 
| epoch = 16 | step =   120 | loss_pnn = 1.666 | loss_cn = 0.00515468 | acc_sim = 0.856 | acc_phy = 0.845 
Phy accuracy of the network on 10000 test images: 0.877


Current training epoch: 17, learning rate for pnn: 0.0005, learning rate for SEPN: 0.0005
| epoch = 17 | step =    10 | loss_pnn = 1.631 | loss_cn = 0.00527465 | acc_sim = 0.886 | acc_phy = 0.874 
| epoch = 17 | step =    20 | loss_pnn = 1.629 | loss_cn = 0.00513145 | acc_sim = 0.885 | acc_phy = 0.876 
| epoch = 17 | step =    30 | loss_pnn = 1.627 | loss_cn = 0.00512273 | acc_sim = 0.887 | acc_phy = 0.878 
| epoch = 17 | step =    40 | loss_pnn = 1.626 | loss_cn = 0.00514866 | acc_sim = 0.888 | acc_phy = 0.877 
| epoch = 17 | step =    50 | loss_pnn = 1.625 | loss_cn = 0.00511768 | acc_sim = 0.889 | acc_phy = 0.879 
| epoch = 17 | step =    60 | loss_pnn = 1.624 | loss_cn = 0.00512959 | acc_sim = 0.889 | acc_phy = 0.879 
| epoch = 17 | step =    70 | loss_pnn = 1.623 | loss_cn = 0.00511338 | acc_sim = 0.890 | acc_phy = 0.880 
| epoch = 17 | step =    80 | loss_pnn = 1.622 | loss_cn = 0.00509067 | acc_sim = 0.891 | acc_phy = 0.881 
| epoch = 17 | step =    90 | loss_pnn = 1.622 | loss_cn = 0.00508649 | acc_sim = 0.891 | acc_phy = 0.881 
| epoch = 17 | step =   100 | loss_pnn = 1.621 | loss_cn = 0.00506298 | acc_sim = 0.892 | acc_phy = 0.881 
| epoch = 17 | step =   110 | loss_pnn = 1.620 | loss_cn = 0.00504011 | acc_sim = 0.892 | acc_phy = 0.882 
| epoch = 17 | step =   120 | loss_pnn = 1.619 | loss_cn = 0.00504279 | acc_sim = 0.893 | acc_phy = 0.882 
Phy accuracy of the network on 10000 test images: 0.891


Current training epoch: 18, learning rate for pnn: 0.0005, learning rate for SEPN: 0.0005
| epoch = 18 | step =    10 | loss_pnn = 1.610 | loss_cn = 0.00478410 | acc_sim = 0.895 | acc_phy = 0.889 
| epoch = 18 | step =    20 | loss_pnn = 1.609 | loss_cn = 0.00470624 | acc_sim = 0.897 | acc_phy = 0.891 
| epoch = 18 | step =    30 | loss_pnn = 1.608 | loss_cn = 0.00474331 | acc_sim = 0.898 | acc_phy = 0.892 
| epoch = 18 | step =    40 | loss_pnn = 1.608 | loss_cn = 0.00475114 | acc_sim = 0.899 | acc_phy = 0.893 
| epoch = 18 | step =    50 | loss_pnn = 1.607 | loss_cn = 0.00476614 | acc_sim = 0.900 | acc_phy = 0.893 
| epoch = 18 | step =    60 | loss_pnn = 1.607 | loss_cn = 0.00475066 | acc_sim = 0.900 | acc_phy = 0.893 
| epoch = 18 | step =    70 | loss_pnn = 1.607 | loss_cn = 0.00475404 | acc_sim = 0.901 | acc_phy = 0.893 
| epoch = 18 | step =    80 | loss_pnn = 1.606 | loss_cn = 0.00473953 | acc_sim = 0.902 | acc_phy = 0.894 
| epoch = 18 | step =    90 | loss_pnn = 1.606 | loss_cn = 0.00471930 | acc_sim = 0.902 | acc_phy = 0.894 
| epoch = 18 | step =   100 | loss_pnn = 1.605 | loss_cn = 0.00471917 | acc_sim = 0.902 | acc_phy = 0.894 
| epoch = 18 | step =   110 | loss_pnn = 1.605 | loss_cn = 0.00471220 | acc_sim = 0.903 | acc_phy = 0.894 
| epoch = 18 | step =   120 | loss_pnn = 1.605 | loss_cn = 0.00470473 | acc_sim = 0.903 | acc_phy = 0.894 
Phy accuracy of the network on 10000 test images: 0.899


Current training epoch: 19, learning rate for pnn: 0.0005, learning rate for SEPN: 0.0005
| epoch = 19 | step =    10 | loss_pnn = 1.599 | loss_cn = 0.00467907 | acc_sim = 0.906 | acc_phy = 0.896 
| epoch = 19 | step =    20 | loss_pnn = 1.599 | loss_cn = 0.00467052 | acc_sim = 0.906 | acc_phy = 0.899 
| epoch = 19 | step =    30 | loss_pnn = 1.599 | loss_cn = 0.00470447 | acc_sim = 0.906 | acc_phy = 0.898 
| epoch = 19 | step =    40 | loss_pnn = 1.599 | loss_cn = 0.00467093 | acc_sim = 0.907 | acc_phy = 0.900 
| epoch = 19 | step =    50 | loss_pnn = 1.599 | loss_cn = 0.00469111 | acc_sim = 0.907 | acc_phy = 0.900 
| epoch = 19 | step =    60 | loss_pnn = 1.598 | loss_cn = 0.00466707 | acc_sim = 0.908 | acc_phy = 0.901 
| epoch = 19 | step =    70 | loss_pnn = 1.597 | loss_cn = 0.00465843 | acc_sim = 0.908 | acc_phy = 0.901 
| epoch = 19 | step =    80 | loss_pnn = 1.598 | loss_cn = 0.00465465 | acc_sim = 0.908 | acc_phy = 0.900 
| epoch = 19 | step =    90 | loss_pnn = 1.598 | loss_cn = 0.00465697 | acc_sim = 0.908 | acc_phy = 0.900 
| epoch = 19 | step =   100 | loss_pnn = 1.597 | loss_cn = 0.00464253 | acc_sim = 0.908 | acc_phy = 0.901 
| epoch = 19 | step =   110 | loss_pnn = 1.597 | loss_cn = 0.00464787 | acc_sim = 0.909 | acc_phy = 0.901 
| epoch = 19 | step =   120 | loss_pnn = 1.596 | loss_cn = 0.00464530 | acc_sim = 0.909 | acc_phy = 0.902 
Phy accuracy of the network on 10000 test images: 0.906


Current training epoch: 20, learning rate for pnn: 0.0005, learning rate for SEPN: 0.0005
| epoch = 20 | step =    10 | loss_pnn = 1.597 | loss_cn = 0.00463864 | acc_sim = 0.905 | acc_phy = 0.899 
| epoch = 20 | step =    20 | loss_pnn = 1.595 | loss_cn = 0.00446247 | acc_sim = 0.907 | acc_phy = 0.901 
| epoch = 20 | step =    30 | loss_pnn = 1.595 | loss_cn = 0.00453830 | acc_sim = 0.908 | acc_phy = 0.901 
| epoch = 20 | step =    40 | loss_pnn = 1.594 | loss_cn = 0.00447984 | acc_sim = 0.908 | acc_phy = 0.902 
| epoch = 20 | step =    50 | loss_pnn = 1.593 | loss_cn = 0.00447927 | acc_sim = 0.909 | acc_phy = 0.903 
| epoch = 20 | step =    60 | loss_pnn = 1.592 | loss_cn = 0.00449158 | acc_sim = 0.911 | acc_phy = 0.904 
| epoch = 20 | step =    70 | loss_pnn = 1.591 | loss_cn = 0.00450674 | acc_sim = 0.912 | acc_phy = 0.905 
| epoch = 20 | step =    80 | loss_pnn = 1.591 | loss_cn = 0.00451952 | acc_sim = 0.913 | acc_phy = 0.906 
| epoch = 20 | step =    90 | loss_pnn = 1.591 | loss_cn = 0.00452251 | acc_sim = 0.913 | acc_phy = 0.906 
| epoch = 20 | step =   100 | loss_pnn = 1.591 | loss_cn = 0.00453459 | acc_sim = 0.913 | acc_phy = 0.906 
| epoch = 20 | step =   110 | loss_pnn = 1.591 | loss_cn = 0.00454320 | acc_sim = 0.913 | acc_phy = 0.906 
| epoch = 20 | step =   120 | loss_pnn = 1.590 | loss_cn = 0.00453481 | acc_sim = 0.913 | acc_phy = 0.906 
Phy accuracy of the network on 10000 test images: 0.911


Current training epoch: 21, learning rate for pnn: 0.00025, learning rate for SEPN: 0.00025
| epoch = 21 | step =    10 | loss_pnn = 1.587 | loss_cn = 0.00426740 | acc_sim = 0.915 | acc_phy = 0.905 
| epoch = 21 | step =    20 | loss_pnn = 1.586 | loss_cn = 0.00418730 | acc_sim = 0.915 | acc_phy = 0.907 
| epoch = 21 | step =    30 | loss_pnn = 1.586 | loss_cn = 0.00410046 | acc_sim = 0.915 | acc_phy = 0.907 
| epoch = 21 | step =    40 | loss_pnn = 1.587 | loss_cn = 0.00413537 | acc_sim = 0.914 | acc_phy = 0.906 
| epoch = 21 | step =    50 | loss_pnn = 1.586 | loss_cn = 0.00410784 | acc_sim = 0.915 | acc_phy = 0.907 
| epoch = 21 | step =    60 | loss_pnn = 1.586 | loss_cn = 0.00410674 | acc_sim = 0.915 | acc_phy = 0.907 
| epoch = 21 | step =    70 | loss_pnn = 1.586 | loss_cn = 0.00411414 | acc_sim = 0.916 | acc_phy = 0.907 
| epoch = 21 | step =    80 | loss_pnn = 1.585 | loss_cn = 0.00411949 | acc_sim = 0.916 | acc_phy = 0.908 
| epoch = 21 | step =    90 | loss_pnn = 1.585 | loss_cn = 0.00411125 | acc_sim = 0.916 | acc_phy = 0.908 
| epoch = 21 | step =   100 | loss_pnn = 1.585 | loss_cn = 0.00411284 | acc_sim = 0.916 | acc_phy = 0.908 
| epoch = 21 | step =   110 | loss_pnn = 1.585 | loss_cn = 0.00409878 | acc_sim = 0.917 | acc_phy = 0.909 
| epoch = 21 | step =   120 | loss_pnn = 1.585 | loss_cn = 0.00409447 | acc_sim = 0.917 | acc_phy = 0.909 
Phy accuracy of the network on 10000 test images: 0.914


Current training epoch: 22, learning rate for pnn: 0.00025, learning rate for SEPN: 0.00025
| epoch = 22 | step =    10 | loss_pnn = 1.584 | loss_cn = 0.00419637 | acc_sim = 0.916 | acc_phy = 0.911 
| epoch = 22 | step =    20 | loss_pnn = 1.583 | loss_cn = 0.00412789 | acc_sim = 0.918 | acc_phy = 0.912 
| epoch = 22 | step =    30 | loss_pnn = 1.583 | loss_cn = 0.00410888 | acc_sim = 0.917 | acc_phy = 0.911 
| epoch = 22 | step =    40 | loss_pnn = 1.583 | loss_cn = 0.00407578 | acc_sim = 0.918 | acc_phy = 0.912 
| epoch = 22 | step =    50 | loss_pnn = 1.583 | loss_cn = 0.00405478 | acc_sim = 0.917 | acc_phy = 0.911 
| epoch = 22 | step =    60 | loss_pnn = 1.583 | loss_cn = 0.00405347 | acc_sim = 0.917 | acc_phy = 0.911 
| epoch = 22 | step =    70 | loss_pnn = 1.583 | loss_cn = 0.00406751 | acc_sim = 0.917 | acc_phy = 0.911 
| epoch = 22 | step =    80 | loss_pnn = 1.583 | loss_cn = 0.00406403 | acc_sim = 0.917 | acc_phy = 0.911 
| epoch = 22 | step =    90 | loss_pnn = 1.583 | loss_cn = 0.00406723 | acc_sim = 0.918 | acc_phy = 0.911 
| epoch = 22 | step =   100 | loss_pnn = 1.583 | loss_cn = 0.00405806 | acc_sim = 0.918 | acc_phy = 0.912 
| epoch = 22 | step =   110 | loss_pnn = 1.582 | loss_cn = 0.00406825 | acc_sim = 0.918 | acc_phy = 0.912 
| epoch = 22 | step =   120 | loss_pnn = 1.582 | loss_cn = 0.00406823 | acc_sim = 0.918 | acc_phy = 0.912 
Phy accuracy of the network on 10000 test images: 0.914


Current training epoch: 23, learning rate for pnn: 0.00025, learning rate for SEPN: 0.00025
| epoch = 23 | step =    10 | loss_pnn = 1.578 | loss_cn = 0.00383734 | acc_sim = 0.924 | acc_phy = 0.917 
| epoch = 23 | step =    20 | loss_pnn = 1.578 | loss_cn = 0.00383949 | acc_sim = 0.922 | acc_phy = 0.916 
| epoch = 23 | step =    30 | loss_pnn = 1.581 | loss_cn = 0.00394146 | acc_sim = 0.920 | acc_phy = 0.914 
| epoch = 23 | step =    40 | loss_pnn = 1.580 | loss_cn = 0.00392472 | acc_sim = 0.920 | acc_phy = 0.914 
| epoch = 23 | step =    50 | loss_pnn = 1.580 | loss_cn = 0.00393122 | acc_sim = 0.920 | acc_phy = 0.915 
| epoch = 23 | step =    60 | loss_pnn = 1.580 | loss_cn = 0.00395698 | acc_sim = 0.920 | acc_phy = 0.914 
| epoch = 23 | step =    70 | loss_pnn = 1.580 | loss_cn = 0.00396806 | acc_sim = 0.920 | acc_phy = 0.914 
| epoch = 23 | step =    80 | loss_pnn = 1.580 | loss_cn = 0.00395913 | acc_sim = 0.919 | acc_phy = 0.914 
| epoch = 23 | step =    90 | loss_pnn = 1.580 | loss_cn = 0.00396046 | acc_sim = 0.920 | acc_phy = 0.914 
| epoch = 23 | step =   100 | loss_pnn = 1.579 | loss_cn = 0.00396456 | acc_sim = 0.920 | acc_phy = 0.914 
| epoch = 23 | step =   110 | loss_pnn = 1.580 | loss_cn = 0.00397162 | acc_sim = 0.920 | acc_phy = 0.914 
| epoch = 23 | step =   120 | loss_pnn = 1.580 | loss_cn = 0.00397470 | acc_sim = 0.920 | acc_phy = 0.914 
Phy accuracy of the network on 10000 test images: 0.915


Current training epoch: 24, learning rate for pnn: 0.00025, learning rate for SEPN: 0.00025
| epoch = 24 | step =    10 | loss_pnn = 1.580 | loss_cn = 0.00393053 | acc_sim = 0.921 | acc_phy = 0.912 
| epoch = 24 | step =    20 | loss_pnn = 1.580 | loss_cn = 0.00397133 | acc_sim = 0.920 | acc_phy = 0.913 
| epoch = 24 | step =    30 | loss_pnn = 1.579 | loss_cn = 0.00392960 | acc_sim = 0.921 | acc_phy = 0.914 
| epoch = 24 | step =    40 | loss_pnn = 1.579 | loss_cn = 0.00394712 | acc_sim = 0.921 | acc_phy = 0.914 
| epoch = 24 | step =    50 | loss_pnn = 1.578 | loss_cn = 0.00393444 | acc_sim = 0.922 | acc_phy = 0.915 
| epoch = 24 | step =    60 | loss_pnn = 1.578 | loss_cn = 0.00391587 | acc_sim = 0.923 | acc_phy = 0.915 
| epoch = 24 | step =    70 | loss_pnn = 1.578 | loss_cn = 0.00391665 | acc_sim = 0.922 | acc_phy = 0.915 
| epoch = 24 | step =    80 | loss_pnn = 1.577 | loss_cn = 0.00391477 | acc_sim = 0.923 | acc_phy = 0.916 
| epoch = 24 | step =    90 | loss_pnn = 1.577 | loss_cn = 0.00391340 | acc_sim = 0.923 | acc_phy = 0.916 
| epoch = 24 | step =   100 | loss_pnn = 1.578 | loss_cn = 0.00391569 | acc_sim = 0.922 | acc_phy = 0.916 
| epoch = 24 | step =   110 | loss_pnn = 1.578 | loss_cn = 0.00391869 | acc_sim = 0.922 | acc_phy = 0.915 
| epoch = 24 | step =   120 | loss_pnn = 1.578 | loss_cn = 0.00392158 | acc_sim = 0.922 | acc_phy = 0.915 
Phy accuracy of the network on 10000 test images: 0.917


Current training epoch: 25, learning rate for pnn: 0.00025, learning rate for SEPN: 0.00025
| epoch = 25 | step =    10 | loss_pnn = 1.579 | loss_cn = 0.00394656 | acc_sim = 0.920 | acc_phy = 0.917 
| epoch = 25 | step =    20 | loss_pnn = 1.577 | loss_cn = 0.00387488 | acc_sim = 0.921 | acc_phy = 0.917 
| epoch = 25 | step =    30 | loss_pnn = 1.577 | loss_cn = 0.00385364 | acc_sim = 0.922 | acc_phy = 0.917 
| epoch = 25 | step =    40 | loss_pnn = 1.577 | loss_cn = 0.00385054 | acc_sim = 0.922 | acc_phy = 0.917 
| epoch = 25 | step =    50 | loss_pnn = 1.577 | loss_cn = 0.00385426 | acc_sim = 0.922 | acc_phy = 0.917 
| epoch = 25 | step =    60 | loss_pnn = 1.577 | loss_cn = 0.00387144 | acc_sim = 0.923 | acc_phy = 0.917 
| epoch = 25 | step =    70 | loss_pnn = 1.576 | loss_cn = 0.00387575 | acc_sim = 0.923 | acc_phy = 0.917 
| epoch = 25 | step =    80 | loss_pnn = 1.576 | loss_cn = 0.00385144 | acc_sim = 0.924 | acc_phy = 0.918 
| epoch = 25 | step =    90 | loss_pnn = 1.576 | loss_cn = 0.00384855 | acc_sim = 0.924 | acc_phy = 0.918 
| epoch = 25 | step =   100 | loss_pnn = 1.575 | loss_cn = 0.00385712 | acc_sim = 0.924 | acc_phy = 0.918 
| epoch = 25 | step =   110 | loss_pnn = 1.576 | loss_cn = 0.00386494 | acc_sim = 0.923 | acc_phy = 0.917 
| epoch = 25 | step =   120 | loss_pnn = 1.576 | loss_cn = 0.00386669 | acc_sim = 0.923 | acc_phy = 0.917 
Phy accuracy of the network on 10000 test images: 0.918


Current training epoch: 26, learning rate for pnn: 0.00025, learning rate for SEPN: 0.00025
| epoch = 26 | step =    10 | loss_pnn = 1.575 | loss_cn = 0.00383410 | acc_sim = 0.923 | acc_phy = 0.917 
| epoch = 26 | step =    20 | loss_pnn = 1.573 | loss_cn = 0.00380183 | acc_sim = 0.925 | acc_phy = 0.919 
| epoch = 26 | step =    30 | loss_pnn = 1.574 | loss_cn = 0.00378772 | acc_sim = 0.925 | acc_phy = 0.918 
| epoch = 26 | step =    40 | loss_pnn = 1.574 | loss_cn = 0.00380824 | acc_sim = 0.925 | acc_phy = 0.917 
| epoch = 26 | step =    50 | loss_pnn = 1.574 | loss_cn = 0.00380300 | acc_sim = 0.924 | acc_phy = 0.917 
| epoch = 26 | step =    60 | loss_pnn = 1.574 | loss_cn = 0.00380332 | acc_sim = 0.925 | acc_phy = 0.917 
| epoch = 26 | step =    70 | loss_pnn = 1.573 | loss_cn = 0.00380185 | acc_sim = 0.925 | acc_phy = 0.918 
| epoch = 26 | step =    80 | loss_pnn = 1.573 | loss_cn = 0.00380081 | acc_sim = 0.926 | acc_phy = 0.919 
| epoch = 26 | step =    90 | loss_pnn = 1.573 | loss_cn = 0.00379318 | acc_sim = 0.926 | acc_phy = 0.919 
| epoch = 26 | step =   100 | loss_pnn = 1.573 | loss_cn = 0.00381407 | acc_sim = 0.926 | acc_phy = 0.919 
| epoch = 26 | step =   110 | loss_pnn = 1.573 | loss_cn = 0.00380850 | acc_sim = 0.926 | acc_phy = 0.919 
| epoch = 26 | step =   120 | loss_pnn = 1.573 | loss_cn = 0.00381126 | acc_sim = 0.926 | acc_phy = 0.919 
Phy accuracy of the network on 10000 test images: 0.919


Current training epoch: 27, learning rate for pnn: 0.00025, learning rate for SEPN: 0.00025
| epoch = 27 | step =    10 | loss_pnn = 1.573 | loss_cn = 0.00376527 | acc_sim = 0.926 | acc_phy = 0.921 
| epoch = 27 | step =    20 | loss_pnn = 1.572 | loss_cn = 0.00372104 | acc_sim = 0.926 | acc_phy = 0.920 
| epoch = 27 | step =    30 | loss_pnn = 1.572 | loss_cn = 0.00374109 | acc_sim = 0.926 | acc_phy = 0.921 
| epoch = 27 | step =    40 | loss_pnn = 1.573 | loss_cn = 0.00376347 | acc_sim = 0.924 | acc_phy = 0.918 
| epoch = 27 | step =    50 | loss_pnn = 1.573 | loss_cn = 0.00375263 | acc_sim = 0.924 | acc_phy = 0.918 
| epoch = 27 | step =    60 | loss_pnn = 1.573 | loss_cn = 0.00374866 | acc_sim = 0.924 | acc_phy = 0.918 
| epoch = 27 | step =    70 | loss_pnn = 1.572 | loss_cn = 0.00374837 | acc_sim = 0.925 | acc_phy = 0.919 
| epoch = 27 | step =    80 | loss_pnn = 1.572 | loss_cn = 0.00376026 | acc_sim = 0.925 | acc_phy = 0.919 
| epoch = 27 | step =    90 | loss_pnn = 1.572 | loss_cn = 0.00374768 | acc_sim = 0.925 | acc_phy = 0.919 
| epoch = 27 | step =   100 | loss_pnn = 1.572 | loss_cn = 0.00377569 | acc_sim = 0.926 | acc_phy = 0.920 
| epoch = 27 | step =   110 | loss_pnn = 1.572 | loss_cn = 0.00378893 | acc_sim = 0.926 | acc_phy = 0.919 
| epoch = 27 | step =   120 | loss_pnn = 1.571 | loss_cn = 0.00378418 | acc_sim = 0.927 | acc_phy = 0.920 
Phy accuracy of the network on 10000 test images: 0.922


Current training epoch: 28, learning rate for pnn: 0.00025, learning rate for SEPN: 0.00025
| epoch = 28 | step =    10 | loss_pnn = 1.574 | loss_cn = 0.00372538 | acc_sim = 0.925 | acc_phy = 0.918 
| epoch = 28 | step =    20 | loss_pnn = 1.573 | loss_cn = 0.00373181 | acc_sim = 0.928 | acc_phy = 0.920 
| epoch = 28 | step =    30 | loss_pnn = 1.573 | loss_cn = 0.00374021 | acc_sim = 0.926 | acc_phy = 0.920 
| epoch = 28 | step =    40 | loss_pnn = 1.572 | loss_cn = 0.00373682 | acc_sim = 0.927 | acc_phy = 0.921 
| epoch = 28 | step =    50 | loss_pnn = 1.570 | loss_cn = 0.00372488 | acc_sim = 0.929 | acc_phy = 0.922 
| epoch = 28 | step =    60 | loss_pnn = 1.571 | loss_cn = 0.00371994 | acc_sim = 0.928 | acc_phy = 0.922 
| epoch = 28 | step =    70 | loss_pnn = 1.570 | loss_cn = 0.00371194 | acc_sim = 0.928 | acc_phy = 0.923 
| epoch = 28 | step =    80 | loss_pnn = 1.571 | loss_cn = 0.00371425 | acc_sim = 0.928 | acc_phy = 0.922 
| epoch = 28 | step =    90 | loss_pnn = 1.570 | loss_cn = 0.00370948 | acc_sim = 0.928 | acc_phy = 0.922 
| epoch = 28 | step =   100 | loss_pnn = 1.571 | loss_cn = 0.00373230 | acc_sim = 0.928 | acc_phy = 0.922 
| epoch = 28 | step =   110 | loss_pnn = 1.571 | loss_cn = 0.00372585 | acc_sim = 0.928 | acc_phy = 0.922 
| epoch = 28 | step =   120 | loss_pnn = 1.571 | loss_cn = 0.00372946 | acc_sim = 0.928 | acc_phy = 0.922 
Phy accuracy of the network on 10000 test images: 0.925


Current training epoch: 29, learning rate for pnn: 0.00025, learning rate for SEPN: 0.00025
| epoch = 29 | step =    10 | loss_pnn = 1.569 | loss_cn = 0.00364913 | acc_sim = 0.931 | acc_phy = 0.925 
| epoch = 29 | step =    20 | loss_pnn = 1.574 | loss_cn = 0.00374821 | acc_sim = 0.925 | acc_phy = 0.920 
| epoch = 29 | step =    30 | loss_pnn = 1.571 | loss_cn = 0.00367599 | acc_sim = 0.927 | acc_phy = 0.922 
| epoch = 29 | step =    40 | loss_pnn = 1.571 | loss_cn = 0.00367144 | acc_sim = 0.927 | acc_phy = 0.924 
| epoch = 29 | step =    50 | loss_pnn = 1.570 | loss_cn = 0.00367066 | acc_sim = 0.928 | acc_phy = 0.924 
| epoch = 29 | step =    60 | loss_pnn = 1.570 | loss_cn = 0.00372431 | acc_sim = 0.928 | acc_phy = 0.923 
| epoch = 29 | step =    70 | loss_pnn = 1.570 | loss_cn = 0.00372794 | acc_sim = 0.929 | acc_phy = 0.924 
| epoch = 29 | step =    80 | loss_pnn = 1.570 | loss_cn = 0.00373638 | acc_sim = 0.929 | acc_phy = 0.924 
| epoch = 29 | step =    90 | loss_pnn = 1.570 | loss_cn = 0.00374683 | acc_sim = 0.929 | acc_phy = 0.924 
| epoch = 29 | step =   100 | loss_pnn = 1.570 | loss_cn = 0.00375908 | acc_sim = 0.929 | acc_phy = 0.924 
| epoch = 29 | step =   110 | loss_pnn = 1.570 | loss_cn = 0.00376659 | acc_sim = 0.929 | acc_phy = 0.924 
| epoch = 29 | step =   120 | loss_pnn = 1.570 | loss_cn = 0.00378718 | acc_sim = 0.928 | acc_phy = 0.924 
Phy accuracy of the network on 10000 test images: 0.926


Current training epoch: 30, learning rate for pnn: 0.00025, learning rate for SEPN: 0.00025
| epoch = 30 | step =    10 | loss_pnn = 1.573 | loss_cn = 0.00378796 | acc_sim = 0.926 | acc_phy = 0.918 
| epoch = 30 | step =    20 | loss_pnn = 1.570 | loss_cn = 0.00375678 | acc_sim = 0.930 | acc_phy = 0.925 
| epoch = 30 | step =    30 | loss_pnn = 1.571 | loss_cn = 0.00375161 | acc_sim = 0.929 | acc_phy = 0.924 
| epoch = 30 | step =    40 | loss_pnn = 1.572 | loss_cn = 0.00375928 | acc_sim = 0.928 | acc_phy = 0.924 
| epoch = 30 | step =    50 | loss_pnn = 1.573 | loss_cn = 0.00377867 | acc_sim = 0.928 | acc_phy = 0.923 
| epoch = 30 | step =    60 | loss_pnn = 1.572 | loss_cn = 0.00382226 | acc_sim = 0.928 | acc_phy = 0.923 
| epoch = 30 | step =    70 | loss_pnn = 1.572 | loss_cn = 0.00381088 | acc_sim = 0.928 | acc_phy = 0.924 
| epoch = 30 | step =    80 | loss_pnn = 1.572 | loss_cn = 0.00378845 | acc_sim = 0.929 | acc_phy = 0.924 
| epoch = 30 | step =    90 | loss_pnn = 1.571 | loss_cn = 0.00378189 | acc_sim = 0.930 | acc_phy = 0.925 
| epoch = 30 | step =   100 | loss_pnn = 1.571 | loss_cn = 0.00377005 | acc_sim = 0.930 | acc_phy = 0.925 
| epoch = 30 | step =   110 | loss_pnn = 1.571 | loss_cn = 0.00377026 | acc_sim = 0.930 | acc_phy = 0.925 
| epoch = 30 | step =   120 | loss_pnn = 1.572 | loss_cn = 0.00376676 | acc_sim = 0.930 | acc_phy = 0.924 
Phy accuracy of the network on 10000 test images: 0.927


Current training epoch: 31, learning rate for pnn: 0.000125, learning rate for SEPN: 0.000125
| epoch = 31 | step =    10 | loss_pnn = 1.572 | loss_cn = 0.00351044 | acc_sim = 0.931 | acc_phy = 0.924 
| epoch = 31 | step =    20 | loss_pnn = 1.572 | loss_cn = 0.00354520 | acc_sim = 0.931 | acc_phy = 0.923 
| epoch = 31 | step =    30 | loss_pnn = 1.571 | loss_cn = 0.00351327 | acc_sim = 0.932 | acc_phy = 0.925 
| epoch = 31 | step =    40 | loss_pnn = 1.571 | loss_cn = 0.00351922 | acc_sim = 0.932 | acc_phy = 0.925 
| epoch = 31 | step =    50 | loss_pnn = 1.571 | loss_cn = 0.00351448 | acc_sim = 0.932 | acc_phy = 0.926 
| epoch = 31 | step =    60 | loss_pnn = 1.571 | loss_cn = 0.00355293 | acc_sim = 0.931 | acc_phy = 0.925 
| epoch = 31 | step =    70 | loss_pnn = 1.571 | loss_cn = 0.00354887 | acc_sim = 0.932 | acc_phy = 0.925 
| epoch = 31 | step =    80 | loss_pnn = 1.571 | loss_cn = 0.00353684 | acc_sim = 0.931 | acc_phy = 0.926 
| epoch = 31 | step =    90 | loss_pnn = 1.572 | loss_cn = 0.00354324 | acc_sim = 0.931 | acc_phy = 0.925 
| epoch = 31 | step =   100 | loss_pnn = 1.572 | loss_cn = 0.00354308 | acc_sim = 0.931 | acc_phy = 0.925 
| epoch = 31 | step =   110 | loss_pnn = 1.571 | loss_cn = 0.00353754 | acc_sim = 0.931 | acc_phy = 0.926 
| epoch = 31 | step =   120 | loss_pnn = 1.572 | loss_cn = 0.00353209 | acc_sim = 0.931 | acc_phy = 0.926 
Phy accuracy of the network on 10000 test images: 0.927


Current training epoch: 32, learning rate for pnn: 0.000125, learning rate for SEPN: 0.000125
| epoch = 32 | step =    10 | loss_pnn = 1.570 | loss_cn = 0.00346751 | acc_sim = 0.932 | acc_phy = 0.929 
| epoch = 32 | step =    20 | loss_pnn = 1.569 | loss_cn = 0.00342402 | acc_sim = 0.933 | acc_phy = 0.930 
| epoch = 32 | step =    30 | loss_pnn = 1.568 | loss_cn = 0.00345951 | acc_sim = 0.933 | acc_phy = 0.930 
| epoch = 32 | step =    40 | loss_pnn = 1.569 | loss_cn = 0.00346144 | acc_sim = 0.932 | acc_phy = 0.929 
| epoch = 32 | step =    50 | loss_pnn = 1.570 | loss_cn = 0.00346453 | acc_sim = 0.932 | acc_phy = 0.928 
| epoch = 32 | step =    60 | loss_pnn = 1.570 | loss_cn = 0.00346957 | acc_sim = 0.932 | acc_phy = 0.928 
| epoch = 32 | step =    70 | loss_pnn = 1.569 | loss_cn = 0.00346567 | acc_sim = 0.932 | acc_phy = 0.927 
| epoch = 32 | step =    80 | loss_pnn = 1.570 | loss_cn = 0.00346387 | acc_sim = 0.932 | acc_phy = 0.927 
| epoch = 32 | step =    90 | loss_pnn = 1.570 | loss_cn = 0.00346621 | acc_sim = 0.932 | acc_phy = 0.927 
| epoch = 32 | step =   100 | loss_pnn = 1.570 | loss_cn = 0.00346905 | acc_sim = 0.931 | acc_phy = 0.926 
| epoch = 32 | step =   110 | loss_pnn = 1.570 | loss_cn = 0.00347446 | acc_sim = 0.931 | acc_phy = 0.926 
| epoch = 32 | step =   120 | loss_pnn = 1.570 | loss_cn = 0.00347566 | acc_sim = 0.931 | acc_phy = 0.926 
Phy accuracy of the network on 10000 test images: 0.929


Current training epoch: 33, learning rate for pnn: 0.000125, learning rate for SEPN: 0.000125
| epoch = 33 | step =    10 | loss_pnn = 1.567 | loss_cn = 0.00340775 | acc_sim = 0.934 | acc_phy = 0.928 
| epoch = 33 | step =    20 | loss_pnn = 1.571 | loss_cn = 0.00339754 | acc_sim = 0.930 | acc_phy = 0.924 
| epoch = 33 | step =    30 | loss_pnn = 1.571 | loss_cn = 0.00343072 | acc_sim = 0.931 | acc_phy = 0.925 
| epoch = 33 | step =    40 | loss_pnn = 1.570 | loss_cn = 0.00342306 | acc_sim = 0.932 | acc_phy = 0.926 
| epoch = 33 | step =    50 | loss_pnn = 1.569 | loss_cn = 0.00342477 | acc_sim = 0.932 | acc_phy = 0.927 
| epoch = 33 | step =    60 | loss_pnn = 1.569 | loss_cn = 0.00342195 | acc_sim = 0.932 | acc_phy = 0.926 
| epoch = 33 | step =    70 | loss_pnn = 1.569 | loss_cn = 0.00344319 | acc_sim = 0.933 | acc_phy = 0.926 
| epoch = 33 | step =    80 | loss_pnn = 1.568 | loss_cn = 0.00343388 | acc_sim = 0.933 | acc_phy = 0.927 
| epoch = 33 | step =    90 | loss_pnn = 1.567 | loss_cn = 0.00342901 | acc_sim = 0.933 | acc_phy = 0.927 
| epoch = 33 | step =   100 | loss_pnn = 1.567 | loss_cn = 0.00342139 | acc_sim = 0.933 | acc_phy = 0.927 
| epoch = 33 | step =   110 | loss_pnn = 1.567 | loss_cn = 0.00342373 | acc_sim = 0.933 | acc_phy = 0.927 
| epoch = 33 | step =   120 | loss_pnn = 1.568 | loss_cn = 0.00342658 | acc_sim = 0.933 | acc_phy = 0.927 
Phy accuracy of the network on 10000 test images: 0.928


Current training epoch: 34, learning rate for pnn: 0.000125, learning rate for SEPN: 0.000125
| epoch = 34 | step =    10 | loss_pnn = 1.563 | loss_cn = 0.00328176 | acc_sim = 0.935 | acc_phy = 0.931 
| epoch = 34 | step =    20 | loss_pnn = 1.566 | loss_cn = 0.00335911 | acc_sim = 0.932 | acc_phy = 0.929 
| epoch = 34 | step =    30 | loss_pnn = 1.565 | loss_cn = 0.00334924 | acc_sim = 0.933 | acc_phy = 0.930 
| epoch = 34 | step =    40 | loss_pnn = 1.566 | loss_cn = 0.00335820 | acc_sim = 0.933 | acc_phy = 0.929 
| epoch = 34 | step =    50 | loss_pnn = 1.567 | loss_cn = 0.00337580 | acc_sim = 0.932 | acc_phy = 0.927 
| epoch = 34 | step =    60 | loss_pnn = 1.566 | loss_cn = 0.00337381 | acc_sim = 0.933 | acc_phy = 0.927 
| epoch = 34 | step =    70 | loss_pnn = 1.566 | loss_cn = 0.00337223 | acc_sim = 0.933 | acc_phy = 0.927 
| epoch = 34 | step =    80 | loss_pnn = 1.566 | loss_cn = 0.00337928 | acc_sim = 0.932 | acc_phy = 0.927 
| epoch = 34 | step =    90 | loss_pnn = 1.566 | loss_cn = 0.00337335 | acc_sim = 0.933 | acc_phy = 0.927 
| epoch = 34 | step =   100 | loss_pnn = 1.566 | loss_cn = 0.00337174 | acc_sim = 0.932 | acc_phy = 0.927 
| epoch = 34 | step =   110 | loss_pnn = 1.565 | loss_cn = 0.00337216 | acc_sim = 0.933 | acc_phy = 0.928 
| epoch = 34 | step =   120 | loss_pnn = 1.565 | loss_cn = 0.00336604 | acc_sim = 0.933 | acc_phy = 0.928 
Phy accuracy of the network on 10000 test images: 0.931


Current training epoch: 35, learning rate for pnn: 0.000125, learning rate for SEPN: 0.000125
| epoch = 35 | step =    10 | loss_pnn = 1.563 | loss_cn = 0.00322184 | acc_sim = 0.932 | acc_phy = 0.927 
| epoch = 35 | step =    20 | loss_pnn = 1.564 | loss_cn = 0.00330713 | acc_sim = 0.932 | acc_phy = 0.926 
| epoch = 35 | step =    30 | loss_pnn = 1.564 | loss_cn = 0.00330467 | acc_sim = 0.931 | acc_phy = 0.927 
| epoch = 35 | step =    40 | loss_pnn = 1.564 | loss_cn = 0.00331606 | acc_sim = 0.932 | acc_phy = 0.928 
| epoch = 35 | step =    50 | loss_pnn = 1.564 | loss_cn = 0.00333150 | acc_sim = 0.932 | acc_phy = 0.927 
| epoch = 35 | step =    60 | loss_pnn = 1.564 | loss_cn = 0.00333579 | acc_sim = 0.931 | acc_phy = 0.928 
| epoch = 35 | step =    70 | loss_pnn = 1.563 | loss_cn = 0.00333219 | acc_sim = 0.933 | acc_phy = 0.929 
| epoch = 35 | step =    80 | loss_pnn = 1.563 | loss_cn = 0.00333909 | acc_sim = 0.933 | acc_phy = 0.928 
| epoch = 35 | step =    90 | loss_pnn = 1.564 | loss_cn = 0.00334740 | acc_sim = 0.933 | acc_phy = 0.928 
| epoch = 35 | step =   100 | loss_pnn = 1.563 | loss_cn = 0.00334875 | acc_sim = 0.933 | acc_phy = 0.928 
| epoch = 35 | step =   110 | loss_pnn = 1.563 | loss_cn = 0.00335239 | acc_sim = 0.934 | acc_phy = 0.928 
| epoch = 35 | step =   120 | loss_pnn = 1.563 | loss_cn = 0.00334925 | acc_sim = 0.934 | acc_phy = 0.928 
Phy accuracy of the network on 10000 test images: 0.931


Current training epoch: 36, learning rate for pnn: 0.000125, learning rate for SEPN: 0.000125
| epoch = 36 | step =    10 | loss_pnn = 1.565 | loss_cn = 0.00324622 | acc_sim = 0.932 | acc_phy = 0.924 
| epoch = 36 | step =    20 | loss_pnn = 1.563 | loss_cn = 0.00331073 | acc_sim = 0.934 | acc_phy = 0.929 
| epoch = 36 | step =    30 | loss_pnn = 1.561 | loss_cn = 0.00329418 | acc_sim = 0.935 | acc_phy = 0.930 
| epoch = 36 | step =    40 | loss_pnn = 1.562 | loss_cn = 0.00331597 | acc_sim = 0.935 | acc_phy = 0.929 
| epoch = 36 | step =    50 | loss_pnn = 1.561 | loss_cn = 0.00331303 | acc_sim = 0.935 | acc_phy = 0.930 
| epoch = 36 | step =    60 | loss_pnn = 1.561 | loss_cn = 0.00329625 | acc_sim = 0.935 | acc_phy = 0.930 
| epoch = 36 | step =    70 | loss_pnn = 1.561 | loss_cn = 0.00329417 | acc_sim = 0.935 | acc_phy = 0.930 
| epoch = 36 | step =    80 | loss_pnn = 1.561 | loss_cn = 0.00329517 | acc_sim = 0.934 | acc_phy = 0.930 
| epoch = 36 | step =    90 | loss_pnn = 1.561 | loss_cn = 0.00330076 | acc_sim = 0.934 | acc_phy = 0.929 
| epoch = 36 | step =   100 | loss_pnn = 1.561 | loss_cn = 0.00329974 | acc_sim = 0.934 | acc_phy = 0.929 
| epoch = 36 | step =   110 | loss_pnn = 1.561 | loss_cn = 0.00329717 | acc_sim = 0.934 | acc_phy = 0.929 
| epoch = 36 | step =   120 | loss_pnn = 1.561 | loss_cn = 0.00330847 | acc_sim = 0.934 | acc_phy = 0.930 
Phy accuracy of the network on 10000 test images: 0.931


Current training epoch: 37, learning rate for pnn: 0.000125, learning rate for SEPN: 0.000125
| epoch = 37 | step =    10 | loss_pnn = 1.558 | loss_cn = 0.00326394 | acc_sim = 0.936 | acc_phy = 0.934 
| epoch = 37 | step =    20 | loss_pnn = 1.562 | loss_cn = 0.00332318 | acc_sim = 0.932 | acc_phy = 0.928 
| epoch = 37 | step =    30 | loss_pnn = 1.561 | loss_cn = 0.00330396 | acc_sim = 0.933 | acc_phy = 0.928 
| epoch = 37 | step =    40 | loss_pnn = 1.560 | loss_cn = 0.00326152 | acc_sim = 0.934 | acc_phy = 0.930 
| epoch = 37 | step =    50 | loss_pnn = 1.560 | loss_cn = 0.00325958 | acc_sim = 0.935 | acc_phy = 0.930 
| epoch = 37 | step =    60 | loss_pnn = 1.560 | loss_cn = 0.00326647 | acc_sim = 0.935 | acc_phy = 0.930 
| epoch = 37 | step =    70 | loss_pnn = 1.560 | loss_cn = 0.00326697 | acc_sim = 0.935 | acc_phy = 0.930 
| epoch = 37 | step =    80 | loss_pnn = 1.560 | loss_cn = 0.00327253 | acc_sim = 0.935 | acc_phy = 0.930 
| epoch = 37 | step =    90 | loss_pnn = 1.560 | loss_cn = 0.00328685 | acc_sim = 0.934 | acc_phy = 0.930 
| epoch = 37 | step =   100 | loss_pnn = 1.560 | loss_cn = 0.00328491 | acc_sim = 0.935 | acc_phy = 0.930 
| epoch = 37 | step =   110 | loss_pnn = 1.560 | loss_cn = 0.00329239 | acc_sim = 0.935 | acc_phy = 0.930 
| epoch = 37 | step =   120 | loss_pnn = 1.560 | loss_cn = 0.00328689 | acc_sim = 0.935 | acc_phy = 0.930 
Phy accuracy of the network on 10000 test images: 0.931


Current training epoch: 38, learning rate for pnn: 0.000125, learning rate for SEPN: 0.000125
| epoch = 38 | step =    10 | loss_pnn = 1.557 | loss_cn = 0.00320506 | acc_sim = 0.936 | acc_phy = 0.930 
| epoch = 38 | step =    20 | loss_pnn = 1.557 | loss_cn = 0.00325532 | acc_sim = 0.938 | acc_phy = 0.933 
| epoch = 38 | step =    30 | loss_pnn = 1.559 | loss_cn = 0.00326369 | acc_sim = 0.937 | acc_phy = 0.932 
| epoch = 38 | step =    40 | loss_pnn = 1.558 | loss_cn = 0.00324983 | acc_sim = 0.936 | acc_phy = 0.932 
| epoch = 38 | step =    50 | loss_pnn = 1.558 | loss_cn = 0.00326347 | acc_sim = 0.936 | acc_phy = 0.931 
| epoch = 38 | step =    60 | loss_pnn = 1.559 | loss_cn = 0.00329402 | acc_sim = 0.936 | acc_phy = 0.931 
| epoch = 38 | step =    70 | loss_pnn = 1.558 | loss_cn = 0.00327218 | acc_sim = 0.937 | acc_phy = 0.932 
| epoch = 38 | step =    80 | loss_pnn = 1.558 | loss_cn = 0.00328396 | acc_sim = 0.936 | acc_phy = 0.932 
| epoch = 38 | step =    90 | loss_pnn = 1.559 | loss_cn = 0.00328725 | acc_sim = 0.936 | acc_phy = 0.931 
| epoch = 38 | step =   100 | loss_pnn = 1.559 | loss_cn = 0.00328359 | acc_sim = 0.936 | acc_phy = 0.931 
| epoch = 38 | step =   110 | loss_pnn = 1.558 | loss_cn = 0.00327264 | acc_sim = 0.936 | acc_phy = 0.931 
| epoch = 38 | step =   120 | loss_pnn = 1.559 | loss_cn = 0.00328203 | acc_sim = 0.936 | acc_phy = 0.931 
Phy accuracy of the network on 10000 test images: 0.932


Current training epoch: 39, learning rate for pnn: 0.000125, learning rate for SEPN: 0.000125
| epoch = 39 | step =    10 | loss_pnn = 1.557 | loss_cn = 0.00314995 | acc_sim = 0.936 | acc_phy = 0.932 
| epoch = 39 | step =    20 | loss_pnn = 1.558 | loss_cn = 0.00318687 | acc_sim = 0.936 | acc_phy = 0.932 
| epoch = 39 | step =    30 | loss_pnn = 1.558 | loss_cn = 0.00320051 | acc_sim = 0.937 | acc_phy = 0.932 
| epoch = 39 | step =    40 | loss_pnn = 1.559 | loss_cn = 0.00320503 | acc_sim = 0.936 | acc_phy = 0.932 
| epoch = 39 | step =    50 | loss_pnn = 1.558 | loss_cn = 0.00321777 | acc_sim = 0.936 | acc_phy = 0.932 
| epoch = 39 | step =    60 | loss_pnn = 1.559 | loss_cn = 0.00321729 | acc_sim = 0.936 | acc_phy = 0.931 
| epoch = 39 | step =    70 | loss_pnn = 1.559 | loss_cn = 0.00322824 | acc_sim = 0.936 | acc_phy = 0.931 
| epoch = 39 | step =    80 | loss_pnn = 1.558 | loss_cn = 0.00321569 | acc_sim = 0.936 | acc_phy = 0.931 
| epoch = 39 | step =    90 | loss_pnn = 1.558 | loss_cn = 0.00322187 | acc_sim = 0.936 | acc_phy = 0.931 
| epoch = 39 | step =   100 | loss_pnn = 1.558 | loss_cn = 0.00324141 | acc_sim = 0.937 | acc_phy = 0.931 
| epoch = 39 | step =   110 | loss_pnn = 1.558 | loss_cn = 0.00323963 | acc_sim = 0.937 | acc_phy = 0.932 
| epoch = 39 | step =   120 | loss_pnn = 1.558 | loss_cn = 0.00324334 | acc_sim = 0.936 | acc_phy = 0.931 
Phy accuracy of the network on 10000 test images: 0.932


Current training epoch: 40, learning rate for pnn: 0.000125, learning rate for SEPN: 0.000125
| epoch = 40 | step =    10 | loss_pnn = 1.561 | loss_cn = 0.00322782 | acc_sim = 0.935 | acc_phy = 0.928 
| epoch = 40 | step =    20 | loss_pnn = 1.559 | loss_cn = 0.00325669 | acc_sim = 0.936 | acc_phy = 0.932 
| epoch = 40 | step =    30 | loss_pnn = 1.559 | loss_cn = 0.00324441 | acc_sim = 0.937 | acc_phy = 0.931 
| epoch = 40 | step =    40 | loss_pnn = 1.559 | loss_cn = 0.00323207 | acc_sim = 0.937 | acc_phy = 0.931 
| epoch = 40 | step =    50 | loss_pnn = 1.558 | loss_cn = 0.00322255 | acc_sim = 0.937 | acc_phy = 0.932 
| epoch = 40 | step =    60 | loss_pnn = 1.559 | loss_cn = 0.00324255 | acc_sim = 0.937 | acc_phy = 0.931 
| epoch = 40 | step =    70 | loss_pnn = 1.558 | loss_cn = 0.00322980 | acc_sim = 0.937 | acc_phy = 0.932 
| epoch = 40 | step =    80 | loss_pnn = 1.558 | loss_cn = 0.00322643 | acc_sim = 0.938 | acc_phy = 0.932 
| epoch = 40 | step =    90 | loss_pnn = 1.558 | loss_cn = 0.00321825 | acc_sim = 0.937 | acc_phy = 0.931 
| epoch = 40 | step =   100 | loss_pnn = 1.558 | loss_cn = 0.00322432 | acc_sim = 0.937 | acc_phy = 0.931 
| epoch = 40 | step =   110 | loss_pnn = 1.558 | loss_cn = 0.00321679 | acc_sim = 0.937 | acc_phy = 0.932 
| epoch = 40 | step =   120 | loss_pnn = 1.558 | loss_cn = 0.00320992 | acc_sim = 0.937 | acc_phy = 0.931 
Phy accuracy of the network on 10000 test images: 0.933


Current training epoch: 41, learning rate for pnn: 6.25e-05, learning rate for SEPN: 6.25e-05
| epoch = 41 | step =    10 | loss_pnn = 1.558 | loss_cn = 0.00309658 | acc_sim = 0.936 | acc_phy = 0.933 
| epoch = 41 | step =    20 | loss_pnn = 1.558 | loss_cn = 0.00312219 | acc_sim = 0.936 | acc_phy = 0.932 
| epoch = 41 | step =    30 | loss_pnn = 1.558 | loss_cn = 0.00311597 | acc_sim = 0.938 | acc_phy = 0.933 
| epoch = 41 | step =    40 | loss_pnn = 1.558 | loss_cn = 0.00310227 | acc_sim = 0.938 | acc_phy = 0.933 
| epoch = 41 | step =    50 | loss_pnn = 1.558 | loss_cn = 0.00311097 | acc_sim = 0.938 | acc_phy = 0.933 
| epoch = 41 | step =    60 | loss_pnn = 1.558 | loss_cn = 0.00309555 | acc_sim = 0.938 | acc_phy = 0.932 
| epoch = 41 | step =    70 | loss_pnn = 1.558 | loss_cn = 0.00311072 | acc_sim = 0.938 | acc_phy = 0.932 
| epoch = 41 | step =    80 | loss_pnn = 1.559 | loss_cn = 0.00309300 | acc_sim = 0.937 | acc_phy = 0.932 
| epoch = 41 | step =    90 | loss_pnn = 1.558 | loss_cn = 0.00307918 | acc_sim = 0.937 | acc_phy = 0.932 
| epoch = 41 | step =   100 | loss_pnn = 1.559 | loss_cn = 0.00308919 | acc_sim = 0.937 | acc_phy = 0.932 
| epoch = 41 | step =   110 | loss_pnn = 1.558 | loss_cn = 0.00309928 | acc_sim = 0.938 | acc_phy = 0.932 
| epoch = 41 | step =   120 | loss_pnn = 1.559 | loss_cn = 0.00311211 | acc_sim = 0.938 | acc_phy = 0.932 
Phy accuracy of the network on 10000 test images: 0.933


Current training epoch: 42, learning rate for pnn: 6.25e-05, learning rate for SEPN: 6.25e-05
| epoch = 42 | step =    10 | loss_pnn = 1.561 | loss_cn = 0.00317540 | acc_sim = 0.938 | acc_phy = 0.931 
| epoch = 42 | step =    20 | loss_pnn = 1.561 | loss_cn = 0.00310666 | acc_sim = 0.937 | acc_phy = 0.931 
| epoch = 42 | step =    30 | loss_pnn = 1.559 | loss_cn = 0.00310706 | acc_sim = 0.938 | acc_phy = 0.932 
| epoch = 42 | step =    40 | loss_pnn = 1.559 | loss_cn = 0.00309836 | acc_sim = 0.939 | acc_phy = 0.932 
| epoch = 42 | step =    50 | loss_pnn = 1.560 | loss_cn = 0.00309023 | acc_sim = 0.938 | acc_phy = 0.932 
| epoch = 42 | step =    60 | loss_pnn = 1.559 | loss_cn = 0.00309176 | acc_sim = 0.939 | acc_phy = 0.933 
| epoch = 42 | step =    70 | loss_pnn = 1.559 | loss_cn = 0.00309856 | acc_sim = 0.940 | acc_phy = 0.934 
| epoch = 42 | step =    80 | loss_pnn = 1.559 | loss_cn = 0.00310344 | acc_sim = 0.939 | acc_phy = 0.934 
| epoch = 42 | step =    90 | loss_pnn = 1.560 | loss_cn = 0.00310925 | acc_sim = 0.939 | acc_phy = 0.933 
| epoch = 42 | step =   100 | loss_pnn = 1.560 | loss_cn = 0.00310682 | acc_sim = 0.939 | acc_phy = 0.934 
| epoch = 42 | step =   110 | loss_pnn = 1.560 | loss_cn = 0.00310696 | acc_sim = 0.939 | acc_phy = 0.933 
| epoch = 42 | step =   120 | loss_pnn = 1.560 | loss_cn = 0.00310640 | acc_sim = 0.938 | acc_phy = 0.933 
Phy accuracy of the network on 10000 test images: 0.933


Current training epoch: 43, learning rate for pnn: 6.25e-05, learning rate for SEPN: 6.25e-05
| epoch = 43 | step =    10 | loss_pnn = 1.564 | loss_cn = 0.00320333 | acc_sim = 0.934 | acc_phy = 0.930 
| epoch = 43 | step =    20 | loss_pnn = 1.563 | loss_cn = 0.00313960 | acc_sim = 0.934 | acc_phy = 0.931 
| epoch = 43 | step =    30 | loss_pnn = 1.562 | loss_cn = 0.00310544 | acc_sim = 0.936 | acc_phy = 0.932 
| epoch = 43 | step =    40 | loss_pnn = 1.562 | loss_cn = 0.00310556 | acc_sim = 0.936 | acc_phy = 0.932 
| epoch = 43 | step =    50 | loss_pnn = 1.562 | loss_cn = 0.00309592 | acc_sim = 0.937 | acc_phy = 0.933 
| epoch = 43 | step =    60 | loss_pnn = 1.562 | loss_cn = 0.00308408 | acc_sim = 0.938 | acc_phy = 0.933 
| epoch = 43 | step =    70 | loss_pnn = 1.562 | loss_cn = 0.00309036 | acc_sim = 0.938 | acc_phy = 0.933 
| epoch = 43 | step =    80 | loss_pnn = 1.562 | loss_cn = 0.00309676 | acc_sim = 0.938 | acc_phy = 0.933 
| epoch = 43 | step =    90 | loss_pnn = 1.563 | loss_cn = 0.00310533 | acc_sim = 0.937 | acc_phy = 0.932 
| epoch = 43 | step =   100 | loss_pnn = 1.562 | loss_cn = 0.00309737 | acc_sim = 0.937 | acc_phy = 0.933 
| epoch = 43 | step =   110 | loss_pnn = 1.562 | loss_cn = 0.00309886 | acc_sim = 0.937 | acc_phy = 0.933 
| epoch = 43 | step =   120 | loss_pnn = 1.563 | loss_cn = 0.00310676 | acc_sim = 0.937 | acc_phy = 0.933 
Phy accuracy of the network on 10000 test images: 0.933


Current training epoch: 44, learning rate for pnn: 6.25e-05, learning rate for SEPN: 6.25e-05
| epoch = 44 | step =    10 | loss_pnn = 1.570 | loss_cn = 0.00309674 | acc_sim = 0.930 | acc_phy = 0.923 
| epoch = 44 | step =    20 | loss_pnn = 1.564 | loss_cn = 0.00307273 | acc_sim = 0.937 | acc_phy = 0.932 
| epoch = 44 | step =    30 | loss_pnn = 1.563 | loss_cn = 0.00308971 | acc_sim = 0.938 | acc_phy = 0.933 
| epoch = 44 | step =    40 | loss_pnn = 1.563 | loss_cn = 0.00309125 | acc_sim = 0.938 | acc_phy = 0.932 
| epoch = 44 | step =    50 | loss_pnn = 1.563 | loss_cn = 0.00309972 | acc_sim = 0.938 | acc_phy = 0.933 
| epoch = 44 | step =    60 | loss_pnn = 1.563 | loss_cn = 0.00310196 | acc_sim = 0.938 | acc_phy = 0.932 
| epoch = 44 | step =    70 | loss_pnn = 1.563 | loss_cn = 0.00309665 | acc_sim = 0.938 | acc_phy = 0.933 
| epoch = 44 | step =    80 | loss_pnn = 1.563 | loss_cn = 0.00309440 | acc_sim = 0.938 | acc_phy = 0.932 
| epoch = 44 | step =    90 | loss_pnn = 1.564 | loss_cn = 0.00309630 | acc_sim = 0.938 | acc_phy = 0.932 
| epoch = 44 | step =   100 | loss_pnn = 1.564 | loss_cn = 0.00310409 | acc_sim = 0.937 | acc_phy = 0.932 
| epoch = 44 | step =   110 | loss_pnn = 1.564 | loss_cn = 0.00309561 | acc_sim = 0.938 | acc_phy = 0.932 
| epoch = 44 | step =   120 | loss_pnn = 1.564 | loss_cn = 0.00309360 | acc_sim = 0.938 | acc_phy = 0.932 
Phy accuracy of the network on 10000 test images: 0.934


Current training epoch: 45, learning rate for pnn: 6.25e-05, learning rate for SEPN: 6.25e-05
| epoch = 45 | step =    10 | loss_pnn = 1.563 | loss_cn = 0.00301140 | acc_sim = 0.937 | acc_phy = 0.933 
| epoch = 45 | step =    20 | loss_pnn = 1.563 | loss_cn = 0.00303843 | acc_sim = 0.938 | acc_phy = 0.933 
| epoch = 45 | step =    30 | loss_pnn = 1.562 | loss_cn = 0.00303752 | acc_sim = 0.938 | acc_phy = 0.934 
| epoch = 45 | step =    40 | loss_pnn = 1.562 | loss_cn = 0.00304320 | acc_sim = 0.940 | acc_phy = 0.935 
| epoch = 45 | step =    50 | loss_pnn = 1.563 | loss_cn = 0.00304438 | acc_sim = 0.938 | acc_phy = 0.933 
| epoch = 45 | step =    60 | loss_pnn = 1.563 | loss_cn = 0.00304868 | acc_sim = 0.938 | acc_phy = 0.933 
| epoch = 45 | step =    70 | loss_pnn = 1.563 | loss_cn = 0.00305566 | acc_sim = 0.938 | acc_phy = 0.933 
| epoch = 45 | step =    80 | loss_pnn = 1.562 | loss_cn = 0.00306384 | acc_sim = 0.938 | acc_phy = 0.933 
| epoch = 45 | step =    90 | loss_pnn = 1.563 | loss_cn = 0.00307635 | acc_sim = 0.938 | acc_phy = 0.933 
| epoch = 45 | step =   100 | loss_pnn = 1.563 | loss_cn = 0.00307854 | acc_sim = 0.938 | acc_phy = 0.933 
| epoch = 45 | step =   110 | loss_pnn = 1.563 | loss_cn = 0.00306874 | acc_sim = 0.938 | acc_phy = 0.932 
| epoch = 45 | step =   120 | loss_pnn = 1.563 | loss_cn = 0.00307065 | acc_sim = 0.938 | acc_phy = 0.932 
Phy accuracy of the network on 10000 test images: 0.934


Current training epoch: 46, learning rate for pnn: 6.25e-05, learning rate for SEPN: 6.25e-05
| epoch = 46 | step =    10 | loss_pnn = 1.562 | loss_cn = 0.00301462 | acc_sim = 0.939 | acc_phy = 0.936 
| epoch = 46 | step =    20 | loss_pnn = 1.562 | loss_cn = 0.00303889 | acc_sim = 0.939 | acc_phy = 0.934 
| epoch = 46 | step =    30 | loss_pnn = 1.561 | loss_cn = 0.00300810 | acc_sim = 0.939 | acc_phy = 0.934 
| epoch = 46 | step =    40 | loss_pnn = 1.562 | loss_cn = 0.00302088 | acc_sim = 0.938 | acc_phy = 0.932 
| epoch = 46 | step =    50 | loss_pnn = 1.562 | loss_cn = 0.00302718 | acc_sim = 0.937 | acc_phy = 0.933 
| epoch = 46 | step =    60 | loss_pnn = 1.562 | loss_cn = 0.00302363 | acc_sim = 0.937 | acc_phy = 0.933 
| epoch = 46 | step =    70 | loss_pnn = 1.562 | loss_cn = 0.00303839 | acc_sim = 0.937 | acc_phy = 0.932 
| epoch = 46 | step =    80 | loss_pnn = 1.562 | loss_cn = 0.00304016 | acc_sim = 0.938 | acc_phy = 0.933 
| epoch = 46 | step =    90 | loss_pnn = 1.562 | loss_cn = 0.00304527 | acc_sim = 0.938 | acc_phy = 0.933 
| epoch = 46 | step =   100 | loss_pnn = 1.562 | loss_cn = 0.00304879 | acc_sim = 0.938 | acc_phy = 0.933 
| epoch = 46 | step =   110 | loss_pnn = 1.562 | loss_cn = 0.00305485 | acc_sim = 0.938 | acc_phy = 0.933 
| epoch = 46 | step =   120 | loss_pnn = 1.562 | loss_cn = 0.00305947 | acc_sim = 0.938 | acc_phy = 0.932 
Phy accuracy of the network on 10000 test images: 0.934


Current training epoch: 47, learning rate for pnn: 6.25e-05, learning rate for SEPN: 6.25e-05
| epoch = 47 | step =    10 | loss_pnn = 1.563 | loss_cn = 0.00296974 | acc_sim = 0.934 | acc_phy = 0.930 
| epoch = 47 | step =    20 | loss_pnn = 1.565 | loss_cn = 0.00304405 | acc_sim = 0.932 | acc_phy = 0.927 
| epoch = 47 | step =    30 | loss_pnn = 1.563 | loss_cn = 0.00304327 | acc_sim = 0.934 | acc_phy = 0.929 
| epoch = 47 | step =    40 | loss_pnn = 1.561 | loss_cn = 0.00303628 | acc_sim = 0.937 | acc_phy = 0.932 
| epoch = 47 | step =    50 | loss_pnn = 1.561 | loss_cn = 0.00303909 | acc_sim = 0.937 | acc_phy = 0.932 
| epoch = 47 | step =    60 | loss_pnn = 1.561 | loss_cn = 0.00304716 | acc_sim = 0.937 | acc_phy = 0.932 
| epoch = 47 | step =    70 | loss_pnn = 1.561 | loss_cn = 0.00304542 | acc_sim = 0.938 | acc_phy = 0.932 
| epoch = 47 | step =    80 | loss_pnn = 1.561 | loss_cn = 0.00305001 | acc_sim = 0.938 | acc_phy = 0.932 
| epoch = 47 | step =    90 | loss_pnn = 1.561 | loss_cn = 0.00305009 | acc_sim = 0.937 | acc_phy = 0.932 
| epoch = 47 | step =   100 | loss_pnn = 1.561 | loss_cn = 0.00304625 | acc_sim = 0.937 | acc_phy = 0.932 
| epoch = 47 | step =   110 | loss_pnn = 1.561 | loss_cn = 0.00305171 | acc_sim = 0.937 | acc_phy = 0.932 
| epoch = 47 | step =   120 | loss_pnn = 1.561 | loss_cn = 0.00305020 | acc_sim = 0.938 | acc_phy = 0.932 
Phy accuracy of the network on 10000 test images: 0.934


Current training epoch: 48, learning rate for pnn: 6.25e-05, learning rate for SEPN: 6.25e-05
| epoch = 48 | step =    10 | loss_pnn = 1.564 | loss_cn = 0.00316757 | acc_sim = 0.936 | acc_phy = 0.927 
| epoch = 48 | step =    20 | loss_pnn = 1.561 | loss_cn = 0.00304392 | acc_sim = 0.937 | acc_phy = 0.931 
| epoch = 48 | step =    30 | loss_pnn = 1.560 | loss_cn = 0.00305934 | acc_sim = 0.938 | acc_phy = 0.933 
| epoch = 48 | step =    40 | loss_pnn = 1.561 | loss_cn = 0.00304466 | acc_sim = 0.937 | acc_phy = 0.932 
| epoch = 48 | step =    50 | loss_pnn = 1.561 | loss_cn = 0.00306968 | acc_sim = 0.937 | acc_phy = 0.932 
| epoch = 48 | step =    60 | loss_pnn = 1.561 | loss_cn = 0.00306639 | acc_sim = 0.938 | acc_phy = 0.932 
| epoch = 48 | step =    70 | loss_pnn = 1.561 | loss_cn = 0.00305904 | acc_sim = 0.938 | acc_phy = 0.932 
| epoch = 48 | step =    80 | loss_pnn = 1.560 | loss_cn = 0.00305092 | acc_sim = 0.938 | acc_phy = 0.933 
| epoch = 48 | step =    90 | loss_pnn = 1.560 | loss_cn = 0.00305434 | acc_sim = 0.938 | acc_phy = 0.933 
| epoch = 48 | step =   100 | loss_pnn = 1.561 | loss_cn = 0.00305260 | acc_sim = 0.938 | acc_phy = 0.932 
| epoch = 48 | step =   110 | loss_pnn = 1.561 | loss_cn = 0.00304915 | acc_sim = 0.938 | acc_phy = 0.932 
| epoch = 48 | step =   120 | loss_pnn = 1.560 | loss_cn = 0.00304899 | acc_sim = 0.938 | acc_phy = 0.932 
Phy accuracy of the network on 10000 test images: 0.934


Current training epoch: 49, learning rate for pnn: 6.25e-05, learning rate for SEPN: 6.25e-05
| epoch = 49 | step =    10 | loss_pnn = 1.556 | loss_cn = 0.00304945 | acc_sim = 0.942 | acc_phy = 0.938 
| epoch = 49 | step =    20 | loss_pnn = 1.557 | loss_cn = 0.00301320 | acc_sim = 0.941 | acc_phy = 0.937 
| epoch = 49 | step =    30 | loss_pnn = 1.558 | loss_cn = 0.00300389 | acc_sim = 0.940 | acc_phy = 0.937 
| epoch = 49 | step =    40 | loss_pnn = 1.560 | loss_cn = 0.00303516 | acc_sim = 0.939 | acc_phy = 0.934 
| epoch = 49 | step =    50 | loss_pnn = 1.561 | loss_cn = 0.00304288 | acc_sim = 0.938 | acc_phy = 0.933 
| epoch = 49 | step =    60 | loss_pnn = 1.561 | loss_cn = 0.00304992 | acc_sim = 0.938 | acc_phy = 0.933 
| epoch = 49 | step =    70 | loss_pnn = 1.561 | loss_cn = 0.00306247 | acc_sim = 0.938 | acc_phy = 0.933 
| epoch = 49 | step =    80 | loss_pnn = 1.561 | loss_cn = 0.00306365 | acc_sim = 0.938 | acc_phy = 0.934 
| epoch = 49 | step =    90 | loss_pnn = 1.561 | loss_cn = 0.00306523 | acc_sim = 0.938 | acc_phy = 0.933 
| epoch = 49 | step =   100 | loss_pnn = 1.561 | loss_cn = 0.00306418 | acc_sim = 0.938 | acc_phy = 0.933 
| epoch = 49 | step =   110 | loss_pnn = 1.561 | loss_cn = 0.00306724 | acc_sim = 0.938 | acc_phy = 0.933 
| epoch = 49 | step =   120 | loss_pnn = 1.561 | loss_cn = 0.00307149 | acc_sim = 0.938 | acc_phy = 0.933 
Phy accuracy of the network on 10000 test images: 0.934


Current training epoch: 50, learning rate for pnn: 6.25e-05, learning rate for SEPN: 6.25e-05
| epoch = 50 | step =    10 | loss_pnn = 1.558 | loss_cn = 0.00298117 | acc_sim = 0.939 | acc_phy = 0.936 
| epoch = 50 | step =    20 | loss_pnn = 1.559 | loss_cn = 0.00303345 | acc_sim = 0.940 | acc_phy = 0.936 
| epoch = 50 | step =    30 | loss_pnn = 1.560 | loss_cn = 0.00302894 | acc_sim = 0.938 | acc_phy = 0.934 
| epoch = 50 | step =    40 | loss_pnn = 1.561 | loss_cn = 0.00305014 | acc_sim = 0.937 | acc_phy = 0.933 
| epoch = 50 | step =    50 | loss_pnn = 1.561 | loss_cn = 0.00303427 | acc_sim = 0.937 | acc_phy = 0.933 
| epoch = 50 | step =    60 | loss_pnn = 1.562 | loss_cn = 0.00305056 | acc_sim = 0.937 | acc_phy = 0.933 
| epoch = 50 | step =    70 | loss_pnn = 1.563 | loss_cn = 0.00306119 | acc_sim = 0.935 | acc_phy = 0.932 
| epoch = 50 | step =    80 | loss_pnn = 1.563 | loss_cn = 0.00307476 | acc_sim = 0.936 | acc_phy = 0.932 
| epoch = 50 | step =    90 | loss_pnn = 1.562 | loss_cn = 0.00307490 | acc_sim = 0.937 | acc_phy = 0.933 
| epoch = 50 | step =   100 | loss_pnn = 1.562 | loss_cn = 0.00308826 | acc_sim = 0.938 | acc_phy = 0.933 
| epoch = 50 | step =   110 | loss_pnn = 1.562 | loss_cn = 0.00309037 | acc_sim = 0.938 | acc_phy = 0.933 
| epoch = 50 | step =   120 | loss_pnn = 1.562 | loss_cn = 0.00307812 | acc_sim = 0.938 | acc_phy = 0.933 
Phy accuracy of the network on 10000 test images: 0.935

Finished training. Elapsed time of training = 5:45:31.239710.
Best accuracy on test images: 0.9351999999999998.
