Training new model from scratch......
--------------------------
Training with SEPN
--------------------------

Current training epoch: 1, learning rate for pnn: 0.001, learning rate for SEPN: 0.001
| epoch = 1 | step =    10 | loss_pnn = 2.278 | loss_cn = 0.00896670 | acc_sim = 0.258 | acc_phy = 0.146 
| epoch = 1 | step =    20 | loss_pnn = 2.253 | loss_cn = 0.00947360 | acc_sim = 0.348 | acc_phy = 0.198 
| epoch = 1 | step =    30 | loss_pnn = 2.231 | loss_cn = 0.01020276 | acc_sim = 0.416 | acc_phy = 0.242 
| epoch = 1 | step =    40 | loss_pnn = 2.211 | loss_cn = 0.01047126 | acc_sim = 0.477 | acc_phy = 0.286 
| epoch = 1 | step =    50 | loss_pnn = 2.193 | loss_cn = 0.01058509 | acc_sim = 0.526 | acc_phy = 0.324 
| epoch = 1 | step =    60 | loss_pnn = 2.177 | loss_cn = 0.01054732 | acc_sim = 0.563 | acc_phy = 0.356 
| epoch = 1 | step =    70 | loss_pnn = 2.162 | loss_cn = 0.01038684 | acc_sim = 0.592 | acc_phy = 0.383 
| epoch = 1 | step =    80 | loss_pnn = 2.149 | loss_cn = 0.01014704 | acc_sim = 0.618 | acc_phy = 0.405 
| epoch = 1 | step =    90 | loss_pnn = 2.136 | loss_cn = 0.00985836 | acc_sim = 0.639 | acc_phy = 0.424 
| epoch = 1 | step =   100 | loss_pnn = 2.125 | loss_cn = 0.00955221 | acc_sim = 0.659 | acc_phy = 0.441 
| epoch = 1 | step =   110 | loss_pnn = 2.114 | loss_cn = 0.00928936 | acc_sim = 0.677 | acc_phy = 0.457 
| epoch = 1 | step =   120 | loss_pnn = 2.105 | loss_cn = 0.00903915 | acc_sim = 0.692 | acc_phy = 0.469 
Phy accuracy of the network on 10000 test images: 0.618


Current training epoch: 2, learning rate for pnn: 0.001, learning rate for SEPN: 0.001
| epoch = 2 | step =    10 | loss_pnn = 1.996 | loss_cn = 0.00614705 | acc_sim = 0.860 | acc_phy = 0.616 
| epoch = 2 | step =    20 | loss_pnn = 1.994 | loss_cn = 0.00611396 | acc_sim = 0.864 | acc_phy = 0.620 
| epoch = 2 | step =    30 | loss_pnn = 1.991 | loss_cn = 0.00601098 | acc_sim = 0.867 | acc_phy = 0.620 
| epoch = 2 | step =    40 | loss_pnn = 1.986 | loss_cn = 0.00594210 | acc_sim = 0.870 | acc_phy = 0.625 
| epoch = 2 | step =    50 | loss_pnn = 1.985 | loss_cn = 0.00590716 | acc_sim = 0.874 | acc_phy = 0.627 
| epoch = 2 | step =    60 | loss_pnn = 1.983 | loss_cn = 0.00586490 | acc_sim = 0.875 | acc_phy = 0.632 
| epoch = 2 | step =    70 | loss_pnn = 1.980 | loss_cn = 0.00585491 | acc_sim = 0.877 | acc_phy = 0.634 
| epoch = 2 | step =    80 | loss_pnn = 1.978 | loss_cn = 0.00580739 | acc_sim = 0.878 | acc_phy = 0.635 
| epoch = 2 | step =    90 | loss_pnn = 1.976 | loss_cn = 0.00574517 | acc_sim = 0.880 | acc_phy = 0.638 
| epoch = 2 | step =   100 | loss_pnn = 1.975 | loss_cn = 0.00570882 | acc_sim = 0.881 | acc_phy = 0.638 
| epoch = 2 | step =   110 | loss_pnn = 1.972 | loss_cn = 0.00566662 | acc_sim = 0.883 | acc_phy = 0.641 
| epoch = 2 | step =   120 | loss_pnn = 1.970 | loss_cn = 0.00562058 | acc_sim = 0.884 | acc_phy = 0.643 
Phy accuracy of the network on 10000 test images: 0.692


Current training epoch: 3, learning rate for pnn: 0.001, learning rate for SEPN: 0.001
| epoch = 3 | step =    10 | loss_pnn = 1.930 | loss_cn = 0.00486136 | acc_sim = 0.906 | acc_phy = 0.678 
| epoch = 3 | step =    20 | loss_pnn = 1.936 | loss_cn = 0.00485157 | acc_sim = 0.902 | acc_phy = 0.674 
| epoch = 3 | step =    30 | loss_pnn = 1.939 | loss_cn = 0.00485099 | acc_sim = 0.902 | acc_phy = 0.670 
| epoch = 3 | step =    40 | loss_pnn = 1.937 | loss_cn = 0.00484643 | acc_sim = 0.902 | acc_phy = 0.671 
| epoch = 3 | step =    50 | loss_pnn = 1.936 | loss_cn = 0.00481518 | acc_sim = 0.903 | acc_phy = 0.675 
| epoch = 3 | step =    60 | loss_pnn = 1.935 | loss_cn = 0.00480309 | acc_sim = 0.904 | acc_phy = 0.676 
| epoch = 3 | step =    70 | loss_pnn = 1.933 | loss_cn = 0.00476777 | acc_sim = 0.906 | acc_phy = 0.677 
| epoch = 3 | step =    80 | loss_pnn = 1.931 | loss_cn = 0.00474327 | acc_sim = 0.906 | acc_phy = 0.679 
| epoch = 3 | step =    90 | loss_pnn = 1.930 | loss_cn = 0.00471140 | acc_sim = 0.906 | acc_phy = 0.681 
| epoch = 3 | step =   100 | loss_pnn = 1.929 | loss_cn = 0.00467206 | acc_sim = 0.907 | acc_phy = 0.683 
| epoch = 3 | step =   110 | loss_pnn = 1.928 | loss_cn = 0.00464729 | acc_sim = 0.908 | acc_phy = 0.684 
| epoch = 3 | step =   120 | loss_pnn = 1.926 | loss_cn = 0.00462887 | acc_sim = 0.908 | acc_phy = 0.687 
Phy accuracy of the network on 10000 test images: 0.710


Current training epoch: 4, learning rate for pnn: 0.001, learning rate for SEPN: 0.001
| epoch = 4 | step =    10 | loss_pnn = 1.909 | loss_cn = 0.00414964 | acc_sim = 0.917 | acc_phy = 0.703 
| epoch = 4 | step =    20 | loss_pnn = 1.905 | loss_cn = 0.00424128 | acc_sim = 0.918 | acc_phy = 0.706 
| epoch = 4 | step =    30 | loss_pnn = 1.908 | loss_cn = 0.00424502 | acc_sim = 0.919 | acc_phy = 0.701 
| epoch = 4 | step =    40 | loss_pnn = 1.906 | loss_cn = 0.00422730 | acc_sim = 0.919 | acc_phy = 0.705 
| epoch = 4 | step =    50 | loss_pnn = 1.904 | loss_cn = 0.00421808 | acc_sim = 0.921 | acc_phy = 0.709 
| epoch = 4 | step =    60 | loss_pnn = 1.904 | loss_cn = 0.00420560 | acc_sim = 0.920 | acc_phy = 0.710 
| epoch = 4 | step =    70 | loss_pnn = 1.903 | loss_cn = 0.00419944 | acc_sim = 0.919 | acc_phy = 0.709 
| epoch = 4 | step =    80 | loss_pnn = 1.903 | loss_cn = 0.00418466 | acc_sim = 0.919 | acc_phy = 0.710 
| epoch = 4 | step =    90 | loss_pnn = 1.902 | loss_cn = 0.00417180 | acc_sim = 0.919 | acc_phy = 0.709 
| epoch = 4 | step =   100 | loss_pnn = 1.902 | loss_cn = 0.00416329 | acc_sim = 0.919 | acc_phy = 0.709 
| epoch = 4 | step =   110 | loss_pnn = 1.901 | loss_cn = 0.00414479 | acc_sim = 0.919 | acc_phy = 0.709 
| epoch = 4 | step =   120 | loss_pnn = 1.900 | loss_cn = 0.00413888 | acc_sim = 0.920 | acc_phy = 0.709 
Phy accuracy of the network on 10000 test images: 0.736


Current training epoch: 5, learning rate for pnn: 0.001, learning rate for SEPN: 0.001
| epoch = 5 | step =    10 | loss_pnn = 1.879 | loss_cn = 0.00395286 | acc_sim = 0.923 | acc_phy = 0.735 
| epoch = 5 | step =    20 | loss_pnn = 1.880 | loss_cn = 0.00399506 | acc_sim = 0.924 | acc_phy = 0.726 
| epoch = 5 | step =    30 | loss_pnn = 1.881 | loss_cn = 0.00397921 | acc_sim = 0.925 | acc_phy = 0.725 
| epoch = 5 | step =    40 | loss_pnn = 1.882 | loss_cn = 0.00395295 | acc_sim = 0.926 | acc_phy = 0.721 
| epoch = 5 | step =    50 | loss_pnn = 1.883 | loss_cn = 0.00393175 | acc_sim = 0.925 | acc_phy = 0.719 
| epoch = 5 | step =    60 | loss_pnn = 1.882 | loss_cn = 0.00393935 | acc_sim = 0.925 | acc_phy = 0.718 
| epoch = 5 | step =    70 | loss_pnn = 1.879 | loss_cn = 0.00394239 | acc_sim = 0.925 | acc_phy = 0.720 
| epoch = 5 | step =    80 | loss_pnn = 1.879 | loss_cn = 0.00393593 | acc_sim = 0.926 | acc_phy = 0.721 
| epoch = 5 | step =    90 | loss_pnn = 1.877 | loss_cn = 0.00391810 | acc_sim = 0.926 | acc_phy = 0.723 
| epoch = 5 | step =   100 | loss_pnn = 1.877 | loss_cn = 0.00389572 | acc_sim = 0.926 | acc_phy = 0.722 
| epoch = 5 | step =   110 | loss_pnn = 1.876 | loss_cn = 0.00389088 | acc_sim = 0.927 | acc_phy = 0.724 
| epoch = 5 | step =   120 | loss_pnn = 1.876 | loss_cn = 0.00388549 | acc_sim = 0.927 | acc_phy = 0.725 
Phy accuracy of the network on 10000 test images: 0.742


Current training epoch: 6, learning rate for pnn: 0.001, learning rate for SEPN: 0.001
| epoch = 6 | step =    10 | loss_pnn = 1.871 | loss_cn = 0.00378150 | acc_sim = 0.932 | acc_phy = 0.730 
| epoch = 6 | step =    20 | loss_pnn = 1.875 | loss_cn = 0.00373098 | acc_sim = 0.932 | acc_phy = 0.726 
| epoch = 6 | step =    30 | loss_pnn = 1.871 | loss_cn = 0.00374954 | acc_sim = 0.932 | acc_phy = 0.727 
| epoch = 6 | step =    40 | loss_pnn = 1.868 | loss_cn = 0.00374526 | acc_sim = 0.931 | acc_phy = 0.728 
| epoch = 6 | step =    50 | loss_pnn = 1.866 | loss_cn = 0.00372397 | acc_sim = 0.931 | acc_phy = 0.727 
| epoch = 6 | step =    60 | loss_pnn = 1.865 | loss_cn = 0.00371794 | acc_sim = 0.933 | acc_phy = 0.728 
| epoch = 6 | step =    70 | loss_pnn = 1.864 | loss_cn = 0.00371321 | acc_sim = 0.932 | acc_phy = 0.728 
| epoch = 6 | step =    80 | loss_pnn = 1.863 | loss_cn = 0.00369899 | acc_sim = 0.933 | acc_phy = 0.730 
| epoch = 6 | step =    90 | loss_pnn = 1.862 | loss_cn = 0.00367528 | acc_sim = 0.933 | acc_phy = 0.731 
| epoch = 6 | step =   100 | loss_pnn = 1.862 | loss_cn = 0.00366877 | acc_sim = 0.933 | acc_phy = 0.731 
| epoch = 6 | step =   110 | loss_pnn = 1.861 | loss_cn = 0.00366494 | acc_sim = 0.933 | acc_phy = 0.732 
| epoch = 6 | step =   120 | loss_pnn = 1.861 | loss_cn = 0.00366440 | acc_sim = 0.933 | acc_phy = 0.733 
Phy accuracy of the network on 10000 test images: 0.752


Current training epoch: 7, learning rate for pnn: 0.001, learning rate for SEPN: 0.001
| epoch = 7 | step =    10 | loss_pnn = 1.855 | loss_cn = 0.00357507 | acc_sim = 0.933 | acc_phy = 0.732 
| epoch = 7 | step =    20 | loss_pnn = 1.860 | loss_cn = 0.00348755 | acc_sim = 0.933 | acc_phy = 0.727 
| epoch = 7 | step =    30 | loss_pnn = 1.861 | loss_cn = 0.00348243 | acc_sim = 0.933 | acc_phy = 0.726 
| epoch = 7 | step =    40 | loss_pnn = 1.857 | loss_cn = 0.00346320 | acc_sim = 0.935 | acc_phy = 0.733 
| epoch = 7 | step =    50 | loss_pnn = 1.855 | loss_cn = 0.00348135 | acc_sim = 0.935 | acc_phy = 0.734 
| epoch = 7 | step =    60 | loss_pnn = 1.854 | loss_cn = 0.00350986 | acc_sim = 0.934 | acc_phy = 0.733 
| epoch = 7 | step =    70 | loss_pnn = 1.853 | loss_cn = 0.00351703 | acc_sim = 0.935 | acc_phy = 0.734 
| epoch = 7 | step =    80 | loss_pnn = 1.852 | loss_cn = 0.00352311 | acc_sim = 0.936 | acc_phy = 0.735 
| epoch = 7 | step =    90 | loss_pnn = 1.851 | loss_cn = 0.00352626 | acc_sim = 0.936 | acc_phy = 0.736 
| epoch = 7 | step =   100 | loss_pnn = 1.852 | loss_cn = 0.00352835 | acc_sim = 0.936 | acc_phy = 0.735 
| epoch = 7 | step =   110 | loss_pnn = 1.852 | loss_cn = 0.00352003 | acc_sim = 0.937 | acc_phy = 0.736 
| epoch = 7 | step =   120 | loss_pnn = 1.851 | loss_cn = 0.00350712 | acc_sim = 0.937 | acc_phy = 0.736 
Phy accuracy of the network on 10000 test images: 0.754


Current training epoch: 8, learning rate for pnn: 0.001, learning rate for SEPN: 0.001
| epoch = 8 | step =    10 | loss_pnn = 1.848 | loss_cn = 0.00348214 | acc_sim = 0.940 | acc_phy = 0.734 
| epoch = 8 | step =    20 | loss_pnn = 1.843 | loss_cn = 0.00342413 | acc_sim = 0.941 | acc_phy = 0.743 
| epoch = 8 | step =    30 | loss_pnn = 1.843 | loss_cn = 0.00342069 | acc_sim = 0.940 | acc_phy = 0.742 
| epoch = 8 | step =    40 | loss_pnn = 1.844 | loss_cn = 0.00340210 | acc_sim = 0.940 | acc_phy = 0.740 
| epoch = 8 | step =    50 | loss_pnn = 1.843 | loss_cn = 0.00337506 | acc_sim = 0.941 | acc_phy = 0.741 
| epoch = 8 | step =    60 | loss_pnn = 1.841 | loss_cn = 0.00336810 | acc_sim = 0.941 | acc_phy = 0.743 
| epoch = 8 | step =    70 | loss_pnn = 1.840 | loss_cn = 0.00332682 | acc_sim = 0.941 | acc_phy = 0.744 
| epoch = 8 | step =    80 | loss_pnn = 1.839 | loss_cn = 0.00333226 | acc_sim = 0.941 | acc_phy = 0.745 
| epoch = 8 | step =    90 | loss_pnn = 1.840 | loss_cn = 0.00331929 | acc_sim = 0.941 | acc_phy = 0.743 
| epoch = 8 | step =   100 | loss_pnn = 1.839 | loss_cn = 0.00332540 | acc_sim = 0.940 | acc_phy = 0.744 
| epoch = 8 | step =   110 | loss_pnn = 1.838 | loss_cn = 0.00332645 | acc_sim = 0.940 | acc_phy = 0.744 
| epoch = 8 | step =   120 | loss_pnn = 1.838 | loss_cn = 0.00332443 | acc_sim = 0.941 | acc_phy = 0.744 
Phy accuracy of the network on 10000 test images: 0.771


Current training epoch: 9, learning rate for pnn: 0.001, learning rate for SEPN: 0.001
| epoch = 9 | step =    10 | loss_pnn = 1.825 | loss_cn = 0.00323812 | acc_sim = 0.946 | acc_phy = 0.756 
| epoch = 9 | step =    20 | loss_pnn = 1.825 | loss_cn = 0.00316639 | acc_sim = 0.945 | acc_phy = 0.754 
| epoch = 9 | step =    30 | loss_pnn = 1.825 | loss_cn = 0.00317163 | acc_sim = 0.945 | acc_phy = 0.754 
| epoch = 9 | step =    40 | loss_pnn = 1.825 | loss_cn = 0.00313234 | acc_sim = 0.946 | acc_phy = 0.755 
| epoch = 9 | step =    50 | loss_pnn = 1.825 | loss_cn = 0.00311572 | acc_sim = 0.945 | acc_phy = 0.755 
| epoch = 9 | step =    60 | loss_pnn = 1.827 | loss_cn = 0.00310010 | acc_sim = 0.944 | acc_phy = 0.754 
| epoch = 9 | step =    70 | loss_pnn = 1.826 | loss_cn = 0.00310930 | acc_sim = 0.945 | acc_phy = 0.754 
| epoch = 9 | step =    80 | loss_pnn = 1.826 | loss_cn = 0.00313289 | acc_sim = 0.944 | acc_phy = 0.753 
| epoch = 9 | step =    90 | loss_pnn = 1.827 | loss_cn = 0.00316648 | acc_sim = 0.944 | acc_phy = 0.750 
| epoch = 9 | step =   100 | loss_pnn = 1.827 | loss_cn = 0.00317247 | acc_sim = 0.944 | acc_phy = 0.750 
| epoch = 9 | step =   110 | loss_pnn = 1.828 | loss_cn = 0.00317380 | acc_sim = 0.943 | acc_phy = 0.750 
| epoch = 9 | step =   120 | loss_pnn = 1.827 | loss_cn = 0.00316279 | acc_sim = 0.943 | acc_phy = 0.750 
Phy accuracy of the network on 10000 test images: 0.762


Current training epoch: 10, learning rate for pnn: 0.001, learning rate for SEPN: 0.001
| epoch = 10 | step =    10 | loss_pnn = 1.819 | loss_cn = 0.00303418 | acc_sim = 0.942 | acc_phy = 0.754 
| epoch = 10 | step =    20 | loss_pnn = 1.823 | loss_cn = 0.00303205 | acc_sim = 0.944 | acc_phy = 0.752 
| epoch = 10 | step =    30 | loss_pnn = 1.820 | loss_cn = 0.00299906 | acc_sim = 0.945 | acc_phy = 0.757 
| epoch = 10 | step =    40 | loss_pnn = 1.819 | loss_cn = 0.00301231 | acc_sim = 0.946 | acc_phy = 0.756 
| epoch = 10 | step =    50 | loss_pnn = 1.819 | loss_cn = 0.00301707 | acc_sim = 0.945 | acc_phy = 0.755 
| epoch = 10 | step =    60 | loss_pnn = 1.821 | loss_cn = 0.00303889 | acc_sim = 0.944 | acc_phy = 0.752 
| epoch = 10 | step =    70 | loss_pnn = 1.822 | loss_cn = 0.00301965 | acc_sim = 0.945 | acc_phy = 0.751 
| epoch = 10 | step =    80 | loss_pnn = 1.822 | loss_cn = 0.00301086 | acc_sim = 0.945 | acc_phy = 0.751 
| epoch = 10 | step =    90 | loss_pnn = 1.824 | loss_cn = 0.00302040 | acc_sim = 0.945 | acc_phy = 0.749 
| epoch = 10 | step =   100 | loss_pnn = 1.823 | loss_cn = 0.00302095 | acc_sim = 0.945 | acc_phy = 0.750 
| epoch = 10 | step =   110 | loss_pnn = 1.822 | loss_cn = 0.00301949 | acc_sim = 0.945 | acc_phy = 0.750 
| epoch = 10 | step =   120 | loss_pnn = 1.823 | loss_cn = 0.00302752 | acc_sim = 0.945 | acc_phy = 0.749 
Phy accuracy of the network on 10000 test images: 0.756


Current training epoch: 11, learning rate for pnn: 0.0005, learning rate for SEPN: 0.0005
| epoch = 11 | step =    10 | loss_pnn = 1.813 | loss_cn = 0.00295520 | acc_sim = 0.767 | acc_phy = 0.749 
| epoch = 11 | step =    20 | loss_pnn = 1.802 | loss_cn = 0.00287667 | acc_sim = 0.778 | acc_phy = 0.761 
| epoch = 11 | step =    30 | loss_pnn = 1.792 | loss_cn = 0.00286044 | acc_sim = 0.788 | acc_phy = 0.772 
| epoch = 11 | step =    40 | loss_pnn = 1.784 | loss_cn = 0.00289051 | acc_sim = 0.794 | acc_phy = 0.777 
| epoch = 11 | step =    50 | loss_pnn = 1.776 | loss_cn = 0.00288858 | acc_sim = 0.800 | acc_phy = 0.784 
| epoch = 11 | step =    60 | loss_pnn = 1.769 | loss_cn = 0.00289100 | acc_sim = 0.805 | acc_phy = 0.789 
| epoch = 11 | step =    70 | loss_pnn = 1.762 | loss_cn = 0.00287905 | acc_sim = 0.812 | acc_phy = 0.795 
| epoch = 11 | step =    80 | loss_pnn = 1.756 | loss_cn = 0.00287852 | acc_sim = 0.816 | acc_phy = 0.799 
| epoch = 11 | step =    90 | loss_pnn = 1.751 | loss_cn = 0.00286952 | acc_sim = 0.820 | acc_phy = 0.803 
| epoch = 11 | step =   100 | loss_pnn = 1.746 | loss_cn = 0.00285772 | acc_sim = 0.824 | acc_phy = 0.807 
| epoch = 11 | step =   110 | loss_pnn = 1.741 | loss_cn = 0.00285308 | acc_sim = 0.827 | acc_phy = 0.811 
| epoch = 11 | step =   120 | loss_pnn = 1.737 | loss_cn = 0.00285820 | acc_sim = 0.831 | acc_phy = 0.814 
Phy accuracy of the network on 10000 test images: 0.864


Current training epoch: 12, learning rate for pnn: 0.0005, learning rate for SEPN: 0.0005
| epoch = 12 | step =    10 | loss_pnn = 1.689 | loss_cn = 0.00297532 | acc_sim = 0.867 | acc_phy = 0.852 
| epoch = 12 | step =    20 | loss_pnn = 1.685 | loss_cn = 0.00291018 | acc_sim = 0.870 | acc_phy = 0.855 
| epoch = 12 | step =    30 | loss_pnn = 1.682 | loss_cn = 0.00286950 | acc_sim = 0.874 | acc_phy = 0.856 
| epoch = 12 | step =    40 | loss_pnn = 1.681 | loss_cn = 0.00286492 | acc_sim = 0.874 | acc_phy = 0.857 
| epoch = 12 | step =    50 | loss_pnn = 1.677 | loss_cn = 0.00284667 | acc_sim = 0.876 | acc_phy = 0.861 
| epoch = 12 | step =    60 | loss_pnn = 1.675 | loss_cn = 0.00283139 | acc_sim = 0.878 | acc_phy = 0.862 
| epoch = 12 | step =    70 | loss_pnn = 1.673 | loss_cn = 0.00282720 | acc_sim = 0.878 | acc_phy = 0.864 
| epoch = 12 | step =    80 | loss_pnn = 1.671 | loss_cn = 0.00280942 | acc_sim = 0.879 | acc_phy = 0.864 
| epoch = 12 | step =    90 | loss_pnn = 1.669 | loss_cn = 0.00279852 | acc_sim = 0.881 | acc_phy = 0.865 
| epoch = 12 | step =   100 | loss_pnn = 1.668 | loss_cn = 0.00280039 | acc_sim = 0.881 | acc_phy = 0.865 
| epoch = 12 | step =   110 | loss_pnn = 1.666 | loss_cn = 0.00279756 | acc_sim = 0.882 | acc_phy = 0.866 
| epoch = 12 | step =   120 | loss_pnn = 1.665 | loss_cn = 0.00278986 | acc_sim = 0.883 | acc_phy = 0.868 
Phy accuracy of the network on 10000 test images: 0.888


Current training epoch: 13, learning rate for pnn: 0.0005, learning rate for SEPN: 0.0005
| epoch = 13 | step =    10 | loss_pnn = 1.648 | loss_cn = 0.00252939 | acc_sim = 0.889 | acc_phy = 0.873 
| epoch = 13 | step =    20 | loss_pnn = 1.649 | loss_cn = 0.00251061 | acc_sim = 0.888 | acc_phy = 0.873 
| epoch = 13 | step =    30 | loss_pnn = 1.647 | loss_cn = 0.00253515 | acc_sim = 0.890 | acc_phy = 0.875 
| epoch = 13 | step =    40 | loss_pnn = 1.645 | loss_cn = 0.00251857 | acc_sim = 0.893 | acc_phy = 0.878 
| epoch = 13 | step =    50 | loss_pnn = 1.644 | loss_cn = 0.00255971 | acc_sim = 0.893 | acc_phy = 0.879 
| epoch = 13 | step =    60 | loss_pnn = 1.644 | loss_cn = 0.00255520 | acc_sim = 0.893 | acc_phy = 0.879 
| epoch = 13 | step =    70 | loss_pnn = 1.644 | loss_cn = 0.00254874 | acc_sim = 0.893 | acc_phy = 0.879 
| epoch = 13 | step =    80 | loss_pnn = 1.643 | loss_cn = 0.00254383 | acc_sim = 0.892 | acc_phy = 0.879 
| epoch = 13 | step =    90 | loss_pnn = 1.643 | loss_cn = 0.00254053 | acc_sim = 0.893 | acc_phy = 0.880 
| epoch = 13 | step =   100 | loss_pnn = 1.642 | loss_cn = 0.00253935 | acc_sim = 0.893 | acc_phy = 0.880 
| epoch = 13 | step =   110 | loss_pnn = 1.641 | loss_cn = 0.00252273 | acc_sim = 0.894 | acc_phy = 0.881 
| epoch = 13 | step =   120 | loss_pnn = 1.641 | loss_cn = 0.00252165 | acc_sim = 0.894 | acc_phy = 0.881 
Phy accuracy of the network on 10000 test images: 0.896


Current training epoch: 14, learning rate for pnn: 0.0005, learning rate for SEPN: 0.0005
| epoch = 14 | step =    10 | loss_pnn = 1.635 | loss_cn = 0.00239011 | acc_sim = 0.898 | acc_phy = 0.882 
| epoch = 14 | step =    20 | loss_pnn = 1.634 | loss_cn = 0.00242743 | acc_sim = 0.898 | acc_phy = 0.885 
| epoch = 14 | step =    30 | loss_pnn = 1.634 | loss_cn = 0.00242313 | acc_sim = 0.896 | acc_phy = 0.885 
| epoch = 14 | step =    40 | loss_pnn = 1.633 | loss_cn = 0.00239995 | acc_sim = 0.897 | acc_phy = 0.886 
| epoch = 14 | step =    50 | loss_pnn = 1.633 | loss_cn = 0.00237704 | acc_sim = 0.896 | acc_phy = 0.885 
| epoch = 14 | step =    60 | loss_pnn = 1.633 | loss_cn = 0.00237347 | acc_sim = 0.896 | acc_phy = 0.885 
| epoch = 14 | step =    70 | loss_pnn = 1.633 | loss_cn = 0.00237482 | acc_sim = 0.897 | acc_phy = 0.886 
| epoch = 14 | step =    80 | loss_pnn = 1.632 | loss_cn = 0.00236153 | acc_sim = 0.897 | acc_phy = 0.886 
| epoch = 14 | step =    90 | loss_pnn = 1.631 | loss_cn = 0.00235563 | acc_sim = 0.898 | acc_phy = 0.886 
| epoch = 14 | step =   100 | loss_pnn = 1.631 | loss_cn = 0.00233369 | acc_sim = 0.898 | acc_phy = 0.887 
| epoch = 14 | step =   110 | loss_pnn = 1.631 | loss_cn = 0.00232956 | acc_sim = 0.898 | acc_phy = 0.887 
| epoch = 14 | step =   120 | loss_pnn = 1.630 | loss_cn = 0.00231968 | acc_sim = 0.898 | acc_phy = 0.887 
Phy accuracy of the network on 10000 test images: 0.901


Current training epoch: 15, learning rate for pnn: 0.0005, learning rate for SEPN: 0.0005
| epoch = 15 | step =    10 | loss_pnn = 1.635 | loss_cn = 0.00224027 | acc_sim = 0.892 | acc_phy = 0.883 
| epoch = 15 | step =    20 | loss_pnn = 1.628 | loss_cn = 0.00220850 | acc_sim = 0.898 | acc_phy = 0.888 
| epoch = 15 | step =    30 | loss_pnn = 1.626 | loss_cn = 0.00220890 | acc_sim = 0.899 | acc_phy = 0.890 
| epoch = 15 | step =    40 | loss_pnn = 1.625 | loss_cn = 0.00219153 | acc_sim = 0.901 | acc_phy = 0.891 
| epoch = 15 | step =    50 | loss_pnn = 1.625 | loss_cn = 0.00219342 | acc_sim = 0.900 | acc_phy = 0.891 
| epoch = 15 | step =    60 | loss_pnn = 1.625 | loss_cn = 0.00219917 | acc_sim = 0.900 | acc_phy = 0.891 
| epoch = 15 | step =    70 | loss_pnn = 1.625 | loss_cn = 0.00219647 | acc_sim = 0.900 | acc_phy = 0.891 
| epoch = 15 | step =    80 | loss_pnn = 1.625 | loss_cn = 0.00219059 | acc_sim = 0.900 | acc_phy = 0.891 
| epoch = 15 | step =    90 | loss_pnn = 1.625 | loss_cn = 0.00218221 | acc_sim = 0.901 | acc_phy = 0.891 
| epoch = 15 | step =   100 | loss_pnn = 1.625 | loss_cn = 0.00218971 | acc_sim = 0.901 | acc_phy = 0.891 
| epoch = 15 | step =   110 | loss_pnn = 1.625 | loss_cn = 0.00219197 | acc_sim = 0.901 | acc_phy = 0.891 
| epoch = 15 | step =   120 | loss_pnn = 1.625 | loss_cn = 0.00220070 | acc_sim = 0.901 | acc_phy = 0.891 
Phy accuracy of the network on 10000 test images: 0.903


Current training epoch: 16, learning rate for pnn: 0.0005, learning rate for SEPN: 0.0005
| epoch = 16 | step =    10 | loss_pnn = 1.618 | loss_cn = 0.00207926 | acc_sim = 0.906 | acc_phy = 0.897 
| epoch = 16 | step =    20 | loss_pnn = 1.620 | loss_cn = 0.00214518 | acc_sim = 0.905 | acc_phy = 0.896 
| epoch = 16 | step =    30 | loss_pnn = 1.623 | loss_cn = 0.00215041 | acc_sim = 0.904 | acc_phy = 0.893 
| epoch = 16 | step =    40 | loss_pnn = 1.623 | loss_cn = 0.00214299 | acc_sim = 0.903 | acc_phy = 0.892 
| epoch = 16 | step =    50 | loss_pnn = 1.623 | loss_cn = 0.00214098 | acc_sim = 0.904 | acc_phy = 0.893 
| epoch = 16 | step =    60 | loss_pnn = 1.622 | loss_cn = 0.00213691 | acc_sim = 0.905 | acc_phy = 0.894 
| epoch = 16 | step =    70 | loss_pnn = 1.623 | loss_cn = 0.00214192 | acc_sim = 0.903 | acc_phy = 0.892 
| epoch = 16 | step =    80 | loss_pnn = 1.624 | loss_cn = 0.00213885 | acc_sim = 0.902 | acc_phy = 0.891 
| epoch = 16 | step =    90 | loss_pnn = 1.624 | loss_cn = 0.00213418 | acc_sim = 0.903 | acc_phy = 0.892 
| epoch = 16 | step =   100 | loss_pnn = 1.625 | loss_cn = 0.00214174 | acc_sim = 0.903 | acc_phy = 0.892 
| epoch = 16 | step =   110 | loss_pnn = 1.625 | loss_cn = 0.00215006 | acc_sim = 0.903 | acc_phy = 0.892 
| epoch = 16 | step =   120 | loss_pnn = 1.625 | loss_cn = 0.00215475 | acc_sim = 0.903 | acc_phy = 0.892 
Phy accuracy of the network on 10000 test images: 0.903


Current training epoch: 17, learning rate for pnn: 0.0005, learning rate for SEPN: 0.0005
| epoch = 17 | step =    10 | loss_pnn = 1.630 | loss_cn = 0.00202561 | acc_sim = 0.900 | acc_phy = 0.893 
| epoch = 17 | step =    20 | loss_pnn = 1.629 | loss_cn = 0.00206935 | acc_sim = 0.902 | acc_phy = 0.894 
| epoch = 17 | step =    30 | loss_pnn = 1.629 | loss_cn = 0.00208992 | acc_sim = 0.903 | acc_phy = 0.894 
| epoch = 17 | step =    40 | loss_pnn = 1.632 | loss_cn = 0.00215766 | acc_sim = 0.901 | acc_phy = 0.892 
| epoch = 17 | step =    50 | loss_pnn = 1.633 | loss_cn = 0.00218958 | acc_sim = 0.901 | acc_phy = 0.891 
| epoch = 17 | step =    60 | loss_pnn = 1.634 | loss_cn = 0.00220759 | acc_sim = 0.901 | acc_phy = 0.891 
| epoch = 17 | step =    70 | loss_pnn = 1.634 | loss_cn = 0.00219104 | acc_sim = 0.901 | acc_phy = 0.891 
| epoch = 17 | step =    80 | loss_pnn = 1.635 | loss_cn = 0.00219083 | acc_sim = 0.901 | acc_phy = 0.891 
| epoch = 17 | step =    90 | loss_pnn = 1.635 | loss_cn = 0.00219976 | acc_sim = 0.901 | acc_phy = 0.891 
| epoch = 17 | step =   100 | loss_pnn = 1.636 | loss_cn = 0.00221602 | acc_sim = 0.901 | acc_phy = 0.891 
| epoch = 17 | step =   110 | loss_pnn = 1.637 | loss_cn = 0.00222775 | acc_sim = 0.901 | acc_phy = 0.891 
| epoch = 17 | step =   120 | loss_pnn = 1.637 | loss_cn = 0.00223613 | acc_sim = 0.901 | acc_phy = 0.891 
Phy accuracy of the network on 10000 test images: 0.901


Current training epoch: 18, learning rate for pnn: 0.0005, learning rate for SEPN: 0.0005
| epoch = 18 | step =    10 | loss_pnn = 1.644 | loss_cn = 0.00221616 | acc_sim = 0.897 | acc_phy = 0.890 
| epoch = 18 | step =    20 | loss_pnn = 1.643 | loss_cn = 0.00218073 | acc_sim = 0.900 | acc_phy = 0.891 
| epoch = 18 | step =    30 | loss_pnn = 1.645 | loss_cn = 0.00220687 | acc_sim = 0.899 | acc_phy = 0.890 
| epoch = 18 | step =    40 | loss_pnn = 1.645 | loss_cn = 0.00222191 | acc_sim = 0.901 | acc_phy = 0.890 
| epoch = 18 | step =    50 | loss_pnn = 1.646 | loss_cn = 0.00225343 | acc_sim = 0.900 | acc_phy = 0.890 
| epoch = 18 | step =    60 | loss_pnn = 1.646 | loss_cn = 0.00225732 | acc_sim = 0.900 | acc_phy = 0.890 
| epoch = 18 | step =    70 | loss_pnn = 1.647 | loss_cn = 0.00225417 | acc_sim = 0.900 | acc_phy = 0.890 
| epoch = 18 | step =    80 | loss_pnn = 1.648 | loss_cn = 0.00226370 | acc_sim = 0.900 | acc_phy = 0.889 
| epoch = 18 | step =    90 | loss_pnn = 1.649 | loss_cn = 0.00227012 | acc_sim = 0.899 | acc_phy = 0.889 
| epoch = 18 | step =   100 | loss_pnn = 1.650 | loss_cn = 0.00227399 | acc_sim = 0.899 | acc_phy = 0.889 
| epoch = 18 | step =   110 | loss_pnn = 1.650 | loss_cn = 0.00226662 | acc_sim = 0.899 | acc_phy = 0.889 
| epoch = 18 | step =   120 | loss_pnn = 1.650 | loss_cn = 0.00227529 | acc_sim = 0.899 | acc_phy = 0.889 
Phy accuracy of the network on 10000 test images: 0.899


Current training epoch: 19, learning rate for pnn: 0.0005, learning rate for SEPN: 0.0005
| epoch = 19 | step =    10 | loss_pnn = 1.657 | loss_cn = 0.00226286 | acc_sim = 0.900 | acc_phy = 0.894 
| epoch = 19 | step =    20 | loss_pnn = 1.657 | loss_cn = 0.00228318 | acc_sim = 0.897 | acc_phy = 0.889 
| epoch = 19 | step =    30 | loss_pnn = 1.656 | loss_cn = 0.00228558 | acc_sim = 0.896 | acc_phy = 0.890 
| epoch = 19 | step =    40 | loss_pnn = 1.655 | loss_cn = 0.00227711 | acc_sim = 0.898 | acc_phy = 0.891 
| epoch = 19 | step =    50 | loss_pnn = 1.657 | loss_cn = 0.00227577 | acc_sim = 0.897 | acc_phy = 0.889 
| epoch = 19 | step =    60 | loss_pnn = 1.657 | loss_cn = 0.00227649 | acc_sim = 0.897 | acc_phy = 0.888 
| epoch = 19 | step =    70 | loss_pnn = 1.657 | loss_cn = 0.00229355 | acc_sim = 0.898 | acc_phy = 0.889 
| epoch = 19 | step =    80 | loss_pnn = 1.657 | loss_cn = 0.00230337 | acc_sim = 0.897 | acc_phy = 0.889 
| epoch = 19 | step =    90 | loss_pnn = 1.658 | loss_cn = 0.00232780 | acc_sim = 0.897 | acc_phy = 0.888 
| epoch = 19 | step =   100 | loss_pnn = 1.659 | loss_cn = 0.00234873 | acc_sim = 0.896 | acc_phy = 0.888 
| epoch = 19 | step =   110 | loss_pnn = 1.659 | loss_cn = 0.00235044 | acc_sim = 0.896 | acc_phy = 0.888 
| epoch = 19 | step =   120 | loss_pnn = 1.659 | loss_cn = 0.00237369 | acc_sim = 0.895 | acc_phy = 0.887 
Phy accuracy of the network on 10000 test images: 0.896


Current training epoch: 20, learning rate for pnn: 0.0005, learning rate for SEPN: 0.0005
| epoch = 20 | step =    10 | loss_pnn = 1.669 | loss_cn = 0.00256085 | acc_sim = 0.889 | acc_phy = 0.878 
| epoch = 20 | step =    20 | loss_pnn = 1.663 | loss_cn = 0.00247264 | acc_sim = 0.891 | acc_phy = 0.883 
| epoch = 20 | step =    30 | loss_pnn = 1.664 | loss_cn = 0.00247924 | acc_sim = 0.890 | acc_phy = 0.883 
| epoch = 20 | step =    40 | loss_pnn = 1.662 | loss_cn = 0.00245640 | acc_sim = 0.892 | acc_phy = 0.885 
| epoch = 20 | step =    50 | loss_pnn = 1.661 | loss_cn = 0.00246629 | acc_sim = 0.892 | acc_phy = 0.885 
| epoch = 20 | step =    60 | loss_pnn = 1.660 | loss_cn = 0.00246050 | acc_sim = 0.892 | acc_phy = 0.885 
| epoch = 20 | step =    70 | loss_pnn = 1.660 | loss_cn = 0.00246628 | acc_sim = 0.890 | acc_phy = 0.883 
| epoch = 20 | step =    80 | loss_pnn = 1.660 | loss_cn = 0.00247548 | acc_sim = 0.889 | acc_phy = 0.882 
| epoch = 20 | step =    90 | loss_pnn = 1.659 | loss_cn = 0.00246837 | acc_sim = 0.888 | acc_phy = 0.882 
| epoch = 20 | step =   100 | loss_pnn = 1.659 | loss_cn = 0.00245569 | acc_sim = 0.889 | acc_phy = 0.882 
| epoch = 20 | step =   110 | loss_pnn = 1.658 | loss_cn = 0.00244155 | acc_sim = 0.889 | acc_phy = 0.881 
| epoch = 20 | step =   120 | loss_pnn = 1.657 | loss_cn = 0.00241985 | acc_sim = 0.889 | acc_phy = 0.882 
Phy accuracy of the network on 10000 test images: 0.894


Current training epoch: 21, learning rate for pnn: 0.00025, learning rate for SEPN: 0.00025
| epoch = 21 | step =    10 | loss_pnn = 1.648 | loss_cn = 0.00210079 | acc_sim = 0.893 | acc_phy = 0.885 
| epoch = 21 | step =    20 | loss_pnn = 1.648 | loss_cn = 0.00208362 | acc_sim = 0.893 | acc_phy = 0.885 
| epoch = 21 | step =    30 | loss_pnn = 1.647 | loss_cn = 0.00206034 | acc_sim = 0.893 | acc_phy = 0.885 
| epoch = 21 | step =    40 | loss_pnn = 1.648 | loss_cn = 0.00209686 | acc_sim = 0.891 | acc_phy = 0.884 
| epoch = 21 | step =    50 | loss_pnn = 1.649 | loss_cn = 0.00212083 | acc_sim = 0.892 | acc_phy = 0.884 
| epoch = 21 | step =    60 | loss_pnn = 1.649 | loss_cn = 0.00212544 | acc_sim = 0.891 | acc_phy = 0.884 
| epoch = 21 | step =    70 | loss_pnn = 1.650 | loss_cn = 0.00213484 | acc_sim = 0.890 | acc_phy = 0.883 
| epoch = 21 | step =    80 | loss_pnn = 1.650 | loss_cn = 0.00214571 | acc_sim = 0.891 | acc_phy = 0.883 
| epoch = 21 | step =    90 | loss_pnn = 1.650 | loss_cn = 0.00214917 | acc_sim = 0.891 | acc_phy = 0.883 
| epoch = 21 | step =   100 | loss_pnn = 1.650 | loss_cn = 0.00215942 | acc_sim = 0.891 | acc_phy = 0.884 
| epoch = 21 | step =   110 | loss_pnn = 1.650 | loss_cn = 0.00216968 | acc_sim = 0.891 | acc_phy = 0.883 
| epoch = 21 | step =   120 | loss_pnn = 1.651 | loss_cn = 0.00218582 | acc_sim = 0.891 | acc_phy = 0.883 
Phy accuracy of the network on 10000 test images: 0.892


Current training epoch: 22, learning rate for pnn: 0.00025, learning rate for SEPN: 0.00025
| epoch = 22 | step =    10 | loss_pnn = 1.656 | loss_cn = 0.00229984 | acc_sim = 0.888 | acc_phy = 0.881 
| epoch = 22 | step =    20 | loss_pnn = 1.657 | loss_cn = 0.00231476 | acc_sim = 0.887 | acc_phy = 0.881 
| epoch = 22 | step =    30 | loss_pnn = 1.660 | loss_cn = 0.00238805 | acc_sim = 0.885 | acc_phy = 0.879 
| epoch = 22 | step =    40 | loss_pnn = 1.662 | loss_cn = 0.00241318 | acc_sim = 0.883 | acc_phy = 0.879 
| epoch = 22 | step =    50 | loss_pnn = 1.662 | loss_cn = 0.00244535 | acc_sim = 0.884 | acc_phy = 0.880 
| epoch = 22 | step =    60 | loss_pnn = 1.663 | loss_cn = 0.00245470 | acc_sim = 0.884 | acc_phy = 0.879 
| epoch = 22 | step =    70 | loss_pnn = 1.664 | loss_cn = 0.00247645 | acc_sim = 0.884 | acc_phy = 0.878 
| epoch = 22 | step =    80 | loss_pnn = 1.664 | loss_cn = 0.00247610 | acc_sim = 0.884 | acc_phy = 0.879 
| epoch = 22 | step =    90 | loss_pnn = 1.664 | loss_cn = 0.00247061 | acc_sim = 0.884 | acc_phy = 0.879 
| epoch = 22 | step =   100 | loss_pnn = 1.665 | loss_cn = 0.00246680 | acc_sim = 0.885 | acc_phy = 0.880 
| epoch = 22 | step =   110 | loss_pnn = 1.665 | loss_cn = 0.00246652 | acc_sim = 0.885 | acc_phy = 0.880 
| epoch = 22 | step =   120 | loss_pnn = 1.665 | loss_cn = 0.00246840 | acc_sim = 0.885 | acc_phy = 0.880 
Phy accuracy of the network on 10000 test images: 0.892


Current training epoch: 23, learning rate for pnn: 0.00025, learning rate for SEPN: 0.00025
| epoch = 23 | step =    10 | loss_pnn = 1.675 | loss_cn = 0.00256416 | acc_sim = 0.881 | acc_phy = 0.876 
| epoch = 23 | step =    20 | loss_pnn = 1.675 | loss_cn = 0.00259507 | acc_sim = 0.882 | acc_phy = 0.876 
| epoch = 23 | step =    30 | loss_pnn = 1.672 | loss_cn = 0.00252490 | acc_sim = 0.884 | acc_phy = 0.878 
| epoch = 23 | step =    40 | loss_pnn = 1.673 | loss_cn = 0.00252073 | acc_sim = 0.884 | acc_phy = 0.877 
| epoch = 23 | step =    50 | loss_pnn = 1.673 | loss_cn = 0.00252567 | acc_sim = 0.885 | acc_phy = 0.877 
| epoch = 23 | step =    60 | loss_pnn = 1.675 | loss_cn = 0.00253726 | acc_sim = 0.884 | acc_phy = 0.877 
| epoch = 23 | step =    70 | loss_pnn = 1.675 | loss_cn = 0.00253699 | acc_sim = 0.885 | acc_phy = 0.878 
| epoch = 23 | step =    80 | loss_pnn = 1.676 | loss_cn = 0.00255048 | acc_sim = 0.885 | acc_phy = 0.878 
| epoch = 23 | step =    90 | loss_pnn = 1.677 | loss_cn = 0.00254983 | acc_sim = 0.885 | acc_phy = 0.878 
| epoch = 23 | step =   100 | loss_pnn = 1.677 | loss_cn = 0.00254986 | acc_sim = 0.885 | acc_phy = 0.878 
| epoch = 23 | step =   110 | loss_pnn = 1.678 | loss_cn = 0.00254960 | acc_sim = 0.884 | acc_phy = 0.878 
| epoch = 23 | step =   120 | loss_pnn = 1.679 | loss_cn = 0.00254408 | acc_sim = 0.884 | acc_phy = 0.878 
Phy accuracy of the network on 10000 test images: 0.884


Current training epoch: 24, learning rate for pnn: 0.00025, learning rate for SEPN: 0.00025
| epoch = 24 | step =    10 | loss_pnn = 1.690 | loss_cn = 0.00253710 | acc_sim = 0.881 | acc_phy = 0.871 
| epoch = 24 | step =    20 | loss_pnn = 1.693 | loss_cn = 0.00264180 | acc_sim = 0.876 | acc_phy = 0.867 
| epoch = 24 | step =    30 | loss_pnn = 1.695 | loss_cn = 0.00262490 | acc_sim = 0.873 | acc_phy = 0.866 
| epoch = 24 | step =    40 | loss_pnn = 1.696 | loss_cn = 0.00261495 | acc_sim = 0.871 | acc_phy = 0.863 
| epoch = 24 | step =    50 | loss_pnn = 1.698 | loss_cn = 0.00263797 | acc_sim = 0.865 | acc_phy = 0.857 
| epoch = 24 | step =    60 | loss_pnn = 1.700 | loss_cn = 0.00265876 | acc_sim = 0.858 | acc_phy = 0.849 
| epoch = 24 | step =    70 | loss_pnn = 1.703 | loss_cn = 0.00268130 | acc_sim = 0.849 | acc_phy = 0.841 
| epoch = 24 | step =    80 | loss_pnn = 1.706 | loss_cn = 0.00270816 | acc_sim = 0.842 | acc_phy = 0.834 
| epoch = 24 | step =    90 | loss_pnn = 1.708 | loss_cn = 0.00272936 | acc_sim = 0.837 | acc_phy = 0.829 
| epoch = 24 | step =   100 | loss_pnn = 1.711 | loss_cn = 0.00275988 | acc_sim = 0.833 | acc_phy = 0.824 
| epoch = 24 | step =   110 | loss_pnn = 1.713 | loss_cn = 0.00278140 | acc_sim = 0.829 | acc_phy = 0.820 
| epoch = 24 | step =   120 | loss_pnn = 1.716 | loss_cn = 0.00280919 | acc_sim = 0.825 | acc_phy = 0.817 
Phy accuracy of the network on 10000 test images: 0.789


Current training epoch: 25, learning rate for pnn: 0.00025, learning rate for SEPN: 0.00025
| epoch = 25 | step =    10 | loss_pnn = 1.744 | loss_cn = 0.00288470 | acc_sim = 0.792 | acc_phy = 0.781 
| epoch = 25 | step =    20 | loss_pnn = 1.747 | loss_cn = 0.00293421 | acc_sim = 0.790 | acc_phy = 0.780 
| epoch = 25 | step =    30 | loss_pnn = 1.749 | loss_cn = 0.00299724 | acc_sim = 0.790 | acc_phy = 0.780 
| epoch = 25 | step =    40 | loss_pnn = 1.750 | loss_cn = 0.00302811 | acc_sim = 0.791 | acc_phy = 0.779 
| epoch = 25 | step =    50 | loss_pnn = 1.750 | loss_cn = 0.00303968 | acc_sim = 0.792 | acc_phy = 0.780 
| epoch = 25 | step =    60 | loss_pnn = 1.751 | loss_cn = 0.00304016 | acc_sim = 0.792 | acc_phy = 0.781 
| epoch = 25 | step =    70 | loss_pnn = 1.752 | loss_cn = 0.00305472 | acc_sim = 0.792 | acc_phy = 0.780 
| epoch = 25 | step =    80 | loss_pnn = 1.752 | loss_cn = 0.00305513 | acc_sim = 0.792 | acc_phy = 0.781 
| epoch = 25 | step =    90 | loss_pnn = 1.753 | loss_cn = 0.00306902 | acc_sim = 0.792 | acc_phy = 0.780 
| epoch = 25 | step =   100 | loss_pnn = 1.754 | loss_cn = 0.00307360 | acc_sim = 0.791 | acc_phy = 0.779 
| epoch = 25 | step =   110 | loss_pnn = 1.754 | loss_cn = 0.00306825 | acc_sim = 0.790 | acc_phy = 0.778 
| epoch = 25 | step =   120 | loss_pnn = 1.755 | loss_cn = 0.00306387 | acc_sim = 0.790 | acc_phy = 0.778 
Phy accuracy of the network on 10000 test images: 0.784


Current training epoch: 26, learning rate for pnn: 0.00025, learning rate for SEPN: 0.00025
| epoch = 26 | step =    10 | loss_pnn = 1.757 | loss_cn = 0.00296394 | acc_sim = 0.788 | acc_phy = 0.778 
| epoch = 26 | step =    20 | loss_pnn = 1.759 | loss_cn = 0.00284982 | acc_sim = 0.786 | acc_phy = 0.775 
| epoch = 26 | step =    30 | loss_pnn = 1.758 | loss_cn = 0.00288895 | acc_sim = 0.788 | acc_phy = 0.776 
| epoch = 26 | step =    40 | loss_pnn = 1.758 | loss_cn = 0.00294111 | acc_sim = 0.789 | acc_phy = 0.777 
| epoch = 26 | step =    50 | loss_pnn = 1.757 | loss_cn = 0.00293325 | acc_sim = 0.790 | acc_phy = 0.778 
| epoch = 26 | step =    60 | loss_pnn = 1.754 | loss_cn = 0.00290708 | acc_sim = 0.792 | acc_phy = 0.781 
| epoch = 26 | step =    70 | loss_pnn = 1.754 | loss_cn = 0.00289230 | acc_sim = 0.792 | acc_phy = 0.781 
| epoch = 26 | step =    80 | loss_pnn = 1.755 | loss_cn = 0.00288640 | acc_sim = 0.792 | acc_phy = 0.781 
| epoch = 26 | step =    90 | loss_pnn = 1.754 | loss_cn = 0.00286990 | acc_sim = 0.791 | acc_phy = 0.780 
| epoch = 26 | step =   100 | loss_pnn = 1.753 | loss_cn = 0.00285447 | acc_sim = 0.792 | acc_phy = 0.781 
| epoch = 26 | step =   110 | loss_pnn = 1.753 | loss_cn = 0.00283503 | acc_sim = 0.792 | acc_phy = 0.781 
| epoch = 26 | step =   120 | loss_pnn = 1.752 | loss_cn = 0.00282713 | acc_sim = 0.793 | acc_phy = 0.781 
Phy accuracy of the network on 10000 test images: 0.791


Current training epoch: 27, learning rate for pnn: 0.00025, learning rate for SEPN: 0.00025
| epoch = 27 | step =    10 | loss_pnn = 1.742 | loss_cn = 0.00267045 | acc_sim = 0.801 | acc_phy = 0.789 
| epoch = 27 | step =    20 | loss_pnn = 1.742 | loss_cn = 0.00265343 | acc_sim = 0.800 | acc_phy = 0.787 
| epoch = 27 | step =    30 | loss_pnn = 1.744 | loss_cn = 0.00265121 | acc_sim = 0.797 | acc_phy = 0.785 
| epoch = 27 | step =    40 | loss_pnn = 1.743 | loss_cn = 0.00268022 | acc_sim = 0.797 | acc_phy = 0.784 
| epoch = 27 | step =    50 | loss_pnn = 1.742 | loss_cn = 0.00266910 | acc_sim = 0.797 | acc_phy = 0.785 
| epoch = 27 | step =    60 | loss_pnn = 1.743 | loss_cn = 0.00268111 | acc_sim = 0.796 | acc_phy = 0.784 
| epoch = 27 | step =    70 | loss_pnn = 1.742 | loss_cn = 0.00267642 | acc_sim = 0.795 | acc_phy = 0.784 
| epoch = 27 | step =    80 | loss_pnn = 1.741 | loss_cn = 0.00265599 | acc_sim = 0.796 | acc_phy = 0.784 
| epoch = 27 | step =    90 | loss_pnn = 1.741 | loss_cn = 0.00264627 | acc_sim = 0.796 | acc_phy = 0.784 
| epoch = 27 | step =   100 | loss_pnn = 1.739 | loss_cn = 0.00263364 | acc_sim = 0.797 | acc_phy = 0.786 
| epoch = 27 | step =   110 | loss_pnn = 1.739 | loss_cn = 0.00263551 | acc_sim = 0.797 | acc_phy = 0.785 
| epoch = 27 | step =   120 | loss_pnn = 1.738 | loss_cn = 0.00262086 | acc_sim = 0.797 | acc_phy = 0.785 
Phy accuracy of the network on 10000 test images: 0.796


Current training epoch: 28, learning rate for pnn: 0.00025, learning rate for SEPN: 0.00025
| epoch = 28 | step =    10 | loss_pnn = 1.737 | loss_cn = 0.00254295 | acc_sim = 0.790 | acc_phy = 0.781 
| epoch = 28 | step =    20 | loss_pnn = 1.731 | loss_cn = 0.00253843 | acc_sim = 0.799 | acc_phy = 0.788 
| epoch = 28 | step =    30 | loss_pnn = 1.730 | loss_cn = 0.00250146 | acc_sim = 0.799 | acc_phy = 0.788 
| epoch = 28 | step =    40 | loss_pnn = 1.729 | loss_cn = 0.00248047 | acc_sim = 0.798 | acc_phy = 0.787 
| epoch = 28 | step =    50 | loss_pnn = 1.729 | loss_cn = 0.00250377 | acc_sim = 0.798 | acc_phy = 0.787 
| epoch = 28 | step =    60 | loss_pnn = 1.730 | loss_cn = 0.00250100 | acc_sim = 0.797 | acc_phy = 0.786 
| epoch = 28 | step =    70 | loss_pnn = 1.731 | loss_cn = 0.00251959 | acc_sim = 0.796 | acc_phy = 0.784 
| epoch = 28 | step =    80 | loss_pnn = 1.729 | loss_cn = 0.00252423 | acc_sim = 0.797 | acc_phy = 0.786 
| epoch = 28 | step =    90 | loss_pnn = 1.729 | loss_cn = 0.00254016 | acc_sim = 0.797 | acc_phy = 0.785 
| epoch = 28 | step =   100 | loss_pnn = 1.729 | loss_cn = 0.00254770 | acc_sim = 0.797 | acc_phy = 0.785 
| epoch = 28 | step =   110 | loss_pnn = 1.728 | loss_cn = 0.00253639 | acc_sim = 0.798 | acc_phy = 0.786 
| epoch = 28 | step =   120 | loss_pnn = 1.727 | loss_cn = 0.00252949 | acc_sim = 0.798 | acc_phy = 0.786 
Phy accuracy of the network on 10000 test images: 0.796


Current training epoch: 29, learning rate for pnn: 0.00025, learning rate for SEPN: 0.00025
| epoch = 29 | step =    10 | loss_pnn = 1.722 | loss_cn = 0.00243598 | acc_sim = 0.796 | acc_phy = 0.784 
| epoch = 29 | step =    20 | loss_pnn = 1.721 | loss_cn = 0.00244904 | acc_sim = 0.796 | acc_phy = 0.785 
| epoch = 29 | step =    30 | loss_pnn = 1.721 | loss_cn = 0.00243864 | acc_sim = 0.797 | acc_phy = 0.787 
| epoch = 29 | step =    40 | loss_pnn = 1.721 | loss_cn = 0.00246335 | acc_sim = 0.796 | acc_phy = 0.786 
| epoch = 29 | step =    50 | loss_pnn = 1.721 | loss_cn = 0.00248137 | acc_sim = 0.796 | acc_phy = 0.786 
| epoch = 29 | step =    60 | loss_pnn = 1.722 | loss_cn = 0.00250793 | acc_sim = 0.795 | acc_phy = 0.784 
| epoch = 29 | step =    70 | loss_pnn = 1.720 | loss_cn = 0.00252427 | acc_sim = 0.796 | acc_phy = 0.787 
| epoch = 29 | step =    80 | loss_pnn = 1.720 | loss_cn = 0.00253292 | acc_sim = 0.796 | acc_phy = 0.786 
| epoch = 29 | step =    90 | loss_pnn = 1.720 | loss_cn = 0.00254153 | acc_sim = 0.796 | acc_phy = 0.786 
| epoch = 29 | step =   100 | loss_pnn = 1.719 | loss_cn = 0.00254288 | acc_sim = 0.798 | acc_phy = 0.787 
| epoch = 29 | step =   110 | loss_pnn = 1.719 | loss_cn = 0.00254734 | acc_sim = 0.798 | acc_phy = 0.788 
| epoch = 29 | step =   120 | loss_pnn = 1.718 | loss_cn = 0.00255216 | acc_sim = 0.799 | acc_phy = 0.789 
Phy accuracy of the network on 10000 test images: 0.811


Current training epoch: 30, learning rate for pnn: 0.00025, learning rate for SEPN: 0.00025
| epoch = 30 | step =    10 | loss_pnn = 1.719 | loss_cn = 0.00265585 | acc_sim = 0.809 | acc_phy = 0.796 
| epoch = 30 | step =    20 | loss_pnn = 1.716 | loss_cn = 0.00266395 | acc_sim = 0.812 | acc_phy = 0.800 
| epoch = 30 | step =    30 | loss_pnn = 1.713 | loss_cn = 0.00263599 | acc_sim = 0.814 | acc_phy = 0.804 
| epoch = 30 | step =    40 | loss_pnn = 1.712 | loss_cn = 0.00264776 | acc_sim = 0.816 | acc_phy = 0.807 
| epoch = 30 | step =    50 | loss_pnn = 1.710 | loss_cn = 0.00262694 | acc_sim = 0.820 | acc_phy = 0.810 
| epoch = 30 | step =    60 | loss_pnn = 1.710 | loss_cn = 0.00263317 | acc_sim = 0.821 | acc_phy = 0.812 
| epoch = 30 | step =    70 | loss_pnn = 1.710 | loss_cn = 0.00266417 | acc_sim = 0.824 | acc_phy = 0.815 
| epoch = 30 | step =    80 | loss_pnn = 1.709 | loss_cn = 0.00268092 | acc_sim = 0.827 | acc_phy = 0.817 
| epoch = 30 | step =    90 | loss_pnn = 1.709 | loss_cn = 0.00268701 | acc_sim = 0.829 | acc_phy = 0.819 
| epoch = 30 | step =   100 | loss_pnn = 1.708 | loss_cn = 0.00269674 | acc_sim = 0.831 | acc_phy = 0.820 
| epoch = 30 | step =   110 | loss_pnn = 1.708 | loss_cn = 0.00271791 | acc_sim = 0.833 | acc_phy = 0.822 
| epoch = 30 | step =   120 | loss_pnn = 1.708 | loss_cn = 0.00272590 | acc_sim = 0.835 | acc_phy = 0.824 
Phy accuracy of the network on 10000 test images: 0.849


Current training epoch: 31, learning rate for pnn: 0.000125, learning rate for SEPN: 0.000125
| epoch = 31 | step =    10 | loss_pnn = 1.710 | loss_cn = 0.00282652 | acc_sim = 0.849 | acc_phy = 0.833 
| epoch = 31 | step =    20 | loss_pnn = 1.707 | loss_cn = 0.00282093 | acc_sim = 0.857 | acc_phy = 0.839 
| epoch = 31 | step =    30 | loss_pnn = 1.706 | loss_cn = 0.00282420 | acc_sim = 0.855 | acc_phy = 0.838 
| epoch = 31 | step =    40 | loss_pnn = 1.708 | loss_cn = 0.00280577 | acc_sim = 0.854 | acc_phy = 0.837 
| epoch = 31 | step =    50 | loss_pnn = 1.708 | loss_cn = 0.00282760 | acc_sim = 0.854 | acc_phy = 0.837 
| epoch = 31 | step =    60 | loss_pnn = 1.708 | loss_cn = 0.00284047 | acc_sim = 0.854 | acc_phy = 0.837 
| epoch = 31 | step =    70 | loss_pnn = 1.707 | loss_cn = 0.00284868 | acc_sim = 0.856 | acc_phy = 0.839 
| epoch = 31 | step =    80 | loss_pnn = 1.707 | loss_cn = 0.00285206 | acc_sim = 0.855 | acc_phy = 0.838 
| epoch = 31 | step =    90 | loss_pnn = 1.707 | loss_cn = 0.00286377 | acc_sim = 0.855 | acc_phy = 0.838 
| epoch = 31 | step =   100 | loss_pnn = 1.706 | loss_cn = 0.00286343 | acc_sim = 0.856 | acc_phy = 0.839 
| epoch = 31 | step =   110 | loss_pnn = 1.707 | loss_cn = 0.00286430 | acc_sim = 0.856 | acc_phy = 0.838 
| epoch = 31 | step =   120 | loss_pnn = 1.706 | loss_cn = 0.00287055 | acc_sim = 0.856 | acc_phy = 0.838 
Phy accuracy of the network on 10000 test images: 0.850


Current training epoch: 32, learning rate for pnn: 0.000125, learning rate for SEPN: 0.000125
| epoch = 32 | step =    10 | loss_pnn = 1.704 | loss_cn = 0.00277745 | acc_sim = 0.859 | acc_phy = 0.841 
| epoch = 32 | step =    20 | loss_pnn = 1.705 | loss_cn = 0.00282608 | acc_sim = 0.858 | acc_phy = 0.840 
| epoch = 32 | step =    30 | loss_pnn = 1.707 | loss_cn = 0.00280805 | acc_sim = 0.857 | acc_phy = 0.840 
| epoch = 32 | step =    40 | loss_pnn = 1.708 | loss_cn = 0.00282736 | acc_sim = 0.857 | acc_phy = 0.839 
| epoch = 32 | step =    50 | loss_pnn = 1.707 | loss_cn = 0.00281873 | acc_sim = 0.858 | acc_phy = 0.841 
| epoch = 32 | step =    60 | loss_pnn = 1.707 | loss_cn = 0.00284697 | acc_sim = 0.858 | acc_phy = 0.840 
| epoch = 32 | step =    70 | loss_pnn = 1.705 | loss_cn = 0.00283199 | acc_sim = 0.860 | acc_phy = 0.842 
| epoch = 32 | step =    80 | loss_pnn = 1.705 | loss_cn = 0.00283238 | acc_sim = 0.860 | acc_phy = 0.842 
| epoch = 32 | step =    90 | loss_pnn = 1.704 | loss_cn = 0.00282004 | acc_sim = 0.860 | acc_phy = 0.842 
| epoch = 32 | step =   100 | loss_pnn = 1.704 | loss_cn = 0.00280442 | acc_sim = 0.860 | acc_phy = 0.843 
| epoch = 32 | step =   110 | loss_pnn = 1.704 | loss_cn = 0.00280151 | acc_sim = 0.860 | acc_phy = 0.843 
| epoch = 32 | step =   120 | loss_pnn = 1.703 | loss_cn = 0.00279626 | acc_sim = 0.860 | acc_phy = 0.843 
Phy accuracy of the network on 10000 test images: 0.855


Current training epoch: 33, learning rate for pnn: 0.000125, learning rate for SEPN: 0.000125
| epoch = 33 | step =    10 | loss_pnn = 1.700 | loss_cn = 0.00275253 | acc_sim = 0.866 | acc_phy = 0.852 
| epoch = 33 | step =    20 | loss_pnn = 1.699 | loss_cn = 0.00271515 | acc_sim = 0.865 | acc_phy = 0.848 
| epoch = 33 | step =    30 | loss_pnn = 1.703 | loss_cn = 0.00272905 | acc_sim = 0.860 | acc_phy = 0.843 
| epoch = 33 | step =    40 | loss_pnn = 1.702 | loss_cn = 0.00272690 | acc_sim = 0.862 | acc_phy = 0.845 
| epoch = 33 | step =    50 | loss_pnn = 1.701 | loss_cn = 0.00269567 | acc_sim = 0.862 | acc_phy = 0.846 
| epoch = 33 | step =    60 | loss_pnn = 1.701 | loss_cn = 0.00268465 | acc_sim = 0.863 | acc_phy = 0.846 
| epoch = 33 | step =    70 | loss_pnn = 1.700 | loss_cn = 0.00269613 | acc_sim = 0.864 | acc_phy = 0.846 
| epoch = 33 | step =    80 | loss_pnn = 1.701 | loss_cn = 0.00269453 | acc_sim = 0.863 | acc_phy = 0.846 
| epoch = 33 | step =    90 | loss_pnn = 1.701 | loss_cn = 0.00268962 | acc_sim = 0.864 | acc_phy = 0.846 
| epoch = 33 | step =   100 | loss_pnn = 1.700 | loss_cn = 0.00267595 | acc_sim = 0.864 | acc_phy = 0.847 
| epoch = 33 | step =   110 | loss_pnn = 1.700 | loss_cn = 0.00267022 | acc_sim = 0.864 | acc_phy = 0.847 
| epoch = 33 | step =   120 | loss_pnn = 1.700 | loss_cn = 0.00266354 | acc_sim = 0.864 | acc_phy = 0.847 
Phy accuracy of the network on 10000 test images: 0.858


Current training epoch: 34, learning rate for pnn: 0.000125, learning rate for SEPN: 0.000125
| epoch = 34 | step =    10 | loss_pnn = 1.699 | loss_cn = 0.00267646 | acc_sim = 0.866 | acc_phy = 0.847 
| epoch = 34 | step =    20 | loss_pnn = 1.698 | loss_cn = 0.00261126 | acc_sim = 0.868 | acc_phy = 0.850 
| epoch = 34 | step =    30 | loss_pnn = 1.698 | loss_cn = 0.00259248 | acc_sim = 0.867 | acc_phy = 0.848 
| epoch = 34 | step =    40 | loss_pnn = 1.699 | loss_cn = 0.00258481 | acc_sim = 0.865 | acc_phy = 0.846 
| epoch = 34 | step =    50 | loss_pnn = 1.699 | loss_cn = 0.00257857 | acc_sim = 0.865 | acc_phy = 0.847 
| epoch = 34 | step =    60 | loss_pnn = 1.700 | loss_cn = 0.00258218 | acc_sim = 0.864 | acc_phy = 0.846 
| epoch = 34 | step =    70 | loss_pnn = 1.700 | loss_cn = 0.00259347 | acc_sim = 0.864 | acc_phy = 0.847 
| epoch = 34 | step =    80 | loss_pnn = 1.700 | loss_cn = 0.00258817 | acc_sim = 0.864 | acc_phy = 0.847 
| epoch = 34 | step =    90 | loss_pnn = 1.700 | loss_cn = 0.00257881 | acc_sim = 0.865 | acc_phy = 0.848 
| epoch = 34 | step =   100 | loss_pnn = 1.701 | loss_cn = 0.00257993 | acc_sim = 0.865 | acc_phy = 0.847 
| epoch = 34 | step =   110 | loss_pnn = 1.701 | loss_cn = 0.00257160 | acc_sim = 0.866 | acc_phy = 0.848 
| epoch = 34 | step =   120 | loss_pnn = 1.701 | loss_cn = 0.00256890 | acc_sim = 0.866 | acc_phy = 0.848 
Phy accuracy of the network on 10000 test images: 0.856


Current training epoch: 35, learning rate for pnn: 0.000125, learning rate for SEPN: 0.000125
| epoch = 35 | step =    10 | loss_pnn = 1.698 | loss_cn = 0.00246021 | acc_sim = 0.870 | acc_phy = 0.849 
| epoch = 35 | step =    20 | loss_pnn = 1.701 | loss_cn = 0.00254682 | acc_sim = 0.867 | acc_phy = 0.847 
| epoch = 35 | step =    30 | loss_pnn = 1.702 | loss_cn = 0.00256916 | acc_sim = 0.868 | acc_phy = 0.845 
| epoch = 35 | step =    40 | loss_pnn = 1.704 | loss_cn = 0.00260122 | acc_sim = 0.865 | acc_phy = 0.842 
| epoch = 35 | step =    50 | loss_pnn = 1.703 | loss_cn = 0.00259108 | acc_sim = 0.865 | acc_phy = 0.843 
| epoch = 35 | step =    60 | loss_pnn = 1.704 | loss_cn = 0.00259559 | acc_sim = 0.865 | acc_phy = 0.842 
| epoch = 35 | step =    70 | loss_pnn = 1.704 | loss_cn = 0.00260168 | acc_sim = 0.866 | acc_phy = 0.841 
| epoch = 35 | step =    80 | loss_pnn = 1.705 | loss_cn = 0.00259749 | acc_sim = 0.865 | acc_phy = 0.839 
| epoch = 35 | step =    90 | loss_pnn = 1.705 | loss_cn = 0.00260499 | acc_sim = 0.865 | acc_phy = 0.838 
| epoch = 35 | step =   100 | loss_pnn = 1.705 | loss_cn = 0.00260256 | acc_sim = 0.865 | acc_phy = 0.839 
| epoch = 35 | step =   110 | loss_pnn = 1.705 | loss_cn = 0.00261152 | acc_sim = 0.865 | acc_phy = 0.838 
| epoch = 35 | step =   120 | loss_pnn = 1.706 | loss_cn = 0.00263137 | acc_sim = 0.864 | acc_phy = 0.836 
Phy accuracy of the network on 10000 test images: 0.833


Current training epoch: 36, learning rate for pnn: 0.000125, learning rate for SEPN: 0.000125
| epoch = 36 | step =    10 | loss_pnn = 1.712 | loss_cn = 0.00268913 | acc_sim = 0.855 | acc_phy = 0.821 
| epoch = 36 | step =    20 | loss_pnn = 1.711 | loss_cn = 0.00266987 | acc_sim = 0.855 | acc_phy = 0.821 
| epoch = 36 | step =    30 | loss_pnn = 1.710 | loss_cn = 0.00272878 | acc_sim = 0.855 | acc_phy = 0.818 
| epoch = 36 | step =    40 | loss_pnn = 1.711 | loss_cn = 0.00275652 | acc_sim = 0.853 | acc_phy = 0.814 
| epoch = 36 | step =    50 | loss_pnn = 1.713 | loss_cn = 0.00278397 | acc_sim = 0.848 | acc_phy = 0.809 
| epoch = 36 | step =    60 | loss_pnn = 1.714 | loss_cn = 0.00278464 | acc_sim = 0.844 | acc_phy = 0.806 
| epoch = 36 | step =    70 | loss_pnn = 1.715 | loss_cn = 0.00279737 | acc_sim = 0.840 | acc_phy = 0.801 
| epoch = 36 | step =    80 | loss_pnn = 1.715 | loss_cn = 0.00279734 | acc_sim = 0.837 | acc_phy = 0.799 
| epoch = 36 | step =    90 | loss_pnn = 1.716 | loss_cn = 0.00281129 | acc_sim = 0.833 | acc_phy = 0.797 
| epoch = 36 | step =   100 | loss_pnn = 1.716 | loss_cn = 0.00281656 | acc_sim = 0.831 | acc_phy = 0.796 
| epoch = 36 | step =   110 | loss_pnn = 1.717 | loss_cn = 0.00283418 | acc_sim = 0.828 | acc_phy = 0.794 
| epoch = 36 | step =   120 | loss_pnn = 1.718 | loss_cn = 0.00283260 | acc_sim = 0.826 | acc_phy = 0.793 
Phy accuracy of the network on 10000 test images: 0.793


Current training epoch: 37, learning rate for pnn: 0.000125, learning rate for SEPN: 0.000125
| epoch = 37 | step =    10 | loss_pnn = 1.730 | loss_cn = 0.00292208 | acc_sim = 0.793 | acc_phy = 0.775 
| epoch = 37 | step =    20 | loss_pnn = 1.726 | loss_cn = 0.00289369 | acc_sim = 0.799 | acc_phy = 0.782 
| epoch = 37 | step =    30 | loss_pnn = 1.725 | loss_cn = 0.00284394 | acc_sim = 0.798 | acc_phy = 0.783 
| epoch = 37 | step =    40 | loss_pnn = 1.726 | loss_cn = 0.00288352 | acc_sim = 0.798 | acc_phy = 0.783 
| epoch = 37 | step =    50 | loss_pnn = 1.726 | loss_cn = 0.00290113 | acc_sim = 0.798 | acc_phy = 0.784 
| epoch = 37 | step =    60 | loss_pnn = 1.726 | loss_cn = 0.00289527 | acc_sim = 0.799 | acc_phy = 0.784 
| epoch = 37 | step =    70 | loss_pnn = 1.727 | loss_cn = 0.00289281 | acc_sim = 0.798 | acc_phy = 0.783 
| epoch = 37 | step =    80 | loss_pnn = 1.728 | loss_cn = 0.00291403 | acc_sim = 0.797 | acc_phy = 0.783 
| epoch = 37 | step =    90 | loss_pnn = 1.729 | loss_cn = 0.00290239 | acc_sim = 0.796 | acc_phy = 0.782 
| epoch = 37 | step =   100 | loss_pnn = 1.730 | loss_cn = 0.00290828 | acc_sim = 0.796 | acc_phy = 0.782 
| epoch = 37 | step =   110 | loss_pnn = 1.730 | loss_cn = 0.00291139 | acc_sim = 0.796 | acc_phy = 0.782 
| epoch = 37 | step =   120 | loss_pnn = 1.730 | loss_cn = 0.00291191 | acc_sim = 0.796 | acc_phy = 0.782 
Phy accuracy of the network on 10000 test images: 0.792


Current training epoch: 38, learning rate for pnn: 0.000125, learning rate for SEPN: 0.000125
| epoch = 38 | step =    10 | loss_pnn = 1.741 | loss_cn = 0.00293669 | acc_sim = 0.789 | acc_phy = 0.774 
| epoch = 38 | step =    20 | loss_pnn = 1.736 | loss_cn = 0.00284343 | acc_sim = 0.794 | acc_phy = 0.782 
| epoch = 38 | step =    30 | loss_pnn = 1.735 | loss_cn = 0.00285168 | acc_sim = 0.796 | acc_phy = 0.783 
| epoch = 38 | step =    40 | loss_pnn = 1.735 | loss_cn = 0.00283828 | acc_sim = 0.796 | acc_phy = 0.784 
| epoch = 38 | step =    50 | loss_pnn = 1.735 | loss_cn = 0.00283324 | acc_sim = 0.796 | acc_phy = 0.783 
| epoch = 38 | step =    60 | loss_pnn = 1.736 | loss_cn = 0.00284707 | acc_sim = 0.795 | acc_phy = 0.783 
| epoch = 38 | step =    70 | loss_pnn = 1.738 | loss_cn = 0.00286687 | acc_sim = 0.793 | acc_phy = 0.781 
| epoch = 38 | step =    80 | loss_pnn = 1.738 | loss_cn = 0.00287990 | acc_sim = 0.793 | acc_phy = 0.781 
| epoch = 38 | step =    90 | loss_pnn = 1.738 | loss_cn = 0.00288552 | acc_sim = 0.793 | acc_phy = 0.781 
| epoch = 38 | step =   100 | loss_pnn = 1.738 | loss_cn = 0.00289212 | acc_sim = 0.793 | acc_phy = 0.781 
| epoch = 38 | step =   110 | loss_pnn = 1.738 | loss_cn = 0.00289372 | acc_sim = 0.793 | acc_phy = 0.781 
| epoch = 38 | step =   120 | loss_pnn = 1.737 | loss_cn = 0.00288997 | acc_sim = 0.794 | acc_phy = 0.781 
Phy accuracy of the network on 10000 test images: 0.788


Current training epoch: 39, learning rate for pnn: 0.000125, learning rate for SEPN: 0.000125
| epoch = 39 | step =    10 | loss_pnn = 1.734 | loss_cn = 0.00286498 | acc_sim = 0.797 | acc_phy = 0.783 
| epoch = 39 | step =    20 | loss_pnn = 1.735 | loss_cn = 0.00284131 | acc_sim = 0.795 | acc_phy = 0.782 
| epoch = 39 | step =    30 | loss_pnn = 1.737 | loss_cn = 0.00286467 | acc_sim = 0.793 | acc_phy = 0.780 
| epoch = 39 | step =    40 | loss_pnn = 1.737 | loss_cn = 0.00286788 | acc_sim = 0.793 | acc_phy = 0.780 
| epoch = 39 | step =    50 | loss_pnn = 1.737 | loss_cn = 0.00287442 | acc_sim = 0.793 | acc_phy = 0.779 
| epoch = 39 | step =    60 | loss_pnn = 1.737 | loss_cn = 0.00288232 | acc_sim = 0.794 | acc_phy = 0.780 
| epoch = 39 | step =    70 | loss_pnn = 1.738 | loss_cn = 0.00289941 | acc_sim = 0.794 | acc_phy = 0.780 
| epoch = 39 | step =    80 | loss_pnn = 1.738 | loss_cn = 0.00290531 | acc_sim = 0.793 | acc_phy = 0.779 
| epoch = 39 | step =    90 | loss_pnn = 1.739 | loss_cn = 0.00291673 | acc_sim = 0.793 | acc_phy = 0.779 
| epoch = 39 | step =   100 | loss_pnn = 1.740 | loss_cn = 0.00292894 | acc_sim = 0.792 | acc_phy = 0.778 
| epoch = 39 | step =   110 | loss_pnn = 1.740 | loss_cn = 0.00292767 | acc_sim = 0.791 | acc_phy = 0.778 
| epoch = 39 | step =   120 | loss_pnn = 1.741 | loss_cn = 0.00293932 | acc_sim = 0.791 | acc_phy = 0.777 
Phy accuracy of the network on 10000 test images: 0.784


Current training epoch: 40, learning rate for pnn: 0.000125, learning rate for SEPN: 0.000125
| epoch = 40 | step =    10 | loss_pnn = 1.747 | loss_cn = 0.00295420 | acc_sim = 0.786 | acc_phy = 0.771 
| epoch = 40 | step =    20 | loss_pnn = 1.747 | loss_cn = 0.00298387 | acc_sim = 0.788 | acc_phy = 0.774 
| epoch = 40 | step =    30 | loss_pnn = 1.747 | loss_cn = 0.00305313 | acc_sim = 0.790 | acc_phy = 0.774 
| epoch = 40 | step =    40 | loss_pnn = 1.747 | loss_cn = 0.00302280 | acc_sim = 0.790 | acc_phy = 0.776 
| epoch = 40 | step =    50 | loss_pnn = 1.747 | loss_cn = 0.00302254 | acc_sim = 0.792 | acc_phy = 0.777 
| epoch = 40 | step =    60 | loss_pnn = 1.747 | loss_cn = 0.00302289 | acc_sim = 0.791 | acc_phy = 0.776 
| epoch = 40 | step =    70 | loss_pnn = 1.748 | loss_cn = 0.00302538 | acc_sim = 0.792 | acc_phy = 0.777 
| epoch = 40 | step =    80 | loss_pnn = 1.748 | loss_cn = 0.00303106 | acc_sim = 0.793 | acc_phy = 0.777 
| epoch = 40 | step =    90 | loss_pnn = 1.748 | loss_cn = 0.00302638 | acc_sim = 0.796 | acc_phy = 0.779 
| epoch = 40 | step =   100 | loss_pnn = 1.748 | loss_cn = 0.00304155 | acc_sim = 0.799 | acc_phy = 0.780 
| epoch = 40 | step =   110 | loss_pnn = 1.747 | loss_cn = 0.00305248 | acc_sim = 0.802 | acc_phy = 0.782 
| epoch = 40 | step =   120 | loss_pnn = 1.747 | loss_cn = 0.00307431 | acc_sim = 0.805 | acc_phy = 0.785 
Phy accuracy of the network on 10000 test images: 0.827


Current training epoch: 41, learning rate for pnn: 6.25e-05, learning rate for SEPN: 6.25e-05
| epoch = 41 | step =    10 | loss_pnn = 1.741 | loss_cn = 0.00326097 | acc_sim = 0.840 | acc_phy = 0.817 
| epoch = 41 | step =    20 | loss_pnn = 1.738 | loss_cn = 0.00315097 | acc_sim = 0.845 | acc_phy = 0.820 
| epoch = 41 | step =    30 | loss_pnn = 1.738 | loss_cn = 0.00314184 | acc_sim = 0.844 | acc_phy = 0.822 
| epoch = 41 | step =    40 | loss_pnn = 1.736 | loss_cn = 0.00315157 | acc_sim = 0.847 | acc_phy = 0.826 
| epoch = 41 | step =    50 | loss_pnn = 1.735 | loss_cn = 0.00315672 | acc_sim = 0.849 | acc_phy = 0.828 
| epoch = 41 | step =    60 | loss_pnn = 1.735 | loss_cn = 0.00317048 | acc_sim = 0.851 | acc_phy = 0.829 
| epoch = 41 | step =    70 | loss_pnn = 1.734 | loss_cn = 0.00316686 | acc_sim = 0.852 | acc_phy = 0.830 
| epoch = 41 | step =    80 | loss_pnn = 1.733 | loss_cn = 0.00318090 | acc_sim = 0.854 | acc_phy = 0.832 
| epoch = 41 | step =    90 | loss_pnn = 1.732 | loss_cn = 0.00318189 | acc_sim = 0.855 | acc_phy = 0.834 
| epoch = 41 | step =   100 | loss_pnn = 1.732 | loss_cn = 0.00319289 | acc_sim = 0.855 | acc_phy = 0.834 
| epoch = 41 | step =   110 | loss_pnn = 1.731 | loss_cn = 0.00320966 | acc_sim = 0.855 | acc_phy = 0.835 
| epoch = 41 | step =   120 | loss_pnn = 1.731 | loss_cn = 0.00321078 | acc_sim = 0.855 | acc_phy = 0.835 
Phy accuracy of the network on 10000 test images: 0.852


Current training epoch: 42, learning rate for pnn: 6.25e-05, learning rate for SEPN: 6.25e-05
| epoch = 42 | step =    10 | loss_pnn = 1.723 | loss_cn = 0.00324380 | acc_sim = 0.874 | acc_phy = 0.853 
| epoch = 42 | step =    20 | loss_pnn = 1.727 | loss_cn = 0.00327560 | acc_sim = 0.865 | acc_phy = 0.844 
| epoch = 42 | step =    30 | loss_pnn = 1.726 | loss_cn = 0.00324310 | acc_sim = 0.863 | acc_phy = 0.844 
| epoch = 42 | step =    40 | loss_pnn = 1.725 | loss_cn = 0.00321989 | acc_sim = 0.864 | acc_phy = 0.844 
| epoch = 42 | step =    50 | loss_pnn = 1.724 | loss_cn = 0.00321641 | acc_sim = 0.865 | acc_phy = 0.845 
| epoch = 42 | step =    60 | loss_pnn = 1.723 | loss_cn = 0.00318880 | acc_sim = 0.865 | acc_phy = 0.845 
| epoch = 42 | step =    70 | loss_pnn = 1.722 | loss_cn = 0.00317987 | acc_sim = 0.866 | acc_phy = 0.846 
| epoch = 42 | step =    80 | loss_pnn = 1.720 | loss_cn = 0.00315252 | acc_sim = 0.867 | acc_phy = 0.847 
| epoch = 42 | step =    90 | loss_pnn = 1.721 | loss_cn = 0.00315356 | acc_sim = 0.867 | acc_phy = 0.848 
| epoch = 42 | step =   100 | loss_pnn = 1.721 | loss_cn = 0.00313645 | acc_sim = 0.866 | acc_phy = 0.847 
| epoch = 42 | step =   110 | loss_pnn = 1.720 | loss_cn = 0.00312275 | acc_sim = 0.866 | acc_phy = 0.847 
| epoch = 42 | step =   120 | loss_pnn = 1.720 | loss_cn = 0.00311362 | acc_sim = 0.867 | acc_phy = 0.848 
Phy accuracy of the network on 10000 test images: 0.858


Current training epoch: 43, learning rate for pnn: 6.25e-05, learning rate for SEPN: 6.25e-05
| epoch = 43 | step =    10 | loss_pnn = 1.721 | loss_cn = 0.00303667 | acc_sim = 0.861 | acc_phy = 0.843 
| epoch = 43 | step =    20 | loss_pnn = 1.719 | loss_cn = 0.00304236 | acc_sim = 0.864 | acc_phy = 0.847 
| epoch = 43 | step =    30 | loss_pnn = 1.718 | loss_cn = 0.00300514 | acc_sim = 0.866 | acc_phy = 0.851 
| epoch = 43 | step =    40 | loss_pnn = 1.717 | loss_cn = 0.00299427 | acc_sim = 0.866 | acc_phy = 0.850 
| epoch = 43 | step =    50 | loss_pnn = 1.717 | loss_cn = 0.00297762 | acc_sim = 0.866 | acc_phy = 0.848 
| epoch = 43 | step =    60 | loss_pnn = 1.716 | loss_cn = 0.00296377 | acc_sim = 0.867 | acc_phy = 0.850 
| epoch = 43 | step =    70 | loss_pnn = 1.715 | loss_cn = 0.00294951 | acc_sim = 0.868 | acc_phy = 0.851 
| epoch = 43 | step =    80 | loss_pnn = 1.714 | loss_cn = 0.00293163 | acc_sim = 0.870 | acc_phy = 0.851 
| epoch = 43 | step =    90 | loss_pnn = 1.714 | loss_cn = 0.00292921 | acc_sim = 0.869 | acc_phy = 0.851 
| epoch = 43 | step =   100 | loss_pnn = 1.714 | loss_cn = 0.00292886 | acc_sim = 0.869 | acc_phy = 0.851 
| epoch = 43 | step =   110 | loss_pnn = 1.714 | loss_cn = 0.00292785 | acc_sim = 0.870 | acc_phy = 0.851 
| epoch = 43 | step =   120 | loss_pnn = 1.714 | loss_cn = 0.00292762 | acc_sim = 0.869 | acc_phy = 0.851 
Phy accuracy of the network on 10000 test images: 0.860


Current training epoch: 44, learning rate for pnn: 6.25e-05, learning rate for SEPN: 6.25e-05
| epoch = 44 | step =    10 | loss_pnn = 1.714 | loss_cn = 0.00289500 | acc_sim = 0.865 | acc_phy = 0.844 
| epoch = 44 | step =    20 | loss_pnn = 1.710 | loss_cn = 0.00282106 | acc_sim = 0.870 | acc_phy = 0.851 
| epoch = 44 | step =    30 | loss_pnn = 1.710 | loss_cn = 0.00285095 | acc_sim = 0.871 | acc_phy = 0.852 
| epoch = 44 | step =    40 | loss_pnn = 1.709 | loss_cn = 0.00281446 | acc_sim = 0.873 | acc_phy = 0.854 
| epoch = 44 | step =    50 | loss_pnn = 1.709 | loss_cn = 0.00282253 | acc_sim = 0.872 | acc_phy = 0.854 
| epoch = 44 | step =    60 | loss_pnn = 1.710 | loss_cn = 0.00281175 | acc_sim = 0.871 | acc_phy = 0.852 
| epoch = 44 | step =    70 | loss_pnn = 1.709 | loss_cn = 0.00278981 | acc_sim = 0.870 | acc_phy = 0.852 
| epoch = 44 | step =    80 | loss_pnn = 1.709 | loss_cn = 0.00279563 | acc_sim = 0.871 | acc_phy = 0.853 
| epoch = 44 | step =    90 | loss_pnn = 1.709 | loss_cn = 0.00279441 | acc_sim = 0.871 | acc_phy = 0.853 
| epoch = 44 | step =   100 | loss_pnn = 1.709 | loss_cn = 0.00279311 | acc_sim = 0.871 | acc_phy = 0.853 
| epoch = 44 | step =   110 | loss_pnn = 1.709 | loss_cn = 0.00278163 | acc_sim = 0.870 | acc_phy = 0.852 
| epoch = 44 | step =   120 | loss_pnn = 1.709 | loss_cn = 0.00277526 | acc_sim = 0.870 | acc_phy = 0.852 
Phy accuracy of the network on 10000 test images: 0.861


Current training epoch: 45, learning rate for pnn: 6.25e-05, learning rate for SEPN: 6.25e-05
| epoch = 45 | step =    10 | loss_pnn = 1.712 | loss_cn = 0.00266158 | acc_sim = 0.869 | acc_phy = 0.845 
| epoch = 45 | step =    20 | loss_pnn = 1.711 | loss_cn = 0.00274548 | acc_sim = 0.868 | acc_phy = 0.847 
| epoch = 45 | step =    30 | loss_pnn = 1.711 | loss_cn = 0.00275074 | acc_sim = 0.868 | acc_phy = 0.847 
| epoch = 45 | step =    40 | loss_pnn = 1.710 | loss_cn = 0.00272724 | acc_sim = 0.868 | acc_phy = 0.849 
| epoch = 45 | step =    50 | loss_pnn = 1.709 | loss_cn = 0.00271725 | acc_sim = 0.869 | acc_phy = 0.851 
| epoch = 45 | step =    60 | loss_pnn = 1.707 | loss_cn = 0.00269025 | acc_sim = 0.872 | acc_phy = 0.853 
| epoch = 45 | step =    70 | loss_pnn = 1.706 | loss_cn = 0.00269293 | acc_sim = 0.872 | acc_phy = 0.854 
| epoch = 45 | step =    80 | loss_pnn = 1.706 | loss_cn = 0.00269032 | acc_sim = 0.871 | acc_phy = 0.853 
| epoch = 45 | step =    90 | loss_pnn = 1.706 | loss_cn = 0.00267443 | acc_sim = 0.871 | acc_phy = 0.854 
| epoch = 45 | step =   100 | loss_pnn = 1.706 | loss_cn = 0.00266363 | acc_sim = 0.871 | acc_phy = 0.854 
| epoch = 45 | step =   110 | loss_pnn = 1.705 | loss_cn = 0.00265180 | acc_sim = 0.872 | acc_phy = 0.854 
| epoch = 45 | step =   120 | loss_pnn = 1.705 | loss_cn = 0.00265104 | acc_sim = 0.872 | acc_phy = 0.855 
Phy accuracy of the network on 10000 test images: 0.865


Current training epoch: 46, learning rate for pnn: 6.25e-05, learning rate for SEPN: 6.25e-05
| epoch = 46 | step =    10 | loss_pnn = 1.704 | loss_cn = 0.00254495 | acc_sim = 0.872 | acc_phy = 0.853 
| epoch = 46 | step =    20 | loss_pnn = 1.699 | loss_cn = 0.00247340 | acc_sim = 0.878 | acc_phy = 0.861 
| epoch = 46 | step =    30 | loss_pnn = 1.701 | loss_cn = 0.00253340 | acc_sim = 0.874 | acc_phy = 0.859 
| epoch = 46 | step =    40 | loss_pnn = 1.702 | loss_cn = 0.00253626 | acc_sim = 0.874 | acc_phy = 0.858 
| epoch = 46 | step =    50 | loss_pnn = 1.701 | loss_cn = 0.00253575 | acc_sim = 0.874 | acc_phy = 0.859 
| epoch = 46 | step =    60 | loss_pnn = 1.702 | loss_cn = 0.00254236 | acc_sim = 0.873 | acc_phy = 0.859 
| epoch = 46 | step =    70 | loss_pnn = 1.702 | loss_cn = 0.00254856 | acc_sim = 0.873 | acc_phy = 0.858 
| epoch = 46 | step =    80 | loss_pnn = 1.702 | loss_cn = 0.00255143 | acc_sim = 0.873 | acc_phy = 0.858 
| epoch = 46 | step =    90 | loss_pnn = 1.702 | loss_cn = 0.00255414 | acc_sim = 0.872 | acc_phy = 0.857 
| epoch = 46 | step =   100 | loss_pnn = 1.702 | loss_cn = 0.00255323 | acc_sim = 0.872 | acc_phy = 0.857 
| epoch = 46 | step =   110 | loss_pnn = 1.702 | loss_cn = 0.00254326 | acc_sim = 0.873 | acc_phy = 0.857 
| epoch = 46 | step =   120 | loss_pnn = 1.702 | loss_cn = 0.00253698 | acc_sim = 0.873 | acc_phy = 0.857 
Phy accuracy of the network on 10000 test images: 0.868


Current training epoch: 47, learning rate for pnn: 6.25e-05, learning rate for SEPN: 6.25e-05
| epoch = 47 | step =    10 | loss_pnn = 1.703 | loss_cn = 0.00247788 | acc_sim = 0.868 | acc_phy = 0.857 
| epoch = 47 | step =    20 | loss_pnn = 1.699 | loss_cn = 0.00243345 | acc_sim = 0.870 | acc_phy = 0.857 
| epoch = 47 | step =    30 | loss_pnn = 1.701 | loss_cn = 0.00246072 | acc_sim = 0.869 | acc_phy = 0.856 
| epoch = 47 | step =    40 | loss_pnn = 1.700 | loss_cn = 0.00245695 | acc_sim = 0.872 | acc_phy = 0.858 
| epoch = 47 | step =    50 | loss_pnn = 1.700 | loss_cn = 0.00245174 | acc_sim = 0.872 | acc_phy = 0.858 
| epoch = 47 | step =    60 | loss_pnn = 1.700 | loss_cn = 0.00244967 | acc_sim = 0.872 | acc_phy = 0.858 
| epoch = 47 | step =    70 | loss_pnn = 1.699 | loss_cn = 0.00244869 | acc_sim = 0.873 | acc_phy = 0.859 
| epoch = 47 | step =    80 | loss_pnn = 1.699 | loss_cn = 0.00244120 | acc_sim = 0.873 | acc_phy = 0.860 
| epoch = 47 | step =    90 | loss_pnn = 1.699 | loss_cn = 0.00243970 | acc_sim = 0.873 | acc_phy = 0.860 
| epoch = 47 | step =   100 | loss_pnn = 1.699 | loss_cn = 0.00244523 | acc_sim = 0.873 | acc_phy = 0.860 
| epoch = 47 | step =   110 | loss_pnn = 1.698 | loss_cn = 0.00244498 | acc_sim = 0.874 | acc_phy = 0.860 
| epoch = 47 | step =   120 | loss_pnn = 1.699 | loss_cn = 0.00244965 | acc_sim = 0.873 | acc_phy = 0.860 
Phy accuracy of the network on 10000 test images: 0.868


Current training epoch: 48, learning rate for pnn: 6.25e-05, learning rate for SEPN: 6.25e-05
| epoch = 48 | step =    10 | loss_pnn = 1.691 | loss_cn = 0.00240535 | acc_sim = 0.883 | acc_phy = 0.869 
| epoch = 48 | step =    20 | loss_pnn = 1.695 | loss_cn = 0.00242800 | acc_sim = 0.874 | acc_phy = 0.861 
| epoch = 48 | step =    30 | loss_pnn = 1.697 | loss_cn = 0.00242273 | acc_sim = 0.874 | acc_phy = 0.861 
| epoch = 48 | step =    40 | loss_pnn = 1.697 | loss_cn = 0.00242085 | acc_sim = 0.874 | acc_phy = 0.861 
| epoch = 48 | step =    50 | loss_pnn = 1.697 | loss_cn = 0.00242430 | acc_sim = 0.874 | acc_phy = 0.861 
| epoch = 48 | step =    60 | loss_pnn = 1.697 | loss_cn = 0.00240155 | acc_sim = 0.874 | acc_phy = 0.862 
| epoch = 48 | step =    70 | loss_pnn = 1.697 | loss_cn = 0.00240351 | acc_sim = 0.875 | acc_phy = 0.862 
| epoch = 48 | step =    80 | loss_pnn = 1.695 | loss_cn = 0.00239215 | acc_sim = 0.876 | acc_phy = 0.863 
| epoch = 48 | step =    90 | loss_pnn = 1.695 | loss_cn = 0.00238792 | acc_sim = 0.876 | acc_phy = 0.863 
| epoch = 48 | step =   100 | loss_pnn = 1.695 | loss_cn = 0.00239037 | acc_sim = 0.875 | acc_phy = 0.863 
| epoch = 48 | step =   110 | loss_pnn = 1.695 | loss_cn = 0.00239055 | acc_sim = 0.875 | acc_phy = 0.863 
| epoch = 48 | step =   120 | loss_pnn = 1.695 | loss_cn = 0.00237665 | acc_sim = 0.875 | acc_phy = 0.862 
Phy accuracy of the network on 10000 test images: 0.871


Current training epoch: 49, learning rate for pnn: 6.25e-05, learning rate for SEPN: 6.25e-05
| epoch = 49 | step =    10 | loss_pnn = 1.694 | loss_cn = 0.00226488 | acc_sim = 0.873 | acc_phy = 0.862 
| epoch = 49 | step =    20 | loss_pnn = 1.695 | loss_cn = 0.00232102 | acc_sim = 0.873 | acc_phy = 0.863 
| epoch = 49 | step =    30 | loss_pnn = 1.693 | loss_cn = 0.00230520 | acc_sim = 0.874 | acc_phy = 0.864 
| epoch = 49 | step =    40 | loss_pnn = 1.694 | loss_cn = 0.00231163 | acc_sim = 0.875 | acc_phy = 0.863 
| epoch = 49 | step =    50 | loss_pnn = 1.694 | loss_cn = 0.00232647 | acc_sim = 0.874 | acc_phy = 0.861 
| epoch = 49 | step =    60 | loss_pnn = 1.694 | loss_cn = 0.00232184 | acc_sim = 0.875 | acc_phy = 0.862 
| epoch = 49 | step =    70 | loss_pnn = 1.693 | loss_cn = 0.00232254 | acc_sim = 0.875 | acc_phy = 0.863 
| epoch = 49 | step =    80 | loss_pnn = 1.692 | loss_cn = 0.00231152 | acc_sim = 0.876 | acc_phy = 0.864 
| epoch = 49 | step =    90 | loss_pnn = 1.692 | loss_cn = 0.00230391 | acc_sim = 0.876 | acc_phy = 0.864 
| epoch = 49 | step =   100 | loss_pnn = 1.691 | loss_cn = 0.00229661 | acc_sim = 0.876 | acc_phy = 0.864 
| epoch = 49 | step =   110 | loss_pnn = 1.691 | loss_cn = 0.00229986 | acc_sim = 0.876 | acc_phy = 0.864 
| epoch = 49 | step =   120 | loss_pnn = 1.690 | loss_cn = 0.00230110 | acc_sim = 0.877 | acc_phy = 0.865 
Phy accuracy of the network on 10000 test images: 0.871


Current training epoch: 50, learning rate for pnn: 6.25e-05, learning rate for SEPN: 6.25e-05
| epoch = 50 | step =    10 | loss_pnn = 1.688 | loss_cn = 0.00227232 | acc_sim = 0.880 | acc_phy = 0.868 
| epoch = 50 | step =    20 | loss_pnn = 1.689 | loss_cn = 0.00229482 | acc_sim = 0.876 | acc_phy = 0.865 
| epoch = 50 | step =    30 | loss_pnn = 1.688 | loss_cn = 0.00225291 | acc_sim = 0.876 | acc_phy = 0.866 
| epoch = 50 | step =    40 | loss_pnn = 1.689 | loss_cn = 0.00227014 | acc_sim = 0.876 | acc_phy = 0.865 
| epoch = 50 | step =    50 | loss_pnn = 1.688 | loss_cn = 0.00226228 | acc_sim = 0.876 | acc_phy = 0.865 
| epoch = 50 | step =    60 | loss_pnn = 1.688 | loss_cn = 0.00227102 | acc_sim = 0.875 | acc_phy = 0.865 
| epoch = 50 | step =    70 | loss_pnn = 1.688 | loss_cn = 0.00226539 | acc_sim = 0.875 | acc_phy = 0.864 
| epoch = 50 | step =    80 | loss_pnn = 1.687 | loss_cn = 0.00225634 | acc_sim = 0.876 | acc_phy = 0.866 
| epoch = 50 | step =    90 | loss_pnn = 1.687 | loss_cn = 0.00225683 | acc_sim = 0.876 | acc_phy = 0.866 
| epoch = 50 | step =   100 | loss_pnn = 1.686 | loss_cn = 0.00224857 | acc_sim = 0.877 | acc_phy = 0.866 
| epoch = 50 | step =   110 | loss_pnn = 1.686 | loss_cn = 0.00224192 | acc_sim = 0.877 | acc_phy = 0.866 
| epoch = 50 | step =   120 | loss_pnn = 1.685 | loss_cn = 0.00223732 | acc_sim = 0.877 | acc_phy = 0.866 
Phy accuracy of the network on 10000 test images: 0.875

Finished training. Elapsed time of training = 2:35:52.592505
