Training new model from scratch......
--------------------------
Training with SEPN
--------------------------

Current training epoch: 1, learning rate for pnn: 0.001, 
| epoch = 1 | step =    10 | loss_pnn = 2.277 | loss_cn = 0.00000000 | acc_sim = 0.281 | acc_phy = 0.167 
| epoch = 1 | step =    20 | loss_pnn = 2.235 | loss_cn = 0.00000000 | acc_sim = 0.386 | acc_phy = 0.269 
| epoch = 1 | step =    30 | loss_pnn = 2.195 | loss_cn = 0.00000000 | acc_sim = 0.462 | acc_phy = 0.346 
| epoch = 1 | step =    40 | loss_pnn = 2.159 | loss_cn = 0.00000000 | acc_sim = 0.517 | acc_phy = 0.406 
| epoch = 1 | step =    50 | loss_pnn = 2.129 | loss_cn = 0.00000000 | acc_sim = 0.567 | acc_phy = 0.454 
| epoch = 1 | step =    60 | loss_pnn = 2.100 | loss_cn = 0.00000000 | acc_sim = 0.609 | acc_phy = 0.496 
| epoch = 1 | step =    70 | loss_pnn = 2.074 | loss_cn = 0.00000000 | acc_sim = 0.641 | acc_phy = 0.527 
| epoch = 1 | step =    80 | loss_pnn = 2.051 | loss_cn = 0.00000000 | acc_sim = 0.668 | acc_phy = 0.553 
| epoch = 1 | step =    90 | loss_pnn = 2.032 | loss_cn = 0.00000000 | acc_sim = 0.690 | acc_phy = 0.573 
| epoch = 1 | step =   100 | loss_pnn = 2.014 | loss_cn = 0.00000000 | acc_sim = 0.707 | acc_phy = 0.590 
| epoch = 1 | step =   110 | loss_pnn = 1.999 | loss_cn = 0.00000000 | acc_sim = 0.722 | acc_phy = 0.604 
| epoch = 1 | step =   120 | loss_pnn = 1.985 | loss_cn = 0.00000000 | acc_sim = 0.736 | acc_phy = 0.617 
Phy accuracy of the network on 10000 test images: 0.782


Current training epoch: 2, learning rate for pnn: 0.001, 
| epoch = 2 | step =    10 | loss_pnn = 1.816 | loss_cn = 0.00000000 | acc_sim = 0.890 | acc_phy = 0.763 
| epoch = 2 | step =    20 | loss_pnn = 1.809 | loss_cn = 0.00000000 | acc_sim = 0.891 | acc_phy = 0.770 
| epoch = 2 | step =    30 | loss_pnn = 1.800 | loss_cn = 0.00000000 | acc_sim = 0.891 | acc_phy = 0.775 
| epoch = 2 | step =    40 | loss_pnn = 1.796 | loss_cn = 0.00000000 | acc_sim = 0.893 | acc_phy = 0.777 
| epoch = 2 | step =    50 | loss_pnn = 1.791 | loss_cn = 0.00000000 | acc_sim = 0.895 | acc_phy = 0.779 
| epoch = 2 | step =    60 | loss_pnn = 1.787 | loss_cn = 0.00000000 | acc_sim = 0.896 | acc_phy = 0.781 
| epoch = 2 | step =    70 | loss_pnn = 1.783 | loss_cn = 0.00000000 | acc_sim = 0.899 | acc_phy = 0.784 
| epoch = 2 | step =    80 | loss_pnn = 1.778 | loss_cn = 0.00000000 | acc_sim = 0.902 | acc_phy = 0.787 
| epoch = 2 | step =    90 | loss_pnn = 1.775 | loss_cn = 0.00000000 | acc_sim = 0.903 | acc_phy = 0.789 
| epoch = 2 | step =   100 | loss_pnn = 1.772 | loss_cn = 0.00000000 | acc_sim = 0.904 | acc_phy = 0.789 
| epoch = 2 | step =   110 | loss_pnn = 1.769 | loss_cn = 0.00000000 | acc_sim = 0.905 | acc_phy = 0.790 
| epoch = 2 | step =   120 | loss_pnn = 1.765 | loss_cn = 0.00000000 | acc_sim = 0.906 | acc_phy = 0.793 
Phy accuracy of the network on 10000 test images: 0.819


Current training epoch: 3, learning rate for pnn: 0.001, 
| epoch = 3 | step =    10 | loss_pnn = 1.731 | loss_cn = 0.00000000 | acc_sim = 0.920 | acc_phy = 0.804 
| epoch = 3 | step =    20 | loss_pnn = 1.726 | loss_cn = 0.00000000 | acc_sim = 0.920 | acc_phy = 0.806 
| epoch = 3 | step =    30 | loss_pnn = 1.723 | loss_cn = 0.00000000 | acc_sim = 0.919 | acc_phy = 0.808 
| epoch = 3 | step =    40 | loss_pnn = 1.721 | loss_cn = 0.00000000 | acc_sim = 0.920 | acc_phy = 0.811 
| epoch = 3 | step =    50 | loss_pnn = 1.719 | loss_cn = 0.00000000 | acc_sim = 0.921 | acc_phy = 0.813 
| epoch = 3 | step =    60 | loss_pnn = 1.717 | loss_cn = 0.00000000 | acc_sim = 0.922 | acc_phy = 0.814 
| epoch = 3 | step =    70 | loss_pnn = 1.716 | loss_cn = 0.00000000 | acc_sim = 0.922 | acc_phy = 0.815 
| epoch = 3 | step =    80 | loss_pnn = 1.714 | loss_cn = 0.00000000 | acc_sim = 0.923 | acc_phy = 0.816 
| epoch = 3 | step =    90 | loss_pnn = 1.712 | loss_cn = 0.00000000 | acc_sim = 0.924 | acc_phy = 0.817 
| epoch = 3 | step =   100 | loss_pnn = 1.710 | loss_cn = 0.00000000 | acc_sim = 0.924 | acc_phy = 0.819 
| epoch = 3 | step =   110 | loss_pnn = 1.709 | loss_cn = 0.00000000 | acc_sim = 0.924 | acc_phy = 0.819 
| epoch = 3 | step =   120 | loss_pnn = 1.708 | loss_cn = 0.00000000 | acc_sim = 0.925 | acc_phy = 0.819 
Phy accuracy of the network on 10000 test images: 0.841


Current training epoch: 4, learning rate for pnn: 0.001, 
| epoch = 4 | step =    10 | loss_pnn = 1.683 | loss_cn = 0.00000000 | acc_sim = 0.929 | acc_phy = 0.833 
| epoch = 4 | step =    20 | loss_pnn = 1.686 | loss_cn = 0.00000000 | acc_sim = 0.931 | acc_phy = 0.830 
| epoch = 4 | step =    30 | loss_pnn = 1.686 | loss_cn = 0.00000000 | acc_sim = 0.931 | acc_phy = 0.829 
| epoch = 4 | step =    40 | loss_pnn = 1.687 | loss_cn = 0.00000000 | acc_sim = 0.931 | acc_phy = 0.828 
| epoch = 4 | step =    50 | loss_pnn = 1.688 | loss_cn = 0.00000000 | acc_sim = 0.931 | acc_phy = 0.828 
| epoch = 4 | step =    60 | loss_pnn = 1.687 | loss_cn = 0.00000000 | acc_sim = 0.932 | acc_phy = 0.829 
| epoch = 4 | step =    70 | loss_pnn = 1.686 | loss_cn = 0.00000000 | acc_sim = 0.932 | acc_phy = 0.829 
| epoch = 4 | step =    80 | loss_pnn = 1.685 | loss_cn = 0.00000000 | acc_sim = 0.932 | acc_phy = 0.829 
| epoch = 4 | step =    90 | loss_pnn = 1.685 | loss_cn = 0.00000000 | acc_sim = 0.932 | acc_phy = 0.829 
| epoch = 4 | step =   100 | loss_pnn = 1.684 | loss_cn = 0.00000000 | acc_sim = 0.934 | acc_phy = 0.830 
| epoch = 4 | step =   110 | loss_pnn = 1.683 | loss_cn = 0.00000000 | acc_sim = 0.934 | acc_phy = 0.830 
| epoch = 4 | step =   120 | loss_pnn = 1.682 | loss_cn = 0.00000000 | acc_sim = 0.934 | acc_phy = 0.831 
Phy accuracy of the network on 10000 test images: 0.857


Current training epoch: 5, learning rate for pnn: 0.001, 
| epoch = 5 | step =    10 | loss_pnn = 1.661 | loss_cn = 0.00000000 | acc_sim = 0.944 | acc_phy = 0.854 
| epoch = 5 | step =    20 | loss_pnn = 1.666 | loss_cn = 0.00000000 | acc_sim = 0.943 | acc_phy = 0.844 
| epoch = 5 | step =    30 | loss_pnn = 1.666 | loss_cn = 0.00000000 | acc_sim = 0.941 | acc_phy = 0.845 
| epoch = 5 | step =    40 | loss_pnn = 1.665 | loss_cn = 0.00000000 | acc_sim = 0.940 | acc_phy = 0.845 
| epoch = 5 | step =    50 | loss_pnn = 1.664 | loss_cn = 0.00000000 | acc_sim = 0.941 | acc_phy = 0.847 
| epoch = 5 | step =    60 | loss_pnn = 1.664 | loss_cn = 0.00000000 | acc_sim = 0.940 | acc_phy = 0.846 
| epoch = 5 | step =    70 | loss_pnn = 1.666 | loss_cn = 0.00000000 | acc_sim = 0.939 | acc_phy = 0.844 
| epoch = 5 | step =    80 | loss_pnn = 1.666 | loss_cn = 0.00000000 | acc_sim = 0.939 | acc_phy = 0.844 
| epoch = 5 | step =    90 | loss_pnn = 1.665 | loss_cn = 0.00000000 | acc_sim = 0.940 | acc_phy = 0.845 
| epoch = 5 | step =   100 | loss_pnn = 1.666 | loss_cn = 0.00000000 | acc_sim = 0.940 | acc_phy = 0.844 
| epoch = 5 | step =   110 | loss_pnn = 1.666 | loss_cn = 0.00000000 | acc_sim = 0.941 | acc_phy = 0.844 
| epoch = 5 | step =   120 | loss_pnn = 1.666 | loss_cn = 0.00000000 | acc_sim = 0.941 | acc_phy = 0.843 
Phy accuracy of the network on 10000 test images: 0.847


Current training epoch: 6, learning rate for pnn: 0.001, 
| epoch = 6 | step =    10 | loss_pnn = 1.661 | loss_cn = 0.00000000 | acc_sim = 0.944 | acc_phy = 0.847 
| epoch = 6 | step =    20 | loss_pnn = 1.658 | loss_cn = 0.00000000 | acc_sim = 0.945 | acc_phy = 0.846 
| epoch = 6 | step =    30 | loss_pnn = 1.658 | loss_cn = 0.00000000 | acc_sim = 0.944 | acc_phy = 0.847 
| epoch = 6 | step =    40 | loss_pnn = 1.659 | loss_cn = 0.00000000 | acc_sim = 0.944 | acc_phy = 0.847 
| epoch = 6 | step =    50 | loss_pnn = 1.659 | loss_cn = 0.00000000 | acc_sim = 0.944 | acc_phy = 0.846 
| epoch = 6 | step =    60 | loss_pnn = 1.660 | loss_cn = 0.00000000 | acc_sim = 0.943 | acc_phy = 0.846 
| epoch = 6 | step =    70 | loss_pnn = 1.659 | loss_cn = 0.00000000 | acc_sim = 0.944 | acc_phy = 0.846 
| epoch = 6 | step =    80 | loss_pnn = 1.661 | loss_cn = 0.00000000 | acc_sim = 0.944 | acc_phy = 0.844 
| epoch = 6 | step =    90 | loss_pnn = 1.661 | loss_cn = 0.00000000 | acc_sim = 0.944 | acc_phy = 0.844 
| epoch = 6 | step =   100 | loss_pnn = 1.661 | loss_cn = 0.00000000 | acc_sim = 0.944 | acc_phy = 0.844 
| epoch = 6 | step =   110 | loss_pnn = 1.661 | loss_cn = 0.00000000 | acc_sim = 0.945 | acc_phy = 0.844 
| epoch = 6 | step =   120 | loss_pnn = 1.660 | loss_cn = 0.00000000 | acc_sim = 0.944 | acc_phy = 0.844 
Phy accuracy of the network on 10000 test images: 0.855


Current training epoch: 7, learning rate for pnn: 0.001, 
| epoch = 7 | step =    10 | loss_pnn = 1.661 | loss_cn = 0.00000000 | acc_sim = 0.945 | acc_phy = 0.846 
| epoch = 7 | step =    20 | loss_pnn = 1.659 | loss_cn = 0.00000000 | acc_sim = 0.944 | acc_phy = 0.845 
| epoch = 7 | step =    30 | loss_pnn = 1.659 | loss_cn = 0.00000000 | acc_sim = 0.945 | acc_phy = 0.844 
| epoch = 7 | step =    40 | loss_pnn = 1.658 | loss_cn = 0.00000000 | acc_sim = 0.946 | acc_phy = 0.844 
| epoch = 7 | step =    50 | loss_pnn = 1.659 | loss_cn = 0.00000000 | acc_sim = 0.946 | acc_phy = 0.843 
| epoch = 7 | step =    60 | loss_pnn = 1.659 | loss_cn = 0.00000000 | acc_sim = 0.947 | acc_phy = 0.843 
| epoch = 7 | step =    70 | loss_pnn = 1.659 | loss_cn = 0.00000000 | acc_sim = 0.947 | acc_phy = 0.842 
| epoch = 7 | step =    80 | loss_pnn = 1.657 | loss_cn = 0.00000000 | acc_sim = 0.947 | acc_phy = 0.844 
| epoch = 7 | step =    90 | loss_pnn = 1.656 | loss_cn = 0.00000000 | acc_sim = 0.948 | acc_phy = 0.845 
| epoch = 7 | step =   100 | loss_pnn = 1.656 | loss_cn = 0.00000000 | acc_sim = 0.948 | acc_phy = 0.845 
| epoch = 7 | step =   110 | loss_pnn = 1.655 | loss_cn = 0.00000000 | acc_sim = 0.949 | acc_phy = 0.847 
| epoch = 7 | step =   120 | loss_pnn = 1.654 | loss_cn = 0.00000000 | acc_sim = 0.949 | acc_phy = 0.848 
Phy accuracy of the network on 10000 test images: 0.865


Current training epoch: 8, learning rate for pnn: 0.001, 
| epoch = 8 | step =    10 | loss_pnn = 1.652 | loss_cn = 0.00000000 | acc_sim = 0.958 | acc_phy = 0.846 
| epoch = 8 | step =    20 | loss_pnn = 1.652 | loss_cn = 0.00000000 | acc_sim = 0.955 | acc_phy = 0.848 
| epoch = 8 | step =    30 | loss_pnn = 1.652 | loss_cn = 0.00000000 | acc_sim = 0.954 | acc_phy = 0.847 
| epoch = 8 | step =    40 | loss_pnn = 1.651 | loss_cn = 0.00000000 | acc_sim = 0.954 | acc_phy = 0.848 
| epoch = 8 | step =    50 | loss_pnn = 1.652 | loss_cn = 0.00000000 | acc_sim = 0.953 | acc_phy = 0.847 
| epoch = 8 | step =    60 | loss_pnn = 1.652 | loss_cn = 0.00000000 | acc_sim = 0.953 | acc_phy = 0.847 
| epoch = 8 | step =    70 | loss_pnn = 1.651 | loss_cn = 0.00000000 | acc_sim = 0.952 | acc_phy = 0.847 
| epoch = 8 | step =    80 | loss_pnn = 1.652 | loss_cn = 0.00000000 | acc_sim = 0.952 | acc_phy = 0.846 
| epoch = 8 | step =    90 | loss_pnn = 1.653 | loss_cn = 0.00000000 | acc_sim = 0.951 | acc_phy = 0.846 
| epoch = 8 | step =   100 | loss_pnn = 1.653 | loss_cn = 0.00000000 | acc_sim = 0.952 | acc_phy = 0.846 
| epoch = 8 | step =   110 | loss_pnn = 1.653 | loss_cn = 0.00000000 | acc_sim = 0.952 | acc_phy = 0.846 
| epoch = 8 | step =   120 | loss_pnn = 1.653 | loss_cn = 0.00000000 | acc_sim = 0.952 | acc_phy = 0.846 
Phy accuracy of the network on 10000 test images: 0.853


Current training epoch: 9, learning rate for pnn: 0.001, 
| epoch = 9 | step =    10 | loss_pnn = 1.655 | loss_cn = 0.00000000 | acc_sim = 0.956 | acc_phy = 0.844 
| epoch = 9 | step =    20 | loss_pnn = 1.651 | loss_cn = 0.00000000 | acc_sim = 0.956 | acc_phy = 0.847 
| epoch = 9 | step =    30 | loss_pnn = 1.648 | loss_cn = 0.00000000 | acc_sim = 0.954 | acc_phy = 0.850 
| epoch = 9 | step =    40 | loss_pnn = 1.649 | loss_cn = 0.00000000 | acc_sim = 0.954 | acc_phy = 0.848 
| epoch = 9 | step =    50 | loss_pnn = 1.651 | loss_cn = 0.00000000 | acc_sim = 0.954 | acc_phy = 0.848 
| epoch = 9 | step =    60 | loss_pnn = 1.651 | loss_cn = 0.00000000 | acc_sim = 0.955 | acc_phy = 0.847 
| epoch = 9 | step =    70 | loss_pnn = 1.653 | loss_cn = 0.00000000 | acc_sim = 0.955 | acc_phy = 0.846 
| epoch = 9 | step =    80 | loss_pnn = 1.653 | loss_cn = 0.00000000 | acc_sim = 0.955 | acc_phy = 0.845 
| epoch = 9 | step =    90 | loss_pnn = 1.653 | loss_cn = 0.00000000 | acc_sim = 0.955 | acc_phy = 0.846 
| epoch = 9 | step =   100 | loss_pnn = 1.653 | loss_cn = 0.00000000 | acc_sim = 0.955 | acc_phy = 0.845 
| epoch = 9 | step =   110 | loss_pnn = 1.653 | loss_cn = 0.00000000 | acc_sim = 0.955 | acc_phy = 0.845 
| epoch = 9 | step =   120 | loss_pnn = 1.653 | loss_cn = 0.00000000 | acc_sim = 0.955 | acc_phy = 0.845 
Phy accuracy of the network on 10000 test images: 0.862


Current training epoch: 10, learning rate for pnn: 0.001, 
| epoch = 10 | step =    10 | loss_pnn = 1.637 | loss_cn = 0.00000000 | acc_sim = 0.959 | acc_phy = 0.861 
| epoch = 10 | step =    20 | loss_pnn = 1.640 | loss_cn = 0.00000000 | acc_sim = 0.957 | acc_phy = 0.857 
| epoch = 10 | step =    30 | loss_pnn = 1.644 | loss_cn = 0.00000000 | acc_sim = 0.955 | acc_phy = 0.850 
| epoch = 10 | step =    40 | loss_pnn = 1.644 | loss_cn = 0.00000000 | acc_sim = 0.956 | acc_phy = 0.850 
| epoch = 10 | step =    50 | loss_pnn = 1.644 | loss_cn = 0.00000000 | acc_sim = 0.956 | acc_phy = 0.850 
| epoch = 10 | step =    60 | loss_pnn = 1.646 | loss_cn = 0.00000000 | acc_sim = 0.956 | acc_phy = 0.848 
| epoch = 10 | step =    70 | loss_pnn = 1.647 | loss_cn = 0.00000000 | acc_sim = 0.956 | acc_phy = 0.848 
| epoch = 10 | step =    80 | loss_pnn = 1.648 | loss_cn = 0.00000000 | acc_sim = 0.956 | acc_phy = 0.847 
| epoch = 10 | step =    90 | loss_pnn = 1.649 | loss_cn = 0.00000000 | acc_sim = 0.956 | acc_phy = 0.847 
| epoch = 10 | step =   100 | loss_pnn = 1.648 | loss_cn = 0.00000000 | acc_sim = 0.956 | acc_phy = 0.847 
| epoch = 10 | step =   110 | loss_pnn = 1.648 | loss_cn = 0.00000000 | acc_sim = 0.956 | acc_phy = 0.848 
| epoch = 10 | step =   120 | loss_pnn = 1.648 | loss_cn = 0.00000000 | acc_sim = 0.956 | acc_phy = 0.848 
Phy accuracy of the network on 10000 test images: 0.836


Current training epoch: 11, learning rate for pnn: 0.0005, 
| epoch = 11 | step =    10 | loss_pnn = 1.657 | loss_cn = 0.00000000 | acc_sim = 0.963 | acc_phy = 0.836 
| epoch = 11 | step =    20 | loss_pnn = 1.650 | loss_cn = 0.00000000 | acc_sim = 0.962 | acc_phy = 0.844 
| epoch = 11 | step =    30 | loss_pnn = 1.650 | loss_cn = 0.00000000 | acc_sim = 0.961 | acc_phy = 0.845 
| epoch = 11 | step =    40 | loss_pnn = 1.650 | loss_cn = 0.00000000 | acc_sim = 0.960 | acc_phy = 0.846 
| epoch = 11 | step =    50 | loss_pnn = 1.649 | loss_cn = 0.00000000 | acc_sim = 0.960 | acc_phy = 0.846 
| epoch = 11 | step =    60 | loss_pnn = 1.650 | loss_cn = 0.00000000 | acc_sim = 0.960 | acc_phy = 0.845 
| epoch = 11 | step =    70 | loss_pnn = 1.651 | loss_cn = 0.00000000 | acc_sim = 0.959 | acc_phy = 0.843 
| epoch = 11 | step =    80 | loss_pnn = 1.651 | loss_cn = 0.00000000 | acc_sim = 0.960 | acc_phy = 0.843 
| epoch = 11 | step =    90 | loss_pnn = 1.650 | loss_cn = 0.00000000 | acc_sim = 0.960 | acc_phy = 0.845 
| epoch = 11 | step =   100 | loss_pnn = 1.649 | loss_cn = 0.00000000 | acc_sim = 0.959 | acc_phy = 0.845 
| epoch = 11 | step =   110 | loss_pnn = 1.649 | loss_cn = 0.00000000 | acc_sim = 0.959 | acc_phy = 0.846 
| epoch = 11 | step =   120 | loss_pnn = 1.649 | loss_cn = 0.00000000 | acc_sim = 0.959 | acc_phy = 0.845 
Phy accuracy of the network on 10000 test images: 0.848


Current training epoch: 12, learning rate for pnn: 0.0005, 
| epoch = 12 | step =    10 | loss_pnn = 1.651 | loss_cn = 0.00000000 | acc_sim = 0.962 | acc_phy = 0.844 
| epoch = 12 | step =    20 | loss_pnn = 1.653 | loss_cn = 0.00000000 | acc_sim = 0.961 | acc_phy = 0.841 
| epoch = 12 | step =    30 | loss_pnn = 1.652 | loss_cn = 0.00000000 | acc_sim = 0.962 | acc_phy = 0.843 
| epoch = 12 | step =    40 | loss_pnn = 1.652 | loss_cn = 0.00000000 | acc_sim = 0.961 | acc_phy = 0.843 
| epoch = 12 | step =    50 | loss_pnn = 1.652 | loss_cn = 0.00000000 | acc_sim = 0.961 | acc_phy = 0.843 
| epoch = 12 | step =    60 | loss_pnn = 1.652 | loss_cn = 0.00000000 | acc_sim = 0.961 | acc_phy = 0.843 
| epoch = 12 | step =    70 | loss_pnn = 1.651 | loss_cn = 0.00000000 | acc_sim = 0.960 | acc_phy = 0.844 
| epoch = 12 | step =    80 | loss_pnn = 1.650 | loss_cn = 0.00000000 | acc_sim = 0.960 | acc_phy = 0.845 
| epoch = 12 | step =    90 | loss_pnn = 1.651 | loss_cn = 0.00000000 | acc_sim = 0.960 | acc_phy = 0.844 
| epoch = 12 | step =   100 | loss_pnn = 1.651 | loss_cn = 0.00000000 | acc_sim = 0.960 | acc_phy = 0.844 
| epoch = 12 | step =   110 | loss_pnn = 1.651 | loss_cn = 0.00000000 | acc_sim = 0.961 | acc_phy = 0.844 
| epoch = 12 | step =   120 | loss_pnn = 1.650 | loss_cn = 0.00000000 | acc_sim = 0.961 | acc_phy = 0.844 
Phy accuracy of the network on 10000 test images: 0.849


Current training epoch: 13, learning rate for pnn: 0.0005, 
| epoch = 13 | step =    10 | loss_pnn = 1.650 | loss_cn = 0.00000000 | acc_sim = 0.962 | acc_phy = 0.847 
| epoch = 13 | step =    20 | loss_pnn = 1.654 | loss_cn = 0.00000000 | acc_sim = 0.962 | acc_phy = 0.843 
| epoch = 13 | step =    30 | loss_pnn = 1.649 | loss_cn = 0.00000000 | acc_sim = 0.962 | acc_phy = 0.850 
| epoch = 13 | step =    40 | loss_pnn = 1.649 | loss_cn = 0.00000000 | acc_sim = 0.962 | acc_phy = 0.849 
| epoch = 13 | step =    50 | loss_pnn = 1.650 | loss_cn = 0.00000000 | acc_sim = 0.962 | acc_phy = 0.848 
| epoch = 13 | step =    60 | loss_pnn = 1.648 | loss_cn = 0.00000000 | acc_sim = 0.961 | acc_phy = 0.850 
| epoch = 13 | step =    70 | loss_pnn = 1.648 | loss_cn = 0.00000000 | acc_sim = 0.961 | acc_phy = 0.849 
| epoch = 13 | step =    80 | loss_pnn = 1.649 | loss_cn = 0.00000000 | acc_sim = 0.961 | acc_phy = 0.847 
| epoch = 13 | step =    90 | loss_pnn = 1.649 | loss_cn = 0.00000000 | acc_sim = 0.961 | acc_phy = 0.847 
| epoch = 13 | step =   100 | loss_pnn = 1.649 | loss_cn = 0.00000000 | acc_sim = 0.962 | acc_phy = 0.847 
| epoch = 13 | step =   110 | loss_pnn = 1.649 | loss_cn = 0.00000000 | acc_sim = 0.961 | acc_phy = 0.846 
| epoch = 13 | step =   120 | loss_pnn = 1.650 | loss_cn = 0.00000000 | acc_sim = 0.961 | acc_phy = 0.845 
Phy accuracy of the network on 10000 test images: 0.849


Current training epoch: 14, learning rate for pnn: 0.0005, 
| epoch = 14 | step =    10 | loss_pnn = 1.654 | loss_cn = 0.00000000 | acc_sim = 0.958 | acc_phy = 0.839 
| epoch = 14 | step =    20 | loss_pnn = 1.651 | loss_cn = 0.00000000 | acc_sim = 0.960 | acc_phy = 0.843 
| epoch = 14 | step =    30 | loss_pnn = 1.651 | loss_cn = 0.00000000 | acc_sim = 0.963 | acc_phy = 0.844 
| epoch = 14 | step =    40 | loss_pnn = 1.651 | loss_cn = 0.00000000 | acc_sim = 0.964 | acc_phy = 0.844 
| epoch = 14 | step =    50 | loss_pnn = 1.651 | loss_cn = 0.00000000 | acc_sim = 0.963 | acc_phy = 0.844 
| epoch = 14 | step =    60 | loss_pnn = 1.651 | loss_cn = 0.00000000 | acc_sim = 0.962 | acc_phy = 0.843 
| epoch = 14 | step =    70 | loss_pnn = 1.652 | loss_cn = 0.00000000 | acc_sim = 0.962 | acc_phy = 0.842 
| epoch = 14 | step =    80 | loss_pnn = 1.650 | loss_cn = 0.00000000 | acc_sim = 0.962 | acc_phy = 0.843 
| epoch = 14 | step =    90 | loss_pnn = 1.651 | loss_cn = 0.00000000 | acc_sim = 0.962 | acc_phy = 0.842 
| epoch = 14 | step =   100 | loss_pnn = 1.651 | loss_cn = 0.00000000 | acc_sim = 0.961 | acc_phy = 0.843 
| epoch = 14 | step =   110 | loss_pnn = 1.650 | loss_cn = 0.00000000 | acc_sim = 0.962 | acc_phy = 0.843 
| epoch = 14 | step =   120 | loss_pnn = 1.650 | loss_cn = 0.00000000 | acc_sim = 0.962 | acc_phy = 0.843 
Phy accuracy of the network on 10000 test images: 0.846


Current training epoch: 15, learning rate for pnn: 0.0005, 
| epoch = 15 | step =    10 | loss_pnn = 1.654 | loss_cn = 0.00000000 | acc_sim = 0.961 | acc_phy = 0.842 
| epoch = 15 | step =    20 | loss_pnn = 1.651 | loss_cn = 0.00000000 | acc_sim = 0.961 | acc_phy = 0.842 
| epoch = 15 | step =    30 | loss_pnn = 1.651 | loss_cn = 0.00000000 | acc_sim = 0.962 | acc_phy = 0.843 
| epoch = 15 | step =    40 | loss_pnn = 1.649 | loss_cn = 0.00000000 | acc_sim = 0.964 | acc_phy = 0.844 
| epoch = 15 | step =    50 | loss_pnn = 1.650 | loss_cn = 0.00000000 | acc_sim = 0.964 | acc_phy = 0.844 
| epoch = 15 | step =    60 | loss_pnn = 1.650 | loss_cn = 0.00000000 | acc_sim = 0.963 | acc_phy = 0.844 
| epoch = 15 | step =    70 | loss_pnn = 1.650 | loss_cn = 0.00000000 | acc_sim = 0.963 | acc_phy = 0.845 
| epoch = 15 | step =    80 | loss_pnn = 1.649 | loss_cn = 0.00000000 | acc_sim = 0.963 | acc_phy = 0.845 
| epoch = 15 | step =    90 | loss_pnn = 1.651 | loss_cn = 0.00000000 | acc_sim = 0.962 | acc_phy = 0.843 
| epoch = 15 | step =   100 | loss_pnn = 1.650 | loss_cn = 0.00000000 | acc_sim = 0.963 | acc_phy = 0.844 
| epoch = 15 | step =   110 | loss_pnn = 1.650 | loss_cn = 0.00000000 | acc_sim = 0.963 | acc_phy = 0.844 
| epoch = 15 | step =   120 | loss_pnn = 1.650 | loss_cn = 0.00000000 | acc_sim = 0.963 | acc_phy = 0.843 
Phy accuracy of the network on 10000 test images: 0.848


Current training epoch: 16, learning rate for pnn: 0.0005, 
| epoch = 16 | step =    10 | loss_pnn = 1.647 | loss_cn = 0.00000000 | acc_sim = 0.967 | acc_phy = 0.847 
| epoch = 16 | step =    20 | loss_pnn = 1.646 | loss_cn = 0.00000000 | acc_sim = 0.967 | acc_phy = 0.848 
| epoch = 16 | step =    30 | loss_pnn = 1.648 | loss_cn = 0.00000000 | acc_sim = 0.965 | acc_phy = 0.846 
| epoch = 16 | step =    40 | loss_pnn = 1.647 | loss_cn = 0.00000000 | acc_sim = 0.964 | acc_phy = 0.847 
| epoch = 16 | step =    50 | loss_pnn = 1.648 | loss_cn = 0.00000000 | acc_sim = 0.964 | acc_phy = 0.846 
| epoch = 16 | step =    60 | loss_pnn = 1.648 | loss_cn = 0.00000000 | acc_sim = 0.963 | acc_phy = 0.846 
| epoch = 16 | step =    70 | loss_pnn = 1.650 | loss_cn = 0.00000000 | acc_sim = 0.963 | acc_phy = 0.844 
| epoch = 16 | step =    80 | loss_pnn = 1.650 | loss_cn = 0.00000000 | acc_sim = 0.963 | acc_phy = 0.843 
| epoch = 16 | step =    90 | loss_pnn = 1.651 | loss_cn = 0.00000000 | acc_sim = 0.963 | acc_phy = 0.842 
| epoch = 16 | step =   100 | loss_pnn = 1.651 | loss_cn = 0.00000000 | acc_sim = 0.963 | acc_phy = 0.841 
| epoch = 16 | step =   110 | loss_pnn = 1.650 | loss_cn = 0.00000000 | acc_sim = 0.963 | acc_phy = 0.843 
| epoch = 16 | step =   120 | loss_pnn = 1.650 | loss_cn = 0.00000000 | acc_sim = 0.963 | acc_phy = 0.842 
Phy accuracy of the network on 10000 test images: 0.831


Current training epoch: 17, learning rate for pnn: 0.0005, 
| epoch = 17 | step =    10 | loss_pnn = 1.658 | loss_cn = 0.00000000 | acc_sim = 0.968 | acc_phy = 0.839 
| epoch = 17 | step =    20 | loss_pnn = 1.655 | loss_cn = 0.00000000 | acc_sim = 0.965 | acc_phy = 0.843 
| epoch = 17 | step =    30 | loss_pnn = 1.655 | loss_cn = 0.00000000 | acc_sim = 0.963 | acc_phy = 0.840 
| epoch = 17 | step =    40 | loss_pnn = 1.655 | loss_cn = 0.00000000 | acc_sim = 0.964 | acc_phy = 0.841 
| epoch = 17 | step =    50 | loss_pnn = 1.655 | loss_cn = 0.00000000 | acc_sim = 0.964 | acc_phy = 0.841 
| epoch = 17 | step =    60 | loss_pnn = 1.655 | loss_cn = 0.00000000 | acc_sim = 0.963 | acc_phy = 0.841 
| epoch = 17 | step =    70 | loss_pnn = 1.655 | loss_cn = 0.00000000 | acc_sim = 0.963 | acc_phy = 0.840 
| epoch = 17 | step =    80 | loss_pnn = 1.655 | loss_cn = 0.00000000 | acc_sim = 0.964 | acc_phy = 0.840 
| epoch = 17 | step =    90 | loss_pnn = 1.654 | loss_cn = 0.00000000 | acc_sim = 0.964 | acc_phy = 0.840 
| epoch = 17 | step =   100 | loss_pnn = 1.654 | loss_cn = 0.00000000 | acc_sim = 0.964 | acc_phy = 0.841 
| epoch = 17 | step =   110 | loss_pnn = 1.654 | loss_cn = 0.00000000 | acc_sim = 0.964 | acc_phy = 0.841 
| epoch = 17 | step =   120 | loss_pnn = 1.653 | loss_cn = 0.00000000 | acc_sim = 0.964 | acc_phy = 0.841 
Phy accuracy of the network on 10000 test images: 0.853


Current training epoch: 18, learning rate for pnn: 0.0005, 
| epoch = 18 | step =    10 | loss_pnn = 1.644 | loss_cn = 0.00000000 | acc_sim = 0.965 | acc_phy = 0.851 
| epoch = 18 | step =    20 | loss_pnn = 1.647 | loss_cn = 0.00000000 | acc_sim = 0.964 | acc_phy = 0.845 
| epoch = 18 | step =    30 | loss_pnn = 1.652 | loss_cn = 0.00000000 | acc_sim = 0.965 | acc_phy = 0.841 
| epoch = 18 | step =    40 | loss_pnn = 1.654 | loss_cn = 0.00000000 | acc_sim = 0.964 | acc_phy = 0.838 
| epoch = 18 | step =    50 | loss_pnn = 1.654 | loss_cn = 0.00000000 | acc_sim = 0.964 | acc_phy = 0.839 
| epoch = 18 | step =    60 | loss_pnn = 1.653 | loss_cn = 0.00000000 | acc_sim = 0.964 | acc_phy = 0.839 
| epoch = 18 | step =    70 | loss_pnn = 1.652 | loss_cn = 0.00000000 | acc_sim = 0.965 | acc_phy = 0.841 
| epoch = 18 | step =    80 | loss_pnn = 1.654 | loss_cn = 0.00000000 | acc_sim = 0.965 | acc_phy = 0.839 
| epoch = 18 | step =    90 | loss_pnn = 1.653 | loss_cn = 0.00000000 | acc_sim = 0.965 | acc_phy = 0.839 
| epoch = 18 | step =   100 | loss_pnn = 1.654 | loss_cn = 0.00000000 | acc_sim = 0.965 | acc_phy = 0.838 
| epoch = 18 | step =   110 | loss_pnn = 1.654 | loss_cn = 0.00000000 | acc_sim = 0.965 | acc_phy = 0.839 
| epoch = 18 | step =   120 | loss_pnn = 1.654 | loss_cn = 0.00000000 | acc_sim = 0.965 | acc_phy = 0.839 
Phy accuracy of the network on 10000 test images: 0.853


Current training epoch: 19, learning rate for pnn: 0.0005, 
| epoch = 19 | step =    10 | loss_pnn = 1.655 | loss_cn = 0.00000000 | acc_sim = 0.967 | acc_phy = 0.838 
| epoch = 19 | step =    20 | loss_pnn = 1.655 | loss_cn = 0.00000000 | acc_sim = 0.969 | acc_phy = 0.840 
| epoch = 19 | step =    30 | loss_pnn = 1.653 | loss_cn = 0.00000000 | acc_sim = 0.967 | acc_phy = 0.842 
| epoch = 19 | step =    40 | loss_pnn = 1.654 | loss_cn = 0.00000000 | acc_sim = 0.966 | acc_phy = 0.840 
| epoch = 19 | step =    50 | loss_pnn = 1.653 | loss_cn = 0.00000000 | acc_sim = 0.966 | acc_phy = 0.840 
| epoch = 19 | step =    60 | loss_pnn = 1.655 | loss_cn = 0.00000000 | acc_sim = 0.966 | acc_phy = 0.838 
| epoch = 19 | step =    70 | loss_pnn = 1.655 | loss_cn = 0.00000000 | acc_sim = 0.966 | acc_phy = 0.839 
| epoch = 19 | step =    80 | loss_pnn = 1.655 | loss_cn = 0.00000000 | acc_sim = 0.966 | acc_phy = 0.838 
| epoch = 19 | step =    90 | loss_pnn = 1.654 | loss_cn = 0.00000000 | acc_sim = 0.966 | acc_phy = 0.839 
| epoch = 19 | step =   100 | loss_pnn = 1.654 | loss_cn = 0.00000000 | acc_sim = 0.966 | acc_phy = 0.839 
| epoch = 19 | step =   110 | loss_pnn = 1.654 | loss_cn = 0.00000000 | acc_sim = 0.966 | acc_phy = 0.839 
| epoch = 19 | step =   120 | loss_pnn = 1.655 | loss_cn = 0.00000000 | acc_sim = 0.965 | acc_phy = 0.838 
Phy accuracy of the network on 10000 test images: 0.841


Current training epoch: 20, learning rate for pnn: 0.0005, 
| epoch = 20 | step =    10 | loss_pnn = 1.659 | loss_cn = 0.00000000 | acc_sim = 0.965 | acc_phy = 0.835 
| epoch = 20 | step =    20 | loss_pnn = 1.660 | loss_cn = 0.00000000 | acc_sim = 0.965 | acc_phy = 0.834 
| epoch = 20 | step =    30 | loss_pnn = 1.657 | loss_cn = 0.00000000 | acc_sim = 0.966 | acc_phy = 0.837 
| epoch = 20 | step =    40 | loss_pnn = 1.659 | loss_cn = 0.00000000 | acc_sim = 0.966 | acc_phy = 0.835 
| epoch = 20 | step =    50 | loss_pnn = 1.658 | loss_cn = 0.00000000 | acc_sim = 0.966 | acc_phy = 0.836 
| epoch = 20 | step =    60 | loss_pnn = 1.657 | loss_cn = 0.00000000 | acc_sim = 0.966 | acc_phy = 0.837 
| epoch = 20 | step =    70 | loss_pnn = 1.656 | loss_cn = 0.00000000 | acc_sim = 0.966 | acc_phy = 0.837 
| epoch = 20 | step =    80 | loss_pnn = 1.655 | loss_cn = 0.00000000 | acc_sim = 0.966 | acc_phy = 0.838 
| epoch = 20 | step =    90 | loss_pnn = 1.655 | loss_cn = 0.00000000 | acc_sim = 0.966 | acc_phy = 0.838 
| epoch = 20 | step =   100 | loss_pnn = 1.655 | loss_cn = 0.00000000 | acc_sim = 0.966 | acc_phy = 0.839 
| epoch = 20 | step =   110 | loss_pnn = 1.654 | loss_cn = 0.00000000 | acc_sim = 0.966 | acc_phy = 0.839 
| epoch = 20 | step =   120 | loss_pnn = 1.654 | loss_cn = 0.00000000 | acc_sim = 0.966 | acc_phy = 0.839 
Phy accuracy of the network on 10000 test images: 0.851


Current training epoch: 21, learning rate for pnn: 0.00025, 
| epoch = 21 | step =    10 | loss_pnn = 1.646 | loss_cn = 0.00000000 | acc_sim = 0.964 | acc_phy = 0.846 
| epoch = 21 | step =    20 | loss_pnn = 1.653 | loss_cn = 0.00000000 | acc_sim = 0.964 | acc_phy = 0.838 
| epoch = 21 | step =    30 | loss_pnn = 1.655 | loss_cn = 0.00000000 | acc_sim = 0.965 | acc_phy = 0.836 
| epoch = 21 | step =    40 | loss_pnn = 1.655 | loss_cn = 0.00000000 | acc_sim = 0.965 | acc_phy = 0.837 
| epoch = 21 | step =    50 | loss_pnn = 1.656 | loss_cn = 0.00000000 | acc_sim = 0.964 | acc_phy = 0.837 
| epoch = 21 | step =    60 | loss_pnn = 1.655 | loss_cn = 0.00000000 | acc_sim = 0.965 | acc_phy = 0.839 
| epoch = 21 | step =    70 | loss_pnn = 1.656 | loss_cn = 0.00000000 | acc_sim = 0.966 | acc_phy = 0.838 
| epoch = 21 | step =    80 | loss_pnn = 1.656 | loss_cn = 0.00000000 | acc_sim = 0.966 | acc_phy = 0.837 
| epoch = 21 | step =    90 | loss_pnn = 1.655 | loss_cn = 0.00000000 | acc_sim = 0.966 | acc_phy = 0.839 
| epoch = 21 | step =   100 | loss_pnn = 1.655 | loss_cn = 0.00000000 | acc_sim = 0.966 | acc_phy = 0.839 
| epoch = 21 | step =   110 | loss_pnn = 1.655 | loss_cn = 0.00000000 | acc_sim = 0.967 | acc_phy = 0.839 
| epoch = 21 | step =   120 | loss_pnn = 1.655 | loss_cn = 0.00000000 | acc_sim = 0.967 | acc_phy = 0.839 
Phy accuracy of the network on 10000 test images: 0.842


Current training epoch: 22, learning rate for pnn: 0.00025, 
| epoch = 22 | step =    10 | loss_pnn = 1.661 | loss_cn = 0.00000000 | acc_sim = 0.970 | acc_phy = 0.829 
| epoch = 22 | step =    20 | loss_pnn = 1.655 | loss_cn = 0.00000000 | acc_sim = 0.968 | acc_phy = 0.836 
| epoch = 22 | step =    30 | loss_pnn = 1.656 | loss_cn = 0.00000000 | acc_sim = 0.968 | acc_phy = 0.837 
| epoch = 22 | step =    40 | loss_pnn = 1.655 | loss_cn = 0.00000000 | acc_sim = 0.968 | acc_phy = 0.839 
| epoch = 22 | step =    50 | loss_pnn = 1.652 | loss_cn = 0.00000000 | acc_sim = 0.968 | acc_phy = 0.842 
| epoch = 22 | step =    60 | loss_pnn = 1.653 | loss_cn = 0.00000000 | acc_sim = 0.967 | acc_phy = 0.841 
| epoch = 22 | step =    70 | loss_pnn = 1.654 | loss_cn = 0.00000000 | acc_sim = 0.967 | acc_phy = 0.840 
| epoch = 22 | step =    80 | loss_pnn = 1.655 | loss_cn = 0.00000000 | acc_sim = 0.967 | acc_phy = 0.839 
| epoch = 22 | step =    90 | loss_pnn = 1.656 | loss_cn = 0.00000000 | acc_sim = 0.967 | acc_phy = 0.838 
| epoch = 22 | step =   100 | loss_pnn = 1.655 | loss_cn = 0.00000000 | acc_sim = 0.967 | acc_phy = 0.839 
| epoch = 22 | step =   110 | loss_pnn = 1.655 | loss_cn = 0.00000000 | acc_sim = 0.967 | acc_phy = 0.839 
| epoch = 22 | step =   120 | loss_pnn = 1.656 | loss_cn = 0.00000000 | acc_sim = 0.967 | acc_phy = 0.838 
Phy accuracy of the network on 10000 test images: 0.833


Current training epoch: 23, learning rate for pnn: 0.00025, 
| epoch = 23 | step =    10 | loss_pnn = 1.658 | loss_cn = 0.00000000 | acc_sim = 0.970 | acc_phy = 0.833 
| epoch = 23 | step =    20 | loss_pnn = 1.656 | loss_cn = 0.00000000 | acc_sim = 0.969 | acc_phy = 0.837 
| epoch = 23 | step =    30 | loss_pnn = 1.655 | loss_cn = 0.00000000 | acc_sim = 0.968 | acc_phy = 0.837 
| epoch = 23 | step =    40 | loss_pnn = 1.658 | loss_cn = 0.00000000 | acc_sim = 0.967 | acc_phy = 0.834 
| epoch = 23 | step =    50 | loss_pnn = 1.657 | loss_cn = 0.00000000 | acc_sim = 0.968 | acc_phy = 0.835 
| epoch = 23 | step =    60 | loss_pnn = 1.657 | loss_cn = 0.00000000 | acc_sim = 0.968 | acc_phy = 0.835 
| epoch = 23 | step =    70 | loss_pnn = 1.658 | loss_cn = 0.00000000 | acc_sim = 0.968 | acc_phy = 0.835 
| epoch = 23 | step =    80 | loss_pnn = 1.659 | loss_cn = 0.00000000 | acc_sim = 0.968 | acc_phy = 0.834 
| epoch = 23 | step =    90 | loss_pnn = 1.658 | loss_cn = 0.00000000 | acc_sim = 0.968 | acc_phy = 0.834 
| epoch = 23 | step =   100 | loss_pnn = 1.658 | loss_cn = 0.00000000 | acc_sim = 0.968 | acc_phy = 0.835 
| epoch = 23 | step =   110 | loss_pnn = 1.658 | loss_cn = 0.00000000 | acc_sim = 0.968 | acc_phy = 0.835 
| epoch = 23 | step =   120 | loss_pnn = 1.657 | loss_cn = 0.00000000 | acc_sim = 0.967 | acc_phy = 0.836 
Phy accuracy of the network on 10000 test images: 0.837


Current training epoch: 24, learning rate for pnn: 0.00025, 
| epoch = 24 | step =    10 | loss_pnn = 1.655 | loss_cn = 0.00000000 | acc_sim = 0.968 | acc_phy = 0.840 
| epoch = 24 | step =    20 | loss_pnn = 1.655 | loss_cn = 0.00000000 | acc_sim = 0.967 | acc_phy = 0.842 
| epoch = 24 | step =    30 | loss_pnn = 1.656 | loss_cn = 0.00000000 | acc_sim = 0.968 | acc_phy = 0.840 
| epoch = 24 | step =    40 | loss_pnn = 1.658 | loss_cn = 0.00000000 | acc_sim = 0.968 | acc_phy = 0.838 
| epoch = 24 | step =    50 | loss_pnn = 1.658 | loss_cn = 0.00000000 | acc_sim = 0.968 | acc_phy = 0.836 
| epoch = 24 | step =    60 | loss_pnn = 1.657 | loss_cn = 0.00000000 | acc_sim = 0.969 | acc_phy = 0.837 
| epoch = 24 | step =    70 | loss_pnn = 1.657 | loss_cn = 0.00000000 | acc_sim = 0.968 | acc_phy = 0.837 
| epoch = 24 | step =    80 | loss_pnn = 1.656 | loss_cn = 0.00000000 | acc_sim = 0.968 | acc_phy = 0.838 
| epoch = 24 | step =    90 | loss_pnn = 1.656 | loss_cn = 0.00000000 | acc_sim = 0.968 | acc_phy = 0.837 
| epoch = 24 | step =   100 | loss_pnn = 1.656 | loss_cn = 0.00000000 | acc_sim = 0.968 | acc_phy = 0.837 
| epoch = 24 | step =   110 | loss_pnn = 1.657 | loss_cn = 0.00000000 | acc_sim = 0.968 | acc_phy = 0.836 
| epoch = 24 | step =   120 | loss_pnn = 1.657 | loss_cn = 0.00000000 | acc_sim = 0.968 | acc_phy = 0.835 
Phy accuracy of the network on 10000 test images: 0.841


Current training epoch: 25, learning rate for pnn: 0.00025, 
| epoch = 25 | step =    10 | loss_pnn = 1.651 | loss_cn = 0.00000000 | acc_sim = 0.972 | acc_phy = 0.842 
| epoch = 25 | step =    20 | loss_pnn = 1.656 | loss_cn = 0.00000000 | acc_sim = 0.968 | acc_phy = 0.834 
| epoch = 25 | step =    30 | loss_pnn = 1.658 | loss_cn = 0.00000000 | acc_sim = 0.967 | acc_phy = 0.833 
| epoch = 25 | step =    40 | loss_pnn = 1.659 | loss_cn = 0.00000000 | acc_sim = 0.967 | acc_phy = 0.831 
| epoch = 25 | step =    50 | loss_pnn = 1.659 | loss_cn = 0.00000000 | acc_sim = 0.968 | acc_phy = 0.833 
| epoch = 25 | step =    60 | loss_pnn = 1.659 | loss_cn = 0.00000000 | acc_sim = 0.969 | acc_phy = 0.834 
| epoch = 25 | step =    70 | loss_pnn = 1.658 | loss_cn = 0.00000000 | acc_sim = 0.969 | acc_phy = 0.835 
| epoch = 25 | step =    80 | loss_pnn = 1.657 | loss_cn = 0.00000000 | acc_sim = 0.969 | acc_phy = 0.836 
| epoch = 25 | step =    90 | loss_pnn = 1.658 | loss_cn = 0.00000000 | acc_sim = 0.969 | acc_phy = 0.836 
| epoch = 25 | step =   100 | loss_pnn = 1.658 | loss_cn = 0.00000000 | acc_sim = 0.969 | acc_phy = 0.836 
| epoch = 25 | step =   110 | loss_pnn = 1.657 | loss_cn = 0.00000000 | acc_sim = 0.969 | acc_phy = 0.836 
| epoch = 25 | step =   120 | loss_pnn = 1.657 | loss_cn = 0.00000000 | acc_sim = 0.969 | acc_phy = 0.836 
Phy accuracy of the network on 10000 test images: 0.845


Current training epoch: 26, learning rate for pnn: 0.00025, 
| epoch = 26 | step =    10 | loss_pnn = 1.654 | loss_cn = 0.00000000 | acc_sim = 0.967 | acc_phy = 0.836 
| epoch = 26 | step =    20 | loss_pnn = 1.655 | loss_cn = 0.00000000 | acc_sim = 0.967 | acc_phy = 0.836 
| epoch = 26 | step =    30 | loss_pnn = 1.655 | loss_cn = 0.00000000 | acc_sim = 0.968 | acc_phy = 0.837 
| epoch = 26 | step =    40 | loss_pnn = 1.656 | loss_cn = 0.00000000 | acc_sim = 0.969 | acc_phy = 0.836 
| epoch = 26 | step =    50 | loss_pnn = 1.658 | loss_cn = 0.00000000 | acc_sim = 0.969 | acc_phy = 0.834 
| epoch = 26 | step =    60 | loss_pnn = 1.657 | loss_cn = 0.00000000 | acc_sim = 0.969 | acc_phy = 0.835 
| epoch = 26 | step =    70 | loss_pnn = 1.656 | loss_cn = 0.00000000 | acc_sim = 0.969 | acc_phy = 0.837 
| epoch = 26 | step =    80 | loss_pnn = 1.656 | loss_cn = 0.00000000 | acc_sim = 0.969 | acc_phy = 0.835 
| epoch = 26 | step =    90 | loss_pnn = 1.657 | loss_cn = 0.00000000 | acc_sim = 0.969 | acc_phy = 0.835 
| epoch = 26 | step =   100 | loss_pnn = 1.657 | loss_cn = 0.00000000 | acc_sim = 0.969 | acc_phy = 0.835 
| epoch = 26 | step =   110 | loss_pnn = 1.656 | loss_cn = 0.00000000 | acc_sim = 0.969 | acc_phy = 0.837 
| epoch = 26 | step =   120 | loss_pnn = 1.657 | loss_cn = 0.00000000 | acc_sim = 0.969 | acc_phy = 0.836 
Phy accuracy of the network on 10000 test images: 0.836


Current training epoch: 27, learning rate for pnn: 0.00025, 
| epoch = 27 | step =    10 | loss_pnn = 1.671 | loss_cn = 0.00000000 | acc_sim = 0.968 | acc_phy = 0.818 
| epoch = 27 | step =    20 | loss_pnn = 1.664 | loss_cn = 0.00000000 | acc_sim = 0.969 | acc_phy = 0.829 
| epoch = 27 | step =    30 | loss_pnn = 1.662 | loss_cn = 0.00000000 | acc_sim = 0.968 | acc_phy = 0.831 
| epoch = 27 | step =    40 | loss_pnn = 1.662 | loss_cn = 0.00000000 | acc_sim = 0.968 | acc_phy = 0.831 
| epoch = 27 | step =    50 | loss_pnn = 1.662 | loss_cn = 0.00000000 | acc_sim = 0.968 | acc_phy = 0.830 
| epoch = 27 | step =    60 | loss_pnn = 1.660 | loss_cn = 0.00000000 | acc_sim = 0.968 | acc_phy = 0.833 
| epoch = 27 | step =    70 | loss_pnn = 1.660 | loss_cn = 0.00000000 | acc_sim = 0.968 | acc_phy = 0.833 
| epoch = 27 | step =    80 | loss_pnn = 1.660 | loss_cn = 0.00000000 | acc_sim = 0.969 | acc_phy = 0.833 
| epoch = 27 | step =    90 | loss_pnn = 1.660 | loss_cn = 0.00000000 | acc_sim = 0.969 | acc_phy = 0.833 
| epoch = 27 | step =   100 | loss_pnn = 1.660 | loss_cn = 0.00000000 | acc_sim = 0.969 | acc_phy = 0.833 
| epoch = 27 | step =   110 | loss_pnn = 1.660 | loss_cn = 0.00000000 | acc_sim = 0.969 | acc_phy = 0.833 
| epoch = 27 | step =   120 | loss_pnn = 1.660 | loss_cn = 0.00000000 | acc_sim = 0.969 | acc_phy = 0.833 
Phy accuracy of the network on 10000 test images: 0.835


Current training epoch: 28, learning rate for pnn: 0.00025, 
| epoch = 28 | step =    10 | loss_pnn = 1.661 | loss_cn = 0.00000000 | acc_sim = 0.968 | acc_phy = 0.836 
| epoch = 28 | step =    20 | loss_pnn = 1.659 | loss_cn = 0.00000000 | acc_sim = 0.969 | acc_phy = 0.835 
| epoch = 28 | step =    30 | loss_pnn = 1.661 | loss_cn = 0.00000000 | acc_sim = 0.969 | acc_phy = 0.833 
| epoch = 28 | step =    40 | loss_pnn = 1.662 | loss_cn = 0.00000000 | acc_sim = 0.968 | acc_phy = 0.830 
| epoch = 28 | step =    50 | loss_pnn = 1.662 | loss_cn = 0.00000000 | acc_sim = 0.969 | acc_phy = 0.830 
| epoch = 28 | step =    60 | loss_pnn = 1.662 | loss_cn = 0.00000000 | acc_sim = 0.969 | acc_phy = 0.829 
| epoch = 28 | step =    70 | loss_pnn = 1.663 | loss_cn = 0.00000000 | acc_sim = 0.969 | acc_phy = 0.828 
| epoch = 28 | step =    80 | loss_pnn = 1.663 | loss_cn = 0.00000000 | acc_sim = 0.969 | acc_phy = 0.829 
| epoch = 28 | step =    90 | loss_pnn = 1.662 | loss_cn = 0.00000000 | acc_sim = 0.968 | acc_phy = 0.830 
| epoch = 28 | step =   100 | loss_pnn = 1.661 | loss_cn = 0.00000000 | acc_sim = 0.969 | acc_phy = 0.831 
| epoch = 28 | step =   110 | loss_pnn = 1.661 | loss_cn = 0.00000000 | acc_sim = 0.969 | acc_phy = 0.832 
| epoch = 28 | step =   120 | loss_pnn = 1.661 | loss_cn = 0.00000000 | acc_sim = 0.969 | acc_phy = 0.832 
Phy accuracy of the network on 10000 test images: 0.834


Current training epoch: 29, learning rate for pnn: 0.00025, 
| epoch = 29 | step =    10 | loss_pnn = 1.658 | loss_cn = 0.00000000 | acc_sim = 0.971 | acc_phy = 0.836 
| epoch = 29 | step =    20 | loss_pnn = 1.658 | loss_cn = 0.00000000 | acc_sim = 0.970 | acc_phy = 0.833 
| epoch = 29 | step =    30 | loss_pnn = 1.658 | loss_cn = 0.00000000 | acc_sim = 0.969 | acc_phy = 0.835 
| epoch = 29 | step =    40 | loss_pnn = 1.659 | loss_cn = 0.00000000 | acc_sim = 0.968 | acc_phy = 0.833 
| epoch = 29 | step =    50 | loss_pnn = 1.659 | loss_cn = 0.00000000 | acc_sim = 0.969 | acc_phy = 0.833 
| epoch = 29 | step =    60 | loss_pnn = 1.658 | loss_cn = 0.00000000 | acc_sim = 0.969 | acc_phy = 0.834 
| epoch = 29 | step =    70 | loss_pnn = 1.659 | loss_cn = 0.00000000 | acc_sim = 0.969 | acc_phy = 0.833 
| epoch = 29 | step =    80 | loss_pnn = 1.658 | loss_cn = 0.00000000 | acc_sim = 0.970 | acc_phy = 0.835 
| epoch = 29 | step =    90 | loss_pnn = 1.659 | loss_cn = 0.00000000 | acc_sim = 0.970 | acc_phy = 0.834 
| epoch = 29 | step =   100 | loss_pnn = 1.659 | loss_cn = 0.00000000 | acc_sim = 0.969 | acc_phy = 0.834 
| epoch = 29 | step =   110 | loss_pnn = 1.658 | loss_cn = 0.00000000 | acc_sim = 0.969 | acc_phy = 0.834 
| epoch = 29 | step =   120 | loss_pnn = 1.659 | loss_cn = 0.00000000 | acc_sim = 0.969 | acc_phy = 0.834 
Phy accuracy of the network on 10000 test images: 0.837


Current training epoch: 30, learning rate for pnn: 0.00025, 
| epoch = 30 | step =    10 | loss_pnn = 1.664 | loss_cn = 0.00000000 | acc_sim = 0.972 | acc_phy = 0.831 
| epoch = 30 | step =    20 | loss_pnn = 1.661 | loss_cn = 0.00000000 | acc_sim = 0.971 | acc_phy = 0.834 
| epoch = 30 | step =    30 | loss_pnn = 1.663 | loss_cn = 0.00000000 | acc_sim = 0.970 | acc_phy = 0.831 
| epoch = 30 | step =    40 | loss_pnn = 1.664 | loss_cn = 0.00000000 | acc_sim = 0.970 | acc_phy = 0.829 
| epoch = 30 | step =    50 | loss_pnn = 1.663 | loss_cn = 0.00000000 | acc_sim = 0.970 | acc_phy = 0.830 
| epoch = 30 | step =    60 | loss_pnn = 1.661 | loss_cn = 0.00000000 | acc_sim = 0.970 | acc_phy = 0.831 
| epoch = 30 | step =    70 | loss_pnn = 1.661 | loss_cn = 0.00000000 | acc_sim = 0.969 | acc_phy = 0.832 
| epoch = 30 | step =    80 | loss_pnn = 1.661 | loss_cn = 0.00000000 | acc_sim = 0.969 | acc_phy = 0.833 
| epoch = 30 | step =    90 | loss_pnn = 1.661 | loss_cn = 0.00000000 | acc_sim = 0.969 | acc_phy = 0.833 
| epoch = 30 | step =   100 | loss_pnn = 1.661 | loss_cn = 0.00000000 | acc_sim = 0.969 | acc_phy = 0.832 
| epoch = 30 | step =   110 | loss_pnn = 1.661 | loss_cn = 0.00000000 | acc_sim = 0.969 | acc_phy = 0.833 
| epoch = 30 | step =   120 | loss_pnn = 1.661 | loss_cn = 0.00000000 | acc_sim = 0.969 | acc_phy = 0.832 
Phy accuracy of the network on 10000 test images: 0.837


Current training epoch: 31, learning rate for pnn: 0.000125, 
| epoch = 31 | step =    10 | loss_pnn = 1.655 | loss_cn = 0.00000000 | acc_sim = 0.972 | acc_phy = 0.839 
| epoch = 31 | step =    20 | loss_pnn = 1.659 | loss_cn = 0.00000000 | acc_sim = 0.971 | acc_phy = 0.832 
| epoch = 31 | step =    30 | loss_pnn = 1.659 | loss_cn = 0.00000000 | acc_sim = 0.970 | acc_phy = 0.831 
| epoch = 31 | step =    40 | loss_pnn = 1.660 | loss_cn = 0.00000000 | acc_sim = 0.970 | acc_phy = 0.832 
| epoch = 31 | step =    50 | loss_pnn = 1.659 | loss_cn = 0.00000000 | acc_sim = 0.970 | acc_phy = 0.834 
| epoch = 31 | step =    60 | loss_pnn = 1.661 | loss_cn = 0.00000000 | acc_sim = 0.970 | acc_phy = 0.832 
| epoch = 31 | step =    70 | loss_pnn = 1.661 | loss_cn = 0.00000000 | acc_sim = 0.970 | acc_phy = 0.833 
| epoch = 31 | step =    80 | loss_pnn = 1.659 | loss_cn = 0.00000000 | acc_sim = 0.970 | acc_phy = 0.834 
| epoch = 31 | step =    90 | loss_pnn = 1.659 | loss_cn = 0.00000000 | acc_sim = 0.970 | acc_phy = 0.834 
| epoch = 31 | step =   100 | loss_pnn = 1.660 | loss_cn = 0.00000000 | acc_sim = 0.970 | acc_phy = 0.833 
| epoch = 31 | step =   110 | loss_pnn = 1.660 | loss_cn = 0.00000000 | acc_sim = 0.970 | acc_phy = 0.833 
| epoch = 31 | step =   120 | loss_pnn = 1.660 | loss_cn = 0.00000000 | acc_sim = 0.970 | acc_phy = 0.833 
Phy accuracy of the network on 10000 test images: 0.838


Current training epoch: 32, learning rate for pnn: 0.000125, 
| epoch = 32 | step =    10 | loss_pnn = 1.664 | loss_cn = 0.00000000 | acc_sim = 0.971 | acc_phy = 0.831 
| epoch = 32 | step =    20 | loss_pnn = 1.664 | loss_cn = 0.00000000 | acc_sim = 0.972 | acc_phy = 0.831 
| epoch = 32 | step =    30 | loss_pnn = 1.660 | loss_cn = 0.00000000 | acc_sim = 0.971 | acc_phy = 0.834 
| epoch = 32 | step =    40 | loss_pnn = 1.659 | loss_cn = 0.00000000 | acc_sim = 0.972 | acc_phy = 0.835 
| epoch = 32 | step =    50 | loss_pnn = 1.660 | loss_cn = 0.00000000 | acc_sim = 0.972 | acc_phy = 0.833 
| epoch = 32 | step =    60 | loss_pnn = 1.660 | loss_cn = 0.00000000 | acc_sim = 0.971 | acc_phy = 0.834 
| epoch = 32 | step =    70 | loss_pnn = 1.660 | loss_cn = 0.00000000 | acc_sim = 0.971 | acc_phy = 0.833 
| epoch = 32 | step =    80 | loss_pnn = 1.660 | loss_cn = 0.00000000 | acc_sim = 0.971 | acc_phy = 0.834 
| epoch = 32 | step =    90 | loss_pnn = 1.659 | loss_cn = 0.00000000 | acc_sim = 0.971 | acc_phy = 0.835 
| epoch = 32 | step =   100 | loss_pnn = 1.661 | loss_cn = 0.00000000 | acc_sim = 0.970 | acc_phy = 0.833 
| epoch = 32 | step =   110 | loss_pnn = 1.661 | loss_cn = 0.00000000 | acc_sim = 0.970 | acc_phy = 0.832 
| epoch = 32 | step =   120 | loss_pnn = 1.661 | loss_cn = 0.00000000 | acc_sim = 0.970 | acc_phy = 0.832 
Phy accuracy of the network on 10000 test images: 0.838


Current training epoch: 33, learning rate for pnn: 0.000125, 
| epoch = 33 | step =    10 | loss_pnn = 1.662 | loss_cn = 0.00000000 | acc_sim = 0.969 | acc_phy = 0.829 
| epoch = 33 | step =    20 | loss_pnn = 1.659 | loss_cn = 0.00000000 | acc_sim = 0.970 | acc_phy = 0.834 
| epoch = 33 | step =    30 | loss_pnn = 1.661 | loss_cn = 0.00000000 | acc_sim = 0.970 | acc_phy = 0.833 
| epoch = 33 | step =    40 | loss_pnn = 1.661 | loss_cn = 0.00000000 | acc_sim = 0.970 | acc_phy = 0.831 
| epoch = 33 | step =    50 | loss_pnn = 1.663 | loss_cn = 0.00000000 | acc_sim = 0.970 | acc_phy = 0.830 
| epoch = 33 | step =    60 | loss_pnn = 1.664 | loss_cn = 0.00000000 | acc_sim = 0.970 | acc_phy = 0.829 
| epoch = 33 | step =    70 | loss_pnn = 1.663 | loss_cn = 0.00000000 | acc_sim = 0.970 | acc_phy = 0.830 
| epoch = 33 | step =    80 | loss_pnn = 1.663 | loss_cn = 0.00000000 | acc_sim = 0.970 | acc_phy = 0.829 
| epoch = 33 | step =    90 | loss_pnn = 1.662 | loss_cn = 0.00000000 | acc_sim = 0.970 | acc_phy = 0.830 
| epoch = 33 | step =   100 | loss_pnn = 1.662 | loss_cn = 0.00000000 | acc_sim = 0.970 | acc_phy = 0.830 
| epoch = 33 | step =   110 | loss_pnn = 1.661 | loss_cn = 0.00000000 | acc_sim = 0.970 | acc_phy = 0.831 
| epoch = 33 | step =   120 | loss_pnn = 1.661 | loss_cn = 0.00000000 | acc_sim = 0.970 | acc_phy = 0.831 
Phy accuracy of the network on 10000 test images: 0.838


Current training epoch: 34, learning rate for pnn: 0.000125, 
| epoch = 34 | step =    10 | loss_pnn = 1.656 | loss_cn = 0.00000000 | acc_sim = 0.970 | acc_phy = 0.836 
| epoch = 34 | step =    20 | loss_pnn = 1.662 | loss_cn = 0.00000000 | acc_sim = 0.969 | acc_phy = 0.831 
| epoch = 34 | step =    30 | loss_pnn = 1.660 | loss_cn = 0.00000000 | acc_sim = 0.971 | acc_phy = 0.833 
| epoch = 34 | step =    40 | loss_pnn = 1.659 | loss_cn = 0.00000000 | acc_sim = 0.971 | acc_phy = 0.833 
| epoch = 34 | step =    50 | loss_pnn = 1.659 | loss_cn = 0.00000000 | acc_sim = 0.971 | acc_phy = 0.833 
| epoch = 34 | step =    60 | loss_pnn = 1.659 | loss_cn = 0.00000000 | acc_sim = 0.971 | acc_phy = 0.834 
| epoch = 34 | step =    70 | loss_pnn = 1.659 | loss_cn = 0.00000000 | acc_sim = 0.971 | acc_phy = 0.833 
| epoch = 34 | step =    80 | loss_pnn = 1.659 | loss_cn = 0.00000000 | acc_sim = 0.970 | acc_phy = 0.833 
| epoch = 34 | step =    90 | loss_pnn = 1.659 | loss_cn = 0.00000000 | acc_sim = 0.970 | acc_phy = 0.833 
| epoch = 34 | step =   100 | loss_pnn = 1.659 | loss_cn = 0.00000000 | acc_sim = 0.970 | acc_phy = 0.834 
| epoch = 34 | step =   110 | loss_pnn = 1.660 | loss_cn = 0.00000000 | acc_sim = 0.970 | acc_phy = 0.833 
| epoch = 34 | step =   120 | loss_pnn = 1.661 | loss_cn = 0.00000000 | acc_sim = 0.970 | acc_phy = 0.832 
Phy accuracy of the network on 10000 test images: 0.831


Current training epoch: 35, learning rate for pnn: 0.000125, 
| epoch = 35 | step =    10 | loss_pnn = 1.664 | loss_cn = 0.00000000 | acc_sim = 0.974 | acc_phy = 0.827 
| epoch = 35 | step =    20 | loss_pnn = 1.662 | loss_cn = 0.00000000 | acc_sim = 0.972 | acc_phy = 0.831 
| epoch = 35 | step =    30 | loss_pnn = 1.666 | loss_cn = 0.00000000 | acc_sim = 0.971 | acc_phy = 0.826 
| epoch = 35 | step =    40 | loss_pnn = 1.665 | loss_cn = 0.00000000 | acc_sim = 0.971 | acc_phy = 0.826 
| epoch = 35 | step =    50 | loss_pnn = 1.664 | loss_cn = 0.00000000 | acc_sim = 0.971 | acc_phy = 0.829 
| epoch = 35 | step =    60 | loss_pnn = 1.662 | loss_cn = 0.00000000 | acc_sim = 0.971 | acc_phy = 0.831 
| epoch = 35 | step =    70 | loss_pnn = 1.661 | loss_cn = 0.00000000 | acc_sim = 0.971 | acc_phy = 0.832 
| epoch = 35 | step =    80 | loss_pnn = 1.661 | loss_cn = 0.00000000 | acc_sim = 0.971 | acc_phy = 0.831 
| epoch = 35 | step =    90 | loss_pnn = 1.661 | loss_cn = 0.00000000 | acc_sim = 0.971 | acc_phy = 0.832 
| epoch = 35 | step =   100 | loss_pnn = 1.662 | loss_cn = 0.00000000 | acc_sim = 0.971 | acc_phy = 0.831 
| epoch = 35 | step =   110 | loss_pnn = 1.663 | loss_cn = 0.00000000 | acc_sim = 0.971 | acc_phy = 0.830 
| epoch = 35 | step =   120 | loss_pnn = 1.663 | loss_cn = 0.00000000 | acc_sim = 0.970 | acc_phy = 0.830 
Phy accuracy of the network on 10000 test images: 0.831


Current training epoch: 36, learning rate for pnn: 0.000125, 
| epoch = 36 | step =    10 | loss_pnn = 1.667 | loss_cn = 0.00000000 | acc_sim = 0.970 | acc_phy = 0.823 
| epoch = 36 | step =    20 | loss_pnn = 1.662 | loss_cn = 0.00000000 | acc_sim = 0.972 | acc_phy = 0.831 
| epoch = 36 | step =    30 | loss_pnn = 1.663 | loss_cn = 0.00000000 | acc_sim = 0.971 | acc_phy = 0.830 
| epoch = 36 | step =    40 | loss_pnn = 1.661 | loss_cn = 0.00000000 | acc_sim = 0.970 | acc_phy = 0.832 
| epoch = 36 | step =    50 | loss_pnn = 1.661 | loss_cn = 0.00000000 | acc_sim = 0.971 | acc_phy = 0.831 
| epoch = 36 | step =    60 | loss_pnn = 1.661 | loss_cn = 0.00000000 | acc_sim = 0.970 | acc_phy = 0.831 
| epoch = 36 | step =    70 | loss_pnn = 1.662 | loss_cn = 0.00000000 | acc_sim = 0.970 | acc_phy = 0.830 
| epoch = 36 | step =    80 | loss_pnn = 1.662 | loss_cn = 0.00000000 | acc_sim = 0.970 | acc_phy = 0.831 
| epoch = 36 | step =    90 | loss_pnn = 1.661 | loss_cn = 0.00000000 | acc_sim = 0.971 | acc_phy = 0.832 
| epoch = 36 | step =   100 | loss_pnn = 1.662 | loss_cn = 0.00000000 | acc_sim = 0.971 | acc_phy = 0.831 
| epoch = 36 | step =   110 | loss_pnn = 1.662 | loss_cn = 0.00000000 | acc_sim = 0.971 | acc_phy = 0.831 
| epoch = 36 | step =   120 | loss_pnn = 1.662 | loss_cn = 0.00000000 | acc_sim = 0.971 | acc_phy = 0.831 
Phy accuracy of the network on 10000 test images: 0.832


Current training epoch: 37, learning rate for pnn: 0.000125, 
| epoch = 37 | step =    10 | loss_pnn = 1.658 | loss_cn = 0.00000000 | acc_sim = 0.970 | acc_phy = 0.840 
| epoch = 37 | step =    20 | loss_pnn = 1.659 | loss_cn = 0.00000000 | acc_sim = 0.970 | acc_phy = 0.836 
| epoch = 37 | step =    30 | loss_pnn = 1.659 | loss_cn = 0.00000000 | acc_sim = 0.970 | acc_phy = 0.835 
| epoch = 37 | step =    40 | loss_pnn = 1.661 | loss_cn = 0.00000000 | acc_sim = 0.970 | acc_phy = 0.832 
| epoch = 37 | step =    50 | loss_pnn = 1.661 | loss_cn = 0.00000000 | acc_sim = 0.970 | acc_phy = 0.833 
| epoch = 37 | step =    60 | loss_pnn = 1.661 | loss_cn = 0.00000000 | acc_sim = 0.971 | acc_phy = 0.834 
| epoch = 37 | step =    70 | loss_pnn = 1.661 | loss_cn = 0.00000000 | acc_sim = 0.970 | acc_phy = 0.833 
| epoch = 37 | step =    80 | loss_pnn = 1.661 | loss_cn = 0.00000000 | acc_sim = 0.970 | acc_phy = 0.832 
| epoch = 37 | step =    90 | loss_pnn = 1.662 | loss_cn = 0.00000000 | acc_sim = 0.970 | acc_phy = 0.832 
| epoch = 37 | step =   100 | loss_pnn = 1.662 | loss_cn = 0.00000000 | acc_sim = 0.970 | acc_phy = 0.831 
| epoch = 37 | step =   110 | loss_pnn = 1.663 | loss_cn = 0.00000000 | acc_sim = 0.970 | acc_phy = 0.831 
| epoch = 37 | step =   120 | loss_pnn = 1.663 | loss_cn = 0.00000000 | acc_sim = 0.970 | acc_phy = 0.830 
Phy accuracy of the network on 10000 test images: 0.834


Current training epoch: 38, learning rate for pnn: 0.000125, 
| epoch = 38 | step =    10 | loss_pnn = 1.660 | loss_cn = 0.00000000 | acc_sim = 0.971 | acc_phy = 0.831 
| epoch = 38 | step =    20 | loss_pnn = 1.660 | loss_cn = 0.00000000 | acc_sim = 0.971 | acc_phy = 0.833 
| epoch = 38 | step =    30 | loss_pnn = 1.660 | loss_cn = 0.00000000 | acc_sim = 0.971 | acc_phy = 0.833 
| epoch = 38 | step =    40 | loss_pnn = 1.660 | loss_cn = 0.00000000 | acc_sim = 0.971 | acc_phy = 0.835 
| epoch = 38 | step =    50 | loss_pnn = 1.662 | loss_cn = 0.00000000 | acc_sim = 0.970 | acc_phy = 0.832 
| epoch = 38 | step =    60 | loss_pnn = 1.663 | loss_cn = 0.00000000 | acc_sim = 0.971 | acc_phy = 0.831 
| epoch = 38 | step =    70 | loss_pnn = 1.663 | loss_cn = 0.00000000 | acc_sim = 0.971 | acc_phy = 0.830 
| epoch = 38 | step =    80 | loss_pnn = 1.663 | loss_cn = 0.00000000 | acc_sim = 0.971 | acc_phy = 0.831 
| epoch = 38 | step =    90 | loss_pnn = 1.663 | loss_cn = 0.00000000 | acc_sim = 0.971 | acc_phy = 0.831 
| epoch = 38 | step =   100 | loss_pnn = 1.664 | loss_cn = 0.00000000 | acc_sim = 0.970 | acc_phy = 0.829 
| epoch = 38 | step =   110 | loss_pnn = 1.664 | loss_cn = 0.00000000 | acc_sim = 0.971 | acc_phy = 0.829 
| epoch = 38 | step =   120 | loss_pnn = 1.663 | loss_cn = 0.00000000 | acc_sim = 0.970 | acc_phy = 0.830 
Phy accuracy of the network on 10000 test images: 0.839


Current training epoch: 39, learning rate for pnn: 0.000125, 
| epoch = 39 | step =    10 | loss_pnn = 1.660 | loss_cn = 0.00000000 | acc_sim = 0.969 | acc_phy = 0.833 
| epoch = 39 | step =    20 | loss_pnn = 1.665 | loss_cn = 0.00000000 | acc_sim = 0.970 | acc_phy = 0.828 
| epoch = 39 | step =    30 | loss_pnn = 1.665 | loss_cn = 0.00000000 | acc_sim = 0.970 | acc_phy = 0.828 
| epoch = 39 | step =    40 | loss_pnn = 1.664 | loss_cn = 0.00000000 | acc_sim = 0.970 | acc_phy = 0.828 
| epoch = 39 | step =    50 | loss_pnn = 1.664 | loss_cn = 0.00000000 | acc_sim = 0.970 | acc_phy = 0.827 
| epoch = 39 | step =    60 | loss_pnn = 1.664 | loss_cn = 0.00000000 | acc_sim = 0.970 | acc_phy = 0.828 
| epoch = 39 | step =    70 | loss_pnn = 1.664 | loss_cn = 0.00000000 | acc_sim = 0.970 | acc_phy = 0.828 
| epoch = 39 | step =    80 | loss_pnn = 1.664 | loss_cn = 0.00000000 | acc_sim = 0.970 | acc_phy = 0.828 
| epoch = 39 | step =    90 | loss_pnn = 1.663 | loss_cn = 0.00000000 | acc_sim = 0.971 | acc_phy = 0.829 
| epoch = 39 | step =   100 | loss_pnn = 1.662 | loss_cn = 0.00000000 | acc_sim = 0.971 | acc_phy = 0.830 
| epoch = 39 | step =   110 | loss_pnn = 1.663 | loss_cn = 0.00000000 | acc_sim = 0.971 | acc_phy = 0.830 
| epoch = 39 | step =   120 | loss_pnn = 1.663 | loss_cn = 0.00000000 | acc_sim = 0.971 | acc_phy = 0.830 
Phy accuracy of the network on 10000 test images: 0.832


Current training epoch: 40, learning rate for pnn: 0.000125, 
| epoch = 40 | step =    10 | loss_pnn = 1.661 | loss_cn = 0.00000000 | acc_sim = 0.970 | acc_phy = 0.834 
| epoch = 40 | step =    20 | loss_pnn = 1.662 | loss_cn = 0.00000000 | acc_sim = 0.972 | acc_phy = 0.834 
| epoch = 40 | step =    30 | loss_pnn = 1.661 | loss_cn = 0.00000000 | acc_sim = 0.972 | acc_phy = 0.835 
| epoch = 40 | step =    40 | loss_pnn = 1.662 | loss_cn = 0.00000000 | acc_sim = 0.972 | acc_phy = 0.833 
| epoch = 40 | step =    50 | loss_pnn = 1.662 | loss_cn = 0.00000000 | acc_sim = 0.972 | acc_phy = 0.832 
| epoch = 40 | step =    60 | loss_pnn = 1.663 | loss_cn = 0.00000000 | acc_sim = 0.971 | acc_phy = 0.830 
| epoch = 40 | step =    70 | loss_pnn = 1.663 | loss_cn = 0.00000000 | acc_sim = 0.971 | acc_phy = 0.830 
| epoch = 40 | step =    80 | loss_pnn = 1.665 | loss_cn = 0.00000000 | acc_sim = 0.970 | acc_phy = 0.828 
| epoch = 40 | step =    90 | loss_pnn = 1.664 | loss_cn = 0.00000000 | acc_sim = 0.970 | acc_phy = 0.829 
| epoch = 40 | step =   100 | loss_pnn = 1.665 | loss_cn = 0.00000000 | acc_sim = 0.970 | acc_phy = 0.828 
| epoch = 40 | step =   110 | loss_pnn = 1.665 | loss_cn = 0.00000000 | acc_sim = 0.971 | acc_phy = 0.828 
| epoch = 40 | step =   120 | loss_pnn = 1.664 | loss_cn = 0.00000000 | acc_sim = 0.971 | acc_phy = 0.828 
Phy accuracy of the network on 10000 test images: 0.838


Current training epoch: 41, learning rate for pnn: 6.25e-05, 
| epoch = 41 | step =    10 | loss_pnn = 1.654 | loss_cn = 0.00000000 | acc_sim = 0.972 | acc_phy = 0.838 
| epoch = 41 | step =    20 | loss_pnn = 1.657 | loss_cn = 0.00000000 | acc_sim = 0.972 | acc_phy = 0.838 
| epoch = 41 | step =    30 | loss_pnn = 1.661 | loss_cn = 0.00000000 | acc_sim = 0.971 | acc_phy = 0.834 
| epoch = 41 | step =    40 | loss_pnn = 1.662 | loss_cn = 0.00000000 | acc_sim = 0.971 | acc_phy = 0.831 
| epoch = 41 | step =    50 | loss_pnn = 1.662 | loss_cn = 0.00000000 | acc_sim = 0.971 | acc_phy = 0.831 
| epoch = 41 | step =    60 | loss_pnn = 1.661 | loss_cn = 0.00000000 | acc_sim = 0.971 | acc_phy = 0.831 
| epoch = 41 | step =    70 | loss_pnn = 1.662 | loss_cn = 0.00000000 | acc_sim = 0.971 | acc_phy = 0.830 
| epoch = 41 | step =    80 | loss_pnn = 1.662 | loss_cn = 0.00000000 | acc_sim = 0.971 | acc_phy = 0.831 
| epoch = 41 | step =    90 | loss_pnn = 1.661 | loss_cn = 0.00000000 | acc_sim = 0.971 | acc_phy = 0.832 
| epoch = 41 | step =   100 | loss_pnn = 1.662 | loss_cn = 0.00000000 | acc_sim = 0.971 | acc_phy = 0.831 
| epoch = 41 | step =   110 | loss_pnn = 1.662 | loss_cn = 0.00000000 | acc_sim = 0.971 | acc_phy = 0.831 
| epoch = 41 | step =   120 | loss_pnn = 1.663 | loss_cn = 0.00000000 | acc_sim = 0.971 | acc_phy = 0.831 
Phy accuracy of the network on 10000 test images: 0.831


Current training epoch: 42, learning rate for pnn: 6.25e-05, 
| epoch = 42 | step =    10 | loss_pnn = 1.662 | loss_cn = 0.00000000 | acc_sim = 0.975 | acc_phy = 0.834 
| epoch = 42 | step =    20 | loss_pnn = 1.661 | loss_cn = 0.00000000 | acc_sim = 0.973 | acc_phy = 0.832 
| epoch = 42 | step =    30 | loss_pnn = 1.663 | loss_cn = 0.00000000 | acc_sim = 0.971 | acc_phy = 0.829 
| epoch = 42 | step =    40 | loss_pnn = 1.663 | loss_cn = 0.00000000 | acc_sim = 0.972 | acc_phy = 0.831 
| epoch = 42 | step =    50 | loss_pnn = 1.662 | loss_cn = 0.00000000 | acc_sim = 0.971 | acc_phy = 0.831 
| epoch = 42 | step =    60 | loss_pnn = 1.662 | loss_cn = 0.00000000 | acc_sim = 0.971 | acc_phy = 0.831 
| epoch = 42 | step =    70 | loss_pnn = 1.663 | loss_cn = 0.00000000 | acc_sim = 0.971 | acc_phy = 0.830 
| epoch = 42 | step =    80 | loss_pnn = 1.664 | loss_cn = 0.00000000 | acc_sim = 0.971 | acc_phy = 0.830 
| epoch = 42 | step =    90 | loss_pnn = 1.663 | loss_cn = 0.00000000 | acc_sim = 0.971 | acc_phy = 0.830 
| epoch = 42 | step =   100 | loss_pnn = 1.663 | loss_cn = 0.00000000 | acc_sim = 0.971 | acc_phy = 0.830 
| epoch = 42 | step =   110 | loss_pnn = 1.663 | loss_cn = 0.00000000 | acc_sim = 0.971 | acc_phy = 0.830 
| epoch = 42 | step =   120 | loss_pnn = 1.664 | loss_cn = 0.00000000 | acc_sim = 0.971 | acc_phy = 0.829 
Phy accuracy of the network on 10000 test images: 0.830


Current training epoch: 43, learning rate for pnn: 6.25e-05, 
| epoch = 43 | step =    10 | loss_pnn = 1.665 | loss_cn = 0.00000000 | acc_sim = 0.974 | acc_phy = 0.829 
| epoch = 43 | step =    20 | loss_pnn = 1.665 | loss_cn = 0.00000000 | acc_sim = 0.973 | acc_phy = 0.826 
| epoch = 43 | step =    30 | loss_pnn = 1.663 | loss_cn = 0.00000000 | acc_sim = 0.974 | acc_phy = 0.828 
| epoch = 43 | step =    40 | loss_pnn = 1.663 | loss_cn = 0.00000000 | acc_sim = 0.973 | acc_phy = 0.830 
| epoch = 43 | step =    50 | loss_pnn = 1.663 | loss_cn = 0.00000000 | acc_sim = 0.972 | acc_phy = 0.829 
| epoch = 43 | step =    60 | loss_pnn = 1.664 | loss_cn = 0.00000000 | acc_sim = 0.972 | acc_phy = 0.830 
| epoch = 43 | step =    70 | loss_pnn = 1.663 | loss_cn = 0.00000000 | acc_sim = 0.972 | acc_phy = 0.831 
| epoch = 43 | step =    80 | loss_pnn = 1.663 | loss_cn = 0.00000000 | acc_sim = 0.972 | acc_phy = 0.830 
| epoch = 43 | step =    90 | loss_pnn = 1.664 | loss_cn = 0.00000000 | acc_sim = 0.971 | acc_phy = 0.829 
| epoch = 43 | step =   100 | loss_pnn = 1.664 | loss_cn = 0.00000000 | acc_sim = 0.971 | acc_phy = 0.829 
| epoch = 43 | step =   110 | loss_pnn = 1.664 | loss_cn = 0.00000000 | acc_sim = 0.971 | acc_phy = 0.828 
| epoch = 43 | step =   120 | loss_pnn = 1.664 | loss_cn = 0.00000000 | acc_sim = 0.971 | acc_phy = 0.829 
Phy accuracy of the network on 10000 test images: 0.833


Current training epoch: 44, learning rate for pnn: 6.25e-05, 
| epoch = 44 | step =    10 | loss_pnn = 1.661 | loss_cn = 0.00000000 | acc_sim = 0.972 | acc_phy = 0.837 
| epoch = 44 | step =    20 | loss_pnn = 1.666 | loss_cn = 0.00000000 | acc_sim = 0.971 | acc_phy = 0.830 
| epoch = 44 | step =    30 | loss_pnn = 1.666 | loss_cn = 0.00000000 | acc_sim = 0.971 | acc_phy = 0.830 
| epoch = 44 | step =    40 | loss_pnn = 1.667 | loss_cn = 0.00000000 | acc_sim = 0.971 | acc_phy = 0.828 
| epoch = 44 | step =    50 | loss_pnn = 1.665 | loss_cn = 0.00000000 | acc_sim = 0.971 | acc_phy = 0.830 
| epoch = 44 | step =    60 | loss_pnn = 1.664 | loss_cn = 0.00000000 | acc_sim = 0.972 | acc_phy = 0.830 
| epoch = 44 | step =    70 | loss_pnn = 1.664 | loss_cn = 0.00000000 | acc_sim = 0.972 | acc_phy = 0.830 
| epoch = 44 | step =    80 | loss_pnn = 1.665 | loss_cn = 0.00000000 | acc_sim = 0.972 | acc_phy = 0.828 
| epoch = 44 | step =    90 | loss_pnn = 1.665 | loss_cn = 0.00000000 | acc_sim = 0.971 | acc_phy = 0.828 
| epoch = 44 | step =   100 | loss_pnn = 1.665 | loss_cn = 0.00000000 | acc_sim = 0.972 | acc_phy = 0.829 
| epoch = 44 | step =   110 | loss_pnn = 1.665 | loss_cn = 0.00000000 | acc_sim = 0.971 | acc_phy = 0.828 
| epoch = 44 | step =   120 | loss_pnn = 1.665 | loss_cn = 0.00000000 | acc_sim = 0.971 | acc_phy = 0.828 
Phy accuracy of the network on 10000 test images: 0.833


Current training epoch: 45, learning rate for pnn: 6.25e-05, 
| epoch = 45 | step =    10 | loss_pnn = 1.666 | loss_cn = 0.00000000 | acc_sim = 0.972 | acc_phy = 0.826 
| epoch = 45 | step =    20 | loss_pnn = 1.663 | loss_cn = 0.00000000 | acc_sim = 0.973 | acc_phy = 0.829 
| epoch = 45 | step =    30 | loss_pnn = 1.664 | loss_cn = 0.00000000 | acc_sim = 0.972 | acc_phy = 0.827 
| epoch = 45 | step =    40 | loss_pnn = 1.663 | loss_cn = 0.00000000 | acc_sim = 0.972 | acc_phy = 0.829 
| epoch = 45 | step =    50 | loss_pnn = 1.665 | loss_cn = 0.00000000 | acc_sim = 0.971 | acc_phy = 0.827 
| epoch = 45 | step =    60 | loss_pnn = 1.664 | loss_cn = 0.00000000 | acc_sim = 0.972 | acc_phy = 0.829 
| epoch = 45 | step =    70 | loss_pnn = 1.663 | loss_cn = 0.00000000 | acc_sim = 0.972 | acc_phy = 0.830 
| epoch = 45 | step =    80 | loss_pnn = 1.664 | loss_cn = 0.00000000 | acc_sim = 0.971 | acc_phy = 0.829 
| epoch = 45 | step =    90 | loss_pnn = 1.664 | loss_cn = 0.00000000 | acc_sim = 0.971 | acc_phy = 0.829 
| epoch = 45 | step =   100 | loss_pnn = 1.664 | loss_cn = 0.00000000 | acc_sim = 0.971 | acc_phy = 0.829 
| epoch = 45 | step =   110 | loss_pnn = 1.664 | loss_cn = 0.00000000 | acc_sim = 0.971 | acc_phy = 0.829 
| epoch = 45 | step =   120 | loss_pnn = 1.664 | loss_cn = 0.00000000 | acc_sim = 0.971 | acc_phy = 0.829 
Phy accuracy of the network on 10000 test images: 0.833


Current training epoch: 46, learning rate for pnn: 6.25e-05, 
| epoch = 46 | step =    10 | loss_pnn = 1.666 | loss_cn = 0.00000000 | acc_sim = 0.972 | acc_phy = 0.826 
| epoch = 46 | step =    20 | loss_pnn = 1.665 | loss_cn = 0.00000000 | acc_sim = 0.971 | acc_phy = 0.827 
| epoch = 46 | step =    30 | loss_pnn = 1.666 | loss_cn = 0.00000000 | acc_sim = 0.972 | acc_phy = 0.826 
| epoch = 46 | step =    40 | loss_pnn = 1.666 | loss_cn = 0.00000000 | acc_sim = 0.972 | acc_phy = 0.826 
| epoch = 46 | step =    50 | loss_pnn = 1.667 | loss_cn = 0.00000000 | acc_sim = 0.972 | acc_phy = 0.825 
| epoch = 46 | step =    60 | loss_pnn = 1.667 | loss_cn = 0.00000000 | acc_sim = 0.971 | acc_phy = 0.826 
| epoch = 46 | step =    70 | loss_pnn = 1.667 | loss_cn = 0.00000000 | acc_sim = 0.972 | acc_phy = 0.826 
| epoch = 46 | step =    80 | loss_pnn = 1.666 | loss_cn = 0.00000000 | acc_sim = 0.971 | acc_phy = 0.826 
| epoch = 46 | step =    90 | loss_pnn = 1.666 | loss_cn = 0.00000000 | acc_sim = 0.972 | acc_phy = 0.826 
| epoch = 46 | step =   100 | loss_pnn = 1.665 | loss_cn = 0.00000000 | acc_sim = 0.972 | acc_phy = 0.827 
| epoch = 46 | step =   110 | loss_pnn = 1.665 | loss_cn = 0.00000000 | acc_sim = 0.972 | acc_phy = 0.828 
| epoch = 46 | step =   120 | loss_pnn = 1.664 | loss_cn = 0.00000000 | acc_sim = 0.971 | acc_phy = 0.828 
Phy accuracy of the network on 10000 test images: 0.832


Current training epoch: 47, learning rate for pnn: 6.25e-05, 
| epoch = 47 | step =    10 | loss_pnn = 1.663 | loss_cn = 0.00000000 | acc_sim = 0.969 | acc_phy = 0.830 
| epoch = 47 | step =    20 | loss_pnn = 1.666 | loss_cn = 0.00000000 | acc_sim = 0.971 | acc_phy = 0.827 
| epoch = 47 | step =    30 | loss_pnn = 1.666 | loss_cn = 0.00000000 | acc_sim = 0.971 | acc_phy = 0.827 
| epoch = 47 | step =    40 | loss_pnn = 1.664 | loss_cn = 0.00000000 | acc_sim = 0.972 | acc_phy = 0.828 
| epoch = 47 | step =    50 | loss_pnn = 1.663 | loss_cn = 0.00000000 | acc_sim = 0.972 | acc_phy = 0.830 
| epoch = 47 | step =    60 | loss_pnn = 1.664 | loss_cn = 0.00000000 | acc_sim = 0.972 | acc_phy = 0.830 
| epoch = 47 | step =    70 | loss_pnn = 1.664 | loss_cn = 0.00000000 | acc_sim = 0.972 | acc_phy = 0.829 
| epoch = 47 | step =    80 | loss_pnn = 1.663 | loss_cn = 0.00000000 | acc_sim = 0.971 | acc_phy = 0.830 
| epoch = 47 | step =    90 | loss_pnn = 1.664 | loss_cn = 0.00000000 | acc_sim = 0.972 | acc_phy = 0.829 
| epoch = 47 | step =   100 | loss_pnn = 1.664 | loss_cn = 0.00000000 | acc_sim = 0.972 | acc_phy = 0.830 
| epoch = 47 | step =   110 | loss_pnn = 1.664 | loss_cn = 0.00000000 | acc_sim = 0.971 | acc_phy = 0.830 
| epoch = 47 | step =   120 | loss_pnn = 1.664 | loss_cn = 0.00000000 | acc_sim = 0.971 | acc_phy = 0.829 
Phy accuracy of the network on 10000 test images: 0.831


Current training epoch: 48, learning rate for pnn: 6.25e-05, 
| epoch = 48 | step =    10 | loss_pnn = 1.660 | loss_cn = 0.00000000 | acc_sim = 0.975 | acc_phy = 0.832 
| epoch = 48 | step =    20 | loss_pnn = 1.663 | loss_cn = 0.00000000 | acc_sim = 0.975 | acc_phy = 0.829 
| epoch = 48 | step =    30 | loss_pnn = 1.664 | loss_cn = 0.00000000 | acc_sim = 0.975 | acc_phy = 0.828 
| epoch = 48 | step =    40 | loss_pnn = 1.664 | loss_cn = 0.00000000 | acc_sim = 0.973 | acc_phy = 0.829 
| epoch = 48 | step =    50 | loss_pnn = 1.664 | loss_cn = 0.00000000 | acc_sim = 0.973 | acc_phy = 0.830 
| epoch = 48 | step =    60 | loss_pnn = 1.665 | loss_cn = 0.00000000 | acc_sim = 0.973 | acc_phy = 0.828 
| epoch = 48 | step =    70 | loss_pnn = 1.665 | loss_cn = 0.00000000 | acc_sim = 0.972 | acc_phy = 0.828 
| epoch = 48 | step =    80 | loss_pnn = 1.665 | loss_cn = 0.00000000 | acc_sim = 0.972 | acc_phy = 0.828 
| epoch = 48 | step =    90 | loss_pnn = 1.665 | loss_cn = 0.00000000 | acc_sim = 0.972 | acc_phy = 0.828 
| epoch = 48 | step =   100 | loss_pnn = 1.665 | loss_cn = 0.00000000 | acc_sim = 0.972 | acc_phy = 0.828 
| epoch = 48 | step =   110 | loss_pnn = 1.665 | loss_cn = 0.00000000 | acc_sim = 0.971 | acc_phy = 0.828 
| epoch = 48 | step =   120 | loss_pnn = 1.665 | loss_cn = 0.00000000 | acc_sim = 0.971 | acc_phy = 0.828 
Phy accuracy of the network on 10000 test images: 0.832


Current training epoch: 49, learning rate for pnn: 6.25e-05, 
| epoch = 49 | step =    10 | loss_pnn = 1.667 | loss_cn = 0.00000000 | acc_sim = 0.974 | acc_phy = 0.827 
| epoch = 49 | step =    20 | loss_pnn = 1.663 | loss_cn = 0.00000000 | acc_sim = 0.972 | acc_phy = 0.829 
| epoch = 49 | step =    30 | loss_pnn = 1.662 | loss_cn = 0.00000000 | acc_sim = 0.972 | acc_phy = 0.831 
| epoch = 49 | step =    40 | loss_pnn = 1.663 | loss_cn = 0.00000000 | acc_sim = 0.971 | acc_phy = 0.830 
| epoch = 49 | step =    50 | loss_pnn = 1.663 | loss_cn = 0.00000000 | acc_sim = 0.971 | acc_phy = 0.830 
| epoch = 49 | step =    60 | loss_pnn = 1.663 | loss_cn = 0.00000000 | acc_sim = 0.971 | acc_phy = 0.830 
| epoch = 49 | step =    70 | loss_pnn = 1.663 | loss_cn = 0.00000000 | acc_sim = 0.972 | acc_phy = 0.829 
| epoch = 49 | step =    80 | loss_pnn = 1.664 | loss_cn = 0.00000000 | acc_sim = 0.972 | acc_phy = 0.829 
| epoch = 49 | step =    90 | loss_pnn = 1.664 | loss_cn = 0.00000000 | acc_sim = 0.972 | acc_phy = 0.829 
| epoch = 49 | step =   100 | loss_pnn = 1.665 | loss_cn = 0.00000000 | acc_sim = 0.971 | acc_phy = 0.828 
| epoch = 49 | step =   110 | loss_pnn = 1.664 | loss_cn = 0.00000000 | acc_sim = 0.972 | acc_phy = 0.829 
| epoch = 49 | step =   120 | loss_pnn = 1.665 | loss_cn = 0.00000000 | acc_sim = 0.972 | acc_phy = 0.828 
Phy accuracy of the network on 10000 test images: 0.830


Current training epoch: 50, learning rate for pnn: 6.25e-05, 
| epoch = 50 | step =    10 | loss_pnn = 1.664 | loss_cn = 0.00000000 | acc_sim = 0.976 | acc_phy = 0.829 
| epoch = 50 | step =    20 | loss_pnn = 1.665 | loss_cn = 0.00000000 | acc_sim = 0.975 | acc_phy = 0.827 
| epoch = 50 | step =    30 | loss_pnn = 1.665 | loss_cn = 0.00000000 | acc_sim = 0.974 | acc_phy = 0.827 
| epoch = 50 | step =    40 | loss_pnn = 1.668 | loss_cn = 0.00000000 | acc_sim = 0.973 | acc_phy = 0.824 
| epoch = 50 | step =    50 | loss_pnn = 1.666 | loss_cn = 0.00000000 | acc_sim = 0.973 | acc_phy = 0.827 
| epoch = 50 | step =    60 | loss_pnn = 1.666 | loss_cn = 0.00000000 | acc_sim = 0.972 | acc_phy = 0.826 
| epoch = 50 | step =    70 | loss_pnn = 1.667 | loss_cn = 0.00000000 | acc_sim = 0.972 | acc_phy = 0.826 
| epoch = 50 | step =    80 | loss_pnn = 1.666 | loss_cn = 0.00000000 | acc_sim = 0.972 | acc_phy = 0.827 
| epoch = 50 | step =    90 | loss_pnn = 1.666 | loss_cn = 0.00000000 | acc_sim = 0.972 | acc_phy = 0.827 
| epoch = 50 | step =   100 | loss_pnn = 1.666 | loss_cn = 0.00000000 | acc_sim = 0.972 | acc_phy = 0.828 
| epoch = 50 | step =   110 | loss_pnn = 1.666 | loss_cn = 0.00000000 | acc_sim = 0.972 | acc_phy = 0.827 
| epoch = 50 | step =   120 | loss_pnn = 1.666 | loss_cn = 0.00000000 | acc_sim = 0.971 | acc_phy = 0.827 
Phy accuracy of the network on 10000 test images: 0.831

Finished training. Elapsed time of training = 1:10:16.606673
