Training new model from scratch......
--------------------------
Training with SEPN
--------------------------

Current training epoch: 1, learning rate for pnn: 0.001, 
| epoch = 1 | step =    10 | loss_pnn = 2.288 | loss_cn = 0.00000000 | acc_sim = 0.249 | acc_phy = 0.150 
| epoch = 1 | step =    20 | loss_pnn = 2.269 | loss_cn = 0.00000000 | acc_sim = 0.358 | acc_phy = 0.204 
| epoch = 1 | step =    30 | loss_pnn = 2.249 | loss_cn = 0.00000000 | acc_sim = 0.451 | acc_phy = 0.248 
| epoch = 1 | step =    40 | loss_pnn = 2.232 | loss_cn = 0.00000000 | acc_sim = 0.519 | acc_phy = 0.287 
| epoch = 1 | step =    50 | loss_pnn = 2.218 | loss_cn = 0.00000000 | acc_sim = 0.573 | acc_phy = 0.321 
| epoch = 1 | step =    60 | loss_pnn = 2.206 | loss_cn = 0.00000000 | acc_sim = 0.614 | acc_phy = 0.350 
| epoch = 1 | step =    70 | loss_pnn = 2.195 | loss_cn = 0.00000000 | acc_sim = 0.648 | acc_phy = 0.375 
| epoch = 1 | step =    80 | loss_pnn = 2.185 | loss_cn = 0.00000000 | acc_sim = 0.674 | acc_phy = 0.397 
| epoch = 1 | step =    90 | loss_pnn = 2.175 | loss_cn = 0.00000000 | acc_sim = 0.694 | acc_phy = 0.417 
| epoch = 1 | step =   100 | loss_pnn = 2.166 | loss_cn = 0.00000000 | acc_sim = 0.713 | acc_phy = 0.436 
| epoch = 1 | step =   110 | loss_pnn = 2.158 | loss_cn = 0.00000000 | acc_sim = 0.729 | acc_phy = 0.451 
| epoch = 1 | step =   120 | loss_pnn = 2.151 | loss_cn = 0.00000000 | acc_sim = 0.742 | acc_phy = 0.465 

Current training epoch: 2, learning rate for pnn: 0.001, 
| epoch = 2 | step =    10 | loss_pnn = 2.059 | loss_cn = 0.00000000 | acc_sim = 0.889 | acc_phy = 0.616 
| epoch = 2 | step =    20 | loss_pnn = 2.054 | loss_cn = 0.00000000 | acc_sim = 0.889 | acc_phy = 0.622 
| epoch = 2 | step =    30 | loss_pnn = 2.050 | loss_cn = 0.00000000 | acc_sim = 0.892 | acc_phy = 0.622 
| epoch = 2 | step =    40 | loss_pnn = 2.045 | loss_cn = 0.00000000 | acc_sim = 0.895 | acc_phy = 0.628 
| epoch = 2 | step =    50 | loss_pnn = 2.042 | loss_cn = 0.00000000 | acc_sim = 0.896 | acc_phy = 0.631 
| epoch = 2 | step =    60 | loss_pnn = 2.037 | loss_cn = 0.00000000 | acc_sim = 0.897 | acc_phy = 0.635 
| epoch = 2 | step =    70 | loss_pnn = 2.035 | loss_cn = 0.00000000 | acc_sim = 0.898 | acc_phy = 0.635 
| epoch = 2 | step =    80 | loss_pnn = 2.032 | loss_cn = 0.00000000 | acc_sim = 0.898 | acc_phy = 0.636 
| epoch = 2 | step =    90 | loss_pnn = 2.028 | loss_cn = 0.00000000 | acc_sim = 0.899 | acc_phy = 0.638 
| epoch = 2 | step =   100 | loss_pnn = 2.024 | loss_cn = 0.00000000 | acc_sim = 0.901 | acc_phy = 0.642 
| epoch = 2 | step =   110 | loss_pnn = 2.021 | loss_cn = 0.00000000 | acc_sim = 0.901 | acc_phy = 0.643 
| epoch = 2 | step =   120 | loss_pnn = 2.018 | loss_cn = 0.00000000 | acc_sim = 0.902 | acc_phy = 0.645 

Current training epoch: 3, learning rate for pnn: 0.001, 
| epoch = 3 | step =    10 | loss_pnn = 1.985 | loss_cn = 0.00000000 | acc_sim = 0.916 | acc_phy = 0.661 
| epoch = 3 | step =    20 | loss_pnn = 1.979 | loss_cn = 0.00000000 | acc_sim = 0.915 | acc_phy = 0.667 
| epoch = 3 | step =    30 | loss_pnn = 1.979 | loss_cn = 0.00000000 | acc_sim = 0.915 | acc_phy = 0.661 
| epoch = 3 | step =    40 | loss_pnn = 1.975 | loss_cn = 0.00000000 | acc_sim = 0.916 | acc_phy = 0.664 
| epoch = 3 | step =    50 | loss_pnn = 1.971 | loss_cn = 0.00000000 | acc_sim = 0.917 | acc_phy = 0.668 
| epoch = 3 | step =    60 | loss_pnn = 1.967 | loss_cn = 0.00000000 | acc_sim = 0.918 | acc_phy = 0.672 
| epoch = 3 | step =    70 | loss_pnn = 1.965 | loss_cn = 0.00000000 | acc_sim = 0.919 | acc_phy = 0.674 
| epoch = 3 | step =    80 | loss_pnn = 1.963 | loss_cn = 0.00000000 | acc_sim = 0.919 | acc_phy = 0.677 
| epoch = 3 | step =    90 | loss_pnn = 1.961 | loss_cn = 0.00000000 | acc_sim = 0.920 | acc_phy = 0.677 
| epoch = 3 | step =   100 | loss_pnn = 1.959 | loss_cn = 0.00000000 | acc_sim = 0.920 | acc_phy = 0.679 
| epoch = 3 | step =   110 | loss_pnn = 1.958 | loss_cn = 0.00000000 | acc_sim = 0.921 | acc_phy = 0.680 
| epoch = 3 | step =   120 | loss_pnn = 1.956 | loss_cn = 0.00000000 | acc_sim = 0.921 | acc_phy = 0.683 

Current training epoch: 4, learning rate for pnn: 0.001, 
| epoch = 4 | step =    10 | loss_pnn = 1.940 | loss_cn = 0.00000000 | acc_sim = 0.925 | acc_phy = 0.687 
| epoch = 4 | step =    20 | loss_pnn = 1.938 | loss_cn = 0.00000000 | acc_sim = 0.928 | acc_phy = 0.690 
| epoch = 4 | step =    30 | loss_pnn = 1.935 | loss_cn = 0.00000000 | acc_sim = 0.928 | acc_phy = 0.693 
| epoch = 4 | step =    40 | loss_pnn = 1.933 | loss_cn = 0.00000000 | acc_sim = 0.928 | acc_phy = 0.693 
| epoch = 4 | step =    50 | loss_pnn = 1.932 | loss_cn = 0.00000000 | acc_sim = 0.929 | acc_phy = 0.696 
| epoch = 4 | step =    60 | loss_pnn = 1.930 | loss_cn = 0.00000000 | acc_sim = 0.930 | acc_phy = 0.698 
| epoch = 4 | step =    70 | loss_pnn = 1.929 | loss_cn = 0.00000000 | acc_sim = 0.930 | acc_phy = 0.701 
| epoch = 4 | step =    80 | loss_pnn = 1.928 | loss_cn = 0.00000000 | acc_sim = 0.930 | acc_phy = 0.701 
| epoch = 4 | step =    90 | loss_pnn = 1.926 | loss_cn = 0.00000000 | acc_sim = 0.931 | acc_phy = 0.702 
| epoch = 4 | step =   100 | loss_pnn = 1.924 | loss_cn = 0.00000000 | acc_sim = 0.932 | acc_phy = 0.704 
| epoch = 4 | step =   110 | loss_pnn = 1.923 | loss_cn = 0.00000000 | acc_sim = 0.933 | acc_phy = 0.704 
| epoch = 4 | step =   120 | loss_pnn = 1.921 | loss_cn = 0.00000000 | acc_sim = 0.932 | acc_phy = 0.705 

Current training epoch: 5, learning rate for pnn: 0.001, 
| epoch = 5 | step =    10 | loss_pnn = 1.918 | loss_cn = 0.00000000 | acc_sim = 0.936 | acc_phy = 0.706 
| epoch = 5 | step =    20 | loss_pnn = 1.914 | loss_cn = 0.00000000 | acc_sim = 0.941 | acc_phy = 0.708 
| epoch = 5 | step =    30 | loss_pnn = 1.912 | loss_cn = 0.00000000 | acc_sim = 0.942 | acc_phy = 0.707 
| epoch = 5 | step =    40 | loss_pnn = 1.910 | loss_cn = 0.00000000 | acc_sim = 0.941 | acc_phy = 0.706 
| epoch = 5 | step =    50 | loss_pnn = 1.908 | loss_cn = 0.00000000 | acc_sim = 0.940 | acc_phy = 0.709 
| epoch = 5 | step =    60 | loss_pnn = 1.906 | loss_cn = 0.00000000 | acc_sim = 0.941 | acc_phy = 0.711 
| epoch = 5 | step =    70 | loss_pnn = 1.904 | loss_cn = 0.00000000 | acc_sim = 0.940 | acc_phy = 0.714 
| epoch = 5 | step =    80 | loss_pnn = 1.903 | loss_cn = 0.00000000 | acc_sim = 0.939 | acc_phy = 0.714 
| epoch = 5 | step =    90 | loss_pnn = 1.903 | loss_cn = 0.00000000 | acc_sim = 0.939 | acc_phy = 0.714 
| epoch = 5 | step =   100 | loss_pnn = 1.903 | loss_cn = 0.00000000 | acc_sim = 0.939 | acc_phy = 0.715 
| epoch = 5 | step =   110 | loss_pnn = 1.903 | loss_cn = 0.00000000 | acc_sim = 0.939 | acc_phy = 0.715 
| epoch = 5 | step =   120 | loss_pnn = 1.902 | loss_cn = 0.00000000 | acc_sim = 0.940 | acc_phy = 0.716 

Current training epoch: 6, learning rate for pnn: 0.001, 
| epoch = 6 | step =    10 | loss_pnn = 1.899 | loss_cn = 0.00000000 | acc_sim = 0.947 | acc_phy = 0.712 
| epoch = 6 | step =    20 | loss_pnn = 1.895 | loss_cn = 0.00000000 | acc_sim = 0.944 | acc_phy = 0.720 
| epoch = 6 | step =    30 | loss_pnn = 1.893 | loss_cn = 0.00000000 | acc_sim = 0.945 | acc_phy = 0.725 
| epoch = 6 | step =    40 | loss_pnn = 1.893 | loss_cn = 0.00000000 | acc_sim = 0.945 | acc_phy = 0.725 
| epoch = 6 | step =    50 | loss_pnn = 1.892 | loss_cn = 0.00000000 | acc_sim = 0.945 | acc_phy = 0.725 
| epoch = 6 | step =    60 | loss_pnn = 1.893 | loss_cn = 0.00000000 | acc_sim = 0.946 | acc_phy = 0.723 
| epoch = 6 | step =    70 | loss_pnn = 1.893 | loss_cn = 0.00000000 | acc_sim = 0.945 | acc_phy = 0.722 
| epoch = 6 | step =    80 | loss_pnn = 1.893 | loss_cn = 0.00000000 | acc_sim = 0.945 | acc_phy = 0.721 
| epoch = 6 | step =    90 | loss_pnn = 1.892 | loss_cn = 0.00000000 | acc_sim = 0.945 | acc_phy = 0.723 
| epoch = 6 | step =   100 | loss_pnn = 1.891 | loss_cn = 0.00000000 | acc_sim = 0.945 | acc_phy = 0.722 
| epoch = 6 | step =   110 | loss_pnn = 1.891 | loss_cn = 0.00000000 | acc_sim = 0.945 | acc_phy = 0.721 
| epoch = 6 | step =   120 | loss_pnn = 1.891 | loss_cn = 0.00000000 | acc_sim = 0.944 | acc_phy = 0.720 

Current training epoch: 7, learning rate for pnn: 0.001, 
| epoch = 7 | step =    10 | loss_pnn = 1.889 | loss_cn = 0.00000000 | acc_sim = 0.950 | acc_phy = 0.713 
| epoch = 7 | step =    20 | loss_pnn = 1.888 | loss_cn = 0.00000000 | acc_sim = 0.951 | acc_phy = 0.717 
| epoch = 7 | step =    30 | loss_pnn = 1.889 | loss_cn = 0.00000000 | acc_sim = 0.951 | acc_phy = 0.718 
| epoch = 7 | step =    40 | loss_pnn = 1.887 | loss_cn = 0.00000000 | acc_sim = 0.952 | acc_phy = 0.721 
| epoch = 7 | step =    50 | loss_pnn = 1.884 | loss_cn = 0.00000000 | acc_sim = 0.951 | acc_phy = 0.723 
| epoch = 7 | step =    60 | loss_pnn = 1.883 | loss_cn = 0.00000000 | acc_sim = 0.949 | acc_phy = 0.723 
| epoch = 7 | step =    70 | loss_pnn = 1.882 | loss_cn = 0.00000000 | acc_sim = 0.950 | acc_phy = 0.724 
| epoch = 7 | step =    80 | loss_pnn = 1.882 | loss_cn = 0.00000000 | acc_sim = 0.950 | acc_phy = 0.723 
| epoch = 7 | step =    90 | loss_pnn = 1.882 | loss_cn = 0.00000000 | acc_sim = 0.949 | acc_phy = 0.723 
| epoch = 7 | step =   100 | loss_pnn = 1.883 | loss_cn = 0.00000000 | acc_sim = 0.949 | acc_phy = 0.721 
| epoch = 7 | step =   110 | loss_pnn = 1.883 | loss_cn = 0.00000000 | acc_sim = 0.949 | acc_phy = 0.720 
| epoch = 7 | step =   120 | loss_pnn = 1.884 | loss_cn = 0.00000000 | acc_sim = 0.949 | acc_phy = 0.720 

Current training epoch: 8, learning rate for pnn: 0.001, 
| epoch = 8 | step =    10 | loss_pnn = 1.889 | loss_cn = 0.00000000 | acc_sim = 0.956 | acc_phy = 0.708 
| epoch = 8 | step =    20 | loss_pnn = 1.883 | loss_cn = 0.00000000 | acc_sim = 0.952 | acc_phy = 0.720 
| epoch = 8 | step =    30 | loss_pnn = 1.881 | loss_cn = 0.00000000 | acc_sim = 0.953 | acc_phy = 0.720 
| epoch = 8 | step =    40 | loss_pnn = 1.881 | loss_cn = 0.00000000 | acc_sim = 0.953 | acc_phy = 0.715 
| epoch = 8 | step =    50 | loss_pnn = 1.881 | loss_cn = 0.00000000 | acc_sim = 0.953 | acc_phy = 0.716 
| epoch = 8 | step =    60 | loss_pnn = 1.880 | loss_cn = 0.00000000 | acc_sim = 0.952 | acc_phy = 0.717 
| epoch = 8 | step =    70 | loss_pnn = 1.878 | loss_cn = 0.00000000 | acc_sim = 0.951 | acc_phy = 0.720 
| epoch = 8 | step =    80 | loss_pnn = 1.876 | loss_cn = 0.00000000 | acc_sim = 0.951 | acc_phy = 0.723 
| epoch = 8 | step =    90 | loss_pnn = 1.877 | loss_cn = 0.00000000 | acc_sim = 0.952 | acc_phy = 0.721 
| epoch = 8 | step =   100 | loss_pnn = 1.877 | loss_cn = 0.00000000 | acc_sim = 0.952 | acc_phy = 0.721 
| epoch = 8 | step =   110 | loss_pnn = 1.877 | loss_cn = 0.00000000 | acc_sim = 0.952 | acc_phy = 0.721 
| epoch = 8 | step =   120 | loss_pnn = 1.877 | loss_cn = 0.00000000 | acc_sim = 0.951 | acc_phy = 0.721 

Current training epoch: 9, learning rate for pnn: 0.001, 
| epoch = 9 | step =    10 | loss_pnn = 1.879 | loss_cn = 0.00000000 | acc_sim = 0.955 | acc_phy = 0.725 
| epoch = 9 | step =    20 | loss_pnn = 1.874 | loss_cn = 0.00000000 | acc_sim = 0.956 | acc_phy = 0.731 
| epoch = 9 | step =    30 | loss_pnn = 1.874 | loss_cn = 0.00000000 | acc_sim = 0.955 | acc_phy = 0.728 
| epoch = 9 | step =    40 | loss_pnn = 1.874 | loss_cn = 0.00000000 | acc_sim = 0.955 | acc_phy = 0.726 
| epoch = 9 | step =    50 | loss_pnn = 1.875 | loss_cn = 0.00000000 | acc_sim = 0.955 | acc_phy = 0.725 
| epoch = 9 | step =    60 | loss_pnn = 1.875 | loss_cn = 0.00000000 | acc_sim = 0.955 | acc_phy = 0.726 
| epoch = 9 | step =    70 | loss_pnn = 1.875 | loss_cn = 0.00000000 | acc_sim = 0.954 | acc_phy = 0.726 
| epoch = 9 | step =    80 | loss_pnn = 1.875 | loss_cn = 0.00000000 | acc_sim = 0.954 | acc_phy = 0.725 
| epoch = 9 | step =    90 | loss_pnn = 1.875 | loss_cn = 0.00000000 | acc_sim = 0.953 | acc_phy = 0.726 
| epoch = 9 | step =   100 | loss_pnn = 1.876 | loss_cn = 0.00000000 | acc_sim = 0.954 | acc_phy = 0.725 
| epoch = 9 | step =   110 | loss_pnn = 1.875 | loss_cn = 0.00000000 | acc_sim = 0.954 | acc_phy = 0.726 
| epoch = 9 | step =   120 | loss_pnn = 1.875 | loss_cn = 0.00000000 | acc_sim = 0.954 | acc_phy = 0.725 

Current training epoch: 10, learning rate for pnn: 0.001, 
| epoch = 10 | step =    10 | loss_pnn = 1.864 | loss_cn = 0.00000000 | acc_sim = 0.960 | acc_phy = 0.728 
| epoch = 10 | step =    20 | loss_pnn = 1.864 | loss_cn = 0.00000000 | acc_sim = 0.959 | acc_phy = 0.727 
| epoch = 10 | step =    30 | loss_pnn = 1.868 | loss_cn = 0.00000000 | acc_sim = 0.956 | acc_phy = 0.727 
| epoch = 10 | step =    40 | loss_pnn = 1.871 | loss_cn = 0.00000000 | acc_sim = 0.955 | acc_phy = 0.725 
| epoch = 10 | step =    50 | loss_pnn = 1.870 | loss_cn = 0.00000000 | acc_sim = 0.954 | acc_phy = 0.726 
| epoch = 10 | step =    60 | loss_pnn = 1.871 | loss_cn = 0.00000000 | acc_sim = 0.954 | acc_phy = 0.725 
| epoch = 10 | step =    70 | loss_pnn = 1.871 | loss_cn = 0.00000000 | acc_sim = 0.955 | acc_phy = 0.725 
| epoch = 10 | step =    80 | loss_pnn = 1.872 | loss_cn = 0.00000000 | acc_sim = 0.955 | acc_phy = 0.725 
| epoch = 10 | step =    90 | loss_pnn = 1.871 | loss_cn = 0.00000000 | acc_sim = 0.956 | acc_phy = 0.726 
| epoch = 10 | step =   100 | loss_pnn = 1.871 | loss_cn = 0.00000000 | acc_sim = 0.955 | acc_phy = 0.725 
| epoch = 10 | step =   110 | loss_pnn = 1.871 | loss_cn = 0.00000000 | acc_sim = 0.956 | acc_phy = 0.725 
| epoch = 10 | step =   120 | loss_pnn = 1.871 | loss_cn = 0.00000000 | acc_sim = 0.956 | acc_phy = 0.725 

Current training epoch: 11, learning rate for pnn: 0.0005, 
| epoch = 11 | step =    10 | loss_pnn = 1.870 | loss_cn = 0.00000000 | acc_sim = 0.961 | acc_phy = 0.716 
| epoch = 11 | step =    20 | loss_pnn = 1.872 | loss_cn = 0.00000000 | acc_sim = 0.959 | acc_phy = 0.717 
| epoch = 11 | step =    30 | loss_pnn = 1.869 | loss_cn = 0.00000000 | acc_sim = 0.960 | acc_phy = 0.721 
| epoch = 11 | step =    40 | loss_pnn = 1.871 | loss_cn = 0.00000000 | acc_sim = 0.959 | acc_phy = 0.719 
| epoch = 11 | step =    50 | loss_pnn = 1.873 | loss_cn = 0.00000000 | acc_sim = 0.959 | acc_phy = 0.717 
| epoch = 11 | step =    60 | loss_pnn = 1.872 | loss_cn = 0.00000000 | acc_sim = 0.959 | acc_phy = 0.720 
| epoch = 11 | step =    70 | loss_pnn = 1.873 | loss_cn = 0.00000000 | acc_sim = 0.959 | acc_phy = 0.719 
| epoch = 11 | step =    80 | loss_pnn = 1.874 | loss_cn = 0.00000000 | acc_sim = 0.959 | acc_phy = 0.719 
| epoch = 11 | step =    90 | loss_pnn = 1.874 | loss_cn = 0.00000000 | acc_sim = 0.959 | acc_phy = 0.720 
| epoch = 11 | step =   100 | loss_pnn = 1.875 | loss_cn = 0.00000000 | acc_sim = 0.959 | acc_phy = 0.720 
| epoch = 11 | step =   110 | loss_pnn = 1.875 | loss_cn = 0.00000000 | acc_sim = 0.959 | acc_phy = 0.720 
| epoch = 11 | step =   120 | loss_pnn = 1.875 | loss_cn = 0.00000000 | acc_sim = 0.959 | acc_phy = 0.720 

Current training epoch: 12, learning rate for pnn: 0.0005, 
| epoch = 12 | step =    10 | loss_pnn = 1.871 | loss_cn = 0.00000000 | acc_sim = 0.954 | acc_phy = 0.724 
| epoch = 12 | step =    20 | loss_pnn = 1.872 | loss_cn = 0.00000000 | acc_sim = 0.959 | acc_phy = 0.723 
| epoch = 12 | step =    30 | loss_pnn = 1.870 | loss_cn = 0.00000000 | acc_sim = 0.959 | acc_phy = 0.725 
| epoch = 12 | step =    40 | loss_pnn = 1.870 | loss_cn = 0.00000000 | acc_sim = 0.960 | acc_phy = 0.725 
| epoch = 12 | step =    50 | loss_pnn = 1.871 | loss_cn = 0.00000000 | acc_sim = 0.960 | acc_phy = 0.726 
| epoch = 12 | step =    60 | loss_pnn = 1.870 | loss_cn = 0.00000000 | acc_sim = 0.961 | acc_phy = 0.725 
| epoch = 12 | step =    70 | loss_pnn = 1.871 | loss_cn = 0.00000000 | acc_sim = 0.960 | acc_phy = 0.724 
| epoch = 12 | step =    80 | loss_pnn = 1.871 | loss_cn = 0.00000000 | acc_sim = 0.961 | acc_phy = 0.725 
| epoch = 12 | step =    90 | loss_pnn = 1.872 | loss_cn = 0.00000000 | acc_sim = 0.960 | acc_phy = 0.725 
| epoch = 12 | step =   100 | loss_pnn = 1.872 | loss_cn = 0.00000000 | acc_sim = 0.961 | acc_phy = 0.724 
| epoch = 12 | step =   110 | loss_pnn = 1.871 | loss_cn = 0.00000000 | acc_sim = 0.960 | acc_phy = 0.724 
| epoch = 12 | step =   120 | loss_pnn = 1.872 | loss_cn = 0.00000000 | acc_sim = 0.960 | acc_phy = 0.723 

Current training epoch: 13, learning rate for pnn: 0.0005, 
| epoch = 13 | step =    10 | loss_pnn = 1.873 | loss_cn = 0.00000000 | acc_sim = 0.964 | acc_phy = 0.729 
| epoch = 13 | step =    20 | loss_pnn = 1.869 | loss_cn = 0.00000000 | acc_sim = 0.962 | acc_phy = 0.729 
| epoch = 13 | step =    30 | loss_pnn = 1.870 | loss_cn = 0.00000000 | acc_sim = 0.962 | acc_phy = 0.729 
| epoch = 13 | step =    40 | loss_pnn = 1.870 | loss_cn = 0.00000000 | acc_sim = 0.963 | acc_phy = 0.729 
| epoch = 13 | step =    50 | loss_pnn = 1.870 | loss_cn = 0.00000000 | acc_sim = 0.962 | acc_phy = 0.728 
| epoch = 13 | step =    60 | loss_pnn = 1.872 | loss_cn = 0.00000000 | acc_sim = 0.962 | acc_phy = 0.726 
| epoch = 13 | step =    70 | loss_pnn = 1.872 | loss_cn = 0.00000000 | acc_sim = 0.962 | acc_phy = 0.725 
| epoch = 13 | step =    80 | loss_pnn = 1.873 | loss_cn = 0.00000000 | acc_sim = 0.962 | acc_phy = 0.724 
| epoch = 13 | step =    90 | loss_pnn = 1.872 | loss_cn = 0.00000000 | acc_sim = 0.962 | acc_phy = 0.725 
| epoch = 13 | step =   100 | loss_pnn = 1.872 | loss_cn = 0.00000000 | acc_sim = 0.962 | acc_phy = 0.725 
| epoch = 13 | step =   110 | loss_pnn = 1.871 | loss_cn = 0.00000000 | acc_sim = 0.961 | acc_phy = 0.726 
| epoch = 13 | step =   120 | loss_pnn = 1.871 | loss_cn = 0.00000000 | acc_sim = 0.961 | acc_phy = 0.725 

Current training epoch: 14, learning rate for pnn: 0.0005, 
| epoch = 14 | step =    10 | loss_pnn = 1.866 | loss_cn = 0.00000000 | acc_sim = 0.961 | acc_phy = 0.733 
| epoch = 14 | step =    20 | loss_pnn = 1.871 | loss_cn = 0.00000000 | acc_sim = 0.962 | acc_phy = 0.730 
| epoch = 14 | step =    30 | loss_pnn = 1.873 | loss_cn = 0.00000000 | acc_sim = 0.962 | acc_phy = 0.727 
| epoch = 14 | step =    40 | loss_pnn = 1.873 | loss_cn = 0.00000000 | acc_sim = 0.963 | acc_phy = 0.726 
| epoch = 14 | step =    50 | loss_pnn = 1.874 | loss_cn = 0.00000000 | acc_sim = 0.962 | acc_phy = 0.723 
| epoch = 14 | step =    60 | loss_pnn = 1.876 | loss_cn = 0.00000000 | acc_sim = 0.962 | acc_phy = 0.720 
| epoch = 14 | step =    70 | loss_pnn = 1.875 | loss_cn = 0.00000000 | acc_sim = 0.962 | acc_phy = 0.719 
| epoch = 14 | step =    80 | loss_pnn = 1.876 | loss_cn = 0.00000000 | acc_sim = 0.962 | acc_phy = 0.718 
| epoch = 14 | step =    90 | loss_pnn = 1.875 | loss_cn = 0.00000000 | acc_sim = 0.962 | acc_phy = 0.719 
| epoch = 14 | step =   100 | loss_pnn = 1.873 | loss_cn = 0.00000000 | acc_sim = 0.962 | acc_phy = 0.720 
| epoch = 14 | step =   110 | loss_pnn = 1.873 | loss_cn = 0.00000000 | acc_sim = 0.962 | acc_phy = 0.720 
| epoch = 14 | step =   120 | loss_pnn = 1.872 | loss_cn = 0.00000000 | acc_sim = 0.962 | acc_phy = 0.721 

Current training epoch: 15, learning rate for pnn: 0.0005, 
| epoch = 15 | step =    10 | loss_pnn = 1.874 | loss_cn = 0.00000000 | acc_sim = 0.959 | acc_phy = 0.716 
| epoch = 15 | step =    20 | loss_pnn = 1.874 | loss_cn = 0.00000000 | acc_sim = 0.960 | acc_phy = 0.720 
| epoch = 15 | step =    30 | loss_pnn = 1.875 | loss_cn = 0.00000000 | acc_sim = 0.961 | acc_phy = 0.718 
| epoch = 15 | step =    40 | loss_pnn = 1.875 | loss_cn = 0.00000000 | acc_sim = 0.961 | acc_phy = 0.718 
| epoch = 15 | step =    50 | loss_pnn = 1.874 | loss_cn = 0.00000000 | acc_sim = 0.962 | acc_phy = 0.719 
| epoch = 15 | step =    60 | loss_pnn = 1.872 | loss_cn = 0.00000000 | acc_sim = 0.962 | acc_phy = 0.721 
| epoch = 15 | step =    70 | loss_pnn = 1.871 | loss_cn = 0.00000000 | acc_sim = 0.962 | acc_phy = 0.723 
| epoch = 15 | step =    80 | loss_pnn = 1.871 | loss_cn = 0.00000000 | acc_sim = 0.962 | acc_phy = 0.722 
| epoch = 15 | step =    90 | loss_pnn = 1.871 | loss_cn = 0.00000000 | acc_sim = 0.962 | acc_phy = 0.723 
| epoch = 15 | step =   100 | loss_pnn = 1.871 | loss_cn = 0.00000000 | acc_sim = 0.962 | acc_phy = 0.722 
| epoch = 15 | step =   110 | loss_pnn = 1.872 | loss_cn = 0.00000000 | acc_sim = 0.963 | acc_phy = 0.721 
| epoch = 15 | step =   120 | loss_pnn = 1.873 | loss_cn = 0.00000000 | acc_sim = 0.963 | acc_phy = 0.720 

Current training epoch: 16, learning rate for pnn: 0.0005, 
| epoch = 16 | step =    10 | loss_pnn = 1.874 | loss_cn = 0.00000000 | acc_sim = 0.963 | acc_phy = 0.721 
| epoch = 16 | step =    20 | loss_pnn = 1.875 | loss_cn = 0.00000000 | acc_sim = 0.962 | acc_phy = 0.720 
| epoch = 16 | step =    30 | loss_pnn = 1.873 | loss_cn = 0.00000000 | acc_sim = 0.963 | acc_phy = 0.722 
| epoch = 16 | step =    40 | loss_pnn = 1.873 | loss_cn = 0.00000000 | acc_sim = 0.961 | acc_phy = 0.721 
| epoch = 16 | step =    50 | loss_pnn = 1.873 | loss_cn = 0.00000000 | acc_sim = 0.962 | acc_phy = 0.721 
| epoch = 16 | step =    60 | loss_pnn = 1.873 | loss_cn = 0.00000000 | acc_sim = 0.962 | acc_phy = 0.720 
| epoch = 16 | step =    70 | loss_pnn = 1.873 | loss_cn = 0.00000000 | acc_sim = 0.963 | acc_phy = 0.721 
| epoch = 16 | step =    80 | loss_pnn = 1.874 | loss_cn = 0.00000000 | acc_sim = 0.963 | acc_phy = 0.719 
| epoch = 16 | step =    90 | loss_pnn = 1.875 | loss_cn = 0.00000000 | acc_sim = 0.963 | acc_phy = 0.719 
| epoch = 16 | step =   100 | loss_pnn = 1.875 | loss_cn = 0.00000000 | acc_sim = 0.963 | acc_phy = 0.719 
| epoch = 16 | step =   110 | loss_pnn = 1.875 | loss_cn = 0.00000000 | acc_sim = 0.963 | acc_phy = 0.718 
| epoch = 16 | step =   120 | loss_pnn = 1.875 | loss_cn = 0.00000000 | acc_sim = 0.963 | acc_phy = 0.719 

Current training epoch: 17, learning rate for pnn: 0.0005, 
| epoch = 17 | step =    10 | loss_pnn = 1.874 | loss_cn = 0.00000000 | acc_sim = 0.965 | acc_phy = 0.720 
| epoch = 17 | step =    20 | loss_pnn = 1.876 | loss_cn = 0.00000000 | acc_sim = 0.965 | acc_phy = 0.721 
| epoch = 17 | step =    30 | loss_pnn = 1.878 | loss_cn = 0.00000000 | acc_sim = 0.964 | acc_phy = 0.718 
| epoch = 17 | step =    40 | loss_pnn = 1.876 | loss_cn = 0.00000000 | acc_sim = 0.964 | acc_phy = 0.717 
| epoch = 17 | step =    50 | loss_pnn = 1.874 | loss_cn = 0.00000000 | acc_sim = 0.964 | acc_phy = 0.719 
| epoch = 17 | step =    60 | loss_pnn = 1.873 | loss_cn = 0.00000000 | acc_sim = 0.964 | acc_phy = 0.720 
| epoch = 17 | step =    70 | loss_pnn = 1.873 | loss_cn = 0.00000000 | acc_sim = 0.965 | acc_phy = 0.720 
| epoch = 17 | step =    80 | loss_pnn = 1.873 | loss_cn = 0.00000000 | acc_sim = 0.964 | acc_phy = 0.721 
| epoch = 17 | step =    90 | loss_pnn = 1.874 | loss_cn = 0.00000000 | acc_sim = 0.964 | acc_phy = 0.719 
| epoch = 17 | step =   100 | loss_pnn = 1.874 | loss_cn = 0.00000000 | acc_sim = 0.964 | acc_phy = 0.718 
| epoch = 17 | step =   110 | loss_pnn = 1.873 | loss_cn = 0.00000000 | acc_sim = 0.963 | acc_phy = 0.719 
| epoch = 17 | step =   120 | loss_pnn = 1.873 | loss_cn = 0.00000000 | acc_sim = 0.964 | acc_phy = 0.719 

Current training epoch: 18, learning rate for pnn: 0.0005, 
| epoch = 18 | step =    10 | loss_pnn = 1.877 | loss_cn = 0.00000000 | acc_sim = 0.961 | acc_phy = 0.713 
| epoch = 18 | step =    20 | loss_pnn = 1.876 | loss_cn = 0.00000000 | acc_sim = 0.963 | acc_phy = 0.715 
| epoch = 18 | step =    30 | loss_pnn = 1.876 | loss_cn = 0.00000000 | acc_sim = 0.963 | acc_phy = 0.717 
| epoch = 18 | step =    40 | loss_pnn = 1.876 | loss_cn = 0.00000000 | acc_sim = 0.963 | acc_phy = 0.717 
| epoch = 18 | step =    50 | loss_pnn = 1.876 | loss_cn = 0.00000000 | acc_sim = 0.963 | acc_phy = 0.716 
| epoch = 18 | step =    60 | loss_pnn = 1.876 | loss_cn = 0.00000000 | acc_sim = 0.964 | acc_phy = 0.715 
| epoch = 18 | step =    70 | loss_pnn = 1.876 | loss_cn = 0.00000000 | acc_sim = 0.964 | acc_phy = 0.714 
| epoch = 18 | step =    80 | loss_pnn = 1.874 | loss_cn = 0.00000000 | acc_sim = 0.964 | acc_phy = 0.717 
| epoch = 18 | step =    90 | loss_pnn = 1.873 | loss_cn = 0.00000000 | acc_sim = 0.964 | acc_phy = 0.718 
| epoch = 18 | step =   100 | loss_pnn = 1.873 | loss_cn = 0.00000000 | acc_sim = 0.964 | acc_phy = 0.719 
| epoch = 18 | step =   110 | loss_pnn = 1.873 | loss_cn = 0.00000000 | acc_sim = 0.964 | acc_phy = 0.718 
| epoch = 18 | step =   120 | loss_pnn = 1.873 | loss_cn = 0.00000000 | acc_sim = 0.964 | acc_phy = 0.718 

Current training epoch: 19, learning rate for pnn: 0.0005, 
| epoch = 19 | step =    10 | loss_pnn = 1.874 | loss_cn = 0.00000000 | acc_sim = 0.966 | acc_phy = 0.716 
| epoch = 19 | step =    20 | loss_pnn = 1.873 | loss_cn = 0.00000000 | acc_sim = 0.965 | acc_phy = 0.713 
| epoch = 19 | step =    30 | loss_pnn = 1.875 | loss_cn = 0.00000000 | acc_sim = 0.964 | acc_phy = 0.712 
| epoch = 19 | step =    40 | loss_pnn = 1.873 | loss_cn = 0.00000000 | acc_sim = 0.964 | acc_phy = 0.717 
| epoch = 19 | step =    50 | loss_pnn = 1.873 | loss_cn = 0.00000000 | acc_sim = 0.964 | acc_phy = 0.717 
| epoch = 19 | step =    60 | loss_pnn = 1.874 | loss_cn = 0.00000000 | acc_sim = 0.964 | acc_phy = 0.716 
| epoch = 19 | step =    70 | loss_pnn = 1.874 | loss_cn = 0.00000000 | acc_sim = 0.964 | acc_phy = 0.716 
| epoch = 19 | step =    80 | loss_pnn = 1.874 | loss_cn = 0.00000000 | acc_sim = 0.964 | acc_phy = 0.715 
| epoch = 19 | step =    90 | loss_pnn = 1.873 | loss_cn = 0.00000000 | acc_sim = 0.965 | acc_phy = 0.716 
| epoch = 19 | step =   100 | loss_pnn = 1.873 | loss_cn = 0.00000000 | acc_sim = 0.965 | acc_phy = 0.716 
| epoch = 19 | step =   110 | loss_pnn = 1.873 | loss_cn = 0.00000000 | acc_sim = 0.965 | acc_phy = 0.716 
| epoch = 19 | step =   120 | loss_pnn = 1.873 | loss_cn = 0.00000000 | acc_sim = 0.965 | acc_phy = 0.717 

Current training epoch: 20, learning rate for pnn: 0.0005, 
| epoch = 20 | step =    10 | loss_pnn = 1.866 | loss_cn = 0.00000000 | acc_sim = 0.968 | acc_phy = 0.722 
| epoch = 20 | step =    20 | loss_pnn = 1.870 | loss_cn = 0.00000000 | acc_sim = 0.967 | acc_phy = 0.721 
| epoch = 20 | step =    30 | loss_pnn = 1.870 | loss_cn = 0.00000000 | acc_sim = 0.966 | acc_phy = 0.719 
| epoch = 20 | step =    40 | loss_pnn = 1.870 | loss_cn = 0.00000000 | acc_sim = 0.967 | acc_phy = 0.718 
| epoch = 20 | step =    50 | loss_pnn = 1.872 | loss_cn = 0.00000000 | acc_sim = 0.966 | acc_phy = 0.714 
| epoch = 20 | step =    60 | loss_pnn = 1.873 | loss_cn = 0.00000000 | acc_sim = 0.966 | acc_phy = 0.713 
| epoch = 20 | step =    70 | loss_pnn = 1.873 | loss_cn = 0.00000000 | acc_sim = 0.966 | acc_phy = 0.713 
| epoch = 20 | step =    80 | loss_pnn = 1.874 | loss_cn = 0.00000000 | acc_sim = 0.966 | acc_phy = 0.713 
| epoch = 20 | step =    90 | loss_pnn = 1.875 | loss_cn = 0.00000000 | acc_sim = 0.966 | acc_phy = 0.713 
| epoch = 20 | step =   100 | loss_pnn = 1.875 | loss_cn = 0.00000000 | acc_sim = 0.966 | acc_phy = 0.713 
| epoch = 20 | step =   110 | loss_pnn = 1.876 | loss_cn = 0.00000000 | acc_sim = 0.965 | acc_phy = 0.713 
| epoch = 20 | step =   120 | loss_pnn = 1.876 | loss_cn = 0.00000000 | acc_sim = 0.965 | acc_phy = 0.713 

Current training epoch: 21, learning rate for pnn: 0.00025, 
| epoch = 21 | step =    10 | loss_pnn = 1.875 | loss_cn = 0.00000000 | acc_sim = 0.970 | acc_phy = 0.709 
| epoch = 21 | step =    20 | loss_pnn = 1.871 | loss_cn = 0.00000000 | acc_sim = 0.970 | acc_phy = 0.714 
| epoch = 21 | step =    30 | loss_pnn = 1.869 | loss_cn = 0.00000000 | acc_sim = 0.970 | acc_phy = 0.719 
| epoch = 21 | step =    40 | loss_pnn = 1.869 | loss_cn = 0.00000000 | acc_sim = 0.969 | acc_phy = 0.720 
| epoch = 21 | step =    50 | loss_pnn = 1.868 | loss_cn = 0.00000000 | acc_sim = 0.968 | acc_phy = 0.719 
| epoch = 21 | step =    60 | loss_pnn = 1.869 | loss_cn = 0.00000000 | acc_sim = 0.967 | acc_phy = 0.718 
| epoch = 21 | step =    70 | loss_pnn = 1.871 | loss_cn = 0.00000000 | acc_sim = 0.966 | acc_phy = 0.716 
| epoch = 21 | step =    80 | loss_pnn = 1.872 | loss_cn = 0.00000000 | acc_sim = 0.966 | acc_phy = 0.716 
| epoch = 21 | step =    90 | loss_pnn = 1.872 | loss_cn = 0.00000000 | acc_sim = 0.966 | acc_phy = 0.716 
| epoch = 21 | step =   100 | loss_pnn = 1.871 | loss_cn = 0.00000000 | acc_sim = 0.966 | acc_phy = 0.716 
| epoch = 21 | step =   110 | loss_pnn = 1.871 | loss_cn = 0.00000000 | acc_sim = 0.966 | acc_phy = 0.716 
| epoch = 21 | step =   120 | loss_pnn = 1.872 | loss_cn = 0.00000000 | acc_sim = 0.967 | acc_phy = 0.716 

Current training epoch: 22, learning rate for pnn: 0.00025, 
| epoch = 22 | step =    10 | loss_pnn = 1.873 | loss_cn = 0.00000000 | acc_sim = 0.967 | acc_phy = 0.712 
| epoch = 22 | step =    20 | loss_pnn = 1.873 | loss_cn = 0.00000000 | acc_sim = 0.970 | acc_phy = 0.713 
| epoch = 22 | step =    30 | loss_pnn = 1.873 | loss_cn = 0.00000000 | acc_sim = 0.969 | acc_phy = 0.712 
| epoch = 22 | step =    40 | loss_pnn = 1.872 | loss_cn = 0.00000000 | acc_sim = 0.968 | acc_phy = 0.715 
| epoch = 22 | step =    50 | loss_pnn = 1.873 | loss_cn = 0.00000000 | acc_sim = 0.968 | acc_phy = 0.713 
| epoch = 22 | step =    60 | loss_pnn = 1.873 | loss_cn = 0.00000000 | acc_sim = 0.967 | acc_phy = 0.713 
| epoch = 22 | step =    70 | loss_pnn = 1.873 | loss_cn = 0.00000000 | acc_sim = 0.968 | acc_phy = 0.713 
| epoch = 22 | step =    80 | loss_pnn = 1.873 | loss_cn = 0.00000000 | acc_sim = 0.968 | acc_phy = 0.713 
| epoch = 22 | step =    90 | loss_pnn = 1.872 | loss_cn = 0.00000000 | acc_sim = 0.967 | acc_phy = 0.713 
| epoch = 22 | step =   100 | loss_pnn = 1.872 | loss_cn = 0.00000000 | acc_sim = 0.967 | acc_phy = 0.714 
| epoch = 22 | step =   110 | loss_pnn = 1.872 | loss_cn = 0.00000000 | acc_sim = 0.967 | acc_phy = 0.715 
| epoch = 22 | step =   120 | loss_pnn = 1.871 | loss_cn = 0.00000000 | acc_sim = 0.967 | acc_phy = 0.715 

Current training epoch: 23, learning rate for pnn: 0.00025, 
| epoch = 23 | step =    10 | loss_pnn = 1.876 | loss_cn = 0.00000000 | acc_sim = 0.969 | acc_phy = 0.715 
| epoch = 23 | step =    20 | loss_pnn = 1.874 | loss_cn = 0.00000000 | acc_sim = 0.969 | acc_phy = 0.714 
| epoch = 23 | step =    30 | loss_pnn = 1.873 | loss_cn = 0.00000000 | acc_sim = 0.968 | acc_phy = 0.717 
| epoch = 23 | step =    40 | loss_pnn = 1.874 | loss_cn = 0.00000000 | acc_sim = 0.968 | acc_phy = 0.713 
| epoch = 23 | step =    50 | loss_pnn = 1.874 | loss_cn = 0.00000000 | acc_sim = 0.968 | acc_phy = 0.711 
| epoch = 23 | step =    60 | loss_pnn = 1.874 | loss_cn = 0.00000000 | acc_sim = 0.968 | acc_phy = 0.711 
| epoch = 23 | step =    70 | loss_pnn = 1.874 | loss_cn = 0.00000000 | acc_sim = 0.968 | acc_phy = 0.711 
| epoch = 23 | step =    80 | loss_pnn = 1.874 | loss_cn = 0.00000000 | acc_sim = 0.967 | acc_phy = 0.711 
| epoch = 23 | step =    90 | loss_pnn = 1.874 | loss_cn = 0.00000000 | acc_sim = 0.968 | acc_phy = 0.711 
| epoch = 23 | step =   100 | loss_pnn = 1.873 | loss_cn = 0.00000000 | acc_sim = 0.968 | acc_phy = 0.714 
| epoch = 23 | step =   110 | loss_pnn = 1.873 | loss_cn = 0.00000000 | acc_sim = 0.967 | acc_phy = 0.714 
| epoch = 23 | step =   120 | loss_pnn = 1.874 | loss_cn = 0.00000000 | acc_sim = 0.967 | acc_phy = 0.713 

Current training epoch: 24, learning rate for pnn: 0.00025, 
| epoch = 24 | step =    10 | loss_pnn = 1.862 | loss_cn = 0.00000000 | acc_sim = 0.967 | acc_phy = 0.726 
| epoch = 24 | step =    20 | loss_pnn = 1.868 | loss_cn = 0.00000000 | acc_sim = 0.968 | acc_phy = 0.717 
| epoch = 24 | step =    30 | loss_pnn = 1.872 | loss_cn = 0.00000000 | acc_sim = 0.968 | acc_phy = 0.711 
| epoch = 24 | step =    40 | loss_pnn = 1.873 | loss_cn = 0.00000000 | acc_sim = 0.968 | acc_phy = 0.710 
| epoch = 24 | step =    50 | loss_pnn = 1.873 | loss_cn = 0.00000000 | acc_sim = 0.968 | acc_phy = 0.711 
| epoch = 24 | step =    60 | loss_pnn = 1.872 | loss_cn = 0.00000000 | acc_sim = 0.969 | acc_phy = 0.712 
| epoch = 24 | step =    70 | loss_pnn = 1.873 | loss_cn = 0.00000000 | acc_sim = 0.967 | acc_phy = 0.711 
| epoch = 24 | step =    80 | loss_pnn = 1.873 | loss_cn = 0.00000000 | acc_sim = 0.968 | acc_phy = 0.711 
| epoch = 24 | step =    90 | loss_pnn = 1.872 | loss_cn = 0.00000000 | acc_sim = 0.968 | acc_phy = 0.712 
| epoch = 24 | step =   100 | loss_pnn = 1.872 | loss_cn = 0.00000000 | acc_sim = 0.967 | acc_phy = 0.713 
| epoch = 24 | step =   110 | loss_pnn = 1.872 | loss_cn = 0.00000000 | acc_sim = 0.967 | acc_phy = 0.713 
| epoch = 24 | step =   120 | loss_pnn = 1.872 | loss_cn = 0.00000000 | acc_sim = 0.967 | acc_phy = 0.713 

Current training epoch: 25, learning rate for pnn: 0.00025, 
| epoch = 25 | step =    10 | loss_pnn = 1.873 | loss_cn = 0.00000000 | acc_sim = 0.966 | acc_phy = 0.711 
| epoch = 25 | step =    20 | loss_pnn = 1.878 | loss_cn = 0.00000000 | acc_sim = 0.966 | acc_phy = 0.710 
| epoch = 25 | step =    30 | loss_pnn = 1.878 | loss_cn = 0.00000000 | acc_sim = 0.966 | acc_phy = 0.709 
| epoch = 25 | step =    40 | loss_pnn = 1.878 | loss_cn = 0.00000000 | acc_sim = 0.967 | acc_phy = 0.709 
| epoch = 25 | step =    50 | loss_pnn = 1.877 | loss_cn = 0.00000000 | acc_sim = 0.967 | acc_phy = 0.711 
| epoch = 25 | step =    60 | loss_pnn = 1.877 | loss_cn = 0.00000000 | acc_sim = 0.967 | acc_phy = 0.711 
| epoch = 25 | step =    70 | loss_pnn = 1.876 | loss_cn = 0.00000000 | acc_sim = 0.968 | acc_phy = 0.711 
| epoch = 25 | step =    80 | loss_pnn = 1.876 | loss_cn = 0.00000000 | acc_sim = 0.968 | acc_phy = 0.711 
| epoch = 25 | step =    90 | loss_pnn = 1.876 | loss_cn = 0.00000000 | acc_sim = 0.968 | acc_phy = 0.712 
| epoch = 25 | step =   100 | loss_pnn = 1.876 | loss_cn = 0.00000000 | acc_sim = 0.968 | acc_phy = 0.711 
| epoch = 25 | step =   110 | loss_pnn = 1.875 | loss_cn = 0.00000000 | acc_sim = 0.968 | acc_phy = 0.711 
| epoch = 25 | step =   120 | loss_pnn = 1.876 | loss_cn = 0.00000000 | acc_sim = 0.968 | acc_phy = 0.710 

Current training epoch: 26, learning rate for pnn: 0.00025, 
| epoch = 26 | step =    10 | loss_pnn = 1.872 | loss_cn = 0.00000000 | acc_sim = 0.967 | acc_phy = 0.714 
| epoch = 26 | step =    20 | loss_pnn = 1.872 | loss_cn = 0.00000000 | acc_sim = 0.968 | acc_phy = 0.713 
| epoch = 26 | step =    30 | loss_pnn = 1.871 | loss_cn = 0.00000000 | acc_sim = 0.967 | acc_phy = 0.715 
| epoch = 26 | step =    40 | loss_pnn = 1.871 | loss_cn = 0.00000000 | acc_sim = 0.968 | acc_phy = 0.712 
| epoch = 26 | step =    50 | loss_pnn = 1.871 | loss_cn = 0.00000000 | acc_sim = 0.967 | acc_phy = 0.712 
| epoch = 26 | step =    60 | loss_pnn = 1.872 | loss_cn = 0.00000000 | acc_sim = 0.967 | acc_phy = 0.712 
| epoch = 26 | step =    70 | loss_pnn = 1.873 | loss_cn = 0.00000000 | acc_sim = 0.967 | acc_phy = 0.710 
| epoch = 26 | step =    80 | loss_pnn = 1.872 | loss_cn = 0.00000000 | acc_sim = 0.967 | acc_phy = 0.711 
| epoch = 26 | step =    90 | loss_pnn = 1.873 | loss_cn = 0.00000000 | acc_sim = 0.967 | acc_phy = 0.711 
| epoch = 26 | step =   100 | loss_pnn = 1.874 | loss_cn = 0.00000000 | acc_sim = 0.967 | acc_phy = 0.710 
| epoch = 26 | step =   110 | loss_pnn = 1.874 | loss_cn = 0.00000000 | acc_sim = 0.968 | acc_phy = 0.710 
| epoch = 26 | step =   120 | loss_pnn = 1.874 | loss_cn = 0.00000000 | acc_sim = 0.968 | acc_phy = 0.710 

Current training epoch: 27, learning rate for pnn: 0.00025, 
| epoch = 27 | step =    10 | loss_pnn = 1.878 | loss_cn = 0.00000000 | acc_sim = 0.970 | acc_phy = 0.706 
| epoch = 27 | step =    20 | loss_pnn = 1.873 | loss_cn = 0.00000000 | acc_sim = 0.970 | acc_phy = 0.715 
| epoch = 27 | step =    30 | loss_pnn = 1.873 | loss_cn = 0.00000000 | acc_sim = 0.971 | acc_phy = 0.717 
| epoch = 27 | step =    40 | loss_pnn = 1.873 | loss_cn = 0.00000000 | acc_sim = 0.969 | acc_phy = 0.717 
| epoch = 27 | step =    50 | loss_pnn = 1.872 | loss_cn = 0.00000000 | acc_sim = 0.970 | acc_phy = 0.717 
| epoch = 27 | step =    60 | loss_pnn = 1.871 | loss_cn = 0.00000000 | acc_sim = 0.970 | acc_phy = 0.718 
| epoch = 27 | step =    70 | loss_pnn = 1.872 | loss_cn = 0.00000000 | acc_sim = 0.970 | acc_phy = 0.716 
| epoch = 27 | step =    80 | loss_pnn = 1.873 | loss_cn = 0.00000000 | acc_sim = 0.970 | acc_phy = 0.714 
| epoch = 27 | step =    90 | loss_pnn = 1.874 | loss_cn = 0.00000000 | acc_sim = 0.969 | acc_phy = 0.713 
| epoch = 27 | step =   100 | loss_pnn = 1.874 | loss_cn = 0.00000000 | acc_sim = 0.969 | acc_phy = 0.712 
| epoch = 27 | step =   110 | loss_pnn = 1.873 | loss_cn = 0.00000000 | acc_sim = 0.969 | acc_phy = 0.712 
| epoch = 27 | step =   120 | loss_pnn = 1.874 | loss_cn = 0.00000000 | acc_sim = 0.968 | acc_phy = 0.710 

Current training epoch: 28, learning rate for pnn: 0.00025, 
| epoch = 28 | step =    10 | loss_pnn = 1.878 | loss_cn = 0.00000000 | acc_sim = 0.968 | acc_phy = 0.707 
| epoch = 28 | step =    20 | loss_pnn = 1.875 | loss_cn = 0.00000000 | acc_sim = 0.970 | acc_phy = 0.709 
| epoch = 28 | step =    30 | loss_pnn = 1.874 | loss_cn = 0.00000000 | acc_sim = 0.968 | acc_phy = 0.707 
| epoch = 28 | step =    40 | loss_pnn = 1.873 | loss_cn = 0.00000000 | acc_sim = 0.969 | acc_phy = 0.707 
| epoch = 28 | step =    50 | loss_pnn = 1.873 | loss_cn = 0.00000000 | acc_sim = 0.968 | acc_phy = 0.709 
| epoch = 28 | step =    60 | loss_pnn = 1.874 | loss_cn = 0.00000000 | acc_sim = 0.969 | acc_phy = 0.708 
| epoch = 28 | step =    70 | loss_pnn = 1.874 | loss_cn = 0.00000000 | acc_sim = 0.969 | acc_phy = 0.708 
| epoch = 28 | step =    80 | loss_pnn = 1.874 | loss_cn = 0.00000000 | acc_sim = 0.969 | acc_phy = 0.709 
| epoch = 28 | step =    90 | loss_pnn = 1.874 | loss_cn = 0.00000000 | acc_sim = 0.968 | acc_phy = 0.709 
| epoch = 28 | step =   100 | loss_pnn = 1.874 | loss_cn = 0.00000000 | acc_sim = 0.968 | acc_phy = 0.708 
| epoch = 28 | step =   110 | loss_pnn = 1.874 | loss_cn = 0.00000000 | acc_sim = 0.968 | acc_phy = 0.709 
| epoch = 28 | step =   120 | loss_pnn = 1.874 | loss_cn = 0.00000000 | acc_sim = 0.968 | acc_phy = 0.710 

Current training epoch: 29, learning rate for pnn: 0.00025, 
| epoch = 29 | step =    10 | loss_pnn = 1.870 | loss_cn = 0.00000000 | acc_sim = 0.974 | acc_phy = 0.704 
| epoch = 29 | step =    20 | loss_pnn = 1.872 | loss_cn = 0.00000000 | acc_sim = 0.974 | acc_phy = 0.709 
| epoch = 29 | step =    30 | loss_pnn = 1.873 | loss_cn = 0.00000000 | acc_sim = 0.972 | acc_phy = 0.711 
| epoch = 29 | step =    40 | loss_pnn = 1.872 | loss_cn = 0.00000000 | acc_sim = 0.971 | acc_phy = 0.712 
| epoch = 29 | step =    50 | loss_pnn = 1.872 | loss_cn = 0.00000000 | acc_sim = 0.970 | acc_phy = 0.712 
| epoch = 29 | step =    60 | loss_pnn = 1.873 | loss_cn = 0.00000000 | acc_sim = 0.970 | acc_phy = 0.712 
| epoch = 29 | step =    70 | loss_pnn = 1.873 | loss_cn = 0.00000000 | acc_sim = 0.969 | acc_phy = 0.712 
| epoch = 29 | step =    80 | loss_pnn = 1.872 | loss_cn = 0.00000000 | acc_sim = 0.969 | acc_phy = 0.713 
| epoch = 29 | step =    90 | loss_pnn = 1.872 | loss_cn = 0.00000000 | acc_sim = 0.969 | acc_phy = 0.712 
| epoch = 29 | step =   100 | loss_pnn = 1.872 | loss_cn = 0.00000000 | acc_sim = 0.969 | acc_phy = 0.711 
| epoch = 29 | step =   110 | loss_pnn = 1.873 | loss_cn = 0.00000000 | acc_sim = 0.969 | acc_phy = 0.710 
| epoch = 29 | step =   120 | loss_pnn = 1.873 | loss_cn = 0.00000000 | acc_sim = 0.969 | acc_phy = 0.709 

Current training epoch: 30, learning rate for pnn: 0.00025, 
| epoch = 30 | step =    10 | loss_pnn = 1.878 | loss_cn = 0.00000000 | acc_sim = 0.966 | acc_phy = 0.703 
| epoch = 30 | step =    20 | loss_pnn = 1.875 | loss_cn = 0.00000000 | acc_sim = 0.968 | acc_phy = 0.706 
| epoch = 30 | step =    30 | loss_pnn = 1.874 | loss_cn = 0.00000000 | acc_sim = 0.969 | acc_phy = 0.709 
| epoch = 30 | step =    40 | loss_pnn = 1.873 | loss_cn = 0.00000000 | acc_sim = 0.969 | acc_phy = 0.710 
| epoch = 30 | step =    50 | loss_pnn = 1.874 | loss_cn = 0.00000000 | acc_sim = 0.970 | acc_phy = 0.710 
| epoch = 30 | step =    60 | loss_pnn = 1.874 | loss_cn = 0.00000000 | acc_sim = 0.970 | acc_phy = 0.709 
| epoch = 30 | step =    70 | loss_pnn = 1.875 | loss_cn = 0.00000000 | acc_sim = 0.969 | acc_phy = 0.707 
| epoch = 30 | step =    80 | loss_pnn = 1.874 | loss_cn = 0.00000000 | acc_sim = 0.968 | acc_phy = 0.708 
| epoch = 30 | step =    90 | loss_pnn = 1.874 | loss_cn = 0.00000000 | acc_sim = 0.968 | acc_phy = 0.708 
| epoch = 30 | step =   100 | loss_pnn = 1.874 | loss_cn = 0.00000000 | acc_sim = 0.969 | acc_phy = 0.709 
| epoch = 30 | step =   110 | loss_pnn = 1.874 | loss_cn = 0.00000000 | acc_sim = 0.969 | acc_phy = 0.709 
| epoch = 30 | step =   120 | loss_pnn = 1.874 | loss_cn = 0.00000000 | acc_sim = 0.969 | acc_phy = 0.708 

Current training epoch: 31, learning rate for pnn: 0.000125, 
| epoch = 31 | step =    10 | loss_pnn = 1.873 | loss_cn = 0.00000000 | acc_sim = 0.968 | acc_phy = 0.705 
| epoch = 31 | step =    20 | loss_pnn = 1.872 | loss_cn = 0.00000000 | acc_sim = 0.969 | acc_phy = 0.706 
| epoch = 31 | step =    30 | loss_pnn = 1.871 | loss_cn = 0.00000000 | acc_sim = 0.970 | acc_phy = 0.708 
| epoch = 31 | step =    40 | loss_pnn = 1.872 | loss_cn = 0.00000000 | acc_sim = 0.971 | acc_phy = 0.707 
| epoch = 31 | step =    50 | loss_pnn = 1.872 | loss_cn = 0.00000000 | acc_sim = 0.971 | acc_phy = 0.708 
| epoch = 31 | step =    60 | loss_pnn = 1.872 | loss_cn = 0.00000000 | acc_sim = 0.970 | acc_phy = 0.708 
| epoch = 31 | step =    70 | loss_pnn = 1.873 | loss_cn = 0.00000000 | acc_sim = 0.969 | acc_phy = 0.708 
| epoch = 31 | step =    80 | loss_pnn = 1.873 | loss_cn = 0.00000000 | acc_sim = 0.970 | acc_phy = 0.708 
| epoch = 31 | step =    90 | loss_pnn = 1.874 | loss_cn = 0.00000000 | acc_sim = 0.970 | acc_phy = 0.708 
| epoch = 31 | step =   100 | loss_pnn = 1.875 | loss_cn = 0.00000000 | acc_sim = 0.970 | acc_phy = 0.706 
| epoch = 31 | step =   110 | loss_pnn = 1.874 | loss_cn = 0.00000000 | acc_sim = 0.970 | acc_phy = 0.707 
| epoch = 31 | step =   120 | loss_pnn = 1.874 | loss_cn = 0.00000000 | acc_sim = 0.970 | acc_phy = 0.707 

Current training epoch: 32, learning rate for pnn: 0.000125, 
| epoch = 32 | step =    10 | loss_pnn = 1.880 | loss_cn = 0.00000000 | acc_sim = 0.968 | acc_phy = 0.700 
| epoch = 32 | step =    20 | loss_pnn = 1.876 | loss_cn = 0.00000000 | acc_sim = 0.970 | acc_phy = 0.704 
| epoch = 32 | step =    30 | loss_pnn = 1.876 | loss_cn = 0.00000000 | acc_sim = 0.967 | acc_phy = 0.705 
| epoch = 32 | step =    40 | loss_pnn = 1.874 | loss_cn = 0.00000000 | acc_sim = 0.969 | acc_phy = 0.707 
| epoch = 32 | step =    50 | loss_pnn = 1.874 | loss_cn = 0.00000000 | acc_sim = 0.970 | acc_phy = 0.708 
| epoch = 32 | step =    60 | loss_pnn = 1.872 | loss_cn = 0.00000000 | acc_sim = 0.970 | acc_phy = 0.710 
| epoch = 32 | step =    70 | loss_pnn = 1.872 | loss_cn = 0.00000000 | acc_sim = 0.970 | acc_phy = 0.710 
| epoch = 32 | step =    80 | loss_pnn = 1.872 | loss_cn = 0.00000000 | acc_sim = 0.969 | acc_phy = 0.709 
| epoch = 32 | step =    90 | loss_pnn = 1.873 | loss_cn = 0.00000000 | acc_sim = 0.969 | acc_phy = 0.707 
| epoch = 32 | step =   100 | loss_pnn = 1.873 | loss_cn = 0.00000000 | acc_sim = 0.969 | acc_phy = 0.707 
| epoch = 32 | step =   110 | loss_pnn = 1.873 | loss_cn = 0.00000000 | acc_sim = 0.969 | acc_phy = 0.707 
| epoch = 32 | step =   120 | loss_pnn = 1.873 | loss_cn = 0.00000000 | acc_sim = 0.969 | acc_phy = 0.707 

Current training epoch: 33, learning rate for pnn: 0.000125, 
| epoch = 33 | step =    10 | loss_pnn = 1.877 | loss_cn = 0.00000000 | acc_sim = 0.974 | acc_phy = 0.700 
| epoch = 33 | step =    20 | loss_pnn = 1.876 | loss_cn = 0.00000000 | acc_sim = 0.972 | acc_phy = 0.701 
| epoch = 33 | step =    30 | loss_pnn = 1.877 | loss_cn = 0.00000000 | acc_sim = 0.971 | acc_phy = 0.702 
| epoch = 33 | step =    40 | loss_pnn = 1.876 | loss_cn = 0.00000000 | acc_sim = 0.971 | acc_phy = 0.704 
| epoch = 33 | step =    50 | loss_pnn = 1.877 | loss_cn = 0.00000000 | acc_sim = 0.972 | acc_phy = 0.705 
| epoch = 33 | step =    60 | loss_pnn = 1.876 | loss_cn = 0.00000000 | acc_sim = 0.972 | acc_phy = 0.706 
| epoch = 33 | step =    70 | loss_pnn = 1.875 | loss_cn = 0.00000000 | acc_sim = 0.971 | acc_phy = 0.707 
| epoch = 33 | step =    80 | loss_pnn = 1.874 | loss_cn = 0.00000000 | acc_sim = 0.971 | acc_phy = 0.706 
| epoch = 33 | step =    90 | loss_pnn = 1.874 | loss_cn = 0.00000000 | acc_sim = 0.971 | acc_phy = 0.706 
| epoch = 33 | step =   100 | loss_pnn = 1.874 | loss_cn = 0.00000000 | acc_sim = 0.971 | acc_phy = 0.706 
| epoch = 33 | step =   110 | loss_pnn = 1.875 | loss_cn = 0.00000000 | acc_sim = 0.970 | acc_phy = 0.705 
| epoch = 33 | step =   120 | loss_pnn = 1.874 | loss_cn = 0.00000000 | acc_sim = 0.970 | acc_phy = 0.707 

Current training epoch: 34, learning rate for pnn: 0.000125, 
| epoch = 34 | step =    10 | loss_pnn = 1.873 | loss_cn = 0.00000000 | acc_sim = 0.972 | acc_phy = 0.706 
| epoch = 34 | step =    20 | loss_pnn = 1.876 | loss_cn = 0.00000000 | acc_sim = 0.972 | acc_phy = 0.707 
| epoch = 34 | step =    30 | loss_pnn = 1.876 | loss_cn = 0.00000000 | acc_sim = 0.971 | acc_phy = 0.708 
| epoch = 34 | step =    40 | loss_pnn = 1.875 | loss_cn = 0.00000000 | acc_sim = 0.971 | acc_phy = 0.707 
| epoch = 34 | step =    50 | loss_pnn = 1.876 | loss_cn = 0.00000000 | acc_sim = 0.971 | acc_phy = 0.705 
| epoch = 34 | step =    60 | loss_pnn = 1.876 | loss_cn = 0.00000000 | acc_sim = 0.971 | acc_phy = 0.704 
| epoch = 34 | step =    70 | loss_pnn = 1.876 | loss_cn = 0.00000000 | acc_sim = 0.971 | acc_phy = 0.703 
| epoch = 34 | step =    80 | loss_pnn = 1.876 | loss_cn = 0.00000000 | acc_sim = 0.970 | acc_phy = 0.704 
| epoch = 34 | step =    90 | loss_pnn = 1.875 | loss_cn = 0.00000000 | acc_sim = 0.970 | acc_phy = 0.705 
| epoch = 34 | step =   100 | loss_pnn = 1.875 | loss_cn = 0.00000000 | acc_sim = 0.970 | acc_phy = 0.704 
| epoch = 34 | step =   110 | loss_pnn = 1.875 | loss_cn = 0.00000000 | acc_sim = 0.970 | acc_phy = 0.705 
| epoch = 34 | step =   120 | loss_pnn = 1.875 | loss_cn = 0.00000000 | acc_sim = 0.970 | acc_phy = 0.705 

Current training epoch: 35, learning rate for pnn: 0.000125, 
| epoch = 35 | step =    10 | loss_pnn = 1.873 | loss_cn = 0.00000000 | acc_sim = 0.971 | acc_phy = 0.708 
| epoch = 35 | step =    20 | loss_pnn = 1.874 | loss_cn = 0.00000000 | acc_sim = 0.971 | acc_phy = 0.704 
| epoch = 35 | step =    30 | loss_pnn = 1.873 | loss_cn = 0.00000000 | acc_sim = 0.970 | acc_phy = 0.707 
| epoch = 35 | step =    40 | loss_pnn = 1.871 | loss_cn = 0.00000000 | acc_sim = 0.971 | acc_phy = 0.709 
| epoch = 35 | step =    50 | loss_pnn = 1.871 | loss_cn = 0.00000000 | acc_sim = 0.971 | acc_phy = 0.708 
| epoch = 35 | step =    60 | loss_pnn = 1.871 | loss_cn = 0.00000000 | acc_sim = 0.971 | acc_phy = 0.708 
| epoch = 35 | step =    70 | loss_pnn = 1.872 | loss_cn = 0.00000000 | acc_sim = 0.971 | acc_phy = 0.707 
| epoch = 35 | step =    80 | loss_pnn = 1.872 | loss_cn = 0.00000000 | acc_sim = 0.971 | acc_phy = 0.708 
| epoch = 35 | step =    90 | loss_pnn = 1.873 | loss_cn = 0.00000000 | acc_sim = 0.971 | acc_phy = 0.708 
| epoch = 35 | step =   100 | loss_pnn = 1.873 | loss_cn = 0.00000000 | acc_sim = 0.970 | acc_phy = 0.707 
| epoch = 35 | step =   110 | loss_pnn = 1.873 | loss_cn = 0.00000000 | acc_sim = 0.970 | acc_phy = 0.707 
| epoch = 35 | step =   120 | loss_pnn = 1.873 | loss_cn = 0.00000000 | acc_sim = 0.970 | acc_phy = 0.706 

Current training epoch: 36, learning rate for pnn: 0.000125, 
| epoch = 36 | step =    10 | loss_pnn = 1.869 | loss_cn = 0.00000000 | acc_sim = 0.972 | acc_phy = 0.717 
| epoch = 36 | step =    20 | loss_pnn = 1.874 | loss_cn = 0.00000000 | acc_sim = 0.973 | acc_phy = 0.706 
| epoch = 36 | step =    30 | loss_pnn = 1.873 | loss_cn = 0.00000000 | acc_sim = 0.971 | acc_phy = 0.706 
| epoch = 36 | step =    40 | loss_pnn = 1.871 | loss_cn = 0.00000000 | acc_sim = 0.971 | acc_phy = 0.708 
| epoch = 36 | step =    50 | loss_pnn = 1.872 | loss_cn = 0.00000000 | acc_sim = 0.971 | acc_phy = 0.706 
| epoch = 36 | step =    60 | loss_pnn = 1.873 | loss_cn = 0.00000000 | acc_sim = 0.971 | acc_phy = 0.704 
| epoch = 36 | step =    70 | loss_pnn = 1.874 | loss_cn = 0.00000000 | acc_sim = 0.971 | acc_phy = 0.704 
| epoch = 36 | step =    80 | loss_pnn = 1.873 | loss_cn = 0.00000000 | acc_sim = 0.971 | acc_phy = 0.705 
| epoch = 36 | step =    90 | loss_pnn = 1.873 | loss_cn = 0.00000000 | acc_sim = 0.970 | acc_phy = 0.705 
| epoch = 36 | step =   100 | loss_pnn = 1.873 | loss_cn = 0.00000000 | acc_sim = 0.970 | acc_phy = 0.706 
| epoch = 36 | step =   110 | loss_pnn = 1.873 | loss_cn = 0.00000000 | acc_sim = 0.970 | acc_phy = 0.706 
| epoch = 36 | step =   120 | loss_pnn = 1.873 | loss_cn = 0.00000000 | acc_sim = 0.970 | acc_phy = 0.705 

Current training epoch: 37, learning rate for pnn: 0.000125, 
| epoch = 37 | step =    10 | loss_pnn = 1.875 | loss_cn = 0.00000000 | acc_sim = 0.970 | acc_phy = 0.703 
| epoch = 37 | step =    20 | loss_pnn = 1.873 | loss_cn = 0.00000000 | acc_sim = 0.971 | acc_phy = 0.707 
| epoch = 37 | step =    30 | loss_pnn = 1.873 | loss_cn = 0.00000000 | acc_sim = 0.970 | acc_phy = 0.709 
| epoch = 37 | step =    40 | loss_pnn = 1.873 | loss_cn = 0.00000000 | acc_sim = 0.970 | acc_phy = 0.708 
| epoch = 37 | step =    50 | loss_pnn = 1.873 | loss_cn = 0.00000000 | acc_sim = 0.970 | acc_phy = 0.707 
| epoch = 37 | step =    60 | loss_pnn = 1.874 | loss_cn = 0.00000000 | acc_sim = 0.970 | acc_phy = 0.707 
| epoch = 37 | step =    70 | loss_pnn = 1.874 | loss_cn = 0.00000000 | acc_sim = 0.970 | acc_phy = 0.706 
| epoch = 37 | step =    80 | loss_pnn = 1.874 | loss_cn = 0.00000000 | acc_sim = 0.970 | acc_phy = 0.706 
| epoch = 37 | step =    90 | loss_pnn = 1.874 | loss_cn = 0.00000000 | acc_sim = 0.970 | acc_phy = 0.706 
| epoch = 37 | step =   100 | loss_pnn = 1.875 | loss_cn = 0.00000000 | acc_sim = 0.970 | acc_phy = 0.706 
| epoch = 37 | step =   110 | loss_pnn = 1.874 | loss_cn = 0.00000000 | acc_sim = 0.970 | acc_phy = 0.706 
| epoch = 37 | step =   120 | loss_pnn = 1.874 | loss_cn = 0.00000000 | acc_sim = 0.970 | acc_phy = 0.707 

Current training epoch: 38, learning rate for pnn: 0.000125, 
| epoch = 38 | step =    10 | loss_pnn = 1.878 | loss_cn = 0.00000000 | acc_sim = 0.967 | acc_phy = 0.701 
| epoch = 38 | step =    20 | loss_pnn = 1.876 | loss_cn = 0.00000000 | acc_sim = 0.969 | acc_phy = 0.702 
| epoch = 38 | step =    30 | loss_pnn = 1.876 | loss_cn = 0.00000000 | acc_sim = 0.968 | acc_phy = 0.702 
| epoch = 38 | step =    40 | loss_pnn = 1.875 | loss_cn = 0.00000000 | acc_sim = 0.969 | acc_phy = 0.702 
| epoch = 38 | step =    50 | loss_pnn = 1.873 | loss_cn = 0.00000000 | acc_sim = 0.970 | acc_phy = 0.706 
| epoch = 38 | step =    60 | loss_pnn = 1.874 | loss_cn = 0.00000000 | acc_sim = 0.970 | acc_phy = 0.705 
| epoch = 38 | step =    70 | loss_pnn = 1.873 | loss_cn = 0.00000000 | acc_sim = 0.971 | acc_phy = 0.707 
| epoch = 38 | step =    80 | loss_pnn = 1.874 | loss_cn = 0.00000000 | acc_sim = 0.971 | acc_phy = 0.705 
| epoch = 38 | step =    90 | loss_pnn = 1.873 | loss_cn = 0.00000000 | acc_sim = 0.970 | acc_phy = 0.706 
| epoch = 38 | step =   100 | loss_pnn = 1.873 | loss_cn = 0.00000000 | acc_sim = 0.970 | acc_phy = 0.705 
| epoch = 38 | step =   110 | loss_pnn = 1.874 | loss_cn = 0.00000000 | acc_sim = 0.970 | acc_phy = 0.705 
| epoch = 38 | step =   120 | loss_pnn = 1.874 | loss_cn = 0.00000000 | acc_sim = 0.970 | acc_phy = 0.704 

Current training epoch: 39, learning rate for pnn: 0.000125, 
| epoch = 39 | step =    10 | loss_pnn = 1.867 | loss_cn = 0.00000000 | acc_sim = 0.970 | acc_phy = 0.714 
| epoch = 39 | step =    20 | loss_pnn = 1.868 | loss_cn = 0.00000000 | acc_sim = 0.969 | acc_phy = 0.709 
| epoch = 39 | step =    30 | loss_pnn = 1.870 | loss_cn = 0.00000000 | acc_sim = 0.971 | acc_phy = 0.707 
| epoch = 39 | step =    40 | loss_pnn = 1.872 | loss_cn = 0.00000000 | acc_sim = 0.970 | acc_phy = 0.705 
| epoch = 39 | step =    50 | loss_pnn = 1.872 | loss_cn = 0.00000000 | acc_sim = 0.971 | acc_phy = 0.707 
| epoch = 39 | step =    60 | loss_pnn = 1.872 | loss_cn = 0.00000000 | acc_sim = 0.970 | acc_phy = 0.706 
| epoch = 39 | step =    70 | loss_pnn = 1.873 | loss_cn = 0.00000000 | acc_sim = 0.970 | acc_phy = 0.706 
| epoch = 39 | step =    80 | loss_pnn = 1.873 | loss_cn = 0.00000000 | acc_sim = 0.970 | acc_phy = 0.705 
| epoch = 39 | step =    90 | loss_pnn = 1.873 | loss_cn = 0.00000000 | acc_sim = 0.970 | acc_phy = 0.705 
| epoch = 39 | step =   100 | loss_pnn = 1.873 | loss_cn = 0.00000000 | acc_sim = 0.971 | acc_phy = 0.706 
| epoch = 39 | step =   110 | loss_pnn = 1.873 | loss_cn = 0.00000000 | acc_sim = 0.971 | acc_phy = 0.705 
| epoch = 39 | step =   120 | loss_pnn = 1.873 | loss_cn = 0.00000000 | acc_sim = 0.970 | acc_phy = 0.705 

Current training epoch: 40, learning rate for pnn: 0.000125, 
| epoch = 40 | step =    10 | loss_pnn = 1.875 | loss_cn = 0.00000000 | acc_sim = 0.970 | acc_phy = 0.695 
| epoch = 40 | step =    20 | loss_pnn = 1.872 | loss_cn = 0.00000000 | acc_sim = 0.972 | acc_phy = 0.703 
| epoch = 40 | step =    30 | loss_pnn = 1.874 | loss_cn = 0.00000000 | acc_sim = 0.970 | acc_phy = 0.701 
| epoch = 40 | step =    40 | loss_pnn = 1.875 | loss_cn = 0.00000000 | acc_sim = 0.970 | acc_phy = 0.701 
| epoch = 40 | step =    50 | loss_pnn = 1.873 | loss_cn = 0.00000000 | acc_sim = 0.970 | acc_phy = 0.705 
| epoch = 40 | step =    60 | loss_pnn = 1.874 | loss_cn = 0.00000000 | acc_sim = 0.970 | acc_phy = 0.703 
| epoch = 40 | step =    70 | loss_pnn = 1.874 | loss_cn = 0.00000000 | acc_sim = 0.970 | acc_phy = 0.704 
| epoch = 40 | step =    80 | loss_pnn = 1.873 | loss_cn = 0.00000000 | acc_sim = 0.970 | acc_phy = 0.704 
| epoch = 40 | step =    90 | loss_pnn = 1.873 | loss_cn = 0.00000000 | acc_sim = 0.970 | acc_phy = 0.704 
| epoch = 40 | step =   100 | loss_pnn = 1.873 | loss_cn = 0.00000000 | acc_sim = 0.970 | acc_phy = 0.704 
| epoch = 40 | step =   110 | loss_pnn = 1.873 | loss_cn = 0.00000000 | acc_sim = 0.970 | acc_phy = 0.705 
| epoch = 40 | step =   120 | loss_pnn = 1.873 | loss_cn = 0.00000000 | acc_sim = 0.971 | acc_phy = 0.705 

Current training epoch: 41, learning rate for pnn: 6.25e-05, 
| epoch = 41 | step =    10 | loss_pnn = 1.877 | loss_cn = 0.00000000 | acc_sim = 0.969 | acc_phy = 0.703 
| epoch = 41 | step =    20 | loss_pnn = 1.876 | loss_cn = 0.00000000 | acc_sim = 0.969 | acc_phy = 0.701 
| epoch = 41 | step =    30 | loss_pnn = 1.879 | loss_cn = 0.00000000 | acc_sim = 0.969 | acc_phy = 0.698 
| epoch = 41 | step =    40 | loss_pnn = 1.878 | loss_cn = 0.00000000 | acc_sim = 0.969 | acc_phy = 0.699 
| epoch = 41 | step =    50 | loss_pnn = 1.877 | loss_cn = 0.00000000 | acc_sim = 0.970 | acc_phy = 0.700 
| epoch = 41 | step =    60 | loss_pnn = 1.877 | loss_cn = 0.00000000 | acc_sim = 0.970 | acc_phy = 0.700 
| epoch = 41 | step =    70 | loss_pnn = 1.875 | loss_cn = 0.00000000 | acc_sim = 0.969 | acc_phy = 0.701 
| epoch = 41 | step =    80 | loss_pnn = 1.875 | loss_cn = 0.00000000 | acc_sim = 0.970 | acc_phy = 0.702 
| epoch = 41 | step =    90 | loss_pnn = 1.875 | loss_cn = 0.00000000 | acc_sim = 0.970 | acc_phy = 0.702 
| epoch = 41 | step =   100 | loss_pnn = 1.874 | loss_cn = 0.00000000 | acc_sim = 0.970 | acc_phy = 0.702 
| epoch = 41 | step =   110 | loss_pnn = 1.874 | loss_cn = 0.00000000 | acc_sim = 0.971 | acc_phy = 0.703 
| epoch = 41 | step =   120 | loss_pnn = 1.874 | loss_cn = 0.00000000 | acc_sim = 0.971 | acc_phy = 0.703 

Current training epoch: 42, learning rate for pnn: 6.25e-05, 
| epoch = 42 | step =    10 | loss_pnn = 1.880 | loss_cn = 0.00000000 | acc_sim = 0.971 | acc_phy = 0.693 
| epoch = 42 | step =    20 | loss_pnn = 1.877 | loss_cn = 0.00000000 | acc_sim = 0.970 | acc_phy = 0.700 
| epoch = 42 | step =    30 | loss_pnn = 1.877 | loss_cn = 0.00000000 | acc_sim = 0.971 | acc_phy = 0.701 
| epoch = 42 | step =    40 | loss_pnn = 1.877 | loss_cn = 0.00000000 | acc_sim = 0.971 | acc_phy = 0.701 
| epoch = 42 | step =    50 | loss_pnn = 1.878 | loss_cn = 0.00000000 | acc_sim = 0.970 | acc_phy = 0.700 
| epoch = 42 | step =    60 | loss_pnn = 1.876 | loss_cn = 0.00000000 | acc_sim = 0.970 | acc_phy = 0.701 
| epoch = 42 | step =    70 | loss_pnn = 1.876 | loss_cn = 0.00000000 | acc_sim = 0.971 | acc_phy = 0.702 
| epoch = 42 | step =    80 | loss_pnn = 1.877 | loss_cn = 0.00000000 | acc_sim = 0.970 | acc_phy = 0.702 
| epoch = 42 | step =    90 | loss_pnn = 1.877 | loss_cn = 0.00000000 | acc_sim = 0.970 | acc_phy = 0.701 
| epoch = 42 | step =   100 | loss_pnn = 1.876 | loss_cn = 0.00000000 | acc_sim = 0.971 | acc_phy = 0.702 
| epoch = 42 | step =   110 | loss_pnn = 1.876 | loss_cn = 0.00000000 | acc_sim = 0.971 | acc_phy = 0.703 
| epoch = 42 | step =   120 | loss_pnn = 1.875 | loss_cn = 0.00000000 | acc_sim = 0.971 | acc_phy = 0.703 

Current training epoch: 43, learning rate for pnn: 6.25e-05, 
| epoch = 43 | step =    10 | loss_pnn = 1.877 | loss_cn = 0.00000000 | acc_sim = 0.971 | acc_phy = 0.706 
| epoch = 43 | step =    20 | loss_pnn = 1.875 | loss_cn = 0.00000000 | acc_sim = 0.970 | acc_phy = 0.703 
| epoch = 43 | step =    30 | loss_pnn = 1.870 | loss_cn = 0.00000000 | acc_sim = 0.970 | acc_phy = 0.706 
| epoch = 43 | step =    40 | loss_pnn = 1.871 | loss_cn = 0.00000000 | acc_sim = 0.971 | acc_phy = 0.705 
| epoch = 43 | step =    50 | loss_pnn = 1.871 | loss_cn = 0.00000000 | acc_sim = 0.971 | acc_phy = 0.705 
| epoch = 43 | step =    60 | loss_pnn = 1.871 | loss_cn = 0.00000000 | acc_sim = 0.971 | acc_phy = 0.706 
| epoch = 43 | step =    70 | loss_pnn = 1.871 | loss_cn = 0.00000000 | acc_sim = 0.971 | acc_phy = 0.706 
| epoch = 43 | step =    80 | loss_pnn = 1.872 | loss_cn = 0.00000000 | acc_sim = 0.971 | acc_phy = 0.706 
| epoch = 43 | step =    90 | loss_pnn = 1.873 | loss_cn = 0.00000000 | acc_sim = 0.971 | acc_phy = 0.704 
| epoch = 43 | step =   100 | loss_pnn = 1.873 | loss_cn = 0.00000000 | acc_sim = 0.971 | acc_phy = 0.704 
| epoch = 43 | step =   110 | loss_pnn = 1.874 | loss_cn = 0.00000000 | acc_sim = 0.971 | acc_phy = 0.703 
| epoch = 43 | step =   120 | loss_pnn = 1.874 | loss_cn = 0.00000000 | acc_sim = 0.971 | acc_phy = 0.703 

Current training epoch: 44, learning rate for pnn: 6.25e-05, 
| epoch = 44 | step =    10 | loss_pnn = 1.877 | loss_cn = 0.00000000 | acc_sim = 0.972 | acc_phy = 0.696 
| epoch = 44 | step =    20 | loss_pnn = 1.876 | loss_cn = 0.00000000 | acc_sim = 0.973 | acc_phy = 0.698 
| epoch = 44 | step =    30 | loss_pnn = 1.877 | loss_cn = 0.00000000 | acc_sim = 0.972 | acc_phy = 0.699 
| epoch = 44 | step =    40 | loss_pnn = 1.876 | loss_cn = 0.00000000 | acc_sim = 0.972 | acc_phy = 0.700 
| epoch = 44 | step =    50 | loss_pnn = 1.875 | loss_cn = 0.00000000 | acc_sim = 0.972 | acc_phy = 0.702 
| epoch = 44 | step =    60 | loss_pnn = 1.875 | loss_cn = 0.00000000 | acc_sim = 0.972 | acc_phy = 0.703 
| epoch = 44 | step =    70 | loss_pnn = 1.875 | loss_cn = 0.00000000 | acc_sim = 0.972 | acc_phy = 0.702 
| epoch = 44 | step =    80 | loss_pnn = 1.876 | loss_cn = 0.00000000 | acc_sim = 0.971 | acc_phy = 0.702 
| epoch = 44 | step =    90 | loss_pnn = 1.876 | loss_cn = 0.00000000 | acc_sim = 0.971 | acc_phy = 0.702 
| epoch = 44 | step =   100 | loss_pnn = 1.875 | loss_cn = 0.00000000 | acc_sim = 0.971 | acc_phy = 0.702 
| epoch = 44 | step =   110 | loss_pnn = 1.874 | loss_cn = 0.00000000 | acc_sim = 0.971 | acc_phy = 0.703 
| epoch = 44 | step =   120 | loss_pnn = 1.874 | loss_cn = 0.00000000 | acc_sim = 0.971 | acc_phy = 0.703 

Current training epoch: 45, learning rate for pnn: 6.25e-05, 
| epoch = 45 | step =    10 | loss_pnn = 1.877 | loss_cn = 0.00000000 | acc_sim = 0.970 | acc_phy = 0.706 
| epoch = 45 | step =    20 | loss_pnn = 1.876 | loss_cn = 0.00000000 | acc_sim = 0.971 | acc_phy = 0.703 
| epoch = 45 | step =    30 | loss_pnn = 1.876 | loss_cn = 0.00000000 | acc_sim = 0.971 | acc_phy = 0.701 
| epoch = 45 | step =    40 | loss_pnn = 1.876 | loss_cn = 0.00000000 | acc_sim = 0.970 | acc_phy = 0.702 
| epoch = 45 | step =    50 | loss_pnn = 1.874 | loss_cn = 0.00000000 | acc_sim = 0.971 | acc_phy = 0.705 
| epoch = 45 | step =    60 | loss_pnn = 1.874 | loss_cn = 0.00000000 | acc_sim = 0.971 | acc_phy = 0.704 
| epoch = 45 | step =    70 | loss_pnn = 1.875 | loss_cn = 0.00000000 | acc_sim = 0.971 | acc_phy = 0.703 
| epoch = 45 | step =    80 | loss_pnn = 1.874 | loss_cn = 0.00000000 | acc_sim = 0.971 | acc_phy = 0.703 
| epoch = 45 | step =    90 | loss_pnn = 1.874 | loss_cn = 0.00000000 | acc_sim = 0.971 | acc_phy = 0.703 
| epoch = 45 | step =   100 | loss_pnn = 1.874 | loss_cn = 0.00000000 | acc_sim = 0.971 | acc_phy = 0.703 
| epoch = 45 | step =   110 | loss_pnn = 1.874 | loss_cn = 0.00000000 | acc_sim = 0.971 | acc_phy = 0.703 
| epoch = 45 | step =   120 | loss_pnn = 1.874 | loss_cn = 0.00000000 | acc_sim = 0.971 | acc_phy = 0.703 

Current training epoch: 46, learning rate for pnn: 6.25e-05, 
| epoch = 46 | step =    10 | loss_pnn = 1.870 | loss_cn = 0.00000000 | acc_sim = 0.972 | acc_phy = 0.706 
| epoch = 46 | step =    20 | loss_pnn = 1.873 | loss_cn = 0.00000000 | acc_sim = 0.972 | acc_phy = 0.702 
| epoch = 46 | step =    30 | loss_pnn = 1.873 | loss_cn = 0.00000000 | acc_sim = 0.972 | acc_phy = 0.701 
| epoch = 46 | step =    40 | loss_pnn = 1.874 | loss_cn = 0.00000000 | acc_sim = 0.972 | acc_phy = 0.699 
| epoch = 46 | step =    50 | loss_pnn = 1.875 | loss_cn = 0.00000000 | acc_sim = 0.972 | acc_phy = 0.700 
| epoch = 46 | step =    60 | loss_pnn = 1.875 | loss_cn = 0.00000000 | acc_sim = 0.972 | acc_phy = 0.700 
| epoch = 46 | step =    70 | loss_pnn = 1.874 | loss_cn = 0.00000000 | acc_sim = 0.972 | acc_phy = 0.700 
| epoch = 46 | step =    80 | loss_pnn = 1.874 | loss_cn = 0.00000000 | acc_sim = 0.972 | acc_phy = 0.701 
| epoch = 46 | step =    90 | loss_pnn = 1.873 | loss_cn = 0.00000000 | acc_sim = 0.972 | acc_phy = 0.703 
| epoch = 46 | step =   100 | loss_pnn = 1.873 | loss_cn = 0.00000000 | acc_sim = 0.972 | acc_phy = 0.702 
| epoch = 46 | step =   110 | loss_pnn = 1.874 | loss_cn = 0.00000000 | acc_sim = 0.972 | acc_phy = 0.703 
| epoch = 46 | step =   120 | loss_pnn = 1.874 | loss_cn = 0.00000000 | acc_sim = 0.971 | acc_phy = 0.702 

Current training epoch: 47, learning rate for pnn: 6.25e-05, 
| epoch = 47 | step =    10 | loss_pnn = 1.875 | loss_cn = 0.00000000 | acc_sim = 0.970 | acc_phy = 0.700 
| epoch = 47 | step =    20 | loss_pnn = 1.874 | loss_cn = 0.00000000 | acc_sim = 0.971 | acc_phy = 0.704 
| epoch = 47 | step =    30 | loss_pnn = 1.875 | loss_cn = 0.00000000 | acc_sim = 0.971 | acc_phy = 0.704 
| epoch = 47 | step =    40 | loss_pnn = 1.876 | loss_cn = 0.00000000 | acc_sim = 0.970 | acc_phy = 0.702 
| epoch = 47 | step =    50 | loss_pnn = 1.876 | loss_cn = 0.00000000 | acc_sim = 0.971 | acc_phy = 0.701 
| epoch = 47 | step =    60 | loss_pnn = 1.875 | loss_cn = 0.00000000 | acc_sim = 0.971 | acc_phy = 0.702 
| epoch = 47 | step =    70 | loss_pnn = 1.874 | loss_cn = 0.00000000 | acc_sim = 0.971 | acc_phy = 0.704 
| epoch = 47 | step =    80 | loss_pnn = 1.874 | loss_cn = 0.00000000 | acc_sim = 0.971 | acc_phy = 0.704 
| epoch = 47 | step =    90 | loss_pnn = 1.874 | loss_cn = 0.00000000 | acc_sim = 0.971 | acc_phy = 0.703 
| epoch = 47 | step =   100 | loss_pnn = 1.874 | loss_cn = 0.00000000 | acc_sim = 0.971 | acc_phy = 0.702 
| epoch = 47 | step =   110 | loss_pnn = 1.874 | loss_cn = 0.00000000 | acc_sim = 0.971 | acc_phy = 0.703 
| epoch = 47 | step =   120 | loss_pnn = 1.874 | loss_cn = 0.00000000 | acc_sim = 0.971 | acc_phy = 0.702 

Current training epoch: 48, learning rate for pnn: 6.25e-05, 
| epoch = 48 | step =    10 | loss_pnn = 1.879 | loss_cn = 0.00000000 | acc_sim = 0.973 | acc_phy = 0.694 
| epoch = 48 | step =    20 | loss_pnn = 1.875 | loss_cn = 0.00000000 | acc_sim = 0.973 | acc_phy = 0.701 
| epoch = 48 | step =    30 | loss_pnn = 1.875 | loss_cn = 0.00000000 | acc_sim = 0.972 | acc_phy = 0.701 
| epoch = 48 | step =    40 | loss_pnn = 1.877 | loss_cn = 0.00000000 | acc_sim = 0.972 | acc_phy = 0.698 
| epoch = 48 | step =    50 | loss_pnn = 1.877 | loss_cn = 0.00000000 | acc_sim = 0.972 | acc_phy = 0.699 
| epoch = 48 | step =    60 | loss_pnn = 1.876 | loss_cn = 0.00000000 | acc_sim = 0.972 | acc_phy = 0.700 
| epoch = 48 | step =    70 | loss_pnn = 1.875 | loss_cn = 0.00000000 | acc_sim = 0.972 | acc_phy = 0.702 
| epoch = 48 | step =    80 | loss_pnn = 1.875 | loss_cn = 0.00000000 | acc_sim = 0.972 | acc_phy = 0.701 
| epoch = 48 | step =    90 | loss_pnn = 1.875 | loss_cn = 0.00000000 | acc_sim = 0.971 | acc_phy = 0.700 
| epoch = 48 | step =   100 | loss_pnn = 1.875 | loss_cn = 0.00000000 | acc_sim = 0.971 | acc_phy = 0.702 
| epoch = 48 | step =   110 | loss_pnn = 1.875 | loss_cn = 0.00000000 | acc_sim = 0.972 | acc_phy = 0.701 
| epoch = 48 | step =   120 | loss_pnn = 1.874 | loss_cn = 0.00000000 | acc_sim = 0.971 | acc_phy = 0.702 

Current training epoch: 49, learning rate for pnn: 6.25e-05, 
| epoch = 49 | step =    10 | loss_pnn = 1.884 | loss_cn = 0.00000000 | acc_sim = 0.967 | acc_phy = 0.691 
| epoch = 49 | step =    20 | loss_pnn = 1.880 | loss_cn = 0.00000000 | acc_sim = 0.971 | acc_phy = 0.695 
| epoch = 49 | step =    30 | loss_pnn = 1.879 | loss_cn = 0.00000000 | acc_sim = 0.971 | acc_phy = 0.696 
| epoch = 49 | step =    40 | loss_pnn = 1.877 | loss_cn = 0.00000000 | acc_sim = 0.971 | acc_phy = 0.699 
| epoch = 49 | step =    50 | loss_pnn = 1.876 | loss_cn = 0.00000000 | acc_sim = 0.972 | acc_phy = 0.701 
| epoch = 49 | step =    60 | loss_pnn = 1.877 | loss_cn = 0.00000000 | acc_sim = 0.972 | acc_phy = 0.698 
| epoch = 49 | step =    70 | loss_pnn = 1.876 | loss_cn = 0.00000000 | acc_sim = 0.972 | acc_phy = 0.699 
| epoch = 49 | step =    80 | loss_pnn = 1.875 | loss_cn = 0.00000000 | acc_sim = 0.972 | acc_phy = 0.700 
| epoch = 49 | step =    90 | loss_pnn = 1.875 | loss_cn = 0.00000000 | acc_sim = 0.972 | acc_phy = 0.700 
| epoch = 49 | step =   100 | loss_pnn = 1.874 | loss_cn = 0.00000000 | acc_sim = 0.972 | acc_phy = 0.701 
| epoch = 49 | step =   110 | loss_pnn = 1.874 | loss_cn = 0.00000000 | acc_sim = 0.972 | acc_phy = 0.702 
| epoch = 49 | step =   120 | loss_pnn = 1.874 | loss_cn = 0.00000000 | acc_sim = 0.971 | acc_phy = 0.702 

Current training epoch: 50, learning rate for pnn: 6.25e-05, 
| epoch = 50 | step =    10 | loss_pnn = 1.879 | loss_cn = 0.00000000 | acc_sim = 0.971 | acc_phy = 0.698 
| epoch = 50 | step =    20 | loss_pnn = 1.877 | loss_cn = 0.00000000 | acc_sim = 0.972 | acc_phy = 0.699 
| epoch = 50 | step =    30 | loss_pnn = 1.875 | loss_cn = 0.00000000 | acc_sim = 0.972 | acc_phy = 0.698 
| epoch = 50 | step =    40 | loss_pnn = 1.877 | loss_cn = 0.00000000 | acc_sim = 0.972 | acc_phy = 0.696 
| epoch = 50 | step =    50 | loss_pnn = 1.875 | loss_cn = 0.00000000 | acc_sim = 0.972 | acc_phy = 0.700 
| epoch = 50 | step =    60 | loss_pnn = 1.875 | loss_cn = 0.00000000 | acc_sim = 0.972 | acc_phy = 0.699 
| epoch = 50 | step =    70 | loss_pnn = 1.875 | loss_cn = 0.00000000 | acc_sim = 0.971 | acc_phy = 0.700 
| epoch = 50 | step =    80 | loss_pnn = 1.875 | loss_cn = 0.00000000 | acc_sim = 0.971 | acc_phy = 0.699 
| epoch = 50 | step =    90 | loss_pnn = 1.875 | loss_cn = 0.00000000 | acc_sim = 0.971 | acc_phy = 0.700 
| epoch = 50 | step =   100 | loss_pnn = 1.875 | loss_cn = 0.00000000 | acc_sim = 0.971 | acc_phy = 0.700 
| epoch = 50 | step =   110 | loss_pnn = 1.875 | loss_cn = 0.00000000 | acc_sim = 0.971 | acc_phy = 0.700 
| epoch = 50 | step =   120 | loss_pnn = 1.874 | loss_cn = 0.00000000 | acc_sim = 0.971 | acc_phy = 0.702 
Finished training. Elapsed time of training = 1:13:20.872926
